

================================================================
== Vitis HLS Report for 'clearFirstNRowsOrCols_HLSMoveStream_Pipeline_VITIS_LOOP_421_2'
================================================================
* Date:           Sat Mar 28 14:02:43 2026

* Version:        2024.2 (Build 5238294 on Nov  8 2024)
* Project:        atomflow_controller_2024_2
* Solution:       hls (Vivado IP Flow Target)
* Product family: zynquplusRFSOC
* Target device:  xczu49dr-ffvf1760-2-e


================================================================
== Performance Estimates
================================================================
+ Timing: 
    * Summary: 
    +--------+----------+----------+------------+
    |  Clock |  Target  | Estimated| Uncertainty|
    +--------+----------+----------+------------+
    |ap_clk  |  10.00 ns|  2.761 ns|     2.70 ns|
    +--------+----------+----------+------------+

+ Latency: 
    * Summary: 
    +---------+---------+-----------+----------+-----+-----+------------------------------------------------+
    |  Latency (cycles) |  Latency (absolute)  |  Interval |                    Pipeline                    |
    |   min   |   max   |    min    |    max   | min | max |                      Type                      |
    +---------+---------+-----------+----------+-----+-----+------------------------------------------------+
    |        4|      259|  40.000 ns|  2.590 us|    2|  257|  loop auto-rewind stp (delay=0 clock cycles(s))|
    +---------+---------+-----------+----------+-----+-----+------------------------------------------------+

    + Detail: 
        * Instance: 
        N/A

        * Loop: 
        +--------------------+---------+---------+----------+-----------+-----------+---------+----------+
        |                    |  Latency (cycles) | Iteration|  Initiation Interval  |   Trip  |          |
        |      Loop Name     |   min   |   max   |  Latency |  achieved |   target  |  Count  | Pipelined|
        +--------------------+---------+---------+----------+-----------+-----------+---------+----------+
        |- VITIS_LOOP_421_2  |        2|      257|         2|          1|          1|  1 ~ 256|       yes|
        +--------------------+---------+---------+----------+-----------+-----------+---------+----------+



================================================================
== Utilization Estimates
================================================================
* Summary: 
+-----------------+---------+------+--------+--------+-----+
|       Name      | BRAM_18K|  DSP |   FF   |   LUT  | URAM|
+-----------------+---------+------+--------+--------+-----+
|DSP              |        -|     -|       -|       -|    -|
|Expression       |        -|     -|       0|     171|    -|
|FIFO             |        -|     -|       -|       -|    -|
|Instance         |        -|     -|       -|       -|    -|
|Memory           |        -|     -|       -|       -|    -|
|Multiplexer      |        -|     -|       0|      45|    -|
|Register         |        -|     -|     101|       -|    -|
+-----------------+---------+------+--------+--------+-----+
|Total            |        0|     0|     101|     216|    0|
+-----------------+---------+------+--------+--------+-----+
|Available        |     2160|  4272|  850560|  425280|   80|
+-----------------+---------+------+--------+--------+-----+
|Utilization (%)  |        0|     0|      ~0|      ~0|    0|
+-----------------+---------+------+--------+--------+-----+

+ Detail: 
    * Instance: 
    N/A

    * DSP: 
    N/A

    * Memory: 
    N/A

    * FIFO: 
    N/A

    * Expression: 
    +---------------------------+----------+----+---+----+------------+------------+
    |       Variable Name       | Operation| DSP| FF| LUT| Bitwidth P0| Bitwidth P1|
    +---------------------------+----------+----+---+----+------------+------------+
    |add_ln316_fu_155_p2        |         +|   0|  0|  17|          10|          10|
    |add_ln421_fu_145_p2        |         +|   0|  0|  39|          32|           1|
    |occupiedCount_2_fu_217_p2  |         +|   0|  0|  39|          32|           1|
    |and_ln427_fu_211_p2        |       and|   0|  0|   2|           1|           1|
    |ap_condition_238           |       and|   0|  0|   2|           1|           1|
    |icmp_ln421_fu_139_p2       |      icmp|   0|  0|  39|          32|          32|
    |icmp_ln427_fu_205_p2       |      icmp|   0|  0|  31|          24|           1|
    |ap_enable_pp0              |       xor|   0|  0|   2|           1|           2|
    +---------------------------+----------+----+---+----+------------+------------+
    |Total                      |          |   0|  0| 171|         133|          49|
    +---------------------------+----------+----+---+----+------------+------------+

    * Multiplexer: 
    +----------------------------------+----+-----------+-----+-----------+
    |               Name               | LUT| Input Size| Bits| Total Bits|
    +----------------------------------+----+-----------+-----+-----------+
    |ap_done_int                       |   9|          2|    1|          2|
    |ap_loop_exit_ready_pp0_iter1_reg  |   9|          2|    1|          2|
    |ap_sig_allocacmp_indexAC          |   9|          2|   32|         64|
    |col_fu_60                         |   9|          2|   32|         64|
    |occupiedCount_fu_64               |   9|          2|   32|         64|
    +----------------------------------+----+-----------+-----+-----------+
    |Total                             |  45|         10|   98|        196|
    +----------------------------------+----+-----------+-----+-----------+

    * Register: 
    +----------------------------------+----+----+-----+-----------+
    |               Name               | FF | LUT| Bits| Const Bits|
    +----------------------------------+----+----+-----+-----------+
    |ap_CS_fsm                         |   1|   0|    1|          0|
    |ap_done_reg                       |   1|   0|    1|          0|
    |ap_enable_reg_pp0_iter1           |   1|   0|    1|          0|
    |ap_loop_exit_ready_pp0_iter1_reg  |   1|   0|    1|          0|
    |col_fu_60                         |  32|   0|   32|          0|
    |icmp_ln421_reg_252                |   1|   0|    1|          0|
    |indexAC_reg_247                   |  32|   0|   32|          0|
    |occupiedCount_fu_64               |  32|   0|   32|          0|
    +----------------------------------+----+----+-----+-----------+
    |Total                             | 101|   0|  101|          0|
    +----------------------------------+----+----+-----+-----------+



================================================================
== Interface
================================================================
* Summary: 
+----------------------------+-----+-----+------------+----------------------------------------------------------------+--------------+
|          RTL Ports         | Dir | Bits|  Protocol  |                          Source Object                         |    C Type    |
+----------------------------+-----+-----+------------+----------------------------------------------------------------+--------------+
|ap_clk                      |   in|    1|  ap_ctrl_hs|  clearFirstNRowsOrCols<HLSMoveStream>_Pipeline_VITIS_LOOP_421_2|  return value|
|ap_rst                      |   in|    1|  ap_ctrl_hs|  clearFirstNRowsOrCols<HLSMoveStream>_Pipeline_VITIS_LOOP_421_2|  return value|
|ap_start                    |   in|    1|  ap_ctrl_hs|  clearFirstNRowsOrCols<HLSMoveStream>_Pipeline_VITIS_LOOP_421_2|  return value|
|ap_done                     |  out|    1|  ap_ctrl_hs|  clearFirstNRowsOrCols<HLSMoveStream>_Pipeline_VITIS_LOOP_421_2|  return value|
|ap_idle                     |  out|    1|  ap_ctrl_hs|  clearFirstNRowsOrCols<HLSMoveStream>_Pipeline_VITIS_LOOP_421_2|  return value|
|ap_ready                    |  out|    1|  ap_ctrl_hs|  clearFirstNRowsOrCols<HLSMoveStream>_Pipeline_VITIS_LOOP_421_2|  return value|
|arraySizeAC                 |   in|   32|     ap_none|                                                     arraySizeAC|        scalar|
|occupiedIndices_1_address0  |  out|    7|   ap_memory|                                               occupiedIndices_1|         array|
|occupiedIndices_1_ce0       |  out|    1|   ap_memory|                                               occupiedIndices_1|         array|
|occupiedIndices_1_we0       |  out|    1|   ap_memory|                                               occupiedIndices_1|         array|
|occupiedIndices_1_d0        |  out|   16|   ap_memory|                                               occupiedIndices_1|         array|
|occupiedIndices_address0    |  out|    7|   ap_memory|                                                 occupiedIndices|         array|
|occupiedIndices_ce0         |  out|    1|   ap_memory|                                                 occupiedIndices|         array|
|occupiedIndices_we0         |  out|    1|   ap_memory|                                                 occupiedIndices|         array|
|occupiedIndices_d0          |  out|   16|   ap_memory|                                                 occupiedIndices|         array|
|mul_i                       |   in|   10|     ap_none|                                                           mul_i|        scalar|
|stateArray_data_s_address0  |  out|   10|   ap_memory|                                               stateArray_data_s|         array|
|stateArray_data_s_ce0       |  out|    1|   ap_memory|                                               stateArray_data_s|         array|
|stateArray_data_s_q0        |   in|    1|   ap_memory|                                               stateArray_data_s|         array|
|occupiedCount_out           |  out|   32|      ap_vld|                                               occupiedCount_out|       pointer|
|occupiedCount_out_ap_vld    |  out|    1|      ap_vld|                                               occupiedCount_out|       pointer|
+----------------------------+-----+-----+------------+----------------------------------------------------------------+--------------+

