

================================================================
== Vitis HLS Report for 'emissions_to_statearray_Pipeline_VITIS_LOOP_20_1'
================================================================
* Date:           Sat Mar 28 14:02:43 2026

* Version:        2024.2 (Build 5238294 on Nov  8 2024)
* Project:        atomflow_controller_2024_2
* Solution:       hls (Vivado IP Flow Target)
* Product family: zynquplusRFSOC
* Target device:  xczu49dr-ffvf1760-2-e


================================================================
== Performance Estimates
================================================================
+ Timing: 
    * Summary: 
    +--------+----------+----------+------------+
    |  Clock |  Target  | Estimated| Uncertainty|
    +--------+----------+----------+------------+
    |ap_clk  |  10.00 ns|  4.740 ns|     2.70 ns|
    +--------+----------+----------+------------+

+ Latency: 
    * Summary: 
    +---------+---------+----------+-----------+-----+------+------------------------------------------------+
    |  Latency (cycles) |  Latency (absolute)  |  Interval  |                    Pipeline                    |
    |   min   |   max   |    min   |    max    | min |  max |                      Type                      |
    +---------+---------+----------+-----------+-----+------+------------------------------------------------+
    |       40|     2039|  0.400 us|  20.390 us|    2|  2001|  loop auto-rewind stp (delay=0 clock cycles(s))|
    +---------+---------+----------+-----------+-----+------+------------------------------------------------+

    + Detail: 
        * Instance: 
        N/A

        * Loop: 
        +-------------------+---------+---------+----------+-----------+-----------+----------+----------+
        |                   |  Latency (cycles) | Iteration|  Initiation Interval  |   Trip   |          |
        |     Loop Name     |   min   |   max   |  Latency |  achieved |   target  |   Count  | Pipelined|
        +-------------------+---------+---------+----------+-----------+-----------+----------+----------+
        |- VITIS_LOOP_20_1  |       38|     2037|        39|          1|          1|  1 ~ 2000|       yes|
        +-------------------+---------+---------+----------+-----------+-----------+----------+----------+



================================================================
== Utilization Estimates
================================================================
* Summary: 
+-----------------+---------+------+--------+--------+-----+
|       Name      | BRAM_18K|  DSP |   FF   |   LUT  | URAM|
+-----------------+---------+------+--------+--------+-----+
|DSP              |        -|     1|       -|       -|    -|
|Expression       |        -|     -|       0|     220|    -|
|FIFO             |        -|     -|       -|       -|    -|
|Instance         |        -|     -|    4566|    3519|    -|
|Memory           |        -|     -|       -|       -|    -|
|Multiplexer      |        -|     -|       0|      36|    -|
|Register         |        -|     -|     334|      96|    -|
+-----------------+---------+------+--------+--------+-----+
|Total            |        0|     1|    4900|    3871|    0|
+-----------------+---------+------+--------+--------+-----+
|Available        |     2160|  4272|  850560|  425280|   80|
+-----------------+---------+------+--------+--------+-----+
|Utilization (%)  |        0|    ~0|      ~0|      ~0|    0|
+-----------------+---------+------+--------+--------+-----+

+ Detail: 
    * Instance: 
    +----------------------------------+-----------------------------+---------+----+------+------+-----+
    |             Instance             |            Module           | BRAM_18K| DSP|  FF  |  LUT | URAM|
    +----------------------------------+-----------------------------+---------+----+------+------+-----+
    |fcmp_32ns_32ns_1_2_no_dsp_1_U465  |fcmp_32ns_32ns_1_2_no_dsp_1  |        0|   0|     0|     0|    0|
    |sdiv_32ns_32ns_32_36_1_U466       |sdiv_32ns_32ns_32_36_1       |        0|   0|  2283|  1738|    0|
    |sparsemux_17_3_32_1_1_U468        |sparsemux_17_3_32_1_1        |        0|   0|     0|    43|    0|
    |srem_32ns_32ns_10_36_1_U467       |srem_32ns_32ns_10_36_1       |        0|   0|  2283|  1738|    0|
    +----------------------------------+-----------------------------+---------+----+------+------+-----+
    |Total                             |                             |        0|   0|  4566|  3519|    0|
    +----------------------------------+-----------------------------+---------+----+------+------+-----+

    * DSP: 
    +-------------------------------------+--------------------------------+--------------+
    |               Instance              |             Module             |  Expression  |
    +-------------------------------------+--------------------------------+--------------+
    |mac_muladd_10s_10s_10ns_10_4_1_U469  |mac_muladd_10s_10s_10ns_10_4_1  |  i0 * i1 + i2|
    +-------------------------------------+--------------------------------+--------------+

    * Memory: 
    N/A

    * FIFO: 
    N/A

    * Expression: 
    +-----------------------+----------+----+---+----+------------+------------+
    |     Variable Name     | Operation| DSP| FF| LUT| Bitwidth P0| Bitwidth P1|
    +-----------------------+----------+----+---+----+------------+------------+
    |add_ln20_fu_309_p2     |         +|   0|  0|  38|          31|           1|
    |and_ln24_fu_364_p2     |       and|   0|  0|   2|           1|           1|
    |and_ln25_1_fu_494_p2   |       and|   0|  0|   2|           1|           1|
    |and_ln25_fu_488_p2     |       and|   0|  0|   2|           1|           1|
    |icmp_ln20_fu_303_p2    |      icmp|   0|  0|  39|          32|          32|
    |icmp_ln24_fu_346_p2    |      icmp|   0|  0|  39|          32|          32|
    |icmp_ln25_1_fu_449_p2  |      icmp|   0|  0|  30|          23|           1|
    |icmp_ln25_2_fu_471_p2  |      icmp|   0|  0|  15|           8|           2|
    |icmp_ln25_3_fu_477_p2  |      icmp|   0|  0|  30|          23|           1|
    |icmp_ln25_fu_443_p2    |      icmp|   0|  0|  15|           8|           2|
    |or_ln25_1_fu_482_p2    |        or|   0|  0|   2|           1|           1|
    |or_ln25_fu_467_p2      |        or|   0|  0|   2|           1|           1|
    |ap_enable_pp0          |       xor|   0|  0|   2|           1|           2|
    |xor_ln24_fu_358_p2     |       xor|   0|  0|   2|           1|           2|
    +-----------------------+----------+----+---+----+------------+------------+
    |Total                  |          |   0|  0| 220|         164|          80|
    +-----------------------+----------+----+---+----+------------+------------+

    * Multiplexer: 
    +-------------------------+----+-----------+-----+-----------+
    |           Name          | LUT| Input Size| Bits| Total Bits|
    +-------------------------+----+-----------+-----+-----------+
    |ap_done_int              |   9|          2|    1|          2|
    |ap_enable_reg_pp0_iter1  |   9|          2|    1|          2|
    |ap_sig_allocacmp_i_136   |   9|          2|   31|         62|
    |i_fu_120                 |   9|          2|   31|         62|
    +-------------------------+----+-----------+-----+-----------+
    |Total                    |  36|          8|   64|        128|
    +-------------------------+----+-----------+-----+-----------+

    * Register: 
    +-----------------------------------+----+----+-----+-----------+
    |                Name               | FF | LUT| Bits| Const Bits|
    +-----------------------------------+----+----+-----+-----------+
    |and_ln24_reg_577                   |   1|   0|    1|          0|
    |ap_CS_fsm                          |   1|   0|    1|          0|
    |ap_done_reg                        |   1|   0|    1|          0|
    |ap_enable_reg_pp0_iter1            |   1|   0|    1|          0|
    |ap_enable_reg_pp0_iter10           |   1|   0|    1|          0|
    |ap_enable_reg_pp0_iter11           |   1|   0|    1|          0|
    |ap_enable_reg_pp0_iter12           |   1|   0|    1|          0|
    |ap_enable_reg_pp0_iter13           |   1|   0|    1|          0|
    |ap_enable_reg_pp0_iter14           |   1|   0|    1|          0|
    |ap_enable_reg_pp0_iter15           |   1|   0|    1|          0|
    |ap_enable_reg_pp0_iter16           |   1|   0|    1|          0|
    |ap_enable_reg_pp0_iter17           |   1|   0|    1|          0|
    |ap_enable_reg_pp0_iter18           |   1|   0|    1|          0|
    |ap_enable_reg_pp0_iter19           |   1|   0|    1|          0|
    |ap_enable_reg_pp0_iter2            |   1|   0|    1|          0|
    |ap_enable_reg_pp0_iter20           |   1|   0|    1|          0|
    |ap_enable_reg_pp0_iter21           |   1|   0|    1|          0|
    |ap_enable_reg_pp0_iter22           |   1|   0|    1|          0|
    |ap_enable_reg_pp0_iter23           |   1|   0|    1|          0|
    |ap_enable_reg_pp0_iter24           |   1|   0|    1|          0|
    |ap_enable_reg_pp0_iter25           |   1|   0|    1|          0|
    |ap_enable_reg_pp0_iter26           |   1|   0|    1|          0|
    |ap_enable_reg_pp0_iter27           |   1|   0|    1|          0|
    |ap_enable_reg_pp0_iter28           |   1|   0|    1|          0|
    |ap_enable_reg_pp0_iter29           |   1|   0|    1|          0|
    |ap_enable_reg_pp0_iter3            |   1|   0|    1|          0|
    |ap_enable_reg_pp0_iter30           |   1|   0|    1|          0|
    |ap_enable_reg_pp0_iter31           |   1|   0|    1|          0|
    |ap_enable_reg_pp0_iter32           |   1|   0|    1|          0|
    |ap_enable_reg_pp0_iter33           |   1|   0|    1|          0|
    |ap_enable_reg_pp0_iter34           |   1|   0|    1|          0|
    |ap_enable_reg_pp0_iter35           |   1|   0|    1|          0|
    |ap_enable_reg_pp0_iter36           |   1|   0|    1|          0|
    |ap_enable_reg_pp0_iter37           |   1|   0|    1|          0|
    |ap_enable_reg_pp0_iter38           |   1|   0|    1|          0|
    |ap_enable_reg_pp0_iter4            |   1|   0|    1|          0|
    |ap_enable_reg_pp0_iter5            |   1|   0|    1|          0|
    |ap_enable_reg_pp0_iter6            |   1|   0|    1|          0|
    |ap_enable_reg_pp0_iter7            |   1|   0|    1|          0|
    |ap_enable_reg_pp0_iter8            |   1|   0|    1|          0|
    |ap_enable_reg_pp0_iter9            |   1|   0|    1|          0|
    |ap_loop_exit_ready_pp0_iter10_reg  |   1|   0|    1|          0|
    |ap_loop_exit_ready_pp0_iter11_reg  |   1|   0|    1|          0|
    |ap_loop_exit_ready_pp0_iter12_reg  |   1|   0|    1|          0|
    |ap_loop_exit_ready_pp0_iter13_reg  |   1|   0|    1|          0|
    |ap_loop_exit_ready_pp0_iter14_reg  |   1|   0|    1|          0|
    |ap_loop_exit_ready_pp0_iter15_reg  |   1|   0|    1|          0|
    |ap_loop_exit_ready_pp0_iter16_reg  |   1|   0|    1|          0|
    |ap_loop_exit_ready_pp0_iter17_reg  |   1|   0|    1|          0|
    |ap_loop_exit_ready_pp0_iter18_reg  |   1|   0|    1|          0|
    |ap_loop_exit_ready_pp0_iter19_reg  |   1|   0|    1|          0|
    |ap_loop_exit_ready_pp0_iter1_reg   |   1|   0|    1|          0|
    |ap_loop_exit_ready_pp0_iter20_reg  |   1|   0|    1|          0|
    |ap_loop_exit_ready_pp0_iter21_reg  |   1|   0|    1|          0|
    |ap_loop_exit_ready_pp0_iter22_reg  |   1|   0|    1|          0|
    |ap_loop_exit_ready_pp0_iter23_reg  |   1|   0|    1|          0|
    |ap_loop_exit_ready_pp0_iter24_reg  |   1|   0|    1|          0|
    |ap_loop_exit_ready_pp0_iter25_reg  |   1|   0|    1|          0|
    |ap_loop_exit_ready_pp0_iter26_reg  |   1|   0|    1|          0|
    |ap_loop_exit_ready_pp0_iter27_reg  |   1|   0|    1|          0|
    |ap_loop_exit_ready_pp0_iter28_reg  |   1|   0|    1|          0|
    |ap_loop_exit_ready_pp0_iter29_reg  |   1|   0|    1|          0|
    |ap_loop_exit_ready_pp0_iter2_reg   |   1|   0|    1|          0|
    |ap_loop_exit_ready_pp0_iter30_reg  |   1|   0|    1|          0|
    |ap_loop_exit_ready_pp0_iter31_reg  |   1|   0|    1|          0|
    |ap_loop_exit_ready_pp0_iter32_reg  |   1|   0|    1|          0|
    |ap_loop_exit_ready_pp0_iter33_reg  |   1|   0|    1|          0|
    |ap_loop_exit_ready_pp0_iter34_reg  |   1|   0|    1|          0|
    |ap_loop_exit_ready_pp0_iter35_reg  |   1|   0|    1|          0|
    |ap_loop_exit_ready_pp0_iter36_reg  |   1|   0|    1|          0|
    |ap_loop_exit_ready_pp0_iter37_reg  |   1|   0|    1|          0|
    |ap_loop_exit_ready_pp0_iter3_reg   |   1|   0|    1|          0|
    |ap_loop_exit_ready_pp0_iter4_reg   |   1|   0|    1|          0|
    |ap_loop_exit_ready_pp0_iter5_reg   |   1|   0|    1|          0|
    |ap_loop_exit_ready_pp0_iter6_reg   |   1|   0|    1|          0|
    |ap_loop_exit_ready_pp0_iter7_reg   |   1|   0|    1|          0|
    |ap_loop_exit_ready_pp0_iter8_reg   |   1|   0|    1|          0|
    |ap_loop_exit_ready_pp0_iter9_reg   |   1|   0|    1|          0|
    |col_reg_572                        |  10|   0|   10|          0|
    |col_reg_572_pp0_iter36_reg         |  10|   0|   10|          0|
    |i_fu_120                           |  31|   0|   31|          0|
    |icmp_ln25_1_reg_636                |   1|   0|    1|          0|
    |icmp_ln25_reg_631                  |   1|   0|    1|          0|
    |lshr_ln_reg_567                    |   8|   0|    8|          0|
    |trunc_ln20_reg_562                 |   3|   0|    3|          0|
    |and_ln24_reg_577                   |  64|  32|    1|          0|
    |lshr_ln_reg_567                    |  64|  32|    8|          0|
    |trunc_ln20_reg_562                 |  64|  32|    3|          0|
    +-----------------------------------+----+----+-----+-----------+
    |Total                              | 334|  96|  154|          0|
    +-----------------------------------+----+----+-----+-----------+



================================================================
== Interface
================================================================
* Summary: 
+----------------------------+-----+-----+------------+--------------------------------------------------+--------------+
|          RTL Ports         | Dir | Bits|  Protocol  |                   Source Object                  |    C Type    |
+----------------------------+-----+-----+------------+--------------------------------------------------+--------------+
|ap_clk                      |   in|    1|  ap_ctrl_hs|  emissions_to_statearray_Pipeline_VITIS_LOOP_20_1|  return value|
|ap_rst                      |   in|    1|  ap_ctrl_hs|  emissions_to_statearray_Pipeline_VITIS_LOOP_20_1|  return value|
|ap_start                    |   in|    1|  ap_ctrl_hs|  emissions_to_statearray_Pipeline_VITIS_LOOP_20_1|  return value|
|ap_done                     |  out|    1|  ap_ctrl_hs|  emissions_to_statearray_Pipeline_VITIS_LOOP_20_1|  return value|
|ap_idle                     |  out|    1|  ap_ctrl_hs|  emissions_to_statearray_Pipeline_VITIS_LOOP_20_1|  return value|
|ap_ready                    |  out|    1|  ap_ctrl_hs|  emissions_to_statearray_Pipeline_VITIS_LOOP_20_1|  return value|
|atomLocationsSize           |   in|   32|     ap_none|                                 atomLocationsSize|        scalar|
|stateArray_cols_write       |   in|   32|     ap_none|                             stateArray_cols_write|        scalar|
|stateArray_rows_write       |   in|   32|     ap_none|                             stateArray_rows_write|        scalar|
|emissions_0_address0        |  out|    8|   ap_memory|                                       emissions_0|         array|
|emissions_0_ce0             |  out|    1|   ap_memory|                                       emissions_0|         array|
|emissions_0_q0              |   in|   32|   ap_memory|                                       emissions_0|         array|
|emissions_1_address0        |  out|    8|   ap_memory|                                       emissions_1|         array|
|emissions_1_ce0             |  out|    1|   ap_memory|                                       emissions_1|         array|
|emissions_1_q0              |   in|   32|   ap_memory|                                       emissions_1|         array|
|emissions_2_address0        |  out|    8|   ap_memory|                                       emissions_2|         array|
|emissions_2_ce0             |  out|    1|   ap_memory|                                       emissions_2|         array|
|emissions_2_q0              |   in|   32|   ap_memory|                                       emissions_2|         array|
|emissions_3_address0        |  out|    8|   ap_memory|                                       emissions_3|         array|
|emissions_3_ce0             |  out|    1|   ap_memory|                                       emissions_3|         array|
|emissions_3_q0              |   in|   32|   ap_memory|                                       emissions_3|         array|
|emissions_4_address0        |  out|    8|   ap_memory|                                       emissions_4|         array|
|emissions_4_ce0             |  out|    1|   ap_memory|                                       emissions_4|         array|
|emissions_4_q0              |   in|   32|   ap_memory|                                       emissions_4|         array|
|emissions_5_address0        |  out|    8|   ap_memory|                                       emissions_5|         array|
|emissions_5_ce0             |  out|    1|   ap_memory|                                       emissions_5|         array|
|emissions_5_q0              |   in|   32|   ap_memory|                                       emissions_5|         array|
|emissions_6_address0        |  out|    8|   ap_memory|                                       emissions_6|         array|
|emissions_6_ce0             |  out|    1|   ap_memory|                                       emissions_6|         array|
|emissions_6_q0              |   in|   32|   ap_memory|                                       emissions_6|         array|
|emissions_7_address0        |  out|    8|   ap_memory|                                       emissions_7|         array|
|emissions_7_ce0             |  out|    1|   ap_memory|                                       emissions_7|         array|
|emissions_7_q0              |   in|   32|   ap_memory|                                       emissions_7|         array|
|bitcast_ln25_1              |   in|   31|     ap_none|                                    bitcast_ln25_1|        scalar|
|empty_152                   |   in|   23|     ap_none|                                         empty_152|        scalar|
|threshold                   |   in|   32|     ap_none|                                         threshold|        scalar|
|empty                       |   in|   10|     ap_none|                                             empty|        scalar|
|stateArray_data_s_address1  |  out|   10|   ap_memory|                                 stateArray_data_s|         array|
|stateArray_data_s_ce1       |  out|    1|   ap_memory|                                 stateArray_data_s|         array|
|stateArray_data_s_we1       |  out|    1|   ap_memory|                                 stateArray_data_s|         array|
|stateArray_data_s_d1        |  out|    1|   ap_memory|                                 stateArray_data_s|         array|
+----------------------------+-----+-----+------------+--------------------------------------------------+--------------+

