

================================================================
== Vitis HLS Report for 'execute'
================================================================
* Date:           Sat Mar 28 14:02:44 2026

* Version:        2024.2 (Build 5238294 on Nov  8 2024)
* Project:        atomflow_controller_2024_2
* Solution:       hls (Vivado IP Flow Target)
* Product family: zynquplusRFSOC
* Target device:  xczu49dr-ffvf1760-2-e


================================================================
== Performance Estimates
================================================================
+ Timing: 
    * Summary: 
    +--------+----------+----------+------------+
    |  Clock |  Target  | Estimated| Uncertainty|
    +--------+----------+----------+------------+
    |ap_clk  |  10.00 ns|  4.835 ns|     2.70 ns|
    +--------+----------+----------+------------+

+ Latency: 
    * Summary: 
    +---------+---------+-----------+-----------+-----+------+---------+
    |  Latency (cycles) |   Latency (absolute)  |  Interval  | Pipeline|
    |   min   |   max   |    min    |    max    | min |  max |   Type  |
    +---------+---------+-----------+-----------+-----+------+---------+
    |        2|     3117|  20.000 ns|  31.170 us|    2|  3117|       no|
    +---------+---------+-----------+-----------+-----+------+---------+

    + Detail: 
        * Instance: 
        +-----------------------------------------------+------------------------------------+---------+---------+-----------+----------+-----+-----+------------------------------------------------+
        |                                               |                                    |  Latency (cycles) |  Latency (absolute)  |  Interval |                    Pipeline                    |
        |                    Instance                   |               Module               |   min   |   max   |    min    |    max   | min | max |                      Type                      |
        +-----------------------------------------------+------------------------------------+---------+---------+-----------+----------+-----+-----+------------------------------------------------+
        |grp_execute_Pipeline_VITIS_LOOP_106_1_fu_296   |execute_Pipeline_VITIS_LOOP_106_1   |        5|       35|  50.000 ns|  0.350 us|    4|   34|  loop auto-rewind stp (delay=0 clock cycles(s))|
        |grp_execute_Pipeline_VITIS_LOOP_106_16_fu_304  |execute_Pipeline_VITIS_LOOP_106_16  |        5|       35|  50.000 ns|  0.350 us|    4|   34|  loop auto-rewind stp (delay=0 clock cycles(s))|
        +-----------------------------------------------+------------------------------------+---------+---------+-----------+----------+-----+-----+------------------------------------------------+

        * Loop: 
        +---------------------------------------+---------+---------+----------+-----------+-----------+---------+----------+
        |                                       |  Latency (cycles) | Iteration|  Initiation Interval  |   Trip  |          |
        |               Loop Name               |   min   |   max   |  Latency |  achieved |   target  |  Count  | Pipelined|
        +---------------------------------------+---------+---------+----------+-----------+-----------+---------+----------+
        |- VITIS_LOOP_2126_1                    |       12|     1567|    6 ~ 78|          -|          -|   2 ~ 20|        no|
        |- VITIS_LOOP_2156_2_VITIS_LOOP_2162_3  |        5|      515|         6|          2|          2|  1 ~ 256|       yes|
        |- VITIS_LOOP_2183_4_VITIS_LOOP_2189_5  |        6|     1026|         7|          4|          4|  1 ~ 256|       yes|
        +---------------------------------------+---------+---------+----------+-----------+-----------+---------+----------+



================================================================
== Utilization Estimates
================================================================
* Summary: 
+-----------------+---------+------+--------+--------+-----+
|       Name      | BRAM_18K|  DSP |   FF   |   LUT  | URAM|
+-----------------+---------+------+--------+--------+-----+
|DSP              |        -|     2|       -|       -|    -|
|Expression       |        -|     -|       0|     823|    -|
|FIFO             |        -|     -|       -|       -|    -|
|Instance         |        -|     0|      44|     386|    -|
|Memory           |        -|     -|       -|       -|    -|
|Multiplexer      |        -|     -|       0|     345|    -|
|Register         |        -|     -|     315|       -|    -|
+-----------------+---------+------+--------+--------+-----+
|Total            |        0|     2|     359|    1554|    0|
+-----------------+---------+------+--------+--------+-----+
|Available        |     2160|  4272|  850560|  425280|   80|
+-----------------+---------+------+--------+--------+-----+
|Utilization (%)  |        0|    ~0|      ~0|      ~0|    0|
+-----------------+---------+------+--------+--------+-----+

+ Detail: 
    * Instance: 
    +-----------------------------------------------+------------------------------------+---------+----+----+-----+-----+
    |                    Instance                   |               Module               | BRAM_18K| DSP| FF | LUT | URAM|
    +-----------------------------------------------+------------------------------------+---------+----+----+-----+-----+
    |grp_execute_Pipeline_VITIS_LOOP_106_1_fu_296   |execute_Pipeline_VITIS_LOOP_106_1   |        0|   0|  22|  182|    0|
    |grp_execute_Pipeline_VITIS_LOOP_106_16_fu_304  |execute_Pipeline_VITIS_LOOP_106_16  |        0|   0|  22|  164|    0|
    |mul_8ns_8ns_16_1_1_U642                        |mul_8ns_8ns_16_1_1                  |        0|   0|   0|   40|    0|
    +-----------------------------------------------+------------------------------------+---------+----+----+-----+-----+
    |Total                                          |                                    |        0|   0|  44|  386|    0|
    +-----------------------------------------------+------------------------------------+---------+----+----+-----+-----+

    * DSP: 
    +-------------------------------------+--------------------------------+--------------+
    |               Instance              |             Module             |  Expression  |
    +-------------------------------------+--------------------------------+--------------+
    |mac_muladd_10s_10s_10ns_10_4_1_U643  |mac_muladd_10s_10s_10ns_10_4_1  |  i0 + i1 * i2|
    |mac_muladd_10s_10s_10ns_10_4_1_U644  |mac_muladd_10s_10s_10ns_10_4_1  |  i0 + i1 * i2|
    +-------------------------------------+--------------------------------+--------------+

    * Memory: 
    N/A

    * FIFO: 
    N/A

    * Expression: 
    +----------------------------------+----------+----+---+----+------------+------------+
    |           Variable Name          | Operation| DSP| FF| LUT| Bitwidth P0| Bitwidth P1|
    +----------------------------------+----------+----+---+----+------------+------------+
    |add_ln2112_fu_336_p2              |         +|   0|  0|  15|           8|           2|
    |add_ln2114_1_fu_366_p2            |         +|   0|  0|  18|          11|          11|
    |add_ln2114_fu_372_p2              |         +|   0|  0|  18|          11|           7|
    |add_ln2115_fu_407_p2              |         +|   0|  0|  18|          11|           7|
    |add_ln2136_fu_487_p2              |         +|   0|  0|  18|          11|           7|
    |add_ln2143_fu_571_p2              |         +|   0|  0|  18|          11|           7|
    |add_ln2156_fu_623_p2              |         +|   0|  0|  23|          16|           1|
    |add_ln2183_fu_817_p2              |         +|   0|  0|  23|          16|           1|
    |add_ln2205_fu_1020_p2             |         +|   0|  0|  18|          11|          11|
    |colMax_fu_513_p2                  |         +|   0|  0|  23|          16|           2|
    |colTone_2_fu_695_p2               |         +|   0|  0|  15|           8|           1|
    |colTone_3_fu_913_p2               |         +|   0|  0|  15|           8|           1|
    |empty_179_fu_674_p2               |         +|   0|  0|  17|          10|           6|
    |empty_180_fu_868_p2               |         +|   0|  0|  17|          10|           6|
    |empty_181_fu_878_p2               |         +|   0|  0|  18|          11|          11|
    |rowMax_fu_508_p2                  |         +|   0|  0|  23|          16|           2|
    |rowTone_3_fu_635_p2               |         +|   0|  0|  15|           8|           1|
    |rowTone_5_fu_829_p2               |         +|   0|  0|  15|           8|           1|
    |stepIdx_2_fu_462_p2               |         +|   0|  0|  12|           5|           1|
    |and_ln2170_fu_749_p2              |       and|   0|  0|   2|           1|           1|
    |and_ln2172_fu_780_p2              |       and|   0|  0|   2|           1|           1|
    |and_ln2198_fu_967_p2              |       and|   0|  0|   2|           1|           1|
    |and_ln2200_fu_998_p2              |       and|   0|  0|   2|           1|           1|
    |and_ln2206_1_fu_1072_p2           |       and|   0|  0|   2|           1|           1|
    |and_ln2206_fu_1066_p2             |       and|   0|  0|   2|           1|           1|
    |ap_block_state12_on_subcall_done  |       and|   0|  0|   2|           1|           1|
    |ap_block_state8_on_subcall_done   |       and|   0|  0|   2|           1|           1|
    |ap_predicate_pred484_state26      |       and|   0|  0|   2|           1|           1|
    |destColValid_fu_1044_p2           |      icmp|   0|  0|  23|          16|           3|
    |destRowValid_fu_1004_p2           |      icmp|   0|  0|  23|          16|           3|
    |icmp_ln2107_fu_330_p2             |      icmp|   0|  0|  15|           8|           1|
    |icmp_ln2114_fu_401_p2             |      icmp|   0|  0|  15|           8|           8|
    |icmp_ln2115_fu_427_p2             |      icmp|   0|  0|  15|           8|           8|
    |icmp_ln2119_1_fu_437_p2           |      icmp|   0|  0|  15|           8|           1|
    |icmp_ln2119_fu_432_p2             |      icmp|   0|  0|  15|           8|           1|
    |icmp_ln2126_fu_456_p2             |      icmp|   0|  0|  12|           5|           5|
    |icmp_ln2131_fu_472_p2             |      icmp|   0|  0|  15|           8|           8|
    |icmp_ln2136_fu_565_p2             |      icmp|   0|  0|  14|           7|           1|
    |icmp_ln2143_fu_605_p2             |      icmp|   0|  0|  14|           7|           1|
    |icmp_ln2156_fu_618_p2             |      icmp|   0|  0|  23|          16|          16|
    |icmp_ln2162_fu_641_p2             |      icmp|   0|  0|  15|           8|           8|
    |icmp_ln2171_fu_738_p2             |      icmp|   0|  0|  23|          16|          16|
    |icmp_ln2173_fu_769_p2             |      icmp|   0|  0|  23|          16|          16|
    |icmp_ln2183_fu_812_p2             |      icmp|   0|  0|  23|          16|          16|
    |icmp_ln2189_fu_835_p2             |      icmp|   0|  0|  15|           8|           8|
    |icmp_ln2199_fu_956_p2             |      icmp|   0|  0|  23|          16|          16|
    |icmp_ln2201_fu_987_p2             |      icmp|   0|  0|  23|          16|          16|
    |icmp_ln2206_fu_1040_p2            |      icmp|   0|  0|  23|          16|          16|
    |icmp_ln2207_fu_1055_p2            |      icmp|   0|  0|  23|          16|          16|
    |ap_predicate_op122_call_state12   |        or|   0|  0|   2|           1|           1|
    |or_ln2119_fu_442_p2               |        or|   0|  0|   2|           1|           1|
    |or_ln2214_fu_1078_p2              |        or|   0|  0|  16|          16|          16|
    |select_ln2156_1_fu_654_p3         |    select|   0|  0|   8|           1|           8|
    |select_ln2156_fu_646_p3           |    select|   0|  0|   8|           1|           1|
    |select_ln2183_1_fu_848_p3         |    select|   0|  0|   8|           1|           8|
    |select_ln2183_fu_840_p3           |    select|   0|  0|   8|           1|           1|
    |ap_enable_pp0                     |       xor|   0|  0|   2|           1|           2|
    |ap_enable_pp1                     |       xor|   0|  0|   2|           1|           2|
    |xor_ln2170_fu_732_p2              |       xor|   0|  0|   2|           1|           2|
    |xor_ln2171_fu_743_p2              |       xor|   0|  0|   2|           1|           2|
    |xor_ln2172_fu_763_p2              |       xor|   0|  0|   2|           1|           2|
    |xor_ln2173_fu_774_p2              |       xor|   0|  0|   2|           1|           2|
    |xor_ln2198_fu_950_p2              |       xor|   0|  0|   2|           1|           2|
    |xor_ln2199_fu_961_p2              |       xor|   0|  0|   2|           1|           2|
    |xor_ln2200_fu_981_p2              |       xor|   0|  0|   2|           1|           2|
    |xor_ln2201_fu_992_p2              |       xor|   0|  0|   2|           1|           2|
    |xor_ln2206_fu_1050_p2             |       xor|   0|  0|   2|           1|           2|
    |xor_ln2207_fu_1060_p2             |       xor|   0|  0|   2|           1|           2|
    +----------------------------------+----------+----+---+----+------------+------------+
    |Total                             |          |   0|  0| 823|         492|         339|
    +----------------------------------+----------+----+---+----+------------+------------+

    * Multiplexer: 
    +----------------------------------+-----+-----------+-----+-----------+
    |               Name               | LUT | Input Size| Bits| Total Bits|
    +----------------------------------+-----+-----------+-----+-----------+
    |ap_NS_fsm                         |  106|         21|    1|         21|
    |ap_enable_reg_pp0_iter2           |    9|          2|    1|          2|
    |ap_enable_reg_pp1_iter1           |    9|          2|    1|          2|
    |colTone_1_fu_138                  |    9|          2|    8|         16|
    |colTone_fu_126                    |    9|          2|    8|         16|
    |indvar_flatten6_fu_146            |    9|          2|   16|         32|
    |indvar_flatten_fu_134             |    9|          2|   16|         32|
    |move_address0                     |   14|          3|   10|         30|
    |move_address0_local               |   37|          7|   10|         70|
    |move_address1                     |   14|          3|   10|         30|
    |move_address1_local               |   37|          7|   10|         70|
    |move_ce0                          |   14|          3|    1|          3|
    |move_ce1                          |   14|          3|    1|          3|
    |rowTone_1_fu_142                  |    9|          2|    8|         16|
    |rowTone_fu_130                    |    9|          2|    8|         16|
    |stateArray_data_s_address1_local  |   14|          3|   10|         30|
    |stateArray_data_s_d1_local        |   14|          3|    1|          3|
    |stepIdx_fu_122                    |    9|          2|    5|         10|
    +----------------------------------+-----+-----------+-----+-----------+
    |Total                             |  345|         71|  125|        402|
    +----------------------------------+-----+-----------+-----+-----------+

    * Register: 
    +------------------------------------------------------------+----+----+-----+-----------+
    |                            Name                            | FF | LUT| Bits| Const Bits|
    +------------------------------------------------------------+----+----+-----+-----------+
    |add_ln2114_1_reg_1146                                       |  10|   0|   11|          1|
    |and_ln2170_reg_1312                                         |   1|   0|    1|          0|
    |and_ln2170_reg_1312_pp0_iter1_reg                           |   1|   0|    1|          0|
    |and_ln2172_reg_1321                                         |   1|   0|    1|          0|
    |and_ln2172_reg_1321_pp0_iter2_reg                           |   1|   0|    1|          0|
    |and_ln2198_reg_1383                                         |   1|   0|    1|          0|
    |and_ln2200_reg_1392                                         |   1|   0|    1|          0|
    |and_ln2206_1_reg_1410                                       |   1|   0|    1|          0|
    |ap_CS_fsm                                                   |  20|   0|   20|          0|
    |ap_enable_reg_pp0_iter0                                     |   1|   0|    1|          0|
    |ap_enable_reg_pp0_iter0_reg                                 |   1|   0|    1|          0|
    |ap_enable_reg_pp0_iter1                                     |   1|   0|    1|          0|
    |ap_enable_reg_pp0_iter2                                     |   1|   0|    1|          0|
    |ap_enable_reg_pp1_iter0                                     |   1|   0|    1|          0|
    |ap_enable_reg_pp1_iter0_reg                                 |   1|   0|    1|          0|
    |ap_enable_reg_pp1_iter1                                     |   1|   0|    1|          0|
    |ap_predicate_pred484_state26                                |   1|   0|    1|          0|
    |colMax_reg_1250                                             |  16|   0|   16|          0|
    |colTone_1_fu_138                                            |   8|   0|    8|          0|
    |colTone_fu_126                                              |   8|   0|    8|          0|
    |count_assign_reg_1263                                       |   8|   0|    8|          0|
    |destRowValid_reg_1396                                       |   1|   0|    1|          0|
    |empty_reg_1126                                              |  10|   0|   10|          0|
    |grp_execute_Pipeline_VITIS_LOOP_106_16_fu_304_ap_start_reg  |   1|   0|    1|          0|
    |grp_execute_Pipeline_VITIS_LOOP_106_1_fu_296_ap_start_reg   |   1|   0|    1|          0|
    |icmp_ln2107_reg_1137                                        |   1|   0|    1|          0|
    |icmp_ln2114_reg_1166                                        |   1|   0|    1|          0|
    |icmp_ln2115_reg_1182                                        |   1|   0|    1|          0|
    |icmp_ln2126_reg_1197                                        |   1|   0|    1|          0|
    |icmp_ln2131_reg_1206                                        |   1|   0|    1|          0|
    |icmp_ln2136_reg_1268                                        |   1|   0|    1|          0|
    |icmp_ln2143_reg_1286                                        |   1|   0|    1|          0|
    |icmp_ln2156_reg_1293                                        |   1|   0|    1|          0|
    |icmp_ln2183_reg_1351                                        |   1|   0|    1|          0|
    |icmp_ln2206_reg_1405                                        |   1|   0|    1|          0|
    |indvar_flatten6_fu_146                                      |  16|   0|   16|          0|
    |indvar_flatten_fu_134                                       |  16|   0|   16|          0|
    |mul_ln2151_reg_1257                                         |  16|   0|   16|          0|
    |mul_ln_reg_1210                                             |  10|   0|   11|          1|
    |or_ln2119_reg_1186                                          |   1|   0|    1|          0|
    |rowMax_reg_1243                                             |  16|   0|   16|          0|
    |rowTone_1_fu_142                                            |   8|   0|    8|          0|
    |rowTone_fu_130                                              |   8|   0|    8|          0|
    |row_1_reg_1371                                              |  16|   0|   16|          0|
    |select_ln2156_reg_1297                                      |   8|   0|    8|          0|
    |select_ln2183_reg_1355                                      |   8|   0|    8|          0|
    |stepIdx_2_reg_1201                                          |   5|   0|    5|          0|
    |stepIdx_fu_122                                              |   5|   0|    5|          0|
    |targetBlock_reg_1272                                        |   1|   0|    1|          0|
    |tmp_559_reg_1414                                            |   1|   0|    1|          0|
    |trunc_ln0_1_reg_1418                                        |  10|   0|   10|          0|
    |trunc_ln0_reg_1325                                          |  10|   0|   10|          0|
    |trunc_ln2107_reg_1132                                       |   8|   0|    8|          0|
    |trunc_ln2114_reg_1158                                       |   8|   0|    8|          0|
    |trunc_ln2143_reg_1281                                       |   8|   0|    8|          0|
    |trunc_ln2162_reg_1307                                       |  10|   0|   10|          0|
    |trunc_ln2189_reg_1378                                       |  10|   0|   10|          0|
    |trunc_ln_reg_1170                                           |   8|   0|    8|          0|
    +------------------------------------------------------------+----+----+-----+-----------+
    |Total                                                       | 315|   0|  317|          2|
    +------------------------------------------------------------+----+----+-----+-----------+



================================================================
== Interface
================================================================
* Summary: 
+----------------------------+-----+-----+------------+---------------------+--------------+
|          RTL Ports         | Dir | Bits|  Protocol  |    Source Object    |    C Type    |
+----------------------------+-----+-----+------------+---------------------+--------------+
|ap_clk                      |   in|    1|  ap_ctrl_hs|              execute|  return value|
|ap_rst                      |   in|    1|  ap_ctrl_hs|              execute|  return value|
|ap_start                    |   in|    1|  ap_ctrl_hs|              execute|  return value|
|ap_done                     |  out|    1|  ap_ctrl_hs|              execute|  return value|
|ap_idle                     |  out|    1|  ap_ctrl_hs|              execute|  return value|
|ap_ready                    |  out|    1|  ap_ctrl_hs|              execute|  return value|
|move_address0               |  out|   10|   ap_memory|                 move|         array|
|move_ce0                    |  out|    1|   ap_memory|                 move|         array|
|move_q0                     |   in|   16|   ap_memory|                 move|         array|
|move_address1               |  out|   10|   ap_memory|                 move|         array|
|move_ce1                    |  out|    1|   ap_memory|                 move|         array|
|move_q1                     |   in|   16|   ap_memory|                 move|         array|
|stateArray_data_s_address1  |  out|   10|   ap_memory|    stateArray_data_s|         array|
|stateArray_data_s_ce1       |  out|    1|   ap_memory|    stateArray_data_s|         array|
|stateArray_data_s_we1       |  out|    1|   ap_memory|    stateArray_data_s|         array|
|stateArray_data_s_d1        |  out|    1|   ap_memory|    stateArray_data_s|         array|
|stateArray_rows_val         |   in|   16|     ap_none|  stateArray_rows_val|        scalar|
|stateArray_cols_val         |   in|   16|     ap_none|  stateArray_cols_val|        scalar|
+----------------------------+-----+-----+------------+---------------------+--------------+

