

================================================================
== Vitis HLS Report for 'execute_Pipeline_VITIS_LOOP_106_1'
================================================================
* Date:           Sat Mar 28 14:02:44 2026

* Version:        2024.2 (Build 5238294 on Nov  8 2024)
* Project:        atomflow_controller_2024_2
* Solution:       hls (Vivado IP Flow Target)
* Product family: zynquplusRFSOC
* Target device:  xczu49dr-ffvf1760-2-e


================================================================
== Performance Estimates
================================================================
+ Timing: 
    * Summary: 
    +--------+----------+----------+------------+
    |  Clock |  Target  | Estimated| Uncertainty|
    +--------+----------+----------+------------+
    |ap_clk  |  10.00 ns|  3.238 ns|     2.70 ns|
    +--------+----------+----------+------------+

+ Latency: 
    * Summary: 
    +---------+---------+-----------+----------+-----+-----+------------------------------------------------+
    |  Latency (cycles) |  Latency (absolute)  |  Interval |                    Pipeline                    |
    |   min   |   max   |    min    |    max   | min | max |                      Type                      |
    +---------+---------+-----------+----------+-----+-----+------------------------------------------------+
    |        5|       35|  50.000 ns|  0.350 us|    4|   34|  loop auto-rewind stp (delay=0 clock cycles(s))|
    +---------+---------+-----------+----------+-----+-----+------------------------------------------------+

    + Detail: 
        * Instance: 
        N/A

        * Loop: 
        +--------------------+---------+---------+----------+-----------+-----------+--------+----------+
        |                    |  Latency (cycles) | Iteration|  Initiation Interval  |  Trip  |          |
        |      Loop Name     |   min   |   max   |  Latency |  achieved |   target  |  Count | Pipelined|
        +--------------------+---------+---------+----------+-----------+-----------+--------+----------+
        |- VITIS_LOOP_106_1  |        3|       33|         2|          2|          1|  1 ~ 16|       yes|
        +--------------------+---------+---------+----------+-----------+-----------+--------+----------+



================================================================
== Utilization Estimates
================================================================
* Summary: 
+-----------------+---------+------+--------+--------+-----+
|       Name      | BRAM_18K|  DSP |   FF   |   LUT  | URAM|
+-----------------+---------+------+--------+--------+-----+
|DSP              |        -|     -|       -|       -|    -|
|Expression       |        -|     -|       0|     123|    -|
|FIFO             |        -|     -|       -|       -|    -|
|Instance         |        -|     -|       -|       -|    -|
|Memory           |        -|     -|       -|       -|    -|
|Multiplexer      |        -|     -|       0|      59|    -|
|Register         |        -|     -|      22|       -|    -|
+-----------------+---------+------+--------+--------+-----+
|Total            |        0|     0|      22|     182|    0|
+-----------------+---------+------+--------+--------+-----+
|Available        |     2160|  4272|  850560|  425280|   80|
+-----------------+---------+------+--------+--------+-----+
|Utilization (%)  |        0|     0|      ~0|      ~0|    0|
+-----------------+---------+------+--------+--------+-----+

+ Detail: 
    * Instance: 
    N/A

    * DSP: 
    N/A

    * Memory: 
    N/A

    * FIFO: 
    N/A

    * Expression: 
    +-----------------------+----------+----+---+----+------------+------------+
    |     Variable Name     | Operation| DSP| FF| LUT| Bitwidth P0| Bitwidth P1|
    +-----------------------+----------+----+---+----+------------+------------+
    |add_ln112_1_fu_129_p2  |         +|   0|  0|  17|          10|           6|
    |add_ln112_2_fu_170_p2  |         +|   0|  0|  18|          11|          11|
    |add_ln112_3_fu_160_p2  |         +|   0|  0|  17|          10|           5|
    |add_ln112_fu_139_p2    |         +|   0|  0|  18|          11|          11|
    |i_131_fu_197_p2        |         +|   0|  0|  15|           8|           1|
    |icmp_ln106_fu_111_p2   |      icmp|   0|  0|  15|           8|           8|
    |icmp_ln112_fu_191_p2   |      icmp|   0|  0|  23|          16|          16|
    +-----------------------+----------+----+---+----+------------+------------+
    |Total                  |          |   0|  0| 123|          74|          58|
    +-----------------------+----------+----+---+----+------------+------------+

    * Multiplexer: 
    +-------------------------------+----+-----------+-----+-----------+
    |              Name             | LUT| Input Size| Bits| Total Bits|
    +-------------------------------+----+-----------+-----+-----------+
    |ap_NS_fsm                      |  14|          3|    1|          3|
    |ap_done_int                    |   9|          2|    1|          2|
    |ap_phi_mux_merge_phi_fu_95_p4  |   9|          2|    1|          2|
    |ap_return                      |   9|          2|    1|          2|
    |ap_sig_allocacmp_i_130         |   9|          2|    8|         16|
    |i_fu_50                        |   9|          2|    8|         16|
    +-------------------------------+----+-----------+-----+-----------+
    |Total                          |  59|         13|   20|         41|
    +-------------------------------+----+-----------+-----+-----------+

    * Register: 
    +--------------------+---+----+-----+-----------+
    |        Name        | FF| LUT| Bits| Const Bits|
    +--------------------+---+----+-----+-----------+
    |ap_CS_fsm           |  2|   0|    2|          0|
    |ap_done_reg         |  1|   0|    1|          0|
    |ap_return_preg      |  1|   0|    1|          0|
    |i_130_reg_214       |  8|   0|    8|          0|
    |i_fu_50             |  8|   0|    8|          0|
    |icmp_ln106_reg_219  |  1|   0|    1|          0|
    |merge_reg_91        |  1|   0|    1|          0|
    +--------------------+---+----+-----+-----------+
    |Total               | 22|   0|   22|          0|
    +--------------------+---+----+-----+-----------+



================================================================
== Interface
================================================================
* Summary: 
+---------------+-----+-----+------------+-----------------------------------+--------------+
|   RTL Ports   | Dir | Bits|  Protocol  |           Source Object           |    C Type    |
+---------------+-----+-----+------------+-----------------------------------+--------------+
|ap_clk         |   in|    1|  ap_ctrl_hs|  execute_Pipeline_VITIS_LOOP_106_1|  return value|
|ap_rst         |   in|    1|  ap_ctrl_hs|  execute_Pipeline_VITIS_LOOP_106_1|  return value|
|ap_start       |   in|    1|  ap_ctrl_hs|  execute_Pipeline_VITIS_LOOP_106_1|  return value|
|ap_done        |  out|    1|  ap_ctrl_hs|  execute_Pipeline_VITIS_LOOP_106_1|  return value|
|ap_idle        |  out|    1|  ap_ctrl_hs|  execute_Pipeline_VITIS_LOOP_106_1|  return value|
|ap_ready       |  out|    1|  ap_ctrl_hs|  execute_Pipeline_VITIS_LOOP_106_1|  return value|
|ap_return      |  out|    1|  ap_ctrl_hs|  execute_Pipeline_VITIS_LOOP_106_1|  return value|
|count_assign   |   in|    8|     ap_none|                       count_assign|        scalar|
|mul_ln2136     |   in|   11|     ap_none|                         mul_ln2136|        scalar|
|move_address0  |  out|   10|   ap_memory|                               move|         array|
|move_ce0       |  out|    1|   ap_memory|                               move|         array|
|move_q0        |   in|   16|   ap_memory|                               move|         array|
|move_address1  |  out|   10|   ap_memory|                               move|         array|
|move_ce1       |  out|    1|   ap_memory|                               move|         array|
|move_q1        |   in|   16|   ap_memory|                               move|         array|
+---------------+-----+-----+------------+-----------------------------------+--------------+

