

================================================================
== Vitis HLS Report for 'findUnusableAtoms_Pipeline_VITIS_LOOP_1453_3'
================================================================
* Date:           Sat Mar 28 14:02:43 2026

* Version:        2024.2 (Build 5238294 on Nov  8 2024)
* Project:        atomflow_controller_2024_2
* Solution:       hls (Vivado IP Flow Target)
* Product family: zynquplusRFSOC
* Target device:  xczu49dr-ffvf1760-2-e


================================================================
== Performance Estimates
================================================================
+ Timing: 
    * Summary: 
    +--------+----------+----------+------------+
    |  Clock |  Target  | Estimated| Uncertainty|
    +--------+----------+----------+------------+
    |ap_clk  |  10.00 ns|  4.048 ns|     2.70 ns|
    +--------+----------+----------+------------+

+ Latency: 
    * Summary: 
    +---------+---------+-----------+----------+-----+-----+------------------------------------------------+
    |  Latency (cycles) |  Latency (absolute)  |  Interval |                    Pipeline                    |
    |   min   |   max   |    min    |    max   | min | max |                      Type                      |
    +---------+---------+-----------+----------+-----+-----+------------------------------------------------+
    |        4|      102|  40.000 ns|  1.020 us|    3|  101|  loop auto-rewind stp (delay=0 clock cycles(s))|
    +---------+---------+-----------+----------+-----+-----+------------------------------------------------+

    + Detail: 
        * Instance: 
        N/A

        * Loop: 
        +---------------------+---------+---------+----------+-----------+-----------+--------+----------+
        |                     |  Latency (cycles) | Iteration|  Initiation Interval  |  Trip  |          |
        |      Loop Name      |   min   |   max   |  Latency |  achieved |   target  |  Count | Pipelined|
        +---------------------+---------+---------+----------+-----------+-----------+--------+----------+
        |- VITIS_LOOP_1453_3  |        2|      100|         3|          2|          2|  1 ~ 50|       yes|
        +---------------------+---------+---------+----------+-----------+-----------+--------+----------+



================================================================
== Utilization Estimates
================================================================
* Summary: 
+-----------------+---------+------+--------+--------+-----+
|       Name      | BRAM_18K|  DSP |   FF   |   LUT  | URAM|
+-----------------+---------+------+--------+--------+-----+
|DSP              |        -|     -|       -|       -|    -|
|Expression       |        -|     -|       0|     281|    -|
|FIFO             |        -|     -|       -|       -|    -|
|Instance         |        -|     -|       0|      86|    -|
|Memory           |        -|     -|       -|       -|    -|
|Multiplexer      |        -|     -|       0|      68|    -|
|Register         |        -|     -|     111|       -|    -|
+-----------------+---------+------+--------+--------+-----+
|Total            |        0|     0|     111|     435|    0|
+-----------------+---------+------+--------+--------+-----+
|Available        |     2160|  4272|  850560|  425280|   80|
+-----------------+---------+------+--------+--------+-----+
|Utilization (%)  |        0|     0|      ~0|      ~0|    0|
+-----------------+---------+------+--------+--------+-----+

+ Detail: 
    * Instance: 
    +----------------------------+-----------------------+---------+----+---+----+-----+
    |          Instance          |         Module        | BRAM_18K| DSP| FF| LUT| URAM|
    +----------------------------+-----------------------+---------+----+---+----+-----+
    |sparsemux_17_3_16_1_1_U551  |sparsemux_17_3_16_1_1  |        0|   0|  0|  43|    0|
    |sparsemux_17_3_16_1_1_U552  |sparsemux_17_3_16_1_1  |        0|   0|  0|  43|    0|
    +----------------------------+-----------------------+---------+----+---+----+-----+
    |Total                       |                       |        0|   0|  0|  86|    0|
    +----------------------------+-----------------------+---------+----+---+----+-----+

    * DSP: 
    N/A

    * Memory: 
    N/A

    * FIFO: 
    N/A

    * Expression: 
    +------------------------+----------+----+---+----+------------+------------+
    |      Variable Name     | Operation| DSP| FF| LUT| Bitwidth P0| Bitwidth P1|
    +------------------------+----------+----+---+----+------------+------------+
    |add_ln135_1_fu_803_p2   |         +|   0|  0|  16|           9|           1|
    |add_ln135_2_fu_726_p2   |         +|   0|  0|  23|          16|          16|
    |add_ln135_3_fu_821_p2   |         +|   0|  0|  23|          16|          16|
    |add_ln135_fu_708_p2     |         +|   0|  0|  16|           9|           1|
    |add_ln316_1_fu_629_p2   |         +|   0|  0|  17|          10|          10|
    |add_ln316_fu_618_p2     |         +|   0|  0|  18|          10|          10|
    |indexAC_fu_562_p2       |         +|   0|  0|  16|           9|           1|
    |col_fu_612_p2           |         -|   0|  0|  18|          10|          10|
    |and_ln1464_1_fu_606_p2  |       and|   0|  0|   2|           1|           1|
    |and_ln1464_2_fu_600_p2  |       and|   0|  0|   2|           1|           1|
    |and_ln1464_fu_594_p2    |       and|   0|  0|   2|           1|           1|
    |icmp_ln135_1_fu_797_p2  |      icmp|   0|  0|  15|           8|           1|
    |icmp_ln135_fu_702_p2    |      icmp|   0|  0|  15|           8|           1|
    |icmp_ln1453_fu_556_p2   |      icmp|   0|  0|  16|           9|           9|
    |icmp_ln1464_fu_576_p2   |      icmp|   0|  0|  39|          32|          32|
    |icmp_ln1465_fu_588_p2   |      icmp|   0|  0|  39|          32|          32|
    |ap_enable_pp0           |       xor|   0|  0|   2|           1|           2|
    |xor_ln1464_fu_582_p2    |       xor|   0|  0|   2|           1|           2|
    +------------------------+----------+----+---+----+------------+------------+
    |Total                   |          |   0|  0| 281|         183|         147|
    +------------------------+----------+----+---+----+------------+------------+

    * Multiplexer: 
    +-----------------------------+----+-----------+-----+-----------+
    |             Name            | LUT| Input Size| Bits| Total Bits|
    +-----------------------------+----+-----------+-----+-----------+
    |ap_NS_fsm                    |  14|          3|    1|          3|
    |ap_done_int                  |   9|          2|    1|          2|
    |ap_enable_reg_pp0_iter0      |   9|          2|    1|          2|
    |ap_enable_reg_pp0_iter0_reg  |   9|          2|    1|          2|
    |ap_enable_reg_pp0_iter1      |   9|          2|    1|          2|
    |ap_sig_allocacmp_col_3       |   9|          2|    9|         18|
    |col_2_fu_142                 |   9|          2|    9|         18|
    +-----------------------------+----+-----------+-----+-----------+
    |Total                        |  68|         15|   23|         47|
    +-----------------------------+----+-----------+-----+-----------+

    * Register: 
    +----------------------------------+---+----+-----+-----------+
    |               Name               | FF| LUT| Bits| Const Bits|
    +----------------------------------+---+----+-----+-----------+
    |and_ln1464_1_reg_880              |  1|   0|    1|          0|
    |ap_CS_fsm                         |  2|   0|    2|          0|
    |ap_done_reg                       |  1|   0|    1|          0|
    |ap_enable_reg_pp0_iter0_reg       |  1|   0|    1|          0|
    |ap_enable_reg_pp0_iter1           |  1|   0|    1|          0|
    |col_2_fu_142                      |  9|   0|    9|          0|
    |col_3_reg_870                     |  9|   0|    9|          0|
    |stateArray_data_load_reg_994      |  1|   0|    1|          0|
    |targetGeometry_data_load_reg_990  |  1|   0|    1|          0|
    |targetSites_count_0_addr_reg_894  |  5|   0|    5|          0|
    |targetSites_count_1_addr_reg_900  |  5|   0|    5|          0|
    |targetSites_count_2_addr_reg_906  |  5|   0|    5|          0|
    |targetSites_count_3_addr_reg_912  |  5|   0|    5|          0|
    |targetSites_count_4_addr_reg_918  |  5|   0|    5|          0|
    |targetSites_count_5_addr_reg_924  |  5|   0|    5|          0|
    |targetSites_count_6_addr_reg_930  |  5|   0|    5|          0|
    |targetSites_count_7_addr_reg_936  |  5|   0|    5|          0|
    |usableAtoms_count_0_addr_reg_942  |  5|   0|    5|          0|
    |usableAtoms_count_1_addr_reg_948  |  5|   0|    5|          0|
    |usableAtoms_count_2_addr_reg_954  |  5|   0|    5|          0|
    |usableAtoms_count_3_addr_reg_960  |  5|   0|    5|          0|
    |usableAtoms_count_4_addr_reg_966  |  5|   0|    5|          0|
    |usableAtoms_count_5_addr_reg_972  |  5|   0|    5|          0|
    |usableAtoms_count_6_addr_reg_978  |  5|   0|    5|          0|
    |usableAtoms_count_7_addr_reg_984  |  5|   0|    5|          0|
    |zext_ln1446_2_cast_reg_850        |  5|   0|   64|         59|
    +----------------------------------+---+----+-----+-----------+
    |Total                             |111|   0|  170|         59|
    +----------------------------------+---+----+-----+-----------+



================================================================
== Interface
================================================================
* Summary: 
+--------------------------------+-----+-----+------------+----------------------------------------------+--------------+
|            RTL Ports           | Dir | Bits|  Protocol  |                 Source Object                |    C Type    |
+--------------------------------+-----+-----+------------+----------------------------------------------+--------------+
|ap_clk                          |   in|    1|  ap_ctrl_hs|  findUnusableAtoms_Pipeline_VITIS_LOOP_1453_3|  return value|
|ap_rst                          |   in|    1|  ap_ctrl_hs|  findUnusableAtoms_Pipeline_VITIS_LOOP_1453_3|  return value|
|ap_start                        |   in|    1|  ap_ctrl_hs|  findUnusableAtoms_Pipeline_VITIS_LOOP_1453_3|  return value|
|ap_done                         |  out|    1|  ap_ctrl_hs|  findUnusableAtoms_Pipeline_VITIS_LOOP_1453_3|  return value|
|ap_idle                         |  out|    1|  ap_ctrl_hs|  findUnusableAtoms_Pipeline_VITIS_LOOP_1453_3|  return value|
|ap_ready                        |  out|    1|  ap_ctrl_hs|  findUnusableAtoms_Pipeline_VITIS_LOOP_1453_3|  return value|
|empty_151                       |   in|    9|     ap_none|                                     empty_151|        scalar|
|phi_mul                         |   in|   10|     ap_none|                                       phi_mul|        scalar|
|stateArray_data_s_address0      |  out|   10|   ap_memory|                             stateArray_data_s|         array|
|stateArray_data_s_ce0           |  out|    1|   ap_memory|                             stateArray_data_s|         array|
|stateArray_data_s_q0            |   in|    1|   ap_memory|                             stateArray_data_s|         array|
|targetSites_count_0_address0    |  out|    5|   ap_memory|                           targetSites_count_0|         array|
|targetSites_count_0_ce0         |  out|    1|   ap_memory|                           targetSites_count_0|         array|
|targetSites_count_0_q0          |   in|   16|   ap_memory|                           targetSites_count_0|         array|
|targetSites_count_0_address1    |  out|    5|   ap_memory|                           targetSites_count_0|         array|
|targetSites_count_0_ce1         |  out|    1|   ap_memory|                           targetSites_count_0|         array|
|targetSites_count_0_we1         |  out|    1|   ap_memory|                           targetSites_count_0|         array|
|targetSites_count_0_d1          |  out|   16|   ap_memory|                           targetSites_count_0|         array|
|zext_ln1446_2                   |   in|    5|     ap_none|                                 zext_ln1446_2|        scalar|
|targetSites_count_1_address0    |  out|    5|   ap_memory|                           targetSites_count_1|         array|
|targetSites_count_1_ce0         |  out|    1|   ap_memory|                           targetSites_count_1|         array|
|targetSites_count_1_q0          |   in|   16|   ap_memory|                           targetSites_count_1|         array|
|targetSites_count_1_address1    |  out|    5|   ap_memory|                           targetSites_count_1|         array|
|targetSites_count_1_ce1         |  out|    1|   ap_memory|                           targetSites_count_1|         array|
|targetSites_count_1_we1         |  out|    1|   ap_memory|                           targetSites_count_1|         array|
|targetSites_count_1_d1          |  out|   16|   ap_memory|                           targetSites_count_1|         array|
|targetSites_count_2_address0    |  out|    5|   ap_memory|                           targetSites_count_2|         array|
|targetSites_count_2_ce0         |  out|    1|   ap_memory|                           targetSites_count_2|         array|
|targetSites_count_2_q0          |   in|   16|   ap_memory|                           targetSites_count_2|         array|
|targetSites_count_2_address1    |  out|    5|   ap_memory|                           targetSites_count_2|         array|
|targetSites_count_2_ce1         |  out|    1|   ap_memory|                           targetSites_count_2|         array|
|targetSites_count_2_we1         |  out|    1|   ap_memory|                           targetSites_count_2|         array|
|targetSites_count_2_d1          |  out|   16|   ap_memory|                           targetSites_count_2|         array|
|targetSites_count_3_address0    |  out|    5|   ap_memory|                           targetSites_count_3|         array|
|targetSites_count_3_ce0         |  out|    1|   ap_memory|                           targetSites_count_3|         array|
|targetSites_count_3_q0          |   in|   16|   ap_memory|                           targetSites_count_3|         array|
|targetSites_count_3_address1    |  out|    5|   ap_memory|                           targetSites_count_3|         array|
|targetSites_count_3_ce1         |  out|    1|   ap_memory|                           targetSites_count_3|         array|
|targetSites_count_3_we1         |  out|    1|   ap_memory|                           targetSites_count_3|         array|
|targetSites_count_3_d1          |  out|   16|   ap_memory|                           targetSites_count_3|         array|
|targetSites_count_4_address0    |  out|    5|   ap_memory|                           targetSites_count_4|         array|
|targetSites_count_4_ce0         |  out|    1|   ap_memory|                           targetSites_count_4|         array|
|targetSites_count_4_q0          |   in|   16|   ap_memory|                           targetSites_count_4|         array|
|targetSites_count_4_address1    |  out|    5|   ap_memory|                           targetSites_count_4|         array|
|targetSites_count_4_ce1         |  out|    1|   ap_memory|                           targetSites_count_4|         array|
|targetSites_count_4_we1         |  out|    1|   ap_memory|                           targetSites_count_4|         array|
|targetSites_count_4_d1          |  out|   16|   ap_memory|                           targetSites_count_4|         array|
|targetSites_count_5_address0    |  out|    5|   ap_memory|                           targetSites_count_5|         array|
|targetSites_count_5_ce0         |  out|    1|   ap_memory|                           targetSites_count_5|         array|
|targetSites_count_5_q0          |   in|   16|   ap_memory|                           targetSites_count_5|         array|
|targetSites_count_5_address1    |  out|    5|   ap_memory|                           targetSites_count_5|         array|
|targetSites_count_5_ce1         |  out|    1|   ap_memory|                           targetSites_count_5|         array|
|targetSites_count_5_we1         |  out|    1|   ap_memory|                           targetSites_count_5|         array|
|targetSites_count_5_d1          |  out|   16|   ap_memory|                           targetSites_count_5|         array|
|targetSites_count_6_address0    |  out|    5|   ap_memory|                           targetSites_count_6|         array|
|targetSites_count_6_ce0         |  out|    1|   ap_memory|                           targetSites_count_6|         array|
|targetSites_count_6_q0          |   in|   16|   ap_memory|                           targetSites_count_6|         array|
|targetSites_count_6_address1    |  out|    5|   ap_memory|                           targetSites_count_6|         array|
|targetSites_count_6_ce1         |  out|    1|   ap_memory|                           targetSites_count_6|         array|
|targetSites_count_6_we1         |  out|    1|   ap_memory|                           targetSites_count_6|         array|
|targetSites_count_6_d1          |  out|   16|   ap_memory|                           targetSites_count_6|         array|
|targetSites_count_7_address0    |  out|    5|   ap_memory|                           targetSites_count_7|         array|
|targetSites_count_7_ce0         |  out|    1|   ap_memory|                           targetSites_count_7|         array|
|targetSites_count_7_q0          |   in|   16|   ap_memory|                           targetSites_count_7|         array|
|targetSites_count_7_address1    |  out|    5|   ap_memory|                           targetSites_count_7|         array|
|targetSites_count_7_ce1         |  out|    1|   ap_memory|                           targetSites_count_7|         array|
|targetSites_count_7_we1         |  out|    1|   ap_memory|                           targetSites_count_7|         array|
|targetSites_count_7_d1          |  out|   16|   ap_memory|                           targetSites_count_7|         array|
|usableAtoms_count_0_address0    |  out|    5|   ap_memory|                           usableAtoms_count_0|         array|
|usableAtoms_count_0_ce0         |  out|    1|   ap_memory|                           usableAtoms_count_0|         array|
|usableAtoms_count_0_q0          |   in|   16|   ap_memory|                           usableAtoms_count_0|         array|
|usableAtoms_count_0_address1    |  out|    5|   ap_memory|                           usableAtoms_count_0|         array|
|usableAtoms_count_0_ce1         |  out|    1|   ap_memory|                           usableAtoms_count_0|         array|
|usableAtoms_count_0_we1         |  out|    1|   ap_memory|                           usableAtoms_count_0|         array|
|usableAtoms_count_0_d1          |  out|   16|   ap_memory|                           usableAtoms_count_0|         array|
|usableAtoms_count_1_address0    |  out|    5|   ap_memory|                           usableAtoms_count_1|         array|
|usableAtoms_count_1_ce0         |  out|    1|   ap_memory|                           usableAtoms_count_1|         array|
|usableAtoms_count_1_q0          |   in|   16|   ap_memory|                           usableAtoms_count_1|         array|
|usableAtoms_count_1_address1    |  out|    5|   ap_memory|                           usableAtoms_count_1|         array|
|usableAtoms_count_1_ce1         |  out|    1|   ap_memory|                           usableAtoms_count_1|         array|
|usableAtoms_count_1_we1         |  out|    1|   ap_memory|                           usableAtoms_count_1|         array|
|usableAtoms_count_1_d1          |  out|   16|   ap_memory|                           usableAtoms_count_1|         array|
|usableAtoms_count_2_address0    |  out|    5|   ap_memory|                           usableAtoms_count_2|         array|
|usableAtoms_count_2_ce0         |  out|    1|   ap_memory|                           usableAtoms_count_2|         array|
|usableAtoms_count_2_q0          |   in|   16|   ap_memory|                           usableAtoms_count_2|         array|
|usableAtoms_count_2_address1    |  out|    5|   ap_memory|                           usableAtoms_count_2|         array|
|usableAtoms_count_2_ce1         |  out|    1|   ap_memory|                           usableAtoms_count_2|         array|
|usableAtoms_count_2_we1         |  out|    1|   ap_memory|                           usableAtoms_count_2|         array|
|usableAtoms_count_2_d1          |  out|   16|   ap_memory|                           usableAtoms_count_2|         array|
|usableAtoms_count_3_address0    |  out|    5|   ap_memory|                           usableAtoms_count_3|         array|
|usableAtoms_count_3_ce0         |  out|    1|   ap_memory|                           usableAtoms_count_3|         array|
|usableAtoms_count_3_q0          |   in|   16|   ap_memory|                           usableAtoms_count_3|         array|
|usableAtoms_count_3_address1    |  out|    5|   ap_memory|                           usableAtoms_count_3|         array|
|usableAtoms_count_3_ce1         |  out|    1|   ap_memory|                           usableAtoms_count_3|         array|
|usableAtoms_count_3_we1         |  out|    1|   ap_memory|                           usableAtoms_count_3|         array|
|usableAtoms_count_3_d1          |  out|   16|   ap_memory|                           usableAtoms_count_3|         array|
|usableAtoms_count_4_address0    |  out|    5|   ap_memory|                           usableAtoms_count_4|         array|
|usableAtoms_count_4_ce0         |  out|    1|   ap_memory|                           usableAtoms_count_4|         array|
|usableAtoms_count_4_q0          |   in|   16|   ap_memory|                           usableAtoms_count_4|         array|
|usableAtoms_count_4_address1    |  out|    5|   ap_memory|                           usableAtoms_count_4|         array|
|usableAtoms_count_4_ce1         |  out|    1|   ap_memory|                           usableAtoms_count_4|         array|
|usableAtoms_count_4_we1         |  out|    1|   ap_memory|                           usableAtoms_count_4|         array|
|usableAtoms_count_4_d1          |  out|   16|   ap_memory|                           usableAtoms_count_4|         array|
|usableAtoms_count_5_address0    |  out|    5|   ap_memory|                           usableAtoms_count_5|         array|
|usableAtoms_count_5_ce0         |  out|    1|   ap_memory|                           usableAtoms_count_5|         array|
|usableAtoms_count_5_q0          |   in|   16|   ap_memory|                           usableAtoms_count_5|         array|
|usableAtoms_count_5_address1    |  out|    5|   ap_memory|                           usableAtoms_count_5|         array|
|usableAtoms_count_5_ce1         |  out|    1|   ap_memory|                           usableAtoms_count_5|         array|
|usableAtoms_count_5_we1         |  out|    1|   ap_memory|                           usableAtoms_count_5|         array|
|usableAtoms_count_5_d1          |  out|   16|   ap_memory|                           usableAtoms_count_5|         array|
|usableAtoms_count_6_address0    |  out|    5|   ap_memory|                           usableAtoms_count_6|         array|
|usableAtoms_count_6_ce0         |  out|    1|   ap_memory|                           usableAtoms_count_6|         array|
|usableAtoms_count_6_q0          |   in|   16|   ap_memory|                           usableAtoms_count_6|         array|
|usableAtoms_count_6_address1    |  out|    5|   ap_memory|                           usableAtoms_count_6|         array|
|usableAtoms_count_6_ce1         |  out|    1|   ap_memory|                           usableAtoms_count_6|         array|
|usableAtoms_count_6_we1         |  out|    1|   ap_memory|                           usableAtoms_count_6|         array|
|usableAtoms_count_6_d1          |  out|   16|   ap_memory|                           usableAtoms_count_6|         array|
|usableAtoms_count_7_address0    |  out|    5|   ap_memory|                           usableAtoms_count_7|         array|
|usableAtoms_count_7_ce0         |  out|    1|   ap_memory|                           usableAtoms_count_7|         array|
|usableAtoms_count_7_q0          |   in|   16|   ap_memory|                           usableAtoms_count_7|         array|
|usableAtoms_count_7_address1    |  out|    5|   ap_memory|                           usableAtoms_count_7|         array|
|usableAtoms_count_7_ce1         |  out|    1|   ap_memory|                           usableAtoms_count_7|         array|
|usableAtoms_count_7_we1         |  out|    1|   ap_memory|                           usableAtoms_count_7|         array|
|usableAtoms_count_7_d1          |  out|   16|   ap_memory|                           usableAtoms_count_7|         array|
|compZoneColStart                |   in|   32|     ap_none|                              compZoneColStart|        scalar|
|compZoneColEnd                  |   in|   32|     ap_none|                                compZoneColEnd|        scalar|
|cmp22                           |   in|    1|     ap_none|                                         cmp22|        scalar|
|rev                             |   in|    1|     ap_none|                                           rev|        scalar|
|mul_i                           |   in|   10|     ap_none|                                         mul_i|        scalar|
|empty                           |   in|   10|     ap_none|                                         empty|        scalar|
|targetGeometry_data_s_address0  |  out|   10|   ap_memory|                         targetGeometry_data_s|         array|
|targetGeometry_data_s_ce0       |  out|    1|   ap_memory|                         targetGeometry_data_s|         array|
|targetGeometry_data_s_q0        |   in|    1|   ap_memory|                         targetGeometry_data_s|         array|
|zext_ln135_4                    |   in|   16|     ap_none|                                  zext_ln135_4|        scalar|
|targetSites_data_address1       |  out|   16|   ap_memory|                              targetSites_data|         array|
|targetSites_data_ce1            |  out|    1|   ap_memory|                              targetSites_data|         array|
|targetSites_data_we1            |  out|    1|   ap_memory|                              targetSites_data|         array|
|targetSites_data_d1             |  out|    8|   ap_memory|                              targetSites_data|         array|
|usableAtoms_data_address1       |  out|   16|   ap_memory|                              usableAtoms_data|         array|
|usableAtoms_data_ce1            |  out|    1|   ap_memory|                              usableAtoms_data|         array|
|usableAtoms_data_we1            |  out|    1|   ap_memory|                              usableAtoms_data|         array|
|usableAtoms_data_d1             |  out|   32|   ap_memory|                              usableAtoms_data|         array|
|indexXC                         |   in|    3|     ap_none|                                       indexXC|        scalar|
+--------------------------------+-----+-----+------------+----------------------------------------------+--------------+

