

================================================================
== Vitis HLS Report for 'hlsSort'
================================================================
* Date:           Sat Mar 28 14:02:45 2026

* Version:        2024.2 (Build 5238294 on Nov  8 2024)
* Project:        atomflow_controller_2024_2
* Solution:       hls (Vivado IP Flow Target)
* Product family: zynquplusRFSOC
* Target device:  xczu49dr-ffvf1760-2-e


================================================================
== Performance Estimates
================================================================
+ Timing: 
    * Summary: 
    +--------+----------+----------+------------+
    |  Clock |  Target  | Estimated| Uncertainty|
    +--------+----------+----------+------------+
    |ap_clk  |  10.00 ns|  2.207 ns|     2.70 ns|
    +--------+----------+----------+------------+

+ Latency: 
    * Summary: 
    +---------+---------+----------+----------+-----+-----+---------+
    |  Latency (cycles) |  Latency (absolute) |  Interval | Pipeline|
    |   min   |   max   |    min   |    max   | min | max |   Type  |
    +---------+---------+----------+----------+-----+-----+---------+
    |       33|      545|  0.330 us|  5.450 us|   33|  545|       no|
    +---------+---------+----------+----------+-----+-----+---------+

    + Detail: 
        * Instance: 
        N/A

        * Loop: 
        +----------------------+---------+---------+----------+-----------+-----------+------+----------+
        |                      |  Latency (cycles) | Iteration|  Initiation Interval  | Trip |          |
        |       Loop Name      |   min   |   max   |  Latency |  achieved |   target  | Count| Pipelined|
        +----------------------+---------+---------+----------+-----------+-----------+------+----------+
        |- VITIS_LOOP_2060_1   |       32|      544|    2 ~ 34|          -|          -|    16|        no|
        | + VITIS_LOOP_2070_2  |       32|       32|         2|          -|          -|    16|        no|
        +----------------------+---------+---------+----------+-----------+-----------+------+----------+



================================================================
== Utilization Estimates
================================================================
* Summary: 
+-----------------+---------+------+--------+--------+-----+
|       Name      | BRAM_18K|  DSP |   FF   |   LUT  | URAM|
+-----------------+---------+------+--------+--------+-----+
|DSP              |        -|     -|       -|       -|    -|
|Expression       |        -|     -|       0|     125|    -|
|FIFO             |        -|     -|       -|       -|    -|
|Instance         |        -|     -|       -|       -|    -|
|Memory           |        -|     -|       -|       -|    -|
|Multiplexer      |        -|     -|       0|      72|    -|
|Register         |        -|     -|      45|       -|    -|
+-----------------+---------+------+--------+--------+-----+
|Total            |        0|     0|      45|     197|    0|
+-----------------+---------+------+--------+--------+-----+
|Available        |     2160|  4272|  850560|  425280|   80|
+-----------------+---------+------+--------+--------+-----+
|Utilization (%)  |        0|     0|      ~0|      ~0|    0|
+-----------------+---------+------+--------+--------+-----+

+ Detail: 
    * Instance: 
    N/A

    * DSP: 
    N/A

    * Memory: 
    N/A

    * FIFO: 
    N/A

    * Expression: 
    +-------------------------+----------+----+---+----+------------+------------+
    |      Variable Name      | Operation| DSP| FF| LUT| Bitwidth P0| Bitwidth P1|
    +-------------------------+----------+----+---+----+------------+------------+
    |i_fu_124_p2              |         +|   0|  0|  12|           5|           1|
    |pass_2_fu_98_p2          |         +|   0|  0|  12|           5|           1|
    |sub_fu_113_p2            |         -|   0|  0|  13|           6|           6|
    |and_ln2076_fu_154_p2     |       and|   0|  0|   2|           1|           1|
    |icmp_ln2060_fu_92_p2     |      icmp|   0|  0|  13|           5|           6|
    |icmp_ln2067_fu_108_p2    |      icmp|   0|  0|  12|           5|           5|
    |icmp_ln2070_fu_118_p2    |      icmp|   0|  0|  13|           5|           6|
    |icmp_ln2076_1_fu_149_p2  |      icmp|   0|  0|  12|           5|           5|
    |icmp_ln2076_fu_144_p2    |      icmp|   0|  0|  13|           6|           6|
    |icmp_ln2077_fu_164_p2    |      icmp|   0|  0|  23|          16|          16|
    +-------------------------+----------+----+---+----+------------+------------+
    |Total                    |          |   0|  0| 125|          59|          53|
    +-------------------------+----------+----+---+----+------------+------------+

    * Multiplexer: 
    +------------------------+----+-----------+-----+-----------+
    |          Name          | LUT| Input Size| Bits| Total Bits|
    +------------------------+----+-----------+-----+-----------+
    |ap_NS_fsm               |  26|          5|    1|          5|
    |begin_r_address0_local  |  14|          3|    4|         12|
    |begin_r_address1_local  |  14|          3|    4|         12|
    |i_01_reg_69             |   9|          2|    5|         10|
    |pass_fu_32              |   9|          2|    5|         10|
    +------------------------+----+-----------+-----+-----------+
    |Total                   |  72|         15|   19|         49|
    +------------------------+----+-----------+-----+-----------+

    * Register: 
    +---------------------+---+----+-----+-----------+
    |         Name        | FF| LUT| Bits| Const Bits|
    +---------------------+---+----+-----+-----------+
    |and_ln2076_reg_213   |  1|   0|    1|          0|
    |ap_CS_fsm            |  4|   0|    4|          0|
    |end_addr_1_reg_222   |  4|   0|    4|          0|
    |end_addr_reg_217     |  4|   0|    4|          0|
    |i_01_reg_69          |  5|   0|    5|          0|
    |i_reg_208            |  5|   0|    5|          0|
    |icmp_ln2067_reg_196  |  1|   0|    1|          0|
    |pass_2_reg_191       |  5|   0|    5|          0|
    |pass_fu_32           |  5|   0|    5|          0|
    |sub_reg_200          |  6|   0|    6|          0|
    |zext_ln2055_reg_183  |  5|   0|    6|          1|
    +---------------------+---+----+-----+-----------+
    |Total                | 45|   0|   46|          1|
    +---------------------+---+----+-----+-----------+



================================================================
== Interface
================================================================
* Summary: 
+------------------+-----+-----+------------+--------------+--------------+
|     RTL Ports    | Dir | Bits|  Protocol  | Source Object|    C Type    |
+------------------+-----+-----+------------+--------------+--------------+
|ap_clk            |   in|    1|  ap_ctrl_hs|       hlsSort|  return value|
|ap_rst            |   in|    1|  ap_ctrl_hs|       hlsSort|  return value|
|ap_start          |   in|    1|  ap_ctrl_hs|       hlsSort|  return value|
|ap_done           |  out|    1|  ap_ctrl_hs|       hlsSort|  return value|
|ap_idle           |  out|    1|  ap_ctrl_hs|       hlsSort|  return value|
|ap_ready          |  out|    1|  ap_ctrl_hs|       hlsSort|  return value|
|begin_r_address0  |  out|    4|   ap_memory|       begin_r|         array|
|begin_r_ce0       |  out|    1|   ap_memory|       begin_r|         array|
|begin_r_we0       |  out|    1|   ap_memory|       begin_r|         array|
|begin_r_d0        |  out|   16|   ap_memory|       begin_r|         array|
|begin_r_q0        |   in|   16|   ap_memory|       begin_r|         array|
|begin_r_address1  |  out|    4|   ap_memory|       begin_r|         array|
|begin_r_ce1       |  out|    1|   ap_memory|       begin_r|         array|
|begin_r_we1       |  out|    1|   ap_memory|       begin_r|         array|
|begin_r_d1        |  out|   16|   ap_memory|       begin_r|         array|
|begin_r_q1        |   in|   16|   ap_memory|       begin_r|         array|
|end_offset        |   in|    5|     ap_none|    end_offset|        scalar|
+------------------+-----+-----+------------+--------------+--------------+

