

================================================================
== Vitis HLS Report for 'Image_extract_next'
================================================================
* Date:           Sat Mar 28 14:02:40 2026

* Version:        2024.2 (Build 5238294 on Nov  8 2024)
* Project:        atomflow_controller_2024_2
* Solution:       hls (Vivado IP Flow Target)
* Product family: zynquplusRFSOC
* Target device:  xczu49dr-ffvf1760-2-e


================================================================
== Performance Estimates
================================================================
+ Timing: 
    * Summary: 
    +--------+----------+----------+------------+
    |  Clock |  Target  | Estimated| Uncertainty|
    +--------+----------+----------+------------+
    |ap_clk  |  10.00 ns|  7.300 ns|     2.70 ns|
    +--------+----------+----------+------------+

+ Latency: 
    * Summary: 
    +---------+---------+----------+----------+-----+-----+---------+
    |  Latency (cycles) |  Latency (absolute) |  Interval | Pipeline|
    |   min   |   max   |    min   |    max   | min | max |   Type  |
    +---------+---------+----------+----------+-----+-----+---------+
    |      113|      113|  1.130 us|  1.130 us|  113|  113|       no|
    +---------+---------+----------+----------+-----+-----+---------+

    + Detail: 
        * Instance: 
        +--------------------------------------------------------+---------------------------------------------+---------+---------+----------+----------+-----+-----+------------------------------------------------+
        |                                                        |                                             |  Latency (cycles) |  Latency (absolute) |  Interval |                    Pipeline                    |
        |                        Instance                        |                    Module                   |   min   |   max   |    min   |    max   | min | max |                      Type                      |
        +--------------------------------------------------------+---------------------------------------------+---------+---------+----------+----------+-----+-----+------------------------------------------------+
        |grp_Image_extract_next_Pipeline_VITIS_LOOP_95_1_fu_225  |Image_extract_next_Pipeline_VITIS_LOOP_95_1  |      104|      104|  1.040 us|  1.040 us|   93|   93|  loop auto-rewind stp (delay=0 clock cycles(s))|
        +--------------------------------------------------------+---------------------------------------------+---------+---------+----------+----------+-----+-----+------------------------------------------------+

        * Loop: 
        N/A



================================================================
== Utilization Estimates
================================================================
* Summary: 
+-----------------+---------+------+--------+--------+-----+
|       Name      | BRAM_18K|  DSP |   FF   |   LUT  | URAM|
+-----------------+---------+------+--------+--------+-----+
|DSP              |        -|     -|       -|       -|    -|
|Expression       |        -|     -|       0|       2|    -|
|FIFO             |        -|     -|       -|       -|    -|
|Instance         |        -|     -|    3911|    1117|    -|
|Memory           |        -|     -|       -|       -|    -|
|Multiplexer      |        -|     -|       0|     227|    -|
|Register         |        -|     -|     166|       -|    -|
+-----------------+---------+------+--------+--------+-----+
|Total            |        0|     0|    4077|    1346|    0|
+-----------------+---------+------+--------+--------+-----+
|Available        |     2160|  4272|  850560|  425280|   80|
+-----------------+---------+------+--------+--------+-----+
|Utilization (%)  |        0|     0|      ~0|      ~0|    0|
+-----------------+---------+------+--------+--------+-----+

+ Detail: 
    * Instance: 
    +--------------------------------------------------------+---------------------------------------------+---------+----+------+------+-----+
    |                        Instance                        |                    Module                   | BRAM_18K| DSP|  FF  |  LUT | URAM|
    +--------------------------------------------------------+---------------------------------------------+---------+----+------+------+-----+
    |grp_Image_extract_next_Pipeline_VITIS_LOOP_95_1_fu_225  |Image_extract_next_Pipeline_VITIS_LOOP_95_1  |        0|   0|  3911|  1117|    0|
    +--------------------------------------------------------+---------------------------------------------+---------+----+------+------+-----+
    |Total                                                   |                                             |        0|   0|  3911|  1117|    0|
    +--------------------------------------------------------+---------------------------------------------+---------+----+------+------+-----+

    * DSP: 
    N/A

    * Memory: 
    N/A

    * FIFO: 
    N/A

    * Expression: 
    +-----------------+----------+----+---+----+------------+------------+
    |  Variable Name  | Operation| DSP| FF| LUT| Bitwidth P0| Bitwidth P1|
    +-----------------+----------+----+---+----+------------+------------+
    |ap_block_state1  |        or|   0|  0|   2|           1|           1|
    +-----------------+----------+----+---+----+------------+------------+
    |Total            |          |   0|  0|   2|           1|           1|
    +-----------------+----------+----+---+----+------------+------------+

    * Multiplexer: 
    +------------------------+----+-----------+-----+-----------+
    |          Name          | LUT| Input Size| Bits| Total Bits|
    +------------------------+----+-----------+-----+-----------+
    |ap_NS_fsm               |  59|         11|    1|         11|
    |ap_done                 |   9|          2|    1|          2|
    |ap_return               |   9|          2|   32|         64|
    |gmem5_blk_n_AR          |   9|          2|    1|          2|
    |localImages_blk_n       |   9|          2|    1|          2|
    |m_axi_gmem5_0_ARADDR    |  14|          3|   64|        192|
    |m_axi_gmem5_0_ARBURST   |   9|          2|    2|          4|
    |m_axi_gmem5_0_ARCACHE   |   9|          2|    4|          8|
    |m_axi_gmem5_0_ARID      |   9|          2|    1|          2|
    |m_axi_gmem5_0_ARLEN     |  14|          3|   32|         96|
    |m_axi_gmem5_0_ARLOCK    |   9|          2|    2|          4|
    |m_axi_gmem5_0_ARPROT    |   9|          2|    3|          6|
    |m_axi_gmem5_0_ARQOS     |   9|          2|    4|          8|
    |m_axi_gmem5_0_ARREGION  |   9|          2|    4|          8|
    |m_axi_gmem5_0_ARSIZE    |   9|          2|    3|          6|
    |m_axi_gmem5_0_ARUSER    |   9|          2|    1|          2|
    |m_axi_gmem5_0_ARVALID   |  14|          3|    1|          3|
    |m_axi_gmem5_0_RREADY    |   9|          2|    1|          2|
    +------------------------+----+-----------+-----+-----------+
    |Total                   | 227|         48|  158|        422|
    +------------------------+----+-----------+-----+-----------+

    * Register: 
    +---------------------------------------------------------------------+----+----+-----+-----------+
    |                                 Name                                | FF | LUT| Bits| Const Bits|
    +---------------------------------------------------------------------+----+----+-----+-----------+
    |ap_CS_fsm                                                            |  10|   0|   10|          0|
    |ap_done_reg                                                          |   1|   0|    1|          0|
    |ap_return_preg                                                       |  32|   0|   32|          0|
    |curr_info_X_min_reg_434                                              |  32|   0|   32|          0|
    |fullImage_read_reg_429                                               |  64|   0|   64|          0|
    |grp_Image_extract_next_Pipeline_VITIS_LOOP_95_1_fu_225_ap_start_reg  |   1|   0|    1|          0|
    |rem4_i_reg_439                                                       |   4|   0|    9|          5|
    |trunc_ln2_reg_444                                                    |  22|   0|   22|          0|
    +---------------------------------------------------------------------+----+----+-----+-----------+
    |Total                                                                | 166|   0|  171|          5|
    +---------------------------------------------------------------------+----+----+-----+-----------+



================================================================
== Interface
================================================================
* Summary: 
+-----------------------------+-----+-----+------------+-----------------------+--------------+
|          RTL Ports          | Dir | Bits|  Protocol  |     Source Object     |    C Type    |
+-----------------------------+-----+-----+------------+-----------------------+--------------+
|ap_clk                       |   in|    1|  ap_ctrl_hs|     Image_extract_next|  return value|
|ap_rst                       |   in|    1|  ap_ctrl_hs|     Image_extract_next|  return value|
|ap_start                     |   in|    1|  ap_ctrl_hs|     Image_extract_next|  return value|
|ap_done                      |  out|    1|  ap_ctrl_hs|     Image_extract_next|  return value|
|ap_continue                  |   in|    1|  ap_ctrl_hs|     Image_extract_next|  return value|
|ap_idle                      |  out|    1|  ap_ctrl_hs|     Image_extract_next|  return value|
|ap_ready                     |  out|    1|  ap_ctrl_hs|     Image_extract_next|  return value|
|ap_return                    |  out|   32|  ap_ctrl_hs|     Image_extract_next|  return value|
|localImages_dout             |   in|  256|     ap_fifo|            localImages|       pointer|
|localImages_empty_n          |   in|    1|     ap_fifo|            localImages|       pointer|
|localImages_read             |  out|    1|     ap_fifo|            localImages|       pointer|
|localImages_num_data_valid   |   in|    3|     ap_fifo|            localImages|       pointer|
|localImages_fifo_cap         |   in|    3|     ap_fifo|            localImages|       pointer|
|m_axi_gmem6_0_AWVALID        |  out|    1|       m_axi|                  gmem6|       pointer|
|m_axi_gmem6_0_AWREADY        |   in|    1|       m_axi|                  gmem6|       pointer|
|m_axi_gmem6_0_AWADDR         |  out|   64|       m_axi|                  gmem6|       pointer|
|m_axi_gmem6_0_AWID           |  out|    1|       m_axi|                  gmem6|       pointer|
|m_axi_gmem6_0_AWLEN          |  out|   32|       m_axi|                  gmem6|       pointer|
|m_axi_gmem6_0_AWSIZE         |  out|    3|       m_axi|                  gmem6|       pointer|
|m_axi_gmem6_0_AWBURST        |  out|    2|       m_axi|                  gmem6|       pointer|
|m_axi_gmem6_0_AWLOCK         |  out|    2|       m_axi|                  gmem6|       pointer|
|m_axi_gmem6_0_AWCACHE        |  out|    4|       m_axi|                  gmem6|       pointer|
|m_axi_gmem6_0_AWPROT         |  out|    3|       m_axi|                  gmem6|       pointer|
|m_axi_gmem6_0_AWQOS          |  out|    4|       m_axi|                  gmem6|       pointer|
|m_axi_gmem6_0_AWREGION       |  out|    4|       m_axi|                  gmem6|       pointer|
|m_axi_gmem6_0_AWUSER         |  out|    1|       m_axi|                  gmem6|       pointer|
|m_axi_gmem6_0_WVALID         |  out|    1|       m_axi|                  gmem6|       pointer|
|m_axi_gmem6_0_WREADY         |   in|    1|       m_axi|                  gmem6|       pointer|
|m_axi_gmem6_0_WDATA          |  out|  512|       m_axi|                  gmem6|       pointer|
|m_axi_gmem6_0_WSTRB          |  out|   64|       m_axi|                  gmem6|       pointer|
|m_axi_gmem6_0_WLAST          |  out|    1|       m_axi|                  gmem6|       pointer|
|m_axi_gmem6_0_WID            |  out|    1|       m_axi|                  gmem6|       pointer|
|m_axi_gmem6_0_WUSER          |  out|    1|       m_axi|                  gmem6|       pointer|
|m_axi_gmem6_0_ARVALID        |  out|    1|       m_axi|                  gmem6|       pointer|
|m_axi_gmem6_0_ARREADY        |   in|    1|       m_axi|                  gmem6|       pointer|
|m_axi_gmem6_0_ARADDR         |  out|   64|       m_axi|                  gmem6|       pointer|
|m_axi_gmem6_0_ARID           |  out|    1|       m_axi|                  gmem6|       pointer|
|m_axi_gmem6_0_ARLEN          |  out|   32|       m_axi|                  gmem6|       pointer|
|m_axi_gmem6_0_ARSIZE         |  out|    3|       m_axi|                  gmem6|       pointer|
|m_axi_gmem6_0_ARBURST        |  out|    2|       m_axi|                  gmem6|       pointer|
|m_axi_gmem6_0_ARLOCK         |  out|    2|       m_axi|                  gmem6|       pointer|
|m_axi_gmem6_0_ARCACHE        |  out|    4|       m_axi|                  gmem6|       pointer|
|m_axi_gmem6_0_ARPROT         |  out|    3|       m_axi|                  gmem6|       pointer|
|m_axi_gmem6_0_ARQOS          |  out|    4|       m_axi|                  gmem6|       pointer|
|m_axi_gmem6_0_ARREGION       |  out|    4|       m_axi|                  gmem6|       pointer|
|m_axi_gmem6_0_ARUSER         |  out|    1|       m_axi|                  gmem6|       pointer|
|m_axi_gmem6_0_RVALID         |   in|    1|       m_axi|                  gmem6|       pointer|
|m_axi_gmem6_0_RREADY         |  out|    1|       m_axi|                  gmem6|       pointer|
|m_axi_gmem6_0_RDATA          |   in|  512|       m_axi|                  gmem6|       pointer|
|m_axi_gmem6_0_RLAST          |   in|    1|       m_axi|                  gmem6|       pointer|
|m_axi_gmem6_0_RID            |   in|    1|       m_axi|                  gmem6|       pointer|
|m_axi_gmem6_0_RFIFONUM       |   in|    9|       m_axi|                  gmem6|       pointer|
|m_axi_gmem6_0_RUSER          |   in|    1|       m_axi|                  gmem6|       pointer|
|m_axi_gmem6_0_RRESP          |   in|    2|       m_axi|                  gmem6|       pointer|
|m_axi_gmem6_0_BVALID         |   in|    1|       m_axi|                  gmem6|       pointer|
|m_axi_gmem6_0_BREADY         |  out|    1|       m_axi|                  gmem6|       pointer|
|m_axi_gmem6_0_BRESP          |   in|    2|       m_axi|                  gmem6|       pointer|
|m_axi_gmem6_0_BID            |   in|    1|       m_axi|                  gmem6|       pointer|
|m_axi_gmem6_0_BUSER          |   in|    1|       m_axi|                  gmem6|       pointer|
|fullImage                    |   in|   64|     ap_none|              fullImage|        scalar|
|curr_fullImage_0_address0    |  out|    5|   ap_memory|       curr_fullImage_0|         array|
|curr_fullImage_0_ce0         |  out|    1|   ap_memory|       curr_fullImage_0|         array|
|curr_fullImage_0_we0         |  out|    1|   ap_memory|       curr_fullImage_0|         array|
|curr_fullImage_0_d0          |  out|   32|   ap_memory|       curr_fullImage_0|         array|
|curr_fullImage_1_address0    |  out|    5|   ap_memory|       curr_fullImage_1|         array|
|curr_fullImage_1_ce0         |  out|    1|   ap_memory|       curr_fullImage_1|         array|
|curr_fullImage_1_we0         |  out|    1|   ap_memory|       curr_fullImage_1|         array|
|curr_fullImage_1_d0          |  out|   32|   ap_memory|       curr_fullImage_1|         array|
|curr_fullImage_2_address0    |  out|    5|   ap_memory|       curr_fullImage_2|         array|
|curr_fullImage_2_ce0         |  out|    1|   ap_memory|       curr_fullImage_2|         array|
|curr_fullImage_2_we0         |  out|    1|   ap_memory|       curr_fullImage_2|         array|
|curr_fullImage_2_d0          |  out|   32|   ap_memory|       curr_fullImage_2|         array|
|curr_fullImage_3_address0    |  out|    5|   ap_memory|       curr_fullImage_3|         array|
|curr_fullImage_3_ce0         |  out|    1|   ap_memory|       curr_fullImage_3|         array|
|curr_fullImage_3_we0         |  out|    1|   ap_memory|       curr_fullImage_3|         array|
|curr_fullImage_3_d0          |  out|   32|   ap_memory|       curr_fullImage_3|         array|
|curr_fullImage_4_address0    |  out|    5|   ap_memory|       curr_fullImage_4|         array|
|curr_fullImage_4_ce0         |  out|    1|   ap_memory|       curr_fullImage_4|         array|
|curr_fullImage_4_we0         |  out|    1|   ap_memory|       curr_fullImage_4|         array|
|curr_fullImage_4_d0          |  out|   32|   ap_memory|       curr_fullImage_4|         array|
|curr_fullImage_5_address0    |  out|    5|   ap_memory|       curr_fullImage_5|         array|
|curr_fullImage_5_ce0         |  out|    1|   ap_memory|       curr_fullImage_5|         array|
|curr_fullImage_5_we0         |  out|    1|   ap_memory|       curr_fullImage_5|         array|
|curr_fullImage_5_d0          |  out|   32|   ap_memory|       curr_fullImage_5|         array|
|curr_fullImage_6_address0    |  out|    5|   ap_memory|       curr_fullImage_6|         array|
|curr_fullImage_6_ce0         |  out|    1|   ap_memory|       curr_fullImage_6|         array|
|curr_fullImage_6_we0         |  out|    1|   ap_memory|       curr_fullImage_6|         array|
|curr_fullImage_6_d0          |  out|   32|   ap_memory|       curr_fullImage_6|         array|
|curr_fullImage_7_address0    |  out|    5|   ap_memory|       curr_fullImage_7|         array|
|curr_fullImage_7_ce0         |  out|    1|   ap_memory|       curr_fullImage_7|         array|
|curr_fullImage_7_we0         |  out|    1|   ap_memory|       curr_fullImage_7|         array|
|curr_fullImage_7_d0          |  out|   32|   ap_memory|       curr_fullImage_7|         array|
|curr_fullImage_8_address0    |  out|    5|   ap_memory|       curr_fullImage_8|         array|
|curr_fullImage_8_ce0         |  out|    1|   ap_memory|       curr_fullImage_8|         array|
|curr_fullImage_8_we0         |  out|    1|   ap_memory|       curr_fullImage_8|         array|
|curr_fullImage_8_d0          |  out|   32|   ap_memory|       curr_fullImage_8|         array|
|curr_fullImage_9_address0    |  out|    5|   ap_memory|       curr_fullImage_9|         array|
|curr_fullImage_9_ce0         |  out|    1|   ap_memory|       curr_fullImage_9|         array|
|curr_fullImage_9_we0         |  out|    1|   ap_memory|       curr_fullImage_9|         array|
|curr_fullImage_9_d0          |  out|   32|   ap_memory|       curr_fullImage_9|         array|
|curr_fullImage_10_address0   |  out|    5|   ap_memory|      curr_fullImage_10|         array|
|curr_fullImage_10_ce0        |  out|    1|   ap_memory|      curr_fullImage_10|         array|
|curr_fullImage_10_we0        |  out|    1|   ap_memory|      curr_fullImage_10|         array|
|curr_fullImage_10_d0         |  out|   32|   ap_memory|      curr_fullImage_10|         array|
|curr_fullImage_11_address0   |  out|    5|   ap_memory|      curr_fullImage_11|         array|
|curr_fullImage_11_ce0        |  out|    1|   ap_memory|      curr_fullImage_11|         array|
|curr_fullImage_11_we0        |  out|    1|   ap_memory|      curr_fullImage_11|         array|
|curr_fullImage_11_d0         |  out|   32|   ap_memory|      curr_fullImage_11|         array|
|curr_fullImage_12_address0   |  out|    5|   ap_memory|      curr_fullImage_12|         array|
|curr_fullImage_12_ce0        |  out|    1|   ap_memory|      curr_fullImage_12|         array|
|curr_fullImage_12_we0        |  out|    1|   ap_memory|      curr_fullImage_12|         array|
|curr_fullImage_12_d0         |  out|   32|   ap_memory|      curr_fullImage_12|         array|
|curr_fullImage_13_address0   |  out|    5|   ap_memory|      curr_fullImage_13|         array|
|curr_fullImage_13_ce0        |  out|    1|   ap_memory|      curr_fullImage_13|         array|
|curr_fullImage_13_we0        |  out|    1|   ap_memory|      curr_fullImage_13|         array|
|curr_fullImage_13_d0         |  out|   32|   ap_memory|      curr_fullImage_13|         array|
|curr_fullImage_14_address0   |  out|    5|   ap_memory|      curr_fullImage_14|         array|
|curr_fullImage_14_ce0        |  out|    1|   ap_memory|      curr_fullImage_14|         array|
|curr_fullImage_14_we0        |  out|    1|   ap_memory|      curr_fullImage_14|         array|
|curr_fullImage_14_d0         |  out|   32|   ap_memory|      curr_fullImage_14|         array|
|curr_fullImage_15_address0   |  out|    5|   ap_memory|      curr_fullImage_15|         array|
|curr_fullImage_15_ce0        |  out|    1|   ap_memory|      curr_fullImage_15|         array|
|curr_fullImage_15_we0        |  out|    1|   ap_memory|      curr_fullImage_15|         array|
|curr_fullImage_15_d0         |  out|   32|   ap_memory|      curr_fullImage_15|         array|
|curr_fullImage_16_address0   |  out|    5|   ap_memory|      curr_fullImage_16|         array|
|curr_fullImage_16_ce0        |  out|    1|   ap_memory|      curr_fullImage_16|         array|
|curr_fullImage_16_we0        |  out|    1|   ap_memory|      curr_fullImage_16|         array|
|curr_fullImage_16_d0         |  out|   32|   ap_memory|      curr_fullImage_16|         array|
|curr_fullImage_17_address0   |  out|    5|   ap_memory|      curr_fullImage_17|         array|
|curr_fullImage_17_ce0        |  out|    1|   ap_memory|      curr_fullImage_17|         array|
|curr_fullImage_17_we0        |  out|    1|   ap_memory|      curr_fullImage_17|         array|
|curr_fullImage_17_d0         |  out|   32|   ap_memory|      curr_fullImage_17|         array|
|curr_fullImage_18_address0   |  out|    5|   ap_memory|      curr_fullImage_18|         array|
|curr_fullImage_18_ce0        |  out|    1|   ap_memory|      curr_fullImage_18|         array|
|curr_fullImage_18_we0        |  out|    1|   ap_memory|      curr_fullImage_18|         array|
|curr_fullImage_18_d0         |  out|   32|   ap_memory|      curr_fullImage_18|         array|
|curr_fullImage_19_address0   |  out|    5|   ap_memory|      curr_fullImage_19|         array|
|curr_fullImage_19_ce0        |  out|    1|   ap_memory|      curr_fullImage_19|         array|
|curr_fullImage_19_we0        |  out|    1|   ap_memory|      curr_fullImage_19|         array|
|curr_fullImage_19_d0         |  out|   32|   ap_memory|      curr_fullImage_19|         array|
|curr_fullImage_20_address0   |  out|    5|   ap_memory|      curr_fullImage_20|         array|
|curr_fullImage_20_ce0        |  out|    1|   ap_memory|      curr_fullImage_20|         array|
|curr_fullImage_20_we0        |  out|    1|   ap_memory|      curr_fullImage_20|         array|
|curr_fullImage_20_d0         |  out|   32|   ap_memory|      curr_fullImage_20|         array|
|curr_fullImage_21_address0   |  out|    5|   ap_memory|      curr_fullImage_21|         array|
|curr_fullImage_21_ce0        |  out|    1|   ap_memory|      curr_fullImage_21|         array|
|curr_fullImage_21_we0        |  out|    1|   ap_memory|      curr_fullImage_21|         array|
|curr_fullImage_21_d0         |  out|   32|   ap_memory|      curr_fullImage_21|         array|
|curr_fullImage_22_address0   |  out|    5|   ap_memory|      curr_fullImage_22|         array|
|curr_fullImage_22_ce0        |  out|    1|   ap_memory|      curr_fullImage_22|         array|
|curr_fullImage_22_we0        |  out|    1|   ap_memory|      curr_fullImage_22|         array|
|curr_fullImage_22_d0         |  out|   32|   ap_memory|      curr_fullImage_22|         array|
|curr_fullImage_23_address0   |  out|    5|   ap_memory|      curr_fullImage_23|         array|
|curr_fullImage_23_ce0        |  out|    1|   ap_memory|      curr_fullImage_23|         array|
|curr_fullImage_23_we0        |  out|    1|   ap_memory|      curr_fullImage_23|         array|
|curr_fullImage_23_d0         |  out|   32|   ap_memory|      curr_fullImage_23|         array|
|curr_fullImage_24_address0   |  out|    5|   ap_memory|      curr_fullImage_24|         array|
|curr_fullImage_24_ce0        |  out|    1|   ap_memory|      curr_fullImage_24|         array|
|curr_fullImage_24_we0        |  out|    1|   ap_memory|      curr_fullImage_24|         array|
|curr_fullImage_24_d0         |  out|   32|   ap_memory|      curr_fullImage_24|         array|
|curr_fullImage_25_address0   |  out|    5|   ap_memory|      curr_fullImage_25|         array|
|curr_fullImage_25_ce0        |  out|    1|   ap_memory|      curr_fullImage_25|         array|
|curr_fullImage_25_we0        |  out|    1|   ap_memory|      curr_fullImage_25|         array|
|curr_fullImage_25_d0         |  out|   32|   ap_memory|      curr_fullImage_25|         array|
|curr_fullImage_26_address0   |  out|    5|   ap_memory|      curr_fullImage_26|         array|
|curr_fullImage_26_ce0        |  out|    1|   ap_memory|      curr_fullImage_26|         array|
|curr_fullImage_26_we0        |  out|    1|   ap_memory|      curr_fullImage_26|         array|
|curr_fullImage_26_d0         |  out|   32|   ap_memory|      curr_fullImage_26|         array|
|curr_fullImage_27_address0   |  out|    5|   ap_memory|      curr_fullImage_27|         array|
|curr_fullImage_27_ce0        |  out|    1|   ap_memory|      curr_fullImage_27|         array|
|curr_fullImage_27_we0        |  out|    1|   ap_memory|      curr_fullImage_27|         array|
|curr_fullImage_27_d0         |  out|   32|   ap_memory|      curr_fullImage_27|         array|
|curr_fullImage_28_address0   |  out|    5|   ap_memory|      curr_fullImage_28|         array|
|curr_fullImage_28_ce0        |  out|    1|   ap_memory|      curr_fullImage_28|         array|
|curr_fullImage_28_we0        |  out|    1|   ap_memory|      curr_fullImage_28|         array|
|curr_fullImage_28_d0         |  out|   32|   ap_memory|      curr_fullImage_28|         array|
|curr_fullImage_29_address0   |  out|    5|   ap_memory|      curr_fullImage_29|         array|
|curr_fullImage_29_ce0        |  out|    1|   ap_memory|      curr_fullImage_29|         array|
|curr_fullImage_29_we0        |  out|    1|   ap_memory|      curr_fullImage_29|         array|
|curr_fullImage_29_d0         |  out|   32|   ap_memory|      curr_fullImage_29|         array|
|curr_fullImage_30_address0   |  out|    5|   ap_memory|      curr_fullImage_30|         array|
|curr_fullImage_30_ce0        |  out|    1|   ap_memory|      curr_fullImage_30|         array|
|curr_fullImage_30_we0        |  out|    1|   ap_memory|      curr_fullImage_30|         array|
|curr_fullImage_30_d0         |  out|   32|   ap_memory|      curr_fullImage_30|         array|
|m_axi_gmem5_0_AWVALID        |  out|    1|       m_axi|                  gmem5|       pointer|
|m_axi_gmem5_0_AWREADY        |   in|    1|       m_axi|                  gmem5|       pointer|
|m_axi_gmem5_0_AWADDR         |  out|   64|       m_axi|                  gmem5|       pointer|
|m_axi_gmem5_0_AWID           |  out|    1|       m_axi|                  gmem5|       pointer|
|m_axi_gmem5_0_AWLEN          |  out|   32|       m_axi|                  gmem5|       pointer|
|m_axi_gmem5_0_AWSIZE         |  out|    3|       m_axi|                  gmem5|       pointer|
|m_axi_gmem5_0_AWBURST        |  out|    2|       m_axi|                  gmem5|       pointer|
|m_axi_gmem5_0_AWLOCK         |  out|    2|       m_axi|                  gmem5|       pointer|
|m_axi_gmem5_0_AWCACHE        |  out|    4|       m_axi|                  gmem5|       pointer|
|m_axi_gmem5_0_AWPROT         |  out|    3|       m_axi|                  gmem5|       pointer|
|m_axi_gmem5_0_AWQOS          |  out|    4|       m_axi|                  gmem5|       pointer|
|m_axi_gmem5_0_AWREGION       |  out|    4|       m_axi|                  gmem5|       pointer|
|m_axi_gmem5_0_AWUSER         |  out|    1|       m_axi|                  gmem5|       pointer|
|m_axi_gmem5_0_WVALID         |  out|    1|       m_axi|                  gmem5|       pointer|
|m_axi_gmem5_0_WREADY         |   in|    1|       m_axi|                  gmem5|       pointer|
|m_axi_gmem5_0_WDATA          |  out|  512|       m_axi|                  gmem5|       pointer|
|m_axi_gmem5_0_WSTRB          |  out|   64|       m_axi|                  gmem5|       pointer|
|m_axi_gmem5_0_WLAST          |  out|    1|       m_axi|                  gmem5|       pointer|
|m_axi_gmem5_0_WID            |  out|    1|       m_axi|                  gmem5|       pointer|
|m_axi_gmem5_0_WUSER          |  out|    1|       m_axi|                  gmem5|       pointer|
|m_axi_gmem5_0_ARVALID        |  out|    1|       m_axi|                  gmem5|       pointer|
|m_axi_gmem5_0_ARREADY        |   in|    1|       m_axi|                  gmem5|       pointer|
|m_axi_gmem5_0_ARADDR         |  out|   64|       m_axi|                  gmem5|       pointer|
|m_axi_gmem5_0_ARID           |  out|    1|       m_axi|                  gmem5|       pointer|
|m_axi_gmem5_0_ARLEN          |  out|   32|       m_axi|                  gmem5|       pointer|
|m_axi_gmem5_0_ARSIZE         |  out|    3|       m_axi|                  gmem5|       pointer|
|m_axi_gmem5_0_ARBURST        |  out|    2|       m_axi|                  gmem5|       pointer|
|m_axi_gmem5_0_ARLOCK         |  out|    2|       m_axi|                  gmem5|       pointer|
|m_axi_gmem5_0_ARCACHE        |  out|    4|       m_axi|                  gmem5|       pointer|
|m_axi_gmem5_0_ARPROT         |  out|    3|       m_axi|                  gmem5|       pointer|
|m_axi_gmem5_0_ARQOS          |  out|    4|       m_axi|                  gmem5|       pointer|
|m_axi_gmem5_0_ARREGION       |  out|    4|       m_axi|                  gmem5|       pointer|
|m_axi_gmem5_0_ARUSER         |  out|    1|       m_axi|                  gmem5|       pointer|
|m_axi_gmem5_0_RVALID         |   in|    1|       m_axi|                  gmem5|       pointer|
|m_axi_gmem5_0_RREADY         |  out|    1|       m_axi|                  gmem5|       pointer|
|m_axi_gmem5_0_RDATA          |   in|  512|       m_axi|                  gmem5|       pointer|
|m_axi_gmem5_0_RLAST          |   in|    1|       m_axi|                  gmem5|       pointer|
|m_axi_gmem5_0_RID            |   in|    1|       m_axi|                  gmem5|       pointer|
|m_axi_gmem5_0_RFIFONUM       |   in|    9|       m_axi|                  gmem5|       pointer|
|m_axi_gmem5_0_RUSER          |   in|    1|       m_axi|                  gmem5|       pointer|
|m_axi_gmem5_0_RRESP          |   in|    2|       m_axi|                  gmem5|       pointer|
|m_axi_gmem5_0_BVALID         |   in|    1|       m_axi|                  gmem5|       pointer|
|m_axi_gmem5_0_BREADY         |  out|    1|       m_axi|                  gmem5|       pointer|
|m_axi_gmem5_0_BRESP          |   in|    2|       m_axi|                  gmem5|       pointer|
|m_axi_gmem5_0_BID            |   in|    1|       m_axi|                  gmem5|       pointer|
|m_axi_gmem5_0_BUSER          |   in|    1|       m_axi|                  gmem5|       pointer|
|imageProjs_local             |   in|   64|     ap_none|       imageProjs_local|        scalar|
|curr_localImage_0_address0   |  out|    5|   ap_memory|      curr_localImage_0|         array|
|curr_localImage_0_ce0        |  out|    1|   ap_memory|      curr_localImage_0|         array|
|curr_localImage_0_we0        |  out|    1|   ap_memory|      curr_localImage_0|         array|
|curr_localImage_0_d0         |  out|   32|   ap_memory|      curr_localImage_0|         array|
|curr_localImage_1_address0   |  out|    5|   ap_memory|      curr_localImage_1|         array|
|curr_localImage_1_ce0        |  out|    1|   ap_memory|      curr_localImage_1|         array|
|curr_localImage_1_we0        |  out|    1|   ap_memory|      curr_localImage_1|         array|
|curr_localImage_1_d0         |  out|   32|   ap_memory|      curr_localImage_1|         array|
|curr_localImage_2_address0   |  out|    5|   ap_memory|      curr_localImage_2|         array|
|curr_localImage_2_ce0        |  out|    1|   ap_memory|      curr_localImage_2|         array|
|curr_localImage_2_we0        |  out|    1|   ap_memory|      curr_localImage_2|         array|
|curr_localImage_2_d0         |  out|   32|   ap_memory|      curr_localImage_2|         array|
|curr_localImage_3_address0   |  out|    5|   ap_memory|      curr_localImage_3|         array|
|curr_localImage_3_ce0        |  out|    1|   ap_memory|      curr_localImage_3|         array|
|curr_localImage_3_we0        |  out|    1|   ap_memory|      curr_localImage_3|         array|
|curr_localImage_3_d0         |  out|   32|   ap_memory|      curr_localImage_3|         array|
|curr_localImage_4_address0   |  out|    5|   ap_memory|      curr_localImage_4|         array|
|curr_localImage_4_ce0        |  out|    1|   ap_memory|      curr_localImage_4|         array|
|curr_localImage_4_we0        |  out|    1|   ap_memory|      curr_localImage_4|         array|
|curr_localImage_4_d0         |  out|   32|   ap_memory|      curr_localImage_4|         array|
|curr_localImage_5_address0   |  out|    5|   ap_memory|      curr_localImage_5|         array|
|curr_localImage_5_ce0        |  out|    1|   ap_memory|      curr_localImage_5|         array|
|curr_localImage_5_we0        |  out|    1|   ap_memory|      curr_localImage_5|         array|
|curr_localImage_5_d0         |  out|   32|   ap_memory|      curr_localImage_5|         array|
|curr_localImage_6_address0   |  out|    5|   ap_memory|      curr_localImage_6|         array|
|curr_localImage_6_ce0        |  out|    1|   ap_memory|      curr_localImage_6|         array|
|curr_localImage_6_we0        |  out|    1|   ap_memory|      curr_localImage_6|         array|
|curr_localImage_6_d0         |  out|   32|   ap_memory|      curr_localImage_6|         array|
|curr_localImage_7_address0   |  out|    5|   ap_memory|      curr_localImage_7|         array|
|curr_localImage_7_ce0        |  out|    1|   ap_memory|      curr_localImage_7|         array|
|curr_localImage_7_we0        |  out|    1|   ap_memory|      curr_localImage_7|         array|
|curr_localImage_7_d0         |  out|   32|   ap_memory|      curr_localImage_7|         array|
|curr_localImage_8_address0   |  out|    5|   ap_memory|      curr_localImage_8|         array|
|curr_localImage_8_ce0        |  out|    1|   ap_memory|      curr_localImage_8|         array|
|curr_localImage_8_we0        |  out|    1|   ap_memory|      curr_localImage_8|         array|
|curr_localImage_8_d0         |  out|   32|   ap_memory|      curr_localImage_8|         array|
|curr_localImage_9_address0   |  out|    5|   ap_memory|      curr_localImage_9|         array|
|curr_localImage_9_ce0        |  out|    1|   ap_memory|      curr_localImage_9|         array|
|curr_localImage_9_we0        |  out|    1|   ap_memory|      curr_localImage_9|         array|
|curr_localImage_9_d0         |  out|   32|   ap_memory|      curr_localImage_9|         array|
|curr_localImage_10_address0  |  out|    5|   ap_memory|     curr_localImage_10|         array|
|curr_localImage_10_ce0       |  out|    1|   ap_memory|     curr_localImage_10|         array|
|curr_localImage_10_we0       |  out|    1|   ap_memory|     curr_localImage_10|         array|
|curr_localImage_10_d0        |  out|   32|   ap_memory|     curr_localImage_10|         array|
|curr_localImage_11_address0  |  out|    5|   ap_memory|     curr_localImage_11|         array|
|curr_localImage_11_ce0       |  out|    1|   ap_memory|     curr_localImage_11|         array|
|curr_localImage_11_we0       |  out|    1|   ap_memory|     curr_localImage_11|         array|
|curr_localImage_11_d0        |  out|   32|   ap_memory|     curr_localImage_11|         array|
|curr_localImage_12_address0  |  out|    5|   ap_memory|     curr_localImage_12|         array|
|curr_localImage_12_ce0       |  out|    1|   ap_memory|     curr_localImage_12|         array|
|curr_localImage_12_we0       |  out|    1|   ap_memory|     curr_localImage_12|         array|
|curr_localImage_12_d0        |  out|   32|   ap_memory|     curr_localImage_12|         array|
|curr_localImage_13_address0  |  out|    5|   ap_memory|     curr_localImage_13|         array|
|curr_localImage_13_ce0       |  out|    1|   ap_memory|     curr_localImage_13|         array|
|curr_localImage_13_we0       |  out|    1|   ap_memory|     curr_localImage_13|         array|
|curr_localImage_13_d0        |  out|   32|   ap_memory|     curr_localImage_13|         array|
|curr_localImage_14_address0  |  out|    5|   ap_memory|     curr_localImage_14|         array|
|curr_localImage_14_ce0       |  out|    1|   ap_memory|     curr_localImage_14|         array|
|curr_localImage_14_we0       |  out|    1|   ap_memory|     curr_localImage_14|         array|
|curr_localImage_14_d0        |  out|   32|   ap_memory|     curr_localImage_14|         array|
|curr_localImage_15_address0  |  out|    5|   ap_memory|     curr_localImage_15|         array|
|curr_localImage_15_ce0       |  out|    1|   ap_memory|     curr_localImage_15|         array|
|curr_localImage_15_we0       |  out|    1|   ap_memory|     curr_localImage_15|         array|
|curr_localImage_15_d0        |  out|   32|   ap_memory|     curr_localImage_15|         array|
|curr_localImage_16_address0  |  out|    5|   ap_memory|     curr_localImage_16|         array|
|curr_localImage_16_ce0       |  out|    1|   ap_memory|     curr_localImage_16|         array|
|curr_localImage_16_we0       |  out|    1|   ap_memory|     curr_localImage_16|         array|
|curr_localImage_16_d0        |  out|   32|   ap_memory|     curr_localImage_16|         array|
|curr_localImage_17_address0  |  out|    5|   ap_memory|     curr_localImage_17|         array|
|curr_localImage_17_ce0       |  out|    1|   ap_memory|     curr_localImage_17|         array|
|curr_localImage_17_we0       |  out|    1|   ap_memory|     curr_localImage_17|         array|
|curr_localImage_17_d0        |  out|   32|   ap_memory|     curr_localImage_17|         array|
|curr_localImage_18_address0  |  out|    5|   ap_memory|     curr_localImage_18|         array|
|curr_localImage_18_ce0       |  out|    1|   ap_memory|     curr_localImage_18|         array|
|curr_localImage_18_we0       |  out|    1|   ap_memory|     curr_localImage_18|         array|
|curr_localImage_18_d0        |  out|   32|   ap_memory|     curr_localImage_18|         array|
|curr_localImage_19_address0  |  out|    5|   ap_memory|     curr_localImage_19|         array|
|curr_localImage_19_ce0       |  out|    1|   ap_memory|     curr_localImage_19|         array|
|curr_localImage_19_we0       |  out|    1|   ap_memory|     curr_localImage_19|         array|
|curr_localImage_19_d0        |  out|   32|   ap_memory|     curr_localImage_19|         array|
|curr_localImage_20_address0  |  out|    5|   ap_memory|     curr_localImage_20|         array|
|curr_localImage_20_ce0       |  out|    1|   ap_memory|     curr_localImage_20|         array|
|curr_localImage_20_we0       |  out|    1|   ap_memory|     curr_localImage_20|         array|
|curr_localImage_20_d0        |  out|   32|   ap_memory|     curr_localImage_20|         array|
|curr_localImage_21_address0  |  out|    5|   ap_memory|     curr_localImage_21|         array|
|curr_localImage_21_ce0       |  out|    1|   ap_memory|     curr_localImage_21|         array|
|curr_localImage_21_we0       |  out|    1|   ap_memory|     curr_localImage_21|         array|
|curr_localImage_21_d0        |  out|   32|   ap_memory|     curr_localImage_21|         array|
|curr_localImage_22_address0  |  out|    5|   ap_memory|     curr_localImage_22|         array|
|curr_localImage_22_ce0       |  out|    1|   ap_memory|     curr_localImage_22|         array|
|curr_localImage_22_we0       |  out|    1|   ap_memory|     curr_localImage_22|         array|
|curr_localImage_22_d0        |  out|   32|   ap_memory|     curr_localImage_22|         array|
|curr_localImage_23_address0  |  out|    5|   ap_memory|     curr_localImage_23|         array|
|curr_localImage_23_ce0       |  out|    1|   ap_memory|     curr_localImage_23|         array|
|curr_localImage_23_we0       |  out|    1|   ap_memory|     curr_localImage_23|         array|
|curr_localImage_23_d0        |  out|   32|   ap_memory|     curr_localImage_23|         array|
|curr_localImage_24_address0  |  out|    5|   ap_memory|     curr_localImage_24|         array|
|curr_localImage_24_ce0       |  out|    1|   ap_memory|     curr_localImage_24|         array|
|curr_localImage_24_we0       |  out|    1|   ap_memory|     curr_localImage_24|         array|
|curr_localImage_24_d0        |  out|   32|   ap_memory|     curr_localImage_24|         array|
|curr_localImage_25_address0  |  out|    5|   ap_memory|     curr_localImage_25|         array|
|curr_localImage_25_ce0       |  out|    1|   ap_memory|     curr_localImage_25|         array|
|curr_localImage_25_we0       |  out|    1|   ap_memory|     curr_localImage_25|         array|
|curr_localImage_25_d0        |  out|   32|   ap_memory|     curr_localImage_25|         array|
|curr_localImage_26_address0  |  out|    5|   ap_memory|     curr_localImage_26|         array|
|curr_localImage_26_ce0       |  out|    1|   ap_memory|     curr_localImage_26|         array|
|curr_localImage_26_we0       |  out|    1|   ap_memory|     curr_localImage_26|         array|
|curr_localImage_26_d0        |  out|   32|   ap_memory|     curr_localImage_26|         array|
|curr_localImage_27_address0  |  out|    5|   ap_memory|     curr_localImage_27|         array|
|curr_localImage_27_ce0       |  out|    1|   ap_memory|     curr_localImage_27|         array|
|curr_localImage_27_we0       |  out|    1|   ap_memory|     curr_localImage_27|         array|
|curr_localImage_27_d0        |  out|   32|   ap_memory|     curr_localImage_27|         array|
|curr_localImage_28_address0  |  out|    5|   ap_memory|     curr_localImage_28|         array|
|curr_localImage_28_ce0       |  out|    1|   ap_memory|     curr_localImage_28|         array|
|curr_localImage_28_we0       |  out|    1|   ap_memory|     curr_localImage_28|         array|
|curr_localImage_28_d0        |  out|   32|   ap_memory|     curr_localImage_28|         array|
|curr_localImage_29_address0  |  out|    5|   ap_memory|     curr_localImage_29|         array|
|curr_localImage_29_ce0       |  out|    1|   ap_memory|     curr_localImage_29|         array|
|curr_localImage_29_we0       |  out|    1|   ap_memory|     curr_localImage_29|         array|
|curr_localImage_29_d0        |  out|   32|   ap_memory|     curr_localImage_29|         array|
|curr_localImage_30_address0  |  out|    5|   ap_memory|     curr_localImage_30|         array|
|curr_localImage_30_ce0       |  out|    1|   ap_memory|     curr_localImage_30|         array|
|curr_localImage_30_we0       |  out|    1|   ap_memory|     curr_localImage_30|         array|
|curr_localImage_30_d0        |  out|   32|   ap_memory|     curr_localImage_30|         array|
|curr_imageProjs_write        |   in|   32|     ap_none|  curr_imageProjs_write|        scalar|
+-----------------------------+-----+-----+------------+-----------------------+--------------+

