

================================================================
== Vitis HLS Report for 'load_target_geometry'
================================================================
* Date:           Sat Mar 28 14:02:43 2026

* Version:        2024.2 (Build 5238294 on Nov  8 2024)
* Project:        atomflow_controller_2024_2
* Solution:       hls (Vivado IP Flow Target)
* Product family: zynquplusRFSOC
* Target device:  xczu49dr-ffvf1760-2-e


================================================================
== Performance Estimates
================================================================
+ Timing: 
    * Summary: 
    +--------+----------+----------+------------+
    |  Clock |  Target  | Estimated| Uncertainty|
    +--------+----------+----------+------------+
    |ap_clk  |  10.00 ns|  7.300 ns|     2.70 ns|
    +--------+----------+----------+------------+

+ Latency: 
    * Summary: 
    +---------+---------+----------+-----------+-----+------+---------+
    |  Latency (cycles) |  Latency (absolute)  |  Interval  | Pipeline|
    |   min   |   max   |    min   |    max    | min |  max |   Type  |
    +---------+---------+----------+-----------+-----+------+---------+
    |       23|     3093|  0.230 us|  30.930 us|   23|  3093|       no|
    +---------+---------+----------+-----------+-----+------+---------+

    + Detail: 
        * Instance: 
        +-------------------------------------------------------------------------+---------------------------------------------------------------+---------+---------+-----------+-----------+-----+------+------------------------------------------------+
        |                                                                         |                                                               |  Latency (cycles) |   Latency (absolute)  |  Interval  |                    Pipeline                    |
        |                                 Instance                                |                             Module                            |   min   |   max   |    min    |    max    | min |  max |                      Type                      |
        +-------------------------------------------------------------------------+---------------------------------------------------------------+---------+---------+-----------+-----------+-----+------+------------------------------------------------+
        |grp_load_target_geometry_Pipeline_VITIS_LOOP_342_1_fu_66                 |load_target_geometry_Pipeline_VITIS_LOOP_342_1                 |        3|     1026|  30.000 ns|  10.260 us|    2|  1025|  loop auto-rewind stp (delay=0 clock cycles(s))|
        |grp_load_target_geometry_Pipeline_VITIS_LOOP_348_2_fu_73                 |load_target_geometry_Pipeline_VITIS_LOOP_348_2                 |        2|     1026|  20.000 ns|  10.260 us|    1|  1025|  loop auto-rewind stp (delay=0 clock cycles(s))|
        |grp_load_target_geometry_Pipeline_VITIS_LOOP_42_1_VITIS_LOOP_44_2_fu_80  |load_target_geometry_Pipeline_VITIS_LOOP_42_1_VITIS_LOOP_44_2  |       13|     1036|   0.130 us|  10.360 us|    2|  1025|  loop auto-rewind stp (delay=0 clock cycles(s))|
        +-------------------------------------------------------------------------+---------------------------------------------------------------+---------+---------+-----------+-----------+-----+------+------------------------------------------------+

        * Loop: 
        N/A



================================================================
== Utilization Estimates
================================================================
* Summary: 
+-----------------+---------+------+--------+--------+-----+
|       Name      | BRAM_18K|  DSP |   FF   |   LUT  | URAM|
+-----------------+---------+------+--------+--------+-----+
|DSP              |        -|     -|       -|       -|    -|
|Expression       |        -|     -|       0|     140|    -|
|FIFO             |        -|     -|       -|       -|    -|
|Instance         |        -|    12|     436|     799|    -|
|Memory           |        -|     -|       -|       -|    -|
|Multiplexer      |        -|     -|       0|     117|    -|
|Register         |        -|     -|     336|       -|    -|
+-----------------+---------+------+--------+--------+-----+
|Total            |        0|    12|     772|    1056|    0|
+-----------------+---------+------+--------+--------+-----+
|Available        |     2160|  4272|  850560|  425280|   80|
+-----------------+---------+------+--------+--------+-----+
|Utilization (%)  |        0|    ~0|      ~0|      ~0|    0|
+-----------------+---------+------+--------+--------+-----+

+ Detail: 
    * Instance: 
    +-------------------------------------------------------------------------+---------------------------------------------------------------+---------+----+-----+-----+-----+
    |                                 Instance                                |                             Module                            | BRAM_18K| DSP|  FF | LUT | URAM|
    +-------------------------------------------------------------------------+---------------------------------------------------------------+---------+----+-----+-----+-----+
    |grp_load_target_geometry_Pipeline_VITIS_LOOP_342_1_fu_66                 |load_target_geometry_Pipeline_VITIS_LOOP_342_1                 |        0|   0|   13|  116|    0|
    |grp_load_target_geometry_Pipeline_VITIS_LOOP_348_2_fu_73                 |load_target_geometry_Pipeline_VITIS_LOOP_348_2                 |        0|   0|   13|   45|    0|
    |grp_load_target_geometry_Pipeline_VITIS_LOOP_42_1_VITIS_LOOP_44_2_fu_80  |load_target_geometry_Pipeline_VITIS_LOOP_42_1_VITIS_LOOP_44_2  |        0|   4|  410|  598|    0|
    |mul_31ns_31ns_62_1_1_U518                                                |mul_31ns_31ns_62_1_1                                           |        0|   4|    0|   20|    0|
    |mul_32s_32s_64_1_1_U519                                                  |mul_32s_32s_64_1_1                                             |        0|   4|    0|   20|    0|
    +-------------------------------------------------------------------------+---------------------------------------------------------------+---------+----+-----+-----+-----+
    |Total                                                                    |                                                               |        0|  12|  436|  799|    0|
    +-------------------------------------------------------------------------+---------------------------------------------------------------+---------+----+-----+-----+-----+

    * DSP: 
    N/A

    * Memory: 
    N/A

    * FIFO: 
    N/A

    * Expression: 
    +---------------------+----------+----+---+----+------------+------------+
    |    Variable Name    | Operation| DSP| FF| LUT| Bitwidth P0| Bitwidth P1|
    +---------------------+----------+----+---+----+------------+------------+
    |empty_175_fu_124_p2  |      icmp|   0|  0|  39|          32|           1|
    |empty_176_fu_138_p2  |      icmp|   0|  0|  39|          32|           1|
    |smax1_fu_143_p3      |    select|   0|  0|  31|           1|          31|
    |smax_fu_130_p3       |    select|   0|  0|  31|           1|          31|
    +---------------------+----------+----+---+----+------------+------------+
    |Total                |          |   0|  0| 140|          66|          64|
    +---------------------+----------+----+---+----+------------+------------+

    * Multiplexer: 
    +--------------------------------+----+-----------+-----+-----------+
    |              Name              | LUT| Input Size| Bits| Total Bits|
    +--------------------------------+----+-----------+-----+-----------+
    |ap_NS_fsm                       |  37|          7|    1|          7|
    |targetGeometry_data_s_address1  |  20|          4|   10|         40|
    |targetGeometry_data_s_ce1       |  20|          4|    1|          4|
    |targetGeometry_data_s_d1        |  20|          4|    1|          4|
    |targetGeometry_data_s_we1       |  20|          4|    1|          4|
    +--------------------------------+----+-----------+-----+-----------+
    |Total                           | 117|         23|   14|         59|
    +--------------------------------+----+-----------+-----+-----------+

    * Register: 
    +--------------------------------------------------------------------------------------+----+----+-----+-----------+
    |                                         Name                                         | FF | LUT| Bits| Const Bits|
    +--------------------------------------------------------------------------------------+----+----+-----+-----------+
    |ap_CS_fsm                                                                             |   6|   0|    6|          0|
    |bound_reg_206                                                                         |  62|   0|   62|          0|
    |empty_reg_176                                                                         |  31|   0|   31|          0|
    |grp_load_target_geometry_Pipeline_VITIS_LOOP_342_1_fu_66_ap_start_reg                 |   1|   0|    1|          0|
    |grp_load_target_geometry_Pipeline_VITIS_LOOP_348_2_fu_73_ap_start_reg                 |   1|   0|    1|          0|
    |grp_load_target_geometry_Pipeline_VITIS_LOOP_42_1_VITIS_LOOP_44_2_fu_80_ap_start_reg  |   1|   0|    1|          0|
    |i_reg_191                                                                             |  64|   0|   64|          0|
    |sext_ln40_1_reg_186                                                                   |  64|   0|   64|          0|
    |sext_ln40_reg_181                                                                     |  64|   0|   64|          0|
    |smax_reg_201                                                                          |  31|   0|   31|          0|
    |trunc_ln348_reg_196                                                                   |  11|   0|   11|          0|
    +--------------------------------------------------------------------------------------+----+----+-----+-----------+
    |Total                                                                                 | 336|   0|  336|          0|
    +--------------------------------------------------------------------------------------+----+----+-----+-----------+



================================================================
== Interface
================================================================
* Summary: 
+--------------------------------+-----+-----+------------+---------------------------+--------------+
|            RTL Ports           | Dir | Bits|  Protocol  |       Source Object       |    C Type    |
+--------------------------------+-----+-----+------------+---------------------------+--------------+
|ap_clk                          |   in|    1|  ap_ctrl_hs|       load_target_geometry|  return value|
|ap_rst                          |   in|    1|  ap_ctrl_hs|       load_target_geometry|  return value|
|ap_start                        |   in|    1|  ap_ctrl_hs|       load_target_geometry|  return value|
|ap_done                         |  out|    1|  ap_ctrl_hs|       load_target_geometry|  return value|
|ap_idle                         |  out|    1|  ap_ctrl_hs|       load_target_geometry|  return value|
|ap_ready                        |  out|    1|  ap_ctrl_hs|       load_target_geometry|  return value|
|ap_return_0                     |  out|   64|  ap_ctrl_hs|       load_target_geometry|  return value|
|ap_return_1                     |  out|   64|  ap_ctrl_hs|       load_target_geometry|  return value|
|m_axi_gmem4_0_AWVALID           |  out|    1|       m_axi|                      gmem4|       pointer|
|m_axi_gmem4_0_AWREADY           |   in|    1|       m_axi|                      gmem4|       pointer|
|m_axi_gmem4_0_AWADDR            |  out|   64|       m_axi|                      gmem4|       pointer|
|m_axi_gmem4_0_AWID              |  out|    1|       m_axi|                      gmem4|       pointer|
|m_axi_gmem4_0_AWLEN             |  out|   32|       m_axi|                      gmem4|       pointer|
|m_axi_gmem4_0_AWSIZE            |  out|    3|       m_axi|                      gmem4|       pointer|
|m_axi_gmem4_0_AWBURST           |  out|    2|       m_axi|                      gmem4|       pointer|
|m_axi_gmem4_0_AWLOCK            |  out|    2|       m_axi|                      gmem4|       pointer|
|m_axi_gmem4_0_AWCACHE           |  out|    4|       m_axi|                      gmem4|       pointer|
|m_axi_gmem4_0_AWPROT            |  out|    3|       m_axi|                      gmem4|       pointer|
|m_axi_gmem4_0_AWQOS             |  out|    4|       m_axi|                      gmem4|       pointer|
|m_axi_gmem4_0_AWREGION          |  out|    4|       m_axi|                      gmem4|       pointer|
|m_axi_gmem4_0_AWUSER            |  out|    1|       m_axi|                      gmem4|       pointer|
|m_axi_gmem4_0_WVALID            |  out|    1|       m_axi|                      gmem4|       pointer|
|m_axi_gmem4_0_WREADY            |   in|    1|       m_axi|                      gmem4|       pointer|
|m_axi_gmem4_0_WDATA             |  out|    8|       m_axi|                      gmem4|       pointer|
|m_axi_gmem4_0_WSTRB             |  out|    1|       m_axi|                      gmem4|       pointer|
|m_axi_gmem4_0_WLAST             |  out|    1|       m_axi|                      gmem4|       pointer|
|m_axi_gmem4_0_WID               |  out|    1|       m_axi|                      gmem4|       pointer|
|m_axi_gmem4_0_WUSER             |  out|    1|       m_axi|                      gmem4|       pointer|
|m_axi_gmem4_0_ARVALID           |  out|    1|       m_axi|                      gmem4|       pointer|
|m_axi_gmem4_0_ARREADY           |   in|    1|       m_axi|                      gmem4|       pointer|
|m_axi_gmem4_0_ARADDR            |  out|   64|       m_axi|                      gmem4|       pointer|
|m_axi_gmem4_0_ARID              |  out|    1|       m_axi|                      gmem4|       pointer|
|m_axi_gmem4_0_ARLEN             |  out|   32|       m_axi|                      gmem4|       pointer|
|m_axi_gmem4_0_ARSIZE            |  out|    3|       m_axi|                      gmem4|       pointer|
|m_axi_gmem4_0_ARBURST           |  out|    2|       m_axi|                      gmem4|       pointer|
|m_axi_gmem4_0_ARLOCK            |  out|    2|       m_axi|                      gmem4|       pointer|
|m_axi_gmem4_0_ARCACHE           |  out|    4|       m_axi|                      gmem4|       pointer|
|m_axi_gmem4_0_ARPROT            |  out|    3|       m_axi|                      gmem4|       pointer|
|m_axi_gmem4_0_ARQOS             |  out|    4|       m_axi|                      gmem4|       pointer|
|m_axi_gmem4_0_ARREGION          |  out|    4|       m_axi|                      gmem4|       pointer|
|m_axi_gmem4_0_ARUSER            |  out|    1|       m_axi|                      gmem4|       pointer|
|m_axi_gmem4_0_RVALID            |   in|    1|       m_axi|                      gmem4|       pointer|
|m_axi_gmem4_0_RREADY            |  out|    1|       m_axi|                      gmem4|       pointer|
|m_axi_gmem4_0_RDATA             |   in|    8|       m_axi|                      gmem4|       pointer|
|m_axi_gmem4_0_RLAST             |   in|    1|       m_axi|                      gmem4|       pointer|
|m_axi_gmem4_0_RID               |   in|    1|       m_axi|                      gmem4|       pointer|
|m_axi_gmem4_0_RFIFONUM          |   in|   11|       m_axi|                      gmem4|       pointer|
|m_axi_gmem4_0_RUSER             |   in|    1|       m_axi|                      gmem4|       pointer|
|m_axi_gmem4_0_RRESP             |   in|    2|       m_axi|                      gmem4|       pointer|
|m_axi_gmem4_0_BVALID            |   in|    1|       m_axi|                      gmem4|       pointer|
|m_axi_gmem4_0_BREADY            |  out|    1|       m_axi|                      gmem4|       pointer|
|m_axi_gmem4_0_BRESP             |   in|    2|       m_axi|                      gmem4|       pointer|
|m_axi_gmem4_0_BID               |   in|    1|       m_axi|                      gmem4|       pointer|
|m_axi_gmem4_0_BUSER             |   in|    1|       m_axi|                      gmem4|       pointer|
|targetGeometry_mem              |   in|   64|     ap_none|         targetGeometry_mem|        scalar|
|targetGeometry_rows_write       |   in|   32|     ap_none|  targetGeometry_rows_write|        scalar|
|targetGeometry_cols_write       |   in|   32|     ap_none|  targetGeometry_cols_write|        scalar|
|targetGeometry_data_s_address1  |  out|   10|   ap_memory|      targetGeometry_data_s|         array|
|targetGeometry_data_s_ce1       |  out|    1|   ap_memory|      targetGeometry_data_s|         array|
|targetGeometry_data_s_we1       |  out|    1|   ap_memory|      targetGeometry_data_s|         array|
|targetGeometry_data_s_d1        |  out|    1|   ap_memory|      targetGeometry_data_s|         array|
+--------------------------------+-----+-----+------------+---------------------------+--------------+

