

================================================================
== Vitis HLS Report for 'push_back_Pipeline_VITIS_LOOP_601_1'
================================================================
* Date:           Sat Mar 28 14:02:44 2026

* Version:        2024.2 (Build 5238294 on Nov  8 2024)
* Project:        atomflow_controller_2024_2
* Solution:       hls (Vivado IP Flow Target)
* Product family: zynquplusRFSOC
* Target device:  xczu49dr-ffvf1760-2-e


================================================================
== Performance Estimates
================================================================
+ Timing: 
    * Summary: 
    +--------+----------+----------+------------+
    |  Clock |  Target  | Estimated| Uncertainty|
    +--------+----------+----------+------------+
    |ap_clk  |  10.00 ns|  6.938 ns|     2.70 ns|
    +--------+----------+----------+------------+

+ Latency: 
    * Summary: 
    +---------+---------+----------+----------+-----+-----+------------------------------------------------+
    |  Latency (cycles) |  Latency (absolute) |  Interval |                    Pipeline                    |
    |   min   |   max   |    min   |    max   | min | max |                      Type                      |
    +---------+---------+----------+----------+-----+-----+------------------------------------------------+
    |      338|      338|  3.380 us|  3.380 us|  337|  337|  loop auto-rewind stp (delay=0 clock cycles(s))|
    +---------+---------+----------+----------+-----+-----+------------------------------------------------+

    + Detail: 
        * Instance: 
        N/A

        * Loop: 
        +--------------------+---------+---------+----------+-----------+-----------+------+----------+
        |                    |  Latency (cycles) | Iteration|  Initiation Interval  | Trip |          |
        |      Loop Name     |   min   |   max   |  Latency |  achieved |   target  | Count| Pipelined|
        +--------------------+---------+---------+----------+-----------+-----------+------+----------+
        |- VITIS_LOOP_601_1  |      336|      336|        17|         16|          1|    21|       yes|
        +--------------------+---------+---------+----------+-----------+-----------+------+----------+



================================================================
== Utilization Estimates
================================================================
* Summary: 
+-----------------+---------+------+--------+--------+-----+
|       Name      | BRAM_18K|  DSP |   FF   |   LUT  | URAM|
+-----------------+---------+------+--------+--------+-----+
|DSP              |        -|     -|       -|       -|    -|
|Expression       |        -|     -|       0|   10964|    -|
|FIFO             |        -|     -|       -|       -|    -|
|Instance         |        -|     -|       -|       -|    -|
|Memory           |        -|     -|       -|       -|    -|
|Multiplexer      |        -|     -|       0|     306|    -|
|Register         |        -|     -|    1359|       -|    -|
+-----------------+---------+------+--------+--------+-----+
|Total            |        0|     0|    1359|   11270|    0|
+-----------------+---------+------+--------+--------+-----+
|Available        |     2160|  4272|  850560|  425280|   80|
+-----------------+---------+------+--------+--------+-----+
|Utilization (%)  |        0|     0|      ~0|       2|    0|
+-----------------+---------+------+--------+--------+-----+

+ Detail: 
    * Instance: 
    N/A

    * DSP: 
    N/A

    * Memory: 
    N/A

    * FIFO: 
    N/A

    * Expression: 
    +---------------------------+----------+----+---+-----+------------+------------+
    |       Variable Name       | Operation| DSP| FF| LUT | Bitwidth P0| Bitwidth P1|
    +---------------------------+----------+----+---+-----+------------+------------+
    |add_ln601_fu_520_p2        |         +|   0|  0|   12|           5|           1|
    |word_11_fu_1139_p4         |      1003|   0|  0|    2|         512|           8|
    |word_13_fu_1169_p4         |      1003|   0|  0|    2|         512|           8|
    |word_15_fu_1199_p4         |      1003|   0|  0|    2|         512|           8|
    |word_17_fu_1229_p4         |      1003|   0|  0|    2|         512|           8|
    |word_19_fu_1259_p4         |      1003|   0|  0|    2|         512|           8|
    |word_21_fu_1289_p4         |      1003|   0|  0|    2|         512|           8|
    |word_23_fu_1319_p4         |      1003|   0|  0|    2|         512|           8|
    |word_25_fu_1349_p4         |      1003|   0|  0|    2|         512|           8|
    |word_27_fu_1379_p4         |      1003|   0|  0|    2|         512|           8|
    |word_29_fu_1442_p4         |      1003|   0|  0|    2|         512|           8|
    |word_31_fu_1470_p4         |      1003|   0|  0|    2|         512|           8|
    |word_33_fu_1501_p4         |      1003|   0|  0|    2|         512|           8|
    |word_35_fu_1531_p4         |      1003|   0|  0|    2|         512|           8|
    |word_37_fu_1566_p4         |      1003|   0|  0|    2|         512|           8|
    |word_39_fu_1597_p4         |      1003|   0|  0|    2|         512|           8|
    |word_41_fu_1632_p4         |      1003|   0|  0|    2|         512|           8|
    |word_43_fu_1663_p4         |      1003|   0|  0|    2|         512|           8|
    |word_9_fu_1109_p4          |      1003|   0|  0|    2|         512|           8|
    |ap_block_pp0_stage0_01001  |       and|   0|  0|    2|           1|           1|
    |icmp_ln601_fu_514_p2       |      icmp|   0|  0|   12|           5|           5|
    |icmp_ln608_10_fu_1283_p2   |      icmp|   0|  0|   18|          11|          11|
    |icmp_ln608_11_fu_1313_p2   |      icmp|   0|  0|   18|          11|          11|
    |icmp_ln608_12_fu_1343_p2   |      icmp|   0|  0|   18|          11|          11|
    |icmp_ln608_13_fu_1373_p2   |      icmp|   0|  0|   18|          11|          11|
    |icmp_ln608_14_fu_1436_p2   |      icmp|   0|  0|   18|          11|          11|
    |icmp_ln608_15_fu_1464_p2   |      icmp|   0|  0|   18|          11|          11|
    |icmp_ln608_16_fu_1495_p2   |      icmp|   0|  0|   18|          11|          11|
    |icmp_ln608_17_fu_1525_p2   |      icmp|   0|  0|   18|          11|          11|
    |icmp_ln608_18_fu_1556_p2   |      icmp|   0|  0|   18|          11|          11|
    |icmp_ln608_19_fu_1591_p2   |      icmp|   0|  0|   18|          11|          11|
    |icmp_ln608_1_fu_976_p2     |      icmp|   0|  0|   18|          11|          11|
    |icmp_ln608_20_fu_1622_p2   |      icmp|   0|  0|   18|          11|          11|
    |icmp_ln608_21_fu_1657_p2   |      icmp|   0|  0|   18|          11|          11|
    |icmp_ln608_2_fu_1009_p2    |      icmp|   0|  0|   18|          11|          11|
    |icmp_ln608_3_fu_1037_p2    |      icmp|   0|  0|   18|          11|          11|
    |icmp_ln608_4_fu_1103_p2    |      icmp|   0|  0|   18|          11|          11|
    |icmp_ln608_5_fu_1133_p2    |      icmp|   0|  0|   18|          11|          11|
    |icmp_ln608_6_fu_1163_p2    |      icmp|   0|  0|   18|          11|          11|
    |icmp_ln608_7_fu_1193_p2    |      icmp|   0|  0|   18|          11|          11|
    |icmp_ln608_8_fu_1223_p2    |      icmp|   0|  0|   18|          11|          11|
    |icmp_ln608_9_fu_1253_p2    |      icmp|   0|  0|   18|          11|          11|
    |icmp_ln608_fu_925_p2       |      icmp|   0|  0|   18|          11|          11|
    |moveStream_TDATA           |    select|   0|  0|  505|           1|         512|
    |word_10_fu_1118_p3         |    select|   0|  0|  505|           1|         512|
    |word_12_fu_1148_p3         |    select|   0|  0|  505|           1|         512|
    |word_14_fu_1178_p3         |    select|   0|  0|  505|           1|         512|
    |word_16_fu_1208_p3         |    select|   0|  0|  505|           1|         512|
    |word_18_fu_1238_p3         |    select|   0|  0|  505|           1|         512|
    |word_20_fu_1268_p3         |    select|   0|  0|  505|           1|         512|
    |word_22_fu_1298_p3         |    select|   0|  0|  505|           1|         512|
    |word_24_fu_1328_p3         |    select|   0|  0|  505|           1|         512|
    |word_26_fu_1358_p3         |    select|   0|  0|  505|           1|         512|
    |word_28_fu_1389_p3         |    select|   0|  0|  505|           1|         512|
    |word_2_fu_957_p3           |    select|   0|  0|  295|           1|         344|
    |word_30_fu_1450_p3         |    select|   0|  0|  505|           1|         512|
    |word_32_fu_1480_p3         |    select|   0|  0|  505|           1|         512|
    |word_34_fu_1510_p3         |    select|   0|  0|  505|           1|         512|
    |word_36_fu_1541_p3         |    select|   0|  0|  505|           1|         512|
    |word_38_fu_1576_p3         |    select|   0|  0|  505|           1|         512|
    |word_40_fu_1607_p3         |    select|   0|  0|  505|           1|         512|
    |word_42_fu_1642_p3         |    select|   0|  0|  505|           1|         512|
    |word_4_fu_990_p3           |    select|   0|  0|  303|           1|         352|
    |word_6_fu_1022_p3          |    select|   0|  0|  311|           1|         360|
    |word_8_fu_1089_p3          |    select|   0|  0|  505|           1|         512|
    |ap_enable_pp0              |       xor|   0|  0|    2|           1|           2|
    +---------------------------+----------+----+---+-----+------------+------------+
    |Total                      |          |   0|  0|10964|        9492|       11179|
    +---------------------------+----------+----+---+-----+------------+------------+

    * Multiplexer: 
    +-----------------------------+----+-----------+-----+-----------+
    |             Name            | LUT| Input Size| Bits| Total Bits|
    +-----------------------------+----+-----------+-----+-----------+
    |ap_NS_fsm                    |  81|         17|    1|         17|
    |ap_done_int                  |   9|          2|    1|          2|
    |ap_enable_reg_pp0_iter0      |   9|          2|    1|          2|
    |ap_enable_reg_pp0_iter0_reg  |   9|          2|    1|          2|
    |ap_enable_reg_pp0_iter1      |   9|          2|    1|          2|
    |ap_sig_allocacmp_w_1         |   9|          2|    5|         10|
    |moveStream_TDATA_blk_n       |   9|          2|    1|          2|
    |move_address0_local          |  81|         17|   10|        170|
    |move_address1_local          |  81|         17|   10|        170|
    |w_fu_202                     |   9|          2|    5|         10|
    +-----------------------------+----+-----------+-----+-----------+
    |Total                        | 306|         65|   36|        387|
    +-----------------------------+----+-----------+-----+-----------+

    * Register: 
    +-----------------------------+-----+----+-----+-----------+
    |             Name            |  FF | LUT| Bits| Const Bits|
    +-----------------------------+-----+----+-----+-----------+
    |ap_CS_fsm                    |   16|   0|   16|          0|
    |ap_done_reg                  |    1|   0|    1|          0|
    |ap_enable_reg_pp0_iter0_reg  |    1|   0|    1|          0|
    |ap_enable_reg_pp0_iter1      |    1|   0|    1|          0|
    |icmp_ln601_reg_1745          |    1|   0|    1|          0|
    |icmp_ln608_3_reg_2061        |    1|   0|    1|          0|
    |move_load_10_reg_1869        |   16|   0|   16|          0|
    |move_load_11_reg_1875        |   16|   0|   16|          0|
    |move_load_12_reg_1891        |   16|   0|   16|          0|
    |move_load_13_reg_1897        |   16|   0|   16|          0|
    |move_load_14_reg_1913        |   16|   0|   16|          0|
    |move_load_15_reg_1919        |   16|   0|   16|          0|
    |move_load_16_reg_1935        |   16|   0|   16|          0|
    |move_load_17_reg_1941        |   16|   0|   16|          0|
    |move_load_18_reg_1957        |   16|   0|   16|          0|
    |move_load_19_reg_1963        |   16|   0|   16|          0|
    |move_load_1_reg_1765         |   16|   0|   16|          0|
    |move_load_20_reg_1979        |   16|   0|   16|          0|
    |move_load_2_reg_1781         |   16|   0|   16|          0|
    |move_load_3_reg_1787         |   16|   0|   16|          0|
    |move_load_4_reg_1803         |   16|   0|   16|          0|
    |move_load_5_reg_1809         |   16|   0|   16|          0|
    |move_load_6_reg_1825         |   16|   0|   16|          0|
    |move_load_7_reg_1831         |   16|   0|   16|          0|
    |move_load_8_reg_1847         |   16|   0|   16|          0|
    |move_load_9_reg_1853         |   16|   0|   16|          0|
    |move_load_reg_1759           |   16|   0|   16|          0|
    |reg_498                      |    8|   0|    8|          0|
    |reg_502                      |    8|   0|    8|          0|
    |trunc_ln609_10_reg_2066      |    8|   0|    8|          0|
    |trunc_ln609_11_reg_2076      |    8|   0|    8|          0|
    |trunc_ln609_13_reg_2097      |    8|   0|    8|          0|
    |trunc_ln609_15_reg_2102      |    8|   0|    8|          0|
    |trunc_ln609_2_reg_2000       |    8|   0|    8|          0|
    |trunc_ln609_4_reg_2005       |    8|   0|    8|          0|
    |trunc_ln609_5_reg_2010       |    8|   0|    8|          0|
    |trunc_ln609_6_reg_2025       |    8|   0|    8|          0|
    |trunc_ln609_7_reg_2030       |    8|   0|    8|          0|
    |trunc_ln609_8_reg_2035       |    8|   0|    8|          0|
    |trunc_ln609_9_reg_2040       |    8|   0|    8|          0|
    |trunc_ln609_reg_1985         |    8|   0|    8|          0|
    |trunc_ln609_s_reg_2071       |    8|   0|    8|          0|
    |w_1_reg_1689                 |    5|   0|    5|          0|
    |w_fu_202                     |    5|   0|    5|          0|
    |word_28_reg_2091             |  512|   0|  512|          0|
    |word_6_reg_2055              |  360|   0|  360|          0|
    +-----------------------------+-----+----+-----+-----------+
    |Total                        | 1359|   0| 1359|          0|
    +-----------------------------+-----+----+-----+-----------+



================================================================
== Interface
================================================================
* Summary: 
+-------------------+-----+-----+------------+-------------------------------------+--------------+
|     RTL Ports     | Dir | Bits|  Protocol  |            Source Object            |    C Type    |
+-------------------+-----+-----+------------+-------------------------------------+--------------+
|ap_clk             |   in|    1|  ap_ctrl_hs|  push_back_Pipeline_VITIS_LOOP_601_1|  return value|
|ap_rst             |   in|    1|  ap_ctrl_hs|  push_back_Pipeline_VITIS_LOOP_601_1|  return value|
|ap_start           |   in|    1|  ap_ctrl_hs|  push_back_Pipeline_VITIS_LOOP_601_1|  return value|
|ap_done            |  out|    1|  ap_ctrl_hs|  push_back_Pipeline_VITIS_LOOP_601_1|  return value|
|ap_idle            |  out|    1|  ap_ctrl_hs|  push_back_Pipeline_VITIS_LOOP_601_1|  return value|
|ap_ready           |  out|    1|  ap_ctrl_hs|  push_back_Pipeline_VITIS_LOOP_601_1|  return value|
|moveStream_TREADY  |   in|    1|        axis|                           moveStream|       pointer|
|moveStream_TDATA   |  out|  512|        axis|                           moveStream|       pointer|
|moveStream_TVALID  |  out|    1|        axis|                           moveStream|       pointer|
|move_address0      |  out|   10|   ap_memory|                                 move|         array|
|move_ce0           |  out|    1|   ap_memory|                                 move|         array|
|move_q0            |   in|   16|   ap_memory|                                 move|         array|
|move_address1      |  out|   10|   ap_memory|                                 move|         array|
|move_ce1           |  out|    1|   ap_memory|                                 move|         array|
|move_q1            |   in|   16|   ap_memory|                                 move|         array|
+-------------------+-----+-----+------------+-------------------------------------+--------------+

