

================================================================
== Vitis HLS Report for 'sortArray_impl_state_accessor_HLSMoveStream_s'
================================================================
* Date:           Sat Mar 28 14:02:49 2026

* Version:        2024.2 (Build 5238294 on Nov  8 2024)
* Project:        atomflow_controller_2024_2
* Solution:       hls (Vivado IP Flow Target)
* Product family: zynquplusRFSOC
* Target device:  xczu49dr-ffvf1760-2-e


================================================================
== Performance Estimates
================================================================
+ Timing: 
    * Summary: 
    +--------+----------+----------+------------+
    |  Clock |  Target  | Estimated| Uncertainty|
    +--------+----------+----------+------------+
    |ap_clk  |  10.00 ns|  6.938 ns|     2.70 ns|
    +--------+----------+----------+------------+

+ Latency: 
    * Summary: 
    +---------+----------+-----------+-----------+-----+----------+---------+
    |  Latency (cycles)  |   Latency (absolute)  |    Interval    | Pipeline|
    |   min   |    max   |    min    |    max    | min |    max   |   Type  |
    +---------+----------+-----------+-----------+-----+----------+---------+
    |        3|  10006860|  30.000 ns|  0.100 sec|    3|  10006860|       no|
    +---------+----------+-----------+-----------+-----+----------+---------+

    + Detail: 
        * Instance: 
        +-------------------------------------------------------+--------------------------------------------+---------+---------+-----------+-----------+------+---------+---------+
        |                                                       |                                            |  Latency (cycles) |   Latency (absolute)  |    Interval    | Pipeline|
        |                        Instance                       |                   Module                   |   min   |   max   |    min    |    max    |  min |   max   |   Type  |
        +-------------------------------------------------------+--------------------------------------------+---------+---------+-----------+-----------+------+---------+---------+
        |grp_findUnusableAtoms_fu_213                           |findUnusableAtoms                           |        1|     5387|  10.000 ns|  53.870 us|     1|     5387|       no|
        |grp_clearFirstNRowsOrCols_HLSMoveStream_s_fu_288       |clearFirstNRowsOrCols_HLSMoveStream_s       |     3573|   157327|  35.730 us|   1.573 ms|  3573|   157327|       no|
        |grp_sortRemainingRowsOrCols_HLSMoveStream_s_fu_299     |sortRemainingRowsOrCols_HLSMoveStream_s     |       12|  9594273|   0.120 us|  95.943 ms|    12|  9594273|       no|
        |grp_resolveSortingDeficiencies_HLSMoveStream_s_fu_342  |resolveSortingDeficiencies_HLSMoveStream_s  |        1|   249866|  10.000 ns|   2.499 ms|     1|   249866|       no|
        +-------------------------------------------------------+--------------------------------------------+---------+---------+-----------+-----------+------+---------+---------+

        * Loop: 
        N/A



================================================================
== Utilization Estimates
================================================================
* Summary: 
+-----------------+---------+------+--------+--------+-----+
|       Name      | BRAM_18K|  DSP |   FF   |   LUT  | URAM|
+-----------------+---------+------+--------+--------+-----+
|DSP              |        -|     -|       -|       -|    -|
|Expression       |        -|     -|       0|      10|    -|
|FIFO             |        -|     -|       -|       -|    -|
|Instance         |      141|     8|   30280|   88081|    0|
|Memory           |      172|     -|       0|       0|    -|
|Multiplexer      |        -|     -|       0|    2851|    -|
|Register         |        -|     -|     696|       -|    -|
+-----------------+---------+------+--------+--------+-----+
|Total            |      313|     8|   30976|   90942|    0|
+-----------------+---------+------+--------+--------+-----+
|Available        |     2160|  4272|  850560|  425280|   80|
+-----------------+---------+------+--------+--------+-----+
|Utilization (%)  |       14|    ~0|       3|      21|    0|
+-----------------+---------+------+--------+--------+-----+

+ Detail: 
    * Instance: 
    +-------------------------------------------------------+--------------------------------------------+---------+----+-------+-------+-----+
    |                        Instance                       |                   Module                   | BRAM_18K| DSP|   FF  |  LUT  | URAM|
    +-------------------------------------------------------+--------------------------------------------+---------+----+-------+-------+-----+
    |grp_clearFirstNRowsOrCols_HLSMoveStream_s_fu_288       |clearFirstNRowsOrCols_HLSMoveStream_s       |        3|   2|   3333|  16485|    0|
    |grp_findUnusableAtoms_fu_213                           |findUnusableAtoms                           |        0|   1|    249|   1933|    0|
    |grp_resolveSortingDeficiencies_HLSMoveStream_s_fu_342  |resolveSortingDeficiencies_HLSMoveStream_s  |        1|   2|   4111|  18812|    0|
    |grp_sortRemainingRowsOrCols_HLSMoveStream_s_fu_299     |sortRemainingRowsOrCols_HLSMoveStream_s     |      137|   3|  22587|  50851|    0|
    +-------------------------------------------------------+--------------------------------------------+---------+----+-------+-------+-----+
    |Total                                                  |                                            |      141|   8|  30280|  88081|    0|
    +-------------------------------------------------------+--------------------------------------------+---------+----+-------+-------+-----+

    * DSP: 
    N/A

    * Memory: 
    +--------------------------------------+----------------------------------------------------------------------------------+---------+---+----+-----+-------+-----+------+-------------+
    |                Memory                |                                      Module                                      | BRAM_18K| FF| LUT| URAM| Words | Bits| Banks| W*Bits*Banks|
    +--------------------------------------+----------------------------------------------------------------------------------+---------+---+----+-----+-------+-----+------+-------------+
    |unusableInfo_targetSites_data_U       |sortArray_impl_state_accessor_HLSMoveStream_s_unusableInfo_targetSites_data_Rudo  |       32|  0|   0|    0|  65536|    8|     1|       524288|
    |unusableInfo_usableAtoms_count_U      |sortArray_impl_state_accessor_HLSMoveStream_s_unusableInfo_usableAtoms_count_eOg  |        1|  0|   0|    0|     32|   16|     1|          512|
    |unusableInfo_usableAtoms_count_1_U    |sortArray_impl_state_accessor_HLSMoveStream_s_unusableInfo_usableAtoms_count_eOg  |        1|  0|   0|    0|     32|   16|     1|          512|
    |unusableInfo_usableAtoms_count_2_U    |sortArray_impl_state_accessor_HLSMoveStream_s_unusableInfo_usableAtoms_count_eOg  |        1|  0|   0|    0|     32|   16|     1|          512|
    |unusableInfo_usableAtoms_count_3_U    |sortArray_impl_state_accessor_HLSMoveStream_s_unusableInfo_usableAtoms_count_eOg  |        1|  0|   0|    0|     32|   16|     1|          512|
    |unusableInfo_usableAtoms_count_4_U    |sortArray_impl_state_accessor_HLSMoveStream_s_unusableInfo_usableAtoms_count_eOg  |        1|  0|   0|    0|     32|   16|     1|          512|
    |unusableInfo_usableAtoms_count_5_U    |sortArray_impl_state_accessor_HLSMoveStream_s_unusableInfo_usableAtoms_count_eOg  |        1|  0|   0|    0|     32|   16|     1|          512|
    |unusableInfo_usableAtoms_count_6_U    |sortArray_impl_state_accessor_HLSMoveStream_s_unusableInfo_usableAtoms_count_eOg  |        1|  0|   0|    0|     32|   16|     1|          512|
    |unusableInfo_usableAtoms_count_7_U    |sortArray_impl_state_accessor_HLSMoveStream_s_unusableInfo_usableAtoms_count_eOg  |        1|  0|   0|    0|     32|   16|     1|          512|
    |unusableInfo_unusableAtoms_count_U    |sortArray_impl_state_accessor_HLSMoveStream_s_unusableInfo_usableAtoms_count_eOg  |        1|  0|   0|    0|     32|   16|     1|          512|
    |unusableInfo_unusableAtoms_count_1_U  |sortArray_impl_state_accessor_HLSMoveStream_s_unusableInfo_usableAtoms_count_eOg  |        1|  0|   0|    0|     32|   16|     1|          512|
    |unusableInfo_unusableAtoms_count_2_U  |sortArray_impl_state_accessor_HLSMoveStream_s_unusableInfo_usableAtoms_count_eOg  |        1|  0|   0|    0|     32|   16|     1|          512|
    |unusableInfo_unusableAtoms_count_3_U  |sortArray_impl_state_accessor_HLSMoveStream_s_unusableInfo_usableAtoms_count_eOg  |        1|  0|   0|    0|     32|   16|     1|          512|
    |unusableInfo_unusableAtoms_count_4_U  |sortArray_impl_state_accessor_HLSMoveStream_s_unusableInfo_usableAtoms_count_eOg  |        1|  0|   0|    0|     32|   16|     1|          512|
    |unusableInfo_unusableAtoms_count_5_U  |sortArray_impl_state_accessor_HLSMoveStream_s_unusableInfo_usableAtoms_count_eOg  |        1|  0|   0|    0|     32|   16|     1|          512|
    |unusableInfo_unusableAtoms_count_6_U  |sortArray_impl_state_accessor_HLSMoveStream_s_unusableInfo_usableAtoms_count_eOg  |        1|  0|   0|    0|     32|   16|     1|          512|
    |unusableInfo_unusableAtoms_count_7_U  |sortArray_impl_state_accessor_HLSMoveStream_s_unusableInfo_usableAtoms_count_eOg  |        1|  0|   0|    0|     32|   16|     1|          512|
    |unusableInfo_targetSites_count_U      |sortArray_impl_state_accessor_HLSMoveStream_s_unusableInfo_usableAtoms_count_eOg  |        1|  0|   0|    0|     32|   16|     1|          512|
    |unusableInfo_targetSites_count_1_U    |sortArray_impl_state_accessor_HLSMoveStream_s_unusableInfo_usableAtoms_count_eOg  |        1|  0|   0|    0|     32|   16|     1|          512|
    |unusableInfo_targetSites_count_2_U    |sortArray_impl_state_accessor_HLSMoveStream_s_unusableInfo_usableAtoms_count_eOg  |        1|  0|   0|    0|     32|   16|     1|          512|
    |unusableInfo_targetSites_count_3_U    |sortArray_impl_state_accessor_HLSMoveStream_s_unusableInfo_usableAtoms_count_eOg  |        1|  0|   0|    0|     32|   16|     1|          512|
    |unusableInfo_targetSites_count_4_U    |sortArray_impl_state_accessor_HLSMoveStream_s_unusableInfo_usableAtoms_count_eOg  |        1|  0|   0|    0|     32|   16|     1|          512|
    |unusableInfo_targetSites_count_5_U    |sortArray_impl_state_accessor_HLSMoveStream_s_unusableInfo_usableAtoms_count_eOg  |        1|  0|   0|    0|     32|   16|     1|          512|
    |unusableInfo_targetSites_count_6_U    |sortArray_impl_state_accessor_HLSMoveStream_s_unusableInfo_usableAtoms_count_eOg  |        1|  0|   0|    0|     32|   16|     1|          512|
    |unusableInfo_targetSites_count_7_U    |sortArray_impl_state_accessor_HLSMoveStream_s_unusableInfo_usableAtoms_count_eOg  |        1|  0|   0|    0|     32|   16|     1|          512|
    |unusableInfo_usableAtoms_data_U       |sortArray_impl_state_accessor_HLSMoveStream_s_unusableInfo_usableAtoms_data_RdEe  |      116|  0|   0|    0|  65536|   32|     1|      2097152|
    +--------------------------------------+----------------------------------------------------------------------------------+---------+---+----+-----+-------+-----+------+-------------+
    |Total                                 |                                                                                  |      172|  0|   0|    0| 131840|  424|    26|      2633728|
    +--------------------------------------+----------------------------------------------------------------------------------+---------+---+----+-----+-------+-----+------+-------------+

    * FIFO: 
    N/A

    * Expression: 
    +-------------------------------------------------------------------------+----------+----+---+----+------------+------------+
    |                              Variable Name                              | Operation| DSP| FF| LUT| Bitwidth P0| Bitwidth P1|
    +-------------------------------------------------------------------------+----------+----+---+----+------------+------------+
    |ap_block_state8_on_subcall_done                                          |       and|   0|  0|   2|           1|           1|
    |ap_predicate_op155_call_state8                                           |       and|   0|  0|   2|           1|           1|
    |grp_clearFirstNRowsOrCols_HLSMoveStream_s_fu_288_moveStream_TREADY       |       and|   0|  0|   2|           1|           1|
    |grp_resolveSortingDeficiencies_HLSMoveStream_s_fu_342_moveStream_TREADY  |       and|   0|  0|   2|           1|           1|
    |grp_sortRemainingRowsOrCols_HLSMoveStream_s_fu_299_moveStream_TREADY     |       and|   0|  0|   2|           1|           1|
    +-------------------------------------------------------------------------+----------+----+---+----+------------+------------+
    |Total                                                                    |          |   0|  0|  10|           5|           5|
    +-------------------------------------------------------------------------+----------+----+---+----+------------+------------+

    * Multiplexer: 
    +---------------------------------------------+----+-----------+-----+-----------+
    |                     Name                    | LUT| Input Size| Bits| Total Bits|
    +---------------------------------------------+----+-----------+-----+-----------+
    |UnifiedRetVal_reg_200                        |  14|          3|   32|         96|
    |ap_NS_fsm                                    |  49|          9|    1|          9|
    |ap_phi_mux_UnifiedRetVal_phi_fu_204_p6       |   9|          2|   32|         64|
    |ap_return                                    |   9|          2|   32|         64|
    |moveStream_TDATA                             |  20|          4|  512|       2048|
    |moveStream_TDATA_reg                         |  14|          3|  512|       1536|
    |moveStream_TVALID                            |  20|          4|    1|          4|
    |stateArray_data_s_address0                   |  14|          3|   10|         30|
    |stateArray_data_s_address1                   |  20|          4|   10|         40|
    |stateArray_data_s_ce0                        |  14|          3|    1|          3|
    |stateArray_data_s_ce1                        |  20|          4|    1|          4|
    |stateArray_data_s_d1                         |  20|          4|    1|          4|
    |stateArray_data_s_we1                        |  20|          4|    1|          4|
    |unusableInfo_targetSites_count_1_address0    |  20|          4|    5|         20|
    |unusableInfo_targetSites_count_1_address1    |  20|          4|    5|         20|
    |unusableInfo_targetSites_count_1_ce0         |  20|          4|    1|          4|
    |unusableInfo_targetSites_count_1_ce1         |  20|          4|    1|          4|
    |unusableInfo_targetSites_count_1_d1          |  20|          4|   16|         64|
    |unusableInfo_targetSites_count_1_we1         |  20|          4|    1|          4|
    |unusableInfo_targetSites_count_2_address0    |  20|          4|    5|         20|
    |unusableInfo_targetSites_count_2_address1    |  20|          4|    5|         20|
    |unusableInfo_targetSites_count_2_ce0         |  20|          4|    1|          4|
    |unusableInfo_targetSites_count_2_ce1         |  20|          4|    1|          4|
    |unusableInfo_targetSites_count_2_d1          |  20|          4|   16|         64|
    |unusableInfo_targetSites_count_2_we1         |  20|          4|    1|          4|
    |unusableInfo_targetSites_count_3_address0    |  20|          4|    5|         20|
    |unusableInfo_targetSites_count_3_address1    |  20|          4|    5|         20|
    |unusableInfo_targetSites_count_3_ce0         |  20|          4|    1|          4|
    |unusableInfo_targetSites_count_3_ce1         |  20|          4|    1|          4|
    |unusableInfo_targetSites_count_3_d1          |  20|          4|   16|         64|
    |unusableInfo_targetSites_count_3_we1         |  20|          4|    1|          4|
    |unusableInfo_targetSites_count_4_address0    |  20|          4|    5|         20|
    |unusableInfo_targetSites_count_4_address1    |  20|          4|    5|         20|
    |unusableInfo_targetSites_count_4_ce0         |  20|          4|    1|          4|
    |unusableInfo_targetSites_count_4_ce1         |  20|          4|    1|          4|
    |unusableInfo_targetSites_count_4_d1          |  20|          4|   16|         64|
    |unusableInfo_targetSites_count_4_we1         |  20|          4|    1|          4|
    |unusableInfo_targetSites_count_5_address0    |  20|          4|    5|         20|
    |unusableInfo_targetSites_count_5_address1    |  20|          4|    5|         20|
    |unusableInfo_targetSites_count_5_ce0         |  20|          4|    1|          4|
    |unusableInfo_targetSites_count_5_ce1         |  20|          4|    1|          4|
    |unusableInfo_targetSites_count_5_d1          |  20|          4|   16|         64|
    |unusableInfo_targetSites_count_5_we1         |  20|          4|    1|          4|
    |unusableInfo_targetSites_count_6_address0    |  20|          4|    5|         20|
    |unusableInfo_targetSites_count_6_address1    |  20|          4|    5|         20|
    |unusableInfo_targetSites_count_6_ce0         |  20|          4|    1|          4|
    |unusableInfo_targetSites_count_6_ce1         |  20|          4|    1|          4|
    |unusableInfo_targetSites_count_6_d1          |  20|          4|   16|         64|
    |unusableInfo_targetSites_count_6_we1         |  20|          4|    1|          4|
    |unusableInfo_targetSites_count_7_address0    |  20|          4|    5|         20|
    |unusableInfo_targetSites_count_7_address1    |  20|          4|    5|         20|
    |unusableInfo_targetSites_count_7_ce0         |  20|          4|    1|          4|
    |unusableInfo_targetSites_count_7_ce1         |  20|          4|    1|          4|
    |unusableInfo_targetSites_count_7_d1          |  20|          4|   16|         64|
    |unusableInfo_targetSites_count_7_we1         |  20|          4|    1|          4|
    |unusableInfo_targetSites_count_address0      |  20|          4|    5|         20|
    |unusableInfo_targetSites_count_address1      |  20|          4|    5|         20|
    |unusableInfo_targetSites_count_ce0           |  20|          4|    1|          4|
    |unusableInfo_targetSites_count_ce1           |  20|          4|    1|          4|
    |unusableInfo_targetSites_count_d1            |  20|          4|   16|         64|
    |unusableInfo_targetSites_count_we1           |  20|          4|    1|          4|
    |unusableInfo_targetSites_data_address0       |  14|          3|   16|         48|
    |unusableInfo_targetSites_data_address1       |  14|          3|   16|         48|
    |unusableInfo_targetSites_data_ce0            |  14|          3|    1|          3|
    |unusableInfo_targetSites_data_ce1            |  14|          3|    1|          3|
    |unusableInfo_targetSites_data_d1             |  14|          3|    8|         24|
    |unusableInfo_targetSites_data_we1            |  14|          3|    1|          3|
    |unusableInfo_unusableAtoms_count_1_address1  |  14|          3|    5|         15|
    |unusableInfo_unusableAtoms_count_1_ce0       |   9|          2|    1|          2|
    |unusableInfo_unusableAtoms_count_1_ce1       |  14|          3|    1|          3|
    |unusableInfo_unusableAtoms_count_1_d1        |  14|          3|   16|         48|
    |unusableInfo_unusableAtoms_count_1_we1       |  14|          3|    1|          3|
    |unusableInfo_unusableAtoms_count_2_address1  |  14|          3|    5|         15|
    |unusableInfo_unusableAtoms_count_2_ce0       |   9|          2|    1|          2|
    |unusableInfo_unusableAtoms_count_2_ce1       |  14|          3|    1|          3|
    |unusableInfo_unusableAtoms_count_2_d1        |  14|          3|   16|         48|
    |unusableInfo_unusableAtoms_count_2_we1       |  14|          3|    1|          3|
    |unusableInfo_unusableAtoms_count_3_address1  |  14|          3|    5|         15|
    |unusableInfo_unusableAtoms_count_3_ce0       |   9|          2|    1|          2|
    |unusableInfo_unusableAtoms_count_3_ce1       |  14|          3|    1|          3|
    |unusableInfo_unusableAtoms_count_3_d1        |  14|          3|   16|         48|
    |unusableInfo_unusableAtoms_count_3_we1       |  14|          3|    1|          3|
    |unusableInfo_unusableAtoms_count_4_address1  |  14|          3|    5|         15|
    |unusableInfo_unusableAtoms_count_4_ce0       |   9|          2|    1|          2|
    |unusableInfo_unusableAtoms_count_4_ce1       |  14|          3|    1|          3|
    |unusableInfo_unusableAtoms_count_4_d1        |  14|          3|   16|         48|
    |unusableInfo_unusableAtoms_count_4_we1       |  14|          3|    1|          3|
    |unusableInfo_unusableAtoms_count_5_address1  |  14|          3|    5|         15|
    |unusableInfo_unusableAtoms_count_5_ce0       |   9|          2|    1|          2|
    |unusableInfo_unusableAtoms_count_5_ce1       |  14|          3|    1|          3|
    |unusableInfo_unusableAtoms_count_5_d1        |  14|          3|   16|         48|
    |unusableInfo_unusableAtoms_count_5_we1       |  14|          3|    1|          3|
    |unusableInfo_unusableAtoms_count_6_address1  |  14|          3|    5|         15|
    |unusableInfo_unusableAtoms_count_6_ce0       |   9|          2|    1|          2|
    |unusableInfo_unusableAtoms_count_6_ce1       |  14|          3|    1|          3|
    |unusableInfo_unusableAtoms_count_6_d1        |  14|          3|   16|         48|
    |unusableInfo_unusableAtoms_count_6_we1       |  14|          3|    1|          3|
    |unusableInfo_unusableAtoms_count_7_address1  |  14|          3|    5|         15|
    |unusableInfo_unusableAtoms_count_7_ce0       |   9|          2|    1|          2|
    |unusableInfo_unusableAtoms_count_7_ce1       |  14|          3|    1|          3|
    |unusableInfo_unusableAtoms_count_7_d1        |  14|          3|   16|         48|
    |unusableInfo_unusableAtoms_count_7_we1       |  14|          3|    1|          3|
    |unusableInfo_unusableAtoms_count_address1    |  14|          3|    5|         15|
    |unusableInfo_unusableAtoms_count_ce0         |   9|          2|    1|          2|
    |unusableInfo_unusableAtoms_count_ce1         |  14|          3|    1|          3|
    |unusableInfo_unusableAtoms_count_d1          |  14|          3|   16|         48|
    |unusableInfo_unusableAtoms_count_we1         |  14|          3|    1|          3|
    |unusableInfo_usableAtoms_count_1_address0    |  20|          4|    5|         20|
    |unusableInfo_usableAtoms_count_1_address1    |  20|          4|    5|         20|
    |unusableInfo_usableAtoms_count_1_ce0         |  20|          4|    1|          4|
    |unusableInfo_usableAtoms_count_1_ce1         |  20|          4|    1|          4|
    |unusableInfo_usableAtoms_count_1_d1          |  20|          4|   16|         64|
    |unusableInfo_usableAtoms_count_1_we1         |  20|          4|    1|          4|
    |unusableInfo_usableAtoms_count_2_address0    |  20|          4|    5|         20|
    |unusableInfo_usableAtoms_count_2_address1    |  20|          4|    5|         20|
    |unusableInfo_usableAtoms_count_2_ce0         |  20|          4|    1|          4|
    |unusableInfo_usableAtoms_count_2_ce1         |  20|          4|    1|          4|
    |unusableInfo_usableAtoms_count_2_d1          |  20|          4|   16|         64|
    |unusableInfo_usableAtoms_count_2_we1         |  20|          4|    1|          4|
    |unusableInfo_usableAtoms_count_3_address0    |  20|          4|    5|         20|
    |unusableInfo_usableAtoms_count_3_address1    |  20|          4|    5|         20|
    |unusableInfo_usableAtoms_count_3_ce0         |  20|          4|    1|          4|
    |unusableInfo_usableAtoms_count_3_ce1         |  20|          4|    1|          4|
    |unusableInfo_usableAtoms_count_3_d1          |  20|          4|   16|         64|
    |unusableInfo_usableAtoms_count_3_we1         |  20|          4|    1|          4|
    |unusableInfo_usableAtoms_count_4_address0    |  20|          4|    5|         20|
    |unusableInfo_usableAtoms_count_4_address1    |  20|          4|    5|         20|
    |unusableInfo_usableAtoms_count_4_ce0         |  20|          4|    1|          4|
    |unusableInfo_usableAtoms_count_4_ce1         |  20|          4|    1|          4|
    |unusableInfo_usableAtoms_count_4_d1          |  20|          4|   16|         64|
    |unusableInfo_usableAtoms_count_4_we1         |  20|          4|    1|          4|
    |unusableInfo_usableAtoms_count_5_address0    |  20|          4|    5|         20|
    |unusableInfo_usableAtoms_count_5_address1    |  20|          4|    5|         20|
    |unusableInfo_usableAtoms_count_5_ce0         |  20|          4|    1|          4|
    |unusableInfo_usableAtoms_count_5_ce1         |  20|          4|    1|          4|
    |unusableInfo_usableAtoms_count_5_d1          |  20|          4|   16|         64|
    |unusableInfo_usableAtoms_count_5_we1         |  20|          4|    1|          4|
    |unusableInfo_usableAtoms_count_6_address0    |  20|          4|    5|         20|
    |unusableInfo_usableAtoms_count_6_address1    |  20|          4|    5|         20|
    |unusableInfo_usableAtoms_count_6_ce0         |  20|          4|    1|          4|
    |unusableInfo_usableAtoms_count_6_ce1         |  20|          4|    1|          4|
    |unusableInfo_usableAtoms_count_6_d1          |  20|          4|   16|         64|
    |unusableInfo_usableAtoms_count_6_we1         |  20|          4|    1|          4|
    |unusableInfo_usableAtoms_count_7_address0    |  20|          4|    5|         20|
    |unusableInfo_usableAtoms_count_7_address1    |  20|          4|    5|         20|
    |unusableInfo_usableAtoms_count_7_ce0         |  20|          4|    1|          4|
    |unusableInfo_usableAtoms_count_7_ce1         |  20|          4|    1|          4|
    |unusableInfo_usableAtoms_count_7_d1          |  20|          4|   16|         64|
    |unusableInfo_usableAtoms_count_7_we1         |  20|          4|    1|          4|
    |unusableInfo_usableAtoms_count_address0      |  20|          4|    5|         20|
    |unusableInfo_usableAtoms_count_address1      |  20|          4|    5|         20|
    |unusableInfo_usableAtoms_count_ce0           |  20|          4|    1|          4|
    |unusableInfo_usableAtoms_count_ce1           |  20|          4|    1|          4|
    |unusableInfo_usableAtoms_count_d1            |  20|          4|   16|         64|
    |unusableInfo_usableAtoms_count_we1           |  20|          4|    1|          4|
    |unusableInfo_usableAtoms_data_address0       |  14|          3|   16|         48|
    |unusableInfo_usableAtoms_data_address1       |  14|          3|   16|         48|
    |unusableInfo_usableAtoms_data_ce0            |  14|          3|    1|          3|
    |unusableInfo_usableAtoms_data_ce1            |  14|          3|    1|          3|
    |unusableInfo_usableAtoms_data_d1             |  14|          3|   32|         96|
    |unusableInfo_usableAtoms_data_we1            |  14|          3|    1|          3|
    +---------------------------------------------+----+-----------+-----+-----------+
    |Total                                        |2851|        581| 1912|       6660|
    +---------------------------------------------+----+-----------+-----+-----------+

    * Register: 
    +--------------------------------------------------------------------+-----+----+-----+-----------+
    |                                Name                                |  FF | LUT| Bits| Const Bits|
    +--------------------------------------------------------------------+-----+----+-----+-----------+
    |UnifiedRetVal_reg_200                                               |   32|   0|   32|          0|
    |ap_CS_fsm                                                           |    8|   0|    8|          0|
    |ap_return_preg                                                      |   32|   0|   32|          0|
    |call30_loc_reg_465                                                  |    1|   0|    1|          0|
    |call_ret5_reg_460                                                   |   32|   0|   32|          0|
    |empty_170_reg_444                                                   |   16|   0|   16|          0|
    |empty_171_reg_451                                                   |   10|   0|   10|          0|
    |empty_reg_437                                                       |   16|   0|   16|          0|
    |grp_clearFirstNRowsOrCols_HLSMoveStream_s_fu_288_ap_start_reg       |    1|   0|    1|          0|
    |grp_findUnusableAtoms_fu_213_ap_start_reg                           |    1|   0|    1|          0|
    |grp_resolveSortingDeficiencies_HLSMoveStream_s_fu_342_ap_start_reg  |    1|   0|    1|          0|
    |grp_sortRemainingRowsOrCols_HLSMoveStream_s_fu_299_ap_start_reg     |    1|   0|    1|          0|
    |moveList_count_ret_reg_469                                          |   32|   0|   32|          0|
    |moveStream_TDATA_reg                                                |  512|   0|  512|          0|
    |success_reg_456                                                     |    1|   0|    1|          0|
    +--------------------------------------------------------------------+-----+----+-----+-----------+
    |Total                                                               |  696|   0|  696|          0|
    +--------------------------------------------------------------------+-----+----+-----+-----------+



================================================================
== Interface
================================================================
* Summary: 
+--------------------------------+-----+-----+------------+----------------------------------------------+--------------+
|            RTL Ports           | Dir | Bits|  Protocol  |                 Source Object                |    C Type    |
+--------------------------------+-----+-----+------------+----------------------------------------------+--------------+
|ap_clk                          |   in|    1|  ap_ctrl_hs|  sortArray_impl_state_accessor<HLSMoveStream>|  return value|
|ap_rst                          |   in|    1|  ap_ctrl_hs|  sortArray_impl_state_accessor<HLSMoveStream>|  return value|
|ap_start                        |   in|    1|  ap_ctrl_hs|  sortArray_impl_state_accessor<HLSMoveStream>|  return value|
|ap_done                         |  out|    1|  ap_ctrl_hs|  sortArray_impl_state_accessor<HLSMoveStream>|  return value|
|ap_idle                         |  out|    1|  ap_ctrl_hs|  sortArray_impl_state_accessor<HLSMoveStream>|  return value|
|ap_ready                        |  out|    1|  ap_ctrl_hs|  sortArray_impl_state_accessor<HLSMoveStream>|  return value|
|ap_return                       |  out|   32|  ap_ctrl_hs|  sortArray_impl_state_accessor<HLSMoveStream>|  return value|
|stateArray_data_s_address0      |  out|   10|   ap_memory|                             stateArray_data_s|         array|
|stateArray_data_s_ce0           |  out|    1|   ap_memory|                             stateArray_data_s|         array|
|stateArray_data_s_q0            |   in|    1|   ap_memory|                             stateArray_data_s|         array|
|stateArray_data_s_address1      |  out|   10|   ap_memory|                             stateArray_data_s|         array|
|stateArray_data_s_ce1           |  out|    1|   ap_memory|                             stateArray_data_s|         array|
|stateArray_data_s_we1           |  out|    1|   ap_memory|                             stateArray_data_s|         array|
|stateArray_data_s_d1            |  out|    1|   ap_memory|                             stateArray_data_s|         array|
|stateArray_rows_val4            |   in|   32|     ap_none|                          stateArray_rows_val4|        scalar|
|stateArray_cols_val9            |   in|   32|     ap_none|                          stateArray_cols_val9|        scalar|
|compZoneRowStart                |   in|   32|     ap_none|                              compZoneRowStart|        scalar|
|compZoneRowEnd                  |   in|   32|     ap_none|                                compZoneRowEnd|        scalar|
|compZoneColStart                |   in|   32|     ap_none|                              compZoneColStart|        scalar|
|compZoneColEnd                  |   in|   32|     ap_none|                                compZoneColEnd|        scalar|
|targetGeometry_data_s_address0  |  out|   10|   ap_memory|                         targetGeometry_data_s|         array|
|targetGeometry_data_s_ce0       |  out|    1|   ap_memory|                         targetGeometry_data_s|         array|
|targetGeometry_data_s_q0        |   in|    1|   ap_memory|                         targetGeometry_data_s|         array|
|targetGeometry_cols_val10       |   in|   33|     ap_none|                     targetGeometry_cols_val10|        scalar|
|moveStream_TDATA                |  out|  512|        axis|                                    moveStream|       pointer|
|moveStream_TVALID               |  out|    1|        axis|                                    moveStream|       pointer|
|moveStream_TREADY               |   in|    1|        axis|                                    moveStream|       pointer|
+--------------------------------+-----+-----+------------+----------------------------------------------+--------------+

