

================================================================
== Vitis HLS Report for 'sortRemainingRowsOrCols_HLSMoveStream_Pipeline_VITIS_LOOP_666_8'
================================================================
* Date:           Sat Mar 28 14:02:44 2026

* Version:        2024.2 (Build 5238294 on Nov  8 2024)
* Project:        atomflow_controller_2024_2
* Solution:       hls (Vivado IP Flow Target)
* Product family: zynquplusRFSOC
* Target device:  xczu49dr-ffvf1760-2-e


================================================================
== Performance Estimates
================================================================
+ Timing: 
    * Summary: 
    +--------+----------+----------+------------+
    |  Clock |  Target  | Estimated| Uncertainty|
    +--------+----------+----------+------------+
    |ap_clk  |  10.00 ns|  3.939 ns|     2.70 ns|
    +--------+----------+----------+------------+

+ Latency: 
    * Summary: 
    +---------+---------+-----------+----------+-----+-----+------------------------------------------------+
    |  Latency (cycles) |  Latency (absolute)  |  Interval |                    Pipeline                    |
    |   min   |   max   |    min    |    max   | min | max |                      Type                      |
    +---------+---------+-----------+----------+-----+-----+------------------------------------------------+
    |        3|       67|  30.000 ns|  0.670 us|    2|   66|  loop auto-rewind stp (delay=0 clock cycles(s))|
    +---------+---------+-----------+----------+-----+-----+------------------------------------------------+

    + Detail: 
        * Instance: 
        N/A

        * Loop: 
        +--------------------+---------+---------+----------+-----------+-----------+--------+----------+
        |                    |  Latency (cycles) | Iteration|  Initiation Interval  |  Trip  |          |
        |      Loop Name     |   min   |   max   |  Latency |  achieved |   target  |  Count | Pipelined|
        +--------------------+---------+---------+----------+-----------+-----------+--------+----------+
        |- VITIS_LOOP_666_8  |        1|       65|         2|          2|          1|  0 ~ 32|       yes|
        +--------------------+---------+---------+----------+-----------+-----------+--------+----------+



================================================================
== Utilization Estimates
================================================================
* Summary: 
+-----------------+---------+------+--------+--------+-----+
|       Name      | BRAM_18K|  DSP |   FF   |   LUT  | URAM|
+-----------------+---------+------+--------+--------+-----+
|DSP              |        -|     -|       -|       -|    -|
|Expression       |        -|     -|       0|     200|    -|
|FIFO             |        -|     -|       -|       -|    -|
|Instance         |        -|     -|       -|       -|    -|
|Memory           |        -|     -|       -|       -|    -|
|Multiplexer      |        -|     -|       0|      77|    -|
|Register         |        -|     -|     129|       -|    -|
+-----------------+---------+------+--------+--------+-----+
|Total            |        0|     0|     129|     277|    0|
+-----------------+---------+------+--------+--------+-----+
|Available        |     2160|  4272|  850560|  425280|   80|
+-----------------+---------+------+--------+--------+-----+
|Utilization (%)  |        0|     0|      ~0|      ~0|    0|
+-----------------+---------+------+--------+--------+-----+

+ Detail: 
    * Instance: 
    N/A

    * DSP: 
    N/A

    * Memory: 
    N/A

    * FIFO: 
    N/A

    * Expression: 
    +------------------------+----------+----+---+----+------------+------------+
    |      Variable Name     | Operation| DSP| FF| LUT| Bitwidth P0| Bitwidth P1|
    +------------------------+----------+----+---+----+------------+------------+
    |add_ln666_fu_164_p2     |         +|   0|  0|  23|          16|          16|
    |add_ln671_fu_199_p2     |         +|   0|  0|  15|           8|           1|
    |add_ln672_fu_226_p2     |         +|   0|  0|  16|           9|           2|
    |ap_condition_251        |       and|   0|  0|   2|           1|           1|
    |addr_cmp_fu_177_p2      |      icmp|   0|  0|  71|          64|          64|
    |icmp_ln666_fu_194_p2    |      icmp|   0|  0|  39|          32|          32|
    |reuse_select_fu_186_p3  |    select|   0|  0|  32|           1|          32|
    |ap_enable_pp0           |       xor|   0|  0|   2|           1|           2|
    +------------------------+----------+----+---+----+------------+------------+
    |Total                   |          |   0|  0| 200|         132|         150|
    +------------------------+----------+----+---+----+------------+------------+

    * Multiplexer: 
    +-----------------------------+----+-----------+-----+-----------+
    |             Name            | LUT| Input Size| Bits| Total Bits|
    +-----------------------------+----+-----------+-----+-----------+
    |ap_NS_fsm                    |  14|          3|    1|          3|
    |ap_done_int                  |   9|          2|    1|          2|
    |ap_enable_reg_pp0_iter0      |   9|          2|    1|          2|
    |ap_enable_reg_pp0_iter0_reg  |   9|          2|    1|          2|
    |ap_enable_reg_pp0_iter1      |   9|          2|    1|          2|
    |j_fu_66                      |   9|          2|    9|         18|
    |reuse_addr_reg_fu_58         |   9|          2|   64|        128|
    |reuse_reg_fu_62              |   9|          2|   32|         64|
    +-----------------------------+----+-----------+-----+-----------+
    |Total                        |  77|         17|  110|        221|
    +-----------------------------+----+-----------+-----+-----------+

    * Register: 
    +-----------------------------+----+----+-----+-----------+
    |             Name            | FF | LUT| Bits| Const Bits|
    +-----------------------------+----+----+-----+-----------+
    |addr_cmp_reg_292             |   1|   0|    1|          0|
    |ap_CS_fsm                    |   2|   0|    2|          0|
    |ap_done_reg                  |   1|   0|    1|          0|
    |ap_enable_reg_pp0_iter0_reg  |   1|   0|    1|          0|
    |ap_enable_reg_pp0_iter1      |   1|   0|    1|          0|
    |j_1_reg_272                  |   9|   0|    9|          0|
    |j_fu_66                      |   9|   0|    9|          0|
    |reuse_addr_reg_fu_58         |  64|   0|   64|          0|
    |reuse_reg_fu_62              |  32|   0|   32|          0|
    |tmp_reg_283                  |   1|   0|    1|          0|
    |trunc_ln666_reg_277          |   8|   0|    8|          0|
    +-----------------------------+----+----+-----+-----------+
    |Total                        | 129|   0|  129|          0|
    +-----------------------------+----+----+-----+-----------+



================================================================
== Interface
================================================================
* Summary: 
+-----------------------------+-----+-----+------------+------------------------------------------------------------------+--------------+
|          RTL Ports          | Dir | Bits|  Protocol  |                           Source Object                          |    C Type    |
+-----------------------------+-----+-----+------------+------------------------------------------------------------------+--------------+
|ap_clk                       |   in|    1|  ap_ctrl_hs|  sortRemainingRowsOrCols<HLSMoveStream>_Pipeline_VITIS_LOOP_666_8|  return value|
|ap_rst                       |   in|    1|  ap_ctrl_hs|  sortRemainingRowsOrCols<HLSMoveStream>_Pipeline_VITIS_LOOP_666_8|  return value|
|ap_start                     |   in|    1|  ap_ctrl_hs|  sortRemainingRowsOrCols<HLSMoveStream>_Pipeline_VITIS_LOOP_666_8|  return value|
|ap_done                      |  out|    1|  ap_ctrl_hs|  sortRemainingRowsOrCols<HLSMoveStream>_Pipeline_VITIS_LOOP_666_8|  return value|
|ap_idle                      |  out|    1|  ap_ctrl_hs|  sortRemainingRowsOrCols<HLSMoveStream>_Pipeline_VITIS_LOOP_666_8|  return value|
|ap_ready                     |  out|    1|  ap_ctrl_hs|  sortRemainingRowsOrCols<HLSMoveStream>_Pipeline_VITIS_LOOP_666_8|  return value|
|zext_ln658_1                 |   in|    8|     ap_none|                                                      zext_ln658_1|        scalar|
|indexXC                      |   in|    8|     ap_none|                                                           indexXC|        scalar|
|unusableAtoms_data_address0  |  out|   16|   ap_memory|                                                unusableAtoms_data|         array|
|unusableAtoms_data_ce0       |  out|    1|   ap_memory|                                                unusableAtoms_data|         array|
|unusableAtoms_data_q0        |   in|   32|   ap_memory|                                                unusableAtoms_data|         array|
|unusableAtoms_data_address1  |  out|   16|   ap_memory|                                                unusableAtoms_data|         array|
|unusableAtoms_data_ce1       |  out|    1|   ap_memory|                                                unusableAtoms_data|         array|
|unusableAtoms_data_we1       |  out|    1|   ap_memory|                                                unusableAtoms_data|         array|
|unusableAtoms_data_d1        |  out|   32|   ap_memory|                                                unusableAtoms_data|         array|
|zext_ln620_1                 |   in|   16|     ap_none|                                                      zext_ln620_1|        scalar|
|key                          |   in|   32|     ap_none|                                                               key|        scalar|
|j_out                        |  out|    8|      ap_vld|                                                             j_out|       pointer|
|j_out_ap_vld                 |  out|    1|      ap_vld|                                                             j_out|       pointer|
+-----------------------------+-----+-----+------------+------------------------------------------------------------------+--------------+

