

================================================================
== Vitis HLS Report for 'vector_sum_prod'
================================================================
* Date:           Sat Mar 28 14:02:40 2026

* Version:        2024.2 (Build 5238294 on Nov  8 2024)
* Project:        atomflow_controller_2024_2
* Solution:       hls (Vivado IP Flow Target)
* Product family: zynquplusRFSOC
* Target device:  xczu49dr-ffvf1760-2-e


================================================================
== Performance Estimates
================================================================
+ Timing: 
    * Summary: 
    +--------+----------+----------+------------+
    |  Clock |  Target  | Estimated| Uncertainty|
    +--------+----------+----------+------------+
    |ap_clk  |  10.00 ns|  7.016 ns|     2.70 ns|
    +--------+----------+----------+------------+

+ Latency: 
    * Summary: 
    +---------+---------+----------+----------+-----+-----+---------+
    |  Latency (cycles) |  Latency (absolute) |  Interval | Pipeline|
    |   min   |   max   |    min   |    max   | min | max |   Type  |
    +---------+---------+----------+----------+-----+-----+---------+
    |       22|       22|  0.220 us|  0.220 us|    1|    1|      yes|
    +---------+---------+----------+----------+-----+-----+---------+

    + Detail: 
        * Instance: 
        N/A

        * Loop: 
        N/A



================================================================
== Utilization Estimates
================================================================
* Summary: 
+-----------------+---------+------+--------+--------+-----+
|       Name      | BRAM_18K|  DSP |   FF   |   LUT  | URAM|
+-----------------+---------+------+--------+--------+-----+
|DSP              |        -|     -|       -|       -|    -|
|Expression       |        -|     -|       -|       -|    -|
|FIFO             |        -|     -|       -|       -|    -|
|Instance         |        -|   213|   17588|   17025|    -|
|Memory           |        -|     -|       -|       -|    -|
|Multiplexer      |        -|     -|       0|      28|    -|
|Register         |        -|     -|    5185|      96|    -|
+-----------------+---------+------+--------+--------+-----+
|Total            |        0|   213|   22773|   17149|    0|
+-----------------+---------+------+--------+--------+-----+
|Available        |     2160|  4272|  850560|  425280|   80|
+-----------------+---------+------+--------+--------+-----+
|Utilization (%)  |        0|     4|       2|       4|    0|
+-----------------+---------+------+--------+--------+-----+

+ Detail: 
    * Instance: 
    +-------------------------------------+--------------------------------+---------+----+-----+-----+-----+
    |               Instance              |             Module             | BRAM_18K| DSP|  FF | LUT | URAM|
    +-------------------------------------+--------------------------------+---------+----+-----+-----+-----+
    |fadd_32ns_32ns_32_4_full_dsp_0_U163  |fadd_32ns_32ns_32_4_full_dsp_0  |        0|   2|  227|  214|    0|
    |fadd_32ns_32ns_32_4_full_dsp_0_U164  |fadd_32ns_32ns_32_4_full_dsp_0  |        0|   2|  227|  214|    0|
    |fadd_32ns_32ns_32_4_full_dsp_0_U165  |fadd_32ns_32ns_32_4_full_dsp_0  |        0|   2|  227|  214|    0|
    |fadd_32ns_32ns_32_4_full_dsp_0_U166  |fadd_32ns_32ns_32_4_full_dsp_0  |        0|   2|  227|  214|    0|
    |fadd_32ns_32ns_32_4_full_dsp_0_U167  |fadd_32ns_32ns_32_4_full_dsp_0  |        0|   2|  227|  214|    0|
    |fadd_32ns_32ns_32_4_full_dsp_0_U168  |fadd_32ns_32ns_32_4_full_dsp_0  |        0|   2|  227|  214|    0|
    |fadd_32ns_32ns_32_4_full_dsp_0_U169  |fadd_32ns_32ns_32_4_full_dsp_0  |        0|   2|  227|  214|    0|
    |fadd_32ns_32ns_32_4_full_dsp_0_U170  |fadd_32ns_32ns_32_4_full_dsp_0  |        0|   2|  227|  214|    0|
    |fadd_32ns_32ns_32_4_full_dsp_0_U171  |fadd_32ns_32ns_32_4_full_dsp_0  |        0|   2|  227|  214|    0|
    |fadd_32ns_32ns_32_4_full_dsp_0_U172  |fadd_32ns_32ns_32_4_full_dsp_0  |        0|   2|  227|  214|    0|
    |fadd_32ns_32ns_32_4_full_dsp_0_U173  |fadd_32ns_32ns_32_4_full_dsp_0  |        0|   2|  227|  214|    0|
    |fadd_32ns_32ns_32_4_full_dsp_0_U174  |fadd_32ns_32ns_32_4_full_dsp_0  |        0|   2|  227|  214|    0|
    |fadd_32ns_32ns_32_4_full_dsp_0_U175  |fadd_32ns_32ns_32_4_full_dsp_0  |        0|   2|  227|  214|    0|
    |fadd_32ns_32ns_32_4_full_dsp_0_U176  |fadd_32ns_32ns_32_4_full_dsp_0  |        0|   2|  227|  214|    0|
    |fadd_32ns_32ns_32_4_full_dsp_0_U177  |fadd_32ns_32ns_32_4_full_dsp_0  |        0|   2|  227|  214|    0|
    |fadd_32ns_32ns_32_4_full_dsp_0_U178  |fadd_32ns_32ns_32_4_full_dsp_0  |        0|   2|  227|  214|    0|
    |fadd_32ns_32ns_32_4_full_dsp_0_U179  |fadd_32ns_32ns_32_4_full_dsp_0  |        0|   2|  227|  214|    0|
    |fadd_32ns_32ns_32_4_full_dsp_0_U180  |fadd_32ns_32ns_32_4_full_dsp_0  |        0|   2|  227|  214|    0|
    |fadd_32ns_32ns_32_4_full_dsp_0_U181  |fadd_32ns_32ns_32_4_full_dsp_0  |        0|   2|  227|  214|    0|
    |fadd_32ns_32ns_32_4_full_dsp_0_U182  |fadd_32ns_32ns_32_4_full_dsp_0  |        0|   2|  227|  214|    0|
    |fadd_32ns_32ns_32_4_full_dsp_0_U183  |fadd_32ns_32ns_32_4_full_dsp_0  |        0|   2|  227|  214|    0|
    |fadd_32ns_32ns_32_4_full_dsp_0_U184  |fadd_32ns_32ns_32_4_full_dsp_0  |        0|   2|  227|  214|    0|
    |fadd_32ns_32ns_32_4_full_dsp_0_U185  |fadd_32ns_32ns_32_4_full_dsp_0  |        0|   2|  227|  214|    0|
    |fadd_32ns_32ns_32_4_full_dsp_0_U186  |fadd_32ns_32ns_32_4_full_dsp_0  |        0|   2|  227|  214|    0|
    |fadd_32ns_32ns_32_4_full_dsp_0_U187  |fadd_32ns_32ns_32_4_full_dsp_0  |        0|   2|  227|  214|    0|
    |fadd_32ns_32ns_32_4_full_dsp_0_U188  |fadd_32ns_32ns_32_4_full_dsp_0  |        0|   2|  227|  214|    0|
    |fadd_32ns_32ns_32_4_full_dsp_0_U189  |fadd_32ns_32ns_32_4_full_dsp_0  |        0|   2|  227|  214|    0|
    |fadd_32ns_32ns_32_4_full_dsp_0_U190  |fadd_32ns_32ns_32_4_full_dsp_0  |        0|   2|  227|  214|    0|
    |fadd_32ns_32ns_32_4_full_dsp_0_U191  |fadd_32ns_32ns_32_4_full_dsp_0  |        0|   2|  227|  214|    0|
    |fadd_32ns_32ns_32_4_full_dsp_0_U192  |fadd_32ns_32ns_32_4_full_dsp_0  |        0|   2|  227|  214|    0|
    |fadd_32ns_32ns_32_4_full_dsp_0_U193  |fadd_32ns_32ns_32_4_full_dsp_0  |        0|   2|  227|  214|    0|
    |fadd_32ns_32ns_32_4_full_dsp_0_U194  |fadd_32ns_32ns_32_4_full_dsp_0  |        0|   2|  227|  214|    0|
    |fadd_32ns_32ns_32_4_full_dsp_0_U195  |fadd_32ns_32ns_32_4_full_dsp_0  |        0|   2|  227|  214|    0|
    |fadd_32ns_32ns_32_4_full_dsp_0_U196  |fadd_32ns_32ns_32_4_full_dsp_0  |        0|   2|  227|  214|    0|
    |fadd_32ns_32ns_32_4_full_dsp_0_U197  |fadd_32ns_32ns_32_4_full_dsp_0  |        0|   2|  227|  214|    0|
    |fadd_32ns_32ns_32_4_full_dsp_0_U198  |fadd_32ns_32ns_32_4_full_dsp_0  |        0|   2|  227|  214|    0|
    |fadd_32ns_32ns_32_4_full_dsp_0_U199  |fadd_32ns_32ns_32_4_full_dsp_0  |        0|   2|  227|  214|    0|
    |fadd_32ns_32ns_32_4_full_dsp_0_U200  |fadd_32ns_32ns_32_4_full_dsp_0  |        0|   2|  227|  214|    0|
    |fadd_32ns_32ns_32_4_full_dsp_0_U201  |fadd_32ns_32ns_32_4_full_dsp_0  |        0|   2|  227|  214|    0|
    |fadd_32ns_32ns_32_4_full_dsp_0_U202  |fadd_32ns_32ns_32_4_full_dsp_0  |        0|   2|  227|  214|    0|
    |fadd_32ns_32ns_32_4_full_dsp_0_U203  |fadd_32ns_32ns_32_4_full_dsp_0  |        0|   2|  227|  214|    0|
    |fadd_32ns_32ns_32_4_full_dsp_0_U204  |fadd_32ns_32ns_32_4_full_dsp_0  |        0|   2|  227|  214|    0|
    |fadd_32ns_32ns_32_4_full_dsp_0_U205  |fadd_32ns_32ns_32_4_full_dsp_0  |        0|   2|  227|  214|    0|
    |fadd_32ns_32ns_32_4_full_dsp_0_U206  |fadd_32ns_32ns_32_4_full_dsp_0  |        0|   2|  227|  214|    0|
    |fadd_32ns_32ns_32_4_full_dsp_0_U207  |fadd_32ns_32ns_32_4_full_dsp_0  |        0|   2|  227|  214|    0|
    |fadd_32ns_32ns_32_4_full_dsp_0_U208  |fadd_32ns_32ns_32_4_full_dsp_0  |        0|   2|  227|  214|    0|
    |fadd_32ns_32ns_32_4_full_dsp_0_U209  |fadd_32ns_32ns_32_4_full_dsp_0  |        0|   2|  227|  214|    0|
    |fadd_32ns_32ns_32_4_full_dsp_0_U210  |fadd_32ns_32ns_32_4_full_dsp_0  |        0|   2|  227|  214|    0|
    |fadd_32ns_32ns_32_4_full_dsp_0_U211  |fadd_32ns_32ns_32_4_full_dsp_0  |        0|   2|  227|  214|    0|
    |fadd_32ns_32ns_32_4_full_dsp_0_U212  |fadd_32ns_32ns_32_4_full_dsp_0  |        0|   2|  227|  214|    0|
    |fadd_32ns_32ns_32_4_full_dsp_0_U213  |fadd_32ns_32ns_32_4_full_dsp_0  |        0|   2|  227|  214|    0|
    |fadd_32ns_32ns_32_4_full_dsp_0_U214  |fadd_32ns_32ns_32_4_full_dsp_0  |        0|   2|  227|  214|    0|
    |fadd_32ns_32ns_32_4_full_dsp_0_U215  |fadd_32ns_32ns_32_4_full_dsp_0  |        0|   2|  227|  214|    0|
    |fadd_32ns_32ns_32_4_full_dsp_0_U216  |fadd_32ns_32ns_32_4_full_dsp_0  |        0|   2|  227|  214|    0|
    |fadd_32ns_32ns_32_4_full_dsp_0_U217  |fadd_32ns_32ns_32_4_full_dsp_0  |        0|   2|  227|  214|    0|
    |fadd_32ns_32ns_32_4_full_dsp_0_U218  |fadd_32ns_32ns_32_4_full_dsp_0  |        0|   2|  227|  214|    0|
    |fadd_32ns_32ns_32_4_full_dsp_0_U219  |fadd_32ns_32ns_32_4_full_dsp_0  |        0|   2|  227|  214|    0|
    |fadd_32ns_32ns_32_4_full_dsp_0_U220  |fadd_32ns_32ns_32_4_full_dsp_0  |        0|   2|  227|  214|    0|
    |fadd_32ns_32ns_32_4_full_dsp_0_U221  |fadd_32ns_32ns_32_4_full_dsp_0  |        0|   2|  227|  214|    0|
    |fadd_32ns_32ns_32_4_full_dsp_0_U222  |fadd_32ns_32ns_32_4_full_dsp_0  |        0|   2|  227|  214|    0|
    |fmul_32ns_32ns_32_3_max_dsp_1_U223   |fmul_32ns_32ns_32_3_max_dsp_1   |        0|   3|  128|  135|    0|
    |fmul_32ns_32ns_32_3_max_dsp_1_U224   |fmul_32ns_32ns_32_3_max_dsp_1   |        0|   3|  128|  135|    0|
    |fmul_32ns_32ns_32_3_max_dsp_1_U225   |fmul_32ns_32ns_32_3_max_dsp_1   |        0|   3|  128|  135|    0|
    |fmul_32ns_32ns_32_3_max_dsp_1_U226   |fmul_32ns_32ns_32_3_max_dsp_1   |        0|   3|  128|  135|    0|
    |fmul_32ns_32ns_32_3_max_dsp_1_U227   |fmul_32ns_32ns_32_3_max_dsp_1   |        0|   3|  128|  135|    0|
    |fmul_32ns_32ns_32_3_max_dsp_1_U228   |fmul_32ns_32ns_32_3_max_dsp_1   |        0|   3|  128|  135|    0|
    |fmul_32ns_32ns_32_3_max_dsp_1_U229   |fmul_32ns_32ns_32_3_max_dsp_1   |        0|   3|  128|  135|    0|
    |fmul_32ns_32ns_32_3_max_dsp_1_U230   |fmul_32ns_32ns_32_3_max_dsp_1   |        0|   3|  128|  135|    0|
    |fmul_32ns_32ns_32_3_max_dsp_1_U231   |fmul_32ns_32ns_32_3_max_dsp_1   |        0|   3|  128|  135|    0|
    |fmul_32ns_32ns_32_3_max_dsp_1_U232   |fmul_32ns_32ns_32_3_max_dsp_1   |        0|   3|  128|  135|    0|
    |fmul_32ns_32ns_32_3_max_dsp_1_U233   |fmul_32ns_32ns_32_3_max_dsp_1   |        0|   3|  128|  135|    0|
    |fmul_32ns_32ns_32_3_max_dsp_1_U234   |fmul_32ns_32ns_32_3_max_dsp_1   |        0|   3|  128|  135|    0|
    |fmul_32ns_32ns_32_3_max_dsp_1_U235   |fmul_32ns_32ns_32_3_max_dsp_1   |        0|   3|  128|  135|    0|
    |fmul_32ns_32ns_32_3_max_dsp_1_U236   |fmul_32ns_32ns_32_3_max_dsp_1   |        0|   3|  128|  135|    0|
    |fmul_32ns_32ns_32_3_max_dsp_1_U237   |fmul_32ns_32ns_32_3_max_dsp_1   |        0|   3|  128|  135|    0|
    |fmul_32ns_32ns_32_3_max_dsp_1_U238   |fmul_32ns_32ns_32_3_max_dsp_1   |        0|   3|  128|  135|    0|
    |fmul_32ns_32ns_32_3_max_dsp_1_U239   |fmul_32ns_32ns_32_3_max_dsp_1   |        0|   3|  128|  135|    0|
    |fmul_32ns_32ns_32_3_max_dsp_1_U240   |fmul_32ns_32ns_32_3_max_dsp_1   |        0|   3|  128|  135|    0|
    |fmul_32ns_32ns_32_3_max_dsp_1_U241   |fmul_32ns_32ns_32_3_max_dsp_1   |        0|   3|  128|  135|    0|
    |fmul_32ns_32ns_32_3_max_dsp_1_U242   |fmul_32ns_32ns_32_3_max_dsp_1   |        0|   3|  128|  135|    0|
    |fmul_32ns_32ns_32_3_max_dsp_1_U243   |fmul_32ns_32ns_32_3_max_dsp_1   |        0|   3|  128|  135|    0|
    |fmul_32ns_32ns_32_3_max_dsp_1_U244   |fmul_32ns_32ns_32_3_max_dsp_1   |        0|   3|  128|  135|    0|
    |fmul_32ns_32ns_32_3_max_dsp_1_U245   |fmul_32ns_32ns_32_3_max_dsp_1   |        0|   3|  128|  135|    0|
    |fmul_32ns_32ns_32_3_max_dsp_1_U246   |fmul_32ns_32ns_32_3_max_dsp_1   |        0|   3|  128|  135|    0|
    |fmul_32ns_32ns_32_3_max_dsp_1_U247   |fmul_32ns_32ns_32_3_max_dsp_1   |        0|   3|  128|  135|    0|
    |fmul_32ns_32ns_32_3_max_dsp_1_U248   |fmul_32ns_32ns_32_3_max_dsp_1   |        0|   3|  128|  135|    0|
    |fmul_32ns_32ns_32_3_max_dsp_1_U249   |fmul_32ns_32ns_32_3_max_dsp_1   |        0|   3|  128|  135|    0|
    |fmul_32ns_32ns_32_3_max_dsp_1_U250   |fmul_32ns_32ns_32_3_max_dsp_1   |        0|   3|  128|  135|    0|
    |fmul_32ns_32ns_32_3_max_dsp_1_U251   |fmul_32ns_32ns_32_3_max_dsp_1   |        0|   3|  128|  135|    0|
    |fmul_32ns_32ns_32_3_max_dsp_1_U252   |fmul_32ns_32ns_32_3_max_dsp_1   |        0|   3|  128|  135|    0|
    |fmul_32ns_32ns_32_3_max_dsp_1_U253   |fmul_32ns_32ns_32_3_max_dsp_1   |        0|   3|  128|  135|    0|
    +-------------------------------------+--------------------------------+---------+----+-----+-----+-----+
    |Total                                |                                |        0| 213|17588|17025|    0|
    +-------------------------------------+--------------------------------+---------+----+-----+-----+-----+

    * DSP: 
    N/A

    * Memory: 
    N/A

    * FIFO: 
    N/A

    * Expression: 
    N/A

    * Multiplexer: 
    +-------------+----+-----------+-----+-----------+
    |     Name    | LUT| Input Size| Bits| Total Bits|
    +-------------+----+-----------+-----+-----------+
    |ap_return_0  |  14|          3|   32|         96|
    |ap_return_1  |  14|          3|   32|         96|
    +-------------+----+-----------+-----+-----------+
    |Total        |  28|          6|   64|        192|
    +-------------+----+-----------+-----+-----------+

    * Register: 
    +---------------------------+----+----+-----+-----------+
    |            Name           | FF | LUT| Bits| Const Bits|
    +---------------------------+----+----+-----+-----------+
    |ap_ce_reg                  |   1|   0|    1|          0|
    |ap_return_0_int_reg        |  32|   0|   32|          0|
    |ap_return_1_int_reg        |  32|   0|   32|          0|
    |p_read10_int_reg           |  32|   0|   32|          0|
    |p_read11_int_reg           |  32|   0|   32|          0|
    |p_read12_int_reg           |  32|   0|   32|          0|
    |p_read13_int_reg           |  32|   0|   32|          0|
    |p_read14_int_reg           |  32|   0|   32|          0|
    |p_read15_int_reg           |  32|   0|   32|          0|
    |p_read16_int_reg           |  32|   0|   32|          0|
    |p_read17_int_reg           |  32|   0|   32|          0|
    |p_read18_int_reg           |  32|   0|   32|          0|
    |p_read19_int_reg           |  32|   0|   32|          0|
    |p_read1_int_reg            |  32|   0|   32|          0|
    |p_read20_int_reg           |  32|   0|   32|          0|
    |p_read21_int_reg           |  32|   0|   32|          0|
    |p_read22_int_reg           |  32|   0|   32|          0|
    |p_read23_int_reg           |  32|   0|   32|          0|
    |p_read24_int_reg           |  32|   0|   32|          0|
    |p_read25_int_reg           |  32|   0|   32|          0|
    |p_read26_int_reg           |  32|   0|   32|          0|
    |p_read27_int_reg           |  32|   0|   32|          0|
    |p_read28_int_reg           |  32|   0|   32|          0|
    |p_read29_int_reg           |  32|   0|   32|          0|
    |p_read2_int_reg            |  32|   0|   32|          0|
    |p_read30_int_reg           |  32|   0|   32|          0|
    |p_read31_int_reg           |  32|   0|   32|          0|
    |p_read32_int_reg           |  32|   0|   32|          0|
    |p_read33_int_reg           |  32|   0|   32|          0|
    |p_read34_int_reg           |  32|   0|   32|          0|
    |p_read35_int_reg           |  32|   0|   32|          0|
    |p_read36_int_reg           |  32|   0|   32|          0|
    |p_read37_int_reg           |  32|   0|   32|          0|
    |p_read38_int_reg           |  32|   0|   32|          0|
    |p_read39_int_reg           |  32|   0|   32|          0|
    |p_read3_int_reg            |  32|   0|   32|          0|
    |p_read40_int_reg           |  32|   0|   32|          0|
    |p_read41_int_reg           |  32|   0|   32|          0|
    |p_read42_int_reg           |  32|   0|   32|          0|
    |p_read43_int_reg           |  32|   0|   32|          0|
    |p_read44_int_reg           |  32|   0|   32|          0|
    |p_read45_int_reg           |  32|   0|   32|          0|
    |p_read46_int_reg           |  32|   0|   32|          0|
    |p_read47_int_reg           |  32|   0|   32|          0|
    |p_read48_int_reg           |  32|   0|   32|          0|
    |p_read49_int_reg           |  32|   0|   32|          0|
    |p_read4_int_reg            |  32|   0|   32|          0|
    |p_read50_int_reg           |  32|   0|   32|          0|
    |p_read51_int_reg           |  32|   0|   32|          0|
    |p_read52_int_reg           |  32|   0|   32|          0|
    |p_read53_int_reg           |  32|   0|   32|          0|
    |p_read54_int_reg           |  32|   0|   32|          0|
    |p_read55_int_reg           |  32|   0|   32|          0|
    |p_read56_int_reg           |  32|   0|   32|          0|
    |p_read57_int_reg           |  32|   0|   32|          0|
    |p_read58_int_reg           |  32|   0|   32|          0|
    |p_read59_int_reg           |  32|   0|   32|          0|
    |p_read5_int_reg            |  32|   0|   32|          0|
    |p_read60_int_reg           |  32|   0|   32|          0|
    |p_read61_int_reg           |  32|   0|   32|          0|
    |p_read6_int_reg            |  32|   0|   32|          0|
    |p_read7_int_reg            |  32|   0|   32|          0|
    |p_read8_int_reg            |  32|   0|   32|          0|
    |p_read9_int_reg            |  32|   0|   32|          0|
    |p_read_1_reg_965           |  32|   0|   32|          0|
    |p_read_32_reg_1120         |  32|   0|   32|          0|
    |p_read_int_reg             |  32|   0|   32|          0|
    |res1_10_reg_1361           |  32|   0|   32|          0|
    |res1_11_reg_1366           |  32|   0|   32|          0|
    |res1_12_reg_1371           |  32|   0|   32|          0|
    |res1_13_reg_1376           |  32|   0|   32|          0|
    |res1_14_reg_1381           |  32|   0|   32|          0|
    |res1_15_reg_1386           |  32|   0|   32|          0|
    |res1_16_reg_1391           |  32|   0|   32|          0|
    |res1_17_reg_1396           |  32|   0|   32|          0|
    |res1_18_reg_1401           |  32|   0|   32|          0|
    |res1_19_reg_1406           |  32|   0|   32|          0|
    |res1_1_reg_1311            |  32|   0|   32|          0|
    |res1_20_reg_1411           |  32|   0|   32|          0|
    |res1_21_reg_1416           |  32|   0|   32|          0|
    |res1_22_reg_1421           |  32|   0|   32|          0|
    |res1_23_reg_1426           |  32|   0|   32|          0|
    |res1_24_reg_1431           |  32|   0|   32|          0|
    |res1_25_reg_1436           |  32|   0|   32|          0|
    |res1_26_reg_1441           |  32|   0|   32|          0|
    |res1_27_reg_1446           |  32|   0|   32|          0|
    |res1_28_reg_1451           |  32|   0|   32|          0|
    |res1_2_reg_1316            |  32|   0|   32|          0|
    |res1_30_reg_1356           |  32|   0|   32|          0|
    |res1_31_reg_1531           |  32|   0|   32|          0|
    |res1_3_reg_1321            |  32|   0|   32|          0|
    |res1_4_reg_1326            |  32|   0|   32|          0|
    |res1_5_reg_1331            |  32|   0|   32|          0|
    |res1_6_reg_1336            |  32|   0|   32|          0|
    |res1_7_reg_1341            |  32|   0|   32|          0|
    |res1_8_reg_1346            |  32|   0|   32|          0|
    |res1_9_reg_1351            |  32|   0|   32|          0|
    |res1_reg_1306              |  32|   0|   32|          0|
    |sum1_10_reg_1506           |  32|   0|   32|          0|
    |sum1_11_reg_1511           |  32|   0|   32|          0|
    |sum1_12_reg_1516           |  32|   0|   32|          0|
    |sum1_13_reg_1521           |  32|   0|   32|          0|
    |sum1_14_reg_1526           |  32|   0|   32|          0|
    |sum1_15_reg_1536           |  32|   0|   32|          0|
    |sum1_16_reg_1541           |  32|   0|   32|          0|
    |sum1_17_reg_1546           |  32|   0|   32|          0|
    |sum1_18_reg_1551           |  32|   0|   32|          0|
    |sum1_19_reg_1556           |  32|   0|   32|          0|
    |sum1_1_reg_1461            |  32|   0|   32|          0|
    |sum1_20_reg_1561           |  32|   0|   32|          0|
    |sum1_21_reg_1566           |  32|   0|   32|          0|
    |sum1_22_reg_1571           |  32|   0|   32|          0|
    |sum1_23_reg_1576           |  32|   0|   32|          0|
    |sum1_24_reg_1581           |  32|   0|   32|          0|
    |sum1_25_reg_1586           |  32|   0|   32|          0|
    |sum1_26_reg_1591           |  32|   0|   32|          0|
    |sum1_27_reg_1596           |  32|   0|   32|          0|
    |sum1_28_reg_1601           |  32|   0|   32|          0|
    |sum1_29_reg_1606           |  32|   0|   32|          0|
    |sum1_2_reg_1466            |  32|   0|   32|          0|
    |sum1_3_reg_1471            |  32|   0|   32|          0|
    |sum1_4_reg_1476            |  32|   0|   32|          0|
    |sum1_5_reg_1481            |  32|   0|   32|          0|
    |sum1_6_reg_1486            |  32|   0|   32|          0|
    |sum1_7_reg_1491            |  32|   0|   32|          0|
    |sum1_8_reg_1496            |  32|   0|   32|          0|
    |sum1_9_reg_1501            |  32|   0|   32|          0|
    |sum1_reg_1456              |  32|   0|   32|          0|
    |sum2_10_reg_1661           |  32|   0|   32|          0|
    |sum2_11_reg_1666           |  32|   0|   32|          0|
    |sum2_12_reg_1671           |  32|   0|   32|          0|
    |sum2_13_reg_1676           |  32|   0|   32|          0|
    |sum2_14_reg_1681           |  32|   0|   32|          0|
    |sum2_15_reg_1686           |  32|   0|   32|          0|
    |sum2_1_reg_1616            |  32|   0|   32|          0|
    |sum2_2_reg_1621            |  32|   0|   32|          0|
    |sum2_3_reg_1626            |  32|   0|   32|          0|
    |sum2_4_reg_1631            |  32|   0|   32|          0|
    |sum2_5_reg_1636            |  32|   0|   32|          0|
    |sum2_6_reg_1641            |  32|   0|   32|          0|
    |sum2_7_reg_1646            |  32|   0|   32|          0|
    |sum2_8_reg_1651            |  32|   0|   32|          0|
    |sum2_9_reg_1656            |  32|   0|   32|          0|
    |sum2_reg_1611              |  32|   0|   32|          0|
    |sum3_1_reg_1696            |  32|   0|   32|          0|
    |sum3_2_reg_1701            |  32|   0|   32|          0|
    |sum3_3_reg_1706            |  32|   0|   32|          0|
    |sum3_4_reg_1711            |  32|   0|   32|          0|
    |sum3_5_reg_1716            |  32|   0|   32|          0|
    |sum3_6_reg_1721            |  32|   0|   32|          0|
    |sum3_7_reg_1726            |  32|   0|   32|          0|
    |sum3_reg_1691              |  32|   0|   32|          0|
    |sum4_1_reg_1736            |  32|   0|   32|          0|
    |sum4_2_reg_1741            |  32|   0|   32|          0|
    |sum4_3_reg_1746            |  32|   0|   32|          0|
    |sum4_reg_1731              |  32|   0|   32|          0|
    |sum_write_assign_reg_1751  |  32|   0|   32|          0|
    |p_read_1_reg_965           |  64|  32|   32|          0|
    |p_read_32_reg_1120         |  64|  32|   32|          0|
    |sum_write_assign_reg_1751  |  64|  32|   32|          0|
    +---------------------------+----+----+-----+-----------+
    |Total                      |5185|  96| 5089|          0|
    +---------------------------+----+----+-----+-----------+



================================================================
== Interface
================================================================
* Summary: 
+-------------+-----+-----+------------+-----------------+--------------+
|  RTL Ports  | Dir | Bits|  Protocol  |  Source Object  |    C Type    |
+-------------+-----+-----+------------+-----------------+--------------+
|ap_clk       |   in|    1|  ap_ctrl_hs|  vector_sum_prod|  return value|
|ap_rst       |   in|    1|  ap_ctrl_hs|  vector_sum_prod|  return value|
|ap_return_0  |  out|   32|  ap_ctrl_hs|  vector_sum_prod|  return value|
|ap_return_1  |  out|   32|  ap_ctrl_hs|  vector_sum_prod|  return value|
|ap_ce        |   in|    1|  ap_ctrl_hs|  vector_sum_prod|  return value|
|p_read       |   in|   32|     ap_none|           p_read|        scalar|
|p_read1      |   in|   32|     ap_none|          p_read1|        scalar|
|p_read2      |   in|   32|     ap_none|          p_read2|        scalar|
|p_read3      |   in|   32|     ap_none|          p_read3|        scalar|
|p_read4      |   in|   32|     ap_none|          p_read4|        scalar|
|p_read5      |   in|   32|     ap_none|          p_read5|        scalar|
|p_read6      |   in|   32|     ap_none|          p_read6|        scalar|
|p_read7      |   in|   32|     ap_none|          p_read7|        scalar|
|p_read8      |   in|   32|     ap_none|          p_read8|        scalar|
|p_read9      |   in|   32|     ap_none|          p_read9|        scalar|
|p_read10     |   in|   32|     ap_none|         p_read10|        scalar|
|p_read11     |   in|   32|     ap_none|         p_read11|        scalar|
|p_read12     |   in|   32|     ap_none|         p_read12|        scalar|
|p_read13     |   in|   32|     ap_none|         p_read13|        scalar|
|p_read14     |   in|   32|     ap_none|         p_read14|        scalar|
|p_read15     |   in|   32|     ap_none|         p_read15|        scalar|
|p_read16     |   in|   32|     ap_none|         p_read16|        scalar|
|p_read17     |   in|   32|     ap_none|         p_read17|        scalar|
|p_read18     |   in|   32|     ap_none|         p_read18|        scalar|
|p_read19     |   in|   32|     ap_none|         p_read19|        scalar|
|p_read20     |   in|   32|     ap_none|         p_read20|        scalar|
|p_read21     |   in|   32|     ap_none|         p_read21|        scalar|
|p_read22     |   in|   32|     ap_none|         p_read22|        scalar|
|p_read23     |   in|   32|     ap_none|         p_read23|        scalar|
|p_read24     |   in|   32|     ap_none|         p_read24|        scalar|
|p_read25     |   in|   32|     ap_none|         p_read25|        scalar|
|p_read26     |   in|   32|     ap_none|         p_read26|        scalar|
|p_read27     |   in|   32|     ap_none|         p_read27|        scalar|
|p_read28     |   in|   32|     ap_none|         p_read28|        scalar|
|p_read29     |   in|   32|     ap_none|         p_read29|        scalar|
|p_read30     |   in|   32|     ap_none|         p_read30|        scalar|
|p_read31     |   in|   32|     ap_none|         p_read31|        scalar|
|p_read32     |   in|   32|     ap_none|         p_read32|        scalar|
|p_read33     |   in|   32|     ap_none|         p_read33|        scalar|
|p_read34     |   in|   32|     ap_none|         p_read34|        scalar|
|p_read35     |   in|   32|     ap_none|         p_read35|        scalar|
|p_read36     |   in|   32|     ap_none|         p_read36|        scalar|
|p_read37     |   in|   32|     ap_none|         p_read37|        scalar|
|p_read38     |   in|   32|     ap_none|         p_read38|        scalar|
|p_read39     |   in|   32|     ap_none|         p_read39|        scalar|
|p_read40     |   in|   32|     ap_none|         p_read40|        scalar|
|p_read41     |   in|   32|     ap_none|         p_read41|        scalar|
|p_read42     |   in|   32|     ap_none|         p_read42|        scalar|
|p_read43     |   in|   32|     ap_none|         p_read43|        scalar|
|p_read44     |   in|   32|     ap_none|         p_read44|        scalar|
|p_read45     |   in|   32|     ap_none|         p_read45|        scalar|
|p_read46     |   in|   32|     ap_none|         p_read46|        scalar|
|p_read47     |   in|   32|     ap_none|         p_read47|        scalar|
|p_read48     |   in|   32|     ap_none|         p_read48|        scalar|
|p_read49     |   in|   32|     ap_none|         p_read49|        scalar|
|p_read50     |   in|   32|     ap_none|         p_read50|        scalar|
|p_read51     |   in|   32|     ap_none|         p_read51|        scalar|
|p_read52     |   in|   32|     ap_none|         p_read52|        scalar|
|p_read53     |   in|   32|     ap_none|         p_read53|        scalar|
|p_read54     |   in|   32|     ap_none|         p_read54|        scalar|
|p_read55     |   in|   32|     ap_none|         p_read55|        scalar|
|p_read56     |   in|   32|     ap_none|         p_read56|        scalar|
|p_read57     |   in|   32|     ap_none|         p_read57|        scalar|
|p_read58     |   in|   32|     ap_none|         p_read58|        scalar|
|p_read59     |   in|   32|     ap_none|         p_read59|        scalar|
|p_read60     |   in|   32|     ap_none|         p_read60|        scalar|
|p_read61     |   in|   32|     ap_none|         p_read61|        scalar|
+-------------+-----+-----+------------+-----------------+--------------+

