#-----------------------------------------------------------
# Vivado v2024.2 (64-bit)
# SW Build 5239630 on Fri Nov 08 22:34:34 MST 2024
# IP Build 5239520 on Sun Nov 10 16:12:51 MST 2024
# SharedData Build 5239561 on Fri Nov 08 14:39:27 MST 2024
# Start of session at: Thu Mar 26 11:04:30 2026
# Process ID         : 49546
# Current directory  : /home/xiaorang/Documents/ATOMFLOW/atomflow_controller/.vitis_ws_atomflow_mpl4mjhg/atomflow_controller_2024_2/atomflow_controller_2024_2/hls/impl/ip
# Command line       : vivado -notrace -mode batch -source run_ippack.tcl
# Log file           : /home/xiaorang/Documents/ATOMFLOW/atomflow_controller/.vitis_ws_atomflow_mpl4mjhg/atomflow_controller_2024_2/atomflow_controller_2024_2/hls/impl/ip/vivado.log
# Journal file       : /home/xiaorang/Documents/ATOMFLOW/atomflow_controller/.vitis_ws_atomflow_mpl4mjhg/atomflow_controller_2024_2/atomflow_controller_2024_2/hls/impl/ip/vivado.jou
# Running On         : xiaorang-MSI
# Platform           : Ubuntu
# Operating System   : Ubuntu 22.04.5 LTS
# Processor Detail   : AMD Ryzen 7 7800X3D 8-Core Processor
# CPU Frequency      : 4040.078 MHz
# CPU Physical cores : 8
# CPU Logical cores  : 16
# Host memory        : 32757 MB
# Swap memory        : 32767 MB
# Total Virtual      : 65525 MB
# Available Virtual  : 49955 MB
#-----------------------------------------------------------
source run_ippack.tcl -notrace
INFO: calling package_hls_ip ip_types=vitis sysgen json_file=/home/xiaorang/Documents/ATOMFLOW/atomflow_controller/.vitis_ws_atomflow_mpl4mjhg/atomflow_controller_2024_2/atomflow_controller_2024_2/hls/hls_data.json outdir=/home/xiaorang/Documents/ATOMFLOW/atomflow_controller/.vitis_ws_atomflow_mpl4mjhg/atomflow_controller_2024_2/atomflow_controller_2024_2/hls/impl/ip srcdir=/home/xiaorang/Documents/ATOMFLOW/atomflow_controller/.vitis_ws_atomflow_mpl4mjhg/atomflow_controller_2024_2/atomflow_controller_2024_2/hls sort_interfaces_ports=false
INFO: Copied 1 ipmisc file(s) to /home/xiaorang/Documents/ATOMFLOW/atomflow_controller/.vitis_ws_atomflow_mpl4mjhg/atomflow_controller_2024_2/atomflow_controller_2024_2/hls/impl/ip/misc
INFO: Copied 142 verilog file(s) to /home/xiaorang/Documents/ATOMFLOW/atomflow_controller/.vitis_ws_atomflow_mpl4mjhg/atomflow_controller_2024_2/atomflow_controller_2024_2/hls/impl/ip/hdl/verilog
INFO: Copied 134 vhdl file(s) to /home/xiaorang/Documents/ATOMFLOW/atomflow_controller/.vitis_ws_atomflow_mpl4mjhg/atomflow_controller_2024_2/atomflow_controller_2024_2/hls/impl/ip/hdl/vhdl
INFO: Copied 10 swdriver file(s) to /home/xiaorang/Documents/ATOMFLOW/atomflow_controller/.vitis_ws_atomflow_mpl4mjhg/atomflow_controller_2024_2/atomflow_controller_2024_2/hls/impl/ip/drivers
Generating 8 subcores in /home/xiaorang/Documents/ATOMFLOW/atomflow_controller/.vitis_ws_atomflow_mpl4mjhg/atomflow_controller_2024_2/atomflow_controller_2024_2/hls/impl/ip/hdl/ip.tmp:
impl/misc/atomflow_controller_fadd_32ns_32ns_32_4_full_dsp_0_ip.tcl
impl/misc/atomflow_controller_fcmp_32ns_32ns_1_2_no_dsp_1_ip.tcl
impl/misc/atomflow_controller_fdiv_32ns_32ns_32_9_no_dsp_0_ip.tcl
impl/misc/atomflow_controller_fmul_32ns_32ns_32_3_max_dsp_1_ip.tcl
impl/misc/atomflow_controller_fsub_32ns_32ns_32_4_full_dsp_1_ip.tcl
impl/misc/atomflow_controller_sitodp_32ns_64_4_no_dsp_1_ip.tcl
impl/misc/atomflow_controller_sitofp_32ns_32_4_no_dsp_1_ip.tcl
impl/misc/atomflow_controller_uitodp_64ns_64_4_no_dsp_1_ip.tcl
INFO: Using COE_DIR=/home/xiaorang/Documents/ATOMFLOW/atomflow_controller/.vitis_ws_atomflow_mpl4mjhg/atomflow_controller_2024_2/atomflow_controller_2024_2/hls/impl/ip/hdl/verilog
INFO: Generating atomflow_controller_fadd_32ns_32ns_32_4_full_dsp_0_ip via file impl/misc/atomflow_controller_fadd_32ns_32ns_32_4_full_dsp_0_ip.tcl
INFO: [IP_Flow 19-234] Refreshing IP repositories
INFO: [IP_Flow 19-1704] No user IP repositories specified
INFO: [IP_Flow 19-2313] Loaded Vivado IP repository '/tools/Xilinx/Vivado/2024.2/data/ip'.
INFO: [IP_Flow 19-1686] Generating 'Synthesis' target for IP 'atomflow_controller_fadd_32ns_32ns_32_4_full_dsp_0_ip'...
INFO: [IP_Flow 19-1686] Generating 'Simulation' target for IP 'atomflow_controller_fadd_32ns_32ns_32_4_full_dsp_0_ip'...
INFO: Done generating atomflow_controller_fadd_32ns_32ns_32_4_full_dsp_0_ip via file impl/misc/atomflow_controller_fadd_32ns_32ns_32_4_full_dsp_0_ip.tcl
INFO: Generating atomflow_controller_fcmp_32ns_32ns_1_2_no_dsp_1_ip via file impl/misc/atomflow_controller_fcmp_32ns_32ns_1_2_no_dsp_1_ip.tcl
INFO: [IP_Flow 19-1686] Generating 'Synthesis' target for IP 'atomflow_controller_fcmp_32ns_32ns_1_2_no_dsp_1_ip'...
INFO: [IP_Flow 19-1686] Generating 'Simulation' target for IP 'atomflow_controller_fcmp_32ns_32ns_1_2_no_dsp_1_ip'...
INFO: Done generating atomflow_controller_fcmp_32ns_32ns_1_2_no_dsp_1_ip via file impl/misc/atomflow_controller_fcmp_32ns_32ns_1_2_no_dsp_1_ip.tcl
INFO: Generating atomflow_controller_fdiv_32ns_32ns_32_9_no_dsp_0_ip via file impl/misc/atomflow_controller_fdiv_32ns_32ns_32_9_no_dsp_0_ip.tcl
INFO: [IP_Flow 19-1686] Generating 'Synthesis' target for IP 'atomflow_controller_fdiv_32ns_32ns_32_9_no_dsp_0_ip'...
INFO: [IP_Flow 19-1686] Generating 'Simulation' target for IP 'atomflow_controller_fdiv_32ns_32ns_32_9_no_dsp_0_ip'...
INFO: Done generating atomflow_controller_fdiv_32ns_32ns_32_9_no_dsp_0_ip via file impl/misc/atomflow_controller_fdiv_32ns_32ns_32_9_no_dsp_0_ip.tcl
INFO: Generating atomflow_controller_fmul_32ns_32ns_32_3_max_dsp_1_ip via file impl/misc/atomflow_controller_fmul_32ns_32ns_32_3_max_dsp_1_ip.tcl
INFO: [IP_Flow 19-1686] Generating 'Synthesis' target for IP 'atomflow_controller_fmul_32ns_32ns_32_3_max_dsp_1_ip'...
INFO: [IP_Flow 19-1686] Generating 'Simulation' target for IP 'atomflow_controller_fmul_32ns_32ns_32_3_max_dsp_1_ip'...
INFO: Done generating atomflow_controller_fmul_32ns_32ns_32_3_max_dsp_1_ip via file impl/misc/atomflow_controller_fmul_32ns_32ns_32_3_max_dsp_1_ip.tcl
INFO: Generating atomflow_controller_fsub_32ns_32ns_32_4_full_dsp_1_ip via file impl/misc/atomflow_controller_fsub_32ns_32ns_32_4_full_dsp_1_ip.tcl
INFO: [IP_Flow 19-1686] Generating 'Synthesis' target for IP 'atomflow_controller_fsub_32ns_32ns_32_4_full_dsp_1_ip'...
INFO: [IP_Flow 19-1686] Generating 'Simulation' target for IP 'atomflow_controller_fsub_32ns_32ns_32_4_full_dsp_1_ip'...
INFO: Done generating atomflow_controller_fsub_32ns_32ns_32_4_full_dsp_1_ip via file impl/misc/atomflow_controller_fsub_32ns_32ns_32_4_full_dsp_1_ip.tcl
INFO: Generating atomflow_controller_sitodp_32ns_64_4_no_dsp_1_ip via file impl/misc/atomflow_controller_sitodp_32ns_64_4_no_dsp_1_ip.tcl
INFO: [IP_Flow 19-1686] Generating 'Synthesis' target for IP 'atomflow_controller_sitodp_32ns_64_4_no_dsp_1_ip'...
INFO: [IP_Flow 19-1686] Generating 'Simulation' target for IP 'atomflow_controller_sitodp_32ns_64_4_no_dsp_1_ip'...
INFO: Done generating atomflow_controller_sitodp_32ns_64_4_no_dsp_1_ip via file impl/misc/atomflow_controller_sitodp_32ns_64_4_no_dsp_1_ip.tcl
INFO: Generating atomflow_controller_sitofp_32ns_32_4_no_dsp_1_ip via file impl/misc/atomflow_controller_sitofp_32ns_32_4_no_dsp_1_ip.tcl
INFO: [IP_Flow 19-1686] Generating 'Synthesis' target for IP 'atomflow_controller_sitofp_32ns_32_4_no_dsp_1_ip'...
INFO: [IP_Flow 19-1686] Generating 'Simulation' target for IP 'atomflow_controller_sitofp_32ns_32_4_no_dsp_1_ip'...
INFO: Done generating atomflow_controller_sitofp_32ns_32_4_no_dsp_1_ip via file impl/misc/atomflow_controller_sitofp_32ns_32_4_no_dsp_1_ip.tcl
INFO: Generating atomflow_controller_uitodp_64ns_64_4_no_dsp_1_ip via file impl/misc/atomflow_controller_uitodp_64ns_64_4_no_dsp_1_ip.tcl
INFO: [IP_Flow 19-1686] Generating 'Synthesis' target for IP 'atomflow_controller_uitodp_64ns_64_4_no_dsp_1_ip'...
INFO: [IP_Flow 19-1686] Generating 'Simulation' target for IP 'atomflow_controller_uitodp_64ns_64_4_no_dsp_1_ip'...
INFO: Done generating atomflow_controller_uitodp_64ns_64_4_no_dsp_1_ip via file impl/misc/atomflow_controller_uitodp_64ns_64_4_no_dsp_1_ip.tcl
INFO: Import ports from HDL: /home/xiaorang/Documents/ATOMFLOW/atomflow_controller/.vitis_ws_atomflow_mpl4mjhg/atomflow_controller_2024_2/atomflow_controller_2024_2/hls/impl/ip/hdl/vhdl/atomflow_controller.vhd (atomflow_controller)
INFO: Add axi4lite interface s_axi_control
INFO: Add clock interface ap_clk
INFO: Add reset interface ap_rst_n
INFO: Add interrupt interface interrupt
INFO: [IP_Flow 19-234] Refreshing IP repositories
INFO: [IP_Flow 19-1704] No user IP repositories specified
INFO: [IP_Flow 19-2313] Loaded Vivado IP repository '/tools/Xilinx/Vivado/2024.2/data/ip'.
INFO: Add axi4full interface m_axi_gmem0
INFO: Add axi4full interface m_axi_gmem5
INFO: Add axi4full interface m_axi_gmem1
INFO: Add axi4full interface m_axi_gmem2
INFO: Add axi4full interface m_axi_gmem6
INFO: Add axi4full interface m_axi_gmem3
INFO: Add axi4full interface m_axi_gmem4
INFO: Add axi4stream interface moveStream
INFO: Calling post_process_vitis to specialize IP
INFO: Calling post_process_sysgen to specialize IP
Generating sysgen info xml from json file
INFO: Created IP /home/xiaorang/Documents/ATOMFLOW/atomflow_controller/.vitis_ws_atomflow_mpl4mjhg/atomflow_controller_2024_2/atomflow_controller_2024_2/hls/impl/ip/component.xml
INFO: Created IP archive /home/xiaorang/Documents/ATOMFLOW/atomflow_controller/.vitis_ws_atomflow_mpl4mjhg/atomflow_controller_2024_2/atomflow_controller_2024_2/hls/impl/ip/xilinx_com_hls_atomflow_controller_1_0.zip
INFO: [Common 17-206] Exiting Vivado at Thu Mar 26 11:05:11 2026...
