

================================================================
== Vitis HLS Report for 'atomflow_controller_Pipeline_VITIS_LOOP_136_1'
================================================================
* Date:           Thu Mar 26 11:03:31 2026

* Version:        2024.2 (Build 5238294 on Nov  8 2024)
* Project:        atomflow_controller_2024_2
* Solution:       hls (Vivado IP Flow Target)
* Product family: zynquplusRFSOC
* Target device:  xczu49dr-ffvf1760-2-e


================================================================
== Performance Estimates
================================================================
+ Timing: 
    * Summary: 
    +--------+----------+----------+------------+
    |  Clock |  Target  | Estimated| Uncertainty|
    +--------+----------+----------+------------+
    |ap_clk  |  10.00 ns|  7.300 ns|     2.70 ns|
    +--------+----------+----------+------------+

+ Latency: 
    * Summary: 
    +---------+---------+-----------+-----------+-----+------+------------------------------------------------+
    |  Latency (cycles) |   Latency (absolute)  |  Interval  |                    Pipeline                    |
    |   min   |   max   |    min    |    max    | min |  max |                      Type                      |
    +---------+---------+-----------+-----------+-----+------+------------------------------------------------+
    |        4|     2003|  40.000 ns|  20.030 us|    2|  2001|  loop auto-rewind stp (delay=0 clock cycles(s))|
    +---------+---------+-----------+-----------+-----+------+------------------------------------------------+

    + Detail: 
        * Instance: 
        N/A

        * Loop: 
        +--------------------+---------+---------+----------+-----------+-----------+----------+----------+
        |                    |  Latency (cycles) | Iteration|  Initiation Interval  |   Trip   |          |
        |      Loop Name     |   min   |   max   |  Latency |  achieved |   target  |   Count  | Pipelined|
        +--------------------+---------+---------+----------+-----------+-----------+----------+----------+
        |- VITIS_LOOP_136_1  |        2|     2001|         3|          1|          1|  1 ~ 2000|       yes|
        +--------------------+---------+---------+----------+-----------+-----------+----------+----------+



================================================================
== Utilization Estimates
================================================================
* Summary: 
+-----------------+---------+------+--------+--------+-----+
|       Name      | BRAM_18K|  DSP |   FF   |   LUT  | URAM|
+-----------------+---------+------+--------+--------+-----+
|DSP              |        -|     -|       -|       -|    -|
|Expression       |        -|     -|       0|      81|    -|
|FIFO             |        -|     -|       -|       -|    -|
|Instance         |        -|     -|       0|      43|    -|
|Memory           |        -|     -|       -|       -|    -|
|Multiplexer      |        -|     -|       0|      45|    -|
|Register         |        -|     -|      71|       -|    -|
+-----------------+---------+------+--------+--------+-----+
|Total            |        0|     0|      71|     169|    0|
+-----------------+---------+------+--------+--------+-----+
|Available        |     2160|  4272|  850560|  425280|   80|
+-----------------+---------+------+--------+--------+-----+
|Utilization (%)  |        0|     0|      ~0|      ~0|    0|
+-----------------+---------+------+--------+--------+-----+

+ Detail: 
    * Instance: 
    +----------------------------+-----------------------+---------+----+---+----+-----+
    |          Instance          |         Module        | BRAM_18K| DSP| FF| LUT| URAM|
    +----------------------------+-----------------------+---------+----+---+----+-----+
    |sparsemux_17_3_32_1_1_U447  |sparsemux_17_3_32_1_1  |        0|   0|  0|  43|    0|
    +----------------------------+-----------------------+---------+----+---+----+-----+
    |Total                       |                       |        0|   0|  0|  43|    0|
    +----------------------------+-----------------------+---------+----+---+----+-----+

    * DSP: 
    N/A

    * Memory: 
    N/A

    * FIFO: 
    N/A

    * Expression: 
    +---------------------------+----------+----+---+----+------------+------------+
    |       Variable Name       | Operation| DSP| FF| LUT| Bitwidth P0| Bitwidth P1|
    +---------------------------+----------+----+---+----+------------+------------+
    |add_ln136_fu_246_p2        |         +|   0|  0|  38|          31|           1|
    |ap_block_pp0_stage0_11001  |       and|   0|  0|   2|           1|           1|
    |icmp_ln136_fu_240_p2       |      icmp|   0|  0|  39|          32|          32|
    |ap_enable_pp0              |       xor|   0|  0|   2|           1|           2|
    +---------------------------+----------+----+---+----+------------+------------+
    |Total                      |          |   0|  0|  81|          65|          36|
    +---------------------------+----------+----+---+----+------------+------------+

    * Multiplexer: 
    +-------------------------+----+-----------+-----+-----------+
    |           Name          | LUT| Input Size| Bits| Total Bits|
    +-------------------------+----+-----------+-----+-----------+
    |ap_done_int              |   9|          2|    1|          2|
    |ap_enable_reg_pp0_iter1  |   9|          2|    1|          2|
    |ap_sig_allocacmp_i_152   |   9|          2|   31|         62|
    |gmem3_blk_n_W            |   9|          2|    1|          2|
    |i_fu_96                  |   9|          2|   31|         62|
    +-------------------------+----+-----------+-----+-----------+
    |Total                    |  45|         10|   65|        130|
    +-------------------------+----+-----------+-----+-----------+

    * Register: 
    +----------------------------------+----+----+-----+-----------+
    |               Name               | FF | LUT| Bits| Const Bits|
    +----------------------------------+----+----+-----+-----------+
    |ap_CS_fsm                         |   1|   0|    1|          0|
    |ap_done_reg                       |   1|   0|    1|          0|
    |ap_enable_reg_pp0_iter1           |   1|   0|    1|          0|
    |ap_enable_reg_pp0_iter2           |   1|   0|    1|          0|
    |ap_loop_exit_ready_pp0_iter1_reg  |   1|   0|    1|          0|
    |i_fu_96                           |  31|   0|   31|          0|
    |tmp_reg_393                       |  32|   0|   32|          0|
    |trunc_ln136_reg_348               |   3|   0|    3|          0|
    +----------------------------------+----+----+-----+-----------+
    |Total                             |  71|   0|   71|          0|
    +----------------------------------+----+----+-----+-----------+



================================================================
== Interface
================================================================
* Summary: 
+----------------------------+-----+-----+------------+-----------------------------------------------+--------------+
|          RTL Ports         | Dir | Bits|  Protocol  |                 Source Object                 |    C Type    |
+----------------------------+-----+-----+------------+-----------------------------------------------+--------------+
|ap_clk                      |   in|    1|  ap_ctrl_hs|  atomflow_controller_Pipeline_VITIS_LOOP_136_1|  return value|
|ap_rst                      |   in|    1|  ap_ctrl_hs|  atomflow_controller_Pipeline_VITIS_LOOP_136_1|  return value|
|ap_start                    |   in|    1|  ap_ctrl_hs|  atomflow_controller_Pipeline_VITIS_LOOP_136_1|  return value|
|ap_done                     |  out|    1|  ap_ctrl_hs|  atomflow_controller_Pipeline_VITIS_LOOP_136_1|  return value|
|ap_idle                     |  out|    1|  ap_ctrl_hs|  atomflow_controller_Pipeline_VITIS_LOOP_136_1|  return value|
|ap_ready                    |  out|    1|  ap_ctrl_hs|  atomflow_controller_Pipeline_VITIS_LOOP_136_1|  return value|
|m_axi_gmem3_0_AWVALID       |  out|    1|       m_axi|                                          gmem3|       pointer|
|m_axi_gmem3_0_AWREADY       |   in|    1|       m_axi|                                          gmem3|       pointer|
|m_axi_gmem3_0_AWADDR        |  out|   64|       m_axi|                                          gmem3|       pointer|
|m_axi_gmem3_0_AWID          |  out|    1|       m_axi|                                          gmem3|       pointer|
|m_axi_gmem3_0_AWLEN         |  out|   32|       m_axi|                                          gmem3|       pointer|
|m_axi_gmem3_0_AWSIZE        |  out|    3|       m_axi|                                          gmem3|       pointer|
|m_axi_gmem3_0_AWBURST       |  out|    2|       m_axi|                                          gmem3|       pointer|
|m_axi_gmem3_0_AWLOCK        |  out|    2|       m_axi|                                          gmem3|       pointer|
|m_axi_gmem3_0_AWCACHE       |  out|    4|       m_axi|                                          gmem3|       pointer|
|m_axi_gmem3_0_AWPROT        |  out|    3|       m_axi|                                          gmem3|       pointer|
|m_axi_gmem3_0_AWQOS         |  out|    4|       m_axi|                                          gmem3|       pointer|
|m_axi_gmem3_0_AWREGION      |  out|    4|       m_axi|                                          gmem3|       pointer|
|m_axi_gmem3_0_AWUSER        |  out|    1|       m_axi|                                          gmem3|       pointer|
|m_axi_gmem3_0_WVALID        |  out|    1|       m_axi|                                          gmem3|       pointer|
|m_axi_gmem3_0_WREADY        |   in|    1|       m_axi|                                          gmem3|       pointer|
|m_axi_gmem3_0_WDATA         |  out|   32|       m_axi|                                          gmem3|       pointer|
|m_axi_gmem3_0_WSTRB         |  out|    4|       m_axi|                                          gmem3|       pointer|
|m_axi_gmem3_0_WLAST         |  out|    1|       m_axi|                                          gmem3|       pointer|
|m_axi_gmem3_0_WID           |  out|    1|       m_axi|                                          gmem3|       pointer|
|m_axi_gmem3_0_WUSER         |  out|    1|       m_axi|                                          gmem3|       pointer|
|m_axi_gmem3_0_ARVALID       |  out|    1|       m_axi|                                          gmem3|       pointer|
|m_axi_gmem3_0_ARREADY       |   in|    1|       m_axi|                                          gmem3|       pointer|
|m_axi_gmem3_0_ARADDR        |  out|   64|       m_axi|                                          gmem3|       pointer|
|m_axi_gmem3_0_ARID          |  out|    1|       m_axi|                                          gmem3|       pointer|
|m_axi_gmem3_0_ARLEN         |  out|   32|       m_axi|                                          gmem3|       pointer|
|m_axi_gmem3_0_ARSIZE        |  out|    3|       m_axi|                                          gmem3|       pointer|
|m_axi_gmem3_0_ARBURST       |  out|    2|       m_axi|                                          gmem3|       pointer|
|m_axi_gmem3_0_ARLOCK        |  out|    2|       m_axi|                                          gmem3|       pointer|
|m_axi_gmem3_0_ARCACHE       |  out|    4|       m_axi|                                          gmem3|       pointer|
|m_axi_gmem3_0_ARPROT        |  out|    3|       m_axi|                                          gmem3|       pointer|
|m_axi_gmem3_0_ARQOS         |  out|    4|       m_axi|                                          gmem3|       pointer|
|m_axi_gmem3_0_ARREGION      |  out|    4|       m_axi|                                          gmem3|       pointer|
|m_axi_gmem3_0_ARUSER        |  out|    1|       m_axi|                                          gmem3|       pointer|
|m_axi_gmem3_0_RVALID        |   in|    1|       m_axi|                                          gmem3|       pointer|
|m_axi_gmem3_0_RREADY        |  out|    1|       m_axi|                                          gmem3|       pointer|
|m_axi_gmem3_0_RDATA         |   in|   32|       m_axi|                                          gmem3|       pointer|
|m_axi_gmem3_0_RLAST         |   in|    1|       m_axi|                                          gmem3|       pointer|
|m_axi_gmem3_0_RID           |   in|    1|       m_axi|                                          gmem3|       pointer|
|m_axi_gmem3_0_RFIFONUM      |   in|    9|       m_axi|                                          gmem3|       pointer|
|m_axi_gmem3_0_RUSER         |   in|    1|       m_axi|                                          gmem3|       pointer|
|m_axi_gmem3_0_RRESP         |   in|    2|       m_axi|                                          gmem3|       pointer|
|m_axi_gmem3_0_BVALID        |   in|    1|       m_axi|                                          gmem3|       pointer|
|m_axi_gmem3_0_BREADY        |  out|    1|       m_axi|                                          gmem3|       pointer|
|m_axi_gmem3_0_BRESP         |   in|    2|       m_axi|                                          gmem3|       pointer|
|m_axi_gmem3_0_BID           |   in|    1|       m_axi|                                          gmem3|       pointer|
|m_axi_gmem3_0_BUSER         |   in|    1|       m_axi|                                          gmem3|       pointer|
|atomLocationsSize           |   in|   32|     ap_none|                              atomLocationsSize|        scalar|
|sext_ln136                  |   in|   62|     ap_none|                                     sext_ln136|        scalar|
|emissions_local_address0    |  out|    8|   ap_memory|                                emissions_local|         array|
|emissions_local_ce0         |  out|    1|   ap_memory|                                emissions_local|         array|
|emissions_local_q0          |   in|   32|   ap_memory|                                emissions_local|         array|
|emissions_local_1_address0  |  out|    8|   ap_memory|                              emissions_local_1|         array|
|emissions_local_1_ce0       |  out|    1|   ap_memory|                              emissions_local_1|         array|
|emissions_local_1_q0        |   in|   32|   ap_memory|                              emissions_local_1|         array|
|emissions_local_2_address0  |  out|    8|   ap_memory|                              emissions_local_2|         array|
|emissions_local_2_ce0       |  out|    1|   ap_memory|                              emissions_local_2|         array|
|emissions_local_2_q0        |   in|   32|   ap_memory|                              emissions_local_2|         array|
|emissions_local_3_address0  |  out|    8|   ap_memory|                              emissions_local_3|         array|
|emissions_local_3_ce0       |  out|    1|   ap_memory|                              emissions_local_3|         array|
|emissions_local_3_q0        |   in|   32|   ap_memory|                              emissions_local_3|         array|
|emissions_local_4_address0  |  out|    8|   ap_memory|                              emissions_local_4|         array|
|emissions_local_4_ce0       |  out|    1|   ap_memory|                              emissions_local_4|         array|
|emissions_local_4_q0        |   in|   32|   ap_memory|                              emissions_local_4|         array|
|emissions_local_5_address0  |  out|    8|   ap_memory|                              emissions_local_5|         array|
|emissions_local_5_ce0       |  out|    1|   ap_memory|                              emissions_local_5|         array|
|emissions_local_5_q0        |   in|   32|   ap_memory|                              emissions_local_5|         array|
|emissions_local_6_address0  |  out|    8|   ap_memory|                              emissions_local_6|         array|
|emissions_local_6_ce0       |  out|    1|   ap_memory|                              emissions_local_6|         array|
|emissions_local_6_q0        |   in|   32|   ap_memory|                              emissions_local_6|         array|
|emissions_local_7_address0  |  out|    8|   ap_memory|                              emissions_local_7|         array|
|emissions_local_7_ce0       |  out|    1|   ap_memory|                              emissions_local_7|         array|
|emissions_local_7_q0        |   in|   32|   ap_memory|                              emissions_local_7|         array|
+----------------------------+-----+-----+------------+-----------------------------------------------+--------------+

