

================================================================
== Vitis HLS Report for 'atomflow_controller'
================================================================
* Date:           Thu Mar 26 11:03:39 2026

* Version:        2024.2 (Build 5238294 on Nov  8 2024)
* Project:        atomflow_controller_2024_2
* Solution:       hls (Vivado IP Flow Target)
* Product family: zynquplusRFSOC
* Target device:  xczu49dr-ffvf1760-2-e


================================================================
== Performance Estimates
================================================================
+ Timing: 
    * Summary: 
    +--------+----------+----------+------------+
    |  Clock |  Target  | Estimated| Uncertainty|
    +--------+----------+----------+------------+
    |ap_clk  |  10.00 ns|  7.419 ns|     2.70 ns|
    +--------+----------+----------+------------+

+ Latency: 
    * Summary: 
    +---------+----------+----------+-----------+--------+----------+---------+
    |  Latency (cycles)  |  Latency (absolute)  |      Interval     | Pipeline|
    |   min   |    max   |    min   |    max    |   min  |    max   |   Type  |
    +---------+----------+----------+-----------+--------+----------+---------+
    |   182519|  10528550|  1.825 ms|  0.105 sec|  182520|  10528551|       no|
    +---------+----------+----------+-----------+--------+----------+---------+

    + Detail: 
        * Instance: 
        +-----------------------------------------------------------+------------------------------------------------+---------+----------+-----------+-----------+--------+----------+------------------------------------------------+
        |                                                           |                                                |  Latency (cycles)  |   Latency (absolute)  |      Interval     |                    Pipeline                    |
        |                          Instance                         |                     Module                     |   min   |    max   |    min    |    max    |   min  |    max   |                      Type                      |
        +-----------------------------------------------------------+------------------------------------------------+---------+----------+-----------+-----------+--------+----------+------------------------------------------------+
        |grp_reconstruct_fu_404                                     |reconstruct                                     |   182496|    182496|   1.825 ms|   1.825 ms|  182496|    182496|                                              no|
        |grp_atomflow_controller_Pipeline_VITIS_LOOP_136_1_fu_434   |atomflow_controller_Pipeline_VITIS_LOOP_136_1   |        4|      2003|  40.000 ns|  20.030 us|       2|      2001|  loop auto-rewind stp (delay=0 clock cycles(s))|
        |grp_atomflow_controller_Pipeline_VITIS_LOOP_231_1_fu_450   |atomflow_controller_Pipeline_VITIS_LOOP_231_1   |    25002|     25002|   0.250 ms|   0.250 ms|   25001|     25001|  loop auto-rewind stp (delay=0 clock cycles(s))|
        |grp_atomflow_controller_Pipeline_VITIS_LOOP_231_17_fu_455  |atomflow_controller_Pipeline_VITIS_LOOP_231_17  |    25002|     25002|   0.250 ms|   0.250 ms|   25001|     25001|  loop auto-rewind stp (delay=0 clock cycles(s))|
        |grp_emissions_to_statearray_fu_460                         |emissions_to_statearray                         |       50|     52048|   0.500 us|   0.520 ms|      50|     52048|                                              no|
        |grp_load_target_geometry_fu_477                            |load_target_geometry                            |       23|    312165|   0.230 us|   3.122 ms|      23|    312165|                                              no|
        |grp_sortArray_impl_state_accessor_HLSMoveStream_s_fu_487   |sortArray_impl_state_accessor_HLSMoveStream_s   |        3|  10006860|  30.000 ns|  0.100 sec|       3|  10006860|                                              no|
        +-----------------------------------------------------------+------------------------------------------------+---------+----------+-----------+-----------+--------+----------+------------------------------------------------+

        * Loop: 
        N/A



================================================================
== Utilization Estimates
================================================================
* Summary: 
+-----------------+---------+------+--------+--------+-----+
|       Name      | BRAM_18K|  DSP |   FF   |   LUT  | URAM|
+-----------------+---------+------+--------+--------+-----+
|DSP              |        -|     -|       -|       -|    -|
|Expression       |        -|     -|       0|     315|    -|
|FIFO             |        -|     -|       -|       -|    -|
|Instance         |      381|   472|  168622|  167474|    0|
|Memory           |       12|     -|       0|       0|    0|
|Multiplexer      |        -|     -|       0|     867|    -|
|Register         |        -|     -|    1504|       -|    -|
+-----------------+---------+------+--------+--------+-----+
|Total            |      393|   472|  170126|  168656|    0|
+-----------------+---------+------+--------+--------+-----+
|Available        |     2160|  4272|  850560|  425280|   80|
+-----------------+---------+------+--------+--------+-----+
|Utilization (%)  |       18|    11|      20|      39|    0|
+-----------------+---------+------+--------+--------+-----+

+ Detail: 
    * Instance: 
    +-----------------------------------------------------------+------------------------------------------------+---------+-----+--------+-------+-----+
    |                          Instance                         |                     Module                     | BRAM_18K| DSP |   FF   |  LUT  | URAM|
    +-----------------------------------------------------------+------------------------------------------------+---------+-----+--------+-------+-----+
    |grp_atomflow_controller_Pipeline_VITIS_LOOP_136_1_fu_434   |atomflow_controller_Pipeline_VITIS_LOOP_136_1   |        0|    0|      71|    169|    0|
    |grp_atomflow_controller_Pipeline_VITIS_LOOP_231_1_fu_450   |atomflow_controller_Pipeline_VITIS_LOOP_231_1   |        0|    0|      17|     71|    0|
    |grp_atomflow_controller_Pipeline_VITIS_LOOP_231_17_fu_455  |atomflow_controller_Pipeline_VITIS_LOOP_231_17  |        0|    0|      17|     71|    0|
    |control_s_axi_U                                            |control_s_axi                                   |        0|    0|    1110|   1912|    0|
    |grp_emissions_to_statearray_fu_460                         |emissions_to_statearray                         |        0|    5|    5229|   4199|    0|
    |gmem0_m_axi_U                                              |gmem0_m_axi                                     |        4|    0|     725|    823|    0|
    |gmem1_m_axi_U                                              |gmem1_m_axi                                     |        2|    0|     671|    637|    0|
    |gmem3_m_axi_U                                              |gmem3_m_axi                                     |        2|    0|     665|    625|    0|
    |gmem4_m_axi_U                                              |gmem4_m_axi                                     |        2|    0|     707|    757|    0|
    |gmem5_m_axi_U                                              |gmem5_m_axi                                     |       29|    0|    1574|   1642|    0|
    |gmem6_m_axi_U                                              |gmem6_m_axi                                     |       29|    0|    1574|   1642|    0|
    |grp_load_target_geometry_fu_477                            |load_target_geometry                            |        0|   12|     784|   1086|    0|
    |grp_reconstruct_fu_404                                     |reconstruct                                     |        0|  447|  124382|  62944|    0|
    |grp_sortArray_impl_state_accessor_HLSMoveStream_s_fu_487   |sortArray_impl_state_accessor_HLSMoveStream_s   |      313|    8|   31096|  90896|    0|
    +-----------------------------------------------------------+------------------------------------------------+---------+-----+--------+-------+-----+
    |Total                                                      |                                                |      381|  472|  168622| 167474|    0|
    +-----------------------------------------------------------+------------------------------------------------+---------+-----+--------+-------+-----+

    * DSP: 
    N/A

    * Memory: 
    +-------------------------+------------------------------------+---------+---+----+-----+-------+-----+------+-------------+
    |          Memory         |               Module               | BRAM_18K| FF| LUT| URAM| Words | Bits| Banks| W*Bits*Banks|
    +-------------------------+------------------------------------+---------+---+----+-----+-------+-----+------+-------------+
    |emissions_local_U        |emissions_local_RAM_AUTO_1R1W       |        1|  0|   0|    0|    250|   32|     1|         8000|
    |emissions_local_1_U      |emissions_local_RAM_AUTO_1R1W       |        1|  0|   0|    0|    250|   32|     1|         8000|
    |emissions_local_2_U      |emissions_local_RAM_AUTO_1R1W       |        1|  0|   0|    0|    250|   32|     1|         8000|
    |emissions_local_3_U      |emissions_local_RAM_AUTO_1R1W       |        1|  0|   0|    0|    250|   32|     1|         8000|
    |emissions_local_4_U      |emissions_local_RAM_AUTO_1R1W       |        1|  0|   0|    0|    250|   32|     1|         8000|
    |emissions_local_5_U      |emissions_local_RAM_AUTO_1R1W       |        1|  0|   0|    0|    250|   32|     1|         8000|
    |emissions_local_6_U      |emissions_local_RAM_AUTO_1R1W       |        1|  0|   0|    0|    250|   32|     1|         8000|
    |emissions_local_7_U      |emissions_local_RAM_AUTO_1R1W       |        1|  0|   0|    0|    250|   32|     1|         8000|
    |stateArray_data_s_U      |stateArray_data_s_RAM_2P_BRAM_1R1W  |        2|  0|   0|    0|  25000|    1|     1|        25000|
    |targetGeometry_data_s_U  |stateArray_data_s_RAM_2P_BRAM_1R1W  |        2|  0|   0|    0|  25000|    1|     1|        25000|
    +-------------------------+------------------------------------+---------+---+----+-----+-------+-----+------+-------------+
    |Total                    |                                    |       12|  0|   0|    0|  52000|  258|    10|       114000|
    +-------------------------+------------------------------------+---------+---+----+-----+-------+-----+------+-------------+

    * FIFO: 
    N/A

    * Expression: 
    +----------------------------------------------------------------------------+----------+----+---+----+------------+------------+
    |                                Variable Name                               | Operation| DSP| FF| LUT| Bitwidth P0| Bitwidth P1|
    +----------------------------------------------------------------------------+----------+----+---+----+------------+------------+
    |sub_ln1888_fu_613_p2                                                        |         -|   0|  0|  40|          33|          33|
    |sub_ln1890_fu_629_p2                                                        |         -|   0|  0|  40|          33|          33|
    |grp_sortArray_impl_state_accessor_HLSMoveStream_s_fu_487_moveStream_TREADY  |       and|   0|  0|   2|           1|           1|
    |icmp_ln136_fu_547_p2                                                        |      icmp|   0|  0|  39|          32|           1|
    |icmp_ln145_fu_536_p2                                                        |      icmp|   0|  0|  15|           8|           1|
    |icmp_ln1888_fu_623_p2                                                       |      icmp|   0|  0|  71|          64|          64|
    |icmp_ln1890_fu_639_p2                                                       |      icmp|   0|  0|  71|          64|          64|
    |ap_block_state20_on_subcall_done                                            |        or|   0|  0|   2|           1|           1|
    |ap_block_state22_on_subcall_done                                            |        or|   0|  0|   2|           1|           1|
    |ap_sync_grp_reconstruct_fu_404_ap_ready                                     |        or|   0|  0|   2|           1|           1|
    |empty_211_fu_552_p3                                                         |    select|   0|  0|  31|           1|          31|
    +----------------------------------------------------------------------------+----------+----+---+----+------------+------------+
    |Total                                                                       |          |   0|  0| 315|         239|         231|
    +----------------------------------------------------------------------------+----------+----+---+----+------------+------------+

    * Multiplexer: 
    +--------------------------------+-----+-----------+-----+-----------+
    |              Name              | LUT | Input Size| Bits| Total Bits|
    +--------------------------------+-----+-----------+-----+-----------+
    |ap_NS_fsm                       |  130|         26|    1|         26|
    |emissions_local_1_address0      |   20|          4|    8|         32|
    |emissions_local_1_ce0           |   20|          4|    1|          4|
    |emissions_local_1_we0           |    9|          2|    1|          2|
    |emissions_local_2_address0      |   20|          4|    8|         32|
    |emissions_local_2_ce0           |   20|          4|    1|          4|
    |emissions_local_2_we0           |    9|          2|    1|          2|
    |emissions_local_3_address0      |   20|          4|    8|         32|
    |emissions_local_3_ce0           |   20|          4|    1|          4|
    |emissions_local_3_we0           |    9|          2|    1|          2|
    |emissions_local_4_address0      |   20|          4|    8|         32|
    |emissions_local_4_ce0           |   20|          4|    1|          4|
    |emissions_local_4_we0           |    9|          2|    1|          2|
    |emissions_local_5_address0      |   20|          4|    8|         32|
    |emissions_local_5_ce0           |   20|          4|    1|          4|
    |emissions_local_5_we0           |    9|          2|    1|          2|
    |emissions_local_6_address0      |   20|          4|    8|         32|
    |emissions_local_6_ce0           |   20|          4|    1|          4|
    |emissions_local_6_we0           |    9|          2|    1|          2|
    |emissions_local_7_address0      |   20|          4|    8|         32|
    |emissions_local_7_ce0           |   20|          4|    1|          4|
    |emissions_local_7_we0           |    9|          2|    1|          2|
    |emissions_local_address0        |   20|          4|    8|         32|
    |emissions_local_ce0             |   20|          4|    1|          4|
    |emissions_local_we0             |    9|          2|    1|          2|
    |gmem0_0_ARVALID                 |    9|          2|    1|          2|
    |gmem0_0_RREADY                  |    9|          2|    1|          2|
    |gmem1_blk_n_AR                  |    9|          2|    1|          2|
    |gmem1_blk_n_R                   |    9|          2|    1|          2|
    |gmem3_0_AWADDR                  |   14|          3|   64|        192|
    |gmem3_0_AWLEN                   |   14|          3|   32|         96|
    |gmem3_0_AWVALID                 |   14|          3|    1|          3|
    |gmem3_0_BREADY                  |   14|          3|    1|          3|
    |gmem3_0_WVALID                  |    9|          2|    1|          2|
    |gmem3_blk_n_AW                  |    9|          2|    1|          2|
    |gmem3_blk_n_B                   |    9|          2|    1|          2|
    |gmem4_0_ARVALID                 |    9|          2|    1|          2|
    |gmem4_0_RREADY                  |    9|          2|    1|          2|
    |gmem5_0_ARVALID                 |    9|          2|    1|          2|
    |gmem5_0_RREADY                  |    9|          2|    1|          2|
    |gmem6_0_ARVALID                 |    9|          2|    1|          2|
    |gmem6_0_RREADY                  |    9|          2|    1|          2|
    |moveStream_TDATA_int_regslice   |    9|          2|  512|       1024|
    |stateArray_data_s_address1      |   20|          4|   15|         60|
    |stateArray_data_s_ce0           |    9|          2|    1|          2|
    |stateArray_data_s_ce1           |   20|          4|    1|          4|
    |stateArray_data_s_d1            |   20|          4|    1|          4|
    |stateArray_data_s_we1           |   20|          4|    1|          4|
    |storemerge_reg_386              |    9|          2|   32|         64|
    |targetGeometry_data_s_address1  |   14|          3|   15|         45|
    |targetGeometry_data_s_ce0       |    9|          2|    1|          2|
    |targetGeometry_data_s_ce1       |   14|          3|    1|          3|
    |targetGeometry_data_s_d1        |   14|          3|    1|          3|
    |targetGeometry_data_s_we1       |   14|          3|    1|          3|
    +--------------------------------+-----+-----------+-----+-----------+
    |Total                           |  867|        180|  774|       1868|
    +--------------------------------+-----+-----------+-----+-----------+

    * Register: 
    +------------------------------------------------------------------------+-----+----+-----+-----------+
    |                                  Name                                  |  FF | LUT| Bits| Const Bits|
    +------------------------------------------------------------------------+-----+----+-----+-----------+
    |ap_CS_fsm                                                               |   25|   0|   25|          0|
    |ap_sync_reg_grp_reconstruct_fu_404_ap_done                              |    1|   0|    1|          0|
    |ap_sync_reg_grp_reconstruct_fu_404_ap_ready                             |    1|   0|    1|          0|
    |atomLocationsSize_read_reg_716                                          |   32|   0|   32|          0|
    |atomLocations_read_reg_701                                              |   64|   0|   64|          0|
    |compZoneColEnd_read_reg_645                                             |   32|   0|   32|          0|
    |compZoneColStart_read_reg_651                                           |   32|   0|   32|          0|
    |compZoneRowEnd_read_reg_657                                             |   32|   0|   32|          0|
    |compZoneRowStart_read_reg_663                                           |   32|   0|   32|          0|
    |emission_threshold_read_reg_724                                         |   32|   0|   32|          0|
    |empty_211_reg_755                                                       |   31|   0|   31|          0|
    |empty_reg_750                                                           |   32|   0|   32|          0|
    |fullImage_read_reg_686                                                  |   64|   0|   64|          0|
    |gmem1_addr_reg_729                                                      |   64|   0|   64|          0|
    |grid_cols_read_reg_674                                                  |   32|   0|   32|          0|
    |grid_rows_read_reg_680                                                  |   32|   0|   32|          0|
    |grp_atomflow_controller_Pipeline_VITIS_LOOP_136_1_fu_434_ap_start_reg   |    1|   0|    1|          0|
    |grp_atomflow_controller_Pipeline_VITIS_LOOP_231_17_fu_455_ap_start_reg  |    1|   0|    1|          0|
    |grp_atomflow_controller_Pipeline_VITIS_LOOP_231_1_fu_450_ap_start_reg   |    1|   0|    1|          0|
    |grp_emissions_to_statearray_fu_460_ap_start_reg                         |    1|   0|    1|          0|
    |grp_load_target_geometry_fu_477_ap_start_reg                            |    1|   0|    1|          0|
    |grp_reconstruct_fu_404_ap_start_reg                                     |    1|   0|    1|          0|
    |grp_sortArray_impl_state_accessor_HLSMoveStream_s_fu_487_ap_start_reg   |    1|   0|    1|          0|
    |icmp_ln145_reg_746                                                      |    1|   0|    1|          0|
    |imageProjs_local_read_reg_691                                           |   64|   0|   64|          0|
    |moveStream_TDATA_reg                                                    |  512|   0|  512|          0|
    |projShape0_read_reg_711                                                 |   32|   0|   32|          0|
    |projShape1_read_reg_706                                                 |   32|   0|   32|          0|
    |psfSupersample_read_reg_696                                             |   32|   0|   32|          0|
    |storemerge_reg_386                                                      |   32|   0|   32|          0|
    |targetGeometry_mem_read_reg_669                                         |   64|   0|   64|          0|
    |trunc_ln136_reg_735                                                     |   31|   0|   31|          0|
    |trunc_ln148_1_reg_770                                                   |   32|   0|   32|          0|
    |trunc_ln148_reg_765                                                     |   32|   0|   32|          0|
    |trunc_ln156_reg_775                                                     |   33|   0|   33|          0|
    |trunc_ln_reg_740                                                        |   62|   0|   62|          0|
    +------------------------------------------------------------------------+-----+----+-----+-----------+
    |Total                                                                   | 1504|   0| 1504|          0|
    +------------------------------------------------------------------------+-----+----+-----+-----------+



================================================================
== Interface
================================================================
* Summary: 
+-----------------------+-----+-----+------------+---------------------+--------------+
|       RTL Ports       | Dir | Bits|  Protocol  |    Source Object    |    C Type    |
+-----------------------+-----+-----+------------+---------------------+--------------+
|s_axi_control_AWVALID  |   in|    1|       s_axi|              control|       pointer|
|s_axi_control_AWREADY  |  out|    1|       s_axi|              control|       pointer|
|s_axi_control_AWADDR   |   in|    8|       s_axi|              control|       pointer|
|s_axi_control_WVALID   |   in|    1|       s_axi|              control|       pointer|
|s_axi_control_WREADY   |  out|    1|       s_axi|              control|       pointer|
|s_axi_control_WDATA    |   in|   32|       s_axi|              control|       pointer|
|s_axi_control_WSTRB    |   in|    4|       s_axi|              control|       pointer|
|s_axi_control_ARVALID  |   in|    1|       s_axi|              control|       pointer|
|s_axi_control_ARREADY  |  out|    1|       s_axi|              control|       pointer|
|s_axi_control_ARADDR   |   in|    8|       s_axi|              control|       pointer|
|s_axi_control_RVALID   |  out|    1|       s_axi|              control|       pointer|
|s_axi_control_RREADY   |   in|    1|       s_axi|              control|       pointer|
|s_axi_control_RDATA    |  out|   32|       s_axi|              control|       pointer|
|s_axi_control_RRESP    |  out|    2|       s_axi|              control|       pointer|
|s_axi_control_BVALID   |  out|    1|       s_axi|              control|       pointer|
|s_axi_control_BREADY   |   in|    1|       s_axi|              control|       pointer|
|s_axi_control_BRESP    |  out|    2|       s_axi|              control|       pointer|
|ap_clk                 |   in|    1|  ap_ctrl_hs|  atomflow_controller|  return value|
|ap_rst_n               |   in|    1|  ap_ctrl_hs|  atomflow_controller|  return value|
|interrupt              |  out|    1|  ap_ctrl_hs|  atomflow_controller|  return value|
|m_axi_gmem0_AWVALID    |  out|    1|       m_axi|                gmem0|       pointer|
|m_axi_gmem0_AWREADY    |   in|    1|       m_axi|                gmem0|       pointer|
|m_axi_gmem0_AWADDR     |  out|   64|       m_axi|                gmem0|       pointer|
|m_axi_gmem0_AWID       |  out|    1|       m_axi|                gmem0|       pointer|
|m_axi_gmem0_AWLEN      |  out|    8|       m_axi|                gmem0|       pointer|
|m_axi_gmem0_AWSIZE     |  out|    3|       m_axi|                gmem0|       pointer|
|m_axi_gmem0_AWBURST    |  out|    2|       m_axi|                gmem0|       pointer|
|m_axi_gmem0_AWLOCK     |  out|    2|       m_axi|                gmem0|       pointer|
|m_axi_gmem0_AWCACHE    |  out|    4|       m_axi|                gmem0|       pointer|
|m_axi_gmem0_AWPROT     |  out|    3|       m_axi|                gmem0|       pointer|
|m_axi_gmem0_AWQOS      |  out|    4|       m_axi|                gmem0|       pointer|
|m_axi_gmem0_AWREGION   |  out|    4|       m_axi|                gmem0|       pointer|
|m_axi_gmem0_AWUSER     |  out|    1|       m_axi|                gmem0|       pointer|
|m_axi_gmem0_WVALID     |  out|    1|       m_axi|                gmem0|       pointer|
|m_axi_gmem0_WREADY     |   in|    1|       m_axi|                gmem0|       pointer|
|m_axi_gmem0_WDATA      |  out|   64|       m_axi|                gmem0|       pointer|
|m_axi_gmem0_WSTRB      |  out|    8|       m_axi|                gmem0|       pointer|
|m_axi_gmem0_WLAST      |  out|    1|       m_axi|                gmem0|       pointer|
|m_axi_gmem0_WID        |  out|    1|       m_axi|                gmem0|       pointer|
|m_axi_gmem0_WUSER      |  out|    1|       m_axi|                gmem0|       pointer|
|m_axi_gmem0_ARVALID    |  out|    1|       m_axi|                gmem0|       pointer|
|m_axi_gmem0_ARREADY    |   in|    1|       m_axi|                gmem0|       pointer|
|m_axi_gmem0_ARADDR     |  out|   64|       m_axi|                gmem0|       pointer|
|m_axi_gmem0_ARID       |  out|    1|       m_axi|                gmem0|       pointer|
|m_axi_gmem0_ARLEN      |  out|    8|       m_axi|                gmem0|       pointer|
|m_axi_gmem0_ARSIZE     |  out|    3|       m_axi|                gmem0|       pointer|
|m_axi_gmem0_ARBURST    |  out|    2|       m_axi|                gmem0|       pointer|
|m_axi_gmem0_ARLOCK     |  out|    2|       m_axi|                gmem0|       pointer|
|m_axi_gmem0_ARCACHE    |  out|    4|       m_axi|                gmem0|       pointer|
|m_axi_gmem0_ARPROT     |  out|    3|       m_axi|                gmem0|       pointer|
|m_axi_gmem0_ARQOS      |  out|    4|       m_axi|                gmem0|       pointer|
|m_axi_gmem0_ARREGION   |  out|    4|       m_axi|                gmem0|       pointer|
|m_axi_gmem0_ARUSER     |  out|    1|       m_axi|                gmem0|       pointer|
|m_axi_gmem0_RVALID     |   in|    1|       m_axi|                gmem0|       pointer|
|m_axi_gmem0_RREADY     |  out|    1|       m_axi|                gmem0|       pointer|
|m_axi_gmem0_RDATA      |   in|   64|       m_axi|                gmem0|       pointer|
|m_axi_gmem0_RLAST      |   in|    1|       m_axi|                gmem0|       pointer|
|m_axi_gmem0_RID        |   in|    1|       m_axi|                gmem0|       pointer|
|m_axi_gmem0_RUSER      |   in|    1|       m_axi|                gmem0|       pointer|
|m_axi_gmem0_RRESP      |   in|    2|       m_axi|                gmem0|       pointer|
|m_axi_gmem0_BVALID     |   in|    1|       m_axi|                gmem0|       pointer|
|m_axi_gmem0_BREADY     |  out|    1|       m_axi|                gmem0|       pointer|
|m_axi_gmem0_BRESP      |   in|    2|       m_axi|                gmem0|       pointer|
|m_axi_gmem0_BID        |   in|    1|       m_axi|                gmem0|       pointer|
|m_axi_gmem0_BUSER      |   in|    1|       m_axi|                gmem0|       pointer|
|m_axi_gmem5_AWVALID    |  out|    1|       m_axi|                gmem5|       pointer|
|m_axi_gmem5_AWREADY    |   in|    1|       m_axi|                gmem5|       pointer|
|m_axi_gmem5_AWADDR     |  out|   64|       m_axi|                gmem5|       pointer|
|m_axi_gmem5_AWID       |  out|    1|       m_axi|                gmem5|       pointer|
|m_axi_gmem5_AWLEN      |  out|    8|       m_axi|                gmem5|       pointer|
|m_axi_gmem5_AWSIZE     |  out|    3|       m_axi|                gmem5|       pointer|
|m_axi_gmem5_AWBURST    |  out|    2|       m_axi|                gmem5|       pointer|
|m_axi_gmem5_AWLOCK     |  out|    2|       m_axi|                gmem5|       pointer|
|m_axi_gmem5_AWCACHE    |  out|    4|       m_axi|                gmem5|       pointer|
|m_axi_gmem5_AWPROT     |  out|    3|       m_axi|                gmem5|       pointer|
|m_axi_gmem5_AWQOS      |  out|    4|       m_axi|                gmem5|       pointer|
|m_axi_gmem5_AWREGION   |  out|    4|       m_axi|                gmem5|       pointer|
|m_axi_gmem5_AWUSER     |  out|    1|       m_axi|                gmem5|       pointer|
|m_axi_gmem5_WVALID     |  out|    1|       m_axi|                gmem5|       pointer|
|m_axi_gmem5_WREADY     |   in|    1|       m_axi|                gmem5|       pointer|
|m_axi_gmem5_WDATA      |  out|  512|       m_axi|                gmem5|       pointer|
|m_axi_gmem5_WSTRB      |  out|   64|       m_axi|                gmem5|       pointer|
|m_axi_gmem5_WLAST      |  out|    1|       m_axi|                gmem5|       pointer|
|m_axi_gmem5_WID        |  out|    1|       m_axi|                gmem5|       pointer|
|m_axi_gmem5_WUSER      |  out|    1|       m_axi|                gmem5|       pointer|
|m_axi_gmem5_ARVALID    |  out|    1|       m_axi|                gmem5|       pointer|
|m_axi_gmem5_ARREADY    |   in|    1|       m_axi|                gmem5|       pointer|
|m_axi_gmem5_ARADDR     |  out|   64|       m_axi|                gmem5|       pointer|
|m_axi_gmem5_ARID       |  out|    1|       m_axi|                gmem5|       pointer|
|m_axi_gmem5_ARLEN      |  out|    8|       m_axi|                gmem5|       pointer|
|m_axi_gmem5_ARSIZE     |  out|    3|       m_axi|                gmem5|       pointer|
|m_axi_gmem5_ARBURST    |  out|    2|       m_axi|                gmem5|       pointer|
|m_axi_gmem5_ARLOCK     |  out|    2|       m_axi|                gmem5|       pointer|
|m_axi_gmem5_ARCACHE    |  out|    4|       m_axi|                gmem5|       pointer|
|m_axi_gmem5_ARPROT     |  out|    3|       m_axi|                gmem5|       pointer|
|m_axi_gmem5_ARQOS      |  out|    4|       m_axi|                gmem5|       pointer|
|m_axi_gmem5_ARREGION   |  out|    4|       m_axi|                gmem5|       pointer|
|m_axi_gmem5_ARUSER     |  out|    1|       m_axi|                gmem5|       pointer|
|m_axi_gmem5_RVALID     |   in|    1|       m_axi|                gmem5|       pointer|
|m_axi_gmem5_RREADY     |  out|    1|       m_axi|                gmem5|       pointer|
|m_axi_gmem5_RDATA      |   in|  512|       m_axi|                gmem5|       pointer|
|m_axi_gmem5_RLAST      |   in|    1|       m_axi|                gmem5|       pointer|
|m_axi_gmem5_RID        |   in|    1|       m_axi|                gmem5|       pointer|
|m_axi_gmem5_RUSER      |   in|    1|       m_axi|                gmem5|       pointer|
|m_axi_gmem5_RRESP      |   in|    2|       m_axi|                gmem5|       pointer|
|m_axi_gmem5_BVALID     |   in|    1|       m_axi|                gmem5|       pointer|
|m_axi_gmem5_BREADY     |  out|    1|       m_axi|                gmem5|       pointer|
|m_axi_gmem5_BRESP      |   in|    2|       m_axi|                gmem5|       pointer|
|m_axi_gmem5_BID        |   in|    1|       m_axi|                gmem5|       pointer|
|m_axi_gmem5_BUSER      |   in|    1|       m_axi|                gmem5|       pointer|
|m_axi_gmem1_AWVALID    |  out|    1|       m_axi|                gmem1|       pointer|
|m_axi_gmem1_AWREADY    |   in|    1|       m_axi|                gmem1|       pointer|
|m_axi_gmem1_AWADDR     |  out|   64|       m_axi|                gmem1|       pointer|
|m_axi_gmem1_AWID       |  out|    1|       m_axi|                gmem1|       pointer|
|m_axi_gmem1_AWLEN      |  out|    8|       m_axi|                gmem1|       pointer|
|m_axi_gmem1_AWSIZE     |  out|    3|       m_axi|                gmem1|       pointer|
|m_axi_gmem1_AWBURST    |  out|    2|       m_axi|                gmem1|       pointer|
|m_axi_gmem1_AWLOCK     |  out|    2|       m_axi|                gmem1|       pointer|
|m_axi_gmem1_AWCACHE    |  out|    4|       m_axi|                gmem1|       pointer|
|m_axi_gmem1_AWPROT     |  out|    3|       m_axi|                gmem1|       pointer|
|m_axi_gmem1_AWQOS      |  out|    4|       m_axi|                gmem1|       pointer|
|m_axi_gmem1_AWREGION   |  out|    4|       m_axi|                gmem1|       pointer|
|m_axi_gmem1_AWUSER     |  out|    1|       m_axi|                gmem1|       pointer|
|m_axi_gmem1_WVALID     |  out|    1|       m_axi|                gmem1|       pointer|
|m_axi_gmem1_WREADY     |   in|    1|       m_axi|                gmem1|       pointer|
|m_axi_gmem1_WDATA      |  out|   32|       m_axi|                gmem1|       pointer|
|m_axi_gmem1_WSTRB      |  out|    4|       m_axi|                gmem1|       pointer|
|m_axi_gmem1_WLAST      |  out|    1|       m_axi|                gmem1|       pointer|
|m_axi_gmem1_WID        |  out|    1|       m_axi|                gmem1|       pointer|
|m_axi_gmem1_WUSER      |  out|    1|       m_axi|                gmem1|       pointer|
|m_axi_gmem1_ARVALID    |  out|    1|       m_axi|                gmem1|       pointer|
|m_axi_gmem1_ARREADY    |   in|    1|       m_axi|                gmem1|       pointer|
|m_axi_gmem1_ARADDR     |  out|   64|       m_axi|                gmem1|       pointer|
|m_axi_gmem1_ARID       |  out|    1|       m_axi|                gmem1|       pointer|
|m_axi_gmem1_ARLEN      |  out|    8|       m_axi|                gmem1|       pointer|
|m_axi_gmem1_ARSIZE     |  out|    3|       m_axi|                gmem1|       pointer|
|m_axi_gmem1_ARBURST    |  out|    2|       m_axi|                gmem1|       pointer|
|m_axi_gmem1_ARLOCK     |  out|    2|       m_axi|                gmem1|       pointer|
|m_axi_gmem1_ARCACHE    |  out|    4|       m_axi|                gmem1|       pointer|
|m_axi_gmem1_ARPROT     |  out|    3|       m_axi|                gmem1|       pointer|
|m_axi_gmem1_ARQOS      |  out|    4|       m_axi|                gmem1|       pointer|
|m_axi_gmem1_ARREGION   |  out|    4|       m_axi|                gmem1|       pointer|
|m_axi_gmem1_ARUSER     |  out|    1|       m_axi|                gmem1|       pointer|
|m_axi_gmem1_RVALID     |   in|    1|       m_axi|                gmem1|       pointer|
|m_axi_gmem1_RREADY     |  out|    1|       m_axi|                gmem1|       pointer|
|m_axi_gmem1_RDATA      |   in|   32|       m_axi|                gmem1|       pointer|
|m_axi_gmem1_RLAST      |   in|    1|       m_axi|                gmem1|       pointer|
|m_axi_gmem1_RID        |   in|    1|       m_axi|                gmem1|       pointer|
|m_axi_gmem1_RUSER      |   in|    1|       m_axi|                gmem1|       pointer|
|m_axi_gmem1_RRESP      |   in|    2|       m_axi|                gmem1|       pointer|
|m_axi_gmem1_BVALID     |   in|    1|       m_axi|                gmem1|       pointer|
|m_axi_gmem1_BREADY     |  out|    1|       m_axi|                gmem1|       pointer|
|m_axi_gmem1_BRESP      |   in|    2|       m_axi|                gmem1|       pointer|
|m_axi_gmem1_BID        |   in|    1|       m_axi|                gmem1|       pointer|
|m_axi_gmem1_BUSER      |   in|    1|       m_axi|                gmem1|       pointer|
|m_axi_gmem2_AWVALID    |  out|    1|       m_axi|                gmem2|       pointer|
|m_axi_gmem2_AWREADY    |   in|    1|       m_axi|                gmem2|       pointer|
|m_axi_gmem2_AWADDR     |  out|   64|       m_axi|                gmem2|       pointer|
|m_axi_gmem2_AWID       |  out|    1|       m_axi|                gmem2|       pointer|
|m_axi_gmem2_AWLEN      |  out|    8|       m_axi|                gmem2|       pointer|
|m_axi_gmem2_AWSIZE     |  out|    3|       m_axi|                gmem2|       pointer|
|m_axi_gmem2_AWBURST    |  out|    2|       m_axi|                gmem2|       pointer|
|m_axi_gmem2_AWLOCK     |  out|    2|       m_axi|                gmem2|       pointer|
|m_axi_gmem2_AWCACHE    |  out|    4|       m_axi|                gmem2|       pointer|
|m_axi_gmem2_AWPROT     |  out|    3|       m_axi|                gmem2|       pointer|
|m_axi_gmem2_AWQOS      |  out|    4|       m_axi|                gmem2|       pointer|
|m_axi_gmem2_AWREGION   |  out|    4|       m_axi|                gmem2|       pointer|
|m_axi_gmem2_AWUSER     |  out|    1|       m_axi|                gmem2|       pointer|
|m_axi_gmem2_WVALID     |  out|    1|       m_axi|                gmem2|       pointer|
|m_axi_gmem2_WREADY     |   in|    1|       m_axi|                gmem2|       pointer|
|m_axi_gmem2_WDATA      |  out|   32|       m_axi|                gmem2|       pointer|
|m_axi_gmem2_WSTRB      |  out|    4|       m_axi|                gmem2|       pointer|
|m_axi_gmem2_WLAST      |  out|    1|       m_axi|                gmem2|       pointer|
|m_axi_gmem2_WID        |  out|    1|       m_axi|                gmem2|       pointer|
|m_axi_gmem2_WUSER      |  out|    1|       m_axi|                gmem2|       pointer|
|m_axi_gmem2_ARVALID    |  out|    1|       m_axi|                gmem2|       pointer|
|m_axi_gmem2_ARREADY    |   in|    1|       m_axi|                gmem2|       pointer|
|m_axi_gmem2_ARADDR     |  out|   64|       m_axi|                gmem2|       pointer|
|m_axi_gmem2_ARID       |  out|    1|       m_axi|                gmem2|       pointer|
|m_axi_gmem2_ARLEN      |  out|    8|       m_axi|                gmem2|       pointer|
|m_axi_gmem2_ARSIZE     |  out|    3|       m_axi|                gmem2|       pointer|
|m_axi_gmem2_ARBURST    |  out|    2|       m_axi|                gmem2|       pointer|
|m_axi_gmem2_ARLOCK     |  out|    2|       m_axi|                gmem2|       pointer|
|m_axi_gmem2_ARCACHE    |  out|    4|       m_axi|                gmem2|       pointer|
|m_axi_gmem2_ARPROT     |  out|    3|       m_axi|                gmem2|       pointer|
|m_axi_gmem2_ARQOS      |  out|    4|       m_axi|                gmem2|       pointer|
|m_axi_gmem2_ARREGION   |  out|    4|       m_axi|                gmem2|       pointer|
|m_axi_gmem2_ARUSER     |  out|    1|       m_axi|                gmem2|       pointer|
|m_axi_gmem2_RVALID     |   in|    1|       m_axi|                gmem2|       pointer|
|m_axi_gmem2_RREADY     |  out|    1|       m_axi|                gmem2|       pointer|
|m_axi_gmem2_RDATA      |   in|   32|       m_axi|                gmem2|       pointer|
|m_axi_gmem2_RLAST      |   in|    1|       m_axi|                gmem2|       pointer|
|m_axi_gmem2_RID        |   in|    1|       m_axi|                gmem2|       pointer|
|m_axi_gmem2_RUSER      |   in|    1|       m_axi|                gmem2|       pointer|
|m_axi_gmem2_RRESP      |   in|    2|       m_axi|                gmem2|       pointer|
|m_axi_gmem2_BVALID     |   in|    1|       m_axi|                gmem2|       pointer|
|m_axi_gmem2_BREADY     |  out|    1|       m_axi|                gmem2|       pointer|
|m_axi_gmem2_BRESP      |   in|    2|       m_axi|                gmem2|       pointer|
|m_axi_gmem2_BID        |   in|    1|       m_axi|                gmem2|       pointer|
|m_axi_gmem2_BUSER      |   in|    1|       m_axi|                gmem2|       pointer|
|m_axi_gmem6_AWVALID    |  out|    1|       m_axi|                gmem6|       pointer|
|m_axi_gmem6_AWREADY    |   in|    1|       m_axi|                gmem6|       pointer|
|m_axi_gmem6_AWADDR     |  out|   64|       m_axi|                gmem6|       pointer|
|m_axi_gmem6_AWID       |  out|    1|       m_axi|                gmem6|       pointer|
|m_axi_gmem6_AWLEN      |  out|    8|       m_axi|                gmem6|       pointer|
|m_axi_gmem6_AWSIZE     |  out|    3|       m_axi|                gmem6|       pointer|
|m_axi_gmem6_AWBURST    |  out|    2|       m_axi|                gmem6|       pointer|
|m_axi_gmem6_AWLOCK     |  out|    2|       m_axi|                gmem6|       pointer|
|m_axi_gmem6_AWCACHE    |  out|    4|       m_axi|                gmem6|       pointer|
|m_axi_gmem6_AWPROT     |  out|    3|       m_axi|                gmem6|       pointer|
|m_axi_gmem6_AWQOS      |  out|    4|       m_axi|                gmem6|       pointer|
|m_axi_gmem6_AWREGION   |  out|    4|       m_axi|                gmem6|       pointer|
|m_axi_gmem6_AWUSER     |  out|    1|       m_axi|                gmem6|       pointer|
|m_axi_gmem6_WVALID     |  out|    1|       m_axi|                gmem6|       pointer|
|m_axi_gmem6_WREADY     |   in|    1|       m_axi|                gmem6|       pointer|
|m_axi_gmem6_WDATA      |  out|  512|       m_axi|                gmem6|       pointer|
|m_axi_gmem6_WSTRB      |  out|   64|       m_axi|                gmem6|       pointer|
|m_axi_gmem6_WLAST      |  out|    1|       m_axi|                gmem6|       pointer|
|m_axi_gmem6_WID        |  out|    1|       m_axi|                gmem6|       pointer|
|m_axi_gmem6_WUSER      |  out|    1|       m_axi|                gmem6|       pointer|
|m_axi_gmem6_ARVALID    |  out|    1|       m_axi|                gmem6|       pointer|
|m_axi_gmem6_ARREADY    |   in|    1|       m_axi|                gmem6|       pointer|
|m_axi_gmem6_ARADDR     |  out|   64|       m_axi|                gmem6|       pointer|
|m_axi_gmem6_ARID       |  out|    1|       m_axi|                gmem6|       pointer|
|m_axi_gmem6_ARLEN      |  out|    8|       m_axi|                gmem6|       pointer|
|m_axi_gmem6_ARSIZE     |  out|    3|       m_axi|                gmem6|       pointer|
|m_axi_gmem6_ARBURST    |  out|    2|       m_axi|                gmem6|       pointer|
|m_axi_gmem6_ARLOCK     |  out|    2|       m_axi|                gmem6|       pointer|
|m_axi_gmem6_ARCACHE    |  out|    4|       m_axi|                gmem6|       pointer|
|m_axi_gmem6_ARPROT     |  out|    3|       m_axi|                gmem6|       pointer|
|m_axi_gmem6_ARQOS      |  out|    4|       m_axi|                gmem6|       pointer|
|m_axi_gmem6_ARREGION   |  out|    4|       m_axi|                gmem6|       pointer|
|m_axi_gmem6_ARUSER     |  out|    1|       m_axi|                gmem6|       pointer|
|m_axi_gmem6_RVALID     |   in|    1|       m_axi|                gmem6|       pointer|
|m_axi_gmem6_RREADY     |  out|    1|       m_axi|                gmem6|       pointer|
|m_axi_gmem6_RDATA      |   in|  512|       m_axi|                gmem6|       pointer|
|m_axi_gmem6_RLAST      |   in|    1|       m_axi|                gmem6|       pointer|
|m_axi_gmem6_RID        |   in|    1|       m_axi|                gmem6|       pointer|
|m_axi_gmem6_RUSER      |   in|    1|       m_axi|                gmem6|       pointer|
|m_axi_gmem6_RRESP      |   in|    2|       m_axi|                gmem6|       pointer|
|m_axi_gmem6_BVALID     |   in|    1|       m_axi|                gmem6|       pointer|
|m_axi_gmem6_BREADY     |  out|    1|       m_axi|                gmem6|       pointer|
|m_axi_gmem6_BRESP      |   in|    2|       m_axi|                gmem6|       pointer|
|m_axi_gmem6_BID        |   in|    1|       m_axi|                gmem6|       pointer|
|m_axi_gmem6_BUSER      |   in|    1|       m_axi|                gmem6|       pointer|
|m_axi_gmem3_AWVALID    |  out|    1|       m_axi|                gmem3|       pointer|
|m_axi_gmem3_AWREADY    |   in|    1|       m_axi|                gmem3|       pointer|
|m_axi_gmem3_AWADDR     |  out|   64|       m_axi|                gmem3|       pointer|
|m_axi_gmem3_AWID       |  out|    1|       m_axi|                gmem3|       pointer|
|m_axi_gmem3_AWLEN      |  out|    8|       m_axi|                gmem3|       pointer|
|m_axi_gmem3_AWSIZE     |  out|    3|       m_axi|                gmem3|       pointer|
|m_axi_gmem3_AWBURST    |  out|    2|       m_axi|                gmem3|       pointer|
|m_axi_gmem3_AWLOCK     |  out|    2|       m_axi|                gmem3|       pointer|
|m_axi_gmem3_AWCACHE    |  out|    4|       m_axi|                gmem3|       pointer|
|m_axi_gmem3_AWPROT     |  out|    3|       m_axi|                gmem3|       pointer|
|m_axi_gmem3_AWQOS      |  out|    4|       m_axi|                gmem3|       pointer|
|m_axi_gmem3_AWREGION   |  out|    4|       m_axi|                gmem3|       pointer|
|m_axi_gmem3_AWUSER     |  out|    1|       m_axi|                gmem3|       pointer|
|m_axi_gmem3_WVALID     |  out|    1|       m_axi|                gmem3|       pointer|
|m_axi_gmem3_WREADY     |   in|    1|       m_axi|                gmem3|       pointer|
|m_axi_gmem3_WDATA      |  out|   32|       m_axi|                gmem3|       pointer|
|m_axi_gmem3_WSTRB      |  out|    4|       m_axi|                gmem3|       pointer|
|m_axi_gmem3_WLAST      |  out|    1|       m_axi|                gmem3|       pointer|
|m_axi_gmem3_WID        |  out|    1|       m_axi|                gmem3|       pointer|
|m_axi_gmem3_WUSER      |  out|    1|       m_axi|                gmem3|       pointer|
|m_axi_gmem3_ARVALID    |  out|    1|       m_axi|                gmem3|       pointer|
|m_axi_gmem3_ARREADY    |   in|    1|       m_axi|                gmem3|       pointer|
|m_axi_gmem3_ARADDR     |  out|   64|       m_axi|                gmem3|       pointer|
|m_axi_gmem3_ARID       |  out|    1|       m_axi|                gmem3|       pointer|
|m_axi_gmem3_ARLEN      |  out|    8|       m_axi|                gmem3|       pointer|
|m_axi_gmem3_ARSIZE     |  out|    3|       m_axi|                gmem3|       pointer|
|m_axi_gmem3_ARBURST    |  out|    2|       m_axi|                gmem3|       pointer|
|m_axi_gmem3_ARLOCK     |  out|    2|       m_axi|                gmem3|       pointer|
|m_axi_gmem3_ARCACHE    |  out|    4|       m_axi|                gmem3|       pointer|
|m_axi_gmem3_ARPROT     |  out|    3|       m_axi|                gmem3|       pointer|
|m_axi_gmem3_ARQOS      |  out|    4|       m_axi|                gmem3|       pointer|
|m_axi_gmem3_ARREGION   |  out|    4|       m_axi|                gmem3|       pointer|
|m_axi_gmem3_ARUSER     |  out|    1|       m_axi|                gmem3|       pointer|
|m_axi_gmem3_RVALID     |   in|    1|       m_axi|                gmem3|       pointer|
|m_axi_gmem3_RREADY     |  out|    1|       m_axi|                gmem3|       pointer|
|m_axi_gmem3_RDATA      |   in|   32|       m_axi|                gmem3|       pointer|
|m_axi_gmem3_RLAST      |   in|    1|       m_axi|                gmem3|       pointer|
|m_axi_gmem3_RID        |   in|    1|       m_axi|                gmem3|       pointer|
|m_axi_gmem3_RUSER      |   in|    1|       m_axi|                gmem3|       pointer|
|m_axi_gmem3_RRESP      |   in|    2|       m_axi|                gmem3|       pointer|
|m_axi_gmem3_BVALID     |   in|    1|       m_axi|                gmem3|       pointer|
|m_axi_gmem3_BREADY     |  out|    1|       m_axi|                gmem3|       pointer|
|m_axi_gmem3_BRESP      |   in|    2|       m_axi|                gmem3|       pointer|
|m_axi_gmem3_BID        |   in|    1|       m_axi|                gmem3|       pointer|
|m_axi_gmem3_BUSER      |   in|    1|       m_axi|                gmem3|       pointer|
|m_axi_gmem4_AWVALID    |  out|    1|       m_axi|                gmem4|       pointer|
|m_axi_gmem4_AWREADY    |   in|    1|       m_axi|                gmem4|       pointer|
|m_axi_gmem4_AWADDR     |  out|   64|       m_axi|                gmem4|       pointer|
|m_axi_gmem4_AWID       |  out|    1|       m_axi|                gmem4|       pointer|
|m_axi_gmem4_AWLEN      |  out|    8|       m_axi|                gmem4|       pointer|
|m_axi_gmem4_AWSIZE     |  out|    3|       m_axi|                gmem4|       pointer|
|m_axi_gmem4_AWBURST    |  out|    2|       m_axi|                gmem4|       pointer|
|m_axi_gmem4_AWLOCK     |  out|    2|       m_axi|                gmem4|       pointer|
|m_axi_gmem4_AWCACHE    |  out|    4|       m_axi|                gmem4|       pointer|
|m_axi_gmem4_AWPROT     |  out|    3|       m_axi|                gmem4|       pointer|
|m_axi_gmem4_AWQOS      |  out|    4|       m_axi|                gmem4|       pointer|
|m_axi_gmem4_AWREGION   |  out|    4|       m_axi|                gmem4|       pointer|
|m_axi_gmem4_AWUSER     |  out|    1|       m_axi|                gmem4|       pointer|
|m_axi_gmem4_WVALID     |  out|    1|       m_axi|                gmem4|       pointer|
|m_axi_gmem4_WREADY     |   in|    1|       m_axi|                gmem4|       pointer|
|m_axi_gmem4_WDATA      |  out|   32|       m_axi|                gmem4|       pointer|
|m_axi_gmem4_WSTRB      |  out|    4|       m_axi|                gmem4|       pointer|
|m_axi_gmem4_WLAST      |  out|    1|       m_axi|                gmem4|       pointer|
|m_axi_gmem4_WID        |  out|    1|       m_axi|                gmem4|       pointer|
|m_axi_gmem4_WUSER      |  out|    1|       m_axi|                gmem4|       pointer|
|m_axi_gmem4_ARVALID    |  out|    1|       m_axi|                gmem4|       pointer|
|m_axi_gmem4_ARREADY    |   in|    1|       m_axi|                gmem4|       pointer|
|m_axi_gmem4_ARADDR     |  out|   64|       m_axi|                gmem4|       pointer|
|m_axi_gmem4_ARID       |  out|    1|       m_axi|                gmem4|       pointer|
|m_axi_gmem4_ARLEN      |  out|    8|       m_axi|                gmem4|       pointer|
|m_axi_gmem4_ARSIZE     |  out|    3|       m_axi|                gmem4|       pointer|
|m_axi_gmem4_ARBURST    |  out|    2|       m_axi|                gmem4|       pointer|
|m_axi_gmem4_ARLOCK     |  out|    2|       m_axi|                gmem4|       pointer|
|m_axi_gmem4_ARCACHE    |  out|    4|       m_axi|                gmem4|       pointer|
|m_axi_gmem4_ARPROT     |  out|    3|       m_axi|                gmem4|       pointer|
|m_axi_gmem4_ARQOS      |  out|    4|       m_axi|                gmem4|       pointer|
|m_axi_gmem4_ARREGION   |  out|    4|       m_axi|                gmem4|       pointer|
|m_axi_gmem4_ARUSER     |  out|    1|       m_axi|                gmem4|       pointer|
|m_axi_gmem4_RVALID     |   in|    1|       m_axi|                gmem4|       pointer|
|m_axi_gmem4_RREADY     |  out|    1|       m_axi|                gmem4|       pointer|
|m_axi_gmem4_RDATA      |   in|   32|       m_axi|                gmem4|       pointer|
|m_axi_gmem4_RLAST      |   in|    1|       m_axi|                gmem4|       pointer|
|m_axi_gmem4_RID        |   in|    1|       m_axi|                gmem4|       pointer|
|m_axi_gmem4_RUSER      |   in|    1|       m_axi|                gmem4|       pointer|
|m_axi_gmem4_RRESP      |   in|    2|       m_axi|                gmem4|       pointer|
|m_axi_gmem4_BVALID     |   in|    1|       m_axi|                gmem4|       pointer|
|m_axi_gmem4_BREADY     |  out|    1|       m_axi|                gmem4|       pointer|
|m_axi_gmem4_BRESP      |   in|    2|       m_axi|                gmem4|       pointer|
|m_axi_gmem4_BID        |   in|    1|       m_axi|                gmem4|       pointer|
|m_axi_gmem4_BUSER      |   in|    1|       m_axi|                gmem4|       pointer|
|moveStream_TDATA       |  out|  512|        axis|           moveStream|       pointer|
|moveStream_TVALID      |  out|    1|        axis|           moveStream|       pointer|
|moveStream_TREADY      |   in|    1|        axis|           moveStream|       pointer|
+-----------------------+-----+-----+------------+---------------------+--------------+

