

================================================================
== Vitis HLS Report for 'dataflow_in_loop_VITIS_LOOP_241_1_1'
================================================================
* Date:           Thu Mar 26 11:03:31 2026

* Version:        2024.2 (Build 5238294 on Nov  8 2024)
* Project:        atomflow_controller_2024_2
* Solution:       hls (Vivado IP Flow Target)
* Product family: zynquplusRFSOC
* Target device:  xczu49dr-ffvf1760-2-e


================================================================
== Performance Estimates
================================================================
+ Timing: 
    * Summary: 
    +--------+----------+----------+------------+
    |  Clock |  Target  | Estimated| Uncertainty|
    +--------+----------+----------+------------+
    |ap_clk  |  10.00 ns|  7.419 ns|     2.70 ns|
    +--------+----------+----------+------------+

+ Latency: 
    * Summary: 
    +---------+---------+----------+----------+-----+-----+----------+
    |  Latency (cycles) |  Latency (absolute) |  Interval | Pipeline |
    |   min   |   max   |    min   |    max   | min | max |   Type   |
    +---------+---------+----------+----------+-----+-----+----------+
    |      207|      207|  2.070 us|  2.070 us|  114|  114|  dataflow|
    +---------+---------+----------+----------+-----+-----+----------+

    + Detail: 
        * Instance: 
        +-----------------------------------------------------------------+--------------------------------------------------------------+---------+---------+----------+----------+-----+-----+---------+
        |                                                                 |                                                              |  Latency (cycles) |  Latency (absolute) |  Interval | Pipeline|
        |                             Instance                            |                            Module                            |   min   |   max   |    min   |    max   | min | max |   Type  |
        +-----------------------------------------------------------------+--------------------------------------------------------------+---------+---------+----------+----------+-----+-----+---------+
        |getLocalImages_single_U0                                         |getLocalImages_single                                         |       25|       26|  0.250 us|  0.260 us|   25|   26|       no|
        |Image_extract_next_U0                                            |Image_extract_next                                            |      113|      113|  1.130 us|  1.130 us|  113|  113|       no|
        |matrix_sum_prod_U0                                               |matrix_sum_prod                                               |       59|       59|  0.590 us|  0.590 us|   16|   16|      yes|
        |dataflow_in_loop_VITIS_LOOP_241_1_1_Block_newFuncRoot_proc_1_U0  |dataflow_in_loop_VITIS_LOOP_241_1_1_Block_newFuncRoot_proc_1  |        0|        0|      0 ns|      0 ns|    0|    0|       no|
        |dataflow_in_loop_VITIS_LOOP_241_1_1_Block_newFuncRoot_proc_U0    |dataflow_in_loop_VITIS_LOOP_241_1_1_Block_newFuncRoot_proc    |       14|       14|  0.140 us|  0.140 us|   14|   14|       no|
        +-----------------------------------------------------------------+--------------------------------------------------------------+---------+---------+----------+----------+-----+-----+---------+

        * Loop: 
        N/A



================================================================
== Utilization Estimates
================================================================
* Summary: 
+-----------------+---------+------+--------+--------+-----+
|       Name      | BRAM_18K|  DSP |   FF   |   LUT  | URAM|
+-----------------+---------+------+--------+--------+-----+
|DSP              |        -|     -|       -|       -|    -|
|Expression       |        -|     -|       0|      36|    -|
|FIFO             |        -|     -|     594|     399|    -|
|Instance         |        0|   447|  115781|   60327|    -|
|Memory           |        0|     -|    7936|    1984|    0|
|Multiplexer      |        -|     -|       0|      63|    -|
|Register         |        -|     -|       7|       -|    -|
+-----------------+---------+------+--------+--------+-----+
|Total            |        0|   447|  124318|   62809|    0|
+-----------------+---------+------+--------+--------+-----+
|Available        |     2160|  4272|  850560|  425280|   80|
+-----------------+---------+------+--------+--------+-----+
|Utilization (%)  |        0|    10|      14|      14|    0|
+-----------------+---------+------+--------+--------+-----+

+ Detail: 
    * Instance: 
    +-----------------------------------------------------------------+--------------------------------------------------------------+---------+-----+--------+-------+-----+
    |                             Instance                            |                            Module                            | BRAM_18K| DSP |   FF   |  LUT  | URAM|
    +-----------------------------------------------------------------+--------------------------------------------------------------+---------+-----+--------+-------+-----+
    |Image_extract_next_U0                                            |Image_extract_next                                            |        0|    0|    4077|   1346|    0|
    |dataflow_in_loop_VITIS_LOOP_241_1_1_Block_newFuncRoot_proc_U0    |dataflow_in_loop_VITIS_LOOP_241_1_1_Block_newFuncRoot_proc    |        0|    3|     596|    257|    0|
    |dataflow_in_loop_VITIS_LOOP_241_1_1_Block_newFuncRoot_proc_1_U0  |dataflow_in_loop_VITIS_LOOP_241_1_1_Block_newFuncRoot_proc_1  |        0|    0|      18|     29|    0|
    |getLocalImages_single_U0                                         |getLocalImages_single                                         |        0|   10|    1639|   4874|    0|
    |matrix_sum_prod_U0                                               |matrix_sum_prod                                               |        0|  434|  109451|  53821|    0|
    +-----------------------------------------------------------------+--------------------------------------------------------------+---------+-----+--------+-------+-----+
    |Total                                                            |                                                              |        0|  447|  115781|  60327|    0|
    +-----------------------------------------------------------------+--------------------------------------------------------------+---------+-----+--------+-------+-----+

    * DSP: 
    N/A

    * Memory: 
    +--------------------------+-------------------------------------------------------------------+---------+-----+----+-----+------+-----+------+-------------+
    |          Memory          |                               Module                              | BRAM_18K|  FF | LUT| URAM| Words| Bits| Banks| W*Bits*Banks|
    +--------------------------+-------------------------------------------------------------------+---------+-----+----+-----+------+-----+------+-------------+
    |curr_localImage_U         |dataflow_in_loop_VITIS_LOOP_241_1_1_curr_localImage_RAM_AUTO_1R1W  |        0|  128|  32|    0|    31|   32|     1|          992|
    |curr_localImage_1_182_U   |dataflow_in_loop_VITIS_LOOP_241_1_1_curr_localImage_RAM_AUTO_1R1W  |        0|  128|  32|    0|    31|   32|     1|          992|
    |curr_localImage_2_183_U   |dataflow_in_loop_VITIS_LOOP_241_1_1_curr_localImage_RAM_AUTO_1R1W  |        0|  128|  32|    0|    31|   32|     1|          992|
    |curr_localImage_3_184_U   |dataflow_in_loop_VITIS_LOOP_241_1_1_curr_localImage_RAM_AUTO_1R1W  |        0|  128|  32|    0|    31|   32|     1|          992|
    |curr_localImage_4_185_U   |dataflow_in_loop_VITIS_LOOP_241_1_1_curr_localImage_RAM_AUTO_1R1W  |        0|  128|  32|    0|    31|   32|     1|          992|
    |curr_localImage_5_186_U   |dataflow_in_loop_VITIS_LOOP_241_1_1_curr_localImage_RAM_AUTO_1R1W  |        0|  128|  32|    0|    31|   32|     1|          992|
    |curr_localImage_6_187_U   |dataflow_in_loop_VITIS_LOOP_241_1_1_curr_localImage_RAM_AUTO_1R1W  |        0|  128|  32|    0|    31|   32|     1|          992|
    |curr_localImage_7_188_U   |dataflow_in_loop_VITIS_LOOP_241_1_1_curr_localImage_RAM_AUTO_1R1W  |        0|  128|  32|    0|    31|   32|     1|          992|
    |curr_localImage_8_189_U   |dataflow_in_loop_VITIS_LOOP_241_1_1_curr_localImage_RAM_AUTO_1R1W  |        0|  128|  32|    0|    31|   32|     1|          992|
    |curr_localImage_9_190_U   |dataflow_in_loop_VITIS_LOOP_241_1_1_curr_localImage_RAM_AUTO_1R1W  |        0|  128|  32|    0|    31|   32|     1|          992|
    |curr_localImage_10_191_U  |dataflow_in_loop_VITIS_LOOP_241_1_1_curr_localImage_RAM_AUTO_1R1W  |        0|  128|  32|    0|    31|   32|     1|          992|
    |curr_localImage_11_192_U  |dataflow_in_loop_VITIS_LOOP_241_1_1_curr_localImage_RAM_AUTO_1R1W  |        0|  128|  32|    0|    31|   32|     1|          992|
    |curr_localImage_12_193_U  |dataflow_in_loop_VITIS_LOOP_241_1_1_curr_localImage_RAM_AUTO_1R1W  |        0|  128|  32|    0|    31|   32|     1|          992|
    |curr_localImage_13_194_U  |dataflow_in_loop_VITIS_LOOP_241_1_1_curr_localImage_RAM_AUTO_1R1W  |        0|  128|  32|    0|    31|   32|     1|          992|
    |curr_localImage_14_195_U  |dataflow_in_loop_VITIS_LOOP_241_1_1_curr_localImage_RAM_AUTO_1R1W  |        0|  128|  32|    0|    31|   32|     1|          992|
    |curr_localImage_15_U      |dataflow_in_loop_VITIS_LOOP_241_1_1_curr_localImage_RAM_AUTO_1R1W  |        0|  128|  32|    0|    31|   32|     1|          992|
    |curr_localImage_14_U      |dataflow_in_loop_VITIS_LOOP_241_1_1_curr_localImage_RAM_AUTO_1R1W  |        0|  128|  32|    0|    31|   32|     1|          992|
    |curr_localImage_13_U      |dataflow_in_loop_VITIS_LOOP_241_1_1_curr_localImage_RAM_AUTO_1R1W  |        0|  128|  32|    0|    31|   32|     1|          992|
    |curr_localImage_12_U      |dataflow_in_loop_VITIS_LOOP_241_1_1_curr_localImage_RAM_AUTO_1R1W  |        0|  128|  32|    0|    31|   32|     1|          992|
    |curr_localImage_11_U      |dataflow_in_loop_VITIS_LOOP_241_1_1_curr_localImage_RAM_AUTO_1R1W  |        0|  128|  32|    0|    31|   32|     1|          992|
    |curr_localImage_10_U      |dataflow_in_loop_VITIS_LOOP_241_1_1_curr_localImage_RAM_AUTO_1R1W  |        0|  128|  32|    0|    31|   32|     1|          992|
    |curr_localImage_9_U       |dataflow_in_loop_VITIS_LOOP_241_1_1_curr_localImage_RAM_AUTO_1R1W  |        0|  128|  32|    0|    31|   32|     1|          992|
    |curr_localImage_8_U       |dataflow_in_loop_VITIS_LOOP_241_1_1_curr_localImage_RAM_AUTO_1R1W  |        0|  128|  32|    0|    31|   32|     1|          992|
    |curr_localImage_7_U       |dataflow_in_loop_VITIS_LOOP_241_1_1_curr_localImage_RAM_AUTO_1R1W  |        0|  128|  32|    0|    31|   32|     1|          992|
    |curr_localImage_6_U       |dataflow_in_loop_VITIS_LOOP_241_1_1_curr_localImage_RAM_AUTO_1R1W  |        0|  128|  32|    0|    31|   32|     1|          992|
    |curr_localImage_5_U       |dataflow_in_loop_VITIS_LOOP_241_1_1_curr_localImage_RAM_AUTO_1R1W  |        0|  128|  32|    0|    31|   32|     1|          992|
    |curr_localImage_4_U       |dataflow_in_loop_VITIS_LOOP_241_1_1_curr_localImage_RAM_AUTO_1R1W  |        0|  128|  32|    0|    31|   32|     1|          992|
    |curr_localImage_3_U       |dataflow_in_loop_VITIS_LOOP_241_1_1_curr_localImage_RAM_AUTO_1R1W  |        0|  128|  32|    0|    31|   32|     1|          992|
    |curr_localImage_2_U       |dataflow_in_loop_VITIS_LOOP_241_1_1_curr_localImage_RAM_AUTO_1R1W  |        0|  128|  32|    0|    31|   32|     1|          992|
    |curr_localImage_1_U       |dataflow_in_loop_VITIS_LOOP_241_1_1_curr_localImage_RAM_AUTO_1R1W  |        0|  128|  32|    0|    31|   32|     1|          992|
    |curr_localImage_16_U      |dataflow_in_loop_VITIS_LOOP_241_1_1_curr_localImage_RAM_AUTO_1R1W  |        0|  128|  32|    0|    31|   32|     1|          992|
    |curr_fullImage_U          |dataflow_in_loop_VITIS_LOOP_241_1_1_curr_localImage_RAM_AUTO_1R1W  |        0|  128|  32|    0|    31|   32|     1|          992|
    |curr_fullImage_1_196_U    |dataflow_in_loop_VITIS_LOOP_241_1_1_curr_localImage_RAM_AUTO_1R1W  |        0|  128|  32|    0|    31|   32|     1|          992|
    |curr_fullImage_2_197_U    |dataflow_in_loop_VITIS_LOOP_241_1_1_curr_localImage_RAM_AUTO_1R1W  |        0|  128|  32|    0|    31|   32|     1|          992|
    |curr_fullImage_3_198_U    |dataflow_in_loop_VITIS_LOOP_241_1_1_curr_localImage_RAM_AUTO_1R1W  |        0|  128|  32|    0|    31|   32|     1|          992|
    |curr_fullImage_4_199_U    |dataflow_in_loop_VITIS_LOOP_241_1_1_curr_localImage_RAM_AUTO_1R1W  |        0|  128|  32|    0|    31|   32|     1|          992|
    |curr_fullImage_5_200_U    |dataflow_in_loop_VITIS_LOOP_241_1_1_curr_localImage_RAM_AUTO_1R1W  |        0|  128|  32|    0|    31|   32|     1|          992|
    |curr_fullImage_6_201_U    |dataflow_in_loop_VITIS_LOOP_241_1_1_curr_localImage_RAM_AUTO_1R1W  |        0|  128|  32|    0|    31|   32|     1|          992|
    |curr_fullImage_7_202_U    |dataflow_in_loop_VITIS_LOOP_241_1_1_curr_localImage_RAM_AUTO_1R1W  |        0|  128|  32|    0|    31|   32|     1|          992|
    |curr_fullImage_8_203_U    |dataflow_in_loop_VITIS_LOOP_241_1_1_curr_localImage_RAM_AUTO_1R1W  |        0|  128|  32|    0|    31|   32|     1|          992|
    |curr_fullImage_9_204_U    |dataflow_in_loop_VITIS_LOOP_241_1_1_curr_localImage_RAM_AUTO_1R1W  |        0|  128|  32|    0|    31|   32|     1|          992|
    |curr_fullImage_10_205_U   |dataflow_in_loop_VITIS_LOOP_241_1_1_curr_localImage_RAM_AUTO_1R1W  |        0|  128|  32|    0|    31|   32|     1|          992|
    |curr_fullImage_11_206_U   |dataflow_in_loop_VITIS_LOOP_241_1_1_curr_localImage_RAM_AUTO_1R1W  |        0|  128|  32|    0|    31|   32|     1|          992|
    |curr_fullImage_12_207_U   |dataflow_in_loop_VITIS_LOOP_241_1_1_curr_localImage_RAM_AUTO_1R1W  |        0|  128|  32|    0|    31|   32|     1|          992|
    |curr_fullImage_13_208_U   |dataflow_in_loop_VITIS_LOOP_241_1_1_curr_localImage_RAM_AUTO_1R1W  |        0|  128|  32|    0|    31|   32|     1|          992|
    |curr_fullImage_14_209_U   |dataflow_in_loop_VITIS_LOOP_241_1_1_curr_localImage_RAM_AUTO_1R1W  |        0|  128|  32|    0|    31|   32|     1|          992|
    |curr_fullImage_15_U       |dataflow_in_loop_VITIS_LOOP_241_1_1_curr_localImage_RAM_AUTO_1R1W  |        0|  128|  32|    0|    31|   32|     1|          992|
    |curr_fullImage_14_U       |dataflow_in_loop_VITIS_LOOP_241_1_1_curr_localImage_RAM_AUTO_1R1W  |        0|  128|  32|    0|    31|   32|     1|          992|
    |curr_fullImage_13_U       |dataflow_in_loop_VITIS_LOOP_241_1_1_curr_localImage_RAM_AUTO_1R1W  |        0|  128|  32|    0|    31|   32|     1|          992|
    |curr_fullImage_12_U       |dataflow_in_loop_VITIS_LOOP_241_1_1_curr_localImage_RAM_AUTO_1R1W  |        0|  128|  32|    0|    31|   32|     1|          992|
    |curr_fullImage_11_U       |dataflow_in_loop_VITIS_LOOP_241_1_1_curr_localImage_RAM_AUTO_1R1W  |        0|  128|  32|    0|    31|   32|     1|          992|
    |curr_fullImage_10_U       |dataflow_in_loop_VITIS_LOOP_241_1_1_curr_localImage_RAM_AUTO_1R1W  |        0|  128|  32|    0|    31|   32|     1|          992|
    |curr_fullImage_9_U        |dataflow_in_loop_VITIS_LOOP_241_1_1_curr_localImage_RAM_AUTO_1R1W  |        0|  128|  32|    0|    31|   32|     1|          992|
    |curr_fullImage_8_U        |dataflow_in_loop_VITIS_LOOP_241_1_1_curr_localImage_RAM_AUTO_1R1W  |        0|  128|  32|    0|    31|   32|     1|          992|
    |curr_fullImage_7_U        |dataflow_in_loop_VITIS_LOOP_241_1_1_curr_localImage_RAM_AUTO_1R1W  |        0|  128|  32|    0|    31|   32|     1|          992|
    |curr_fullImage_6_U        |dataflow_in_loop_VITIS_LOOP_241_1_1_curr_localImage_RAM_AUTO_1R1W  |        0|  128|  32|    0|    31|   32|     1|          992|
    |curr_fullImage_5_U        |dataflow_in_loop_VITIS_LOOP_241_1_1_curr_localImage_RAM_AUTO_1R1W  |        0|  128|  32|    0|    31|   32|     1|          992|
    |curr_fullImage_4_U        |dataflow_in_loop_VITIS_LOOP_241_1_1_curr_localImage_RAM_AUTO_1R1W  |        0|  128|  32|    0|    31|   32|     1|          992|
    |curr_fullImage_3_U        |dataflow_in_loop_VITIS_LOOP_241_1_1_curr_localImage_RAM_AUTO_1R1W  |        0|  128|  32|    0|    31|   32|     1|          992|
    |curr_fullImage_2_U        |dataflow_in_loop_VITIS_LOOP_241_1_1_curr_localImage_RAM_AUTO_1R1W  |        0|  128|  32|    0|    31|   32|     1|          992|
    |curr_fullImage_1_U        |dataflow_in_loop_VITIS_LOOP_241_1_1_curr_localImage_RAM_AUTO_1R1W  |        0|  128|  32|    0|    31|   32|     1|          992|
    |curr_fullImage_16_U       |dataflow_in_loop_VITIS_LOOP_241_1_1_curr_localImage_RAM_AUTO_1R1W  |        0|  128|  32|    0|    31|   32|     1|          992|
    +--------------------------+-------------------------------------------------------------------+---------+-----+----+-----+------+-----+------+-------------+
    |Total                     |                                                                   |        0| 7936|1984|    0|  1922| 1984|    62|        61504|
    +--------------------------+-------------------------------------------------------------------+---------+-----+----+-----+------+-----+------+-------------+

    * FIFO: 
    +-------------------+---------+----+----+-----+------+-----+---------+
    |        Name       | BRAM_18K| FF | LUT| URAM| Depth| Bits| Size:D*B|
    +-------------------+---------+----+----+-----+------+-----+---------+
    |curr_imageProjs_U  |        0|  99|   0|    -|     6|   32|      192|
    |localImages_U      |        0|  99|   0|    -|     4|  256|     1024|
    |p_loc1_channel_U   |        0|  99|   0|    -|     7|    3|       21|
    |p_loc_channel_U    |        0|  99|   0|    -|     7|   13|       91|
    |projSumUsed_U      |        0|  99|   0|    -|     2|   32|       64|
    |sum_U              |        0|  99|   0|    -|     2|   32|       64|
    +-------------------+---------+----+----+-----+------+-----+---------+
    |Total              |        0| 594|   0|    0|    28|  368|     1456|
    +-------------------+---------+----+----+-----+------+-----+---------+

    * Expression: 
    +----------------------------------------------------------------------------------+----------+----+---+----+------------+------------+
    |                                   Variable Name                                  | Operation| DSP| FF| LUT| Bitwidth P0| Bitwidth P1|
    +----------------------------------------------------------------------------------+----------+----+---+----+------------+------------+
    |Image_extract_next_U0_ap_continue                                                 |       and|   0|  0|   2|           1|           1|
    |Image_extract_next_U0_ap_start                                                    |       and|   0|  0|   2|           1|           1|
    |ap_channel_done_curr_imageProjs                                                   |       and|   0|  0|   2|           1|           1|
    |ap_channel_done_curr_localImage                                                   |       and|   0|  0|   2|           1|           1|
    |ap_channel_done_p_loc1_channel                                                    |       and|   0|  0|   2|           1|           1|
    |ap_channel_done_sum                                                               |       and|   0|  0|   2|           1|           1|
    |ap_idle                                                                           |       and|   0|  0|   2|           1|           1|
    |ap_sync_ready                                                                     |       and|   0|  0|   2|           1|           1|
    |dataflow_in_loop_VITIS_LOOP_241_1_1_Block_newFuncRoot_proc_1_U0_ap_start          |       and|   0|  0|   2|           1|           1|
    |dataflow_in_loop_VITIS_LOOP_241_1_1_Block_newFuncRoot_proc_U0_ap_start            |       and|   0|  0|   2|           1|           1|
    |getLocalImages_single_U0_ap_start                                                 |       and|   0|  0|   2|           1|           1|
    |ap_sync_Image_extract_next_U0_ap_ready                                            |        or|   0|  0|   2|           1|           1|
    |ap_sync_channel_write_curr_imageProjs                                             |        or|   0|  0|   2|           1|           1|
    |ap_sync_channel_write_curr_localImage                                             |        or|   0|  0|   2|           1|           1|
    |ap_sync_channel_write_p_loc1_channel                                              |        or|   0|  0|   2|           1|           1|
    |ap_sync_channel_write_sum                                                         |        or|   0|  0|   2|           1|           1|
    |ap_sync_dataflow_in_loop_VITIS_LOOP_241_1_1_Block_newFuncRoot_proc_1_U0_ap_ready  |        or|   0|  0|   2|           1|           1|
    |ap_sync_getLocalImages_single_U0_ap_ready                                         |        or|   0|  0|   2|           1|           1|
    +----------------------------------------------------------------------------------+----------+----+---+----+------------+------------+
    |Total                                                                             |          |   0|  0|  36|          18|          18|
    +----------------------------------------------------------------------------------+----------+----+---+----+------------+------------+

    * Multiplexer: 
    +--------------------------------------------------------------------------------------+----+-----------+-----+-----------+
    |                                         Name                                         | LUT| Input Size| Bits| Total Bits|
    +--------------------------------------------------------------------------------------+----+-----------+-----+-----------+
    |ap_sync_reg_Image_extract_next_U0_ap_ready                                            |   9|          2|    1|          2|
    |ap_sync_reg_channel_write_curr_imageProjs                                             |   9|          2|    1|          2|
    |ap_sync_reg_channel_write_curr_localImage                                             |   9|          2|    1|          2|
    |ap_sync_reg_channel_write_p_loc1_channel                                              |   9|          2|    1|          2|
    |ap_sync_reg_channel_write_sum                                                         |   9|          2|    1|          2|
    |ap_sync_reg_dataflow_in_loop_VITIS_LOOP_241_1_1_Block_newFuncRoot_proc_1_U0_ap_ready  |   9|          2|    1|          2|
    |ap_sync_reg_getLocalImages_single_U0_ap_ready                                         |   9|          2|    1|          2|
    +--------------------------------------------------------------------------------------+----+-----------+-----+-----------+
    |Total                                                                                 |  63|         14|    7|         14|
    +--------------------------------------------------------------------------------------+----+-----------+-----+-----------+

    * Register: 
    +--------------------------------------------------------------------------------------+---+----+-----+-----------+
    |                                         Name                                         | FF| LUT| Bits| Const Bits|
    +--------------------------------------------------------------------------------------+---+----+-----+-----------+
    |ap_sync_reg_Image_extract_next_U0_ap_ready                                            |  1|   0|    1|          0|
    |ap_sync_reg_channel_write_curr_imageProjs                                             |  1|   0|    1|          0|
    |ap_sync_reg_channel_write_curr_localImage                                             |  1|   0|    1|          0|
    |ap_sync_reg_channel_write_p_loc1_channel                                              |  1|   0|    1|          0|
    |ap_sync_reg_channel_write_sum                                                         |  1|   0|    1|          0|
    |ap_sync_reg_dataflow_in_loop_VITIS_LOOP_241_1_1_Block_newFuncRoot_proc_1_U0_ap_ready  |  1|   0|    1|          0|
    |ap_sync_reg_getLocalImages_single_U0_ap_ready                                         |  1|   0|    1|          0|
    +--------------------------------------------------------------------------------------+---+----+-----+-----------+
    |Total                                                                                 |  7|   0|    7|          0|
    +--------------------------------------------------------------------------------------+---+----+-----+-----------+



================================================================
== Interface
================================================================
* Summary: 
+---------------------------+-----+-----+------------+-------------------------------------+--------------+
|         RTL Ports         | Dir | Bits|  Protocol  |            Source Object            |    C Type    |
+---------------------------+-----+-----+------------+-------------------------------------+--------------+
|ap_clk                     |   in|    1|  ap_ctrl_hs|  dataflow_in_loop_VITIS_LOOP_241_1.1|  return value|
|ap_rst                     |   in|    1|  ap_ctrl_hs|  dataflow_in_loop_VITIS_LOOP_241_1.1|  return value|
|ap_start                   |   in|    1|  ap_ctrl_hs|  dataflow_in_loop_VITIS_LOOP_241_1.1|  return value|
|ap_done                    |  out|    1|  ap_ctrl_hs|  dataflow_in_loop_VITIS_LOOP_241_1.1|  return value|
|ap_ready                   |  out|    1|  ap_ctrl_hs|  dataflow_in_loop_VITIS_LOOP_241_1.1|  return value|
|ap_idle                    |  out|    1|  ap_ctrl_hs|  dataflow_in_loop_VITIS_LOOP_241_1.1|  return value|
|ap_continue                |   in|    1|  ap_ctrl_hs|  dataflow_in_loop_VITIS_LOOP_241_1.1|  return value|
|conv                       |   in|   16|     ap_none|                                 conv|        scalar|
|conv_ap_vld                |   in|    1|     ap_none|                                 conv|        scalar|
|psfSupersample             |   in|   32|     ap_none|                       psfSupersample|        scalar|
|psfSupersample_ap_vld      |   in|    1|     ap_none|                       psfSupersample|        scalar|
|projShape0                 |   in|   32|     ap_none|                           projShape0|        scalar|
|projShape0_ap_vld          |   in|    1|     ap_none|                           projShape0|        scalar|
|projShape1                 |   in|   32|     ap_none|                           projShape1|        scalar|
|projShape1_ap_vld          |   in|    1|     ap_none|                           projShape1|        scalar|
|m_axi_gmem0_0_AWVALID      |  out|    1|       m_axi|                                gmem0|       pointer|
|m_axi_gmem0_0_AWREADY      |   in|    1|       m_axi|                                gmem0|       pointer|
|m_axi_gmem0_0_AWADDR       |  out|   64|       m_axi|                                gmem0|       pointer|
|m_axi_gmem0_0_AWID         |  out|    1|       m_axi|                                gmem0|       pointer|
|m_axi_gmem0_0_AWLEN        |  out|   32|       m_axi|                                gmem0|       pointer|
|m_axi_gmem0_0_AWSIZE       |  out|    3|       m_axi|                                gmem0|       pointer|
|m_axi_gmem0_0_AWBURST      |  out|    2|       m_axi|                                gmem0|       pointer|
|m_axi_gmem0_0_AWLOCK       |  out|    2|       m_axi|                                gmem0|       pointer|
|m_axi_gmem0_0_AWCACHE      |  out|    4|       m_axi|                                gmem0|       pointer|
|m_axi_gmem0_0_AWPROT       |  out|    3|       m_axi|                                gmem0|       pointer|
|m_axi_gmem0_0_AWQOS        |  out|    4|       m_axi|                                gmem0|       pointer|
|m_axi_gmem0_0_AWREGION     |  out|    4|       m_axi|                                gmem0|       pointer|
|m_axi_gmem0_0_AWUSER       |  out|    1|       m_axi|                                gmem0|       pointer|
|m_axi_gmem0_0_WVALID       |  out|    1|       m_axi|                                gmem0|       pointer|
|m_axi_gmem0_0_WREADY       |   in|    1|       m_axi|                                gmem0|       pointer|
|m_axi_gmem0_0_WDATA        |  out|   64|       m_axi|                                gmem0|       pointer|
|m_axi_gmem0_0_WSTRB        |  out|    8|       m_axi|                                gmem0|       pointer|
|m_axi_gmem0_0_WLAST        |  out|    1|       m_axi|                                gmem0|       pointer|
|m_axi_gmem0_0_WID          |  out|    1|       m_axi|                                gmem0|       pointer|
|m_axi_gmem0_0_WUSER        |  out|    1|       m_axi|                                gmem0|       pointer|
|m_axi_gmem0_0_ARVALID      |  out|    1|       m_axi|                                gmem0|       pointer|
|m_axi_gmem0_0_ARREADY      |   in|    1|       m_axi|                                gmem0|       pointer|
|m_axi_gmem0_0_ARADDR       |  out|   64|       m_axi|                                gmem0|       pointer|
|m_axi_gmem0_0_ARID         |  out|    1|       m_axi|                                gmem0|       pointer|
|m_axi_gmem0_0_ARLEN        |  out|   32|       m_axi|                                gmem0|       pointer|
|m_axi_gmem0_0_ARSIZE       |  out|    3|       m_axi|                                gmem0|       pointer|
|m_axi_gmem0_0_ARBURST      |  out|    2|       m_axi|                                gmem0|       pointer|
|m_axi_gmem0_0_ARLOCK       |  out|    2|       m_axi|                                gmem0|       pointer|
|m_axi_gmem0_0_ARCACHE      |  out|    4|       m_axi|                                gmem0|       pointer|
|m_axi_gmem0_0_ARPROT       |  out|    3|       m_axi|                                gmem0|       pointer|
|m_axi_gmem0_0_ARQOS        |  out|    4|       m_axi|                                gmem0|       pointer|
|m_axi_gmem0_0_ARREGION     |  out|    4|       m_axi|                                gmem0|       pointer|
|m_axi_gmem0_0_ARUSER       |  out|    1|       m_axi|                                gmem0|       pointer|
|m_axi_gmem0_0_RVALID       |   in|    1|       m_axi|                                gmem0|       pointer|
|m_axi_gmem0_0_RREADY       |  out|    1|       m_axi|                                gmem0|       pointer|
|m_axi_gmem0_0_RDATA        |   in|   64|       m_axi|                                gmem0|       pointer|
|m_axi_gmem0_0_RLAST        |   in|    1|       m_axi|                                gmem0|       pointer|
|m_axi_gmem0_0_RID          |   in|    1|       m_axi|                                gmem0|       pointer|
|m_axi_gmem0_0_RFIFONUM     |   in|    9|       m_axi|                                gmem0|       pointer|
|m_axi_gmem0_0_RUSER        |   in|    1|       m_axi|                                gmem0|       pointer|
|m_axi_gmem0_0_RRESP        |   in|    2|       m_axi|                                gmem0|       pointer|
|m_axi_gmem0_0_BVALID       |   in|    1|       m_axi|                                gmem0|       pointer|
|m_axi_gmem0_0_BREADY       |  out|    1|       m_axi|                                gmem0|       pointer|
|m_axi_gmem0_0_BRESP        |   in|    2|       m_axi|                                gmem0|       pointer|
|m_axi_gmem0_0_BID          |   in|    1|       m_axi|                                gmem0|       pointer|
|m_axi_gmem0_0_BUSER        |   in|    1|       m_axi|                                gmem0|       pointer|
|atomLocations              |   in|   64|     ap_none|                        atomLocations|        scalar|
|atomLocations_ap_vld       |   in|    1|     ap_none|                        atomLocations|        scalar|
|m_axi_gmem6_0_AWVALID      |  out|    1|       m_axi|                                gmem6|       pointer|
|m_axi_gmem6_0_AWREADY      |   in|    1|       m_axi|                                gmem6|       pointer|
|m_axi_gmem6_0_AWADDR       |  out|   64|       m_axi|                                gmem6|       pointer|
|m_axi_gmem6_0_AWID         |  out|    1|       m_axi|                                gmem6|       pointer|
|m_axi_gmem6_0_AWLEN        |  out|   32|       m_axi|                                gmem6|       pointer|
|m_axi_gmem6_0_AWSIZE       |  out|    3|       m_axi|                                gmem6|       pointer|
|m_axi_gmem6_0_AWBURST      |  out|    2|       m_axi|                                gmem6|       pointer|
|m_axi_gmem6_0_AWLOCK       |  out|    2|       m_axi|                                gmem6|       pointer|
|m_axi_gmem6_0_AWCACHE      |  out|    4|       m_axi|                                gmem6|       pointer|
|m_axi_gmem6_0_AWPROT       |  out|    3|       m_axi|                                gmem6|       pointer|
|m_axi_gmem6_0_AWQOS        |  out|    4|       m_axi|                                gmem6|       pointer|
|m_axi_gmem6_0_AWREGION     |  out|    4|       m_axi|                                gmem6|       pointer|
|m_axi_gmem6_0_AWUSER       |  out|    1|       m_axi|                                gmem6|       pointer|
|m_axi_gmem6_0_WVALID       |  out|    1|       m_axi|                                gmem6|       pointer|
|m_axi_gmem6_0_WREADY       |   in|    1|       m_axi|                                gmem6|       pointer|
|m_axi_gmem6_0_WDATA        |  out|  512|       m_axi|                                gmem6|       pointer|
|m_axi_gmem6_0_WSTRB        |  out|   64|       m_axi|                                gmem6|       pointer|
|m_axi_gmem6_0_WLAST        |  out|    1|       m_axi|                                gmem6|       pointer|
|m_axi_gmem6_0_WID          |  out|    1|       m_axi|                                gmem6|       pointer|
|m_axi_gmem6_0_WUSER        |  out|    1|       m_axi|                                gmem6|       pointer|
|m_axi_gmem6_0_ARVALID      |  out|    1|       m_axi|                                gmem6|       pointer|
|m_axi_gmem6_0_ARREADY      |   in|    1|       m_axi|                                gmem6|       pointer|
|m_axi_gmem6_0_ARADDR       |  out|   64|       m_axi|                                gmem6|       pointer|
|m_axi_gmem6_0_ARID         |  out|    1|       m_axi|                                gmem6|       pointer|
|m_axi_gmem6_0_ARLEN        |  out|   32|       m_axi|                                gmem6|       pointer|
|m_axi_gmem6_0_ARSIZE       |  out|    3|       m_axi|                                gmem6|       pointer|
|m_axi_gmem6_0_ARBURST      |  out|    2|       m_axi|                                gmem6|       pointer|
|m_axi_gmem6_0_ARLOCK       |  out|    2|       m_axi|                                gmem6|       pointer|
|m_axi_gmem6_0_ARCACHE      |  out|    4|       m_axi|                                gmem6|       pointer|
|m_axi_gmem6_0_ARPROT       |  out|    3|       m_axi|                                gmem6|       pointer|
|m_axi_gmem6_0_ARQOS        |  out|    4|       m_axi|                                gmem6|       pointer|
|m_axi_gmem6_0_ARREGION     |  out|    4|       m_axi|                                gmem6|       pointer|
|m_axi_gmem6_0_ARUSER       |  out|    1|       m_axi|                                gmem6|       pointer|
|m_axi_gmem6_0_RVALID       |   in|    1|       m_axi|                                gmem6|       pointer|
|m_axi_gmem6_0_RREADY       |  out|    1|       m_axi|                                gmem6|       pointer|
|m_axi_gmem6_0_RDATA        |   in|  512|       m_axi|                                gmem6|       pointer|
|m_axi_gmem6_0_RLAST        |   in|    1|       m_axi|                                gmem6|       pointer|
|m_axi_gmem6_0_RID          |   in|    1|       m_axi|                                gmem6|       pointer|
|m_axi_gmem6_0_RFIFONUM     |   in|    9|       m_axi|                                gmem6|       pointer|
|m_axi_gmem6_0_RUSER        |   in|    1|       m_axi|                                gmem6|       pointer|
|m_axi_gmem6_0_RRESP        |   in|    2|       m_axi|                                gmem6|       pointer|
|m_axi_gmem6_0_BVALID       |   in|    1|       m_axi|                                gmem6|       pointer|
|m_axi_gmem6_0_BREADY       |  out|    1|       m_axi|                                gmem6|       pointer|
|m_axi_gmem6_0_BRESP        |   in|    2|       m_axi|                                gmem6|       pointer|
|m_axi_gmem6_0_BID          |   in|    1|       m_axi|                                gmem6|       pointer|
|m_axi_gmem6_0_BUSER        |   in|    1|       m_axi|                                gmem6|       pointer|
|fullImage                  |   in|   64|     ap_none|                            fullImage|        scalar|
|fullImage_ap_vld           |   in|    1|     ap_none|                            fullImage|        scalar|
|m_axi_gmem5_0_AWVALID      |  out|    1|       m_axi|                                gmem5|       pointer|
|m_axi_gmem5_0_AWREADY      |   in|    1|       m_axi|                                gmem5|       pointer|
|m_axi_gmem5_0_AWADDR       |  out|   64|       m_axi|                                gmem5|       pointer|
|m_axi_gmem5_0_AWID         |  out|    1|       m_axi|                                gmem5|       pointer|
|m_axi_gmem5_0_AWLEN        |  out|   32|       m_axi|                                gmem5|       pointer|
|m_axi_gmem5_0_AWSIZE       |  out|    3|       m_axi|                                gmem5|       pointer|
|m_axi_gmem5_0_AWBURST      |  out|    2|       m_axi|                                gmem5|       pointer|
|m_axi_gmem5_0_AWLOCK       |  out|    2|       m_axi|                                gmem5|       pointer|
|m_axi_gmem5_0_AWCACHE      |  out|    4|       m_axi|                                gmem5|       pointer|
|m_axi_gmem5_0_AWPROT       |  out|    3|       m_axi|                                gmem5|       pointer|
|m_axi_gmem5_0_AWQOS        |  out|    4|       m_axi|                                gmem5|       pointer|
|m_axi_gmem5_0_AWREGION     |  out|    4|       m_axi|                                gmem5|       pointer|
|m_axi_gmem5_0_AWUSER       |  out|    1|       m_axi|                                gmem5|       pointer|
|m_axi_gmem5_0_WVALID       |  out|    1|       m_axi|                                gmem5|       pointer|
|m_axi_gmem5_0_WREADY       |   in|    1|       m_axi|                                gmem5|       pointer|
|m_axi_gmem5_0_WDATA        |  out|  512|       m_axi|                                gmem5|       pointer|
|m_axi_gmem5_0_WSTRB        |  out|   64|       m_axi|                                gmem5|       pointer|
|m_axi_gmem5_0_WLAST        |  out|    1|       m_axi|                                gmem5|       pointer|
|m_axi_gmem5_0_WID          |  out|    1|       m_axi|                                gmem5|       pointer|
|m_axi_gmem5_0_WUSER        |  out|    1|       m_axi|                                gmem5|       pointer|
|m_axi_gmem5_0_ARVALID      |  out|    1|       m_axi|                                gmem5|       pointer|
|m_axi_gmem5_0_ARREADY      |   in|    1|       m_axi|                                gmem5|       pointer|
|m_axi_gmem5_0_ARADDR       |  out|   64|       m_axi|                                gmem5|       pointer|
|m_axi_gmem5_0_ARID         |  out|    1|       m_axi|                                gmem5|       pointer|
|m_axi_gmem5_0_ARLEN        |  out|   32|       m_axi|                                gmem5|       pointer|
|m_axi_gmem5_0_ARSIZE       |  out|    3|       m_axi|                                gmem5|       pointer|
|m_axi_gmem5_0_ARBURST      |  out|    2|       m_axi|                                gmem5|       pointer|
|m_axi_gmem5_0_ARLOCK       |  out|    2|       m_axi|                                gmem5|       pointer|
|m_axi_gmem5_0_ARCACHE      |  out|    4|       m_axi|                                gmem5|       pointer|
|m_axi_gmem5_0_ARPROT       |  out|    3|       m_axi|                                gmem5|       pointer|
|m_axi_gmem5_0_ARQOS        |  out|    4|       m_axi|                                gmem5|       pointer|
|m_axi_gmem5_0_ARREGION     |  out|    4|       m_axi|                                gmem5|       pointer|
|m_axi_gmem5_0_ARUSER       |  out|    1|       m_axi|                                gmem5|       pointer|
|m_axi_gmem5_0_RVALID       |   in|    1|       m_axi|                                gmem5|       pointer|
|m_axi_gmem5_0_RREADY       |  out|    1|       m_axi|                                gmem5|       pointer|
|m_axi_gmem5_0_RDATA        |   in|  512|       m_axi|                                gmem5|       pointer|
|m_axi_gmem5_0_RLAST        |   in|    1|       m_axi|                                gmem5|       pointer|
|m_axi_gmem5_0_RID          |   in|    1|       m_axi|                                gmem5|       pointer|
|m_axi_gmem5_0_RFIFONUM     |   in|    9|       m_axi|                                gmem5|       pointer|
|m_axi_gmem5_0_RUSER        |   in|    1|       m_axi|                                gmem5|       pointer|
|m_axi_gmem5_0_RRESP        |   in|    2|       m_axi|                                gmem5|       pointer|
|m_axi_gmem5_0_BVALID       |   in|    1|       m_axi|                                gmem5|       pointer|
|m_axi_gmem5_0_BREADY       |  out|    1|       m_axi|                                gmem5|       pointer|
|m_axi_gmem5_0_BRESP        |   in|    2|       m_axi|                                gmem5|       pointer|
|m_axi_gmem5_0_BID          |   in|    1|       m_axi|                                gmem5|       pointer|
|m_axi_gmem5_0_BUSER        |   in|    1|       m_axi|                                gmem5|       pointer|
|imageProjs_local           |   in|   64|     ap_none|                     imageProjs_local|        scalar|
|imageProjs_local_ap_vld    |   in|    1|     ap_none|                     imageProjs_local|        scalar|
|imageProjs_0_0_val         |   in|   32|     ap_none|                   imageProjs_0_0_val|        scalar|
|imageProjs_0_0_val_ap_vld  |   in|    1|     ap_none|                   imageProjs_0_0_val|        scalar|
|emissions_0_address0       |  out|    8|   ap_memory|                          emissions_0|         array|
|emissions_0_ce0            |  out|    1|   ap_memory|                          emissions_0|         array|
|emissions_0_d0             |  out|   32|   ap_memory|                          emissions_0|         array|
|emissions_0_q0             |   in|   32|   ap_memory|                          emissions_0|         array|
|emissions_0_we0            |  out|    1|   ap_memory|                          emissions_0|         array|
|emissions_0_address1       |  out|    8|   ap_memory|                          emissions_0|         array|
|emissions_0_ce1            |  out|    1|   ap_memory|                          emissions_0|         array|
|emissions_0_d1             |  out|   32|   ap_memory|                          emissions_0|         array|
|emissions_0_q1             |   in|   32|   ap_memory|                          emissions_0|         array|
|emissions_0_we1            |  out|    1|   ap_memory|                          emissions_0|         array|
|emissions_1_address0       |  out|    8|   ap_memory|                          emissions_1|         array|
|emissions_1_ce0            |  out|    1|   ap_memory|                          emissions_1|         array|
|emissions_1_d0             |  out|   32|   ap_memory|                          emissions_1|         array|
|emissions_1_q0             |   in|   32|   ap_memory|                          emissions_1|         array|
|emissions_1_we0            |  out|    1|   ap_memory|                          emissions_1|         array|
|emissions_1_address1       |  out|    8|   ap_memory|                          emissions_1|         array|
|emissions_1_ce1            |  out|    1|   ap_memory|                          emissions_1|         array|
|emissions_1_d1             |  out|   32|   ap_memory|                          emissions_1|         array|
|emissions_1_q1             |   in|   32|   ap_memory|                          emissions_1|         array|
|emissions_1_we1            |  out|    1|   ap_memory|                          emissions_1|         array|
|emissions_2_address0       |  out|    8|   ap_memory|                          emissions_2|         array|
|emissions_2_ce0            |  out|    1|   ap_memory|                          emissions_2|         array|
|emissions_2_d0             |  out|   32|   ap_memory|                          emissions_2|         array|
|emissions_2_q0             |   in|   32|   ap_memory|                          emissions_2|         array|
|emissions_2_we0            |  out|    1|   ap_memory|                          emissions_2|         array|
|emissions_2_address1       |  out|    8|   ap_memory|                          emissions_2|         array|
|emissions_2_ce1            |  out|    1|   ap_memory|                          emissions_2|         array|
|emissions_2_d1             |  out|   32|   ap_memory|                          emissions_2|         array|
|emissions_2_q1             |   in|   32|   ap_memory|                          emissions_2|         array|
|emissions_2_we1            |  out|    1|   ap_memory|                          emissions_2|         array|
|emissions_3_address0       |  out|    8|   ap_memory|                          emissions_3|         array|
|emissions_3_ce0            |  out|    1|   ap_memory|                          emissions_3|         array|
|emissions_3_d0             |  out|   32|   ap_memory|                          emissions_3|         array|
|emissions_3_q0             |   in|   32|   ap_memory|                          emissions_3|         array|
|emissions_3_we0            |  out|    1|   ap_memory|                          emissions_3|         array|
|emissions_3_address1       |  out|    8|   ap_memory|                          emissions_3|         array|
|emissions_3_ce1            |  out|    1|   ap_memory|                          emissions_3|         array|
|emissions_3_d1             |  out|   32|   ap_memory|                          emissions_3|         array|
|emissions_3_q1             |   in|   32|   ap_memory|                          emissions_3|         array|
|emissions_3_we1            |  out|    1|   ap_memory|                          emissions_3|         array|
|emissions_4_address0       |  out|    8|   ap_memory|                          emissions_4|         array|
|emissions_4_ce0            |  out|    1|   ap_memory|                          emissions_4|         array|
|emissions_4_d0             |  out|   32|   ap_memory|                          emissions_4|         array|
|emissions_4_q0             |   in|   32|   ap_memory|                          emissions_4|         array|
|emissions_4_we0            |  out|    1|   ap_memory|                          emissions_4|         array|
|emissions_4_address1       |  out|    8|   ap_memory|                          emissions_4|         array|
|emissions_4_ce1            |  out|    1|   ap_memory|                          emissions_4|         array|
|emissions_4_d1             |  out|   32|   ap_memory|                          emissions_4|         array|
|emissions_4_q1             |   in|   32|   ap_memory|                          emissions_4|         array|
|emissions_4_we1            |  out|    1|   ap_memory|                          emissions_4|         array|
|emissions_5_address0       |  out|    8|   ap_memory|                          emissions_5|         array|
|emissions_5_ce0            |  out|    1|   ap_memory|                          emissions_5|         array|
|emissions_5_d0             |  out|   32|   ap_memory|                          emissions_5|         array|
|emissions_5_q0             |   in|   32|   ap_memory|                          emissions_5|         array|
|emissions_5_we0            |  out|    1|   ap_memory|                          emissions_5|         array|
|emissions_5_address1       |  out|    8|   ap_memory|                          emissions_5|         array|
|emissions_5_ce1            |  out|    1|   ap_memory|                          emissions_5|         array|
|emissions_5_d1             |  out|   32|   ap_memory|                          emissions_5|         array|
|emissions_5_q1             |   in|   32|   ap_memory|                          emissions_5|         array|
|emissions_5_we1            |  out|    1|   ap_memory|                          emissions_5|         array|
|emissions_6_address0       |  out|    8|   ap_memory|                          emissions_6|         array|
|emissions_6_ce0            |  out|    1|   ap_memory|                          emissions_6|         array|
|emissions_6_d0             |  out|   32|   ap_memory|                          emissions_6|         array|
|emissions_6_q0             |   in|   32|   ap_memory|                          emissions_6|         array|
|emissions_6_we0            |  out|    1|   ap_memory|                          emissions_6|         array|
|emissions_6_address1       |  out|    8|   ap_memory|                          emissions_6|         array|
|emissions_6_ce1            |  out|    1|   ap_memory|                          emissions_6|         array|
|emissions_6_d1             |  out|   32|   ap_memory|                          emissions_6|         array|
|emissions_6_q1             |   in|   32|   ap_memory|                          emissions_6|         array|
|emissions_6_we1            |  out|    1|   ap_memory|                          emissions_6|         array|
|emissions_7_address0       |  out|    8|   ap_memory|                          emissions_7|         array|
|emissions_7_ce0            |  out|    1|   ap_memory|                          emissions_7|         array|
|emissions_7_d0             |  out|   32|   ap_memory|                          emissions_7|         array|
|emissions_7_q0             |   in|   32|   ap_memory|                          emissions_7|         array|
|emissions_7_we0            |  out|    1|   ap_memory|                          emissions_7|         array|
|emissions_7_address1       |  out|    8|   ap_memory|                          emissions_7|         array|
|emissions_7_ce1            |  out|    1|   ap_memory|                          emissions_7|         array|
|emissions_7_d1             |  out|   32|   ap_memory|                          emissions_7|         array|
|emissions_7_q1             |   in|   32|   ap_memory|                          emissions_7|         array|
|emissions_7_we1            |  out|    1|   ap_memory|                          emissions_7|         array|
+---------------------------+-----+-----+------------+-------------------------------------+--------------+

