

================================================================
== Vitis HLS Report for 'findUnusableAtoms_Pipeline_VITIS_LOOP_1436_1'
================================================================
* Date:           Thu Mar 26 11:03:32 2026

* Version:        2024.2 (Build 5238294 on Nov  8 2024)
* Project:        atomflow_controller_2024_2
* Solution:       hls (Vivado IP Flow Target)
* Product family: zynquplusRFSOC
* Target device:  xczu49dr-ffvf1760-2-e


================================================================
== Performance Estimates
================================================================
+ Timing: 
    * Summary: 
    +--------+----------+----------+------------+
    |  Clock |  Target  | Estimated| Uncertainty|
    +--------+----------+----------+------------+
    |ap_clk  |  10.00 ns|  2.440 ns|     2.70 ns|
    +--------+----------+----------+------------+

+ Latency: 
    * Summary: 
    +---------+---------+-----------+----------+-----+-----+------------------------------------------------+
    |  Latency (cycles) |  Latency (absolute)  |  Interval |                    Pipeline                    |
    |   min   |   max   |    min    |    max   | min | max |                      Type                      |
    +---------+---------+-----------+----------+-----+-----+------------------------------------------------+
    |        3|       34|  30.000 ns|  0.340 us|    2|   33|  loop auto-rewind stp (delay=0 clock cycles(s))|
    +---------+---------+-----------+----------+-----+-----+------------------------------------------------+

    + Detail: 
        * Instance: 
        N/A

        * Loop: 
        +---------------------+---------+---------+----------+-----------+-----------+--------+----------+
        |                     |  Latency (cycles) | Iteration|  Initiation Interval  |  Trip  |          |
        |      Loop Name      |   min   |   max   |  Latency |  achieved |   target  |  Count | Pipelined|
        +---------------------+---------+---------+----------+-----------+-----------+--------+----------+
        |- VITIS_LOOP_1436_1  |        1|       32|         1|          1|          1|  1 ~ 32|       yes|
        +---------------------+---------+---------+----------+-----------+-----------+--------+----------+



================================================================
== Utilization Estimates
================================================================
* Summary: 
+-----------------+---------+------+--------+--------+-----+
|       Name      | BRAM_18K|  DSP |   FF   |   LUT  | URAM|
+-----------------+---------+------+--------+--------+-----+
|DSP              |        -|     -|       -|       -|    -|
|Expression       |        -|     -|       0|     146|    -|
|FIFO             |        -|     -|       -|       -|    -|
|Instance         |        -|     -|       -|       -|    -|
|Memory           |        -|     -|       -|       -|    -|
|Multiplexer      |        -|     -|       0|      27|    -|
|Register         |        -|     -|      11|       -|    -|
+-----------------+---------+------+--------+--------+-----+
|Total            |        0|     0|      11|     173|    0|
+-----------------+---------+------+--------+--------+-----+
|Available        |     2160|  4272|  850560|  425280|   80|
+-----------------+---------+------+--------+--------+-----+
|Utilization (%)  |        0|     0|      ~0|      ~0|    0|
+-----------------+---------+------+--------+--------+-----+

+ Detail: 
    * Instance: 
    N/A

    * DSP: 
    N/A

    * Memory: 
    N/A

    * FIFO: 
    N/A

    * Expression: 
    +-------------------------+----------+----+---+----+------------+------------+
    |      Variable Name      | Operation| DSP| FF| LUT| Bitwidth P0| Bitwidth P1|
    +-------------------------+----------+----+---+----+------------+------------+
    |i_127_fu_776_p2          |         +|   0|  0|  16|           9|           4|
    |ap_condition_268         |       and|   0|  0|   2|           1|           1|
    |icmp_ln1436_1_fu_640_p2  |      icmp|   0|  0|  16|           9|           9|
    |icmp_ln1436_2_fu_668_p2  |      icmp|   0|  0|  16|           9|           9|
    |icmp_ln1436_3_fu_686_p2  |      icmp|   0|  0|  16|           9|           9|
    |icmp_ln1436_4_fu_704_p2  |      icmp|   0|  0|  16|           9|           9|
    |icmp_ln1436_5_fu_734_p2  |      icmp|   0|  0|  16|           9|           9|
    |icmp_ln1436_6_fu_752_p2  |      icmp|   0|  0|  16|           9|           9|
    |icmp_ln1436_7_fu_770_p2  |      icmp|   0|  0|  16|           9|           9|
    |icmp_ln1436_fu_574_p2    |      icmp|   0|  0|  16|           9|           9|
    +-------------------------+----------+----+---+----+------------+------------+
    |Total                    |          |   0|  0| 146|          82|          77|
    +-------------------------+----------+----+---+----+------------+------------+

    * Multiplexer: 
    +------------------------+----+-----------+-----+-----------+
    |          Name          | LUT| Input Size| Bits| Total Bits|
    +------------------------+----+-----------+-----+-----------+
    |ap_done_int             |   9|          2|    1|          2|
    |ap_sig_allocacmp_i_119  |   9|          2|    9|         18|
    |i_fu_124                |   9|          2|    9|         18|
    +------------------------+----+-----------+-----+-----------+
    |Total                   |  27|          6|   19|         38|
    +------------------------+----+-----------+-----+-----------+

    * Register: 
    +-------------+---+----+-----+-----------+
    |     Name    | FF| LUT| Bits| Const Bits|
    +-------------+---+----+-----+-----------+
    |ap_CS_fsm    |  1|   0|    1|          0|
    |ap_done_reg  |  1|   0|    1|          0|
    |i_fu_124     |  9|   0|    9|          0|
    +-------------+---+----+-----+-----------+
    |Total        | 11|   0|   11|          0|
    +-------------+---+----+-----+-----------+



================================================================
== Interface
================================================================
* Summary: 
+--------------------------------+-----+-----+------------+----------------------------------------------+--------------+
|            RTL Ports           | Dir | Bits|  Protocol  |                 Source Object                |    C Type    |
+--------------------------------+-----+-----+------------+----------------------------------------------+--------------+
|ap_clk                          |   in|    1|  ap_ctrl_hs|  findUnusableAtoms_Pipeline_VITIS_LOOP_1436_1|  return value|
|ap_rst                          |   in|    1|  ap_ctrl_hs|  findUnusableAtoms_Pipeline_VITIS_LOOP_1436_1|  return value|
|ap_start                        |   in|    1|  ap_ctrl_hs|  findUnusableAtoms_Pipeline_VITIS_LOOP_1436_1|  return value|
|ap_done                         |  out|    1|  ap_ctrl_hs|  findUnusableAtoms_Pipeline_VITIS_LOOP_1436_1|  return value|
|ap_idle                         |  out|    1|  ap_ctrl_hs|  findUnusableAtoms_Pipeline_VITIS_LOOP_1436_1|  return value|
|ap_ready                        |  out|    1|  ap_ctrl_hs|  findUnusableAtoms_Pipeline_VITIS_LOOP_1436_1|  return value|
|empty                           |   in|    9|     ap_none|                                         empty|        scalar|
|unusableAtoms_count_7_address1  |  out|    5|   ap_memory|                         unusableAtoms_count_7|         array|
|unusableAtoms_count_7_ce1       |  out|    1|   ap_memory|                         unusableAtoms_count_7|         array|
|unusableAtoms_count_7_we1       |  out|    1|   ap_memory|                         unusableAtoms_count_7|         array|
|unusableAtoms_count_7_d1        |  out|   16|   ap_memory|                         unusableAtoms_count_7|         array|
|usableAtoms_count_7_address1    |  out|    5|   ap_memory|                           usableAtoms_count_7|         array|
|usableAtoms_count_7_ce1         |  out|    1|   ap_memory|                           usableAtoms_count_7|         array|
|usableAtoms_count_7_we1         |  out|    1|   ap_memory|                           usableAtoms_count_7|         array|
|usableAtoms_count_7_d1          |  out|   16|   ap_memory|                           usableAtoms_count_7|         array|
|targetSites_count_7_address1    |  out|    5|   ap_memory|                           targetSites_count_7|         array|
|targetSites_count_7_ce1         |  out|    1|   ap_memory|                           targetSites_count_7|         array|
|targetSites_count_7_we1         |  out|    1|   ap_memory|                           targetSites_count_7|         array|
|targetSites_count_7_d1          |  out|   16|   ap_memory|                           targetSites_count_7|         array|
|unusableAtoms_count_6_address1  |  out|    5|   ap_memory|                         unusableAtoms_count_6|         array|
|unusableAtoms_count_6_ce1       |  out|    1|   ap_memory|                         unusableAtoms_count_6|         array|
|unusableAtoms_count_6_we1       |  out|    1|   ap_memory|                         unusableAtoms_count_6|         array|
|unusableAtoms_count_6_d1        |  out|   16|   ap_memory|                         unusableAtoms_count_6|         array|
|usableAtoms_count_6_address1    |  out|    5|   ap_memory|                           usableAtoms_count_6|         array|
|usableAtoms_count_6_ce1         |  out|    1|   ap_memory|                           usableAtoms_count_6|         array|
|usableAtoms_count_6_we1         |  out|    1|   ap_memory|                           usableAtoms_count_6|         array|
|usableAtoms_count_6_d1          |  out|   16|   ap_memory|                           usableAtoms_count_6|         array|
|targetSites_count_6_address1    |  out|    5|   ap_memory|                           targetSites_count_6|         array|
|targetSites_count_6_ce1         |  out|    1|   ap_memory|                           targetSites_count_6|         array|
|targetSites_count_6_we1         |  out|    1|   ap_memory|                           targetSites_count_6|         array|
|targetSites_count_6_d1          |  out|   16|   ap_memory|                           targetSites_count_6|         array|
|unusableAtoms_count_5_address1  |  out|    5|   ap_memory|                         unusableAtoms_count_5|         array|
|unusableAtoms_count_5_ce1       |  out|    1|   ap_memory|                         unusableAtoms_count_5|         array|
|unusableAtoms_count_5_we1       |  out|    1|   ap_memory|                         unusableAtoms_count_5|         array|
|unusableAtoms_count_5_d1        |  out|   16|   ap_memory|                         unusableAtoms_count_5|         array|
|usableAtoms_count_5_address1    |  out|    5|   ap_memory|                           usableAtoms_count_5|         array|
|usableAtoms_count_5_ce1         |  out|    1|   ap_memory|                           usableAtoms_count_5|         array|
|usableAtoms_count_5_we1         |  out|    1|   ap_memory|                           usableAtoms_count_5|         array|
|usableAtoms_count_5_d1          |  out|   16|   ap_memory|                           usableAtoms_count_5|         array|
|targetSites_count_5_address1    |  out|    5|   ap_memory|                           targetSites_count_5|         array|
|targetSites_count_5_ce1         |  out|    1|   ap_memory|                           targetSites_count_5|         array|
|targetSites_count_5_we1         |  out|    1|   ap_memory|                           targetSites_count_5|         array|
|targetSites_count_5_d1          |  out|   16|   ap_memory|                           targetSites_count_5|         array|
|unusableAtoms_count_4_address1  |  out|    5|   ap_memory|                         unusableAtoms_count_4|         array|
|unusableAtoms_count_4_ce1       |  out|    1|   ap_memory|                         unusableAtoms_count_4|         array|
|unusableAtoms_count_4_we1       |  out|    1|   ap_memory|                         unusableAtoms_count_4|         array|
|unusableAtoms_count_4_d1        |  out|   16|   ap_memory|                         unusableAtoms_count_4|         array|
|usableAtoms_count_4_address1    |  out|    5|   ap_memory|                           usableAtoms_count_4|         array|
|usableAtoms_count_4_ce1         |  out|    1|   ap_memory|                           usableAtoms_count_4|         array|
|usableAtoms_count_4_we1         |  out|    1|   ap_memory|                           usableAtoms_count_4|         array|
|usableAtoms_count_4_d1          |  out|   16|   ap_memory|                           usableAtoms_count_4|         array|
|targetSites_count_4_address1    |  out|    5|   ap_memory|                           targetSites_count_4|         array|
|targetSites_count_4_ce1         |  out|    1|   ap_memory|                           targetSites_count_4|         array|
|targetSites_count_4_we1         |  out|    1|   ap_memory|                           targetSites_count_4|         array|
|targetSites_count_4_d1          |  out|   16|   ap_memory|                           targetSites_count_4|         array|
|unusableAtoms_count_3_address1  |  out|    5|   ap_memory|                         unusableAtoms_count_3|         array|
|unusableAtoms_count_3_ce1       |  out|    1|   ap_memory|                         unusableAtoms_count_3|         array|
|unusableAtoms_count_3_we1       |  out|    1|   ap_memory|                         unusableAtoms_count_3|         array|
|unusableAtoms_count_3_d1        |  out|   16|   ap_memory|                         unusableAtoms_count_3|         array|
|usableAtoms_count_3_address1    |  out|    5|   ap_memory|                           usableAtoms_count_3|         array|
|usableAtoms_count_3_ce1         |  out|    1|   ap_memory|                           usableAtoms_count_3|         array|
|usableAtoms_count_3_we1         |  out|    1|   ap_memory|                           usableAtoms_count_3|         array|
|usableAtoms_count_3_d1          |  out|   16|   ap_memory|                           usableAtoms_count_3|         array|
|targetSites_count_3_address1    |  out|    5|   ap_memory|                           targetSites_count_3|         array|
|targetSites_count_3_ce1         |  out|    1|   ap_memory|                           targetSites_count_3|         array|
|targetSites_count_3_we1         |  out|    1|   ap_memory|                           targetSites_count_3|         array|
|targetSites_count_3_d1          |  out|   16|   ap_memory|                           targetSites_count_3|         array|
|unusableAtoms_count_2_address1  |  out|    5|   ap_memory|                         unusableAtoms_count_2|         array|
|unusableAtoms_count_2_ce1       |  out|    1|   ap_memory|                         unusableAtoms_count_2|         array|
|unusableAtoms_count_2_we1       |  out|    1|   ap_memory|                         unusableAtoms_count_2|         array|
|unusableAtoms_count_2_d1        |  out|   16|   ap_memory|                         unusableAtoms_count_2|         array|
|usableAtoms_count_2_address1    |  out|    5|   ap_memory|                           usableAtoms_count_2|         array|
|usableAtoms_count_2_ce1         |  out|    1|   ap_memory|                           usableAtoms_count_2|         array|
|usableAtoms_count_2_we1         |  out|    1|   ap_memory|                           usableAtoms_count_2|         array|
|usableAtoms_count_2_d1          |  out|   16|   ap_memory|                           usableAtoms_count_2|         array|
|targetSites_count_2_address1    |  out|    5|   ap_memory|                           targetSites_count_2|         array|
|targetSites_count_2_ce1         |  out|    1|   ap_memory|                           targetSites_count_2|         array|
|targetSites_count_2_we1         |  out|    1|   ap_memory|                           targetSites_count_2|         array|
|targetSites_count_2_d1          |  out|   16|   ap_memory|                           targetSites_count_2|         array|
|unusableAtoms_count_1_address1  |  out|    5|   ap_memory|                         unusableAtoms_count_1|         array|
|unusableAtoms_count_1_ce1       |  out|    1|   ap_memory|                         unusableAtoms_count_1|         array|
|unusableAtoms_count_1_we1       |  out|    1|   ap_memory|                         unusableAtoms_count_1|         array|
|unusableAtoms_count_1_d1        |  out|   16|   ap_memory|                         unusableAtoms_count_1|         array|
|usableAtoms_count_1_address1    |  out|    5|   ap_memory|                           usableAtoms_count_1|         array|
|usableAtoms_count_1_ce1         |  out|    1|   ap_memory|                           usableAtoms_count_1|         array|
|usableAtoms_count_1_we1         |  out|    1|   ap_memory|                           usableAtoms_count_1|         array|
|usableAtoms_count_1_d1          |  out|   16|   ap_memory|                           usableAtoms_count_1|         array|
|targetSites_count_1_address1    |  out|    5|   ap_memory|                           targetSites_count_1|         array|
|targetSites_count_1_ce1         |  out|    1|   ap_memory|                           targetSites_count_1|         array|
|targetSites_count_1_we1         |  out|    1|   ap_memory|                           targetSites_count_1|         array|
|targetSites_count_1_d1          |  out|   16|   ap_memory|                           targetSites_count_1|         array|
|targetSites_count_0_address1    |  out|    5|   ap_memory|                           targetSites_count_0|         array|
|targetSites_count_0_ce1         |  out|    1|   ap_memory|                           targetSites_count_0|         array|
|targetSites_count_0_we1         |  out|    1|   ap_memory|                           targetSites_count_0|         array|
|targetSites_count_0_d1          |  out|   16|   ap_memory|                           targetSites_count_0|         array|
|usableAtoms_count_0_address1    |  out|    5|   ap_memory|                           usableAtoms_count_0|         array|
|usableAtoms_count_0_ce1         |  out|    1|   ap_memory|                           usableAtoms_count_0|         array|
|usableAtoms_count_0_we1         |  out|    1|   ap_memory|                           usableAtoms_count_0|         array|
|usableAtoms_count_0_d1          |  out|   16|   ap_memory|                           usableAtoms_count_0|         array|
|unusableAtoms_count_0_address1  |  out|    5|   ap_memory|                         unusableAtoms_count_0|         array|
|unusableAtoms_count_0_ce1       |  out|    1|   ap_memory|                         unusableAtoms_count_0|         array|
|unusableAtoms_count_0_we1       |  out|    1|   ap_memory|                         unusableAtoms_count_0|         array|
|unusableAtoms_count_0_d1        |  out|   16|   ap_memory|                         unusableAtoms_count_0|         array|
+--------------------------------+-----+-----+------------+----------------------------------------------+--------------+

