

================================================================
== Vitis HLS Report for 'findUnusableAtoms'
================================================================
* Date:           Thu Mar 26 11:03:32 2026

* Version:        2024.2 (Build 5238294 on Nov  8 2024)
* Project:        atomflow_controller_2024_2
* Solution:       hls (Vivado IP Flow Target)
* Product family: zynquplusRFSOC
* Target device:  xczu49dr-ffvf1760-2-e


================================================================
== Performance Estimates
================================================================
+ Timing: 
    * Summary: 
    +--------+----------+----------+------------+
    |  Clock |  Target  | Estimated| Uncertainty|
    +--------+----------+----------+------------+
    |ap_clk  |  10.00 ns|  4.048 ns|     2.70 ns|
    +--------+----------+----------+------------+

+ Latency: 
    * Summary: 
    +---------+---------+-----------+-----------+-----+------+---------+
    |  Latency (cycles) |   Latency (absolute)  |  Interval  | Pipeline|
    |   min   |   max   |    min    |    max    | min |  max |   Type  |
    +---------+---------+-----------+-----------+-----+------+---------+
    |        1|     5387|  10.000 ns|  53.870 us|    1|  5387|       no|
    +---------+---------+-----------+-----------+-----+------+---------+

    + Detail: 
        * Instance: 
        +---------------------------------------------------------+----------------------------------------------+---------+---------+-----------+----------+-----+-----+------------------------------------------------+
        |                                                         |                                              |  Latency (cycles) |  Latency (absolute)  |  Interval |                    Pipeline                    |
        |                         Instance                        |                    Module                    |   min   |   max   |    min    |    max   | min | max |                      Type                      |
        +---------------------------------------------------------+----------------------------------------------+---------+---------+-----------+----------+-----+-----+------------------------------------------------+
        |grp_findUnusableAtoms_Pipeline_VITIS_LOOP_1436_1_fu_201  |findUnusableAtoms_Pipeline_VITIS_LOOP_1436_1  |        3|       34|  30.000 ns|  0.340 us|    2|   33|  loop auto-rewind stp (delay=0 clock cycles(s))|
        |grp_findUnusableAtoms_Pipeline_VITIS_LOOP_1453_3_fu_254  |findUnusableAtoms_Pipeline_VITIS_LOOP_1453_3  |        4|      102|  40.000 ns|  1.020 us|    3|  101|  loop auto-rewind stp (delay=0 clock cycles(s))|
        +---------------------------------------------------------+----------------------------------------------+---------+---------+-----------+----------+-----+-----+------------------------------------------------+

        * Loop: 
        +---------------------+---------+---------+----------+-----------+-----------+--------+----------+
        |                     |  Latency (cycles) | Iteration|  Initiation Interval  |  Trip  |          |
        |      Loop Name      |   min   |   max   |  Latency |  achieved |   target  |  Count | Pipelined|
        +---------------------+---------+---------+----------+-----------+-----------+--------+----------+
        |- VITIS_LOOP_1446_2  |        9|     5350|   9 ~ 107|          -|          -|  1 ~ 50|        no|
        +---------------------+---------+---------+----------+-----------+-----------+--------+----------+



================================================================
== Utilization Estimates
================================================================
* Summary: 
+-----------------+---------+------+--------+--------+-----+
|       Name      | BRAM_18K|  DSP |   FF   |   LUT  | URAM|
+-----------------+---------+------+--------+--------+-----+
|DSP              |        -|     1|       -|       -|    -|
|Expression       |        -|     -|       0|     214|    -|
|FIFO             |        -|     -|       -|       -|    -|
|Instance         |        -|     -|     122|     609|    -|
|Memory           |        -|     -|       -|       -|    -|
|Multiplexer      |        -|     -|       0|    1116|    -|
|Register         |        -|     -|     157|       -|    -|
+-----------------+---------+------+--------+--------+-----+
|Total            |        0|     1|     279|    1939|    0|
+-----------------+---------+------+--------+--------+-----+
|Available        |     2160|  4272|  850560|  425280|   80|
+-----------------+---------+------+--------+--------+-----+
|Utilization (%)  |        0|    ~0|      ~0|      ~0|    0|
+-----------------+---------+------+--------+--------+-----+

+ Detail: 
    * Instance: 
    +---------------------------------------------------------+----------------------------------------------+---------+----+-----+-----+-----+
    |                         Instance                        |                    Module                    | BRAM_18K| DSP|  FF | LUT | URAM|
    +---------------------------------------------------------+----------------------------------------------+---------+----+-----+-----+-----+
    |grp_findUnusableAtoms_Pipeline_VITIS_LOOP_1436_1_fu_201  |findUnusableAtoms_Pipeline_VITIS_LOOP_1436_1  |        0|   0|   11|  173|    0|
    |grp_findUnusableAtoms_Pipeline_VITIS_LOOP_1453_3_fu_254  |findUnusableAtoms_Pipeline_VITIS_LOOP_1453_3  |        0|   0|  111|  436|    0|
    +---------------------------------------------------------+----------------------------------------------+---------+----+-----+-----+-----+
    |Total                                                    |                                              |        0|   0|  122|  609|    0|
    +---------------------------------------------------------+----------------------------------------------+---------+----+-----+-----+-----+

    * DSP: 
    +------------------------------------+-------------------------------+----------------+
    |              Instance              |             Module            |   Expression   |
    +------------------------------------+-------------------------------+----------------+
    |am_submul_9ns_15ns_15s_15_4_1_U585  |am_submul_9ns_15ns_15s_15_4_1  |  (i0 - i1) * i2|
    +------------------------------------+-------------------------------+----------------+

    * Memory: 
    N/A

    * FIFO: 
    N/A

    * Expression: 
    +-------------------------+----------+----+---+----+------------+------------+
    |      Variable Name      | Operation| DSP| FF| LUT| Bitwidth P0| Bitwidth P1|
    +-------------------------+----------+----+---+----+------------+------------+
    |add_ln1446_fu_364_p2     |         +|   0|  0|  22|          15|          15|
    |indexXC_5_fu_374_p2      |         +|   0|  0|  16|           9|           1|
    |cmp22_fu_393_p2          |      icmp|   0|  0|  39|          32|          32|
    |icmp_ln1430_1_fu_327_p2  |      icmp|   0|  0|  39|          32|           9|
    |icmp_ln1430_fu_321_p2    |      icmp|   0|  0|  39|          32|           9|
    |icmp_ln1446_fu_369_p2    |      icmp|   0|  0|  16|           9|           9|
    |ult_fu_388_p2            |      icmp|   0|  0|  39|          32|          32|
    |or_ln1430_fu_333_p2      |        or|   0|  0|   2|           1|           1|
    |rev_fu_434_p2            |       xor|   0|  0|   2|           1|           2|
    +-------------------------+----------+----+---+----+------------+------------+
    |Total                    |          |   0|  0| 214|         163|         110|
    +-------------------------+----------+----+---+----+------------+------------+

    * Multiplexer: 
    +------------------------------+----+-----------+-----+-----------+
    |             Name             | LUT| Input Size| Bits| Total Bits|
    +------------------------------+----+-----------+-----+-----------+
    |ap_NS_fsm                     |  49|          9|    1|          9|
    |ap_return                     |   9|          2|    1|          2|
    |indexXC_fu_136                |   9|          2|    9|         18|
    |phi_mul_fu_132                |   9|          2|   15|         30|
    |targetSites_count_0_address1  |  14|          3|    5|         15|
    |targetSites_count_0_ce0       |   9|          2|    1|          2|
    |targetSites_count_0_ce1       |  14|          3|    1|          3|
    |targetSites_count_0_d1        |  14|          3|   16|         48|
    |targetSites_count_0_we1       |  14|          3|    1|          3|
    |targetSites_count_1_address1  |  14|          3|    5|         15|
    |targetSites_count_1_ce0       |   9|          2|    1|          2|
    |targetSites_count_1_ce1       |  14|          3|    1|          3|
    |targetSites_count_1_d1        |  14|          3|   16|         48|
    |targetSites_count_1_we1       |  14|          3|    1|          3|
    |targetSites_count_2_address1  |  14|          3|    5|         15|
    |targetSites_count_2_ce0       |   9|          2|    1|          2|
    |targetSites_count_2_ce1       |  14|          3|    1|          3|
    |targetSites_count_2_d1        |  14|          3|   16|         48|
    |targetSites_count_2_we1       |  14|          3|    1|          3|
    |targetSites_count_3_address1  |  14|          3|    5|         15|
    |targetSites_count_3_ce0       |   9|          2|    1|          2|
    |targetSites_count_3_ce1       |  14|          3|    1|          3|
    |targetSites_count_3_d1        |  14|          3|   16|         48|
    |targetSites_count_3_we1       |  14|          3|    1|          3|
    |targetSites_count_4_address1  |  14|          3|    5|         15|
    |targetSites_count_4_ce0       |   9|          2|    1|          2|
    |targetSites_count_4_ce1       |  14|          3|    1|          3|
    |targetSites_count_4_d1        |  14|          3|   16|         48|
    |targetSites_count_4_we1       |  14|          3|    1|          3|
    |targetSites_count_5_address1  |  14|          3|    5|         15|
    |targetSites_count_5_ce0       |   9|          2|    1|          2|
    |targetSites_count_5_ce1       |  14|          3|    1|          3|
    |targetSites_count_5_d1        |  14|          3|   16|         48|
    |targetSites_count_5_we1       |  14|          3|    1|          3|
    |targetSites_count_6_address1  |  14|          3|    5|         15|
    |targetSites_count_6_ce0       |   9|          2|    1|          2|
    |targetSites_count_6_ce1       |  14|          3|    1|          3|
    |targetSites_count_6_d1        |  14|          3|   16|         48|
    |targetSites_count_6_we1       |  14|          3|    1|          3|
    |targetSites_count_7_address1  |  14|          3|    5|         15|
    |targetSites_count_7_ce0       |   9|          2|    1|          2|
    |targetSites_count_7_ce1       |  14|          3|    1|          3|
    |targetSites_count_7_d1        |  14|          3|   16|         48|
    |targetSites_count_7_we1       |  14|          3|    1|          3|
    |usableAtoms_count_0_address1  |  14|          3|    5|         15|
    |usableAtoms_count_0_ce0       |   9|          2|    1|          2|
    |usableAtoms_count_0_ce1       |  14|          3|    1|          3|
    |usableAtoms_count_0_d1        |  14|          3|   16|         48|
    |usableAtoms_count_0_we1       |  14|          3|    1|          3|
    |usableAtoms_count_1_address1  |  14|          3|    5|         15|
    |usableAtoms_count_1_ce0       |   9|          2|    1|          2|
    |usableAtoms_count_1_ce1       |  14|          3|    1|          3|
    |usableAtoms_count_1_d1        |  14|          3|   16|         48|
    |usableAtoms_count_1_we1       |  14|          3|    1|          3|
    |usableAtoms_count_2_address1  |  14|          3|    5|         15|
    |usableAtoms_count_2_ce0       |   9|          2|    1|          2|
    |usableAtoms_count_2_ce1       |  14|          3|    1|          3|
    |usableAtoms_count_2_d1        |  14|          3|   16|         48|
    |usableAtoms_count_2_we1       |  14|          3|    1|          3|
    |usableAtoms_count_3_address1  |  14|          3|    5|         15|
    |usableAtoms_count_3_ce0       |   9|          2|    1|          2|
    |usableAtoms_count_3_ce1       |  14|          3|    1|          3|
    |usableAtoms_count_3_d1        |  14|          3|   16|         48|
    |usableAtoms_count_3_we1       |  14|          3|    1|          3|
    |usableAtoms_count_4_address1  |  14|          3|    5|         15|
    |usableAtoms_count_4_ce0       |   9|          2|    1|          2|
    |usableAtoms_count_4_ce1       |  14|          3|    1|          3|
    |usableAtoms_count_4_d1        |  14|          3|   16|         48|
    |usableAtoms_count_4_we1       |  14|          3|    1|          3|
    |usableAtoms_count_5_address1  |  14|          3|    5|         15|
    |usableAtoms_count_5_ce0       |   9|          2|    1|          2|
    |usableAtoms_count_5_ce1       |  14|          3|    1|          3|
    |usableAtoms_count_5_d1        |  14|          3|   16|         48|
    |usableAtoms_count_5_we1       |  14|          3|    1|          3|
    |usableAtoms_count_6_address1  |  14|          3|    5|         15|
    |usableAtoms_count_6_ce0       |   9|          2|    1|          2|
    |usableAtoms_count_6_ce1       |  14|          3|    1|          3|
    |usableAtoms_count_6_d1        |  14|          3|   16|         48|
    |usableAtoms_count_6_we1       |  14|          3|    1|          3|
    |usableAtoms_count_7_address1  |  14|          3|    5|         15|
    |usableAtoms_count_7_ce0       |   9|          2|    1|          2|
    |usableAtoms_count_7_ce1       |  14|          3|    1|          3|
    |usableAtoms_count_7_d1        |  14|          3|   16|         48|
    |usableAtoms_count_7_we1       |  14|          3|    1|          3|
    +------------------------------+----+-----------+-----+-----------+
    |Total                         |1116|        239|  410|       1195|
    +------------------------------+----+-----------+-----+-----------+

    * Register: 
    +----------------------------------------------------------------------+----+----+-----+-----------+
    |                                 Name                                 | FF | LUT| Bits| Const Bits|
    +----------------------------------------------------------------------+----+----+-----+-----------+
    |ap_CS_fsm                                                             |   8|   0|    8|          0|
    |ap_return_preg                                                        |   1|   0|    1|          0|
    |cmp22_reg_535                                                         |   1|   0|    1|          0|
    |empty_177_reg_477                                                     |  15|   0|   15|          0|
    |empty_178_reg_482                                                     |  15|   0|   15|          0|
    |empty_reg_472                                                         |  15|   0|   15|          0|
    |grp_findUnusableAtoms_Pipeline_VITIS_LOOP_1436_1_fu_201_ap_start_reg  |   1|   0|    1|          0|
    |grp_findUnusableAtoms_Pipeline_VITIS_LOOP_1453_3_fu_254_ap_start_reg  |   1|   0|    1|          0|
    |indexXC_4_reg_520                                                     |   9|   0|    9|          0|
    |indexXC_fu_136                                                        |   9|   0|    9|          0|
    |lshr_ln_reg_550                                                       |   5|   0|    5|          0|
    |mul_i_reg_560                                                         |  15|   0|   15|          0|
    |phi_mul_fu_132                                                        |  15|   0|   15|          0|
    |phi_mul_load_reg_515                                                  |  15|   0|   15|          0|
    |retval_0_reg_188                                                      |   1|   0|    1|          0|
    |rev_reg_555                                                           |   1|   0|    1|          0|
    |tmp_s_reg_545                                                         |   8|   0|   16|          8|
    |trunc_ln1436_reg_504                                                  |   9|   0|    9|          0|
    |trunc_ln1446_1_reg_540                                                |   3|   0|    3|          0|
    |trunc_ln1446_reg_510                                                  |   9|   0|    9|          0|
    |ult_reg_530                                                           |   1|   0|    1|          0|
    +----------------------------------------------------------------------+----+----+-----+-----------+
    |Total                                                                 | 157|   0|  165|          8|
    +----------------------------------------------------------------------+----+----+-----+-----------+



================================================================
== Interface
================================================================
* Summary: 
+--------------------------------+-----+-----+------------+-------------------------+--------------+
|            RTL Ports           | Dir | Bits|  Protocol  |      Source Object      |    C Type    |
+--------------------------------+-----+-----+------------+-------------------------+--------------+
|ap_clk                          |   in|    1|  ap_ctrl_hs|        findUnusableAtoms|  return value|
|ap_rst                          |   in|    1|  ap_ctrl_hs|        findUnusableAtoms|  return value|
|ap_start                        |   in|    1|  ap_ctrl_hs|        findUnusableAtoms|  return value|
|ap_done                         |  out|    1|  ap_ctrl_hs|        findUnusableAtoms|  return value|
|ap_idle                         |  out|    1|  ap_ctrl_hs|        findUnusableAtoms|  return value|
|ap_ready                        |  out|    1|  ap_ctrl_hs|        findUnusableAtoms|  return value|
|ap_return                       |  out|    1|  ap_ctrl_hs|        findUnusableAtoms|  return value|
|stateArray_data_s_address0      |  out|   15|   ap_memory|        stateArray_data_s|         array|
|stateArray_data_s_ce0           |  out|    1|   ap_memory|        stateArray_data_s|         array|
|stateArray_data_s_q0            |   in|    1|   ap_memory|        stateArray_data_s|         array|
|stateArray_cols_val             |   in|   15|     ap_none|      stateArray_cols_val|        scalar|
|arraySizeXC                     |   in|   32|     ap_none|              arraySizeXC|        scalar|
|arraySizeAC                     |   in|   32|     ap_none|              arraySizeAC|        scalar|
|compZoneRowStart                |   in|   32|     ap_none|         compZoneRowStart|        scalar|
|compZoneRowEnd                  |   in|   32|     ap_none|           compZoneRowEnd|        scalar|
|compZoneColStart                |   in|   32|     ap_none|         compZoneColStart|        scalar|
|compZoneColEnd                  |   in|   32|     ap_none|           compZoneColEnd|        scalar|
|targetGeometry_data_s_address0  |  out|   15|   ap_memory|    targetGeometry_data_s|         array|
|targetGeometry_data_s_ce0       |  out|    1|   ap_memory|    targetGeometry_data_s|         array|
|targetGeometry_data_s_q0        |   in|    1|   ap_memory|    targetGeometry_data_s|         array|
|targetGeometry_cols_val         |   in|   33|     ap_none|  targetGeometry_cols_val|        scalar|
|usableAtoms_data_address1       |  out|   16|   ap_memory|         usableAtoms_data|         array|
|usableAtoms_data_ce1            |  out|    1|   ap_memory|         usableAtoms_data|         array|
|usableAtoms_data_we1            |  out|    1|   ap_memory|         usableAtoms_data|         array|
|usableAtoms_data_d1             |  out|   32|   ap_memory|         usableAtoms_data|         array|
|usableAtoms_count_0_address0    |  out|    5|   ap_memory|      usableAtoms_count_0|         array|
|usableAtoms_count_0_ce0         |  out|    1|   ap_memory|      usableAtoms_count_0|         array|
|usableAtoms_count_0_q0          |   in|   16|   ap_memory|      usableAtoms_count_0|         array|
|usableAtoms_count_0_address1    |  out|    5|   ap_memory|      usableAtoms_count_0|         array|
|usableAtoms_count_0_ce1         |  out|    1|   ap_memory|      usableAtoms_count_0|         array|
|usableAtoms_count_0_we1         |  out|    1|   ap_memory|      usableAtoms_count_0|         array|
|usableAtoms_count_0_d1          |  out|   16|   ap_memory|      usableAtoms_count_0|         array|
|usableAtoms_count_1_address0    |  out|    5|   ap_memory|      usableAtoms_count_1|         array|
|usableAtoms_count_1_ce0         |  out|    1|   ap_memory|      usableAtoms_count_1|         array|
|usableAtoms_count_1_q0          |   in|   16|   ap_memory|      usableAtoms_count_1|         array|
|usableAtoms_count_1_address1    |  out|    5|   ap_memory|      usableAtoms_count_1|         array|
|usableAtoms_count_1_ce1         |  out|    1|   ap_memory|      usableAtoms_count_1|         array|
|usableAtoms_count_1_we1         |  out|    1|   ap_memory|      usableAtoms_count_1|         array|
|usableAtoms_count_1_d1          |  out|   16|   ap_memory|      usableAtoms_count_1|         array|
|usableAtoms_count_2_address0    |  out|    5|   ap_memory|      usableAtoms_count_2|         array|
|usableAtoms_count_2_ce0         |  out|    1|   ap_memory|      usableAtoms_count_2|         array|
|usableAtoms_count_2_q0          |   in|   16|   ap_memory|      usableAtoms_count_2|         array|
|usableAtoms_count_2_address1    |  out|    5|   ap_memory|      usableAtoms_count_2|         array|
|usableAtoms_count_2_ce1         |  out|    1|   ap_memory|      usableAtoms_count_2|         array|
|usableAtoms_count_2_we1         |  out|    1|   ap_memory|      usableAtoms_count_2|         array|
|usableAtoms_count_2_d1          |  out|   16|   ap_memory|      usableAtoms_count_2|         array|
|usableAtoms_count_3_address0    |  out|    5|   ap_memory|      usableAtoms_count_3|         array|
|usableAtoms_count_3_ce0         |  out|    1|   ap_memory|      usableAtoms_count_3|         array|
|usableAtoms_count_3_q0          |   in|   16|   ap_memory|      usableAtoms_count_3|         array|
|usableAtoms_count_3_address1    |  out|    5|   ap_memory|      usableAtoms_count_3|         array|
|usableAtoms_count_3_ce1         |  out|    1|   ap_memory|      usableAtoms_count_3|         array|
|usableAtoms_count_3_we1         |  out|    1|   ap_memory|      usableAtoms_count_3|         array|
|usableAtoms_count_3_d1          |  out|   16|   ap_memory|      usableAtoms_count_3|         array|
|usableAtoms_count_4_address0    |  out|    5|   ap_memory|      usableAtoms_count_4|         array|
|usableAtoms_count_4_ce0         |  out|    1|   ap_memory|      usableAtoms_count_4|         array|
|usableAtoms_count_4_q0          |   in|   16|   ap_memory|      usableAtoms_count_4|         array|
|usableAtoms_count_4_address1    |  out|    5|   ap_memory|      usableAtoms_count_4|         array|
|usableAtoms_count_4_ce1         |  out|    1|   ap_memory|      usableAtoms_count_4|         array|
|usableAtoms_count_4_we1         |  out|    1|   ap_memory|      usableAtoms_count_4|         array|
|usableAtoms_count_4_d1          |  out|   16|   ap_memory|      usableAtoms_count_4|         array|
|usableAtoms_count_5_address0    |  out|    5|   ap_memory|      usableAtoms_count_5|         array|
|usableAtoms_count_5_ce0         |  out|    1|   ap_memory|      usableAtoms_count_5|         array|
|usableAtoms_count_5_q0          |   in|   16|   ap_memory|      usableAtoms_count_5|         array|
|usableAtoms_count_5_address1    |  out|    5|   ap_memory|      usableAtoms_count_5|         array|
|usableAtoms_count_5_ce1         |  out|    1|   ap_memory|      usableAtoms_count_5|         array|
|usableAtoms_count_5_we1         |  out|    1|   ap_memory|      usableAtoms_count_5|         array|
|usableAtoms_count_5_d1          |  out|   16|   ap_memory|      usableAtoms_count_5|         array|
|usableAtoms_count_6_address0    |  out|    5|   ap_memory|      usableAtoms_count_6|         array|
|usableAtoms_count_6_ce0         |  out|    1|   ap_memory|      usableAtoms_count_6|         array|
|usableAtoms_count_6_q0          |   in|   16|   ap_memory|      usableAtoms_count_6|         array|
|usableAtoms_count_6_address1    |  out|    5|   ap_memory|      usableAtoms_count_6|         array|
|usableAtoms_count_6_ce1         |  out|    1|   ap_memory|      usableAtoms_count_6|         array|
|usableAtoms_count_6_we1         |  out|    1|   ap_memory|      usableAtoms_count_6|         array|
|usableAtoms_count_6_d1          |  out|   16|   ap_memory|      usableAtoms_count_6|         array|
|usableAtoms_count_7_address0    |  out|    5|   ap_memory|      usableAtoms_count_7|         array|
|usableAtoms_count_7_ce0         |  out|    1|   ap_memory|      usableAtoms_count_7|         array|
|usableAtoms_count_7_q0          |   in|   16|   ap_memory|      usableAtoms_count_7|         array|
|usableAtoms_count_7_address1    |  out|    5|   ap_memory|      usableAtoms_count_7|         array|
|usableAtoms_count_7_ce1         |  out|    1|   ap_memory|      usableAtoms_count_7|         array|
|usableAtoms_count_7_we1         |  out|    1|   ap_memory|      usableAtoms_count_7|         array|
|usableAtoms_count_7_d1          |  out|   16|   ap_memory|      usableAtoms_count_7|         array|
|unusableAtoms_count_0_address1  |  out|    5|   ap_memory|    unusableAtoms_count_0|         array|
|unusableAtoms_count_0_ce1       |  out|    1|   ap_memory|    unusableAtoms_count_0|         array|
|unusableAtoms_count_0_we1       |  out|    1|   ap_memory|    unusableAtoms_count_0|         array|
|unusableAtoms_count_0_d1        |  out|   16|   ap_memory|    unusableAtoms_count_0|         array|
|unusableAtoms_count_1_address1  |  out|    5|   ap_memory|    unusableAtoms_count_1|         array|
|unusableAtoms_count_1_ce1       |  out|    1|   ap_memory|    unusableAtoms_count_1|         array|
|unusableAtoms_count_1_we1       |  out|    1|   ap_memory|    unusableAtoms_count_1|         array|
|unusableAtoms_count_1_d1        |  out|   16|   ap_memory|    unusableAtoms_count_1|         array|
|unusableAtoms_count_2_address1  |  out|    5|   ap_memory|    unusableAtoms_count_2|         array|
|unusableAtoms_count_2_ce1       |  out|    1|   ap_memory|    unusableAtoms_count_2|         array|
|unusableAtoms_count_2_we1       |  out|    1|   ap_memory|    unusableAtoms_count_2|         array|
|unusableAtoms_count_2_d1        |  out|   16|   ap_memory|    unusableAtoms_count_2|         array|
|unusableAtoms_count_3_address1  |  out|    5|   ap_memory|    unusableAtoms_count_3|         array|
|unusableAtoms_count_3_ce1       |  out|    1|   ap_memory|    unusableAtoms_count_3|         array|
|unusableAtoms_count_3_we1       |  out|    1|   ap_memory|    unusableAtoms_count_3|         array|
|unusableAtoms_count_3_d1        |  out|   16|   ap_memory|    unusableAtoms_count_3|         array|
|unusableAtoms_count_4_address1  |  out|    5|   ap_memory|    unusableAtoms_count_4|         array|
|unusableAtoms_count_4_ce1       |  out|    1|   ap_memory|    unusableAtoms_count_4|         array|
|unusableAtoms_count_4_we1       |  out|    1|   ap_memory|    unusableAtoms_count_4|         array|
|unusableAtoms_count_4_d1        |  out|   16|   ap_memory|    unusableAtoms_count_4|         array|
|unusableAtoms_count_5_address1  |  out|    5|   ap_memory|    unusableAtoms_count_5|         array|
|unusableAtoms_count_5_ce1       |  out|    1|   ap_memory|    unusableAtoms_count_5|         array|
|unusableAtoms_count_5_we1       |  out|    1|   ap_memory|    unusableAtoms_count_5|         array|
|unusableAtoms_count_5_d1        |  out|   16|   ap_memory|    unusableAtoms_count_5|         array|
|unusableAtoms_count_6_address1  |  out|    5|   ap_memory|    unusableAtoms_count_6|         array|
|unusableAtoms_count_6_ce1       |  out|    1|   ap_memory|    unusableAtoms_count_6|         array|
|unusableAtoms_count_6_we1       |  out|    1|   ap_memory|    unusableAtoms_count_6|         array|
|unusableAtoms_count_6_d1        |  out|   16|   ap_memory|    unusableAtoms_count_6|         array|
|unusableAtoms_count_7_address1  |  out|    5|   ap_memory|    unusableAtoms_count_7|         array|
|unusableAtoms_count_7_ce1       |  out|    1|   ap_memory|    unusableAtoms_count_7|         array|
|unusableAtoms_count_7_we1       |  out|    1|   ap_memory|    unusableAtoms_count_7|         array|
|unusableAtoms_count_7_d1        |  out|   16|   ap_memory|    unusableAtoms_count_7|         array|
|targetSites_data_address1       |  out|   16|   ap_memory|         targetSites_data|         array|
|targetSites_data_ce1            |  out|    1|   ap_memory|         targetSites_data|         array|
|targetSites_data_we1            |  out|    1|   ap_memory|         targetSites_data|         array|
|targetSites_data_d1             |  out|    8|   ap_memory|         targetSites_data|         array|
|targetSites_count_0_address0    |  out|    5|   ap_memory|      targetSites_count_0|         array|
|targetSites_count_0_ce0         |  out|    1|   ap_memory|      targetSites_count_0|         array|
|targetSites_count_0_q0          |   in|   16|   ap_memory|      targetSites_count_0|         array|
|targetSites_count_0_address1    |  out|    5|   ap_memory|      targetSites_count_0|         array|
|targetSites_count_0_ce1         |  out|    1|   ap_memory|      targetSites_count_0|         array|
|targetSites_count_0_we1         |  out|    1|   ap_memory|      targetSites_count_0|         array|
|targetSites_count_0_d1          |  out|   16|   ap_memory|      targetSites_count_0|         array|
|targetSites_count_1_address0    |  out|    5|   ap_memory|      targetSites_count_1|         array|
|targetSites_count_1_ce0         |  out|    1|   ap_memory|      targetSites_count_1|         array|
|targetSites_count_1_q0          |   in|   16|   ap_memory|      targetSites_count_1|         array|
|targetSites_count_1_address1    |  out|    5|   ap_memory|      targetSites_count_1|         array|
|targetSites_count_1_ce1         |  out|    1|   ap_memory|      targetSites_count_1|         array|
|targetSites_count_1_we1         |  out|    1|   ap_memory|      targetSites_count_1|         array|
|targetSites_count_1_d1          |  out|   16|   ap_memory|      targetSites_count_1|         array|
|targetSites_count_2_address0    |  out|    5|   ap_memory|      targetSites_count_2|         array|
|targetSites_count_2_ce0         |  out|    1|   ap_memory|      targetSites_count_2|         array|
|targetSites_count_2_q0          |   in|   16|   ap_memory|      targetSites_count_2|         array|
|targetSites_count_2_address1    |  out|    5|   ap_memory|      targetSites_count_2|         array|
|targetSites_count_2_ce1         |  out|    1|   ap_memory|      targetSites_count_2|         array|
|targetSites_count_2_we1         |  out|    1|   ap_memory|      targetSites_count_2|         array|
|targetSites_count_2_d1          |  out|   16|   ap_memory|      targetSites_count_2|         array|
|targetSites_count_3_address0    |  out|    5|   ap_memory|      targetSites_count_3|         array|
|targetSites_count_3_ce0         |  out|    1|   ap_memory|      targetSites_count_3|         array|
|targetSites_count_3_q0          |   in|   16|   ap_memory|      targetSites_count_3|         array|
|targetSites_count_3_address1    |  out|    5|   ap_memory|      targetSites_count_3|         array|
|targetSites_count_3_ce1         |  out|    1|   ap_memory|      targetSites_count_3|         array|
|targetSites_count_3_we1         |  out|    1|   ap_memory|      targetSites_count_3|         array|
|targetSites_count_3_d1          |  out|   16|   ap_memory|      targetSites_count_3|         array|
|targetSites_count_4_address0    |  out|    5|   ap_memory|      targetSites_count_4|         array|
|targetSites_count_4_ce0         |  out|    1|   ap_memory|      targetSites_count_4|         array|
|targetSites_count_4_q0          |   in|   16|   ap_memory|      targetSites_count_4|         array|
|targetSites_count_4_address1    |  out|    5|   ap_memory|      targetSites_count_4|         array|
|targetSites_count_4_ce1         |  out|    1|   ap_memory|      targetSites_count_4|         array|
|targetSites_count_4_we1         |  out|    1|   ap_memory|      targetSites_count_4|         array|
|targetSites_count_4_d1          |  out|   16|   ap_memory|      targetSites_count_4|         array|
|targetSites_count_5_address0    |  out|    5|   ap_memory|      targetSites_count_5|         array|
|targetSites_count_5_ce0         |  out|    1|   ap_memory|      targetSites_count_5|         array|
|targetSites_count_5_q0          |   in|   16|   ap_memory|      targetSites_count_5|         array|
|targetSites_count_5_address1    |  out|    5|   ap_memory|      targetSites_count_5|         array|
|targetSites_count_5_ce1         |  out|    1|   ap_memory|      targetSites_count_5|         array|
|targetSites_count_5_we1         |  out|    1|   ap_memory|      targetSites_count_5|         array|
|targetSites_count_5_d1          |  out|   16|   ap_memory|      targetSites_count_5|         array|
|targetSites_count_6_address0    |  out|    5|   ap_memory|      targetSites_count_6|         array|
|targetSites_count_6_ce0         |  out|    1|   ap_memory|      targetSites_count_6|         array|
|targetSites_count_6_q0          |   in|   16|   ap_memory|      targetSites_count_6|         array|
|targetSites_count_6_address1    |  out|    5|   ap_memory|      targetSites_count_6|         array|
|targetSites_count_6_ce1         |  out|    1|   ap_memory|      targetSites_count_6|         array|
|targetSites_count_6_we1         |  out|    1|   ap_memory|      targetSites_count_6|         array|
|targetSites_count_6_d1          |  out|   16|   ap_memory|      targetSites_count_6|         array|
|targetSites_count_7_address0    |  out|    5|   ap_memory|      targetSites_count_7|         array|
|targetSites_count_7_ce0         |  out|    1|   ap_memory|      targetSites_count_7|         array|
|targetSites_count_7_q0          |   in|   16|   ap_memory|      targetSites_count_7|         array|
|targetSites_count_7_address1    |  out|    5|   ap_memory|      targetSites_count_7|         array|
|targetSites_count_7_ce1         |  out|    1|   ap_memory|      targetSites_count_7|         array|
|targetSites_count_7_we1         |  out|    1|   ap_memory|      targetSites_count_7|         array|
|targetSites_count_7_d1          |  out|   16|   ap_memory|      targetSites_count_7|         array|
+--------------------------------+-----+-----+------------+-------------------------+--------------+

