

================================================================
== Vitis HLS Report for 'load_target_geometry_Pipeline_VITIS_LOOP_42_1_VITIS_LOOP_44_2'
================================================================
* Date:           Thu Mar 26 11:03:32 2026

* Version:        2024.2 (Build 5238294 on Nov  8 2024)
* Project:        atomflow_controller_2024_2
* Solution:       hls (Vivado IP Flow Target)
* Product family: zynquplusRFSOC
* Target device:  xczu49dr-ffvf1760-2-e


================================================================
== Performance Estimates
================================================================
+ Timing: 
    * Summary: 
    +--------+----------+----------+------------+
    |  Clock |  Target  | Estimated| Uncertainty|
    +--------+----------+----------+------------+
    |ap_clk  |  10.00 ns|  7.300 ns|     2.70 ns|
    +--------+----------+----------+------------+

+ Latency: 
    * Summary: 
    +---------+---------+----------+----------+-----+--------+------------------------------------------------+
    |  Latency (cycles) |  Latency (absolute) |   Interval   |                    Pipeline                    |
    |   min   |   max   |    min   |    max   | min |   max  |                      Type                      |
    +---------+---------+----------+----------+-----+--------+------------------------------------------------+
    |       13|   262156|  0.130 us|  2.622 ms|    2|  262145|  loop auto-rewind stp (delay=0 clock cycles(s))|
    +---------+---------+----------+----------+-----+--------+------------------------------------------------+

    + Detail: 
        * Instance: 
        N/A

        * Loop: 
        +-----------------------------------+---------+---------+----------+-----------+-----------+------------+----------+
        |                                   |  Latency (cycles) | Iteration|  Initiation Interval  |    Trip    |          |
        |             Loop Name             |   min   |   max   |  Latency |  achieved |   target  |    Count   | Pipelined|
        +-----------------------------------+---------+---------+----------+-----------+-----------+------------+----------+
        |- VITIS_LOOP_42_1_VITIS_LOOP_44_2  |       11|   262154|        12|          1|          1|  1 ~ 262144|       yes|
        +-----------------------------------+---------+---------+----------+-----------+-----------+------------+----------+



================================================================
== Utilization Estimates
================================================================
* Summary: 
+-----------------+---------+------+--------+--------+-----+
|       Name      | BRAM_18K|  DSP |   FF   |   LUT  | URAM|
+-----------------+---------+------+--------+--------+-----+
|DSP              |        -|     -|       -|       -|    -|
|Expression       |        -|     -|       0|     474|    -|
|FIFO             |        -|     -|       -|       -|    -|
|Instance         |        -|     4|       0|      20|    -|
|Memory           |        -|     -|       -|       -|    -|
|Multiplexer      |        -|     -|       0|      72|    -|
|Register         |        -|     -|     410|      32|    -|
+-----------------+---------+------+--------+--------+-----+
|Total            |        0|     4|     410|     598|    0|
+-----------------+---------+------+--------+--------+-----+
|Available        |     2160|  4272|  850560|  425280|   80|
+-----------------+---------+------+--------+--------+-----+
|Utilization (%)  |        0|    ~0|      ~0|      ~0|    0|
+-----------------+---------+------+--------+--------+-----+

+ Detail: 
    * Instance: 
    +--------------------------+---------------------+---------+----+---+----+-----+
    |         Instance         |        Module       | BRAM_18K| DSP| FF| LUT| URAM|
    +--------------------------+---------------------+---------+----+---+----+-----+
    |mul_32s_31ns_62_1_1_U510  |mul_32s_31ns_62_1_1  |        0|   4|  0|  20|    0|
    +--------------------------+---------------------+---------+----+---+----+-----+
    |Total                     |                     |        0|   4|  0|  20|    0|
    +--------------------------+---------------------+---------+----+---+----+-----+

    * DSP: 
    N/A

    * Memory: 
    N/A

    * FIFO: 
    N/A

    * Expression: 
    +---------------------------+----------+----+---+----+------------+------------+
    |       Variable Name       | Operation| DSP| FF| LUT| Bitwidth P0| Bitwidth P1|
    +---------------------------+----------+----+---+----+------------+------------+
    |add_ln42_1_fu_170_p2       |         +|   0|  0|  69|          62|           1|
    |add_ln42_fu_196_p2         |         +|   0|  0|  38|          31|           1|
    |add_ln44_fu_248_p2         |         +|   0|  0|  38|          31|           1|
    |add_ln46_fu_227_p2         |         +|   0|  0|  69|          62|          62|
    |add_ln47_fu_237_p2         |         +|   0|  0|  71|          64|          64|
    |icmp_ln42_fu_165_p2        |      icmp|   0|  0|  69|          62|          62|
    |icmp_ln44_fu_188_p2        |      icmp|   0|  0|  39|          32|          32|
    |icmp_ln47_fu_264_p2        |      icmp|   0|  0|  15|           8|           1|
    |ap_block_pp0_stage0_11001  |        or|   0|  0|   2|           1|           1|
    |select_ln42_1_fu_210_p3    |    select|   0|  0|  31|           1|          31|
    |select_ln42_fu_202_p3      |    select|   0|  0|  31|           1|          31|
    |ap_enable_pp0              |       xor|   0|  0|   2|           1|           2|
    +---------------------------+----------+----+---+----+------------+------------+
    |Total                      |          |   0|  0| 474|         356|         289|
    +---------------------------+----------+----+---+----+------------+------------+

    * Multiplexer: 
    +-------------------------+----+-----------+-----+-----------+
    |           Name          | LUT| Input Size| Bits| Total Bits|
    +-------------------------+----+-----------+-----+-----------+
    |ap_done_int              |   9|          2|    1|          2|
    |ap_enable_reg_pp0_iter1  |   9|          2|    1|          2|
    |ap_enable_reg_pp0_iter3  |   9|          2|    1|          2|
    |col_fu_74                |   9|          2|   31|         62|
    |gmem4_blk_n_AR           |   9|          2|    1|          2|
    |gmem4_blk_n_R            |   9|          2|    1|          2|
    |indvar_flatten_fu_82     |   9|          2|   62|        124|
    |r_fu_78                  |   9|          2|   31|         62|
    +-------------------------+----+-----------+-----+-----------+
    |Total                    |  72|         16|  129|        258|
    +-------------------------+----+-----------+-----+-----------+

    * Register: 
    +-------------------------------------------+----+----+-----+-----------+
    |                    Name                   | FF | LUT| Bits| Const Bits|
    +-------------------------------------------+----+----+-----+-----------+
    |ap_CS_fsm                                  |   1|   0|    1|          0|
    |ap_block_pp0_stage0_subdone_grp0_done_reg  |   1|   0|    1|          0|
    |ap_done_reg                                |   1|   0|    1|          0|
    |ap_enable_reg_pp0_iter1                    |   1|   0|    1|          0|
    |ap_enable_reg_pp0_iter10                   |   1|   0|    1|          0|
    |ap_enable_reg_pp0_iter11                   |   1|   0|    1|          0|
    |ap_enable_reg_pp0_iter12                   |   1|   0|    1|          0|
    |ap_enable_reg_pp0_iter2                    |   1|   0|    1|          0|
    |ap_enable_reg_pp0_iter3                    |   1|   0|    1|          0|
    |ap_enable_reg_pp0_iter4                    |   1|   0|    1|          0|
    |ap_enable_reg_pp0_iter5                    |   1|   0|    1|          0|
    |ap_enable_reg_pp0_iter6                    |   1|   0|    1|          0|
    |ap_enable_reg_pp0_iter7                    |   1|   0|    1|          0|
    |ap_enable_reg_pp0_iter8                    |   1|   0|    1|          0|
    |ap_enable_reg_pp0_iter9                    |   1|   0|    1|          0|
    |ap_loop_exit_ready_pp0_iter10_reg          |   1|   0|    1|          0|
    |ap_loop_exit_ready_pp0_iter11_reg          |   1|   0|    1|          0|
    |ap_loop_exit_ready_pp0_iter2_reg           |   1|   0|    1|          0|
    |ap_loop_exit_ready_pp0_iter3_reg           |   1|   0|    1|          0|
    |ap_loop_exit_ready_pp0_iter4_reg           |   1|   0|    1|          0|
    |ap_loop_exit_ready_pp0_iter5_reg           |   1|   0|    1|          0|
    |ap_loop_exit_ready_pp0_iter6_reg           |   1|   0|    1|          0|
    |ap_loop_exit_ready_pp0_iter7_reg           |   1|   0|    1|          0|
    |ap_loop_exit_ready_pp0_iter8_reg           |   1|   0|    1|          0|
    |ap_loop_exit_ready_pp0_iter9_reg           |   1|   0|    1|          0|
    |col_fu_74                                  |  31|   0|   31|          0|
    |gmem4_addr_read_reg_326                    |   8|   0|    8|          0|
    |gmem4_addr_reg_320                         |  64|   0|   64|          0|
    |icmp_ln42_reg_311                          |   1|   0|    1|          0|
    |indvar_flatten_fu_82                       |  62|   0|   62|          0|
    |r_fu_78                                    |  31|   0|   31|          0|
    |sext_ln0_cast_reg_306                      |  62|   0|   62|          0|
    |zext_ln47_reg_315                          |  62|   0|   64|          2|
    |zext_ln47_reg_315                          |  64|  32|   64|          2|
    +-------------------------------------------+----+----+-----+-----------+
    |Total                                      | 410|  32|  412|          4|
    +-------------------------------------------+----+----+-----+-----------+



================================================================
== Interface
================================================================
* Summary: 
+--------------------------------+-----+-----+------------+---------------------------------------------------------------+--------------+
|            RTL Ports           | Dir | Bits|  Protocol  |                         Source Object                         |    C Type    |
+--------------------------------+-----+-----+------------+---------------------------------------------------------------+--------------+
|ap_clk                          |   in|    1|  ap_ctrl_hs|  load_target_geometry_Pipeline_VITIS_LOOP_42_1_VITIS_LOOP_44_2|  return value|
|ap_rst                          |   in|    1|  ap_ctrl_hs|  load_target_geometry_Pipeline_VITIS_LOOP_42_1_VITIS_LOOP_44_2|  return value|
|ap_start                        |   in|    1|  ap_ctrl_hs|  load_target_geometry_Pipeline_VITIS_LOOP_42_1_VITIS_LOOP_44_2|  return value|
|ap_done                         |  out|    1|  ap_ctrl_hs|  load_target_geometry_Pipeline_VITIS_LOOP_42_1_VITIS_LOOP_44_2|  return value|
|ap_idle                         |  out|    1|  ap_ctrl_hs|  load_target_geometry_Pipeline_VITIS_LOOP_42_1_VITIS_LOOP_44_2|  return value|
|ap_ready                        |  out|    1|  ap_ctrl_hs|  load_target_geometry_Pipeline_VITIS_LOOP_42_1_VITIS_LOOP_44_2|  return value|
|m_axi_gmem4_0_AWVALID           |  out|    1|       m_axi|                                                          gmem4|       pointer|
|m_axi_gmem4_0_AWREADY           |   in|    1|       m_axi|                                                          gmem4|       pointer|
|m_axi_gmem4_0_AWADDR            |  out|   64|       m_axi|                                                          gmem4|       pointer|
|m_axi_gmem4_0_AWID              |  out|    1|       m_axi|                                                          gmem4|       pointer|
|m_axi_gmem4_0_AWLEN             |  out|   32|       m_axi|                                                          gmem4|       pointer|
|m_axi_gmem4_0_AWSIZE            |  out|    3|       m_axi|                                                          gmem4|       pointer|
|m_axi_gmem4_0_AWBURST           |  out|    2|       m_axi|                                                          gmem4|       pointer|
|m_axi_gmem4_0_AWLOCK            |  out|    2|       m_axi|                                                          gmem4|       pointer|
|m_axi_gmem4_0_AWCACHE           |  out|    4|       m_axi|                                                          gmem4|       pointer|
|m_axi_gmem4_0_AWPROT            |  out|    3|       m_axi|                                                          gmem4|       pointer|
|m_axi_gmem4_0_AWQOS             |  out|    4|       m_axi|                                                          gmem4|       pointer|
|m_axi_gmem4_0_AWREGION          |  out|    4|       m_axi|                                                          gmem4|       pointer|
|m_axi_gmem4_0_AWUSER            |  out|    1|       m_axi|                                                          gmem4|       pointer|
|m_axi_gmem4_0_WVALID            |  out|    1|       m_axi|                                                          gmem4|       pointer|
|m_axi_gmem4_0_WREADY            |   in|    1|       m_axi|                                                          gmem4|       pointer|
|m_axi_gmem4_0_WDATA             |  out|    8|       m_axi|                                                          gmem4|       pointer|
|m_axi_gmem4_0_WSTRB             |  out|    1|       m_axi|                                                          gmem4|       pointer|
|m_axi_gmem4_0_WLAST             |  out|    1|       m_axi|                                                          gmem4|       pointer|
|m_axi_gmem4_0_WID               |  out|    1|       m_axi|                                                          gmem4|       pointer|
|m_axi_gmem4_0_WUSER             |  out|    1|       m_axi|                                                          gmem4|       pointer|
|m_axi_gmem4_0_ARVALID           |  out|    1|       m_axi|                                                          gmem4|       pointer|
|m_axi_gmem4_0_ARREADY           |   in|    1|       m_axi|                                                          gmem4|       pointer|
|m_axi_gmem4_0_ARADDR            |  out|   64|       m_axi|                                                          gmem4|       pointer|
|m_axi_gmem4_0_ARID              |  out|    1|       m_axi|                                                          gmem4|       pointer|
|m_axi_gmem4_0_ARLEN             |  out|   32|       m_axi|                                                          gmem4|       pointer|
|m_axi_gmem4_0_ARSIZE            |  out|    3|       m_axi|                                                          gmem4|       pointer|
|m_axi_gmem4_0_ARBURST           |  out|    2|       m_axi|                                                          gmem4|       pointer|
|m_axi_gmem4_0_ARLOCK            |  out|    2|       m_axi|                                                          gmem4|       pointer|
|m_axi_gmem4_0_ARCACHE           |  out|    4|       m_axi|                                                          gmem4|       pointer|
|m_axi_gmem4_0_ARPROT            |  out|    3|       m_axi|                                                          gmem4|       pointer|
|m_axi_gmem4_0_ARQOS             |  out|    4|       m_axi|                                                          gmem4|       pointer|
|m_axi_gmem4_0_ARREGION          |  out|    4|       m_axi|                                                          gmem4|       pointer|
|m_axi_gmem4_0_ARUSER            |  out|    1|       m_axi|                                                          gmem4|       pointer|
|m_axi_gmem4_0_RVALID            |   in|    1|       m_axi|                                                          gmem4|       pointer|
|m_axi_gmem4_0_RREADY            |  out|    1|       m_axi|                                                          gmem4|       pointer|
|m_axi_gmem4_0_RDATA             |   in|    8|       m_axi|                                                          gmem4|       pointer|
|m_axi_gmem4_0_RLAST             |   in|    1|       m_axi|                                                          gmem4|       pointer|
|m_axi_gmem4_0_RID               |   in|    1|       m_axi|                                                          gmem4|       pointer|
|m_axi_gmem4_0_RFIFONUM          |   in|   11|       m_axi|                                                          gmem4|       pointer|
|m_axi_gmem4_0_RUSER             |   in|    1|       m_axi|                                                          gmem4|       pointer|
|m_axi_gmem4_0_RRESP             |   in|    2|       m_axi|                                                          gmem4|       pointer|
|m_axi_gmem4_0_BVALID            |   in|    1|       m_axi|                                                          gmem4|       pointer|
|m_axi_gmem4_0_BREADY            |  out|    1|       m_axi|                                                          gmem4|       pointer|
|m_axi_gmem4_0_BRESP             |   in|    2|       m_axi|                                                          gmem4|       pointer|
|m_axi_gmem4_0_BID               |   in|    1|       m_axi|                                                          gmem4|       pointer|
|m_axi_gmem4_0_BUSER             |   in|    1|       m_axi|                                                          gmem4|       pointer|
|targetGeometry_cols_write       |   in|   32|     ap_none|                                      targetGeometry_cols_write|        scalar|
|bound                           |   in|   62|     ap_none|                                                          bound|        scalar|
|sext_ln0                        |   in|   32|     ap_none|                                                       sext_ln0|        scalar|
|targetGeometry_mem              |   in|   64|     ap_none|                                             targetGeometry_mem|        scalar|
|targetGeometry_data_s_address1  |  out|   15|   ap_memory|                                          targetGeometry_data_s|         array|
|targetGeometry_data_s_ce1       |  out|    1|   ap_memory|                                          targetGeometry_data_s|         array|
|targetGeometry_data_s_we1       |  out|    1|   ap_memory|                                          targetGeometry_data_s|         array|
|targetGeometry_data_s_d1        |  out|    1|   ap_memory|                                          targetGeometry_data_s|         array|
+--------------------------------+-----+-----+------------+---------------------------------------------------------------+--------------+

