

================================================================
== Vitis HLS Report for 'sortRemainingRowsOrCols_HLSMoveStream_Pipeline_VITIS_LOOP_525_1'
================================================================
* Date:           Thu Mar 26 11:03:33 2026

* Version:        2024.2 (Build 5238294 on Nov  8 2024)
* Project:        atomflow_controller_2024_2
* Solution:       hls (Vivado IP Flow Target)
* Product family: zynquplusRFSOC
* Target device:  xczu49dr-ffvf1760-2-e


================================================================
== Performance Estimates
================================================================
+ Timing: 
    * Summary: 
    +--------+----------+----------+------------+
    |  Clock |  Target  | Estimated| Uncertainty|
    +--------+----------+----------+------------+
    |ap_clk  |  10.00 ns|  2.002 ns|     2.70 ns|
    +--------+----------+----------+------------+

+ Latency: 
    * Summary: 
    +---------+---------+-----------+----------+-----+-----+------------------------------------------------+
    |  Latency (cycles) |  Latency (absolute)  |  Interval |                    Pipeline                    |
    |   min   |   max   |    min    |    max   | min | max |                      Type                      |
    +---------+---------+-----------+----------+-----+-----+------------------------------------------------+
    |        3|      258|  30.000 ns|  2.580 us|    2|  257|  loop auto-rewind stp (delay=0 clock cycles(s))|
    +---------+---------+-----------+----------+-----+-----+------------------------------------------------+

    + Detail: 
        * Instance: 
        N/A

        * Loop: 
        +--------------------+---------+---------+----------+-----------+-----------+---------+----------+
        |                    |  Latency (cycles) | Iteration|  Initiation Interval  |   Trip  |          |
        |      Loop Name     |   min   |   max   |  Latency |  achieved |   target  |  Count  | Pipelined|
        +--------------------+---------+---------+----------+-----------+-----------+---------+----------+
        |- VITIS_LOOP_525_1  |        1|      256|         1|          1|          1|  1 ~ 256|       yes|
        +--------------------+---------+---------+----------+-----------+-----------+---------+----------+



================================================================
== Utilization Estimates
================================================================
* Summary: 
+-----------------+---------+------+--------+--------+-----+
|       Name      | BRAM_18K|  DSP |   FF   |   LUT  | URAM|
+-----------------+---------+------+--------+--------+-----+
|DSP              |        -|     -|       -|       -|    -|
|Expression       |        -|     -|       0|     113|    -|
|FIFO             |        -|     -|       -|       -|    -|
|Instance         |        -|     -|       -|       -|    -|
|Memory           |        -|     -|       -|       -|    -|
|Multiplexer      |        -|     -|       0|      36|    -|
|Register         |        -|     -|      83|       -|    -|
+-----------------+---------+------+--------+--------+-----+
|Total            |        0|     0|      83|     149|    0|
+-----------------+---------+------+--------+--------+-----+
|Available        |     2160|  4272|  850560|  425280|   80|
+-----------------+---------+------+--------+--------+-----+
|Utilization (%)  |        0|     0|      ~0|      ~0|    0|
+-----------------+---------+------+--------+--------+-----+

+ Detail: 
    * Instance: 
    N/A

    * DSP: 
    N/A

    * Memory: 
    N/A

    * FIFO: 
    N/A

    * Expression: 
    +--------------------------------------------------+----------+----+---+----+------------+------------+
    |                   Variable Name                  | Operation| DSP| FF| LUT| Bitwidth P0| Bitwidth P1|
    +--------------------------------------------------+----------+----+---+----+------------+------------+
    |add_ln525_fu_146_p2                               |         +|   0|  0|  71|          64|           2|
    |parkingSpotsPerSuitableIndexXC_count_4_fu_130_p2  |         +|   0|  0|  23|          16|           1|
    |ap_condition_171                                  |       and|   0|  0|   2|           1|           1|
    |icmp_ln295_fu_124_p2                              |      icmp|   0|  0|  15|           8|           1|
    |ap_enable_pp0                                     |       xor|   0|  0|   2|           1|           2|
    +--------------------------------------------------+----------+----+---+----+------------+------------+
    |Total                                             |          |   0|  0| 113|          90|           7|
    +--------------------------------------------------+----------+----+---+----+------------+------------+

    * Multiplexer: 
    +--------------------------------------------+----+-----------+-----+-----------+
    |                    Name                    | LUT| Input Size| Bits| Total Bits|
    +--------------------------------------------+----+-----------+-----+-----------+
    |ap_done_int                                 |   9|          2|    1|          2|
    |ap_enable_reg_pp0_iter1                     |   9|          2|    1|          2|
    |i_2_fu_50                                   |   9|          2|   64|        128|
    |parkingSpotsPerSuitableIndexXC_count_fu_54  |   9|          2|   16|         32|
    +--------------------------------------------+----+-----------+-----+-----------+
    |Total                                       |  36|          8|   82|        164|
    +--------------------------------------------+----+-----------+-----+-----------+

    * Register: 
    +--------------------------------------------+----+----+-----+-----------+
    |                    Name                    | FF | LUT| Bits| Const Bits|
    +--------------------------------------------+----+----+-----+-----------+
    |ap_CS_fsm                                   |   1|   0|    1|          0|
    |ap_done_reg                                 |   1|   0|    1|          0|
    |ap_enable_reg_pp0_iter1                     |   1|   0|    1|          0|
    |i_2_fu_50                                   |  64|   0|   64|          0|
    |parkingSpotsPerSuitableIndexXC_count_fu_54  |  16|   0|   16|          0|
    +--------------------------------------------+----+----+-----+-----------+
    |Total                                       |  83|   0|   83|          0|
    +--------------------------------------------+----+----+-----+-----------+



================================================================
== Interface
================================================================
* Summary: 
+-------------------------------------------------+-----+-----+------------+------------------------------------------------------------------+--------------+
|                    RTL Ports                    | Dir | Bits|  Protocol  |                           Source Object                          |    C Type    |
+-------------------------------------------------+-----+-----+------------+------------------------------------------------------------------+--------------+
|ap_clk                                           |   in|    1|  ap_ctrl_hs|  sortRemainingRowsOrCols<HLSMoveStream>_Pipeline_VITIS_LOOP_525_1|  return value|
|ap_rst                                           |   in|    1|  ap_ctrl_hs|  sortRemainingRowsOrCols<HLSMoveStream>_Pipeline_VITIS_LOOP_525_1|  return value|
|ap_start                                         |   in|    1|  ap_ctrl_hs|  sortRemainingRowsOrCols<HLSMoveStream>_Pipeline_VITIS_LOOP_525_1|  return value|
|ap_done                                          |  out|    1|  ap_ctrl_hs|  sortRemainingRowsOrCols<HLSMoveStream>_Pipeline_VITIS_LOOP_525_1|  return value|
|ap_idle                                          |  out|    1|  ap_ctrl_hs|  sortRemainingRowsOrCols<HLSMoveStream>_Pipeline_VITIS_LOOP_525_1|  return value|
|ap_ready                                         |  out|    1|  ap_ctrl_hs|  sortRemainingRowsOrCols<HLSMoveStream>_Pipeline_VITIS_LOOP_525_1|  return value|
|sext_ln525                                       |   in|   32|     ap_none|                                                        sext_ln525|        scalar|
|parkingSpotsPerSuitableIndexXC_data_address0     |  out|    8|   ap_memory|                               parkingSpotsPerSuitableIndexXC_data|         array|
|parkingSpotsPerSuitableIndexXC_data_ce0          |  out|    1|   ap_memory|                               parkingSpotsPerSuitableIndexXC_data|         array|
|parkingSpotsPerSuitableIndexXC_data_we0          |  out|    1|   ap_memory|                               parkingSpotsPerSuitableIndexXC_data|         array|
|parkingSpotsPerSuitableIndexXC_data_d0           |  out|   64|   ap_memory|                               parkingSpotsPerSuitableIndexXC_data|         array|
|parkingSpotsPerSuitableIndexXC_count_out         |  out|   16|      ap_vld|                          parkingSpotsPerSuitableIndexXC_count_out|       pointer|
|parkingSpotsPerSuitableIndexXC_count_out_ap_vld  |  out|    1|      ap_vld|                          parkingSpotsPerSuitableIndexXC_count_out|       pointer|
+-------------------------------------------------+-----+-----+------------+------------------------------------------------------------------+--------------+

