

================================================================
== Vitis HLS Report for 'sortRemainingRowsOrCols_HLSMoveStream_Pipeline_VITIS_LOOP_549_3'
================================================================
* Date:           Thu Mar 26 11:03:33 2026

* Version:        2024.2 (Build 5238294 on Nov  8 2024)
* Project:        atomflow_controller_2024_2
* Solution:       hls (Vivado IP Flow Target)
* Product family: zynquplusRFSOC
* Target device:  xczu49dr-ffvf1760-2-e


================================================================
== Performance Estimates
================================================================
+ Timing: 
    * Summary: 
    +--------+----------+----------+------------+
    |  Clock |  Target  | Estimated| Uncertainty|
    +--------+----------+----------+------------+
    |ap_clk  |  10.00 ns|  3.401 ns|     2.70 ns|
    +--------+----------+----------+------------+

+ Latency: 
    * Summary: 
    +---------+---------+-----------+----------+-----+-----+------------------------------------------------+
    |  Latency (cycles) |  Latency (absolute)  |  Interval |                    Pipeline                    |
    |   min   |   max   |    min    |    max   | min | max |                      Type                      |
    +---------+---------+-----------+----------+-----+-----+------------------------------------------------+
    |        3|      258|  30.000 ns|  2.580 us|    2|  257|  loop auto-rewind stp (delay=0 clock cycles(s))|
    +---------+---------+-----------+----------+-----+-----+------------------------------------------------+

    + Detail: 
        * Instance: 
        N/A

        * Loop: 
        +--------------------+---------+---------+----------+-----------+-----------+---------+----------+
        |                    |  Latency (cycles) | Iteration|  Initiation Interval  |   Trip  |          |
        |      Loop Name     |   min   |   max   |  Latency |  achieved |   target  |  Count  | Pipelined|
        +--------------------+---------+---------+----------+-----------+-----------+---------+----------+
        |- VITIS_LOOP_549_3  |        1|      256|         2|          1|          1|  1 ~ 256|       yes|
        +--------------------+---------+---------+----------+-----------+-----------+---------+----------+



================================================================
== Utilization Estimates
================================================================
* Summary: 
+-----------------+---------+------+--------+--------+-----+
|       Name      | BRAM_18K|  DSP |   FF   |   LUT  | URAM|
+-----------------+---------+------+--------+--------+-----+
|DSP              |        -|     -|       -|       -|    -|
|Expression       |        -|     -|       0|     119|    -|
|FIFO             |        -|     -|       -|       -|    -|
|Instance         |        -|     -|       0|      43|    -|
|Memory           |        -|     -|       -|       -|    -|
|Multiplexer      |        -|     -|       0|      45|    -|
|Register         |        -|     -|      70|       -|    -|
+-----------------+---------+------+--------+--------+-----+
|Total            |        0|     0|      70|     207|    0|
+-----------------+---------+------+--------+--------+-----+
|Available        |     2160|  4272|  850560|  425280|   80|
+-----------------+---------+------+--------+--------+-----+
|Utilization (%)  |        0|     0|      ~0|      ~0|    0|
+-----------------+---------+------+--------+--------+-----+

+ Detail: 
    * Instance: 
    +----------------------------+-----------------------+---------+----+---+----+-----+
    |          Instance          |         Module        | BRAM_18K| DSP| FF| LUT| URAM|
    +----------------------------+-----------------------+---------+----+---+----+-----+
    |sparsemux_17_3_16_1_1_U676  |sparsemux_17_3_16_1_1  |        0|   0|  0|  43|    0|
    +----------------------------+-----------------------+---------+----+---+----+-----+
    |Total                       |                       |        0|   0|  0|  43|    0|
    +----------------------------+-----------------------+---------+----+---+----+-----+

    * DSP: 
    N/A

    * Memory: 
    N/A

    * FIFO: 
    N/A

    * Expression: 
    +--------------------------------+----------+----+---+----+------------+------------+
    |          Variable Name         | Operation| DSP| FF| LUT| Bitwidth P0| Bitwidth P1|
    +--------------------------------+----------+----+---+----+------------+------------+
    |i_7_fu_224_p2                   |         +|   0|  0|  39|          32|           1|
    |totalRequiredAtoms_1_fu_307_p2  |         +|   0|  0|  39|          32|          32|
    |icmp_ln549_fu_218_p2            |      icmp|   0|  0|  39|          32|          32|
    |ap_enable_pp0                   |       xor|   0|  0|   2|           1|           2|
    +--------------------------------+----------+----+---+----+------------+------------+
    |Total                           |          |   0|  0| 119|          97|          67|
    +--------------------------------+----------+----+---+----+------------+------------+

    * Multiplexer: 
    +--------------------------+----+-----------+-----+-----------+
    |           Name           | LUT| Input Size| Bits| Total Bits|
    +--------------------------+----+-----------+-----+-----------+
    |ap_done_int               |   9|          2|    1|          2|
    |ap_enable_reg_pp0_iter1   |   9|          2|    1|          2|
    |ap_sig_allocacmp_i        |   9|          2|   32|         64|
    |i_1_fu_80                 |   9|          2|   32|         64|
    |totalRequiredAtoms_fu_84  |   9|          2|   32|         64|
    +--------------------------+----+-----------+-----+-----------+
    |Total                     |  45|         10|   98|        196|
    +--------------------------+----+-----------+-----+-----------+

    * Register: 
    +--------------------------+----+----+-----+-----------+
    |           Name           | FF | LUT| Bits| Const Bits|
    +--------------------------+----+----+-----+-----------+
    |ap_CS_fsm                 |   1|   0|    1|          0|
    |ap_done_reg               |   1|   0|    1|          0|
    |ap_enable_reg_pp0_iter1   |   1|   0|    1|          0|
    |i_1_fu_80                 |  32|   0|   32|          0|
    |totalRequiredAtoms_fu_84  |  32|   0|   32|          0|
    |trunc_ln549_reg_340       |   3|   0|    3|          0|
    +--------------------------+----+----+-----+-----------+
    |Total                     |  70|   0|   70|          0|
    +--------------------------+----+----+-----+-----------+



================================================================
== Interface
================================================================
* Summary: 
+-------------------------------------------+-----+-----+------------+------------------------------------------------------------------+--------------+
|                 RTL Ports                 | Dir | Bits|  Protocol  |                           Source Object                          |    C Type    |
+-------------------------------------------+-----+-----+------------+------------------------------------------------------------------+--------------+
|ap_clk                                     |   in|    1|  ap_ctrl_hs|  sortRemainingRowsOrCols<HLSMoveStream>_Pipeline_VITIS_LOOP_549_3|  return value|
|ap_rst                                     |   in|    1|  ap_ctrl_hs|  sortRemainingRowsOrCols<HLSMoveStream>_Pipeline_VITIS_LOOP_549_3|  return value|
|ap_start                                   |   in|    1|  ap_ctrl_hs|  sortRemainingRowsOrCols<HLSMoveStream>_Pipeline_VITIS_LOOP_549_3|  return value|
|ap_done                                    |  out|    1|  ap_ctrl_hs|  sortRemainingRowsOrCols<HLSMoveStream>_Pipeline_VITIS_LOOP_549_3|  return value|
|ap_idle                                    |  out|    1|  ap_ctrl_hs|  sortRemainingRowsOrCols<HLSMoveStream>_Pipeline_VITIS_LOOP_549_3|  return value|
|ap_ready                                   |  out|    1|  ap_ctrl_hs|  sortRemainingRowsOrCols<HLSMoveStream>_Pipeline_VITIS_LOOP_549_3|  return value|
|conv6                                      |   in|   32|     ap_none|                                                             conv6|        scalar|
|unusableInfo_targetSites_count_0_address0  |  out|    5|   ap_memory|                                  unusableInfo_targetSites_count_0|         array|
|unusableInfo_targetSites_count_0_ce0       |  out|    1|   ap_memory|                                  unusableInfo_targetSites_count_0|         array|
|unusableInfo_targetSites_count_0_q0        |   in|   16|   ap_memory|                                  unusableInfo_targetSites_count_0|         array|
|unusableInfo_targetSites_count_1_address0  |  out|    5|   ap_memory|                                  unusableInfo_targetSites_count_1|         array|
|unusableInfo_targetSites_count_1_ce0       |  out|    1|   ap_memory|                                  unusableInfo_targetSites_count_1|         array|
|unusableInfo_targetSites_count_1_q0        |   in|   16|   ap_memory|                                  unusableInfo_targetSites_count_1|         array|
|unusableInfo_targetSites_count_2_address0  |  out|    5|   ap_memory|                                  unusableInfo_targetSites_count_2|         array|
|unusableInfo_targetSites_count_2_ce0       |  out|    1|   ap_memory|                                  unusableInfo_targetSites_count_2|         array|
|unusableInfo_targetSites_count_2_q0        |   in|   16|   ap_memory|                                  unusableInfo_targetSites_count_2|         array|
|unusableInfo_targetSites_count_3_address0  |  out|    5|   ap_memory|                                  unusableInfo_targetSites_count_3|         array|
|unusableInfo_targetSites_count_3_ce0       |  out|    1|   ap_memory|                                  unusableInfo_targetSites_count_3|         array|
|unusableInfo_targetSites_count_3_q0        |   in|   16|   ap_memory|                                  unusableInfo_targetSites_count_3|         array|
|unusableInfo_targetSites_count_4_address0  |  out|    5|   ap_memory|                                  unusableInfo_targetSites_count_4|         array|
|unusableInfo_targetSites_count_4_ce0       |  out|    1|   ap_memory|                                  unusableInfo_targetSites_count_4|         array|
|unusableInfo_targetSites_count_4_q0        |   in|   16|   ap_memory|                                  unusableInfo_targetSites_count_4|         array|
|unusableInfo_targetSites_count_5_address0  |  out|    5|   ap_memory|                                  unusableInfo_targetSites_count_5|         array|
|unusableInfo_targetSites_count_5_ce0       |  out|    1|   ap_memory|                                  unusableInfo_targetSites_count_5|         array|
|unusableInfo_targetSites_count_5_q0        |   in|   16|   ap_memory|                                  unusableInfo_targetSites_count_5|         array|
|unusableInfo_targetSites_count_6_address0  |  out|    5|   ap_memory|                                  unusableInfo_targetSites_count_6|         array|
|unusableInfo_targetSites_count_6_ce0       |  out|    1|   ap_memory|                                  unusableInfo_targetSites_count_6|         array|
|unusableInfo_targetSites_count_6_q0        |   in|   16|   ap_memory|                                  unusableInfo_targetSites_count_6|         array|
|unusableInfo_targetSites_count_7_address0  |  out|    5|   ap_memory|                                  unusableInfo_targetSites_count_7|         array|
|unusableInfo_targetSites_count_7_ce0       |  out|    1|   ap_memory|                                  unusableInfo_targetSites_count_7|         array|
|unusableInfo_targetSites_count_7_q0        |   in|   16|   ap_memory|                                  unusableInfo_targetSites_count_7|         array|
|totalRequiredAtoms_out                     |  out|   32|      ap_vld|                                            totalRequiredAtoms_out|       pointer|
|totalRequiredAtoms_out_ap_vld              |  out|    1|      ap_vld|                                            totalRequiredAtoms_out|       pointer|
+-------------------------------------------+-----+-----+------------+------------------------------------------------------------------+--------------+

