Sat Mar 28 14:01:21 2026: Running xcd server. This server was built by gradle.
Sat Mar 28 14:01:21 2026: Server was asked to start on port: '45019'
Sat Mar 28 14:01:21 2026: Server is using token UUID: '058f476b-0ea3-4eaa-a045-af7f275ba6aa'
Sat Mar 28 14:01:21 2026: SESSION_MGR: creating session with session uuid: '6d04a3e9-ade5-4ab9-8d63-1f78fcd2ec76' and name 'default'
Sat Mar 28 14:01:21 2026: Attempting to start server on port '45019'
Sat Mar 28 14:01:21 2026: XCD main fifo: created main fifo '/tmp/xcdmain058f476b-0ea3-4eaa-a045-af7f275ba6aa', fd read = 13
Sat Mar 28 14:01:21 2026: Running Dispatch Server
Sat Mar 28 14:01:21 2026: Version 2.2.0
Sat Mar 28 14:01:23 2026: Dispatch Server: Accepted socket connection from client
Sat Mar 28 14:01:23 2026: Starting Socket connection
Sat Mar 28 14:01:23 2026: EXCHANGE_TOKEN received, server token: 058f476b-0ea3-4eaa-a045-af7f275ba6aa, passed token: 058f476b-0ea3-4eaa-a045-af7f275ba6aa
Sat Mar 28 14:01:23 2026: DISPATCH_HANDLER: Adding handler from function makeHandler in library libxv_system_diagram
Sat Mar 28 14:01:23 2026: SESSION_MGR: creating session with session uuid: '50bd8b79-b257-4b05-9d9a-f5f96d82a44f' and name 'vitis-run_compile_atomflow_controller_2024_2'
Sat Mar 28 14:01:23 2026: KERNEL_SVC: creating session with uuid: '50bd8b79-b257-4b05-9d9a-f5f96d82a44f' and name 'vitis-run_compile_atomflow_controller_2024_2'
Sat Mar 28 14:01:23 2026: GUIDANCE_SMGR: creating guidance session with uuid: '50bd8b79-b257-4b05-9d9a-f5f96d82a44f' and name 'vitis-run_compile_atomflow_controller_2024_2'
Sat Mar 28 14:01:23 2026: SYSTEM_DIAGRAM: creating session with uuid: '50bd8b79-b257-4b05-9d9a-f5f96d82a44f' and name 'vitis-run_compile_atomflow_controller_2024_2'
Sat Mar 28 14:01:26 2026: Dispatch Server: Accepted socket connection from client
Sat Mar 28 14:01:26 2026: Starting Socket connection
Sat Mar 28 14:01:32 2026: SESSION_MGR: closing session for UUID '50bd8b79-b257-4b05-9d9a-f5f96d82a44f' with name 'vitis-run_compile_atomflow_controller_2024_2'
Sat Mar 28 14:01:32 2026: KERNEL_SVC: closing session for UUID '50bd8b79-b257-4b05-9d9a-f5f96d82a44f' with name 'vitis-run_compile_atomflow_controller_2024_2'
Sat Mar 28 14:01:32 2026: GUIDANCE_SMGR: closing session for UUID '50bd8b79-b257-4b05-9d9a-f5f96d82a44f' with name 'vitis-run_compile_atomflow_controller_2024_2'
Sat Mar 28 14:01:32 2026: SYSTEM_DIAGRAM: closing session for UUID '50bd8b79-b257-4b05-9d9a-f5f96d82a44f' with name 'vitis-run_compile_atomflow_controller_2024_2'
Sat Mar 28 14:01:32 2026: STOP_SERVER received, server token: 058f476b-0ea3-4eaa-a045-af7f275ba6aa, passed token: 058f476b-0ea3-4eaa-a045-af7f275ba6aa
Sat Mar 28 14:01:32 2026: Socket received request to stop server.
Sat Mar 28 14:01:32 2026: Dispatch Server: do_await_stop
Sat Mar 28 14:01:32 2026: Dispatch Server: stopping mainFifo_
Sat Mar 28 14:01:32 2026: XCD main fifo: Stopping
Sat Mar 28 14:01:32 2026: XCD main fifo: do_read error code: Operation canceled
Sat Mar 28 14:01:32 2026: XCD main fifo: bytes_transferred: 0
Sat Mar 28 14:01:32 2026: SERVER: destructor for server bound to port 45019
Sat Mar 28 14:01:32 2026: XCD main fifo: Good unlink of /tmp/xcdmain058f476b-0ea3-4eaa-a045-af7f275ba6aa
Sat Mar 28 14:01:32 2026: Server exiting with status 0.
Sat Mar 28 14:01:32 2026: Closing log file.
Sat Mar 28 14:01:33 2026: Running xcd server. This server was built by gradle.
Sat Mar 28 14:01:33 2026: Server was asked to start on port: '35981'
Sat Mar 28 14:01:33 2026: Server is using token UUID: '2558b45c-84c3-4133-96f7-a6f1ee537f53'
Sat Mar 28 14:01:33 2026: SESSION_MGR: creating session with session uuid: '6d04a3e9-ade5-4ab9-8d63-1f78fcd2ec76' and name 'default'
Sat Mar 28 14:01:33 2026: Attempting to start server on port '35981'
Sat Mar 28 14:01:33 2026: XCD main fifo: created main fifo '/tmp/xcdmain2558b45c-84c3-4133-96f7-a6f1ee537f53', fd read = 13
Sat Mar 28 14:01:33 2026: Running Dispatch Server
Sat Mar 28 14:01:33 2026: Version 2.2.0
Sat Mar 28 14:01:35 2026: Dispatch Server: Accepted socket connection from client
Sat Mar 28 14:01:35 2026: Starting Socket connection
Sat Mar 28 14:01:35 2026: EXCHANGE_TOKEN received, server token: 2558b45c-84c3-4133-96f7-a6f1ee537f53, passed token: 2558b45c-84c3-4133-96f7-a6f1ee537f53
Sat Mar 28 14:01:36 2026: DISPATCH_HANDLER: Adding handler from function makeHandler in library libxv_system_diagram
Sat Mar 28 14:01:36 2026: SESSION_MGR: creating session with session uuid: 'ee74ab88-96fc-4145-8d3f-7c27ecabde93' and name 'v++_compile_atomflow_controller_2024_2'
Sat Mar 28 14:01:36 2026: KERNEL_SVC: creating session with uuid: 'ee74ab88-96fc-4145-8d3f-7c27ecabde93' and name 'v++_compile_atomflow_controller_2024_2'
Sat Mar 28 14:01:36 2026: GUIDANCE_SMGR: creating guidance session with uuid: 'ee74ab88-96fc-4145-8d3f-7c27ecabde93' and name 'v++_compile_atomflow_controller_2024_2'
Sat Mar 28 14:01:36 2026: SYSTEM_DIAGRAM: creating session with uuid: 'ee74ab88-96fc-4145-8d3f-7c27ecabde93' and name 'v++_compile_atomflow_controller_2024_2'
Sat Mar 28 14:01:38 2026: Dispatch Server: Accepted socket connection from client
Sat Mar 28 14:01:38 2026: Starting Socket connection
Sat Mar 28 14:02:57 2026: SESSION_MGR: closing session for UUID 'ee74ab88-96fc-4145-8d3f-7c27ecabde93' with name 'v++_compile_atomflow_controller_2024_2'
Sat Mar 28 14:02:57 2026: KERNEL_SVC: closing session for UUID 'ee74ab88-96fc-4145-8d3f-7c27ecabde93' with name 'v++_compile_atomflow_controller_2024_2'
Sat Mar 28 14:02:57 2026: GUIDANCE_SMGR: closing session for UUID 'ee74ab88-96fc-4145-8d3f-7c27ecabde93' with name 'v++_compile_atomflow_controller_2024_2'
Sat Mar 28 14:02:57 2026: SYSTEM_DIAGRAM: closing session for UUID 'ee74ab88-96fc-4145-8d3f-7c27ecabde93' with name 'v++_compile_atomflow_controller_2024_2'
Sat Mar 28 14:02:57 2026: STOP_SERVER received, server token: 2558b45c-84c3-4133-96f7-a6f1ee537f53, passed token: 2558b45c-84c3-4133-96f7-a6f1ee537f53
Sat Mar 28 14:02:57 2026: Socket received request to stop server.
Sat Mar 28 14:02:57 2026: Dispatch Server: do_await_stop
Sat Mar 28 14:02:57 2026: Dispatch Server: stopping mainFifo_
Sat Mar 28 14:02:57 2026: XCD main fifo: Stopping
Sat Mar 28 14:02:57 2026: XCD main fifo: do_read error code: Operation canceled
Sat Mar 28 14:02:57 2026: XCD main fifo: bytes_transferred: 0
Sat Mar 28 14:02:57 2026: SERVER: destructor for server bound to port 35981
Sat Mar 28 14:02:57 2026: XCD main fifo: Good unlink of /tmp/xcdmain2558b45c-84c3-4133-96f7-a6f1ee537f53
Sat Mar 28 14:02:57 2026: Server exiting with status 0.
Sat Mar 28 14:02:57 2026: Closing log file.
Sat Mar 28 14:02:58 2026: Running xcd server. This server was built by gradle.
Sat Mar 28 14:02:58 2026: Server was asked to start on port: '34445'
Sat Mar 28 14:02:58 2026: Server is using token UUID: 'd1277d01-0cf7-4ed6-8fef-915d7c4d7e3d'
Sat Mar 28 14:02:58 2026: SESSION_MGR: creating session with session uuid: '6d04a3e9-ade5-4ab9-8d63-1f78fcd2ec76' and name 'default'
Sat Mar 28 14:02:58 2026: Attempting to start server on port '34445'
Sat Mar 28 14:02:58 2026: XCD main fifo: created main fifo '/tmp/xcdmaind1277d01-0cf7-4ed6-8fef-915d7c4d7e3d', fd read = 13
Sat Mar 28 14:02:58 2026: Running Dispatch Server
Sat Mar 28 14:02:58 2026: Version 2.2.0
Sat Mar 28 14:03:00 2026: Dispatch Server: Accepted socket connection from client
Sat Mar 28 14:03:00 2026: Starting Socket connection
Sat Mar 28 14:03:00 2026: EXCHANGE_TOKEN received, server token: d1277d01-0cf7-4ed6-8fef-915d7c4d7e3d, passed token: d1277d01-0cf7-4ed6-8fef-915d7c4d7e3d
Sat Mar 28 14:03:01 2026: DISPATCH_HANDLER: Adding handler from function makeHandler in library libxv_system_diagram
Sat Mar 28 14:03:01 2026: SESSION_MGR: creating session with session uuid: '0d925be1-e387-41a1-882c-de2962f9e8b8' and name 'vitis-run_compile_atomflow_controller_2024_2'
Sat Mar 28 14:03:01 2026: KERNEL_SVC: creating session with uuid: '0d925be1-e387-41a1-882c-de2962f9e8b8' and name 'vitis-run_compile_atomflow_controller_2024_2'
Sat Mar 28 14:03:01 2026: GUIDANCE_SMGR: creating guidance session with uuid: '0d925be1-e387-41a1-882c-de2962f9e8b8' and name 'vitis-run_compile_atomflow_controller_2024_2'
Sat Mar 28 14:03:01 2026: SYSTEM_DIAGRAM: creating session with uuid: '0d925be1-e387-41a1-882c-de2962f9e8b8' and name 'vitis-run_compile_atomflow_controller_2024_2'
Sat Mar 28 14:03:03 2026: Dispatch Server: Accepted socket connection from client
Sat Mar 28 14:03:03 2026: Starting Socket connection
Sat Mar 28 14:04:25 2026: SESSION_MGR: closing session for UUID '0d925be1-e387-41a1-882c-de2962f9e8b8' with name 'vitis-run_compile_atomflow_controller_2024_2'
Sat Mar 28 14:04:25 2026: KERNEL_SVC: closing session for UUID '0d925be1-e387-41a1-882c-de2962f9e8b8' with name 'vitis-run_compile_atomflow_controller_2024_2'
Sat Mar 28 14:04:25 2026: GUIDANCE_SMGR: closing session for UUID '0d925be1-e387-41a1-882c-de2962f9e8b8' with name 'vitis-run_compile_atomflow_controller_2024_2'
Sat Mar 28 14:04:25 2026: SYSTEM_DIAGRAM: closing session for UUID '0d925be1-e387-41a1-882c-de2962f9e8b8' with name 'vitis-run_compile_atomflow_controller_2024_2'
Sat Mar 28 14:04:25 2026: STOP_SERVER received, server token: d1277d01-0cf7-4ed6-8fef-915d7c4d7e3d, passed token: d1277d01-0cf7-4ed6-8fef-915d7c4d7e3d
Sat Mar 28 14:04:25 2026: Socket received request to stop server.
Sat Mar 28 14:04:25 2026: Dispatch Server: do_await_stop
Sat Mar 28 14:04:25 2026: Dispatch Server: stopping mainFifo_
Sat Mar 28 14:04:25 2026: XCD main fifo: Stopping
Sat Mar 28 14:04:25 2026: XCD main fifo: do_read error code: Operation canceled
Sat Mar 28 14:04:25 2026: XCD main fifo: bytes_transferred: 0
Sat Mar 28 14:04:25 2026: SERVER: destructor for server bound to port 34445
Sat Mar 28 14:04:25 2026: XCD main fifo: Good unlink of /tmp/xcdmaind1277d01-0cf7-4ed6-8fef-915d7c4d7e3d
Sat Mar 28 14:04:25 2026: Server exiting with status 0.
Sat Mar 28 14:04:25 2026: Closing log file.
