

================================================================
== Vitis HLS Report for 'atomflow_controller_Pipeline_VITIS_LOOP_136_1'
================================================================
* Date:           Sat Mar 28 14:02:43 2026

* Version:        2024.2 (Build 5238294 on Nov  8 2024)
* Project:        atomflow_controller_2024_2
* Solution:       hls (Vivado IP Flow Target)
* Product family: zynquplusRFSOC
* Target device:  xczu49dr-ffvf1760-2-e


================================================================
== Performance Estimates
================================================================
+ Timing: 
    * Summary: 
    +--------+----------+----------+------------+
    |  Clock |  Target  | Estimated| Uncertainty|
    +--------+----------+----------+------------+
    |ap_clk  |  10.00 ns|  7.300 ns|     2.70 ns|
    +--------+----------+----------+------------+

+ Latency: 
    * Summary: 
    +---------+---------+-----------+-----------+-----+------+------------------------------------------------+
    |  Latency (cycles) |   Latency (absolute)  |  Interval  |                    Pipeline                    |
    |   min   |   max   |    min    |    max    | min |  max |                      Type                      |
    +---------+---------+-----------+-----------+-----+------+------------------------------------------------+
    |        4|     2003|  40.000 ns|  20.030 us|    2|  2001|  loop auto-rewind stp (delay=0 clock cycles(s))|
    +---------+---------+-----------+-----------+-----+------+------------------------------------------------+

    + Detail: 
        * Instance: 
        N/A

        * Loop: 
        +--------------------+---------+---------+----------+-----------+-----------+----------+----------+
        |                    |  Latency (cycles) | Iteration|  Initiation Interval  |   Trip   |          |
        |      Loop Name     |   min   |   max   |  Latency |  achieved |   target  |   Count  | Pipelined|
        +--------------------+---------+---------+----------+-----------+-----------+----------+----------+
        |- VITIS_LOOP_136_1  |        2|     2001|         3|          1|          1|  1 ~ 2000|       yes|
        +--------------------+---------+---------+----------+-----------+-----------+----------+----------+



================================================================
== Utilization Estimates
================================================================
* Summary: 
+-----------------+---------+------+--------+--------+-----+
|       Name      | BRAM_18K|  DSP |   FF   |   LUT  | URAM|
+-----------------+---------+------+--------+--------+-----+
|DSP              |        -|     -|       -|       -|    -|
|Expression       |        -|     -|       0|      81|    -|
|FIFO             |        -|     -|       -|       -|    -|
|Instance         |        -|     -|       0|      43|    -|
|Memory           |        -|     -|       -|       -|    -|
|Multiplexer      |        -|     -|       0|      45|    -|
|Register         |        -|     -|      71|       -|    -|
+-----------------+---------+------+--------+--------+-----+
|Total            |        0|     0|      71|     169|    0|
+-----------------+---------+------+--------+--------+-----+
|Available        |     2160|  4272|  850560|  425280|   80|
+-----------------+---------+------+--------+--------+-----+
|Utilization (%)  |        0|     0|      ~0|      ~0|    0|
+-----------------+---------+------+--------+--------+-----+

+ Detail: 
    * Instance: 
    +----------------------------+-----------------------+---------+----+---+----+-----+
    |          Instance          |         Module        | BRAM_18K| DSP| FF| LUT| URAM|
    +----------------------------+-----------------------+---------+----+---+----+-----+
    |sparsemux_17_3_32_1_1_U447  |sparsemux_17_3_32_1_1  |        0|   0|  0|  43|    0|
    +----------------------------+-----------------------+---------+----+---+----+-----+
    |Total                       |                       |        0|   0|  0|  43|    0|
    +----------------------------+-----------------------+---------+----+---+----+-----+

    * DSP: 
    N/A

    * Memory: 
    N/A

    * FIFO: 
    N/A

    * Expression: 
    +---------------------------+----------+----+---+----+------------+------------+
    |       Variable Name       | Operation| DSP| FF| LUT| Bitwidth P0| Bitwidth P1|
    +---------------------------+----------+----+---+----+------------+------------+
    |add_ln136_fu_246_p2        |         +|   0|  0|  38|          31|           1|
    |ap_block_pp0_stage0_11001  |       and|   0|  0|   2|           1|           1|
    |icmp_ln136_fu_240_p2       |      icmp|   0|  0|  39|          32|          32|
    |ap_enable_pp0              |       xor|   0|  0|   2|           1|           2|
    +---------------------------+----------+----+---+----+------------+------------+
    |Total                      |          |   0|  0|  81|          65|          36|
    +---------------------------+----------+----+---+----+------------+------------+

    * Multiplexer: 
    +-------------------------+----+-----------+-----+-----------+
    |           Name          | LUT| Input Size| Bits| Total Bits|
    +-------------------------+----+-----------+-----+-----------+
    |ap_done_int              |   9|          2|    1|          2|
    |ap_enable_reg_pp0_iter1  |   9|          2|    1|          2|
    |ap_sig_allocacmp_i_152   |   9|          2|   31|         62|
    |gmem3_blk_n_W            |   9|          2|    1|          2|
    |i_fu_96                  |   9|          2|   31|         62|
    +-------------------------+----+-----------+-----+-----------+
    |Total                    |  45|         10|   65|        130|
    +-------------------------+----+-----------+-----+-----------+

    * Register: 
    +----------------------------------+----+----+-----+-----------+
    |               Name               | FF | LUT| Bits| Const Bits|
    +----------------------------------+----+----+-----+-----------+
    |ap_CS_fsm                         |   1|   0|    1|          0|
    |ap_done_reg                       |   1|   0|    1|          0|
    |ap_enable_reg_pp0_iter1           |   1|   0|    1|          0|
    |ap_enable_reg_pp0_iter2           |   1|   0|    1|          0|
    |ap_loop_exit_ready_pp0_iter1_reg  |   1|   0|    1|          0|
    |i_fu_96                           |  31|   0|   31|          0|
    |tmp_reg_393                       |  32|   0|   32|          0|
    |trunc_ln136_reg_348               |   3|   0|    3|          0|
    +----------------------------------+----+----+-----+-----------+
    |Total                             |  71|   0|   71|          0|
    +----------------------------------+----+----+-----+-----------+



================================================================
== Interface
================================================================
* Summary: 
+----------------------------+-----+-----+------------+-----------------------------------------------+--------------+
|          RTL Ports         | Dir | Bits|  Protocol  |                 Source Object                 |    C Type    |
+----------------------------+-----+-----+------------+-----------------------------------------------+--------------+
|ap_clk                      |   in|    1|  ap_ctrl_hs|  atomflow_controller_Pipeline_VITIS_LOOP_136_1|  return value|
|ap_rst                      |   in|    1|  ap_ctrl_hs|  atomflow_controller_Pipeline_VITIS_LOOP_136_1|  return value|
|ap_start                    |   in|    1|  ap_ctrl_hs|  atomflow_controller_Pipeline_VITIS_LOOP_136_1|  return value|
|ap_done                     |  out|    1|  ap_ctrl_hs|  atomflow_controller_Pipeline_VITIS_LOOP_136_1|  return value|
|ap_idle                     |  out|    1|  ap_ctrl_hs|  atomflow_controller_Pipeline_VITIS_LOOP_136_1|  return value|
|ap_ready                    |  out|    1|  ap_ctrl_hs|  atomflow_controller_Pipeline_VITIS_LOOP_136_1|  return value|
|m_axi_gmem3_0_AWVALID       |  out|    1|       m_axi|                                          gmem3|       pointer|
|m_axi_gmem3_0_AWREADY       |   in|    1|       m_axi|                                          gmem3|       pointer|
|m_axi_gmem3_0_AWADDR        |  out|   64|       m_axi|                                          gmem3|       pointer|
|m_axi_gmem3_0_AWID          |  out|    1|       m_axi|                                          gmem3|       pointer|
|m_axi_gmem3_0_AWLEN         |  out|   32|       m_axi|                                          gmem3|       pointer|
|m_axi_gmem3_0_AWSIZE        |  out|    3|       m_axi|                                          gmem3|       pointer|
|m_axi_gmem3_0_AWBURST       |  out|    2|       m_axi|                                          gmem3|       pointer|
|m_axi_gmem3_0_AWLOCK        |  out|    2|       m_axi|                                          gmem3|       pointer|
|m_axi_gmem3_0_AWCACHE       |  out|    4|       m_axi|                                          gmem3|       pointer|
|m_axi_gmem3_0_AWPROT        |  out|    3|       m_axi|                                          gmem3|       pointer|
|m_axi_gmem3_0_AWQOS         |  out|    4|       m_axi|                                          gmem3|       pointer|
|m_axi_gmem3_0_AWREGION      |  out|    4|       m_axi|                                          gmem3|       pointer|
|m_axi_gmem3_0_AWUSER        |  out|    1|       m_axi|                                          gmem3|       pointer|
|m_axi_gmem3_0_WVALID        |  out|    1|       m_axi|                                          gmem3|       pointer|
|m_axi_gmem3_0_WREADY        |   in|    1|       m_axi|                                          gmem3|       pointer|
|m_axi_gmem3_0_WDATA         |  out|   32|       m_axi|                                          gmem3|       pointer|
|m_axi_gmem3_0_WSTRB         |  out|    4|       m_axi|                                          gmem3|       pointer|
|m_axi_gmem3_0_WLAST         |  out|    1|       m_axi|                                          gmem3|       pointer|
|m_axi_gmem3_0_WID           |  out|    1|       m_axi|                                          gmem3|       pointer|
|m_axi_gmem3_0_WUSER         |  out|    1|       m_axi|                                          gmem3|       pointer|
|m_axi_gmem3_0_ARVALID       |  out|    1|       m_axi|                                          gmem3|       pointer|
|m_axi_gmem3_0_ARREADY       |   in|    1|       m_axi|                                          gmem3|       pointer|
|m_axi_gmem3_0_ARADDR        |  out|   64|       m_axi|                                          gmem3|       pointer|
|m_axi_gmem3_0_ARID          |  out|    1|       m_axi|                                          gmem3|       pointer|
|m_axi_gmem3_0_ARLEN         |  out|   32|       m_axi|                                          gmem3|       pointer|
|m_axi_gmem3_0_ARSIZE        |  out|    3|       m_axi|                                          gmem3|       pointer|
|m_axi_gmem3_0_ARBURST       |  out|    2|       m_axi|                                          gmem3|       pointer|
|m_axi_gmem3_0_ARLOCK        |  out|    2|       m_axi|                                          gmem3|       pointer|
|m_axi_gmem3_0_ARCACHE       |  out|    4|       m_axi|                                          gmem3|       pointer|
|m_axi_gmem3_0_ARPROT        |  out|    3|       m_axi|                                          gmem3|       pointer|
|m_axi_gmem3_0_ARQOS         |  out|    4|       m_axi|                                          gmem3|       pointer|
|m_axi_gmem3_0_ARREGION      |  out|    4|       m_axi|                                          gmem3|       pointer|
|m_axi_gmem3_0_ARUSER        |  out|    1|       m_axi|                                          gmem3|       pointer|
|m_axi_gmem3_0_RVALID        |   in|    1|       m_axi|                                          gmem3|       pointer|
|m_axi_gmem3_0_RREADY        |  out|    1|       m_axi|                                          gmem3|       pointer|
|m_axi_gmem3_0_RDATA         |   in|   32|       m_axi|                                          gmem3|       pointer|
|m_axi_gmem3_0_RLAST         |   in|    1|       m_axi|                                          gmem3|       pointer|
|m_axi_gmem3_0_RID           |   in|    1|       m_axi|                                          gmem3|       pointer|
|m_axi_gmem3_0_RFIFONUM      |   in|    9|       m_axi|                                          gmem3|       pointer|
|m_axi_gmem3_0_RUSER         |   in|    1|       m_axi|                                          gmem3|       pointer|
|m_axi_gmem3_0_RRESP         |   in|    2|       m_axi|                                          gmem3|       pointer|
|m_axi_gmem3_0_BVALID        |   in|    1|       m_axi|                                          gmem3|       pointer|
|m_axi_gmem3_0_BREADY        |  out|    1|       m_axi|                                          gmem3|       pointer|
|m_axi_gmem3_0_BRESP         |   in|    2|       m_axi|                                          gmem3|       pointer|
|m_axi_gmem3_0_BID           |   in|    1|       m_axi|                                          gmem3|       pointer|
|m_axi_gmem3_0_BUSER         |   in|    1|       m_axi|                                          gmem3|       pointer|
|atomLocationsSize           |   in|   32|     ap_none|                              atomLocationsSize|        scalar|
|sext_ln136                  |   in|   62|     ap_none|                                     sext_ln136|        scalar|
|emissions_local_address0    |  out|    8|   ap_memory|                                emissions_local|         array|
|emissions_local_ce0         |  out|    1|   ap_memory|                                emissions_local|         array|
|emissions_local_q0          |   in|   32|   ap_memory|                                emissions_local|         array|
|emissions_local_1_address0  |  out|    8|   ap_memory|                              emissions_local_1|         array|
|emissions_local_1_ce0       |  out|    1|   ap_memory|                              emissions_local_1|         array|
|emissions_local_1_q0        |   in|   32|   ap_memory|                              emissions_local_1|         array|
|emissions_local_2_address0  |  out|    8|   ap_memory|                              emissions_local_2|         array|
|emissions_local_2_ce0       |  out|    1|   ap_memory|                              emissions_local_2|         array|
|emissions_local_2_q0        |   in|   32|   ap_memory|                              emissions_local_2|         array|
|emissions_local_3_address0  |  out|    8|   ap_memory|                              emissions_local_3|         array|
|emissions_local_3_ce0       |  out|    1|   ap_memory|                              emissions_local_3|         array|
|emissions_local_3_q0        |   in|   32|   ap_memory|                              emissions_local_3|         array|
|emissions_local_4_address0  |  out|    8|   ap_memory|                              emissions_local_4|         array|
|emissions_local_4_ce0       |  out|    1|   ap_memory|                              emissions_local_4|         array|
|emissions_local_4_q0        |   in|   32|   ap_memory|                              emissions_local_4|         array|
|emissions_local_5_address0  |  out|    8|   ap_memory|                              emissions_local_5|         array|
|emissions_local_5_ce0       |  out|    1|   ap_memory|                              emissions_local_5|         array|
|emissions_local_5_q0        |   in|   32|   ap_memory|                              emissions_local_5|         array|
|emissions_local_6_address0  |  out|    8|   ap_memory|                              emissions_local_6|         array|
|emissions_local_6_ce0       |  out|    1|   ap_memory|                              emissions_local_6|         array|
|emissions_local_6_q0        |   in|   32|   ap_memory|                              emissions_local_6|         array|
|emissions_local_7_address0  |  out|    8|   ap_memory|                              emissions_local_7|         array|
|emissions_local_7_ce0       |  out|    1|   ap_memory|                              emissions_local_7|         array|
|emissions_local_7_q0        |   in|   32|   ap_memory|                              emissions_local_7|         array|
+----------------------------+-----+-----+------------+-----------------------------------------------+--------------+

============================================================
+ Verbose Summary: Synthesis Manager
============================================================
InlineROM: 1
ExposeGlobal: 0
============================================================
+ Verbose Summary: CDFG Model
============================================================
IsTopModel: 0
ResetActiveHigh: 1
IsCombinational: 2
IsDatapathOnly: 2
HasWiredReturn: 1
HasMFsm: 2
HasVarLatency: 1
IsPipeline: 0
IsRtlPipelined: 0
IsInstanceOverlapped: 0
IsDontTouch: 0
HasImplIP: 0
IsGatedGlobalClock: 0

+ Individual pipeline summary: 
  * Pipeline-0: initiation interval (II) = 1, depth = 3


============================================================
+ Verbose Summary: Schedule
============================================================
* Number of FSM states : 3
* Pipeline : 1
  Pipeline-0 : II = 1, D = 3, States = { 1 2 3 }
* Dataflow Pipeline: 0

* FSM state transitions: 
1 --> 2 
2 --> 3 
3 --> 

* FSM state operations: 

State 1 <SV = 0> <Delay = 1.87>
ST_1 : Operation 6 [1/1] (0.00ns)   --->   "%i = alloca i32 1" [/home/xiaorang/Documents/ATOMFLOW/atomflow_controller/atomflow_controller.cpp:136]   --->   Operation 6 'alloca' 'i' <Predicate = true> <Delay = 0.00>
ST_1 : Operation 7 [1/1] (0.00ns)   --->   "%sext_ln136_read = read i62 @_ssdm_op_Read.ap_auto.i62, i62 %sext_ln136"   --->   Operation 7 'read' 'sext_ln136_read' <Predicate = true> <Delay = 0.00>
ST_1 : Operation 8 [1/1] (0.00ns)   --->   "%atomLocationsSize_read = read i32 @_ssdm_op_Read.ap_auto.i32, i32 %atomLocationsSize"   --->   Operation 8 'read' 'atomLocationsSize_read' <Predicate = true> <Delay = 0.00>
ST_1 : Operation 9 [1/1] (0.00ns)   --->   "%sext_ln136_cast = sext i62 %sext_ln136_read"   --->   Operation 9 'sext' 'sext_ln136_cast' <Predicate = true> <Delay = 0.00>
ST_1 : Operation 10 [1/1] (0.00ns)   --->   "%specinterface_ln0 = specinterface void @_ssdm_op_SpecInterface, i32 %gmem3, void @empty_41, i32 0, i32 0, void @empty_18, i32 0, i32 0, void @empty_21, void @empty_4, void @empty_18, i32 16, i32 16, i32 16, i32 16, void @empty_18, void @empty_18, i32 4294967295, i32 0, i32 0"   --->   Operation 10 'specinterface' 'specinterface_ln0' <Predicate = true> <Delay = 0.00>
ST_1 : Operation 11 [1/1] (0.42ns)   --->   "%store_ln136 = store i31 0, i31 %i" [/home/xiaorang/Documents/ATOMFLOW/atomflow_controller/atomflow_controller.cpp:136]   --->   Operation 11 'store' 'store_ln136' <Predicate = true> <Delay = 0.42>
ST_1 : Operation 12 [1/1] (0.00ns)   --->   "%br_ln0 = br void %for.inc"   --->   Operation 12 'br' 'br_ln0' <Predicate = true> <Delay = 0.00>
ST_1 : Operation 13 [1/1] (0.00ns)   --->   "%i_152 = load i31 %i" [/home/xiaorang/Documents/ATOMFLOW/atomflow_controller/atomflow_controller.cpp:136]   --->   Operation 13 'load' 'i_152' <Predicate = true> <Delay = 0.00>
ST_1 : Operation 14 [1/1] (0.00ns)   --->   "%specbitsmap_ln0 = specbitsmap void @_ssdm_op_SpecBitsMap, i32 %gmem3"   --->   Operation 14 'specbitsmap' 'specbitsmap_ln0' <Predicate = true> <Delay = 0.00>
ST_1 : Operation 15 [1/1] (0.00ns)   --->   "%zext_ln136 = zext i31 %i_152" [/home/xiaorang/Documents/ATOMFLOW/atomflow_controller/atomflow_controller.cpp:136]   --->   Operation 15 'zext' 'zext_ln136' <Predicate = true> <Delay = 0.00>
ST_1 : Operation 16 [1/1] (1.01ns)   --->   "%icmp_ln136 = icmp_slt  i32 %zext_ln136, i32 %atomLocationsSize_read" [/home/xiaorang/Documents/ATOMFLOW/atomflow_controller/atomflow_controller.cpp:136]   --->   Operation 16 'icmp' 'icmp_ln136' <Predicate = true> <Delay = 1.01> <CoreInst = "Cmp">   --->   Core 9 'Cmp' <Latency = 0> <II = 1> <Delay = 1.01> <FuncUnit> <Opcode : 'seteq' 'setne' 'setle' 'setge' 'setlt' 'setgt'> <InPorts = 2> <OutPorts = 1>
ST_1 : Operation 17 [1/1] (1.00ns)   --->   "%add_ln136 = add i31 %i_152, i31 1" [/home/xiaorang/Documents/ATOMFLOW/atomflow_controller/atomflow_controller.cpp:136]   --->   Operation 17 'add' 'add_ln136' <Predicate = true> <Delay = 1.00> <CoreInst = "Adder">   --->   Core 1 'Adder' <Latency = 0> <II = 1> <Delay = 1.00> <FuncUnit> <Opcode : 'add' 'sub'> <InPorts = 2> <OutPorts = 1>
ST_1 : Operation 18 [1/1] (0.00ns)   --->   "%br_ln136 = br i1 %icmp_ln136, void %for.end.loopexit.exitStub, void %for.inc.split" [/home/xiaorang/Documents/ATOMFLOW/atomflow_controller/atomflow_controller.cpp:136]   --->   Operation 18 'br' 'br_ln136' <Predicate = true> <Delay = 0.00>
ST_1 : Operation 19 [1/1] (0.00ns)   --->   "%trunc_ln136 = trunc i31 %i_152" [/home/xiaorang/Documents/ATOMFLOW/atomflow_controller/atomflow_controller.cpp:136]   --->   Operation 19 'trunc' 'trunc_ln136' <Predicate = (icmp_ln136)> <Delay = 0.00>
ST_1 : Operation 20 [1/1] (0.00ns)   --->   "%lshr_ln = partselect i8 @_ssdm_op_PartSelect.i8.i31.i32.i32, i31 %i_152, i32 3, i32 10" [/home/xiaorang/Documents/ATOMFLOW/atomflow_controller/atomflow_controller.cpp:136]   --->   Operation 20 'partselect' 'lshr_ln' <Predicate = (icmp_ln136)> <Delay = 0.00>
ST_1 : Operation 21 [1/1] (0.00ns)   --->   "%zext_ln136_1 = zext i8 %lshr_ln" [/home/xiaorang/Documents/ATOMFLOW/atomflow_controller/atomflow_controller.cpp:136]   --->   Operation 21 'zext' 'zext_ln136_1' <Predicate = (icmp_ln136)> <Delay = 0.00>
ST_1 : Operation 22 [1/1] (0.00ns)   --->   "%emissions_local_addr = getelementptr i32 %emissions_local, i64 0, i64 %zext_ln136_1" [/home/xiaorang/Documents/ATOMFLOW/atomflow_controller/atomflow_controller.cpp:139]   --->   Operation 22 'getelementptr' 'emissions_local_addr' <Predicate = (icmp_ln136)> <Delay = 0.00>
ST_1 : Operation 23 [1/1] (0.00ns)   --->   "%emissions_local_1_addr = getelementptr i32 %emissions_local_1, i64 0, i64 %zext_ln136_1" [/home/xiaorang/Documents/ATOMFLOW/atomflow_controller/atomflow_controller.cpp:139]   --->   Operation 23 'getelementptr' 'emissions_local_1_addr' <Predicate = (icmp_ln136)> <Delay = 0.00>
ST_1 : Operation 24 [1/1] (0.00ns)   --->   "%emissions_local_2_addr = getelementptr i32 %emissions_local_2, i64 0, i64 %zext_ln136_1" [/home/xiaorang/Documents/ATOMFLOW/atomflow_controller/atomflow_controller.cpp:139]   --->   Operation 24 'getelementptr' 'emissions_local_2_addr' <Predicate = (icmp_ln136)> <Delay = 0.00>
ST_1 : Operation 25 [1/1] (0.00ns)   --->   "%emissions_local_3_addr = getelementptr i32 %emissions_local_3, i64 0, i64 %zext_ln136_1" [/home/xiaorang/Documents/ATOMFLOW/atomflow_controller/atomflow_controller.cpp:139]   --->   Operation 25 'getelementptr' 'emissions_local_3_addr' <Predicate = (icmp_ln136)> <Delay = 0.00>
ST_1 : Operation 26 [1/1] (0.00ns)   --->   "%emissions_local_4_addr = getelementptr i32 %emissions_local_4, i64 0, i64 %zext_ln136_1" [/home/xiaorang/Documents/ATOMFLOW/atomflow_controller/atomflow_controller.cpp:139]   --->   Operation 26 'getelementptr' 'emissions_local_4_addr' <Predicate = (icmp_ln136)> <Delay = 0.00>
ST_1 : Operation 27 [1/1] (0.00ns)   --->   "%emissions_local_5_addr = getelementptr i32 %emissions_local_5, i64 0, i64 %zext_ln136_1" [/home/xiaorang/Documents/ATOMFLOW/atomflow_controller/atomflow_controller.cpp:139]   --->   Operation 27 'getelementptr' 'emissions_local_5_addr' <Predicate = (icmp_ln136)> <Delay = 0.00>
ST_1 : Operation 28 [1/1] (0.00ns)   --->   "%emissions_local_6_addr = getelementptr i32 %emissions_local_6, i64 0, i64 %zext_ln136_1" [/home/xiaorang/Documents/ATOMFLOW/atomflow_controller/atomflow_controller.cpp:139]   --->   Operation 28 'getelementptr' 'emissions_local_6_addr' <Predicate = (icmp_ln136)> <Delay = 0.00>
ST_1 : Operation 29 [1/1] (0.00ns)   --->   "%emissions_local_7_addr = getelementptr i32 %emissions_local_7, i64 0, i64 %zext_ln136_1" [/home/xiaorang/Documents/ATOMFLOW/atomflow_controller/atomflow_controller.cpp:139]   --->   Operation 29 'getelementptr' 'emissions_local_7_addr' <Predicate = (icmp_ln136)> <Delay = 0.00>
ST_1 : Operation 30 [2/2] (1.23ns)   --->   "%emissions_local_load = load i8 %emissions_local_addr" [/home/xiaorang/Documents/ATOMFLOW/atomflow_controller/atomflow_controller.cpp:139]   --->   Operation 30 'load' 'emissions_local_load' <Predicate = (icmp_ln136)> <Delay = 1.23> <CoreInst = "RAM">   --->   Core 82 'RAM' <Latency = 1> <II = 1> <Delay = 1.23> <Storage> <Opcode : 'load' 'store'> <Ports = 2> <Width = 32> <Depth = 250> <RAM>
ST_1 : Operation 31 [2/2] (1.23ns)   --->   "%emissions_local_1_load = load i8 %emissions_local_1_addr" [/home/xiaorang/Documents/ATOMFLOW/atomflow_controller/atomflow_controller.cpp:139]   --->   Operation 31 'load' 'emissions_local_1_load' <Predicate = (icmp_ln136)> <Delay = 1.23> <CoreInst = "RAM">   --->   Core 82 'RAM' <Latency = 1> <II = 1> <Delay = 1.23> <Storage> <Opcode : 'load' 'store'> <Ports = 2> <Width = 32> <Depth = 250> <RAM>
ST_1 : Operation 32 [2/2] (1.23ns)   --->   "%emissions_local_2_load = load i8 %emissions_local_2_addr" [/home/xiaorang/Documents/ATOMFLOW/atomflow_controller/atomflow_controller.cpp:139]   --->   Operation 32 'load' 'emissions_local_2_load' <Predicate = (icmp_ln136)> <Delay = 1.23> <CoreInst = "RAM">   --->   Core 82 'RAM' <Latency = 1> <II = 1> <Delay = 1.23> <Storage> <Opcode : 'load' 'store'> <Ports = 2> <Width = 32> <Depth = 250> <RAM>
ST_1 : Operation 33 [2/2] (1.23ns)   --->   "%emissions_local_3_load = load i8 %emissions_local_3_addr" [/home/xiaorang/Documents/ATOMFLOW/atomflow_controller/atomflow_controller.cpp:139]   --->   Operation 33 'load' 'emissions_local_3_load' <Predicate = (icmp_ln136)> <Delay = 1.23> <CoreInst = "RAM">   --->   Core 82 'RAM' <Latency = 1> <II = 1> <Delay = 1.23> <Storage> <Opcode : 'load' 'store'> <Ports = 2> <Width = 32> <Depth = 250> <RAM>
ST_1 : Operation 34 [2/2] (1.23ns)   --->   "%emissions_local_4_load = load i8 %emissions_local_4_addr" [/home/xiaorang/Documents/ATOMFLOW/atomflow_controller/atomflow_controller.cpp:139]   --->   Operation 34 'load' 'emissions_local_4_load' <Predicate = (icmp_ln136)> <Delay = 1.23> <CoreInst = "RAM">   --->   Core 82 'RAM' <Latency = 1> <II = 1> <Delay = 1.23> <Storage> <Opcode : 'load' 'store'> <Ports = 2> <Width = 32> <Depth = 250> <RAM>
ST_1 : Operation 35 [2/2] (1.23ns)   --->   "%emissions_local_5_load = load i8 %emissions_local_5_addr" [/home/xiaorang/Documents/ATOMFLOW/atomflow_controller/atomflow_controller.cpp:139]   --->   Operation 35 'load' 'emissions_local_5_load' <Predicate = (icmp_ln136)> <Delay = 1.23> <CoreInst = "RAM">   --->   Core 82 'RAM' <Latency = 1> <II = 1> <Delay = 1.23> <Storage> <Opcode : 'load' 'store'> <Ports = 2> <Width = 32> <Depth = 250> <RAM>
ST_1 : Operation 36 [2/2] (1.23ns)   --->   "%emissions_local_6_load = load i8 %emissions_local_6_addr" [/home/xiaorang/Documents/ATOMFLOW/atomflow_controller/atomflow_controller.cpp:139]   --->   Operation 36 'load' 'emissions_local_6_load' <Predicate = (icmp_ln136)> <Delay = 1.23> <CoreInst = "RAM">   --->   Core 82 'RAM' <Latency = 1> <II = 1> <Delay = 1.23> <Storage> <Opcode : 'load' 'store'> <Ports = 2> <Width = 32> <Depth = 250> <RAM>
ST_1 : Operation 37 [2/2] (1.23ns)   --->   "%emissions_local_7_load = load i8 %emissions_local_7_addr" [/home/xiaorang/Documents/ATOMFLOW/atomflow_controller/atomflow_controller.cpp:139]   --->   Operation 37 'load' 'emissions_local_7_load' <Predicate = (icmp_ln136)> <Delay = 1.23> <CoreInst = "RAM">   --->   Core 82 'RAM' <Latency = 1> <II = 1> <Delay = 1.23> <Storage> <Opcode : 'load' 'store'> <Ports = 2> <Width = 32> <Depth = 250> <RAM>
ST_1 : Operation 38 [1/1] (0.42ns)   --->   "%store_ln136 = store i31 %add_ln136, i31 %i" [/home/xiaorang/Documents/ATOMFLOW/atomflow_controller/atomflow_controller.cpp:136]   --->   Operation 38 'store' 'store_ln136' <Predicate = (icmp_ln136)> <Delay = 0.42>

State 2 <SV = 1> <Delay = 1.95>
ST_2 : Operation 39 [1/2] ( I:1.23ns O:1.23ns )   --->   "%emissions_local_load = load i8 %emissions_local_addr" [/home/xiaorang/Documents/ATOMFLOW/atomflow_controller/atomflow_controller.cpp:139]   --->   Operation 39 'load' 'emissions_local_load' <Predicate = true> <Delay = 1.23> <CoreInst = "RAM">   --->   Core 82 'RAM' <Latency = 1> <II = 1> <Delay = 1.23> <Storage> <Opcode : 'load' 'store'> <Ports = 2> <Width = 32> <Depth = 250> <RAM>
ST_2 : Operation 40 [1/2] ( I:1.23ns O:1.23ns )   --->   "%emissions_local_1_load = load i8 %emissions_local_1_addr" [/home/xiaorang/Documents/ATOMFLOW/atomflow_controller/atomflow_controller.cpp:139]   --->   Operation 40 'load' 'emissions_local_1_load' <Predicate = true> <Delay = 1.23> <CoreInst = "RAM">   --->   Core 82 'RAM' <Latency = 1> <II = 1> <Delay = 1.23> <Storage> <Opcode : 'load' 'store'> <Ports = 2> <Width = 32> <Depth = 250> <RAM>
ST_2 : Operation 41 [1/2] ( I:1.23ns O:1.23ns )   --->   "%emissions_local_2_load = load i8 %emissions_local_2_addr" [/home/xiaorang/Documents/ATOMFLOW/atomflow_controller/atomflow_controller.cpp:139]   --->   Operation 41 'load' 'emissions_local_2_load' <Predicate = true> <Delay = 1.23> <CoreInst = "RAM">   --->   Core 82 'RAM' <Latency = 1> <II = 1> <Delay = 1.23> <Storage> <Opcode : 'load' 'store'> <Ports = 2> <Width = 32> <Depth = 250> <RAM>
ST_2 : Operation 42 [1/2] ( I:1.23ns O:1.23ns )   --->   "%emissions_local_3_load = load i8 %emissions_local_3_addr" [/home/xiaorang/Documents/ATOMFLOW/atomflow_controller/atomflow_controller.cpp:139]   --->   Operation 42 'load' 'emissions_local_3_load' <Predicate = true> <Delay = 1.23> <CoreInst = "RAM">   --->   Core 82 'RAM' <Latency = 1> <II = 1> <Delay = 1.23> <Storage> <Opcode : 'load' 'store'> <Ports = 2> <Width = 32> <Depth = 250> <RAM>
ST_2 : Operation 43 [1/2] ( I:1.23ns O:1.23ns )   --->   "%emissions_local_4_load = load i8 %emissions_local_4_addr" [/home/xiaorang/Documents/ATOMFLOW/atomflow_controller/atomflow_controller.cpp:139]   --->   Operation 43 'load' 'emissions_local_4_load' <Predicate = true> <Delay = 1.23> <CoreInst = "RAM">   --->   Core 82 'RAM' <Latency = 1> <II = 1> <Delay = 1.23> <Storage> <Opcode : 'load' 'store'> <Ports = 2> <Width = 32> <Depth = 250> <RAM>
ST_2 : Operation 44 [1/2] ( I:1.23ns O:1.23ns )   --->   "%emissions_local_5_load = load i8 %emissions_local_5_addr" [/home/xiaorang/Documents/ATOMFLOW/atomflow_controller/atomflow_controller.cpp:139]   --->   Operation 44 'load' 'emissions_local_5_load' <Predicate = true> <Delay = 1.23> <CoreInst = "RAM">   --->   Core 82 'RAM' <Latency = 1> <II = 1> <Delay = 1.23> <Storage> <Opcode : 'load' 'store'> <Ports = 2> <Width = 32> <Depth = 250> <RAM>
ST_2 : Operation 45 [1/2] ( I:1.23ns O:1.23ns )   --->   "%emissions_local_6_load = load i8 %emissions_local_6_addr" [/home/xiaorang/Documents/ATOMFLOW/atomflow_controller/atomflow_controller.cpp:139]   --->   Operation 45 'load' 'emissions_local_6_load' <Predicate = true> <Delay = 1.23> <CoreInst = "RAM">   --->   Core 82 'RAM' <Latency = 1> <II = 1> <Delay = 1.23> <Storage> <Opcode : 'load' 'store'> <Ports = 2> <Width = 32> <Depth = 250> <RAM>
ST_2 : Operation 46 [1/2] ( I:1.23ns O:1.23ns )   --->   "%emissions_local_7_load = load i8 %emissions_local_7_addr" [/home/xiaorang/Documents/ATOMFLOW/atomflow_controller/atomflow_controller.cpp:139]   --->   Operation 46 'load' 'emissions_local_7_load' <Predicate = true> <Delay = 1.23> <CoreInst = "RAM">   --->   Core 82 'RAM' <Latency = 1> <II = 1> <Delay = 1.23> <Storage> <Opcode : 'load' 'store'> <Ports = 2> <Width = 32> <Depth = 250> <RAM>
ST_2 : Operation 47 [1/1] (0.72ns)   --->   "%tmp = sparsemux i32 @_ssdm_op_SparseMux.ap_auto.8float.float.i3, i3 0, i32 %emissions_local_load, i3 1, i32 %emissions_local_1_load, i3 2, i32 %emissions_local_2_load, i3 3, i32 %emissions_local_3_load, i3 4, i32 %emissions_local_4_load, i3 5, i32 %emissions_local_5_load, i3 6, i32 %emissions_local_6_load, i3 7, i32 %emissions_local_7_load, i32 <undef>, i3 %trunc_ln136" [/home/xiaorang/Documents/ATOMFLOW/atomflow_controller/atomflow_controller.cpp:139]   --->   Operation 47 'sparsemux' 'tmp' <Predicate = true> <Delay = 0.72> <CoreInst = "BinarySparseMux_DontCare">   --->   Core 149 'BinarySparseMux_DontCare' <Latency = 0> <II = 1> <Delay = 0.72> <FuncUnit> <Opcode : 'sparsemux'> <InPorts = 2> <OutPorts = 1>
ST_2 : Operation 55 [1/1] (0.42ns)   --->   "%ret_ln0 = ret"   --->   Operation 55 'ret' 'ret_ln0' <Predicate = (!icmp_ln136)> <Delay = 0.42>

State 3 <SV = 2> <Delay = 7.30>
ST_3 : Operation 48 [1/1] (0.00ns)   --->   "%gmem3_addr = getelementptr i32 %gmem3, i64 %sext_ln136_cast" [/home/xiaorang/Documents/ATOMFLOW/atomflow_controller/atomflow_controller.cpp:136]   --->   Operation 48 'getelementptr' 'gmem3_addr' <Predicate = true> <Delay = 0.00>
ST_3 : Operation 49 [1/1] (0.00ns)   --->   "%specpipeline_ln137 = specpipeline void @_ssdm_op_SpecPipeline, i32 1, i32 0, i32 0, i32 0, void @empty_18" [/home/xiaorang/Documents/ATOMFLOW/atomflow_controller/atomflow_controller.cpp:137]   --->   Operation 49 'specpipeline' 'specpipeline_ln137' <Predicate = true> <Delay = 0.00>
ST_3 : Operation 50 [1/1] (0.00ns)   --->   "%speclooptripcount_ln138 = speclooptripcount void @_ssdm_op_SpecLoopTripCount, i64 1, i64 2000, i64 1000" [/home/xiaorang/Documents/ATOMFLOW/atomflow_controller/atomflow_controller.cpp:138]   --->   Operation 50 'speclooptripcount' 'speclooptripcount_ln138' <Predicate = true> <Delay = 0.00>
ST_3 : Operation 51 [1/1] (0.00ns)   --->   "%specloopname_ln136 = specloopname void @_ssdm_op_SpecLoopName, void @empty_42" [/home/xiaorang/Documents/ATOMFLOW/atomflow_controller/atomflow_controller.cpp:136]   --->   Operation 51 'specloopname' 'specloopname_ln136' <Predicate = true> <Delay = 0.00>
ST_3 : Operation 52 [1/1] (0.00ns)   --->   "%bitcast_ln139 = bitcast i32 %tmp" [/home/xiaorang/Documents/ATOMFLOW/atomflow_controller/atomflow_controller.cpp:139]   --->   Operation 52 'bitcast' 'bitcast_ln139' <Predicate = true> <Delay = 0.00>
ST_3 : Operation 53 [1/1] (7.30ns)   --->   "%write_ln139 = write void @_ssdm_op_Write.m_axi.p1i32, i64 %gmem3_addr, i32 %bitcast_ln139, i4 15" [/home/xiaorang/Documents/ATOMFLOW/atomflow_controller/atomflow_controller.cpp:139]   --->   Operation 53 'write' 'write_ln139' <Predicate = true> <Delay = 7.30> <CoreInst = "m_axi">   --->   Core 119 'm_axi' <Latency = 5> <II = 1> <Delay = 1.00> <Adapter> <Opcode : 'read' 'write' 'readreq' 'writereq' 'writeresp'>
ST_3 : Operation 54 [1/1] (0.00ns)   --->   "%br_ln136 = br void %for.inc" [/home/xiaorang/Documents/ATOMFLOW/atomflow_controller/atomflow_controller.cpp:136]   --->   Operation 54 'br' 'br_ln136' <Predicate = true> <Delay = 0.00>


============================================================
+ Verbose Summary: Binding
============================================================
STG Binding: 
---------------- STG Properties BEGIN ----------------
- Is combinational: 0
- Is one-state seq: 0
- Is datapath-only: 0
- Is pipelined: 0
- Is top level: 0
Port [ Return ] is wired: 1; IO mode=ap_ctrl_hs:ce=0
Port [ gmem3]:  wired=1; compound=1; hidden=0; nouse=0; global=0; static=0; extern=0; dir=1; type=4; pingpong=0; private_global=0; IO mode=m_axi:ce=0
Port [ atomLocationsSize]:  wired=1; compound=0; hidden=0; nouse=0; global=0; static=0; extern=0; dir=0; type=0; pingpong=0; private_global=0; IO mode=ap_none:ce=0
Port [ sext_ln136]:  wired=1; compound=0; hidden=0; nouse=0; global=0; static=0; extern=0; dir=0; type=0; pingpong=0; private_global=0; IO mode=ap_none:ce=0
Port [ emissions_local]:  wired=1; compound=1; hidden=0; nouse=0; global=0; static=0; extern=0; dir=0; type=1; pingpong=0; private_global=0; MemPort=[13]; IO mode=ap_memory:ce=0
Port [ emissions_local_1]:  wired=1; compound=1; hidden=0; nouse=0; global=0; static=0; extern=0; dir=0; type=1; pingpong=0; private_global=0; MemPort=[13]; IO mode=ap_memory:ce=0
Port [ emissions_local_2]:  wired=1; compound=1; hidden=0; nouse=0; global=0; static=0; extern=0; dir=0; type=1; pingpong=0; private_global=0; MemPort=[13]; IO mode=ap_memory:ce=0
Port [ emissions_local_3]:  wired=1; compound=1; hidden=0; nouse=0; global=0; static=0; extern=0; dir=0; type=1; pingpong=0; private_global=0; MemPort=[13]; IO mode=ap_memory:ce=0
Port [ emissions_local_4]:  wired=1; compound=1; hidden=0; nouse=0; global=0; static=0; extern=0; dir=0; type=1; pingpong=0; private_global=0; MemPort=[13]; IO mode=ap_memory:ce=0
Port [ emissions_local_5]:  wired=1; compound=1; hidden=0; nouse=0; global=0; static=0; extern=0; dir=0; type=1; pingpong=0; private_global=0; MemPort=[13]; IO mode=ap_memory:ce=0
Port [ emissions_local_6]:  wired=1; compound=1; hidden=0; nouse=0; global=0; static=0; extern=0; dir=0; type=1; pingpong=0; private_global=0; MemPort=[13]; IO mode=ap_memory:ce=0
Port [ emissions_local_7]:  wired=1; compound=1; hidden=0; nouse=0; global=0; static=0; extern=0; dir=0; type=1; pingpong=0; private_global=0; MemPort=[13]; IO mode=ap_memory:ce=0
---------------- STG Properties END ------------------

---------------- Datapath Model BEGIN ----------------

<LifeTime>
<method=bitvector/>
i                       (alloca           ) [ 0100]
sext_ln136_read         (read             ) [ 0000]
atomLocationsSize_read  (read             ) [ 0000]
sext_ln136_cast         (sext             ) [ 0111]
specinterface_ln0       (specinterface    ) [ 0000]
store_ln136             (store            ) [ 0000]
br_ln0                  (br               ) [ 0000]
i_152                   (load             ) [ 0000]
specbitsmap_ln0         (specbitsmap      ) [ 0000]
zext_ln136              (zext             ) [ 0000]
icmp_ln136              (icmp             ) [ 0110]
add_ln136               (add              ) [ 0000]
br_ln136                (br               ) [ 0000]
trunc_ln136             (trunc            ) [ 0110]
lshr_ln                 (partselect       ) [ 0000]
zext_ln136_1            (zext             ) [ 0000]
emissions_local_addr    (getelementptr    ) [ 0110]
emissions_local_1_addr  (getelementptr    ) [ 0110]
emissions_local_2_addr  (getelementptr    ) [ 0110]
emissions_local_3_addr  (getelementptr    ) [ 0110]
emissions_local_4_addr  (getelementptr    ) [ 0110]
emissions_local_5_addr  (getelementptr    ) [ 0110]
emissions_local_6_addr  (getelementptr    ) [ 0110]
emissions_local_7_addr  (getelementptr    ) [ 0110]
store_ln136             (store            ) [ 0000]
emissions_local_load    (load             ) [ 0000]
emissions_local_1_load  (load             ) [ 0000]
emissions_local_2_load  (load             ) [ 0000]
emissions_local_3_load  (load             ) [ 0000]
emissions_local_4_load  (load             ) [ 0000]
emissions_local_5_load  (load             ) [ 0000]
emissions_local_6_load  (load             ) [ 0000]
emissions_local_7_load  (load             ) [ 0000]
tmp                     (sparsemux        ) [ 0101]
gmem3_addr              (getelementptr    ) [ 0000]
specpipeline_ln137      (specpipeline     ) [ 0000]
speclooptripcount_ln138 (speclooptripcount) [ 0000]
specloopname_ln136      (specloopname     ) [ 0000]
bitcast_ln139           (bitcast          ) [ 0000]
write_ln139             (write            ) [ 0000]
br_ln136                (br               ) [ 0000]
ret_ln0                 (ret              ) [ 0000]
</LifeTime>

<model>

<comp_list>
<comp id="0" class="1000" name="gmem3">
<pin_list>
<pin id="1" dir="1" index="0" bw="1" slack="0"/>
</pin_list>
<bind>
<StgValue><ssdm name="gmem3"/><MemPortTyVec>1 </MemPortTyVec>
</StgValue>
</bind>
</comp>

<comp id="2" class="1000" name="atomLocationsSize">
<pin_list>
<pin id="3" dir="1" index="0" bw="1" slack="0"/>
</pin_list>
<bind>
<StgValue><ssdm name="atomLocationsSize"/></StgValue>
</bind>
</comp>

<comp id="4" class="1000" name="sext_ln136">
<pin_list>
<pin id="5" dir="1" index="0" bw="1" slack="0"/>
</pin_list>
<bind>
<StgValue><ssdm name="sext_ln136"/></StgValue>
</bind>
</comp>

<comp id="6" class="1000" name="emissions_local">
<pin_list>
<pin id="7" dir="1" index="0" bw="1" slack="0"/>
</pin_list>
<bind>
<StgValue><ssdm name="emissions_local"/><MemPortTyVec>1 3 </MemPortTyVec>
</StgValue>
</bind>
</comp>

<comp id="8" class="1000" name="emissions_local_1">
<pin_list>
<pin id="9" dir="1" index="0" bw="1" slack="0"/>
</pin_list>
<bind>
<StgValue><ssdm name="emissions_local_1"/><MemPortTyVec>1 3 </MemPortTyVec>
</StgValue>
</bind>
</comp>

<comp id="10" class="1000" name="emissions_local_2">
<pin_list>
<pin id="11" dir="1" index="0" bw="1" slack="0"/>
</pin_list>
<bind>
<StgValue><ssdm name="emissions_local_2"/><MemPortTyVec>1 3 </MemPortTyVec>
</StgValue>
</bind>
</comp>

<comp id="12" class="1000" name="emissions_local_3">
<pin_list>
<pin id="13" dir="1" index="0" bw="1" slack="0"/>
</pin_list>
<bind>
<StgValue><ssdm name="emissions_local_3"/><MemPortTyVec>1 3 </MemPortTyVec>
</StgValue>
</bind>
</comp>

<comp id="14" class="1000" name="emissions_local_4">
<pin_list>
<pin id="15" dir="1" index="0" bw="1" slack="0"/>
</pin_list>
<bind>
<StgValue><ssdm name="emissions_local_4"/><MemPortTyVec>1 3 </MemPortTyVec>
</StgValue>
</bind>
</comp>

<comp id="16" class="1000" name="emissions_local_5">
<pin_list>
<pin id="17" dir="1" index="0" bw="1" slack="0"/>
</pin_list>
<bind>
<StgValue><ssdm name="emissions_local_5"/><MemPortTyVec>1 3 </MemPortTyVec>
</StgValue>
</bind>
</comp>

<comp id="18" class="1000" name="emissions_local_6">
<pin_list>
<pin id="19" dir="1" index="0" bw="1" slack="0"/>
</pin_list>
<bind>
<StgValue><ssdm name="emissions_local_6"/><MemPortTyVec>1 3 </MemPortTyVec>
</StgValue>
</bind>
</comp>

<comp id="20" class="1000" name="emissions_local_7">
<pin_list>
<pin id="21" dir="1" index="0" bw="1" slack="0"/>
</pin_list>
<bind>
<StgValue><ssdm name="emissions_local_7"/><MemPortTyVec>1 3 </MemPortTyVec>
</StgValue>
</bind>
</comp>

<comp id="22" class="1001" name="const_22">
<pin_list>
<pin id="23" dir="1" index="0" bw="1" slack="0"/>
</pin_list>
<bind>
<StgValue><ssdm name=""/></StgValue>
</bind>
</comp>

<comp id="24" class="1001" name="const_24">
<pin_list>
<pin id="25" dir="1" index="0" bw="1" slack="0"/>
</pin_list>
<bind>
<StgValue><ssdm name="_ssdm_op_Read.ap_auto.i62"/></StgValue>
</bind>
</comp>

<comp id="26" class="1001" name="const_26">
<pin_list>
<pin id="27" dir="1" index="0" bw="1" slack="0"/>
</pin_list>
<bind>
<StgValue><ssdm name="_ssdm_op_Read.ap_auto.i32"/></StgValue>
</bind>
</comp>

<comp id="28" class="1001" name="const_28">
<pin_list>
<pin id="29" dir="1" index="0" bw="1" slack="2147483647"/>
</pin_list>
<bind>
<StgValue><ssdm name="_ssdm_op_SpecInterface"/></StgValue>
</bind>
</comp>

<comp id="30" class="1001" name="const_30">
<pin_list>
<pin id="31" dir="1" index="0" bw="1" slack="2147483647"/>
</pin_list>
<bind>
<StgValue><ssdm name="empty_41"/></StgValue>
</bind>
</comp>

<comp id="32" class="1001" name="const_32">
<pin_list>
<pin id="33" dir="1" index="0" bw="1" slack="2147483647"/>
</pin_list>
<bind>
<StgValue><ssdm name=""/></StgValue>
</bind>
</comp>

<comp id="34" class="1001" name="const_34">
<pin_list>
<pin id="35" dir="1" index="0" bw="1" slack="2147483647"/>
</pin_list>
<bind>
<StgValue><ssdm name="empty_18"/></StgValue>
</bind>
</comp>

<comp id="36" class="1001" name="const_36">
<pin_list>
<pin id="37" dir="1" index="0" bw="1" slack="2147483647"/>
</pin_list>
<bind>
<StgValue><ssdm name="empty_21"/></StgValue>
</bind>
</comp>

<comp id="38" class="1001" name="const_38">
<pin_list>
<pin id="39" dir="1" index="0" bw="1" slack="2147483647"/>
</pin_list>
<bind>
<StgValue><ssdm name="empty_4"/></StgValue>
</bind>
</comp>

<comp id="40" class="1001" name="const_40">
<pin_list>
<pin id="41" dir="1" index="0" bw="1" slack="2147483647"/>
</pin_list>
<bind>
<StgValue><ssdm name=""/></StgValue>
</bind>
</comp>

<comp id="42" class="1001" name="const_42">
<pin_list>
<pin id="43" dir="1" index="0" bw="1" slack="2147483647"/>
</pin_list>
<bind>
<StgValue><ssdm name=""/></StgValue>
</bind>
</comp>

<comp id="44" class="1001" name="const_44">
<pin_list>
<pin id="45" dir="1" index="0" bw="1" slack="0"/>
</pin_list>
<bind>
<StgValue><ssdm name=""/></StgValue>
</bind>
</comp>

<comp id="46" class="1001" name="const_46">
<pin_list>
<pin id="47" dir="1" index="0" bw="1" slack="2147483647"/>
</pin_list>
<bind>
<StgValue><ssdm name="_ssdm_op_SpecBitsMap"/></StgValue>
</bind>
</comp>

<comp id="48" class="1001" name="const_48">
<pin_list>
<pin id="49" dir="1" index="0" bw="1" slack="0"/>
</pin_list>
<bind>
<StgValue><ssdm name=""/></StgValue>
</bind>
</comp>

<comp id="50" class="1001" name="const_50">
<pin_list>
<pin id="51" dir="1" index="0" bw="1" slack="0"/>
</pin_list>
<bind>
<StgValue><ssdm name="_ssdm_op_PartSelect.i8.i31.i32.i32"/></StgValue>
</bind>
</comp>

<comp id="52" class="1001" name="const_52">
<pin_list>
<pin id="53" dir="1" index="0" bw="1" slack="0"/>
</pin_list>
<bind>
<StgValue><ssdm name=""/></StgValue>
</bind>
</comp>

<comp id="54" class="1001" name="const_54">
<pin_list>
<pin id="55" dir="1" index="0" bw="1" slack="0"/>
</pin_list>
<bind>
<StgValue><ssdm name=""/></StgValue>
</bind>
</comp>

<comp id="56" class="1001" name="const_56">
<pin_list>
<pin id="57" dir="1" index="0" bw="1" slack="0"/>
</pin_list>
<bind>
<StgValue><ssdm name=""/></StgValue>
</bind>
</comp>

<comp id="58" class="1001" name="const_58">
<pin_list>
<pin id="59" dir="1" index="0" bw="1" slack="0"/>
</pin_list>
<bind>
<StgValue><ssdm name="_ssdm_op_SparseMux.ap_auto.8float.float.i3"/></StgValue>
</bind>
</comp>

<comp id="60" class="1001" name="const_60">
<pin_list>
<pin id="61" dir="1" index="0" bw="1" slack="0"/>
</pin_list>
<bind>
<StgValue><ssdm name=""/></StgValue>
</bind>
</comp>

<comp id="62" class="1001" name="const_62">
<pin_list>
<pin id="63" dir="1" index="0" bw="1" slack="0"/>
</pin_list>
<bind>
<StgValue><ssdm name=""/></StgValue>
</bind>
</comp>

<comp id="64" class="1001" name="const_64">
<pin_list>
<pin id="65" dir="1" index="0" bw="1" slack="0"/>
</pin_list>
<bind>
<StgValue><ssdm name=""/></StgValue>
</bind>
</comp>

<comp id="66" class="1001" name="const_66">
<pin_list>
<pin id="67" dir="1" index="0" bw="1" slack="0"/>
</pin_list>
<bind>
<StgValue><ssdm name=""/></StgValue>
</bind>
</comp>

<comp id="68" class="1001" name="const_68">
<pin_list>
<pin id="69" dir="1" index="0" bw="1" slack="0"/>
</pin_list>
<bind>
<StgValue><ssdm name=""/></StgValue>
</bind>
</comp>

<comp id="70" class="1001" name="const_70">
<pin_list>
<pin id="71" dir="1" index="0" bw="1" slack="0"/>
</pin_list>
<bind>
<StgValue><ssdm name=""/></StgValue>
</bind>
</comp>

<comp id="72" class="1001" name="const_72">
<pin_list>
<pin id="73" dir="1" index="0" bw="1" slack="0"/>
</pin_list>
<bind>
<StgValue><ssdm name=""/></StgValue>
</bind>
</comp>

<comp id="74" class="1001" name="const_74">
<pin_list>
<pin id="75" dir="1" index="0" bw="1" slack="0"/>
</pin_list>
<bind>
<StgValue><ssdm name=""/></StgValue>
</bind>
</comp>

<comp id="76" class="1001" name="const_76">
<pin_list>
<pin id="77" dir="1" index="0" bw="1" slack="0"/>
</pin_list>
<bind>
<StgValue><ssdm name=""/></StgValue>
</bind>
</comp>

<comp id="78" class="1001" name="const_78">
<pin_list>
<pin id="79" dir="1" index="0" bw="1" slack="2147483647"/>
</pin_list>
<bind>
<StgValue><ssdm name="_ssdm_op_SpecPipeline"/></StgValue>
</bind>
</comp>

<comp id="80" class="1001" name="const_80">
<pin_list>
<pin id="81" dir="1" index="0" bw="1" slack="2147483647"/>
</pin_list>
<bind>
<StgValue><ssdm name="_ssdm_op_SpecLoopTripCount"/></StgValue>
</bind>
</comp>

<comp id="82" class="1001" name="const_82">
<pin_list>
<pin id="83" dir="1" index="0" bw="1" slack="2147483647"/>
</pin_list>
<bind>
<StgValue><ssdm name=""/></StgValue>
</bind>
</comp>

<comp id="84" class="1001" name="const_84">
<pin_list>
<pin id="85" dir="1" index="0" bw="1" slack="2147483647"/>
</pin_list>
<bind>
<StgValue><ssdm name=""/></StgValue>
</bind>
</comp>

<comp id="86" class="1001" name="const_86">
<pin_list>
<pin id="87" dir="1" index="0" bw="1" slack="2147483647"/>
</pin_list>
<bind>
<StgValue><ssdm name=""/></StgValue>
</bind>
</comp>

<comp id="88" class="1001" name="const_88">
<pin_list>
<pin id="89" dir="1" index="0" bw="1" slack="2147483647"/>
</pin_list>
<bind>
<StgValue><ssdm name="_ssdm_op_SpecLoopName"/></StgValue>
</bind>
</comp>

<comp id="90" class="1001" name="const_90">
<pin_list>
<pin id="91" dir="1" index="0" bw="1" slack="2147483647"/>
</pin_list>
<bind>
<StgValue><ssdm name="empty_42"/></StgValue>
</bind>
</comp>

<comp id="92" class="1001" name="const_92">
<pin_list>
<pin id="93" dir="1" index="0" bw="1" slack="0"/>
</pin_list>
<bind>
<StgValue><ssdm name="_ssdm_op_Write.m_axi.p1i32"/></StgValue>
</bind>
</comp>

<comp id="94" class="1001" name="const_94">
<pin_list>
<pin id="95" dir="1" index="0" bw="1" slack="0"/>
</pin_list>
<bind>
<StgValue><ssdm name=""/></StgValue>
</bind>
</comp>

<comp id="96" class="1004" name="i_fu_96">
<pin_list>
<pin id="97" dir="0" index="0" bw="1" slack="0"/>
<pin id="98" dir="1" index="1" bw="31" slack="0"/>
</pin_list>
<bind>
<opcode="alloca(26) " fcode="alloca"/>
<opset="i/1 "/>
</bind>
</comp>

<comp id="100" class="1004" name="sext_ln136_read_read_fu_100">
<pin_list>
<pin id="101" dir="0" index="0" bw="62" slack="0"/>
<pin id="102" dir="0" index="1" bw="62" slack="0"/>
<pin id="103" dir="1" index="2" bw="62" slack="0"/>
</pin_list>
<bind>
<opcode="read(1150) " fcode="read"/>
<opset="sext_ln136_read/1 "/>
</bind>
</comp>

<comp id="106" class="1004" name="atomLocationsSize_read_read_fu_106">
<pin_list>
<pin id="107" dir="0" index="0" bw="32" slack="0"/>
<pin id="108" dir="0" index="1" bw="32" slack="0"/>
<pin id="109" dir="1" index="2" bw="32" slack="0"/>
</pin_list>
<bind>
<opcode="read(1150) " fcode="read"/>
<opset="atomLocationsSize_read/1 "/>
</bind>
</comp>

<comp id="112" class="1004" name="write_ln139_write_fu_112">
<pin_list>
<pin id="113" dir="0" index="0" bw="0" slack="0"/>
<pin id="114" dir="0" index="1" bw="32" slack="0"/>
<pin id="115" dir="0" index="2" bw="32" slack="0"/>
<pin id="116" dir="0" index="3" bw="1" slack="0"/>
<pin id="117" dir="1" index="4" bw="0" slack="2147483647"/>
</pin_list>
<bind>
<opcode="write(1151) " fcode="write"/>
<opset="write_ln139/3 "/>
</bind>
</comp>

<comp id="120" class="1004" name="emissions_local_addr_gep_fu_120">
<pin_list>
<pin id="121" dir="0" index="0" bw="32" slack="0"/>
<pin id="122" dir="0" index="1" bw="1" slack="0"/>
<pin id="123" dir="0" index="2" bw="8" slack="0"/>
<pin id="124" dir="1" index="3" bw="8" slack="0"/>
</pin_list>
<bind>
<opcode="getelementptr(29) " fcode="getelementptr"/>
<opset="emissions_local_addr/1 "/>
</bind>
</comp>

<comp id="127" class="1004" name="emissions_local_1_addr_gep_fu_127">
<pin_list>
<pin id="128" dir="0" index="0" bw="32" slack="0"/>
<pin id="129" dir="0" index="1" bw="1" slack="0"/>
<pin id="130" dir="0" index="2" bw="8" slack="0"/>
<pin id="131" dir="1" index="3" bw="8" slack="0"/>
</pin_list>
<bind>
<opcode="getelementptr(29) " fcode="getelementptr"/>
<opset="emissions_local_1_addr/1 "/>
</bind>
</comp>

<comp id="134" class="1004" name="emissions_local_2_addr_gep_fu_134">
<pin_list>
<pin id="135" dir="0" index="0" bw="32" slack="0"/>
<pin id="136" dir="0" index="1" bw="1" slack="0"/>
<pin id="137" dir="0" index="2" bw="8" slack="0"/>
<pin id="138" dir="1" index="3" bw="8" slack="0"/>
</pin_list>
<bind>
<opcode="getelementptr(29) " fcode="getelementptr"/>
<opset="emissions_local_2_addr/1 "/>
</bind>
</comp>

<comp id="141" class="1004" name="emissions_local_3_addr_gep_fu_141">
<pin_list>
<pin id="142" dir="0" index="0" bw="32" slack="0"/>
<pin id="143" dir="0" index="1" bw="1" slack="0"/>
<pin id="144" dir="0" index="2" bw="8" slack="0"/>
<pin id="145" dir="1" index="3" bw="8" slack="0"/>
</pin_list>
<bind>
<opcode="getelementptr(29) " fcode="getelementptr"/>
<opset="emissions_local_3_addr/1 "/>
</bind>
</comp>

<comp id="148" class="1004" name="emissions_local_4_addr_gep_fu_148">
<pin_list>
<pin id="149" dir="0" index="0" bw="32" slack="0"/>
<pin id="150" dir="0" index="1" bw="1" slack="0"/>
<pin id="151" dir="0" index="2" bw="8" slack="0"/>
<pin id="152" dir="1" index="3" bw="8" slack="0"/>
</pin_list>
<bind>
<opcode="getelementptr(29) " fcode="getelementptr"/>
<opset="emissions_local_4_addr/1 "/>
</bind>
</comp>

<comp id="155" class="1004" name="emissions_local_5_addr_gep_fu_155">
<pin_list>
<pin id="156" dir="0" index="0" bw="32" slack="0"/>
<pin id="157" dir="0" index="1" bw="1" slack="0"/>
<pin id="158" dir="0" index="2" bw="8" slack="0"/>
<pin id="159" dir="1" index="3" bw="8" slack="0"/>
</pin_list>
<bind>
<opcode="getelementptr(29) " fcode="getelementptr"/>
<opset="emissions_local_5_addr/1 "/>
</bind>
</comp>

<comp id="162" class="1004" name="emissions_local_6_addr_gep_fu_162">
<pin_list>
<pin id="163" dir="0" index="0" bw="32" slack="0"/>
<pin id="164" dir="0" index="1" bw="1" slack="0"/>
<pin id="165" dir="0" index="2" bw="8" slack="0"/>
<pin id="166" dir="1" index="3" bw="8" slack="0"/>
</pin_list>
<bind>
<opcode="getelementptr(29) " fcode="getelementptr"/>
<opset="emissions_local_6_addr/1 "/>
</bind>
</comp>

<comp id="169" class="1004" name="emissions_local_7_addr_gep_fu_169">
<pin_list>
<pin id="170" dir="0" index="0" bw="32" slack="0"/>
<pin id="171" dir="0" index="1" bw="1" slack="0"/>
<pin id="172" dir="0" index="2" bw="8" slack="0"/>
<pin id="173" dir="1" index="3" bw="8" slack="0"/>
</pin_list>
<bind>
<opcode="getelementptr(29) " fcode="getelementptr"/>
<opset="emissions_local_7_addr/1 "/>
</bind>
</comp>

<comp id="176" class="1004" name="grp_access_fu_176">
<pin_list>
<pin id="177" dir="0" index="0" bw="8" slack="0"/>
<pin id="178" dir="0" index="1" bw="32" slack="2147483647"/>
<pin id="179" dir="0" index="2" bw="0" slack="2147483647"/>
<pin id="180" dir="1" index="3" bw="32" slack="0"/>
</pin_list>
<bind>
<opcode="load(27) " fcode="load"/>
<opset="emissions_local_load/1 "/>
</bind>
</comp>

<comp id="182" class="1004" name="grp_access_fu_182">
<pin_list>
<pin id="183" dir="0" index="0" bw="8" slack="0"/>
<pin id="184" dir="0" index="1" bw="32" slack="2147483647"/>
<pin id="185" dir="0" index="2" bw="0" slack="2147483647"/>
<pin id="186" dir="1" index="3" bw="32" slack="0"/>
</pin_list>
<bind>
<opcode="load(27) " fcode="load"/>
<opset="emissions_local_1_load/1 "/>
</bind>
</comp>

<comp id="188" class="1004" name="grp_access_fu_188">
<pin_list>
<pin id="189" dir="0" index="0" bw="8" slack="0"/>
<pin id="190" dir="0" index="1" bw="32" slack="2147483647"/>
<pin id="191" dir="0" index="2" bw="0" slack="2147483647"/>
<pin id="192" dir="1" index="3" bw="32" slack="0"/>
</pin_list>
<bind>
<opcode="load(27) " fcode="load"/>
<opset="emissions_local_2_load/1 "/>
</bind>
</comp>

<comp id="194" class="1004" name="grp_access_fu_194">
<pin_list>
<pin id="195" dir="0" index="0" bw="8" slack="0"/>
<pin id="196" dir="0" index="1" bw="32" slack="2147483647"/>
<pin id="197" dir="0" index="2" bw="0" slack="2147483647"/>
<pin id="198" dir="1" index="3" bw="32" slack="0"/>
</pin_list>
<bind>
<opcode="load(27) " fcode="load"/>
<opset="emissions_local_3_load/1 "/>
</bind>
</comp>

<comp id="200" class="1004" name="grp_access_fu_200">
<pin_list>
<pin id="201" dir="0" index="0" bw="8" slack="0"/>
<pin id="202" dir="0" index="1" bw="32" slack="2147483647"/>
<pin id="203" dir="0" index="2" bw="0" slack="2147483647"/>
<pin id="204" dir="1" index="3" bw="32" slack="0"/>
</pin_list>
<bind>
<opcode="load(27) " fcode="load"/>
<opset="emissions_local_4_load/1 "/>
</bind>
</comp>

<comp id="206" class="1004" name="grp_access_fu_206">
<pin_list>
<pin id="207" dir="0" index="0" bw="8" slack="0"/>
<pin id="208" dir="0" index="1" bw="32" slack="2147483647"/>
<pin id="209" dir="0" index="2" bw="0" slack="2147483647"/>
<pin id="210" dir="1" index="3" bw="32" slack="0"/>
</pin_list>
<bind>
<opcode="load(27) " fcode="load"/>
<opset="emissions_local_5_load/1 "/>
</bind>
</comp>

<comp id="212" class="1004" name="grp_access_fu_212">
<pin_list>
<pin id="213" dir="0" index="0" bw="8" slack="0"/>
<pin id="214" dir="0" index="1" bw="32" slack="2147483647"/>
<pin id="215" dir="0" index="2" bw="0" slack="2147483647"/>
<pin id="216" dir="1" index="3" bw="32" slack="0"/>
</pin_list>
<bind>
<opcode="load(27) " fcode="load"/>
<opset="emissions_local_6_load/1 "/>
</bind>
</comp>

<comp id="218" class="1004" name="grp_access_fu_218">
<pin_list>
<pin id="219" dir="0" index="0" bw="8" slack="0"/>
<pin id="220" dir="0" index="1" bw="32" slack="2147483647"/>
<pin id="221" dir="0" index="2" bw="0" slack="2147483647"/>
<pin id="222" dir="1" index="3" bw="32" slack="0"/>
</pin_list>
<bind>
<opcode="load(27) " fcode="load"/>
<opset="emissions_local_7_load/1 "/>
</bind>
</comp>

<comp id="224" class="1004" name="sext_ln136_cast_fu_224">
<pin_list>
<pin id="225" dir="0" index="0" bw="62" slack="0"/>
<pin id="226" dir="1" index="1" bw="64" slack="2"/>
</pin_list>
<bind>
<opcode="sext(35) " fcode="sext"/>
<opset="sext_ln136_cast/1 "/>
</bind>
</comp>

<comp id="228" class="1004" name="store_ln136_store_fu_228">
<pin_list>
<pin id="229" dir="0" index="0" bw="1" slack="0"/>
<pin id="230" dir="0" index="1" bw="31" slack="0"/>
<pin id="231" dir="1" index="2" bw="0" slack="2147483647"/>
</pin_list>
<bind>
<opcode="store(28) " fcode="store"/>
<opset="store_ln136/1 "/>
</bind>
</comp>

<comp id="233" class="1004" name="i_152_load_fu_233">
<pin_list>
<pin id="234" dir="0" index="0" bw="31" slack="0"/>
<pin id="235" dir="1" index="1" bw="31" slack="0"/>
</pin_list>
<bind>
<opcode="load(27) " fcode="load"/>
<opset="i_152/1 "/>
</bind>
</comp>

<comp id="236" class="1004" name="zext_ln136_fu_236">
<pin_list>
<pin id="237" dir="0" index="0" bw="31" slack="0"/>
<pin id="238" dir="1" index="1" bw="32" slack="0"/>
</pin_list>
<bind>
<opcode="zext(34) " fcode="zext"/>
<opset="zext_ln136/1 "/>
</bind>
</comp>

<comp id="240" class="1004" name="icmp_ln136_fu_240">
<pin_list>
<pin id="241" dir="0" index="0" bw="32" slack="0"/>
<pin id="242" dir="0" index="1" bw="32" slack="0"/>
<pin id="243" dir="1" index="2" bw="1" slack="1"/>
</pin_list>
<bind>
<opcode="icmp(45) " fcode="icmp"/>
<opset="icmp_ln136/1 "/>
</bind>
</comp>

<comp id="246" class="1004" name="add_ln136_fu_246">
<pin_list>
<pin id="247" dir="0" index="0" bw="31" slack="0"/>
<pin id="248" dir="0" index="1" bw="1" slack="0"/>
<pin id="249" dir="1" index="2" bw="31" slack="0"/>
</pin_list>
<bind>
<opcode="add(8) " fcode="add"/>
<opset="add_ln136/1 "/>
</bind>
</comp>

<comp id="252" class="1004" name="trunc_ln136_fu_252">
<pin_list>
<pin id="253" dir="0" index="0" bw="31" slack="0"/>
<pin id="254" dir="1" index="1" bw="3" slack="1"/>
</pin_list>
<bind>
<opcode="trunc(33) " fcode="trunc"/>
<opset="trunc_ln136/1 "/>
</bind>
</comp>

<comp id="256" class="1004" name="lshr_ln_fu_256">
<pin_list>
<pin id="257" dir="0" index="0" bw="8" slack="0"/>
<pin id="258" dir="0" index="1" bw="31" slack="0"/>
<pin id="259" dir="0" index="2" bw="3" slack="0"/>
<pin id="260" dir="0" index="3" bw="5" slack="0"/>
<pin id="261" dir="1" index="4" bw="8" slack="0"/>
</pin_list>
<bind>
<opcode="partselect(1002) " fcode="partselect"/>
<opset="lshr_ln/1 "/>
</bind>
</comp>

<comp id="266" class="1004" name="zext_ln136_1_fu_266">
<pin_list>
<pin id="267" dir="0" index="0" bw="8" slack="0"/>
<pin id="268" dir="1" index="1" bw="64" slack="0"/>
</pin_list>
<bind>
<opcode="zext(34) " fcode="zext"/>
<opset="zext_ln136_1/1 "/>
</bind>
</comp>

<comp id="278" class="1004" name="store_ln136_store_fu_278">
<pin_list>
<pin id="279" dir="0" index="0" bw="31" slack="0"/>
<pin id="280" dir="0" index="1" bw="31" slack="0"/>
<pin id="281" dir="1" index="2" bw="0" slack="2147483647"/>
</pin_list>
<bind>
<opcode="store(28) " fcode="store"/>
<opset="store_ln136/1 "/>
</bind>
</comp>

<comp id="283" class="1004" name="tmp_fu_283">
<pin_list>
<pin id="284" dir="0" index="0" bw="32" slack="0"/>
<pin id="285" dir="0" index="1" bw="3" slack="0"/>
<pin id="286" dir="0" index="2" bw="32" slack="0"/>
<pin id="287" dir="0" index="3" bw="3" slack="0"/>
<pin id="288" dir="0" index="4" bw="32" slack="0"/>
<pin id="289" dir="0" index="5" bw="3" slack="0"/>
<pin id="290" dir="0" index="6" bw="32" slack="0"/>
<pin id="291" dir="0" index="7" bw="3" slack="0"/>
<pin id="292" dir="0" index="8" bw="32" slack="0"/>
<pin id="293" dir="0" index="9" bw="3" slack="0"/>
<pin id="294" dir="0" index="10" bw="32" slack="0"/>
<pin id="295" dir="0" index="11" bw="3" slack="0"/>
<pin id="296" dir="0" index="12" bw="32" slack="0"/>
<pin id="297" dir="0" index="13" bw="3" slack="0"/>
<pin id="298" dir="0" index="14" bw="32" slack="0"/>
<pin id="299" dir="0" index="15" bw="3" slack="0"/>
<pin id="300" dir="0" index="16" bw="32" slack="0"/>
<pin id="301" dir="0" index="17" bw="32" slack="0"/>
<pin id="302" dir="0" index="18" bw="3" slack="1"/>
<pin id="303" dir="1" index="19" bw="32" slack="1"/>
</pin_list>
<bind>
<opcode="sparsemux(1197) " fcode="sparsemux"/>
<opset="tmp/2 "/>
</bind>
</comp>

<comp id="322" class="1004" name="gmem3_addr_fu_322">
<pin_list>
<pin id="323" dir="0" index="0" bw="64" slack="0"/>
<pin id="324" dir="0" index="1" bw="64" slack="2"/>
<pin id="325" dir="1" index="2" bw="64" slack="0"/>
</pin_list>
<bind>
<opcode="getelementptr(29) " fcode="getelementptr"/>
<opset="gmem3_addr/3 "/>
</bind>
</comp>

<comp id="328" class="1004" name="bitcast_ln139_fu_328">
<pin_list>
<pin id="329" dir="0" index="0" bw="32" slack="1"/>
<pin id="330" dir="1" index="1" bw="32" slack="0"/>
</pin_list>
<bind>
<opcode="bitcast(44) " fcode="bitcast"/>
<opset="bitcast_ln139/3 "/>
</bind>
</comp>

<comp id="332" class="1005" name="i_reg_332">
<pin_list>
<pin id="333" dir="0" index="0" bw="31" slack="0"/>
<pin id="334" dir="1" index="1" bw="31" slack="0"/>
</pin_list>
<bind>
<opset="i "/>
</bind>
</comp>

<comp id="339" class="1005" name="sext_ln136_cast_reg_339">
<pin_list>
<pin id="340" dir="0" index="0" bw="64" slack="2"/>
<pin id="341" dir="1" index="1" bw="64" slack="2"/>
</pin_list>
<bind>
<opset="sext_ln136_cast "/>
</bind>
</comp>

<comp id="344" class="1005" name="icmp_ln136_reg_344">
<pin_list>
<pin id="345" dir="0" index="0" bw="1" slack="1"/>
<pin id="346" dir="1" index="1" bw="1" slack="2147483647"/>
</pin_list>
<bind>
<opset="icmp_ln136 "/>
</bind>
</comp>

<comp id="348" class="1005" name="trunc_ln136_reg_348">
<pin_list>
<pin id="349" dir="0" index="0" bw="3" slack="1"/>
<pin id="350" dir="1" index="1" bw="3" slack="1"/>
</pin_list>
<bind>
<opset="trunc_ln136 "/>
</bind>
</comp>

<comp id="353" class="1005" name="emissions_local_addr_reg_353">
<pin_list>
<pin id="354" dir="0" index="0" bw="8" slack="1"/>
<pin id="355" dir="1" index="1" bw="8" slack="1"/>
</pin_list>
<bind>
<opset="emissions_local_addr "/>
</bind>
</comp>

<comp id="358" class="1005" name="emissions_local_1_addr_reg_358">
<pin_list>
<pin id="359" dir="0" index="0" bw="8" slack="1"/>
<pin id="360" dir="1" index="1" bw="8" slack="1"/>
</pin_list>
<bind>
<opset="emissions_local_1_addr "/>
</bind>
</comp>

<comp id="363" class="1005" name="emissions_local_2_addr_reg_363">
<pin_list>
<pin id="364" dir="0" index="0" bw="8" slack="1"/>
<pin id="365" dir="1" index="1" bw="8" slack="1"/>
</pin_list>
<bind>
<opset="emissions_local_2_addr "/>
</bind>
</comp>

<comp id="368" class="1005" name="emissions_local_3_addr_reg_368">
<pin_list>
<pin id="369" dir="0" index="0" bw="8" slack="1"/>
<pin id="370" dir="1" index="1" bw="8" slack="1"/>
</pin_list>
<bind>
<opset="emissions_local_3_addr "/>
</bind>
</comp>

<comp id="373" class="1005" name="emissions_local_4_addr_reg_373">
<pin_list>
<pin id="374" dir="0" index="0" bw="8" slack="1"/>
<pin id="375" dir="1" index="1" bw="8" slack="1"/>
</pin_list>
<bind>
<opset="emissions_local_4_addr "/>
</bind>
</comp>

<comp id="378" class="1005" name="emissions_local_5_addr_reg_378">
<pin_list>
<pin id="379" dir="0" index="0" bw="8" slack="1"/>
<pin id="380" dir="1" index="1" bw="8" slack="1"/>
</pin_list>
<bind>
<opset="emissions_local_5_addr "/>
</bind>
</comp>

<comp id="383" class="1005" name="emissions_local_6_addr_reg_383">
<pin_list>
<pin id="384" dir="0" index="0" bw="8" slack="1"/>
<pin id="385" dir="1" index="1" bw="8" slack="1"/>
</pin_list>
<bind>
<opset="emissions_local_6_addr "/>
</bind>
</comp>

<comp id="388" class="1005" name="emissions_local_7_addr_reg_388">
<pin_list>
<pin id="389" dir="0" index="0" bw="8" slack="1"/>
<pin id="390" dir="1" index="1" bw="8" slack="1"/>
</pin_list>
<bind>
<opset="emissions_local_7_addr "/>
</bind>
</comp>

<comp id="393" class="1005" name="tmp_reg_393">
<pin_list>
<pin id="394" dir="0" index="0" bw="32" slack="1"/>
<pin id="395" dir="1" index="1" bw="32" slack="1"/>
</pin_list>
<bind>
<opset="tmp "/>
</bind>
</comp>

</comp_list>

<net_list>
<net id="99"><net_src comp="22" pin="0"/><net_sink comp="96" pin=0"/></net>

<net id="104"><net_src comp="24" pin="0"/><net_sink comp="100" pin=0"/></net>

<net id="105"><net_src comp="4" pin="0"/><net_sink comp="100" pin=1"/></net>

<net id="110"><net_src comp="26" pin="0"/><net_sink comp="106" pin=0"/></net>

<net id="111"><net_src comp="2" pin="0"/><net_sink comp="106" pin=1"/></net>

<net id="118"><net_src comp="92" pin="0"/><net_sink comp="112" pin=0"/></net>

<net id="119"><net_src comp="94" pin="0"/><net_sink comp="112" pin=3"/></net>

<net id="125"><net_src comp="6" pin="0"/><net_sink comp="120" pin=0"/></net>

<net id="126"><net_src comp="56" pin="0"/><net_sink comp="120" pin=1"/></net>

<net id="132"><net_src comp="8" pin="0"/><net_sink comp="127" pin=0"/></net>

<net id="133"><net_src comp="56" pin="0"/><net_sink comp="127" pin=1"/></net>

<net id="139"><net_src comp="10" pin="0"/><net_sink comp="134" pin=0"/></net>

<net id="140"><net_src comp="56" pin="0"/><net_sink comp="134" pin=1"/></net>

<net id="146"><net_src comp="12" pin="0"/><net_sink comp="141" pin=0"/></net>

<net id="147"><net_src comp="56" pin="0"/><net_sink comp="141" pin=1"/></net>

<net id="153"><net_src comp="14" pin="0"/><net_sink comp="148" pin=0"/></net>

<net id="154"><net_src comp="56" pin="0"/><net_sink comp="148" pin=1"/></net>

<net id="160"><net_src comp="16" pin="0"/><net_sink comp="155" pin=0"/></net>

<net id="161"><net_src comp="56" pin="0"/><net_sink comp="155" pin=1"/></net>

<net id="167"><net_src comp="18" pin="0"/><net_sink comp="162" pin=0"/></net>

<net id="168"><net_src comp="56" pin="0"/><net_sink comp="162" pin=1"/></net>

<net id="174"><net_src comp="20" pin="0"/><net_sink comp="169" pin=0"/></net>

<net id="175"><net_src comp="56" pin="0"/><net_sink comp="169" pin=1"/></net>

<net id="181"><net_src comp="120" pin="3"/><net_sink comp="176" pin=0"/></net>

<net id="187"><net_src comp="127" pin="3"/><net_sink comp="182" pin=0"/></net>

<net id="193"><net_src comp="134" pin="3"/><net_sink comp="188" pin=0"/></net>

<net id="199"><net_src comp="141" pin="3"/><net_sink comp="194" pin=0"/></net>

<net id="205"><net_src comp="148" pin="3"/><net_sink comp="200" pin=0"/></net>

<net id="211"><net_src comp="155" pin="3"/><net_sink comp="206" pin=0"/></net>

<net id="217"><net_src comp="162" pin="3"/><net_sink comp="212" pin=0"/></net>

<net id="223"><net_src comp="169" pin="3"/><net_sink comp="218" pin=0"/></net>

<net id="227"><net_src comp="100" pin="2"/><net_sink comp="224" pin=0"/></net>

<net id="232"><net_src comp="44" pin="0"/><net_sink comp="228" pin=0"/></net>

<net id="239"><net_src comp="233" pin="1"/><net_sink comp="236" pin=0"/></net>

<net id="244"><net_src comp="236" pin="1"/><net_sink comp="240" pin=0"/></net>

<net id="245"><net_src comp="106" pin="2"/><net_sink comp="240" pin=1"/></net>

<net id="250"><net_src comp="233" pin="1"/><net_sink comp="246" pin=0"/></net>

<net id="251"><net_src comp="48" pin="0"/><net_sink comp="246" pin=1"/></net>

<net id="255"><net_src comp="233" pin="1"/><net_sink comp="252" pin=0"/></net>

<net id="262"><net_src comp="50" pin="0"/><net_sink comp="256" pin=0"/></net>

<net id="263"><net_src comp="233" pin="1"/><net_sink comp="256" pin=1"/></net>

<net id="264"><net_src comp="52" pin="0"/><net_sink comp="256" pin=2"/></net>

<net id="265"><net_src comp="54" pin="0"/><net_sink comp="256" pin=3"/></net>

<net id="269"><net_src comp="256" pin="4"/><net_sink comp="266" pin=0"/></net>

<net id="270"><net_src comp="266" pin="1"/><net_sink comp="120" pin=2"/></net>

<net id="271"><net_src comp="266" pin="1"/><net_sink comp="127" pin=2"/></net>

<net id="272"><net_src comp="266" pin="1"/><net_sink comp="134" pin=2"/></net>

<net id="273"><net_src comp="266" pin="1"/><net_sink comp="141" pin=2"/></net>

<net id="274"><net_src comp="266" pin="1"/><net_sink comp="148" pin=2"/></net>

<net id="275"><net_src comp="266" pin="1"/><net_sink comp="155" pin=2"/></net>

<net id="276"><net_src comp="266" pin="1"/><net_sink comp="162" pin=2"/></net>

<net id="277"><net_src comp="266" pin="1"/><net_sink comp="169" pin=2"/></net>

<net id="282"><net_src comp="246" pin="2"/><net_sink comp="278" pin=0"/></net>

<net id="304"><net_src comp="58" pin="0"/><net_sink comp="283" pin=0"/></net>

<net id="305"><net_src comp="60" pin="0"/><net_sink comp="283" pin=1"/></net>

<net id="306"><net_src comp="176" pin="3"/><net_sink comp="283" pin=2"/></net>

<net id="307"><net_src comp="62" pin="0"/><net_sink comp="283" pin=3"/></net>

<net id="308"><net_src comp="182" pin="3"/><net_sink comp="283" pin=4"/></net>

<net id="309"><net_src comp="64" pin="0"/><net_sink comp="283" pin=5"/></net>

<net id="310"><net_src comp="188" pin="3"/><net_sink comp="283" pin=6"/></net>

<net id="311"><net_src comp="66" pin="0"/><net_sink comp="283" pin=7"/></net>

<net id="312"><net_src comp="194" pin="3"/><net_sink comp="283" pin=8"/></net>

<net id="313"><net_src comp="68" pin="0"/><net_sink comp="283" pin=9"/></net>

<net id="314"><net_src comp="200" pin="3"/><net_sink comp="283" pin=10"/></net>

<net id="315"><net_src comp="70" pin="0"/><net_sink comp="283" pin=11"/></net>

<net id="316"><net_src comp="206" pin="3"/><net_sink comp="283" pin=12"/></net>

<net id="317"><net_src comp="72" pin="0"/><net_sink comp="283" pin=13"/></net>

<net id="318"><net_src comp="212" pin="3"/><net_sink comp="283" pin=14"/></net>

<net id="319"><net_src comp="74" pin="0"/><net_sink comp="283" pin=15"/></net>

<net id="320"><net_src comp="218" pin="3"/><net_sink comp="283" pin=16"/></net>

<net id="321"><net_src comp="76" pin="0"/><net_sink comp="283" pin=17"/></net>

<net id="326"><net_src comp="0" pin="0"/><net_sink comp="322" pin=0"/></net>

<net id="327"><net_src comp="322" pin="2"/><net_sink comp="112" pin=1"/></net>

<net id="331"><net_src comp="328" pin="1"/><net_sink comp="112" pin=2"/></net>

<net id="335"><net_src comp="96" pin="1"/><net_sink comp="332" pin=0"/></net>

<net id="336"><net_src comp="332" pin="1"/><net_sink comp="228" pin=1"/></net>

<net id="337"><net_src comp="332" pin="1"/><net_sink comp="233" pin=0"/></net>

<net id="338"><net_src comp="332" pin="1"/><net_sink comp="278" pin=1"/></net>

<net id="342"><net_src comp="224" pin="1"/><net_sink comp="339" pin=0"/></net>

<net id="343"><net_src comp="339" pin="1"/><net_sink comp="322" pin=1"/></net>

<net id="347"><net_src comp="240" pin="2"/><net_sink comp="344" pin=0"/></net>

<net id="351"><net_src comp="252" pin="1"/><net_sink comp="348" pin=0"/></net>

<net id="352"><net_src comp="348" pin="1"/><net_sink comp="283" pin=18"/></net>

<net id="356"><net_src comp="120" pin="3"/><net_sink comp="353" pin=0"/></net>

<net id="357"><net_src comp="353" pin="1"/><net_sink comp="176" pin=0"/></net>

<net id="361"><net_src comp="127" pin="3"/><net_sink comp="358" pin=0"/></net>

<net id="362"><net_src comp="358" pin="1"/><net_sink comp="182" pin=0"/></net>

<net id="366"><net_src comp="134" pin="3"/><net_sink comp="363" pin=0"/></net>

<net id="367"><net_src comp="363" pin="1"/><net_sink comp="188" pin=0"/></net>

<net id="371"><net_src comp="141" pin="3"/><net_sink comp="368" pin=0"/></net>

<net id="372"><net_src comp="368" pin="1"/><net_sink comp="194" pin=0"/></net>

<net id="376"><net_src comp="148" pin="3"/><net_sink comp="373" pin=0"/></net>

<net id="377"><net_src comp="373" pin="1"/><net_sink comp="200" pin=0"/></net>

<net id="381"><net_src comp="155" pin="3"/><net_sink comp="378" pin=0"/></net>

<net id="382"><net_src comp="378" pin="1"/><net_sink comp="206" pin=0"/></net>

<net id="386"><net_src comp="162" pin="3"/><net_sink comp="383" pin=0"/></net>

<net id="387"><net_src comp="383" pin="1"/><net_sink comp="212" pin=0"/></net>

<net id="391"><net_src comp="169" pin="3"/><net_sink comp="388" pin=0"/></net>

<net id="392"><net_src comp="388" pin="1"/><net_sink comp="218" pin=0"/></net>

<net id="396"><net_src comp="283" pin="19"/><net_sink comp="393" pin=0"/></net>

<net id="397"><net_src comp="393" pin="1"/><net_sink comp="328" pin=0"/></net>

</net_list>

</model> 
---------------- Datapath Model END ------------------

* FSMD analyzer results:
  - Output states:
	Port: gmem3 | {3 }
 - Input state : 
	Port: atomflow_controller_Pipeline_VITIS_LOOP_136_1 : gmem3 | {}
	Port: atomflow_controller_Pipeline_VITIS_LOOP_136_1 : atomLocationsSize | {1 }
	Port: atomflow_controller_Pipeline_VITIS_LOOP_136_1 : sext_ln136 | {1 }
	Port: atomflow_controller_Pipeline_VITIS_LOOP_136_1 : emissions_local | {1 2 }
	Port: atomflow_controller_Pipeline_VITIS_LOOP_136_1 : emissions_local_1 | {1 2 }
	Port: atomflow_controller_Pipeline_VITIS_LOOP_136_1 : emissions_local_2 | {1 2 }
	Port: atomflow_controller_Pipeline_VITIS_LOOP_136_1 : emissions_local_3 | {1 2 }
	Port: atomflow_controller_Pipeline_VITIS_LOOP_136_1 : emissions_local_4 | {1 2 }
	Port: atomflow_controller_Pipeline_VITIS_LOOP_136_1 : emissions_local_5 | {1 2 }
	Port: atomflow_controller_Pipeline_VITIS_LOOP_136_1 : emissions_local_6 | {1 2 }
	Port: atomflow_controller_Pipeline_VITIS_LOOP_136_1 : emissions_local_7 | {1 2 }
  - Chain level:
	State 1
		store_ln136 : 1
		i_152 : 1
		zext_ln136 : 2
		icmp_ln136 : 3
		add_ln136 : 2
		br_ln136 : 4
		trunc_ln136 : 2
		lshr_ln : 2
		zext_ln136_1 : 3
		emissions_local_addr : 4
		emissions_local_1_addr : 4
		emissions_local_2_addr : 4
		emissions_local_3_addr : 4
		emissions_local_4_addr : 4
		emissions_local_5_addr : 4
		emissions_local_6_addr : 4
		emissions_local_7_addr : 4
		emissions_local_load : 5
		emissions_local_1_load : 5
		emissions_local_2_load : 5
		emissions_local_3_load : 5
		emissions_local_4_load : 5
		emissions_local_5_load : 5
		emissions_local_6_load : 5
		emissions_local_7_load : 5
		store_ln136 : 3
	State 2
		tmp : 1
	State 3
		write_ln139 : 1


============================================================
+ Verbose Summary: Datapath Resource usage 
============================================================

* Functional unit list:
|----------|------------------------------------|---------|---------|
| Operation|           Functional Unit          |    FF   |   LUT   |
|----------|------------------------------------|---------|---------|
| sparsemux|             tmp_fu_283             |    0    |    43   |
|----------|------------------------------------|---------|---------|
|   icmp   |          icmp_ln136_fu_240         |    0    |    39   |
|----------|------------------------------------|---------|---------|
|    add   |          add_ln136_fu_246          |    0    |    38   |
|----------|------------------------------------|---------|---------|
|   read   |     sext_ln136_read_read_fu_100    |    0    |    0    |
|          | atomLocationsSize_read_read_fu_106 |    0    |    0    |
|----------|------------------------------------|---------|---------|
|   write  |      write_ln139_write_fu_112      |    0    |    0    |
|----------|------------------------------------|---------|---------|
|   sext   |       sext_ln136_cast_fu_224       |    0    |    0    |
|----------|------------------------------------|---------|---------|
|   zext   |          zext_ln136_fu_236         |    0    |    0    |
|          |         zext_ln136_1_fu_266        |    0    |    0    |
|----------|------------------------------------|---------|---------|
|   trunc  |         trunc_ln136_fu_252         |    0    |    0    |
|----------|------------------------------------|---------|---------|
|partselect|           lshr_ln_fu_256           |    0    |    0    |
|----------|------------------------------------|---------|---------|
|   Total  |                                    |    0    |   120   |
|----------|------------------------------------|---------|---------|

Memories:
N/A

* Register list:
+------------------------------+--------+
|                              |   FF   |
+------------------------------+--------+
|emissions_local_1_addr_reg_358|    8   |
|emissions_local_2_addr_reg_363|    8   |
|emissions_local_3_addr_reg_368|    8   |
|emissions_local_4_addr_reg_373|    8   |
|emissions_local_5_addr_reg_378|    8   |
|emissions_local_6_addr_reg_383|    8   |
|emissions_local_7_addr_reg_388|    8   |
| emissions_local_addr_reg_353 |    8   |
|           i_reg_332          |   31   |
|      icmp_ln136_reg_344      |    1   |
|    sext_ln136_cast_reg_339   |   64   |
|          tmp_reg_393         |   32   |
|      trunc_ln136_reg_348     |    3   |
+------------------------------+--------+
|             Total            |   195  |
+------------------------------+--------+

* Multiplexer (MUX) list: 
|-------------------|------|------|------|--------||---------||---------||---------|
|        Comp       |  Pin | Size |  BW  | S x BW ||  Delay  ||    FF   ||   LUT   |
|-------------------|------|------|------|--------||---------||---------||---------|
| grp_access_fu_176 |  p0  |   2  |   8  |   16   ||    0    ||    9    |
| grp_access_fu_182 |  p0  |   2  |   8  |   16   ||    0    ||    9    |
| grp_access_fu_188 |  p0  |   2  |   8  |   16   ||    0    ||    9    |
| grp_access_fu_194 |  p0  |   2  |   8  |   16   ||    0    ||    9    |
| grp_access_fu_200 |  p0  |   2  |   8  |   16   ||    0    ||    9    |
| grp_access_fu_206 |  p0  |   2  |   8  |   16   ||    0    ||    9    |
| grp_access_fu_212 |  p0  |   2  |   8  |   16   ||    0    ||    9    |
| grp_access_fu_218 |  p0  |   2  |   8  |   16   ||    0    ||    9    |
|-------------------|------|------|------|--------||---------||---------||---------|
|       Total       |      |      |      |   128  ||  3.416  ||    0    ||    72   |
|-------------------|------|------|------|--------||---------||---------||---------|



* Summary:
+-----------+--------+--------+--------+
|           |  Delay |   FF   |   LUT  |
+-----------+--------+--------+--------+
|  Function |    -   |    0   |   120  |
|   Memory  |    -   |    -   |    -   |
|Multiplexer|    3   |    0   |   72   |
|  Register |    -   |   195  |    -   |
+-----------+--------+--------+--------+
|   Total   |    3   |   195  |   192  |
+-----------+--------+--------+--------+
