

================================================================
== Vitis HLS Report for 'atomflow_controller_Pipeline_VITIS_LOOP_136_1'
================================================================
* Date:           Sat Mar 28 14:02:27 2026

* Version:        2024.2 (Build 5238294 on Nov  8 2024)
* Project:        atomflow_controller_2024_2
* Solution:       hls (Vivado IP Flow Target)
* Product family: zynquplusRFSOC
* Target device:  xczu49dr-ffvf1760-2-e


================================================================
== Performance Estimates
================================================================
+ Timing: 
    * Summary: 
    +--------+----------+----------+------------+
    |  Clock |  Target  | Estimated| Uncertainty|
    +--------+----------+----------+------------+
    |ap_clk  |  10.00 ns|  7.300 ns|     2.70 ns|
    +--------+----------+----------+------------+

+ Latency: 
    * Summary: 
    +---------+---------+-----------+-----------+-----+------+------------------------------------------------+
    |  Latency (cycles) |   Latency (absolute)  |  Interval  |                    Pipeline                    |
    |   min   |   max   |    min    |    max    | min |  max |                      Type                      |
    +---------+---------+-----------+-----------+-----+------+------------------------------------------------+
    |        4|     2003|  40.000 ns|  20.030 us|    2|  2001|  loop auto-rewind stp (delay=0 clock cycles(s))|
    +---------+---------+-----------+-----------+-----+------+------------------------------------------------+

    + Detail: 
        * Instance: 
        N/A

        * Loop: 
        +--------------------+---------+---------+----------+-----------+-----------+----------+----------+
        |                    |  Latency (cycles) | Iteration|  Initiation Interval  |   Trip   |          |
        |      Loop Name     |   min   |   max   |  Latency |  achieved |   target  |   Count  | Pipelined|
        +--------------------+---------+---------+----------+-----------+-----------+----------+----------+
        |- VITIS_LOOP_136_1  |        2|     2001|         3|          1|          1|  1 ~ 2000|       yes|
        +--------------------+---------+---------+----------+-----------+-----------+----------+----------+

============================================================
+ Verbose Summary: Synthesis Manager
============================================================
InlineROM: 1
ExposeGlobal: 0
============================================================
+ Verbose Summary: CDFG Model
============================================================
IsTopModel: 0
ResetActiveHigh: 1
IsCombinational: 0
IsDatapathOnly: 0
HasWiredReturn: 1
HasMFsm: 2
HasVarLatency: 1
IsPipeline: 0
IsRtlPipelined: 0
IsInstanceOverlapped: 0
IsDontTouch: 0
HasImplIP: 0
IsGatedGlobalClock: 0

+ Individual pipeline summary: 
  * Pipeline-0: initiation interval (II) = 1, depth = 3


============================================================
+ Verbose Summary: Schedule
============================================================
* Number of FSM states : 3
* Pipeline : 1
  Pipeline-0 : II = 1, D = 3, States = { 1 2 3 }
* Dataflow Pipeline: 0

* FSM state transitions: 
1 --> 2 
2 --> 3 
3 --> 

* FSM state operations: 

State 1 <SV = 0> <Delay = 1.87>
ST_1 : Operation 6 [1/1] (0.00ns)   --->   "%i = alloca i32 1" [/home/xiaorang/Documents/ATOMFLOW/atomflow_controller/atomflow_controller.cpp:136]   --->   Operation 6 'alloca' 'i' <Predicate = true> <Delay = 0.00>
ST_1 : Operation 7 [1/1] (0.00ns)   --->   "%sext_ln136_read = read i62 @_ssdm_op_Read.ap_auto.i62, i62 %sext_ln136"   --->   Operation 7 'read' 'sext_ln136_read' <Predicate = true> <Delay = 0.00>
ST_1 : Operation 8 [1/1] (0.00ns)   --->   "%atomLocationsSize_read = read i32 @_ssdm_op_Read.ap_auto.i32, i32 %atomLocationsSize"   --->   Operation 8 'read' 'atomLocationsSize_read' <Predicate = true> <Delay = 0.00>
ST_1 : Operation 9 [1/1] (0.00ns)   --->   "%sext_ln136_cast = sext i62 %sext_ln136_read"   --->   Operation 9 'sext' 'sext_ln136_cast' <Predicate = true> <Delay = 0.00>
ST_1 : Operation 10 [1/1] (0.00ns)   --->   "%specinterface_ln0 = specinterface void @_ssdm_op_SpecInterface, i32 %gmem3, void @empty_41, i32 0, i32 0, void @empty_18, i32 0, i32 0, void @empty_21, void @empty_4, void @empty_18, i32 16, i32 16, i32 16, i32 16, void @empty_18, void @empty_18, i32 4294967295, i32 0, i32 0"   --->   Operation 10 'specinterface' 'specinterface_ln0' <Predicate = true> <Delay = 0.00>
ST_1 : Operation 11 [1/1] (0.42ns)   --->   "%store_ln136 = store i31 0, i31 %i" [/home/xiaorang/Documents/ATOMFLOW/atomflow_controller/atomflow_controller.cpp:136]   --->   Operation 11 'store' 'store_ln136' <Predicate = true> <Delay = 0.42>
ST_1 : Operation 12 [1/1] (0.00ns)   --->   "%br_ln0 = br void %for.inc"   --->   Operation 12 'br' 'br_ln0' <Predicate = true> <Delay = 0.00>
ST_1 : Operation 13 [1/1] (0.00ns)   --->   "%i_152 = load i31 %i" [/home/xiaorang/Documents/ATOMFLOW/atomflow_controller/atomflow_controller.cpp:136]   --->   Operation 13 'load' 'i_152' <Predicate = true> <Delay = 0.00>
ST_1 : Operation 14 [1/1] (0.00ns)   --->   "%specbitsmap_ln0 = specbitsmap void @_ssdm_op_SpecBitsMap, i32 %gmem3"   --->   Operation 14 'specbitsmap' 'specbitsmap_ln0' <Predicate = true> <Delay = 0.00>
ST_1 : Operation 15 [1/1] (0.00ns)   --->   "%zext_ln136 = zext i31 %i_152" [/home/xiaorang/Documents/ATOMFLOW/atomflow_controller/atomflow_controller.cpp:136]   --->   Operation 15 'zext' 'zext_ln136' <Predicate = true> <Delay = 0.00>
ST_1 : Operation 16 [1/1] (1.01ns)   --->   "%icmp_ln136 = icmp_slt  i32 %zext_ln136, i32 %atomLocationsSize_read" [/home/xiaorang/Documents/ATOMFLOW/atomflow_controller/atomflow_controller.cpp:136]   --->   Operation 16 'icmp' 'icmp_ln136' <Predicate = true> <Delay = 1.01> <CoreInst = "Cmp">   --->   Core 9 'Cmp' <Latency = 0> <II = 1> <Delay = 1.01> <FuncUnit> <Opcode : 'seteq' 'setne' 'setle' 'setge' 'setlt' 'setgt'> <InPorts = 2> <OutPorts = 1>
ST_1 : Operation 17 [1/1] (1.00ns)   --->   "%add_ln136 = add i31 %i_152, i31 1" [/home/xiaorang/Documents/ATOMFLOW/atomflow_controller/atomflow_controller.cpp:136]   --->   Operation 17 'add' 'add_ln136' <Predicate = true> <Delay = 1.00> <CoreInst = "Adder">   --->   Core 1 'Adder' <Latency = 0> <II = 1> <Delay = 1.00> <FuncUnit> <Opcode : 'add' 'sub'> <InPorts = 2> <OutPorts = 1>
ST_1 : Operation 18 [1/1] (0.00ns)   --->   "%br_ln136 = br i1 %icmp_ln136, void %for.end.loopexit.exitStub, void %for.inc.split" [/home/xiaorang/Documents/ATOMFLOW/atomflow_controller/atomflow_controller.cpp:136]   --->   Operation 18 'br' 'br_ln136' <Predicate = true> <Delay = 0.00>
ST_1 : Operation 19 [1/1] (0.00ns)   --->   "%trunc_ln136 = trunc i31 %i_152" [/home/xiaorang/Documents/ATOMFLOW/atomflow_controller/atomflow_controller.cpp:136]   --->   Operation 19 'trunc' 'trunc_ln136' <Predicate = (icmp_ln136)> <Delay = 0.00>
ST_1 : Operation 20 [1/1] (0.00ns)   --->   "%lshr_ln = partselect i8 @_ssdm_op_PartSelect.i8.i31.i32.i32, i31 %i_152, i32 3, i32 10" [/home/xiaorang/Documents/ATOMFLOW/atomflow_controller/atomflow_controller.cpp:136]   --->   Operation 20 'partselect' 'lshr_ln' <Predicate = (icmp_ln136)> <Delay = 0.00>
ST_1 : Operation 21 [1/1] (0.00ns)   --->   "%zext_ln136_1 = zext i8 %lshr_ln" [/home/xiaorang/Documents/ATOMFLOW/atomflow_controller/atomflow_controller.cpp:136]   --->   Operation 21 'zext' 'zext_ln136_1' <Predicate = (icmp_ln136)> <Delay = 0.00>
ST_1 : Operation 22 [1/1] (0.00ns)   --->   "%emissions_local_addr = getelementptr i32 %emissions_local, i64 0, i64 %zext_ln136_1" [/home/xiaorang/Documents/ATOMFLOW/atomflow_controller/atomflow_controller.cpp:139]   --->   Operation 22 'getelementptr' 'emissions_local_addr' <Predicate = (icmp_ln136)> <Delay = 0.00>
ST_1 : Operation 23 [1/1] (0.00ns)   --->   "%emissions_local_1_addr = getelementptr i32 %emissions_local_1, i64 0, i64 %zext_ln136_1" [/home/xiaorang/Documents/ATOMFLOW/atomflow_controller/atomflow_controller.cpp:139]   --->   Operation 23 'getelementptr' 'emissions_local_1_addr' <Predicate = (icmp_ln136)> <Delay = 0.00>
ST_1 : Operation 24 [1/1] (0.00ns)   --->   "%emissions_local_2_addr = getelementptr i32 %emissions_local_2, i64 0, i64 %zext_ln136_1" [/home/xiaorang/Documents/ATOMFLOW/atomflow_controller/atomflow_controller.cpp:139]   --->   Operation 24 'getelementptr' 'emissions_local_2_addr' <Predicate = (icmp_ln136)> <Delay = 0.00>
ST_1 : Operation 25 [1/1] (0.00ns)   --->   "%emissions_local_3_addr = getelementptr i32 %emissions_local_3, i64 0, i64 %zext_ln136_1" [/home/xiaorang/Documents/ATOMFLOW/atomflow_controller/atomflow_controller.cpp:139]   --->   Operation 25 'getelementptr' 'emissions_local_3_addr' <Predicate = (icmp_ln136)> <Delay = 0.00>
ST_1 : Operation 26 [1/1] (0.00ns)   --->   "%emissions_local_4_addr = getelementptr i32 %emissions_local_4, i64 0, i64 %zext_ln136_1" [/home/xiaorang/Documents/ATOMFLOW/atomflow_controller/atomflow_controller.cpp:139]   --->   Operation 26 'getelementptr' 'emissions_local_4_addr' <Predicate = (icmp_ln136)> <Delay = 0.00>
ST_1 : Operation 27 [1/1] (0.00ns)   --->   "%emissions_local_5_addr = getelementptr i32 %emissions_local_5, i64 0, i64 %zext_ln136_1" [/home/xiaorang/Documents/ATOMFLOW/atomflow_controller/atomflow_controller.cpp:139]   --->   Operation 27 'getelementptr' 'emissions_local_5_addr' <Predicate = (icmp_ln136)> <Delay = 0.00>
ST_1 : Operation 28 [1/1] (0.00ns)   --->   "%emissions_local_6_addr = getelementptr i32 %emissions_local_6, i64 0, i64 %zext_ln136_1" [/home/xiaorang/Documents/ATOMFLOW/atomflow_controller/atomflow_controller.cpp:139]   --->   Operation 28 'getelementptr' 'emissions_local_6_addr' <Predicate = (icmp_ln136)> <Delay = 0.00>
ST_1 : Operation 29 [1/1] (0.00ns)   --->   "%emissions_local_7_addr = getelementptr i32 %emissions_local_7, i64 0, i64 %zext_ln136_1" [/home/xiaorang/Documents/ATOMFLOW/atomflow_controller/atomflow_controller.cpp:139]   --->   Operation 29 'getelementptr' 'emissions_local_7_addr' <Predicate = (icmp_ln136)> <Delay = 0.00>
ST_1 : Operation 30 [2/2] (1.23ns)   --->   "%emissions_local_load = load i8 %emissions_local_addr" [/home/xiaorang/Documents/ATOMFLOW/atomflow_controller/atomflow_controller.cpp:139]   --->   Operation 30 'load' 'emissions_local_load' <Predicate = (icmp_ln136)> <Delay = 1.23> <CoreInst = "RAM">   --->   Core 82 'RAM' <Latency = 1> <II = 1> <Delay = 1.23> <Storage> <Opcode : 'load' 'store'> <Ports = 2> <Width = 32> <Depth = 250> <RAM>
ST_1 : Operation 31 [2/2] (1.23ns)   --->   "%emissions_local_1_load = load i8 %emissions_local_1_addr" [/home/xiaorang/Documents/ATOMFLOW/atomflow_controller/atomflow_controller.cpp:139]   --->   Operation 31 'load' 'emissions_local_1_load' <Predicate = (icmp_ln136)> <Delay = 1.23> <CoreInst = "RAM">   --->   Core 82 'RAM' <Latency = 1> <II = 1> <Delay = 1.23> <Storage> <Opcode : 'load' 'store'> <Ports = 2> <Width = 32> <Depth = 250> <RAM>
ST_1 : Operation 32 [2/2] (1.23ns)   --->   "%emissions_local_2_load = load i8 %emissions_local_2_addr" [/home/xiaorang/Documents/ATOMFLOW/atomflow_controller/atomflow_controller.cpp:139]   --->   Operation 32 'load' 'emissions_local_2_load' <Predicate = (icmp_ln136)> <Delay = 1.23> <CoreInst = "RAM">   --->   Core 82 'RAM' <Latency = 1> <II = 1> <Delay = 1.23> <Storage> <Opcode : 'load' 'store'> <Ports = 2> <Width = 32> <Depth = 250> <RAM>
ST_1 : Operation 33 [2/2] (1.23ns)   --->   "%emissions_local_3_load = load i8 %emissions_local_3_addr" [/home/xiaorang/Documents/ATOMFLOW/atomflow_controller/atomflow_controller.cpp:139]   --->   Operation 33 'load' 'emissions_local_3_load' <Predicate = (icmp_ln136)> <Delay = 1.23> <CoreInst = "RAM">   --->   Core 82 'RAM' <Latency = 1> <II = 1> <Delay = 1.23> <Storage> <Opcode : 'load' 'store'> <Ports = 2> <Width = 32> <Depth = 250> <RAM>
ST_1 : Operation 34 [2/2] (1.23ns)   --->   "%emissions_local_4_load = load i8 %emissions_local_4_addr" [/home/xiaorang/Documents/ATOMFLOW/atomflow_controller/atomflow_controller.cpp:139]   --->   Operation 34 'load' 'emissions_local_4_load' <Predicate = (icmp_ln136)> <Delay = 1.23> <CoreInst = "RAM">   --->   Core 82 'RAM' <Latency = 1> <II = 1> <Delay = 1.23> <Storage> <Opcode : 'load' 'store'> <Ports = 2> <Width = 32> <Depth = 250> <RAM>
ST_1 : Operation 35 [2/2] (1.23ns)   --->   "%emissions_local_5_load = load i8 %emissions_local_5_addr" [/home/xiaorang/Documents/ATOMFLOW/atomflow_controller/atomflow_controller.cpp:139]   --->   Operation 35 'load' 'emissions_local_5_load' <Predicate = (icmp_ln136)> <Delay = 1.23> <CoreInst = "RAM">   --->   Core 82 'RAM' <Latency = 1> <II = 1> <Delay = 1.23> <Storage> <Opcode : 'load' 'store'> <Ports = 2> <Width = 32> <Depth = 250> <RAM>
ST_1 : Operation 36 [2/2] (1.23ns)   --->   "%emissions_local_6_load = load i8 %emissions_local_6_addr" [/home/xiaorang/Documents/ATOMFLOW/atomflow_controller/atomflow_controller.cpp:139]   --->   Operation 36 'load' 'emissions_local_6_load' <Predicate = (icmp_ln136)> <Delay = 1.23> <CoreInst = "RAM">   --->   Core 82 'RAM' <Latency = 1> <II = 1> <Delay = 1.23> <Storage> <Opcode : 'load' 'store'> <Ports = 2> <Width = 32> <Depth = 250> <RAM>
ST_1 : Operation 37 [2/2] (1.23ns)   --->   "%emissions_local_7_load = load i8 %emissions_local_7_addr" [/home/xiaorang/Documents/ATOMFLOW/atomflow_controller/atomflow_controller.cpp:139]   --->   Operation 37 'load' 'emissions_local_7_load' <Predicate = (icmp_ln136)> <Delay = 1.23> <CoreInst = "RAM">   --->   Core 82 'RAM' <Latency = 1> <II = 1> <Delay = 1.23> <Storage> <Opcode : 'load' 'store'> <Ports = 2> <Width = 32> <Depth = 250> <RAM>
ST_1 : Operation 38 [1/1] (0.42ns)   --->   "%store_ln136 = store i31 %add_ln136, i31 %i" [/home/xiaorang/Documents/ATOMFLOW/atomflow_controller/atomflow_controller.cpp:136]   --->   Operation 38 'store' 'store_ln136' <Predicate = (icmp_ln136)> <Delay = 0.42>

State 2 <SV = 1> <Delay = 1.95>
ST_2 : Operation 39 [1/2] ( I:1.23ns O:1.23ns )   --->   "%emissions_local_load = load i8 %emissions_local_addr" [/home/xiaorang/Documents/ATOMFLOW/atomflow_controller/atomflow_controller.cpp:139]   --->   Operation 39 'load' 'emissions_local_load' <Predicate = true> <Delay = 1.23> <CoreInst = "RAM">   --->   Core 82 'RAM' <Latency = 1> <II = 1> <Delay = 1.23> <Storage> <Opcode : 'load' 'store'> <Ports = 2> <Width = 32> <Depth = 250> <RAM>
ST_2 : Operation 40 [1/2] ( I:1.23ns O:1.23ns )   --->   "%emissions_local_1_load = load i8 %emissions_local_1_addr" [/home/xiaorang/Documents/ATOMFLOW/atomflow_controller/atomflow_controller.cpp:139]   --->   Operation 40 'load' 'emissions_local_1_load' <Predicate = true> <Delay = 1.23> <CoreInst = "RAM">   --->   Core 82 'RAM' <Latency = 1> <II = 1> <Delay = 1.23> <Storage> <Opcode : 'load' 'store'> <Ports = 2> <Width = 32> <Depth = 250> <RAM>
ST_2 : Operation 41 [1/2] ( I:1.23ns O:1.23ns )   --->   "%emissions_local_2_load = load i8 %emissions_local_2_addr" [/home/xiaorang/Documents/ATOMFLOW/atomflow_controller/atomflow_controller.cpp:139]   --->   Operation 41 'load' 'emissions_local_2_load' <Predicate = true> <Delay = 1.23> <CoreInst = "RAM">   --->   Core 82 'RAM' <Latency = 1> <II = 1> <Delay = 1.23> <Storage> <Opcode : 'load' 'store'> <Ports = 2> <Width = 32> <Depth = 250> <RAM>
ST_2 : Operation 42 [1/2] ( I:1.23ns O:1.23ns )   --->   "%emissions_local_3_load = load i8 %emissions_local_3_addr" [/home/xiaorang/Documents/ATOMFLOW/atomflow_controller/atomflow_controller.cpp:139]   --->   Operation 42 'load' 'emissions_local_3_load' <Predicate = true> <Delay = 1.23> <CoreInst = "RAM">   --->   Core 82 'RAM' <Latency = 1> <II = 1> <Delay = 1.23> <Storage> <Opcode : 'load' 'store'> <Ports = 2> <Width = 32> <Depth = 250> <RAM>
ST_2 : Operation 43 [1/2] ( I:1.23ns O:1.23ns )   --->   "%emissions_local_4_load = load i8 %emissions_local_4_addr" [/home/xiaorang/Documents/ATOMFLOW/atomflow_controller/atomflow_controller.cpp:139]   --->   Operation 43 'load' 'emissions_local_4_load' <Predicate = true> <Delay = 1.23> <CoreInst = "RAM">   --->   Core 82 'RAM' <Latency = 1> <II = 1> <Delay = 1.23> <Storage> <Opcode : 'load' 'store'> <Ports = 2> <Width = 32> <Depth = 250> <RAM>
ST_2 : Operation 44 [1/2] ( I:1.23ns O:1.23ns )   --->   "%emissions_local_5_load = load i8 %emissions_local_5_addr" [/home/xiaorang/Documents/ATOMFLOW/atomflow_controller/atomflow_controller.cpp:139]   --->   Operation 44 'load' 'emissions_local_5_load' <Predicate = true> <Delay = 1.23> <CoreInst = "RAM">   --->   Core 82 'RAM' <Latency = 1> <II = 1> <Delay = 1.23> <Storage> <Opcode : 'load' 'store'> <Ports = 2> <Width = 32> <Depth = 250> <RAM>
ST_2 : Operation 45 [1/2] ( I:1.23ns O:1.23ns )   --->   "%emissions_local_6_load = load i8 %emissions_local_6_addr" [/home/xiaorang/Documents/ATOMFLOW/atomflow_controller/atomflow_controller.cpp:139]   --->   Operation 45 'load' 'emissions_local_6_load' <Predicate = true> <Delay = 1.23> <CoreInst = "RAM">   --->   Core 82 'RAM' <Latency = 1> <II = 1> <Delay = 1.23> <Storage> <Opcode : 'load' 'store'> <Ports = 2> <Width = 32> <Depth = 250> <RAM>
ST_2 : Operation 46 [1/2] ( I:1.23ns O:1.23ns )   --->   "%emissions_local_7_load = load i8 %emissions_local_7_addr" [/home/xiaorang/Documents/ATOMFLOW/atomflow_controller/atomflow_controller.cpp:139]   --->   Operation 46 'load' 'emissions_local_7_load' <Predicate = true> <Delay = 1.23> <CoreInst = "RAM">   --->   Core 82 'RAM' <Latency = 1> <II = 1> <Delay = 1.23> <Storage> <Opcode : 'load' 'store'> <Ports = 2> <Width = 32> <Depth = 250> <RAM>
ST_2 : Operation 47 [1/1] (0.72ns)   --->   "%tmp = sparsemux i32 @_ssdm_op_SparseMux.ap_auto.8float.float.i3, i3 0, i32 %emissions_local_load, i3 1, i32 %emissions_local_1_load, i3 2, i32 %emissions_local_2_load, i3 3, i32 %emissions_local_3_load, i3 4, i32 %emissions_local_4_load, i3 5, i32 %emissions_local_5_load, i3 6, i32 %emissions_local_6_load, i3 7, i32 %emissions_local_7_load, i32 <undef>, i3 %trunc_ln136" [/home/xiaorang/Documents/ATOMFLOW/atomflow_controller/atomflow_controller.cpp:139]   --->   Operation 47 'sparsemux' 'tmp' <Predicate = true> <Delay = 0.72> <CoreInst = "BinarySparseMux_DontCare">   --->   Core 149 'BinarySparseMux_DontCare' <Latency = 0> <II = 1> <Delay = 0.72> <FuncUnit> <Opcode : 'sparsemux'> <InPorts = 2> <OutPorts = 1>
ST_2 : Operation 55 [1/1] (0.42ns)   --->   "%ret_ln0 = ret"   --->   Operation 55 'ret' 'ret_ln0' <Predicate = (!icmp_ln136)> <Delay = 0.42>

State 3 <SV = 2> <Delay = 7.30>
ST_3 : Operation 48 [1/1] (0.00ns)   --->   "%gmem3_addr = getelementptr i32 %gmem3, i64 %sext_ln136_cast" [/home/xiaorang/Documents/ATOMFLOW/atomflow_controller/atomflow_controller.cpp:136]   --->   Operation 48 'getelementptr' 'gmem3_addr' <Predicate = true> <Delay = 0.00>
ST_3 : Operation 49 [1/1] (0.00ns)   --->   "%specpipeline_ln137 = specpipeline void @_ssdm_op_SpecPipeline, i32 1, i32 0, i32 0, i32 0, void @empty_18" [/home/xiaorang/Documents/ATOMFLOW/atomflow_controller/atomflow_controller.cpp:137]   --->   Operation 49 'specpipeline' 'specpipeline_ln137' <Predicate = true> <Delay = 0.00>
ST_3 : Operation 50 [1/1] (0.00ns)   --->   "%speclooptripcount_ln138 = speclooptripcount void @_ssdm_op_SpecLoopTripCount, i64 1, i64 2000, i64 1000" [/home/xiaorang/Documents/ATOMFLOW/atomflow_controller/atomflow_controller.cpp:138]   --->   Operation 50 'speclooptripcount' 'speclooptripcount_ln138' <Predicate = true> <Delay = 0.00>
ST_3 : Operation 51 [1/1] (0.00ns)   --->   "%specloopname_ln136 = specloopname void @_ssdm_op_SpecLoopName, void @empty_42" [/home/xiaorang/Documents/ATOMFLOW/atomflow_controller/atomflow_controller.cpp:136]   --->   Operation 51 'specloopname' 'specloopname_ln136' <Predicate = true> <Delay = 0.00>
ST_3 : Operation 52 [1/1] (0.00ns)   --->   "%bitcast_ln139 = bitcast i32 %tmp" [/home/xiaorang/Documents/ATOMFLOW/atomflow_controller/atomflow_controller.cpp:139]   --->   Operation 52 'bitcast' 'bitcast_ln139' <Predicate = true> <Delay = 0.00>
ST_3 : Operation 53 [1/1] (7.30ns)   --->   "%write_ln139 = write void @_ssdm_op_Write.m_axi.p1i32, i32 %gmem3_addr, i32 %bitcast_ln139, i4 15" [/home/xiaorang/Documents/ATOMFLOW/atomflow_controller/atomflow_controller.cpp:139]   --->   Operation 53 'write' 'write_ln139' <Predicate = true> <Delay = 7.30> <CoreInst = "m_axi">   --->   Core 119 'm_axi' <Latency = 5> <II = 1> <Delay = 1.00> <Adapter> <Opcode : 'read' 'write' 'readreq' 'writereq' 'writeresp'>
ST_3 : Operation 54 [1/1] (0.00ns)   --->   "%br_ln136 = br void %for.inc" [/home/xiaorang/Documents/ATOMFLOW/atomflow_controller/atomflow_controller.cpp:136]   --->   Operation 54 'br' 'br_ln136' <Predicate = true> <Delay = 0.00>


============================================================
+ Verbose Summary: Timing violations
============================================================
Target clock period: 10.000ns, clock uncertainty: 2.700ns.

 <State 1>: 1.870ns
The critical path consists of the following:
	'store' operation 0 bit ('store_ln136', /home/xiaorang/Documents/ATOMFLOW/atomflow_controller/atomflow_controller.cpp:136) of constant 0 on local variable 'i', /home/xiaorang/Documents/ATOMFLOW/atomflow_controller/atomflow_controller.cpp:136 [17]  (0.427 ns)
	'load' operation 31 bit ('i', /home/xiaorang/Documents/ATOMFLOW/atomflow_controller/atomflow_controller.cpp:136) on local variable 'i', /home/xiaorang/Documents/ATOMFLOW/atomflow_controller/atomflow_controller.cpp:136 [20]  (0.000 ns)
	'icmp' operation 1 bit ('icmp_ln136', /home/xiaorang/Documents/ATOMFLOW/atomflow_controller/atomflow_controller.cpp:136) [23]  (1.016 ns)
	'store' operation 0 bit ('store_ln136', /home/xiaorang/Documents/ATOMFLOW/atomflow_controller/atomflow_controller.cpp:136) of variable 'add_ln136', /home/xiaorang/Documents/ATOMFLOW/atomflow_controller/atomflow_controller.cpp:136 on local variable 'i', /home/xiaorang/Documents/ATOMFLOW/atomflow_controller/atomflow_controller.cpp:136 [53]  (0.427 ns)

 <State 2>: 1.958ns
The critical path consists of the following:
	'load' operation 32 bit ('emissions_local_load', /home/xiaorang/Documents/ATOMFLOW/atomflow_controller/atomflow_controller.cpp:139) on array 'emissions_local' [42]  (1.237 ns)
	'sparsemux' operation 32 bit ('tmp', /home/xiaorang/Documents/ATOMFLOW/atomflow_controller/atomflow_controller.cpp:139) [50]  (0.721 ns)

 <State 3>: 7.300ns
The critical path consists of the following:
	'getelementptr' operation 32 bit ('gmem3_addr', /home/xiaorang/Documents/ATOMFLOW/atomflow_controller/atomflow_controller.cpp:136) [27]  (0.000 ns)
	bus write operation ('write_ln139', /home/xiaorang/Documents/ATOMFLOW/atomflow_controller/atomflow_controller.cpp:139) on port 'gmem3' (/home/xiaorang/Documents/ATOMFLOW/atomflow_controller/atomflow_controller.cpp:139) [52]  (7.300 ns)


============================================================
+ Verbose Summary: Binding
============================================================
N/A
* FSMD analyzer results:
  - Output states:
 - Input state : 
  - Chain level:
	State 1
	State 2
	State 3


============================================================
+ Verbose Summary: Datapath Resource usage 
============================================================
N/A
