

================================================================
== Vitis HLS Report for 'dataflow_in_loop_VITIS_LOOP_241_1_1_Block_newFuncRoot_proc_1'
================================================================
* Date:           Sat Mar 28 14:02:39 2026

* Version:        2024.2 (Build 5238294 on Nov  8 2024)
* Project:        atomflow_controller_2024_2
* Solution:       hls (Vivado IP Flow Target)
* Product family: zynquplusRFSOC
* Target device:  xczu49dr-ffvf1760-2-e


================================================================
== Performance Estimates
================================================================
+ Timing: 
    * Summary: 
    +--------+----------+----------+------------+
    |  Clock |  Target  | Estimated| Uncertainty|
    +--------+----------+----------+------------+
    |ap_clk  |  10.00 ns|      0 ns|     2.70 ns|
    +--------+----------+----------+------------+

+ Latency: 
    * Summary: 
    +---------+---------+----------+----------+-----+-----+---------+
    |  Latency (cycles) |  Latency (absolute) |  Interval | Pipeline|
    |   min   |   max   |    min   |    max   | min | max |   Type  |
    +---------+---------+----------+----------+-----+-----+---------+
    |        0|        0|      0 ns|      0 ns|    0|    0|       no|
    +---------+---------+----------+----------+-----+-----+---------+

    + Detail: 
        * Instance: 
        N/A

        * Loop: 
        N/A



================================================================
== Utilization Estimates
================================================================
* Summary: 
+-----------------+---------+------+--------+--------+-----+
|       Name      | BRAM_18K|  DSP |   FF   |   LUT  | URAM|
+-----------------+---------+------+--------+--------+-----+
|DSP              |        -|     -|       -|       -|    -|
|Expression       |        -|     -|       0|       2|    -|
|FIFO             |        -|     -|       -|       -|    -|
|Instance         |        -|     -|       -|       -|    -|
|Memory           |        -|     -|       -|       -|    -|
|Multiplexer      |        -|     -|       0|      27|    -|
|Register         |        -|     -|      18|       -|    -|
+-----------------+---------+------+--------+--------+-----+
|Total            |        0|     0|      18|      29|    0|
+-----------------+---------+------+--------+--------+-----+
|Available        |     2160|  4272|  850560|  425280|   80|
+-----------------+---------+------+--------+--------+-----+
|Utilization (%)  |        0|     0|      ~0|      ~0|    0|
+-----------------+---------+------+--------+--------+-----+

+ Detail: 
    * Instance: 
    N/A

    * DSP: 
    N/A

    * Memory: 
    N/A

    * FIFO: 
    N/A

    * Expression: 
    +-----------------+----------+----+---+----+------------+------------+
    |  Variable Name  | Operation| DSP| FF| LUT| Bitwidth P0| Bitwidth P1|
    +-----------------+----------+----+---+----+------------+------------+
    |ap_block_state1  |        or|   0|  0|   2|           1|           1|
    +-----------------+----------+----+---+----+------------+------------+
    |Total            |          |   0|  0|   2|           1|           1|
    +-----------------+----------+----+---+----+------------+------------+

    * Multiplexer: 
    +-------------+----+-----------+-----+-----------+
    |     Name    | LUT| Input Size| Bits| Total Bits|
    +-------------+----+-----------+-----+-----------+
    |ap_done      |   9|          2|    1|          2|
    |ap_return_0  |   9|          2|   13|         26|
    |ap_return_1  |   9|          2|    3|          6|
    +-------------+----+-----------+-----+-----------+
    |Total        |  27|          6|   17|         34|
    +-------------+----+-----------+-----+-----------+

    * Register: 
    +------------------+----+----+-----+-----------+
    |       Name       | FF | LUT| Bits| Const Bits|
    +------------------+----+----+-----+-----------+
    |ap_CS_fsm         |   1|   0|    1|          0|
    |ap_done_reg       |   1|   0|    1|          0|
    |ap_return_0_preg  |  13|   0|   13|          0|
    |ap_return_1_preg  |   3|   0|    3|          0|
    +------------------+----+----+-----+-----------+
    |Total             |  18|   0|   18|          0|
    +------------------+----+----+-----+-----------+



================================================================
== Interface
================================================================
* Summary: 
+-------------+-----+-----+------------+--------------------------------------------------------------+--------------+
|  RTL Ports  | Dir | Bits|  Protocol  |                         Source Object                        |    C Type    |
+-------------+-----+-----+------------+--------------------------------------------------------------+--------------+
|ap_clk       |   in|    1|  ap_ctrl_hs|  dataflow_in_loop_VITIS_LOOP_241_1.1_Block_newFuncRoot_proc.1|  return value|
|ap_rst       |   in|    1|  ap_ctrl_hs|  dataflow_in_loop_VITIS_LOOP_241_1.1_Block_newFuncRoot_proc.1|  return value|
|ap_start     |   in|    1|  ap_ctrl_hs|  dataflow_in_loop_VITIS_LOOP_241_1.1_Block_newFuncRoot_proc.1|  return value|
|ap_done      |  out|    1|  ap_ctrl_hs|  dataflow_in_loop_VITIS_LOOP_241_1.1_Block_newFuncRoot_proc.1|  return value|
|ap_continue  |   in|    1|  ap_ctrl_hs|  dataflow_in_loop_VITIS_LOOP_241_1.1_Block_newFuncRoot_proc.1|  return value|
|ap_idle      |  out|    1|  ap_ctrl_hs|  dataflow_in_loop_VITIS_LOOP_241_1.1_Block_newFuncRoot_proc.1|  return value|
|ap_ready     |  out|    1|  ap_ctrl_hs|  dataflow_in_loop_VITIS_LOOP_241_1.1_Block_newFuncRoot_proc.1|  return value|
|ap_return_0  |  out|   13|  ap_ctrl_hs|  dataflow_in_loop_VITIS_LOOP_241_1.1_Block_newFuncRoot_proc.1|  return value|
|ap_return_1  |  out|    3|  ap_ctrl_hs|  dataflow_in_loop_VITIS_LOOP_241_1.1_Block_newFuncRoot_proc.1|  return value|
|conv         |   in|   16|     ap_none|                                                          conv|        scalar|
+-------------+-----+-----+------------+--------------------------------------------------------------+--------------+

============================================================
+ Verbose Summary: Synthesis Manager
============================================================
InlineROM: 1
ExposeGlobal: 0
============================================================
+ Verbose Summary: CDFG Model
============================================================
IsTopModel: 0
ResetActiveHigh: 1
IsCombinational: 2
IsDatapathOnly: 0
HasWiredReturn: 1
HasMFsm: 0
HasVarLatency: 0
IsPipeline: 0
IsRtlPipelined: 0
IsInstanceOverlapped: 0
IsDontTouch: 0
HasImplIP: 0
IsGatedGlobalClock: 0


============================================================
+ Verbose Summary: Schedule
============================================================
* Number of FSM states : 1
* Pipeline : 0
* Dataflow Pipeline: 0

* FSM state transitions: 
1 --> 

* FSM state operations: 

State 1 <SV = 0> <Delay = 0.00>
ST_1 : Operation 2 [1/1] (0.00ns)   --->   "%conv_read = read i16 @_ssdm_op_Read.ap_auto.i16, i16 %conv" [/home/xiaorang/Documents/ATOMFLOW/Image_analysis/src/image_analysis.cpp:256]   --->   Operation 2 'read' 'conv_read' <Predicate = true> <Delay = 0.00>
ST_1 : Operation 3 [1/1] (0.00ns)   --->   "%trunc_ln256 = trunc i16 %conv_read" [/home/xiaorang/Documents/ATOMFLOW/Image_analysis/src/image_analysis.cpp:256]   --->   Operation 3 'trunc' 'trunc_ln256' <Predicate = true> <Delay = 0.00>
ST_1 : Operation 4 [1/1] (0.00ns)   --->   "%p_out = partselect i13 @_ssdm_op_PartSelect.i13.i16.i32.i32, i16 %conv_read, i32 3, i32 15" [/home/xiaorang/Documents/ATOMFLOW/Image_analysis/src/image_analysis.cpp:256]   --->   Operation 4 'partselect' 'p_out' <Predicate = true> <Delay = 0.00>
ST_1 : Operation 5 [1/1] (0.00ns)   --->   "%mrv = insertvalue i16 <undef>, i13 %p_out" [/home/xiaorang/Documents/ATOMFLOW/Image_analysis/src/image_analysis.cpp:256]   --->   Operation 5 'insertvalue' 'mrv' <Predicate = true> <Delay = 0.00>
ST_1 : Operation 6 [1/1] (0.00ns)   --->   "%mrv_1 = insertvalue i16 %mrv, i3 %trunc_ln256" [/home/xiaorang/Documents/ATOMFLOW/Image_analysis/src/image_analysis.cpp:256]   --->   Operation 6 'insertvalue' 'mrv_1' <Predicate = true> <Delay = 0.00>
ST_1 : Operation 7 [1/1] (0.00ns)   --->   "%ret_ln256 = ret i16 %mrv_1" [/home/xiaorang/Documents/ATOMFLOW/Image_analysis/src/image_analysis.cpp:256]   --->   Operation 7 'ret' 'ret_ln256' <Predicate = true> <Delay = 0.00>


============================================================
+ Verbose Summary: Binding
============================================================
STG Binding: 
---------------- STG Properties BEGIN ----------------
- Is combinational: 0
- Is one-state seq: 1
- Is datapath-only: 0
- Is pipelined: 0
- Is top level: 0
Port [ Return ] is wired: 1; IO mode=ap_ctrl_hs:ce=0
Port [ conv]:  wired=1; compound=0; hidden=0; nouse=0; global=0; static=0; extern=0; dir=0; type=0; pingpong=0; private_global=0; IO mode=ap_none:ce=0
---------------- STG Properties END ------------------

---------------- Datapath Model BEGIN ----------------

<LifeTime>
<method=bitvector/>
conv_read   (read       ) [ 00]
trunc_ln256 (trunc      ) [ 00]
p_out       (partselect ) [ 00]
mrv         (insertvalue) [ 00]
mrv_1       (insertvalue) [ 00]
ret_ln256   (ret        ) [ 00]
</LifeTime>

<model>

<comp_list>
<comp id="0" class="1000" name="conv">
<pin_list>
<pin id="1" dir="1" index="0" bw="1" slack="0"/>
</pin_list>
<bind>
<StgValue><ssdm name="conv"/></StgValue>
</bind>
</comp>

<comp id="2" class="1001" name="const_2">
<pin_list>
<pin id="3" dir="1" index="0" bw="1" slack="0"/>
</pin_list>
<bind>
<StgValue><ssdm name="_ssdm_op_Read.ap_auto.i16"/></StgValue>
</bind>
</comp>

<comp id="4" class="1001" name="const_4">
<pin_list>
<pin id="5" dir="1" index="0" bw="1" slack="0"/>
</pin_list>
<bind>
<StgValue><ssdm name="_ssdm_op_PartSelect.i13.i16.i32.i32"/></StgValue>
</bind>
</comp>

<comp id="6" class="1001" name="const_6">
<pin_list>
<pin id="7" dir="1" index="0" bw="1" slack="0"/>
</pin_list>
<bind>
<StgValue><ssdm name=""/></StgValue>
</bind>
</comp>

<comp id="8" class="1001" name="const_8">
<pin_list>
<pin id="9" dir="1" index="0" bw="1" slack="0"/>
</pin_list>
<bind>
<StgValue><ssdm name=""/></StgValue>
</bind>
</comp>

<comp id="10" class="1001" name="const_10">
<pin_list>
<pin id="11" dir="1" index="0" bw="1" slack="0"/>
</pin_list>
<bind>
<StgValue><ssdm name=""/></StgValue>
</bind>
</comp>

<comp id="12" class="1004" name="conv_read_read_fu_12">
<pin_list>
<pin id="13" dir="0" index="0" bw="16" slack="0"/>
<pin id="14" dir="0" index="1" bw="16" slack="0"/>
<pin id="15" dir="1" index="2" bw="16" slack="0"/>
</pin_list>
<bind>
<opcode="read(1150) " fcode="read"/>
<opset="conv_read/1 "/>
</bind>
</comp>

<comp id="18" class="1004" name="trunc_ln256_fu_18">
<pin_list>
<pin id="19" dir="0" index="0" bw="16" slack="0"/>
<pin id="20" dir="1" index="1" bw="3" slack="0"/>
</pin_list>
<bind>
<opcode="trunc(33) " fcode="trunc"/>
<opset="trunc_ln256/1 "/>
</bind>
</comp>

<comp id="22" class="1004" name="p_out_fu_22">
<pin_list>
<pin id="23" dir="0" index="0" bw="13" slack="0"/>
<pin id="24" dir="0" index="1" bw="16" slack="0"/>
<pin id="25" dir="0" index="2" bw="3" slack="0"/>
<pin id="26" dir="0" index="3" bw="5" slack="0"/>
<pin id="27" dir="1" index="4" bw="13" slack="0"/>
</pin_list>
<bind>
<opcode="partselect(1002) " fcode="partselect"/>
<opset="p_out/1 "/>
</bind>
</comp>

<comp id="32" class="1004" name="mrv_fu_32">
<pin_list>
<pin id="33" dir="0" index="0" bw="16" slack="0"/>
<pin id="34" dir="0" index="1" bw="13" slack="0"/>
<pin id="35" dir="1" index="2" bw="16" slack="0"/>
</pin_list>
<bind>
<opcode="insertvalue(57) " fcode="insertvalue"/>
<opset="mrv/1 "/>
</bind>
</comp>

<comp id="38" class="1004" name="mrv_1_fu_38">
<pin_list>
<pin id="39" dir="0" index="0" bw="16" slack="0"/>
<pin id="40" dir="0" index="1" bw="3" slack="0"/>
<pin id="41" dir="1" index="2" bw="16" slack="2147483647"/>
</pin_list>
<bind>
<opcode="insertvalue(57) " fcode="insertvalue"/>
<opset="mrv_1/1 "/>
</bind>
</comp>

</comp_list>

<net_list>
<net id="16"><net_src comp="2" pin="0"/><net_sink comp="12" pin=0"/></net>

<net id="17"><net_src comp="0" pin="0"/><net_sink comp="12" pin=1"/></net>

<net id="21"><net_src comp="12" pin="2"/><net_sink comp="18" pin=0"/></net>

<net id="28"><net_src comp="4" pin="0"/><net_sink comp="22" pin=0"/></net>

<net id="29"><net_src comp="12" pin="2"/><net_sink comp="22" pin=1"/></net>

<net id="30"><net_src comp="6" pin="0"/><net_sink comp="22" pin=2"/></net>

<net id="31"><net_src comp="8" pin="0"/><net_sink comp="22" pin=3"/></net>

<net id="36"><net_src comp="10" pin="0"/><net_sink comp="32" pin=0"/></net>

<net id="37"><net_src comp="22" pin="4"/><net_sink comp="32" pin=1"/></net>

<net id="42"><net_src comp="32" pin="2"/><net_sink comp="38" pin=0"/></net>

<net id="43"><net_src comp="18" pin="1"/><net_sink comp="38" pin=1"/></net>

</net_list>

</model> 
---------------- Datapath Model END ------------------

* FSMD analyzer results:
  - Output states:
 - Input state : 
	Port: dataflow_in_loop_VITIS_LOOP_241_1.1_Block_newFuncRoot_proc.1 : conv | {1 }
  - Chain level:
	State 1
		mrv : 1
		mrv_1 : 2
		ret_ln256 : 3


============================================================
+ Verbose Summary: Datapath Resource usage 
============================================================

* Functional unit list:
|----------|----------------------|
| Operation|    Functional Unit   |
|----------|----------------------|
|   read   | conv_read_read_fu_12 |
|----------|----------------------|
|   trunc  |   trunc_ln256_fu_18  |
|----------|----------------------|
|partselect|      p_out_fu_22     |
|----------|----------------------|
|insertvalue|       mrv_fu_32      |
|          |      mrv_1_fu_38     |
|----------|----------------------|
|   Total  |                      |
|----------|----------------------|

Memories:
N/A

* Register list:
N/A

* Multiplexer (MUX) list: 
|--------|------|------|------|--------|
|  Comp  |  Pin | Size |  BW  | S x BW |
|--------|------|------|------|--------|
|  Total |      |      |      |    0   |
|--------|------|------|------|--------|



* Summary:
+-----------+
|           |
+-----------+
|  Function |
|   Memory  |
|Multiplexer|
|  Register |
+-----------+
|   Total   |
+-----------+
