

================================================================
== Vitis HLS Report for 'dataflow_in_loop_VITIS_LOOP_241_1_1_Block_newFuncRoot_proc'
================================================================
* Date:           Sat Mar 28 14:02:26 2026

* Version:        2024.2 (Build 5238294 on Nov  8 2024)
* Project:        atomflow_controller_2024_2
* Solution:       hls (Vivado IP Flow Target)
* Product family: zynquplusRFSOC
* Target device:  xczu49dr-ffvf1760-2-e


================================================================
== Performance Estimates
================================================================
+ Timing: 
    * Summary: 
    +--------+----------+----------+------------+
    |  Clock |  Target  | Estimated| Uncertainty|
    +--------+----------+----------+------------+
    |ap_clk  |  10.00 ns|  7.057 ns|     2.70 ns|
    +--------+----------+----------+------------+

+ Latency: 
    * Summary: 
    +---------+---------+----------+----------+-----+-----+---------+
    |  Latency (cycles) |  Latency (absolute) |  Interval | Pipeline|
    |   min   |   max   |    min   |    max   | min | max |   Type  |
    +---------+---------+----------+----------+-----+-----+---------+
    |       14|       14|  0.140 us|  0.140 us|   14|   14|       no|
    +---------+---------+----------+----------+-----+-----+---------+

    + Detail: 
        * Instance: 
        +-------------------------+--------------+---------+---------+----------+----------+-----+-----+---------+
        |                         |              |  Latency (cycles) |  Latency (absolute) |  Interval | Pipeline|
        |         Instance        |    Module    |   min   |   max   |    min   |    max   | min | max |   Type  |
        +-------------------------+--------------+---------+---------+----------+----------+-----+-----+---------+
        |grp_post_process_fu_176  |post_process  |       11|       11|  0.110 us|  0.110 us|    1|    1|      yes|
        +-------------------------+--------------+---------+---------+----------+----------+-----+-----+---------+

        * Loop: 
        N/A

============================================================
+ Verbose Summary: Synthesis Manager
============================================================
InlineROM: 1
ExposeGlobal: 0
============================================================
+ Verbose Summary: CDFG Model
============================================================
IsTopModel: 0
ResetActiveHigh: 1
IsCombinational: 2
IsDatapathOnly: 0
HasWiredReturn: 1
HasMFsm: 0
HasVarLatency: 1
IsPipeline: 0
IsRtlPipelined: 0
IsInstanceOverlapped: 0
IsDontTouch: 0
HasImplIP: 0
IsGatedGlobalClock: 0


============================================================
+ Verbose Summary: Schedule
============================================================
* Number of FSM states : 15
* Pipeline : 0
* Dataflow Pipeline: 0

* FSM state transitions: 
1 --> 2 
2 --> 3 
3 --> 4 
4 --> 5 
5 --> 6 
6 --> 7 
7 --> 8 
8 --> 9 
9 --> 10 
10 --> 11 
11 --> 12 
12 --> 13 
13 --> 14 
14 --> 15 
15 --> 

* FSM state operations: 

State 1 <SV = 0> <Delay = 2.51>
ST_1 : Operation 16 [1/1] (1.83ns)   --->   "%p_read449 = read i13 @_ssdm_op_Read.ap_auto.i13, i13 %p_read4" [/home/xiaorang/Documents/ATOMFLOW/Image_analysis/src/image_analysis.cpp:275->/home/xiaorang/Documents/ATOMFLOW/Image_analysis/src/image_analysis.cpp:275]   --->   Operation 16 'read' 'p_read449' <Predicate = true> <Delay = 1.83> <CoreInst = "FIFO_SRL">   --->   Core 80 'FIFO_SRL' <Latency = 0> <II = 1> <Delay = 1.83> <Storage> <Opcode : 'read' 'write' 'nbread' 'nbwrite'> <Ports = 0> <Width = -1> <Depth = -1> <FIFO>
ST_1 : Operation 17 [1/1] (1.83ns)   --->   "%p_read348 = read i32 @_ssdm_op_Read.ap_auto.float, i32 %p_read3" [/home/xiaorang/Documents/ATOMFLOW/Image_analysis/src/image_analysis.cpp:275->/home/xiaorang/Documents/ATOMFLOW/Image_analysis/src/image_analysis.cpp:275]   --->   Operation 17 'read' 'p_read348' <Predicate = true> <Delay = 1.83> <CoreInst = "FIFO_SRL">   --->   Core 80 'FIFO_SRL' <Latency = 0> <II = 1> <Delay = 1.83> <Storage> <Opcode : 'read' 'write' 'nbread' 'nbwrite'> <Ports = 0> <Width = -1> <Depth = -1> <FIFO>
ST_1 : Operation 18 [1/1] (1.83ns)   --->   "%p_read247 = read i32 @_ssdm_op_Read.ap_auto.float, i32 %p_read2" [/home/xiaorang/Documents/ATOMFLOW/Image_analysis/src/image_analysis.cpp:275->/home/xiaorang/Documents/ATOMFLOW/Image_analysis/src/image_analysis.cpp:275]   --->   Operation 18 'read' 'p_read247' <Predicate = true> <Delay = 1.83> <CoreInst = "FIFO_SRL">   --->   Core 80 'FIFO_SRL' <Latency = 0> <II = 1> <Delay = 1.83> <Storage> <Opcode : 'read' 'write' 'nbread' 'nbwrite'> <Ports = 0> <Width = -1> <Depth = -1> <FIFO>
ST_1 : Operation 19 [1/1] (1.83ns)   --->   "%p_read146 = read i32 @_ssdm_op_Read.ap_auto.float, i32 %p_read1" [/home/xiaorang/Documents/ATOMFLOW/Image_analysis/src/image_analysis.cpp:275->/home/xiaorang/Documents/ATOMFLOW/Image_analysis/src/image_analysis.cpp:275]   --->   Operation 19 'read' 'p_read146' <Predicate = true> <Delay = 1.83> <CoreInst = "FIFO_SRL">   --->   Core 80 'FIFO_SRL' <Latency = 0> <II = 1> <Delay = 1.83> <Storage> <Opcode : 'read' 'write' 'nbread' 'nbwrite'> <Ports = 0> <Width = -1> <Depth = -1> <FIFO>
ST_1 : Operation 20 [1/1] (1.83ns)   --->   "%p_read45 = read i3 @_ssdm_op_Read.ap_auto.i3, i3 %p_read" [/home/xiaorang/Documents/ATOMFLOW/Image_analysis/src/image_analysis.cpp:275->/home/xiaorang/Documents/ATOMFLOW/Image_analysis/src/image_analysis.cpp:275]   --->   Operation 20 'read' 'p_read45' <Predicate = true> <Delay = 1.83> <CoreInst = "FIFO_SRL">   --->   Core 80 'FIFO_SRL' <Latency = 0> <II = 1> <Delay = 1.83> <Storage> <Opcode : 'read' 'write' 'nbread' 'nbwrite'> <Ports = 0> <Width = -1> <Depth = -1> <FIFO>
ST_1 : Operation 21 [1/1] (0.00ns)   --->   "%zext_ln275 = zext i13 %p_read449" [/home/xiaorang/Documents/ATOMFLOW/Image_analysis/src/image_analysis.cpp:275->/home/xiaorang/Documents/ATOMFLOW/Image_analysis/src/image_analysis.cpp:275]   --->   Operation 21 'zext' 'zext_ln275' <Predicate = true> <Delay = 0.00>
ST_1 : Operation 22 [1/1] (0.00ns)   --->   "%emissions_7_addr = getelementptr i32 %emissions_7, i64 0, i64 %zext_ln275" [/home/xiaorang/Documents/ATOMFLOW/Image_analysis/src/image_analysis.cpp:275->/home/xiaorang/Documents/ATOMFLOW/Image_analysis/src/image_analysis.cpp:275]   --->   Operation 22 'getelementptr' 'emissions_7_addr' <Predicate = true> <Delay = 0.00>
ST_1 : Operation 23 [1/1] (0.00ns)   --->   "%emissions_0_addr = getelementptr i32 %emissions_0, i64 0, i64 %zext_ln275" [/home/xiaorang/Documents/ATOMFLOW/Image_analysis/src/image_analysis.cpp:275->/home/xiaorang/Documents/ATOMFLOW/Image_analysis/src/image_analysis.cpp:275]   --->   Operation 23 'getelementptr' 'emissions_0_addr' <Predicate = true> <Delay = 0.00>
ST_1 : Operation 24 [1/1] (0.00ns)   --->   "%emissions_1_addr = getelementptr i32 %emissions_1, i64 0, i64 %zext_ln275" [/home/xiaorang/Documents/ATOMFLOW/Image_analysis/src/image_analysis.cpp:275->/home/xiaorang/Documents/ATOMFLOW/Image_analysis/src/image_analysis.cpp:275]   --->   Operation 24 'getelementptr' 'emissions_1_addr' <Predicate = true> <Delay = 0.00>
ST_1 : Operation 25 [1/1] (0.00ns)   --->   "%emissions_2_addr = getelementptr i32 %emissions_2, i64 0, i64 %zext_ln275" [/home/xiaorang/Documents/ATOMFLOW/Image_analysis/src/image_analysis.cpp:275->/home/xiaorang/Documents/ATOMFLOW/Image_analysis/src/image_analysis.cpp:275]   --->   Operation 25 'getelementptr' 'emissions_2_addr' <Predicate = true> <Delay = 0.00>
ST_1 : Operation 26 [1/1] (0.00ns)   --->   "%emissions_3_addr = getelementptr i32 %emissions_3, i64 0, i64 %zext_ln275" [/home/xiaorang/Documents/ATOMFLOW/Image_analysis/src/image_analysis.cpp:275->/home/xiaorang/Documents/ATOMFLOW/Image_analysis/src/image_analysis.cpp:275]   --->   Operation 26 'getelementptr' 'emissions_3_addr' <Predicate = true> <Delay = 0.00>
ST_1 : Operation 27 [1/1] (0.00ns)   --->   "%emissions_4_addr = getelementptr i32 %emissions_4, i64 0, i64 %zext_ln275" [/home/xiaorang/Documents/ATOMFLOW/Image_analysis/src/image_analysis.cpp:275->/home/xiaorang/Documents/ATOMFLOW/Image_analysis/src/image_analysis.cpp:275]   --->   Operation 27 'getelementptr' 'emissions_4_addr' <Predicate = true> <Delay = 0.00>
ST_1 : Operation 28 [1/1] (0.00ns)   --->   "%emissions_5_addr = getelementptr i32 %emissions_5, i64 0, i64 %zext_ln275" [/home/xiaorang/Documents/ATOMFLOW/Image_analysis/src/image_analysis.cpp:275->/home/xiaorang/Documents/ATOMFLOW/Image_analysis/src/image_analysis.cpp:275]   --->   Operation 28 'getelementptr' 'emissions_5_addr' <Predicate = true> <Delay = 0.00>
ST_1 : Operation 29 [1/1] (0.00ns)   --->   "%emissions_6_addr = getelementptr i32 %emissions_6, i64 0, i64 %zext_ln275" [/home/xiaorang/Documents/ATOMFLOW/Image_analysis/src/image_analysis.cpp:275->/home/xiaorang/Documents/ATOMFLOW/Image_analysis/src/image_analysis.cpp:275]   --->   Operation 29 'getelementptr' 'emissions_6_addr' <Predicate = true> <Delay = 0.00>
ST_1 : Operation 30 [1/1] (0.67ns)   --->   "%switch_ln275 = switch i3 %p_read45, void %arrayidx1.case.7.i, i3 0, void %arrayidx1.case.0.i, i3 1, void %arrayidx1.case.1.i, i3 2, void %arrayidx1.case.2.i, i3 3, void %arrayidx1.case.3.i, i3 4, void %arrayidx1.case.4.i, i3 5, void %arrayidx1.case.5.i, i3 6, void %arrayidx1.case.6.i" [/home/xiaorang/Documents/ATOMFLOW/Image_analysis/src/image_analysis.cpp:275->/home/xiaorang/Documents/ATOMFLOW/Image_analysis/src/image_analysis.cpp:275]   --->   Operation 30 'switch' 'switch_ln275' <Predicate = true> <Delay = 0.67>

State 2 <SV = 1> <Delay = 7.05>
ST_2 : Operation 31 [13/13] (7.05ns)   --->   "%call_ret7_i = call i32 @post_process, i32 %p_read146, i32 %p_read247, i32 %p_read348" [/home/xiaorang/Documents/ATOMFLOW/Image_analysis/src/image_analysis.cpp:275->/home/xiaorang/Documents/ATOMFLOW/Image_analysis/src/image_analysis.cpp:275]   --->   Operation 31 'call' 'call_ret7_i' <Predicate = (p_read45 == 6)> <Delay = 7.05> <CoreType = "Generic">   --->   Generic Core
ST_2 : Operation 32 [13/13] (7.05ns)   --->   "%call_ret6_i = call i32 @post_process, i32 %p_read146, i32 %p_read247, i32 %p_read348" [/home/xiaorang/Documents/ATOMFLOW/Image_analysis/src/image_analysis.cpp:275->/home/xiaorang/Documents/ATOMFLOW/Image_analysis/src/image_analysis.cpp:275]   --->   Operation 32 'call' 'call_ret6_i' <Predicate = (p_read45 == 5)> <Delay = 7.05> <CoreType = "Generic">   --->   Generic Core
ST_2 : Operation 33 [13/13] (7.05ns)   --->   "%call_ret5_i = call i32 @post_process, i32 %p_read146, i32 %p_read247, i32 %p_read348" [/home/xiaorang/Documents/ATOMFLOW/Image_analysis/src/image_analysis.cpp:275->/home/xiaorang/Documents/ATOMFLOW/Image_analysis/src/image_analysis.cpp:275]   --->   Operation 33 'call' 'call_ret5_i' <Predicate = (p_read45 == 4)> <Delay = 7.05> <CoreType = "Generic">   --->   Generic Core
ST_2 : Operation 34 [13/13] (7.05ns)   --->   "%call_ret4_i = call i32 @post_process, i32 %p_read146, i32 %p_read247, i32 %p_read348" [/home/xiaorang/Documents/ATOMFLOW/Image_analysis/src/image_analysis.cpp:275->/home/xiaorang/Documents/ATOMFLOW/Image_analysis/src/image_analysis.cpp:275]   --->   Operation 34 'call' 'call_ret4_i' <Predicate = (p_read45 == 3)> <Delay = 7.05> <CoreType = "Generic">   --->   Generic Core
ST_2 : Operation 35 [13/13] (7.05ns)   --->   "%call_ret3_i = call i32 @post_process, i32 %p_read146, i32 %p_read247, i32 %p_read348" [/home/xiaorang/Documents/ATOMFLOW/Image_analysis/src/image_analysis.cpp:275->/home/xiaorang/Documents/ATOMFLOW/Image_analysis/src/image_analysis.cpp:275]   --->   Operation 35 'call' 'call_ret3_i' <Predicate = (p_read45 == 2)> <Delay = 7.05> <CoreType = "Generic">   --->   Generic Core
ST_2 : Operation 36 [13/13] (7.05ns)   --->   "%call_ret2_i = call i32 @post_process, i32 %p_read146, i32 %p_read247, i32 %p_read348" [/home/xiaorang/Documents/ATOMFLOW/Image_analysis/src/image_analysis.cpp:275->/home/xiaorang/Documents/ATOMFLOW/Image_analysis/src/image_analysis.cpp:275]   --->   Operation 36 'call' 'call_ret2_i' <Predicate = (p_read45 == 1)> <Delay = 7.05> <CoreType = "Generic">   --->   Generic Core
ST_2 : Operation 37 [13/13] (7.05ns)   --->   "%call_ret1_i = call i32 @post_process, i32 %p_read146, i32 %p_read247, i32 %p_read348" [/home/xiaorang/Documents/ATOMFLOW/Image_analysis/src/image_analysis.cpp:275->/home/xiaorang/Documents/ATOMFLOW/Image_analysis/src/image_analysis.cpp:275]   --->   Operation 37 'call' 'call_ret1_i' <Predicate = (p_read45 == 0)> <Delay = 7.05> <CoreType = "Generic">   --->   Generic Core
ST_2 : Operation 38 [13/13] (7.05ns)   --->   "%call_ret_i = call i32 @post_process, i32 %p_read146, i32 %p_read247, i32 %p_read348" [/home/xiaorang/Documents/ATOMFLOW/Image_analysis/src/image_analysis.cpp:275->/home/xiaorang/Documents/ATOMFLOW/Image_analysis/src/image_analysis.cpp:275]   --->   Operation 38 'call' 'call_ret_i' <Predicate = (p_read45 == 7)> <Delay = 7.05> <CoreType = "Generic">   --->   Generic Core

State 3 <SV = 2> <Delay = 7.05>
ST_3 : Operation 39 [12/13] (7.05ns)   --->   "%call_ret7_i = call i32 @post_process, i32 %p_read146, i32 %p_read247, i32 %p_read348" [/home/xiaorang/Documents/ATOMFLOW/Image_analysis/src/image_analysis.cpp:275->/home/xiaorang/Documents/ATOMFLOW/Image_analysis/src/image_analysis.cpp:275]   --->   Operation 39 'call' 'call_ret7_i' <Predicate = (p_read45 == 6)> <Delay = 7.05> <CoreType = "Generic">   --->   Generic Core
ST_3 : Operation 40 [12/13] (7.05ns)   --->   "%call_ret6_i = call i32 @post_process, i32 %p_read146, i32 %p_read247, i32 %p_read348" [/home/xiaorang/Documents/ATOMFLOW/Image_analysis/src/image_analysis.cpp:275->/home/xiaorang/Documents/ATOMFLOW/Image_analysis/src/image_analysis.cpp:275]   --->   Operation 40 'call' 'call_ret6_i' <Predicate = (p_read45 == 5)> <Delay = 7.05> <CoreType = "Generic">   --->   Generic Core
ST_3 : Operation 41 [12/13] (7.05ns)   --->   "%call_ret5_i = call i32 @post_process, i32 %p_read146, i32 %p_read247, i32 %p_read348" [/home/xiaorang/Documents/ATOMFLOW/Image_analysis/src/image_analysis.cpp:275->/home/xiaorang/Documents/ATOMFLOW/Image_analysis/src/image_analysis.cpp:275]   --->   Operation 41 'call' 'call_ret5_i' <Predicate = (p_read45 == 4)> <Delay = 7.05> <CoreType = "Generic">   --->   Generic Core
ST_3 : Operation 42 [12/13] (7.05ns)   --->   "%call_ret4_i = call i32 @post_process, i32 %p_read146, i32 %p_read247, i32 %p_read348" [/home/xiaorang/Documents/ATOMFLOW/Image_analysis/src/image_analysis.cpp:275->/home/xiaorang/Documents/ATOMFLOW/Image_analysis/src/image_analysis.cpp:275]   --->   Operation 42 'call' 'call_ret4_i' <Predicate = (p_read45 == 3)> <Delay = 7.05> <CoreType = "Generic">   --->   Generic Core
ST_3 : Operation 43 [12/13] (7.05ns)   --->   "%call_ret3_i = call i32 @post_process, i32 %p_read146, i32 %p_read247, i32 %p_read348" [/home/xiaorang/Documents/ATOMFLOW/Image_analysis/src/image_analysis.cpp:275->/home/xiaorang/Documents/ATOMFLOW/Image_analysis/src/image_analysis.cpp:275]   --->   Operation 43 'call' 'call_ret3_i' <Predicate = (p_read45 == 2)> <Delay = 7.05> <CoreType = "Generic">   --->   Generic Core
ST_3 : Operation 44 [12/13] (7.05ns)   --->   "%call_ret2_i = call i32 @post_process, i32 %p_read146, i32 %p_read247, i32 %p_read348" [/home/xiaorang/Documents/ATOMFLOW/Image_analysis/src/image_analysis.cpp:275->/home/xiaorang/Documents/ATOMFLOW/Image_analysis/src/image_analysis.cpp:275]   --->   Operation 44 'call' 'call_ret2_i' <Predicate = (p_read45 == 1)> <Delay = 7.05> <CoreType = "Generic">   --->   Generic Core
ST_3 : Operation 45 [12/13] (7.05ns)   --->   "%call_ret1_i = call i32 @post_process, i32 %p_read146, i32 %p_read247, i32 %p_read348" [/home/xiaorang/Documents/ATOMFLOW/Image_analysis/src/image_analysis.cpp:275->/home/xiaorang/Documents/ATOMFLOW/Image_analysis/src/image_analysis.cpp:275]   --->   Operation 45 'call' 'call_ret1_i' <Predicate = (p_read45 == 0)> <Delay = 7.05> <CoreType = "Generic">   --->   Generic Core
ST_3 : Operation 46 [12/13] (7.05ns)   --->   "%call_ret_i = call i32 @post_process, i32 %p_read146, i32 %p_read247, i32 %p_read348" [/home/xiaorang/Documents/ATOMFLOW/Image_analysis/src/image_analysis.cpp:275->/home/xiaorang/Documents/ATOMFLOW/Image_analysis/src/image_analysis.cpp:275]   --->   Operation 46 'call' 'call_ret_i' <Predicate = (p_read45 == 7)> <Delay = 7.05> <CoreType = "Generic">   --->   Generic Core

State 4 <SV = 3> <Delay = 7.05>
ST_4 : Operation 47 [11/13] (7.05ns)   --->   "%call_ret7_i = call i32 @post_process, i32 %p_read146, i32 %p_read247, i32 %p_read348" [/home/xiaorang/Documents/ATOMFLOW/Image_analysis/src/image_analysis.cpp:275->/home/xiaorang/Documents/ATOMFLOW/Image_analysis/src/image_analysis.cpp:275]   --->   Operation 47 'call' 'call_ret7_i' <Predicate = (p_read45 == 6)> <Delay = 7.05> <CoreType = "Generic">   --->   Generic Core
ST_4 : Operation 48 [11/13] (7.05ns)   --->   "%call_ret6_i = call i32 @post_process, i32 %p_read146, i32 %p_read247, i32 %p_read348" [/home/xiaorang/Documents/ATOMFLOW/Image_analysis/src/image_analysis.cpp:275->/home/xiaorang/Documents/ATOMFLOW/Image_analysis/src/image_analysis.cpp:275]   --->   Operation 48 'call' 'call_ret6_i' <Predicate = (p_read45 == 5)> <Delay = 7.05> <CoreType = "Generic">   --->   Generic Core
ST_4 : Operation 49 [11/13] (7.05ns)   --->   "%call_ret5_i = call i32 @post_process, i32 %p_read146, i32 %p_read247, i32 %p_read348" [/home/xiaorang/Documents/ATOMFLOW/Image_analysis/src/image_analysis.cpp:275->/home/xiaorang/Documents/ATOMFLOW/Image_analysis/src/image_analysis.cpp:275]   --->   Operation 49 'call' 'call_ret5_i' <Predicate = (p_read45 == 4)> <Delay = 7.05> <CoreType = "Generic">   --->   Generic Core
ST_4 : Operation 50 [11/13] (7.05ns)   --->   "%call_ret4_i = call i32 @post_process, i32 %p_read146, i32 %p_read247, i32 %p_read348" [/home/xiaorang/Documents/ATOMFLOW/Image_analysis/src/image_analysis.cpp:275->/home/xiaorang/Documents/ATOMFLOW/Image_analysis/src/image_analysis.cpp:275]   --->   Operation 50 'call' 'call_ret4_i' <Predicate = (p_read45 == 3)> <Delay = 7.05> <CoreType = "Generic">   --->   Generic Core
ST_4 : Operation 51 [11/13] (7.05ns)   --->   "%call_ret3_i = call i32 @post_process, i32 %p_read146, i32 %p_read247, i32 %p_read348" [/home/xiaorang/Documents/ATOMFLOW/Image_analysis/src/image_analysis.cpp:275->/home/xiaorang/Documents/ATOMFLOW/Image_analysis/src/image_analysis.cpp:275]   --->   Operation 51 'call' 'call_ret3_i' <Predicate = (p_read45 == 2)> <Delay = 7.05> <CoreType = "Generic">   --->   Generic Core
ST_4 : Operation 52 [11/13] (7.05ns)   --->   "%call_ret2_i = call i32 @post_process, i32 %p_read146, i32 %p_read247, i32 %p_read348" [/home/xiaorang/Documents/ATOMFLOW/Image_analysis/src/image_analysis.cpp:275->/home/xiaorang/Documents/ATOMFLOW/Image_analysis/src/image_analysis.cpp:275]   --->   Operation 52 'call' 'call_ret2_i' <Predicate = (p_read45 == 1)> <Delay = 7.05> <CoreType = "Generic">   --->   Generic Core
ST_4 : Operation 53 [11/13] (7.05ns)   --->   "%call_ret1_i = call i32 @post_process, i32 %p_read146, i32 %p_read247, i32 %p_read348" [/home/xiaorang/Documents/ATOMFLOW/Image_analysis/src/image_analysis.cpp:275->/home/xiaorang/Documents/ATOMFLOW/Image_analysis/src/image_analysis.cpp:275]   --->   Operation 53 'call' 'call_ret1_i' <Predicate = (p_read45 == 0)> <Delay = 7.05> <CoreType = "Generic">   --->   Generic Core
ST_4 : Operation 54 [11/13] (7.05ns)   --->   "%call_ret_i = call i32 @post_process, i32 %p_read146, i32 %p_read247, i32 %p_read348" [/home/xiaorang/Documents/ATOMFLOW/Image_analysis/src/image_analysis.cpp:275->/home/xiaorang/Documents/ATOMFLOW/Image_analysis/src/image_analysis.cpp:275]   --->   Operation 54 'call' 'call_ret_i' <Predicate = (p_read45 == 7)> <Delay = 7.05> <CoreType = "Generic">   --->   Generic Core

State 5 <SV = 4> <Delay = 7.05>
ST_5 : Operation 55 [10/13] (7.05ns)   --->   "%call_ret7_i = call i32 @post_process, i32 %p_read146, i32 %p_read247, i32 %p_read348" [/home/xiaorang/Documents/ATOMFLOW/Image_analysis/src/image_analysis.cpp:275->/home/xiaorang/Documents/ATOMFLOW/Image_analysis/src/image_analysis.cpp:275]   --->   Operation 55 'call' 'call_ret7_i' <Predicate = (p_read45 == 6)> <Delay = 7.05> <CoreType = "Generic">   --->   Generic Core
ST_5 : Operation 56 [10/13] (7.05ns)   --->   "%call_ret6_i = call i32 @post_process, i32 %p_read146, i32 %p_read247, i32 %p_read348" [/home/xiaorang/Documents/ATOMFLOW/Image_analysis/src/image_analysis.cpp:275->/home/xiaorang/Documents/ATOMFLOW/Image_analysis/src/image_analysis.cpp:275]   --->   Operation 56 'call' 'call_ret6_i' <Predicate = (p_read45 == 5)> <Delay = 7.05> <CoreType = "Generic">   --->   Generic Core
ST_5 : Operation 57 [10/13] (7.05ns)   --->   "%call_ret5_i = call i32 @post_process, i32 %p_read146, i32 %p_read247, i32 %p_read348" [/home/xiaorang/Documents/ATOMFLOW/Image_analysis/src/image_analysis.cpp:275->/home/xiaorang/Documents/ATOMFLOW/Image_analysis/src/image_analysis.cpp:275]   --->   Operation 57 'call' 'call_ret5_i' <Predicate = (p_read45 == 4)> <Delay = 7.05> <CoreType = "Generic">   --->   Generic Core
ST_5 : Operation 58 [10/13] (7.05ns)   --->   "%call_ret4_i = call i32 @post_process, i32 %p_read146, i32 %p_read247, i32 %p_read348" [/home/xiaorang/Documents/ATOMFLOW/Image_analysis/src/image_analysis.cpp:275->/home/xiaorang/Documents/ATOMFLOW/Image_analysis/src/image_analysis.cpp:275]   --->   Operation 58 'call' 'call_ret4_i' <Predicate = (p_read45 == 3)> <Delay = 7.05> <CoreType = "Generic">   --->   Generic Core
ST_5 : Operation 59 [10/13] (7.05ns)   --->   "%call_ret3_i = call i32 @post_process, i32 %p_read146, i32 %p_read247, i32 %p_read348" [/home/xiaorang/Documents/ATOMFLOW/Image_analysis/src/image_analysis.cpp:275->/home/xiaorang/Documents/ATOMFLOW/Image_analysis/src/image_analysis.cpp:275]   --->   Operation 59 'call' 'call_ret3_i' <Predicate = (p_read45 == 2)> <Delay = 7.05> <CoreType = "Generic">   --->   Generic Core
ST_5 : Operation 60 [10/13] (7.05ns)   --->   "%call_ret2_i = call i32 @post_process, i32 %p_read146, i32 %p_read247, i32 %p_read348" [/home/xiaorang/Documents/ATOMFLOW/Image_analysis/src/image_analysis.cpp:275->/home/xiaorang/Documents/ATOMFLOW/Image_analysis/src/image_analysis.cpp:275]   --->   Operation 60 'call' 'call_ret2_i' <Predicate = (p_read45 == 1)> <Delay = 7.05> <CoreType = "Generic">   --->   Generic Core
ST_5 : Operation 61 [10/13] (7.05ns)   --->   "%call_ret1_i = call i32 @post_process, i32 %p_read146, i32 %p_read247, i32 %p_read348" [/home/xiaorang/Documents/ATOMFLOW/Image_analysis/src/image_analysis.cpp:275->/home/xiaorang/Documents/ATOMFLOW/Image_analysis/src/image_analysis.cpp:275]   --->   Operation 61 'call' 'call_ret1_i' <Predicate = (p_read45 == 0)> <Delay = 7.05> <CoreType = "Generic">   --->   Generic Core
ST_5 : Operation 62 [10/13] (7.05ns)   --->   "%call_ret_i = call i32 @post_process, i32 %p_read146, i32 %p_read247, i32 %p_read348" [/home/xiaorang/Documents/ATOMFLOW/Image_analysis/src/image_analysis.cpp:275->/home/xiaorang/Documents/ATOMFLOW/Image_analysis/src/image_analysis.cpp:275]   --->   Operation 62 'call' 'call_ret_i' <Predicate = (p_read45 == 7)> <Delay = 7.05> <CoreType = "Generic">   --->   Generic Core

State 6 <SV = 5> <Delay = 7.05>
ST_6 : Operation 63 [9/13] (7.05ns)   --->   "%call_ret7_i = call i32 @post_process, i32 %p_read146, i32 %p_read247, i32 %p_read348" [/home/xiaorang/Documents/ATOMFLOW/Image_analysis/src/image_analysis.cpp:275->/home/xiaorang/Documents/ATOMFLOW/Image_analysis/src/image_analysis.cpp:275]   --->   Operation 63 'call' 'call_ret7_i' <Predicate = (p_read45 == 6)> <Delay = 7.05> <CoreType = "Generic">   --->   Generic Core
ST_6 : Operation 64 [9/13] (7.05ns)   --->   "%call_ret6_i = call i32 @post_process, i32 %p_read146, i32 %p_read247, i32 %p_read348" [/home/xiaorang/Documents/ATOMFLOW/Image_analysis/src/image_analysis.cpp:275->/home/xiaorang/Documents/ATOMFLOW/Image_analysis/src/image_analysis.cpp:275]   --->   Operation 64 'call' 'call_ret6_i' <Predicate = (p_read45 == 5)> <Delay = 7.05> <CoreType = "Generic">   --->   Generic Core
ST_6 : Operation 65 [9/13] (7.05ns)   --->   "%call_ret5_i = call i32 @post_process, i32 %p_read146, i32 %p_read247, i32 %p_read348" [/home/xiaorang/Documents/ATOMFLOW/Image_analysis/src/image_analysis.cpp:275->/home/xiaorang/Documents/ATOMFLOW/Image_analysis/src/image_analysis.cpp:275]   --->   Operation 65 'call' 'call_ret5_i' <Predicate = (p_read45 == 4)> <Delay = 7.05> <CoreType = "Generic">   --->   Generic Core
ST_6 : Operation 66 [9/13] (7.05ns)   --->   "%call_ret4_i = call i32 @post_process, i32 %p_read146, i32 %p_read247, i32 %p_read348" [/home/xiaorang/Documents/ATOMFLOW/Image_analysis/src/image_analysis.cpp:275->/home/xiaorang/Documents/ATOMFLOW/Image_analysis/src/image_analysis.cpp:275]   --->   Operation 66 'call' 'call_ret4_i' <Predicate = (p_read45 == 3)> <Delay = 7.05> <CoreType = "Generic">   --->   Generic Core
ST_6 : Operation 67 [9/13] (7.05ns)   --->   "%call_ret3_i = call i32 @post_process, i32 %p_read146, i32 %p_read247, i32 %p_read348" [/home/xiaorang/Documents/ATOMFLOW/Image_analysis/src/image_analysis.cpp:275->/home/xiaorang/Documents/ATOMFLOW/Image_analysis/src/image_analysis.cpp:275]   --->   Operation 67 'call' 'call_ret3_i' <Predicate = (p_read45 == 2)> <Delay = 7.05> <CoreType = "Generic">   --->   Generic Core
ST_6 : Operation 68 [9/13] (7.05ns)   --->   "%call_ret2_i = call i32 @post_process, i32 %p_read146, i32 %p_read247, i32 %p_read348" [/home/xiaorang/Documents/ATOMFLOW/Image_analysis/src/image_analysis.cpp:275->/home/xiaorang/Documents/ATOMFLOW/Image_analysis/src/image_analysis.cpp:275]   --->   Operation 68 'call' 'call_ret2_i' <Predicate = (p_read45 == 1)> <Delay = 7.05> <CoreType = "Generic">   --->   Generic Core
ST_6 : Operation 69 [9/13] (7.05ns)   --->   "%call_ret1_i = call i32 @post_process, i32 %p_read146, i32 %p_read247, i32 %p_read348" [/home/xiaorang/Documents/ATOMFLOW/Image_analysis/src/image_analysis.cpp:275->/home/xiaorang/Documents/ATOMFLOW/Image_analysis/src/image_analysis.cpp:275]   --->   Operation 69 'call' 'call_ret1_i' <Predicate = (p_read45 == 0)> <Delay = 7.05> <CoreType = "Generic">   --->   Generic Core
ST_6 : Operation 70 [9/13] (7.05ns)   --->   "%call_ret_i = call i32 @post_process, i32 %p_read146, i32 %p_read247, i32 %p_read348" [/home/xiaorang/Documents/ATOMFLOW/Image_analysis/src/image_analysis.cpp:275->/home/xiaorang/Documents/ATOMFLOW/Image_analysis/src/image_analysis.cpp:275]   --->   Operation 70 'call' 'call_ret_i' <Predicate = (p_read45 == 7)> <Delay = 7.05> <CoreType = "Generic">   --->   Generic Core

State 7 <SV = 6> <Delay = 7.05>
ST_7 : Operation 71 [8/13] (7.05ns)   --->   "%call_ret7_i = call i32 @post_process, i32 %p_read146, i32 %p_read247, i32 %p_read348" [/home/xiaorang/Documents/ATOMFLOW/Image_analysis/src/image_analysis.cpp:275->/home/xiaorang/Documents/ATOMFLOW/Image_analysis/src/image_analysis.cpp:275]   --->   Operation 71 'call' 'call_ret7_i' <Predicate = (p_read45 == 6)> <Delay = 7.05> <CoreType = "Generic">   --->   Generic Core
ST_7 : Operation 72 [8/13] (7.05ns)   --->   "%call_ret6_i = call i32 @post_process, i32 %p_read146, i32 %p_read247, i32 %p_read348" [/home/xiaorang/Documents/ATOMFLOW/Image_analysis/src/image_analysis.cpp:275->/home/xiaorang/Documents/ATOMFLOW/Image_analysis/src/image_analysis.cpp:275]   --->   Operation 72 'call' 'call_ret6_i' <Predicate = (p_read45 == 5)> <Delay = 7.05> <CoreType = "Generic">   --->   Generic Core
ST_7 : Operation 73 [8/13] (7.05ns)   --->   "%call_ret5_i = call i32 @post_process, i32 %p_read146, i32 %p_read247, i32 %p_read348" [/home/xiaorang/Documents/ATOMFLOW/Image_analysis/src/image_analysis.cpp:275->/home/xiaorang/Documents/ATOMFLOW/Image_analysis/src/image_analysis.cpp:275]   --->   Operation 73 'call' 'call_ret5_i' <Predicate = (p_read45 == 4)> <Delay = 7.05> <CoreType = "Generic">   --->   Generic Core
ST_7 : Operation 74 [8/13] (7.05ns)   --->   "%call_ret4_i = call i32 @post_process, i32 %p_read146, i32 %p_read247, i32 %p_read348" [/home/xiaorang/Documents/ATOMFLOW/Image_analysis/src/image_analysis.cpp:275->/home/xiaorang/Documents/ATOMFLOW/Image_analysis/src/image_analysis.cpp:275]   --->   Operation 74 'call' 'call_ret4_i' <Predicate = (p_read45 == 3)> <Delay = 7.05> <CoreType = "Generic">   --->   Generic Core
ST_7 : Operation 75 [8/13] (7.05ns)   --->   "%call_ret3_i = call i32 @post_process, i32 %p_read146, i32 %p_read247, i32 %p_read348" [/home/xiaorang/Documents/ATOMFLOW/Image_analysis/src/image_analysis.cpp:275->/home/xiaorang/Documents/ATOMFLOW/Image_analysis/src/image_analysis.cpp:275]   --->   Operation 75 'call' 'call_ret3_i' <Predicate = (p_read45 == 2)> <Delay = 7.05> <CoreType = "Generic">   --->   Generic Core
ST_7 : Operation 76 [8/13] (7.05ns)   --->   "%call_ret2_i = call i32 @post_process, i32 %p_read146, i32 %p_read247, i32 %p_read348" [/home/xiaorang/Documents/ATOMFLOW/Image_analysis/src/image_analysis.cpp:275->/home/xiaorang/Documents/ATOMFLOW/Image_analysis/src/image_analysis.cpp:275]   --->   Operation 76 'call' 'call_ret2_i' <Predicate = (p_read45 == 1)> <Delay = 7.05> <CoreType = "Generic">   --->   Generic Core
ST_7 : Operation 77 [8/13] (7.05ns)   --->   "%call_ret1_i = call i32 @post_process, i32 %p_read146, i32 %p_read247, i32 %p_read348" [/home/xiaorang/Documents/ATOMFLOW/Image_analysis/src/image_analysis.cpp:275->/home/xiaorang/Documents/ATOMFLOW/Image_analysis/src/image_analysis.cpp:275]   --->   Operation 77 'call' 'call_ret1_i' <Predicate = (p_read45 == 0)> <Delay = 7.05> <CoreType = "Generic">   --->   Generic Core
ST_7 : Operation 78 [8/13] (7.05ns)   --->   "%call_ret_i = call i32 @post_process, i32 %p_read146, i32 %p_read247, i32 %p_read348" [/home/xiaorang/Documents/ATOMFLOW/Image_analysis/src/image_analysis.cpp:275->/home/xiaorang/Documents/ATOMFLOW/Image_analysis/src/image_analysis.cpp:275]   --->   Operation 78 'call' 'call_ret_i' <Predicate = (p_read45 == 7)> <Delay = 7.05> <CoreType = "Generic">   --->   Generic Core

State 8 <SV = 7> <Delay = 7.05>
ST_8 : Operation 79 [7/13] (7.05ns)   --->   "%call_ret7_i = call i32 @post_process, i32 %p_read146, i32 %p_read247, i32 %p_read348" [/home/xiaorang/Documents/ATOMFLOW/Image_analysis/src/image_analysis.cpp:275->/home/xiaorang/Documents/ATOMFLOW/Image_analysis/src/image_analysis.cpp:275]   --->   Operation 79 'call' 'call_ret7_i' <Predicate = (p_read45 == 6)> <Delay = 7.05> <CoreType = "Generic">   --->   Generic Core
ST_8 : Operation 80 [7/13] (7.05ns)   --->   "%call_ret6_i = call i32 @post_process, i32 %p_read146, i32 %p_read247, i32 %p_read348" [/home/xiaorang/Documents/ATOMFLOW/Image_analysis/src/image_analysis.cpp:275->/home/xiaorang/Documents/ATOMFLOW/Image_analysis/src/image_analysis.cpp:275]   --->   Operation 80 'call' 'call_ret6_i' <Predicate = (p_read45 == 5)> <Delay = 7.05> <CoreType = "Generic">   --->   Generic Core
ST_8 : Operation 81 [7/13] (7.05ns)   --->   "%call_ret5_i = call i32 @post_process, i32 %p_read146, i32 %p_read247, i32 %p_read348" [/home/xiaorang/Documents/ATOMFLOW/Image_analysis/src/image_analysis.cpp:275->/home/xiaorang/Documents/ATOMFLOW/Image_analysis/src/image_analysis.cpp:275]   --->   Operation 81 'call' 'call_ret5_i' <Predicate = (p_read45 == 4)> <Delay = 7.05> <CoreType = "Generic">   --->   Generic Core
ST_8 : Operation 82 [7/13] (7.05ns)   --->   "%call_ret4_i = call i32 @post_process, i32 %p_read146, i32 %p_read247, i32 %p_read348" [/home/xiaorang/Documents/ATOMFLOW/Image_analysis/src/image_analysis.cpp:275->/home/xiaorang/Documents/ATOMFLOW/Image_analysis/src/image_analysis.cpp:275]   --->   Operation 82 'call' 'call_ret4_i' <Predicate = (p_read45 == 3)> <Delay = 7.05> <CoreType = "Generic">   --->   Generic Core
ST_8 : Operation 83 [7/13] (7.05ns)   --->   "%call_ret3_i = call i32 @post_process, i32 %p_read146, i32 %p_read247, i32 %p_read348" [/home/xiaorang/Documents/ATOMFLOW/Image_analysis/src/image_analysis.cpp:275->/home/xiaorang/Documents/ATOMFLOW/Image_analysis/src/image_analysis.cpp:275]   --->   Operation 83 'call' 'call_ret3_i' <Predicate = (p_read45 == 2)> <Delay = 7.05> <CoreType = "Generic">   --->   Generic Core
ST_8 : Operation 84 [7/13] (7.05ns)   --->   "%call_ret2_i = call i32 @post_process, i32 %p_read146, i32 %p_read247, i32 %p_read348" [/home/xiaorang/Documents/ATOMFLOW/Image_analysis/src/image_analysis.cpp:275->/home/xiaorang/Documents/ATOMFLOW/Image_analysis/src/image_analysis.cpp:275]   --->   Operation 84 'call' 'call_ret2_i' <Predicate = (p_read45 == 1)> <Delay = 7.05> <CoreType = "Generic">   --->   Generic Core
ST_8 : Operation 85 [7/13] (7.05ns)   --->   "%call_ret1_i = call i32 @post_process, i32 %p_read146, i32 %p_read247, i32 %p_read348" [/home/xiaorang/Documents/ATOMFLOW/Image_analysis/src/image_analysis.cpp:275->/home/xiaorang/Documents/ATOMFLOW/Image_analysis/src/image_analysis.cpp:275]   --->   Operation 85 'call' 'call_ret1_i' <Predicate = (p_read45 == 0)> <Delay = 7.05> <CoreType = "Generic">   --->   Generic Core
ST_8 : Operation 86 [7/13] (7.05ns)   --->   "%call_ret_i = call i32 @post_process, i32 %p_read146, i32 %p_read247, i32 %p_read348" [/home/xiaorang/Documents/ATOMFLOW/Image_analysis/src/image_analysis.cpp:275->/home/xiaorang/Documents/ATOMFLOW/Image_analysis/src/image_analysis.cpp:275]   --->   Operation 86 'call' 'call_ret_i' <Predicate = (p_read45 == 7)> <Delay = 7.05> <CoreType = "Generic">   --->   Generic Core

State 9 <SV = 8> <Delay = 7.05>
ST_9 : Operation 87 [6/13] (7.05ns)   --->   "%call_ret7_i = call i32 @post_process, i32 %p_read146, i32 %p_read247, i32 %p_read348" [/home/xiaorang/Documents/ATOMFLOW/Image_analysis/src/image_analysis.cpp:275->/home/xiaorang/Documents/ATOMFLOW/Image_analysis/src/image_analysis.cpp:275]   --->   Operation 87 'call' 'call_ret7_i' <Predicate = (p_read45 == 6)> <Delay = 7.05> <CoreType = "Generic">   --->   Generic Core
ST_9 : Operation 88 [6/13] (7.05ns)   --->   "%call_ret6_i = call i32 @post_process, i32 %p_read146, i32 %p_read247, i32 %p_read348" [/home/xiaorang/Documents/ATOMFLOW/Image_analysis/src/image_analysis.cpp:275->/home/xiaorang/Documents/ATOMFLOW/Image_analysis/src/image_analysis.cpp:275]   --->   Operation 88 'call' 'call_ret6_i' <Predicate = (p_read45 == 5)> <Delay = 7.05> <CoreType = "Generic">   --->   Generic Core
ST_9 : Operation 89 [6/13] (7.05ns)   --->   "%call_ret5_i = call i32 @post_process, i32 %p_read146, i32 %p_read247, i32 %p_read348" [/home/xiaorang/Documents/ATOMFLOW/Image_analysis/src/image_analysis.cpp:275->/home/xiaorang/Documents/ATOMFLOW/Image_analysis/src/image_analysis.cpp:275]   --->   Operation 89 'call' 'call_ret5_i' <Predicate = (p_read45 == 4)> <Delay = 7.05> <CoreType = "Generic">   --->   Generic Core
ST_9 : Operation 90 [6/13] (7.05ns)   --->   "%call_ret4_i = call i32 @post_process, i32 %p_read146, i32 %p_read247, i32 %p_read348" [/home/xiaorang/Documents/ATOMFLOW/Image_analysis/src/image_analysis.cpp:275->/home/xiaorang/Documents/ATOMFLOW/Image_analysis/src/image_analysis.cpp:275]   --->   Operation 90 'call' 'call_ret4_i' <Predicate = (p_read45 == 3)> <Delay = 7.05> <CoreType = "Generic">   --->   Generic Core
ST_9 : Operation 91 [6/13] (7.05ns)   --->   "%call_ret3_i = call i32 @post_process, i32 %p_read146, i32 %p_read247, i32 %p_read348" [/home/xiaorang/Documents/ATOMFLOW/Image_analysis/src/image_analysis.cpp:275->/home/xiaorang/Documents/ATOMFLOW/Image_analysis/src/image_analysis.cpp:275]   --->   Operation 91 'call' 'call_ret3_i' <Predicate = (p_read45 == 2)> <Delay = 7.05> <CoreType = "Generic">   --->   Generic Core
ST_9 : Operation 92 [6/13] (7.05ns)   --->   "%call_ret2_i = call i32 @post_process, i32 %p_read146, i32 %p_read247, i32 %p_read348" [/home/xiaorang/Documents/ATOMFLOW/Image_analysis/src/image_analysis.cpp:275->/home/xiaorang/Documents/ATOMFLOW/Image_analysis/src/image_analysis.cpp:275]   --->   Operation 92 'call' 'call_ret2_i' <Predicate = (p_read45 == 1)> <Delay = 7.05> <CoreType = "Generic">   --->   Generic Core
ST_9 : Operation 93 [6/13] (7.05ns)   --->   "%call_ret1_i = call i32 @post_process, i32 %p_read146, i32 %p_read247, i32 %p_read348" [/home/xiaorang/Documents/ATOMFLOW/Image_analysis/src/image_analysis.cpp:275->/home/xiaorang/Documents/ATOMFLOW/Image_analysis/src/image_analysis.cpp:275]   --->   Operation 93 'call' 'call_ret1_i' <Predicate = (p_read45 == 0)> <Delay = 7.05> <CoreType = "Generic">   --->   Generic Core
ST_9 : Operation 94 [6/13] (7.05ns)   --->   "%call_ret_i = call i32 @post_process, i32 %p_read146, i32 %p_read247, i32 %p_read348" [/home/xiaorang/Documents/ATOMFLOW/Image_analysis/src/image_analysis.cpp:275->/home/xiaorang/Documents/ATOMFLOW/Image_analysis/src/image_analysis.cpp:275]   --->   Operation 94 'call' 'call_ret_i' <Predicate = (p_read45 == 7)> <Delay = 7.05> <CoreType = "Generic">   --->   Generic Core

State 10 <SV = 9> <Delay = 7.05>
ST_10 : Operation 95 [5/13] (7.05ns)   --->   "%call_ret7_i = call i32 @post_process, i32 %p_read146, i32 %p_read247, i32 %p_read348" [/home/xiaorang/Documents/ATOMFLOW/Image_analysis/src/image_analysis.cpp:275->/home/xiaorang/Documents/ATOMFLOW/Image_analysis/src/image_analysis.cpp:275]   --->   Operation 95 'call' 'call_ret7_i' <Predicate = (p_read45 == 6)> <Delay = 7.05> <CoreType = "Generic">   --->   Generic Core
ST_10 : Operation 96 [5/13] (7.05ns)   --->   "%call_ret6_i = call i32 @post_process, i32 %p_read146, i32 %p_read247, i32 %p_read348" [/home/xiaorang/Documents/ATOMFLOW/Image_analysis/src/image_analysis.cpp:275->/home/xiaorang/Documents/ATOMFLOW/Image_analysis/src/image_analysis.cpp:275]   --->   Operation 96 'call' 'call_ret6_i' <Predicate = (p_read45 == 5)> <Delay = 7.05> <CoreType = "Generic">   --->   Generic Core
ST_10 : Operation 97 [5/13] (7.05ns)   --->   "%call_ret5_i = call i32 @post_process, i32 %p_read146, i32 %p_read247, i32 %p_read348" [/home/xiaorang/Documents/ATOMFLOW/Image_analysis/src/image_analysis.cpp:275->/home/xiaorang/Documents/ATOMFLOW/Image_analysis/src/image_analysis.cpp:275]   --->   Operation 97 'call' 'call_ret5_i' <Predicate = (p_read45 == 4)> <Delay = 7.05> <CoreType = "Generic">   --->   Generic Core
ST_10 : Operation 98 [5/13] (7.05ns)   --->   "%call_ret4_i = call i32 @post_process, i32 %p_read146, i32 %p_read247, i32 %p_read348" [/home/xiaorang/Documents/ATOMFLOW/Image_analysis/src/image_analysis.cpp:275->/home/xiaorang/Documents/ATOMFLOW/Image_analysis/src/image_analysis.cpp:275]   --->   Operation 98 'call' 'call_ret4_i' <Predicate = (p_read45 == 3)> <Delay = 7.05> <CoreType = "Generic">   --->   Generic Core
ST_10 : Operation 99 [5/13] (7.05ns)   --->   "%call_ret3_i = call i32 @post_process, i32 %p_read146, i32 %p_read247, i32 %p_read348" [/home/xiaorang/Documents/ATOMFLOW/Image_analysis/src/image_analysis.cpp:275->/home/xiaorang/Documents/ATOMFLOW/Image_analysis/src/image_analysis.cpp:275]   --->   Operation 99 'call' 'call_ret3_i' <Predicate = (p_read45 == 2)> <Delay = 7.05> <CoreType = "Generic">   --->   Generic Core
ST_10 : Operation 100 [5/13] (7.05ns)   --->   "%call_ret2_i = call i32 @post_process, i32 %p_read146, i32 %p_read247, i32 %p_read348" [/home/xiaorang/Documents/ATOMFLOW/Image_analysis/src/image_analysis.cpp:275->/home/xiaorang/Documents/ATOMFLOW/Image_analysis/src/image_analysis.cpp:275]   --->   Operation 100 'call' 'call_ret2_i' <Predicate = (p_read45 == 1)> <Delay = 7.05> <CoreType = "Generic">   --->   Generic Core
ST_10 : Operation 101 [5/13] (7.05ns)   --->   "%call_ret1_i = call i32 @post_process, i32 %p_read146, i32 %p_read247, i32 %p_read348" [/home/xiaorang/Documents/ATOMFLOW/Image_analysis/src/image_analysis.cpp:275->/home/xiaorang/Documents/ATOMFLOW/Image_analysis/src/image_analysis.cpp:275]   --->   Operation 101 'call' 'call_ret1_i' <Predicate = (p_read45 == 0)> <Delay = 7.05> <CoreType = "Generic">   --->   Generic Core
ST_10 : Operation 102 [5/13] (7.05ns)   --->   "%call_ret_i = call i32 @post_process, i32 %p_read146, i32 %p_read247, i32 %p_read348" [/home/xiaorang/Documents/ATOMFLOW/Image_analysis/src/image_analysis.cpp:275->/home/xiaorang/Documents/ATOMFLOW/Image_analysis/src/image_analysis.cpp:275]   --->   Operation 102 'call' 'call_ret_i' <Predicate = (p_read45 == 7)> <Delay = 7.05> <CoreType = "Generic">   --->   Generic Core

State 11 <SV = 10> <Delay = 7.05>
ST_11 : Operation 103 [4/13] (7.05ns)   --->   "%call_ret7_i = call i32 @post_process, i32 %p_read146, i32 %p_read247, i32 %p_read348" [/home/xiaorang/Documents/ATOMFLOW/Image_analysis/src/image_analysis.cpp:275->/home/xiaorang/Documents/ATOMFLOW/Image_analysis/src/image_analysis.cpp:275]   --->   Operation 103 'call' 'call_ret7_i' <Predicate = (p_read45 == 6)> <Delay = 7.05> <CoreType = "Generic">   --->   Generic Core
ST_11 : Operation 104 [4/13] (7.05ns)   --->   "%call_ret6_i = call i32 @post_process, i32 %p_read146, i32 %p_read247, i32 %p_read348" [/home/xiaorang/Documents/ATOMFLOW/Image_analysis/src/image_analysis.cpp:275->/home/xiaorang/Documents/ATOMFLOW/Image_analysis/src/image_analysis.cpp:275]   --->   Operation 104 'call' 'call_ret6_i' <Predicate = (p_read45 == 5)> <Delay = 7.05> <CoreType = "Generic">   --->   Generic Core
ST_11 : Operation 105 [4/13] (7.05ns)   --->   "%call_ret5_i = call i32 @post_process, i32 %p_read146, i32 %p_read247, i32 %p_read348" [/home/xiaorang/Documents/ATOMFLOW/Image_analysis/src/image_analysis.cpp:275->/home/xiaorang/Documents/ATOMFLOW/Image_analysis/src/image_analysis.cpp:275]   --->   Operation 105 'call' 'call_ret5_i' <Predicate = (p_read45 == 4)> <Delay = 7.05> <CoreType = "Generic">   --->   Generic Core
ST_11 : Operation 106 [4/13] (7.05ns)   --->   "%call_ret4_i = call i32 @post_process, i32 %p_read146, i32 %p_read247, i32 %p_read348" [/home/xiaorang/Documents/ATOMFLOW/Image_analysis/src/image_analysis.cpp:275->/home/xiaorang/Documents/ATOMFLOW/Image_analysis/src/image_analysis.cpp:275]   --->   Operation 106 'call' 'call_ret4_i' <Predicate = (p_read45 == 3)> <Delay = 7.05> <CoreType = "Generic">   --->   Generic Core
ST_11 : Operation 107 [4/13] (7.05ns)   --->   "%call_ret3_i = call i32 @post_process, i32 %p_read146, i32 %p_read247, i32 %p_read348" [/home/xiaorang/Documents/ATOMFLOW/Image_analysis/src/image_analysis.cpp:275->/home/xiaorang/Documents/ATOMFLOW/Image_analysis/src/image_analysis.cpp:275]   --->   Operation 107 'call' 'call_ret3_i' <Predicate = (p_read45 == 2)> <Delay = 7.05> <CoreType = "Generic">   --->   Generic Core
ST_11 : Operation 108 [4/13] (7.05ns)   --->   "%call_ret2_i = call i32 @post_process, i32 %p_read146, i32 %p_read247, i32 %p_read348" [/home/xiaorang/Documents/ATOMFLOW/Image_analysis/src/image_analysis.cpp:275->/home/xiaorang/Documents/ATOMFLOW/Image_analysis/src/image_analysis.cpp:275]   --->   Operation 108 'call' 'call_ret2_i' <Predicate = (p_read45 == 1)> <Delay = 7.05> <CoreType = "Generic">   --->   Generic Core
ST_11 : Operation 109 [4/13] (7.05ns)   --->   "%call_ret1_i = call i32 @post_process, i32 %p_read146, i32 %p_read247, i32 %p_read348" [/home/xiaorang/Documents/ATOMFLOW/Image_analysis/src/image_analysis.cpp:275->/home/xiaorang/Documents/ATOMFLOW/Image_analysis/src/image_analysis.cpp:275]   --->   Operation 109 'call' 'call_ret1_i' <Predicate = (p_read45 == 0)> <Delay = 7.05> <CoreType = "Generic">   --->   Generic Core
ST_11 : Operation 110 [4/13] (7.05ns)   --->   "%call_ret_i = call i32 @post_process, i32 %p_read146, i32 %p_read247, i32 %p_read348" [/home/xiaorang/Documents/ATOMFLOW/Image_analysis/src/image_analysis.cpp:275->/home/xiaorang/Documents/ATOMFLOW/Image_analysis/src/image_analysis.cpp:275]   --->   Operation 110 'call' 'call_ret_i' <Predicate = (p_read45 == 7)> <Delay = 7.05> <CoreType = "Generic">   --->   Generic Core

State 12 <SV = 11> <Delay = 7.05>
ST_12 : Operation 111 [3/13] (7.05ns)   --->   "%call_ret7_i = call i32 @post_process, i32 %p_read146, i32 %p_read247, i32 %p_read348" [/home/xiaorang/Documents/ATOMFLOW/Image_analysis/src/image_analysis.cpp:275->/home/xiaorang/Documents/ATOMFLOW/Image_analysis/src/image_analysis.cpp:275]   --->   Operation 111 'call' 'call_ret7_i' <Predicate = (p_read45 == 6)> <Delay = 7.05> <CoreType = "Generic">   --->   Generic Core
ST_12 : Operation 112 [3/13] (7.05ns)   --->   "%call_ret6_i = call i32 @post_process, i32 %p_read146, i32 %p_read247, i32 %p_read348" [/home/xiaorang/Documents/ATOMFLOW/Image_analysis/src/image_analysis.cpp:275->/home/xiaorang/Documents/ATOMFLOW/Image_analysis/src/image_analysis.cpp:275]   --->   Operation 112 'call' 'call_ret6_i' <Predicate = (p_read45 == 5)> <Delay = 7.05> <CoreType = "Generic">   --->   Generic Core
ST_12 : Operation 113 [3/13] (7.05ns)   --->   "%call_ret5_i = call i32 @post_process, i32 %p_read146, i32 %p_read247, i32 %p_read348" [/home/xiaorang/Documents/ATOMFLOW/Image_analysis/src/image_analysis.cpp:275->/home/xiaorang/Documents/ATOMFLOW/Image_analysis/src/image_analysis.cpp:275]   --->   Operation 113 'call' 'call_ret5_i' <Predicate = (p_read45 == 4)> <Delay = 7.05> <CoreType = "Generic">   --->   Generic Core
ST_12 : Operation 114 [3/13] (7.05ns)   --->   "%call_ret4_i = call i32 @post_process, i32 %p_read146, i32 %p_read247, i32 %p_read348" [/home/xiaorang/Documents/ATOMFLOW/Image_analysis/src/image_analysis.cpp:275->/home/xiaorang/Documents/ATOMFLOW/Image_analysis/src/image_analysis.cpp:275]   --->   Operation 114 'call' 'call_ret4_i' <Predicate = (p_read45 == 3)> <Delay = 7.05> <CoreType = "Generic">   --->   Generic Core
ST_12 : Operation 115 [3/13] (7.05ns)   --->   "%call_ret3_i = call i32 @post_process, i32 %p_read146, i32 %p_read247, i32 %p_read348" [/home/xiaorang/Documents/ATOMFLOW/Image_analysis/src/image_analysis.cpp:275->/home/xiaorang/Documents/ATOMFLOW/Image_analysis/src/image_analysis.cpp:275]   --->   Operation 115 'call' 'call_ret3_i' <Predicate = (p_read45 == 2)> <Delay = 7.05> <CoreType = "Generic">   --->   Generic Core
ST_12 : Operation 116 [3/13] (7.05ns)   --->   "%call_ret2_i = call i32 @post_process, i32 %p_read146, i32 %p_read247, i32 %p_read348" [/home/xiaorang/Documents/ATOMFLOW/Image_analysis/src/image_analysis.cpp:275->/home/xiaorang/Documents/ATOMFLOW/Image_analysis/src/image_analysis.cpp:275]   --->   Operation 116 'call' 'call_ret2_i' <Predicate = (p_read45 == 1)> <Delay = 7.05> <CoreType = "Generic">   --->   Generic Core
ST_12 : Operation 117 [3/13] (7.05ns)   --->   "%call_ret1_i = call i32 @post_process, i32 %p_read146, i32 %p_read247, i32 %p_read348" [/home/xiaorang/Documents/ATOMFLOW/Image_analysis/src/image_analysis.cpp:275->/home/xiaorang/Documents/ATOMFLOW/Image_analysis/src/image_analysis.cpp:275]   --->   Operation 117 'call' 'call_ret1_i' <Predicate = (p_read45 == 0)> <Delay = 7.05> <CoreType = "Generic">   --->   Generic Core
ST_12 : Operation 118 [3/13] (7.05ns)   --->   "%call_ret_i = call i32 @post_process, i32 %p_read146, i32 %p_read247, i32 %p_read348" [/home/xiaorang/Documents/ATOMFLOW/Image_analysis/src/image_analysis.cpp:275->/home/xiaorang/Documents/ATOMFLOW/Image_analysis/src/image_analysis.cpp:275]   --->   Operation 118 'call' 'call_ret_i' <Predicate = (p_read45 == 7)> <Delay = 7.05> <CoreType = "Generic">   --->   Generic Core

State 13 <SV = 12> <Delay = 7.05>
ST_13 : Operation 119 [2/13] (7.05ns)   --->   "%call_ret7_i = call i32 @post_process, i32 %p_read146, i32 %p_read247, i32 %p_read348" [/home/xiaorang/Documents/ATOMFLOW/Image_analysis/src/image_analysis.cpp:275->/home/xiaorang/Documents/ATOMFLOW/Image_analysis/src/image_analysis.cpp:275]   --->   Operation 119 'call' 'call_ret7_i' <Predicate = (p_read45 == 6)> <Delay = 7.05> <CoreType = "Generic">   --->   Generic Core
ST_13 : Operation 120 [2/13] (7.05ns)   --->   "%call_ret6_i = call i32 @post_process, i32 %p_read146, i32 %p_read247, i32 %p_read348" [/home/xiaorang/Documents/ATOMFLOW/Image_analysis/src/image_analysis.cpp:275->/home/xiaorang/Documents/ATOMFLOW/Image_analysis/src/image_analysis.cpp:275]   --->   Operation 120 'call' 'call_ret6_i' <Predicate = (p_read45 == 5)> <Delay = 7.05> <CoreType = "Generic">   --->   Generic Core
ST_13 : Operation 121 [2/13] (7.05ns)   --->   "%call_ret5_i = call i32 @post_process, i32 %p_read146, i32 %p_read247, i32 %p_read348" [/home/xiaorang/Documents/ATOMFLOW/Image_analysis/src/image_analysis.cpp:275->/home/xiaorang/Documents/ATOMFLOW/Image_analysis/src/image_analysis.cpp:275]   --->   Operation 121 'call' 'call_ret5_i' <Predicate = (p_read45 == 4)> <Delay = 7.05> <CoreType = "Generic">   --->   Generic Core
ST_13 : Operation 122 [2/13] (7.05ns)   --->   "%call_ret4_i = call i32 @post_process, i32 %p_read146, i32 %p_read247, i32 %p_read348" [/home/xiaorang/Documents/ATOMFLOW/Image_analysis/src/image_analysis.cpp:275->/home/xiaorang/Documents/ATOMFLOW/Image_analysis/src/image_analysis.cpp:275]   --->   Operation 122 'call' 'call_ret4_i' <Predicate = (p_read45 == 3)> <Delay = 7.05> <CoreType = "Generic">   --->   Generic Core
ST_13 : Operation 123 [2/13] (7.05ns)   --->   "%call_ret3_i = call i32 @post_process, i32 %p_read146, i32 %p_read247, i32 %p_read348" [/home/xiaorang/Documents/ATOMFLOW/Image_analysis/src/image_analysis.cpp:275->/home/xiaorang/Documents/ATOMFLOW/Image_analysis/src/image_analysis.cpp:275]   --->   Operation 123 'call' 'call_ret3_i' <Predicate = (p_read45 == 2)> <Delay = 7.05> <CoreType = "Generic">   --->   Generic Core
ST_13 : Operation 124 [2/13] (7.05ns)   --->   "%call_ret2_i = call i32 @post_process, i32 %p_read146, i32 %p_read247, i32 %p_read348" [/home/xiaorang/Documents/ATOMFLOW/Image_analysis/src/image_analysis.cpp:275->/home/xiaorang/Documents/ATOMFLOW/Image_analysis/src/image_analysis.cpp:275]   --->   Operation 124 'call' 'call_ret2_i' <Predicate = (p_read45 == 1)> <Delay = 7.05> <CoreType = "Generic">   --->   Generic Core
ST_13 : Operation 125 [2/13] (7.05ns)   --->   "%call_ret1_i = call i32 @post_process, i32 %p_read146, i32 %p_read247, i32 %p_read348" [/home/xiaorang/Documents/ATOMFLOW/Image_analysis/src/image_analysis.cpp:275->/home/xiaorang/Documents/ATOMFLOW/Image_analysis/src/image_analysis.cpp:275]   --->   Operation 125 'call' 'call_ret1_i' <Predicate = (p_read45 == 0)> <Delay = 7.05> <CoreType = "Generic">   --->   Generic Core
ST_13 : Operation 126 [2/13] (7.05ns)   --->   "%call_ret_i = call i32 @post_process, i32 %p_read146, i32 %p_read247, i32 %p_read348" [/home/xiaorang/Documents/ATOMFLOW/Image_analysis/src/image_analysis.cpp:275->/home/xiaorang/Documents/ATOMFLOW/Image_analysis/src/image_analysis.cpp:275]   --->   Operation 126 'call' 'call_ret_i' <Predicate = (p_read45 == 7)> <Delay = 7.05> <CoreType = "Generic">   --->   Generic Core

State 14 <SV = 13> <Delay = 7.01>
ST_14 : Operation 127 [1/13] (7.01ns)   --->   "%call_ret7_i = call i32 @post_process, i32 %p_read146, i32 %p_read247, i32 %p_read348" [/home/xiaorang/Documents/ATOMFLOW/Image_analysis/src/image_analysis.cpp:275->/home/xiaorang/Documents/ATOMFLOW/Image_analysis/src/image_analysis.cpp:275]   --->   Operation 127 'call' 'call_ret7_i' <Predicate = (p_read45 == 6)> <Delay = 7.01> <CoreType = "Generic">   --->   Generic Core
ST_14 : Operation 128 [1/13] (7.01ns)   --->   "%call_ret6_i = call i32 @post_process, i32 %p_read146, i32 %p_read247, i32 %p_read348" [/home/xiaorang/Documents/ATOMFLOW/Image_analysis/src/image_analysis.cpp:275->/home/xiaorang/Documents/ATOMFLOW/Image_analysis/src/image_analysis.cpp:275]   --->   Operation 128 'call' 'call_ret6_i' <Predicate = (p_read45 == 5)> <Delay = 7.01> <CoreType = "Generic">   --->   Generic Core
ST_14 : Operation 129 [1/13] (7.01ns)   --->   "%call_ret5_i = call i32 @post_process, i32 %p_read146, i32 %p_read247, i32 %p_read348" [/home/xiaorang/Documents/ATOMFLOW/Image_analysis/src/image_analysis.cpp:275->/home/xiaorang/Documents/ATOMFLOW/Image_analysis/src/image_analysis.cpp:275]   --->   Operation 129 'call' 'call_ret5_i' <Predicate = (p_read45 == 4)> <Delay = 7.01> <CoreType = "Generic">   --->   Generic Core
ST_14 : Operation 130 [1/13] (7.01ns)   --->   "%call_ret4_i = call i32 @post_process, i32 %p_read146, i32 %p_read247, i32 %p_read348" [/home/xiaorang/Documents/ATOMFLOW/Image_analysis/src/image_analysis.cpp:275->/home/xiaorang/Documents/ATOMFLOW/Image_analysis/src/image_analysis.cpp:275]   --->   Operation 130 'call' 'call_ret4_i' <Predicate = (p_read45 == 3)> <Delay = 7.01> <CoreType = "Generic">   --->   Generic Core
ST_14 : Operation 131 [1/13] (7.01ns)   --->   "%call_ret3_i = call i32 @post_process, i32 %p_read146, i32 %p_read247, i32 %p_read348" [/home/xiaorang/Documents/ATOMFLOW/Image_analysis/src/image_analysis.cpp:275->/home/xiaorang/Documents/ATOMFLOW/Image_analysis/src/image_analysis.cpp:275]   --->   Operation 131 'call' 'call_ret3_i' <Predicate = (p_read45 == 2)> <Delay = 7.01> <CoreType = "Generic">   --->   Generic Core
ST_14 : Operation 132 [1/13] (7.01ns)   --->   "%call_ret2_i = call i32 @post_process, i32 %p_read146, i32 %p_read247, i32 %p_read348" [/home/xiaorang/Documents/ATOMFLOW/Image_analysis/src/image_analysis.cpp:275->/home/xiaorang/Documents/ATOMFLOW/Image_analysis/src/image_analysis.cpp:275]   --->   Operation 132 'call' 'call_ret2_i' <Predicate = (p_read45 == 1)> <Delay = 7.01> <CoreType = "Generic">   --->   Generic Core
ST_14 : Operation 133 [1/13] (7.01ns)   --->   "%call_ret1_i = call i32 @post_process, i32 %p_read146, i32 %p_read247, i32 %p_read348" [/home/xiaorang/Documents/ATOMFLOW/Image_analysis/src/image_analysis.cpp:275->/home/xiaorang/Documents/ATOMFLOW/Image_analysis/src/image_analysis.cpp:275]   --->   Operation 133 'call' 'call_ret1_i' <Predicate = (p_read45 == 0)> <Delay = 7.01> <CoreType = "Generic">   --->   Generic Core
ST_14 : Operation 134 [1/13] (7.01ns)   --->   "%call_ret_i = call i32 @post_process, i32 %p_read146, i32 %p_read247, i32 %p_read348" [/home/xiaorang/Documents/ATOMFLOW/Image_analysis/src/image_analysis.cpp:275->/home/xiaorang/Documents/ATOMFLOW/Image_analysis/src/image_analysis.cpp:275]   --->   Operation 134 'call' 'call_ret_i' <Predicate = (p_read45 == 7)> <Delay = 7.01> <CoreType = "Generic">   --->   Generic Core

State 15 <SV = 14> <Delay = 1.23>
ST_15 : Operation 135 [1/1] ( I:1.23ns O:1.23ns )   --->   "%store_ln275 = store i32 %call_ret7_i, i8 %emissions_6_addr" [/home/xiaorang/Documents/ATOMFLOW/Image_analysis/src/image_analysis.cpp:275->/home/xiaorang/Documents/ATOMFLOW/Image_analysis/src/image_analysis.cpp:275]   --->   Operation 135 'store' 'store_ln275' <Predicate = (p_read45 == 6)> <Delay = 1.23> <CoreInst = "RAM">   --->   Core 82 'RAM' <Latency = 1> <II = 1> <Delay = 1.23> <Storage> <Opcode : 'load' 'store'> <Ports = 2> <Width = 32> <Depth = 250> <RAM>
ST_15 : Operation 136 [1/1] (0.00ns)   --->   "%br_ln275 = br void %dataflow_in_loop_VITIS_LOOP_241_1.1_Block_newFuncRoot_proc.exit" [/home/xiaorang/Documents/ATOMFLOW/Image_analysis/src/image_analysis.cpp:275->/home/xiaorang/Documents/ATOMFLOW/Image_analysis/src/image_analysis.cpp:275]   --->   Operation 136 'br' 'br_ln275' <Predicate = (p_read45 == 6)> <Delay = 0.00>
ST_15 : Operation 137 [1/1] ( I:1.23ns O:1.23ns )   --->   "%store_ln275 = store i32 %call_ret6_i, i8 %emissions_5_addr" [/home/xiaorang/Documents/ATOMFLOW/Image_analysis/src/image_analysis.cpp:275->/home/xiaorang/Documents/ATOMFLOW/Image_analysis/src/image_analysis.cpp:275]   --->   Operation 137 'store' 'store_ln275' <Predicate = (p_read45 == 5)> <Delay = 1.23> <CoreInst = "RAM">   --->   Core 82 'RAM' <Latency = 1> <II = 1> <Delay = 1.23> <Storage> <Opcode : 'load' 'store'> <Ports = 2> <Width = 32> <Depth = 250> <RAM>
ST_15 : Operation 138 [1/1] (0.00ns)   --->   "%br_ln275 = br void %dataflow_in_loop_VITIS_LOOP_241_1.1_Block_newFuncRoot_proc.exit" [/home/xiaorang/Documents/ATOMFLOW/Image_analysis/src/image_analysis.cpp:275->/home/xiaorang/Documents/ATOMFLOW/Image_analysis/src/image_analysis.cpp:275]   --->   Operation 138 'br' 'br_ln275' <Predicate = (p_read45 == 5)> <Delay = 0.00>
ST_15 : Operation 139 [1/1] ( I:1.23ns O:1.23ns )   --->   "%store_ln275 = store i32 %call_ret5_i, i8 %emissions_4_addr" [/home/xiaorang/Documents/ATOMFLOW/Image_analysis/src/image_analysis.cpp:275->/home/xiaorang/Documents/ATOMFLOW/Image_analysis/src/image_analysis.cpp:275]   --->   Operation 139 'store' 'store_ln275' <Predicate = (p_read45 == 4)> <Delay = 1.23> <CoreInst = "RAM">   --->   Core 82 'RAM' <Latency = 1> <II = 1> <Delay = 1.23> <Storage> <Opcode : 'load' 'store'> <Ports = 2> <Width = 32> <Depth = 250> <RAM>
ST_15 : Operation 140 [1/1] (0.00ns)   --->   "%br_ln275 = br void %dataflow_in_loop_VITIS_LOOP_241_1.1_Block_newFuncRoot_proc.exit" [/home/xiaorang/Documents/ATOMFLOW/Image_analysis/src/image_analysis.cpp:275->/home/xiaorang/Documents/ATOMFLOW/Image_analysis/src/image_analysis.cpp:275]   --->   Operation 140 'br' 'br_ln275' <Predicate = (p_read45 == 4)> <Delay = 0.00>
ST_15 : Operation 141 [1/1] ( I:1.23ns O:1.23ns )   --->   "%store_ln275 = store i32 %call_ret4_i, i8 %emissions_3_addr" [/home/xiaorang/Documents/ATOMFLOW/Image_analysis/src/image_analysis.cpp:275->/home/xiaorang/Documents/ATOMFLOW/Image_analysis/src/image_analysis.cpp:275]   --->   Operation 141 'store' 'store_ln275' <Predicate = (p_read45 == 3)> <Delay = 1.23> <CoreInst = "RAM">   --->   Core 82 'RAM' <Latency = 1> <II = 1> <Delay = 1.23> <Storage> <Opcode : 'load' 'store'> <Ports = 2> <Width = 32> <Depth = 250> <RAM>
ST_15 : Operation 142 [1/1] (0.00ns)   --->   "%br_ln275 = br void %dataflow_in_loop_VITIS_LOOP_241_1.1_Block_newFuncRoot_proc.exit" [/home/xiaorang/Documents/ATOMFLOW/Image_analysis/src/image_analysis.cpp:275->/home/xiaorang/Documents/ATOMFLOW/Image_analysis/src/image_analysis.cpp:275]   --->   Operation 142 'br' 'br_ln275' <Predicate = (p_read45 == 3)> <Delay = 0.00>
ST_15 : Operation 143 [1/1] ( I:1.23ns O:1.23ns )   --->   "%store_ln275 = store i32 %call_ret3_i, i8 %emissions_2_addr" [/home/xiaorang/Documents/ATOMFLOW/Image_analysis/src/image_analysis.cpp:275->/home/xiaorang/Documents/ATOMFLOW/Image_analysis/src/image_analysis.cpp:275]   --->   Operation 143 'store' 'store_ln275' <Predicate = (p_read45 == 2)> <Delay = 1.23> <CoreInst = "RAM">   --->   Core 82 'RAM' <Latency = 1> <II = 1> <Delay = 1.23> <Storage> <Opcode : 'load' 'store'> <Ports = 2> <Width = 32> <Depth = 250> <RAM>
ST_15 : Operation 144 [1/1] (0.00ns)   --->   "%br_ln275 = br void %dataflow_in_loop_VITIS_LOOP_241_1.1_Block_newFuncRoot_proc.exit" [/home/xiaorang/Documents/ATOMFLOW/Image_analysis/src/image_analysis.cpp:275->/home/xiaorang/Documents/ATOMFLOW/Image_analysis/src/image_analysis.cpp:275]   --->   Operation 144 'br' 'br_ln275' <Predicate = (p_read45 == 2)> <Delay = 0.00>
ST_15 : Operation 145 [1/1] ( I:1.23ns O:1.23ns )   --->   "%store_ln275 = store i32 %call_ret2_i, i8 %emissions_1_addr" [/home/xiaorang/Documents/ATOMFLOW/Image_analysis/src/image_analysis.cpp:275->/home/xiaorang/Documents/ATOMFLOW/Image_analysis/src/image_analysis.cpp:275]   --->   Operation 145 'store' 'store_ln275' <Predicate = (p_read45 == 1)> <Delay = 1.23> <CoreInst = "RAM">   --->   Core 82 'RAM' <Latency = 1> <II = 1> <Delay = 1.23> <Storage> <Opcode : 'load' 'store'> <Ports = 2> <Width = 32> <Depth = 250> <RAM>
ST_15 : Operation 146 [1/1] (0.00ns)   --->   "%br_ln275 = br void %dataflow_in_loop_VITIS_LOOP_241_1.1_Block_newFuncRoot_proc.exit" [/home/xiaorang/Documents/ATOMFLOW/Image_analysis/src/image_analysis.cpp:275->/home/xiaorang/Documents/ATOMFLOW/Image_analysis/src/image_analysis.cpp:275]   --->   Operation 146 'br' 'br_ln275' <Predicate = (p_read45 == 1)> <Delay = 0.00>
ST_15 : Operation 147 [1/1] ( I:1.23ns O:1.23ns )   --->   "%store_ln275 = store i32 %call_ret1_i, i8 %emissions_0_addr" [/home/xiaorang/Documents/ATOMFLOW/Image_analysis/src/image_analysis.cpp:275->/home/xiaorang/Documents/ATOMFLOW/Image_analysis/src/image_analysis.cpp:275]   --->   Operation 147 'store' 'store_ln275' <Predicate = (p_read45 == 0)> <Delay = 1.23> <CoreInst = "RAM">   --->   Core 82 'RAM' <Latency = 1> <II = 1> <Delay = 1.23> <Storage> <Opcode : 'load' 'store'> <Ports = 2> <Width = 32> <Depth = 250> <RAM>
ST_15 : Operation 148 [1/1] (0.00ns)   --->   "%br_ln275 = br void %dataflow_in_loop_VITIS_LOOP_241_1.1_Block_newFuncRoot_proc.exit" [/home/xiaorang/Documents/ATOMFLOW/Image_analysis/src/image_analysis.cpp:275->/home/xiaorang/Documents/ATOMFLOW/Image_analysis/src/image_analysis.cpp:275]   --->   Operation 148 'br' 'br_ln275' <Predicate = (p_read45 == 0)> <Delay = 0.00>
ST_15 : Operation 149 [1/1] ( I:1.23ns O:1.23ns )   --->   "%store_ln275 = store i32 %call_ret_i, i8 %emissions_7_addr" [/home/xiaorang/Documents/ATOMFLOW/Image_analysis/src/image_analysis.cpp:275->/home/xiaorang/Documents/ATOMFLOW/Image_analysis/src/image_analysis.cpp:275]   --->   Operation 149 'store' 'store_ln275' <Predicate = (p_read45 == 7)> <Delay = 1.23> <CoreInst = "RAM">   --->   Core 82 'RAM' <Latency = 1> <II = 1> <Delay = 1.23> <Storage> <Opcode : 'load' 'store'> <Ports = 2> <Width = 32> <Depth = 250> <RAM>
ST_15 : Operation 150 [1/1] (0.00ns)   --->   "%br_ln275 = br void %dataflow_in_loop_VITIS_LOOP_241_1.1_Block_newFuncRoot_proc.exit" [/home/xiaorang/Documents/ATOMFLOW/Image_analysis/src/image_analysis.cpp:275->/home/xiaorang/Documents/ATOMFLOW/Image_analysis/src/image_analysis.cpp:275]   --->   Operation 150 'br' 'br_ln275' <Predicate = (p_read45 == 7)> <Delay = 0.00>
ST_15 : Operation 151 [1/1] (0.00ns)   --->   "%ret_ln275 = ret" [/home/xiaorang/Documents/ATOMFLOW/Image_analysis/src/image_analysis.cpp:275]   --->   Operation 151 'ret' 'ret_ln275' <Predicate = true> <Delay = 0.00>


============================================================
+ Verbose Summary: Binding
============================================================
STG Binding: 
---------------- STG Properties BEGIN ----------------
- Is combinational: 0
- Is one-state seq: 0
- Is datapath-only: 0
- Is pipelined: 0
- Is top level: 0
Port [ Return ] is wired: 1; IO mode=ap_ctrl_hs:ce=0
Port [ p_read]:  wired=1; compound=0; hidden=0; nouse=0; global=0; static=0; extern=0; dir=0; type=0; pingpong=0; private_global=0; IO mode=ap_none:ce=0
Port [ p_read1]:  wired=1; compound=0; hidden=0; nouse=0; global=0; static=0; extern=0; dir=0; type=0; pingpong=0; private_global=0; IO mode=ap_none:ce=0
Port [ p_read2]:  wired=1; compound=0; hidden=0; nouse=0; global=0; static=0; extern=0; dir=0; type=0; pingpong=0; private_global=0; IO mode=ap_none:ce=0
Port [ p_read3]:  wired=1; compound=0; hidden=0; nouse=0; global=0; static=0; extern=0; dir=0; type=0; pingpong=0; private_global=0; IO mode=ap_none:ce=0
Port [ emissions_6]:  wired=1; compound=1; hidden=0; nouse=0; global=0; static=0; extern=0; dir=1; type=1; pingpong=0; private_global=0; MemPort=[03]; IO mode=ap_memory:ce=0
Port [ p_read4]:  wired=1; compound=0; hidden=0; nouse=0; global=0; static=0; extern=0; dir=0; type=0; pingpong=0; private_global=0; IO mode=ap_none:ce=0
Port [ emissions_5]:  wired=1; compound=1; hidden=0; nouse=0; global=0; static=0; extern=0; dir=1; type=1; pingpong=0; private_global=0; MemPort=[03]; IO mode=ap_memory:ce=0
Port [ emissions_4]:  wired=1; compound=1; hidden=0; nouse=0; global=0; static=0; extern=0; dir=1; type=1; pingpong=0; private_global=0; MemPort=[03]; IO mode=ap_memory:ce=0
Port [ emissions_3]:  wired=1; compound=1; hidden=0; nouse=0; global=0; static=0; extern=0; dir=1; type=1; pingpong=0; private_global=0; MemPort=[03]; IO mode=ap_memory:ce=0
Port [ emissions_2]:  wired=1; compound=1; hidden=0; nouse=0; global=0; static=0; extern=0; dir=1; type=1; pingpong=0; private_global=0; MemPort=[03]; IO mode=ap_memory:ce=0
Port [ emissions_1]:  wired=1; compound=1; hidden=0; nouse=0; global=0; static=0; extern=0; dir=1; type=1; pingpong=0; private_global=0; MemPort=[03]; IO mode=ap_memory:ce=0
Port [ emissions_0]:  wired=1; compound=1; hidden=0; nouse=0; global=0; static=0; extern=0; dir=1; type=1; pingpong=0; private_global=0; MemPort=[03]; IO mode=ap_memory:ce=0
Port [ emissions_7]:  wired=1; compound=1; hidden=0; nouse=0; global=0; static=0; extern=0; dir=1; type=1; pingpong=0; private_global=0; MemPort=[03]; IO mode=ap_memory:ce=0
---------------- STG Properties END ------------------

---------------- Datapath Model BEGIN ----------------

<LifeTime>
<method=bitvector/>
p_read449        (read         ) [ 0000000000000000]
p_read348        (read         ) [ 0011111111111110]
p_read247        (read         ) [ 0011111111111110]
p_read146        (read         ) [ 0011111111111110]
p_read45         (read         ) [ 0011111111111111]
zext_ln275       (zext         ) [ 0000000000000000]
emissions_7_addr (getelementptr) [ 0011111111111111]
emissions_0_addr (getelementptr) [ 0011111111111111]
emissions_1_addr (getelementptr) [ 0011111111111111]
emissions_2_addr (getelementptr) [ 0011111111111111]
emissions_3_addr (getelementptr) [ 0011111111111111]
emissions_4_addr (getelementptr) [ 0011111111111111]
emissions_5_addr (getelementptr) [ 0011111111111111]
emissions_6_addr (getelementptr) [ 0011111111111111]
switch_ln275     (switch       ) [ 0000000000000000]
call_ret7_i      (call         ) [ 0000000000000001]
call_ret6_i      (call         ) [ 0000000000000001]
call_ret5_i      (call         ) [ 0000000000000001]
call_ret4_i      (call         ) [ 0000000000000001]
call_ret3_i      (call         ) [ 0000000000000001]
call_ret2_i      (call         ) [ 0000000000000001]
call_ret1_i      (call         ) [ 0000000000000001]
call_ret_i       (call         ) [ 0000000000000001]
store_ln275      (store        ) [ 0000000000000000]
br_ln275         (br           ) [ 0000000000000000]
store_ln275      (store        ) [ 0000000000000000]
br_ln275         (br           ) [ 0000000000000000]
store_ln275      (store        ) [ 0000000000000000]
br_ln275         (br           ) [ 0000000000000000]
store_ln275      (store        ) [ 0000000000000000]
br_ln275         (br           ) [ 0000000000000000]
store_ln275      (store        ) [ 0000000000000000]
br_ln275         (br           ) [ 0000000000000000]
store_ln275      (store        ) [ 0000000000000000]
br_ln275         (br           ) [ 0000000000000000]
store_ln275      (store        ) [ 0000000000000000]
br_ln275         (br           ) [ 0000000000000000]
store_ln275      (store        ) [ 0000000000000000]
br_ln275         (br           ) [ 0000000000000000]
ret_ln275        (ret          ) [ 0000000000000000]
</LifeTime>

<model>

<comp_list>
<comp id="0" class="1000" name="p_read">
<pin_list>
<pin id="1" dir="1" index="0" bw="1" slack="0"/>
</pin_list>
<bind>
<StgValue><ssdm name="p_read"/></StgValue>
</bind>
</comp>

<comp id="2" class="1000" name="p_read1">
<pin_list>
<pin id="3" dir="1" index="0" bw="1" slack="0"/>
</pin_list>
<bind>
<StgValue><ssdm name="p_read1"/></StgValue>
</bind>
</comp>

<comp id="4" class="1000" name="p_read2">
<pin_list>
<pin id="5" dir="1" index="0" bw="1" slack="0"/>
</pin_list>
<bind>
<StgValue><ssdm name="p_read2"/></StgValue>
</bind>
</comp>

<comp id="6" class="1000" name="p_read3">
<pin_list>
<pin id="7" dir="1" index="0" bw="1" slack="0"/>
</pin_list>
<bind>
<StgValue><ssdm name="p_read3"/></StgValue>
</bind>
</comp>

<comp id="8" class="1000" name="emissions_6">
<pin_list>
<pin id="9" dir="1" index="0" bw="1" slack="0"/>
</pin_list>
<bind>
<StgValue><ssdm name="emissions_6"/><MemPortTyVec>0 3 </MemPortTyVec>
</StgValue>
</bind>
</comp>

<comp id="10" class="1000" name="p_read4">
<pin_list>
<pin id="11" dir="1" index="0" bw="1" slack="0"/>
</pin_list>
<bind>
<StgValue><ssdm name="p_read4"/></StgValue>
</bind>
</comp>

<comp id="12" class="1000" name="emissions_5">
<pin_list>
<pin id="13" dir="1" index="0" bw="1" slack="0"/>
</pin_list>
<bind>
<StgValue><ssdm name="emissions_5"/><MemPortTyVec>0 3 </MemPortTyVec>
</StgValue>
</bind>
</comp>

<comp id="14" class="1000" name="emissions_4">
<pin_list>
<pin id="15" dir="1" index="0" bw="1" slack="0"/>
</pin_list>
<bind>
<StgValue><ssdm name="emissions_4"/><MemPortTyVec>0 3 </MemPortTyVec>
</StgValue>
</bind>
</comp>

<comp id="16" class="1000" name="emissions_3">
<pin_list>
<pin id="17" dir="1" index="0" bw="1" slack="0"/>
</pin_list>
<bind>
<StgValue><ssdm name="emissions_3"/><MemPortTyVec>0 3 </MemPortTyVec>
</StgValue>
</bind>
</comp>

<comp id="18" class="1000" name="emissions_2">
<pin_list>
<pin id="19" dir="1" index="0" bw="1" slack="0"/>
</pin_list>
<bind>
<StgValue><ssdm name="emissions_2"/><MemPortTyVec>0 3 </MemPortTyVec>
</StgValue>
</bind>
</comp>

<comp id="20" class="1000" name="emissions_1">
<pin_list>
<pin id="21" dir="1" index="0" bw="1" slack="0"/>
</pin_list>
<bind>
<StgValue><ssdm name="emissions_1"/><MemPortTyVec>0 3 </MemPortTyVec>
</StgValue>
</bind>
</comp>

<comp id="22" class="1000" name="emissions_0">
<pin_list>
<pin id="23" dir="1" index="0" bw="1" slack="0"/>
</pin_list>
<bind>
<StgValue><ssdm name="emissions_0"/><MemPortTyVec>0 3 </MemPortTyVec>
</StgValue>
</bind>
</comp>

<comp id="24" class="1000" name="emissions_7">
<pin_list>
<pin id="25" dir="1" index="0" bw="1" slack="0"/>
</pin_list>
<bind>
<StgValue><ssdm name="emissions_7"/><MemPortTyVec>0 3 </MemPortTyVec>
</StgValue>
</bind>
</comp>

<comp id="26" class="1001" name="const_26">
<pin_list>
<pin id="27" dir="1" index="0" bw="1" slack="0"/>
</pin_list>
<bind>
<StgValue><ssdm name="_ssdm_op_Read.ap_auto.i13"/></StgValue>
</bind>
</comp>

<comp id="28" class="1001" name="const_28">
<pin_list>
<pin id="29" dir="1" index="0" bw="1" slack="0"/>
</pin_list>
<bind>
<StgValue><ssdm name="_ssdm_op_Read.ap_auto.float"/></StgValue>
</bind>
</comp>

<comp id="30" class="1001" name="const_30">
<pin_list>
<pin id="31" dir="1" index="0" bw="1" slack="0"/>
</pin_list>
<bind>
<StgValue><ssdm name="_ssdm_op_Read.ap_auto.i3"/></StgValue>
</bind>
</comp>

<comp id="32" class="1001" name="const_32">
<pin_list>
<pin id="33" dir="1" index="0" bw="1" slack="0"/>
</pin_list>
<bind>
<StgValue><ssdm name=""/></StgValue>
</bind>
</comp>

<comp id="34" class="1001" name="const_34">
<pin_list>
<pin id="35" dir="1" index="0" bw="1" slack="2147483647"/>
</pin_list>
<bind>
<StgValue><ssdm name=""/></StgValue>
</bind>
</comp>

<comp id="36" class="1001" name="const_36">
<pin_list>
<pin id="37" dir="1" index="0" bw="1" slack="2147483647"/>
</pin_list>
<bind>
<StgValue><ssdm name=""/></StgValue>
</bind>
</comp>

<comp id="38" class="1001" name="const_38">
<pin_list>
<pin id="39" dir="1" index="0" bw="1" slack="2147483647"/>
</pin_list>
<bind>
<StgValue><ssdm name=""/></StgValue>
</bind>
</comp>

<comp id="40" class="1001" name="const_40">
<pin_list>
<pin id="41" dir="1" index="0" bw="1" slack="2147483647"/>
</pin_list>
<bind>
<StgValue><ssdm name=""/></StgValue>
</bind>
</comp>

<comp id="42" class="1001" name="const_42">
<pin_list>
<pin id="43" dir="1" index="0" bw="1" slack="2147483647"/>
</pin_list>
<bind>
<StgValue><ssdm name=""/></StgValue>
</bind>
</comp>

<comp id="44" class="1001" name="const_44">
<pin_list>
<pin id="45" dir="1" index="0" bw="1" slack="2147483647"/>
</pin_list>
<bind>
<StgValue><ssdm name=""/></StgValue>
</bind>
</comp>

<comp id="46" class="1001" name="const_46">
<pin_list>
<pin id="47" dir="1" index="0" bw="1" slack="2147483647"/>
</pin_list>
<bind>
<StgValue><ssdm name=""/></StgValue>
</bind>
</comp>

<comp id="48" class="1001" name="const_48">
<pin_list>
<pin id="49" dir="1" index="0" bw="1" slack="0"/>
</pin_list>
<bind>
<StgValue><ssdm name="post_process"/></StgValue>
</bind>
</comp>

<comp id="50" class="1004" name="p_read449_read_fu_50">
<pin_list>
<pin id="51" dir="0" index="0" bw="13" slack="0"/>
<pin id="52" dir="0" index="1" bw="13" slack="0"/>
<pin id="53" dir="1" index="2" bw="13" slack="0"/>
</pin_list>
<bind>
<opcode="read(1150) " fcode="read"/>
<opset="p_read449/1 "/>
</bind>
</comp>

<comp id="56" class="1004" name="p_read348_read_fu_56">
<pin_list>
<pin id="57" dir="0" index="0" bw="32" slack="0"/>
<pin id="58" dir="0" index="1" bw="32" slack="0"/>
<pin id="59" dir="1" index="2" bw="32" slack="1"/>
</pin_list>
<bind>
<opcode="read(1150) " fcode="read"/>
<opset="p_read348/1 "/>
</bind>
</comp>

<comp id="62" class="1004" name="p_read247_read_fu_62">
<pin_list>
<pin id="63" dir="0" index="0" bw="32" slack="0"/>
<pin id="64" dir="0" index="1" bw="32" slack="0"/>
<pin id="65" dir="1" index="2" bw="32" slack="1"/>
</pin_list>
<bind>
<opcode="read(1150) " fcode="read"/>
<opset="p_read247/1 "/>
</bind>
</comp>

<comp id="68" class="1004" name="p_read146_read_fu_68">
<pin_list>
<pin id="69" dir="0" index="0" bw="32" slack="0"/>
<pin id="70" dir="0" index="1" bw="32" slack="0"/>
<pin id="71" dir="1" index="2" bw="32" slack="1"/>
</pin_list>
<bind>
<opcode="read(1150) " fcode="read"/>
<opset="p_read146/1 "/>
</bind>
</comp>

<comp id="74" class="1004" name="p_read45_read_fu_74">
<pin_list>
<pin id="75" dir="0" index="0" bw="3" slack="0"/>
<pin id="76" dir="0" index="1" bw="3" slack="0"/>
<pin id="77" dir="1" index="2" bw="3" slack="1"/>
</pin_list>
<bind>
<opcode="read(1150) " fcode="read"/>
<opset="p_read45/1 "/>
</bind>
</comp>

<comp id="80" class="1004" name="emissions_7_addr_gep_fu_80">
<pin_list>
<pin id="81" dir="0" index="0" bw="32" slack="0"/>
<pin id="82" dir="0" index="1" bw="1" slack="0"/>
<pin id="83" dir="0" index="2" bw="13" slack="0"/>
<pin id="84" dir="1" index="3" bw="8" slack="14"/>
</pin_list>
<bind>
<opcode="getelementptr(29) " fcode="getelementptr"/>
<opset="emissions_7_addr/1 "/>
</bind>
</comp>

<comp id="87" class="1004" name="emissions_0_addr_gep_fu_87">
<pin_list>
<pin id="88" dir="0" index="0" bw="32" slack="0"/>
<pin id="89" dir="0" index="1" bw="1" slack="0"/>
<pin id="90" dir="0" index="2" bw="13" slack="0"/>
<pin id="91" dir="1" index="3" bw="8" slack="14"/>
</pin_list>
<bind>
<opcode="getelementptr(29) " fcode="getelementptr"/>
<opset="emissions_0_addr/1 "/>
</bind>
</comp>

<comp id="94" class="1004" name="emissions_1_addr_gep_fu_94">
<pin_list>
<pin id="95" dir="0" index="0" bw="32" slack="0"/>
<pin id="96" dir="0" index="1" bw="1" slack="0"/>
<pin id="97" dir="0" index="2" bw="13" slack="0"/>
<pin id="98" dir="1" index="3" bw="8" slack="14"/>
</pin_list>
<bind>
<opcode="getelementptr(29) " fcode="getelementptr"/>
<opset="emissions_1_addr/1 "/>
</bind>
</comp>

<comp id="101" class="1004" name="emissions_2_addr_gep_fu_101">
<pin_list>
<pin id="102" dir="0" index="0" bw="32" slack="0"/>
<pin id="103" dir="0" index="1" bw="1" slack="0"/>
<pin id="104" dir="0" index="2" bw="13" slack="0"/>
<pin id="105" dir="1" index="3" bw="8" slack="14"/>
</pin_list>
<bind>
<opcode="getelementptr(29) " fcode="getelementptr"/>
<opset="emissions_2_addr/1 "/>
</bind>
</comp>

<comp id="108" class="1004" name="emissions_3_addr_gep_fu_108">
<pin_list>
<pin id="109" dir="0" index="0" bw="32" slack="0"/>
<pin id="110" dir="0" index="1" bw="1" slack="0"/>
<pin id="111" dir="0" index="2" bw="13" slack="0"/>
<pin id="112" dir="1" index="3" bw="8" slack="14"/>
</pin_list>
<bind>
<opcode="getelementptr(29) " fcode="getelementptr"/>
<opset="emissions_3_addr/1 "/>
</bind>
</comp>

<comp id="115" class="1004" name="emissions_4_addr_gep_fu_115">
<pin_list>
<pin id="116" dir="0" index="0" bw="32" slack="0"/>
<pin id="117" dir="0" index="1" bw="1" slack="0"/>
<pin id="118" dir="0" index="2" bw="13" slack="0"/>
<pin id="119" dir="1" index="3" bw="8" slack="14"/>
</pin_list>
<bind>
<opcode="getelementptr(29) " fcode="getelementptr"/>
<opset="emissions_4_addr/1 "/>
</bind>
</comp>

<comp id="122" class="1004" name="emissions_5_addr_gep_fu_122">
<pin_list>
<pin id="123" dir="0" index="0" bw="32" slack="0"/>
<pin id="124" dir="0" index="1" bw="1" slack="0"/>
<pin id="125" dir="0" index="2" bw="13" slack="0"/>
<pin id="126" dir="1" index="3" bw="8" slack="14"/>
</pin_list>
<bind>
<opcode="getelementptr(29) " fcode="getelementptr"/>
<opset="emissions_5_addr/1 "/>
</bind>
</comp>

<comp id="129" class="1004" name="emissions_6_addr_gep_fu_129">
<pin_list>
<pin id="130" dir="0" index="0" bw="32" slack="0"/>
<pin id="131" dir="0" index="1" bw="1" slack="0"/>
<pin id="132" dir="0" index="2" bw="13" slack="0"/>
<pin id="133" dir="1" index="3" bw="8" slack="14"/>
</pin_list>
<bind>
<opcode="getelementptr(29) " fcode="getelementptr"/>
<opset="emissions_6_addr/1 "/>
</bind>
</comp>

<comp id="136" class="1004" name="store_ln275_access_fu_136">
<pin_list>
<pin id="137" dir="0" index="0" bw="8" slack="14"/>
<pin id="138" dir="0" index="1" bw="32" slack="1"/>
<pin id="139" dir="0" index="2" bw="0" slack="2147483647"/>
<pin id="140" dir="1" index="3" bw="32" slack="2147483647"/>
</pin_list>
<bind>
<opcode="store(28) " fcode="store"/>
<opset="store_ln275/15 "/>
</bind>
</comp>

<comp id="141" class="1004" name="store_ln275_access_fu_141">
<pin_list>
<pin id="142" dir="0" index="0" bw="8" slack="14"/>
<pin id="143" dir="0" index="1" bw="32" slack="1"/>
<pin id="144" dir="0" index="2" bw="0" slack="2147483647"/>
<pin id="145" dir="1" index="3" bw="32" slack="2147483647"/>
</pin_list>
<bind>
<opcode="store(28) " fcode="store"/>
<opset="store_ln275/15 "/>
</bind>
</comp>

<comp id="146" class="1004" name="store_ln275_access_fu_146">
<pin_list>
<pin id="147" dir="0" index="0" bw="8" slack="14"/>
<pin id="148" dir="0" index="1" bw="32" slack="1"/>
<pin id="149" dir="0" index="2" bw="0" slack="2147483647"/>
<pin id="150" dir="1" index="3" bw="32" slack="2147483647"/>
</pin_list>
<bind>
<opcode="store(28) " fcode="store"/>
<opset="store_ln275/15 "/>
</bind>
</comp>

<comp id="151" class="1004" name="store_ln275_access_fu_151">
<pin_list>
<pin id="152" dir="0" index="0" bw="8" slack="14"/>
<pin id="153" dir="0" index="1" bw="32" slack="1"/>
<pin id="154" dir="0" index="2" bw="0" slack="2147483647"/>
<pin id="155" dir="1" index="3" bw="32" slack="2147483647"/>
</pin_list>
<bind>
<opcode="store(28) " fcode="store"/>
<opset="store_ln275/15 "/>
</bind>
</comp>

<comp id="156" class="1004" name="store_ln275_access_fu_156">
<pin_list>
<pin id="157" dir="0" index="0" bw="8" slack="14"/>
<pin id="158" dir="0" index="1" bw="32" slack="1"/>
<pin id="159" dir="0" index="2" bw="0" slack="2147483647"/>
<pin id="160" dir="1" index="3" bw="32" slack="2147483647"/>
</pin_list>
<bind>
<opcode="store(28) " fcode="store"/>
<opset="store_ln275/15 "/>
</bind>
</comp>

<comp id="161" class="1004" name="store_ln275_access_fu_161">
<pin_list>
<pin id="162" dir="0" index="0" bw="8" slack="14"/>
<pin id="163" dir="0" index="1" bw="32" slack="1"/>
<pin id="164" dir="0" index="2" bw="0" slack="2147483647"/>
<pin id="165" dir="1" index="3" bw="32" slack="2147483647"/>
</pin_list>
<bind>
<opcode="store(28) " fcode="store"/>
<opset="store_ln275/15 "/>
</bind>
</comp>

<comp id="166" class="1004" name="store_ln275_access_fu_166">
<pin_list>
<pin id="167" dir="0" index="0" bw="8" slack="14"/>
<pin id="168" dir="0" index="1" bw="32" slack="1"/>
<pin id="169" dir="0" index="2" bw="0" slack="2147483647"/>
<pin id="170" dir="1" index="3" bw="32" slack="2147483647"/>
</pin_list>
<bind>
<opcode="store(28) " fcode="store"/>
<opset="store_ln275/15 "/>
</bind>
</comp>

<comp id="171" class="1004" name="store_ln275_access_fu_171">
<pin_list>
<pin id="172" dir="0" index="0" bw="8" slack="14"/>
<pin id="173" dir="0" index="1" bw="32" slack="1"/>
<pin id="174" dir="0" index="2" bw="0" slack="2147483647"/>
<pin id="175" dir="1" index="3" bw="32" slack="2147483647"/>
</pin_list>
<bind>
<opcode="store(28) " fcode="store"/>
<opset="store_ln275/15 "/>
</bind>
</comp>

<comp id="176" class="1004" name="grp_post_process_fu_176">
<pin_list>
<pin id="177" dir="0" index="0" bw="32" slack="0"/>
<pin id="178" dir="0" index="1" bw="32" slack="1"/>
<pin id="179" dir="0" index="2" bw="32" slack="1"/>
<pin id="180" dir="0" index="3" bw="32" slack="1"/>
<pin id="181" dir="1" index="4" bw="32" slack="1"/>
</pin_list>
<bind>
<opcode="call(48) " fcode="call"/>
<opset="call_ret7_i/2 call_ret6_i/2 call_ret5_i/2 call_ret4_i/2 call_ret3_i/2 call_ret2_i/2 call_ret1_i/2 call_ret_i/2 "/>
</bind>
</comp>

<comp id="183" class="1005" name="reg_183">
<pin_list>
<pin id="184" dir="0" index="0" bw="32" slack="1"/>
<pin id="185" dir="1" index="1" bw="32" slack="1"/>
</pin_list>
<bind>
<opset="call_ret7_i call_ret6_i call_ret5_i call_ret4_i call_ret3_i call_ret2_i call_ret1_i call_ret_i "/>
</bind>
</comp>

<comp id="195" class="1004" name="zext_ln275_fu_195">
<pin_list>
<pin id="196" dir="0" index="0" bw="13" slack="0"/>
<pin id="197" dir="1" index="1" bw="64" slack="0"/>
</pin_list>
<bind>
<opcode="zext(34) " fcode="zext"/>
<opset="zext_ln275/1 "/>
</bind>
</comp>

<comp id="207" class="1005" name="p_read348_reg_207">
<pin_list>
<pin id="208" dir="0" index="0" bw="32" slack="1"/>
<pin id="209" dir="1" index="1" bw="32" slack="1"/>
</pin_list>
<bind>
<opset="p_read348 "/>
</bind>
</comp>

<comp id="212" class="1005" name="p_read247_reg_212">
<pin_list>
<pin id="213" dir="0" index="0" bw="32" slack="1"/>
<pin id="214" dir="1" index="1" bw="32" slack="1"/>
</pin_list>
<bind>
<opset="p_read247 "/>
</bind>
</comp>

<comp id="217" class="1005" name="p_read146_reg_217">
<pin_list>
<pin id="218" dir="0" index="0" bw="32" slack="1"/>
<pin id="219" dir="1" index="1" bw="32" slack="1"/>
</pin_list>
<bind>
<opset="p_read146 "/>
</bind>
</comp>

<comp id="222" class="1005" name="p_read45_reg_222">
<pin_list>
<pin id="223" dir="0" index="0" bw="3" slack="1"/>
<pin id="224" dir="1" index="1" bw="3" slack="2147483647"/>
</pin_list>
<bind>
<opset="p_read45 "/>
</bind>
</comp>

<comp id="226" class="1005" name="emissions_7_addr_reg_226">
<pin_list>
<pin id="227" dir="0" index="0" bw="8" slack="14"/>
<pin id="228" dir="1" index="1" bw="8" slack="14"/>
</pin_list>
<bind>
<opset="emissions_7_addr "/>
</bind>
</comp>

<comp id="231" class="1005" name="emissions_0_addr_reg_231">
<pin_list>
<pin id="232" dir="0" index="0" bw="8" slack="14"/>
<pin id="233" dir="1" index="1" bw="8" slack="14"/>
</pin_list>
<bind>
<opset="emissions_0_addr "/>
</bind>
</comp>

<comp id="236" class="1005" name="emissions_1_addr_reg_236">
<pin_list>
<pin id="237" dir="0" index="0" bw="8" slack="14"/>
<pin id="238" dir="1" index="1" bw="8" slack="14"/>
</pin_list>
<bind>
<opset="emissions_1_addr "/>
</bind>
</comp>

<comp id="241" class="1005" name="emissions_2_addr_reg_241">
<pin_list>
<pin id="242" dir="0" index="0" bw="8" slack="14"/>
<pin id="243" dir="1" index="1" bw="8" slack="14"/>
</pin_list>
<bind>
<opset="emissions_2_addr "/>
</bind>
</comp>

<comp id="246" class="1005" name="emissions_3_addr_reg_246">
<pin_list>
<pin id="247" dir="0" index="0" bw="8" slack="14"/>
<pin id="248" dir="1" index="1" bw="8" slack="14"/>
</pin_list>
<bind>
<opset="emissions_3_addr "/>
</bind>
</comp>

<comp id="251" class="1005" name="emissions_4_addr_reg_251">
<pin_list>
<pin id="252" dir="0" index="0" bw="8" slack="14"/>
<pin id="253" dir="1" index="1" bw="8" slack="14"/>
</pin_list>
<bind>
<opset="emissions_4_addr "/>
</bind>
</comp>

<comp id="256" class="1005" name="emissions_5_addr_reg_256">
<pin_list>
<pin id="257" dir="0" index="0" bw="8" slack="14"/>
<pin id="258" dir="1" index="1" bw="8" slack="14"/>
</pin_list>
<bind>
<opset="emissions_5_addr "/>
</bind>
</comp>

<comp id="261" class="1005" name="emissions_6_addr_reg_261">
<pin_list>
<pin id="262" dir="0" index="0" bw="8" slack="14"/>
<pin id="263" dir="1" index="1" bw="8" slack="14"/>
</pin_list>
<bind>
<opset="emissions_6_addr "/>
</bind>
</comp>

</comp_list>

<net_list>
<net id="54"><net_src comp="26" pin="0"/><net_sink comp="50" pin=0"/></net>

<net id="55"><net_src comp="10" pin="0"/><net_sink comp="50" pin=1"/></net>

<net id="60"><net_src comp="28" pin="0"/><net_sink comp="56" pin=0"/></net>

<net id="61"><net_src comp="6" pin="0"/><net_sink comp="56" pin=1"/></net>

<net id="66"><net_src comp="28" pin="0"/><net_sink comp="62" pin=0"/></net>

<net id="67"><net_src comp="4" pin="0"/><net_sink comp="62" pin=1"/></net>

<net id="72"><net_src comp="28" pin="0"/><net_sink comp="68" pin=0"/></net>

<net id="73"><net_src comp="2" pin="0"/><net_sink comp="68" pin=1"/></net>

<net id="78"><net_src comp="30" pin="0"/><net_sink comp="74" pin=0"/></net>

<net id="79"><net_src comp="0" pin="0"/><net_sink comp="74" pin=1"/></net>

<net id="85"><net_src comp="24" pin="0"/><net_sink comp="80" pin=0"/></net>

<net id="86"><net_src comp="32" pin="0"/><net_sink comp="80" pin=1"/></net>

<net id="92"><net_src comp="22" pin="0"/><net_sink comp="87" pin=0"/></net>

<net id="93"><net_src comp="32" pin="0"/><net_sink comp="87" pin=1"/></net>

<net id="99"><net_src comp="20" pin="0"/><net_sink comp="94" pin=0"/></net>

<net id="100"><net_src comp="32" pin="0"/><net_sink comp="94" pin=1"/></net>

<net id="106"><net_src comp="18" pin="0"/><net_sink comp="101" pin=0"/></net>

<net id="107"><net_src comp="32" pin="0"/><net_sink comp="101" pin=1"/></net>

<net id="113"><net_src comp="16" pin="0"/><net_sink comp="108" pin=0"/></net>

<net id="114"><net_src comp="32" pin="0"/><net_sink comp="108" pin=1"/></net>

<net id="120"><net_src comp="14" pin="0"/><net_sink comp="115" pin=0"/></net>

<net id="121"><net_src comp="32" pin="0"/><net_sink comp="115" pin=1"/></net>

<net id="127"><net_src comp="12" pin="0"/><net_sink comp="122" pin=0"/></net>

<net id="128"><net_src comp="32" pin="0"/><net_sink comp="122" pin=1"/></net>

<net id="134"><net_src comp="8" pin="0"/><net_sink comp="129" pin=0"/></net>

<net id="135"><net_src comp="32" pin="0"/><net_sink comp="129" pin=1"/></net>

<net id="182"><net_src comp="48" pin="0"/><net_sink comp="176" pin=0"/></net>

<net id="186"><net_src comp="176" pin="4"/><net_sink comp="183" pin=0"/></net>

<net id="187"><net_src comp="183" pin="1"/><net_sink comp="136" pin=1"/></net>

<net id="188"><net_src comp="183" pin="1"/><net_sink comp="141" pin=1"/></net>

<net id="189"><net_src comp="183" pin="1"/><net_sink comp="146" pin=1"/></net>

<net id="190"><net_src comp="183" pin="1"/><net_sink comp="151" pin=1"/></net>

<net id="191"><net_src comp="183" pin="1"/><net_sink comp="156" pin=1"/></net>

<net id="192"><net_src comp="183" pin="1"/><net_sink comp="161" pin=1"/></net>

<net id="193"><net_src comp="183" pin="1"/><net_sink comp="166" pin=1"/></net>

<net id="194"><net_src comp="183" pin="1"/><net_sink comp="171" pin=1"/></net>

<net id="198"><net_src comp="50" pin="2"/><net_sink comp="195" pin=0"/></net>

<net id="199"><net_src comp="195" pin="1"/><net_sink comp="80" pin=2"/></net>

<net id="200"><net_src comp="195" pin="1"/><net_sink comp="87" pin=2"/></net>

<net id="201"><net_src comp="195" pin="1"/><net_sink comp="94" pin=2"/></net>

<net id="202"><net_src comp="195" pin="1"/><net_sink comp="101" pin=2"/></net>

<net id="203"><net_src comp="195" pin="1"/><net_sink comp="108" pin=2"/></net>

<net id="204"><net_src comp="195" pin="1"/><net_sink comp="115" pin=2"/></net>

<net id="205"><net_src comp="195" pin="1"/><net_sink comp="122" pin=2"/></net>

<net id="206"><net_src comp="195" pin="1"/><net_sink comp="129" pin=2"/></net>

<net id="210"><net_src comp="56" pin="2"/><net_sink comp="207" pin=0"/></net>

<net id="211"><net_src comp="207" pin="1"/><net_sink comp="176" pin=3"/></net>

<net id="215"><net_src comp="62" pin="2"/><net_sink comp="212" pin=0"/></net>

<net id="216"><net_src comp="212" pin="1"/><net_sink comp="176" pin=2"/></net>

<net id="220"><net_src comp="68" pin="2"/><net_sink comp="217" pin=0"/></net>

<net id="221"><net_src comp="217" pin="1"/><net_sink comp="176" pin=1"/></net>

<net id="225"><net_src comp="74" pin="2"/><net_sink comp="222" pin=0"/></net>

<net id="229"><net_src comp="80" pin="3"/><net_sink comp="226" pin=0"/></net>

<net id="230"><net_src comp="226" pin="1"/><net_sink comp="171" pin=0"/></net>

<net id="234"><net_src comp="87" pin="3"/><net_sink comp="231" pin=0"/></net>

<net id="235"><net_src comp="231" pin="1"/><net_sink comp="166" pin=0"/></net>

<net id="239"><net_src comp="94" pin="3"/><net_sink comp="236" pin=0"/></net>

<net id="240"><net_src comp="236" pin="1"/><net_sink comp="161" pin=0"/></net>

<net id="244"><net_src comp="101" pin="3"/><net_sink comp="241" pin=0"/></net>

<net id="245"><net_src comp="241" pin="1"/><net_sink comp="156" pin=0"/></net>

<net id="249"><net_src comp="108" pin="3"/><net_sink comp="246" pin=0"/></net>

<net id="250"><net_src comp="246" pin="1"/><net_sink comp="151" pin=0"/></net>

<net id="254"><net_src comp="115" pin="3"/><net_sink comp="251" pin=0"/></net>

<net id="255"><net_src comp="251" pin="1"/><net_sink comp="146" pin=0"/></net>

<net id="259"><net_src comp="122" pin="3"/><net_sink comp="256" pin=0"/></net>

<net id="260"><net_src comp="256" pin="1"/><net_sink comp="141" pin=0"/></net>

<net id="264"><net_src comp="129" pin="3"/><net_sink comp="261" pin=0"/></net>

<net id="265"><net_src comp="261" pin="1"/><net_sink comp="136" pin=0"/></net>

</net_list>

</model> 
---------------- Datapath Model END ------------------

* FSMD analyzer results:
  - Output states:
	Port: emissions_6 | {15 }
	Port: emissions_5 | {15 }
	Port: emissions_4 | {15 }
	Port: emissions_3 | {15 }
	Port: emissions_2 | {15 }
	Port: emissions_1 | {15 }
	Port: emissions_0 | {15 }
	Port: emissions_7 | {15 }
 - Input state : 
	Port: dataflow_in_loop_VITIS_LOOP_241_1.1_Block_newFuncRoot_proc : p_read | {1 }
	Port: dataflow_in_loop_VITIS_LOOP_241_1.1_Block_newFuncRoot_proc : p_read1 | {1 }
	Port: dataflow_in_loop_VITIS_LOOP_241_1.1_Block_newFuncRoot_proc : p_read2 | {1 }
	Port: dataflow_in_loop_VITIS_LOOP_241_1.1_Block_newFuncRoot_proc : p_read3 | {1 }
	Port: dataflow_in_loop_VITIS_LOOP_241_1.1_Block_newFuncRoot_proc : p_read4 | {1 }
  - Chain level:
	State 1
		emissions_7_addr : 1
		emissions_0_addr : 1
		emissions_1_addr : 1
		emissions_2_addr : 1
		emissions_3_addr : 1
		emissions_4_addr : 1
		emissions_5_addr : 1
		emissions_6_addr : 1
	State 2
	State 3
	State 4
	State 5
	State 6
	State 7
	State 8
	State 9
	State 10
	State 11
	State 12
	State 13
	State 14
	State 15


============================================================
+ Verbose Summary: Datapath Resource usage 
============================================================

* Functional unit list:
|----------|-------------------------|---------|---------|---------|---------|
| Operation|     Functional Unit     |   DSP   |  Delay  |    FF   |   LUT   |
|----------|-------------------------|---------|---------|---------|---------|
|   call   | grp_post_process_fu_176 |    3    |  0.854  |   256   |   153   |
|----------|-------------------------|---------|---------|---------|---------|
|          |   p_read449_read_fu_50  |    0    |    0    |    0    |    0    |
|          |   p_read348_read_fu_56  |    0    |    0    |    0    |    0    |
|   read   |   p_read247_read_fu_62  |    0    |    0    |    0    |    0    |
|          |   p_read146_read_fu_68  |    0    |    0    |    0    |    0    |
|          |   p_read45_read_fu_74   |    0    |    0    |    0    |    0    |
|----------|-------------------------|---------|---------|---------|---------|
|   zext   |    zext_ln275_fu_195    |    0    |    0    |    0    |    0    |
|----------|-------------------------|---------|---------|---------|---------|
|   Total  |                         |    3    |  0.854  |   256   |   153   |
|----------|-------------------------|---------|---------|---------|---------|

Memories:
N/A

* Register list:
+------------------------+--------+
|                        |   FF   |
+------------------------+--------+
|emissions_0_addr_reg_231|    8   |
|emissions_1_addr_reg_236|    8   |
|emissions_2_addr_reg_241|    8   |
|emissions_3_addr_reg_246|    8   |
|emissions_4_addr_reg_251|    8   |
|emissions_5_addr_reg_256|    8   |
|emissions_6_addr_reg_261|    8   |
|emissions_7_addr_reg_226|    8   |
|    p_read146_reg_217   |   32   |
|    p_read247_reg_212   |   32   |
|    p_read348_reg_207   |   32   |
|    p_read45_reg_222    |    3   |
|         reg_183        |   32   |
+------------------------+--------+
|          Total         |   195  |
+------------------------+--------+

* Multiplexer (MUX) list: 
|--------|------|------|------|--------|
|  Comp  |  Pin | Size |  BW  | S x BW |
|--------|------|------|------|--------|
|  Total |      |      |      |    0   |
|--------|------|------|------|--------|



* Summary:
+-----------+--------+--------+--------+--------+
|           |   DSP  |  Delay |   FF   |   LUT  |
+-----------+--------+--------+--------+--------+
|  Function |    3   |    0   |   256  |   153  |
|   Memory  |    -   |    -   |    -   |    -   |
|Multiplexer|    -   |    -   |    -   |    -   |
|  Register |    -   |    -   |   195  |    -   |
+-----------+--------+--------+--------+--------+
|   Total   |    3   |    0   |   451  |   153  |
+-----------+--------+--------+--------+--------+
