

================================================================
== Vitis HLS Report for 'emissions_to_statearray'
================================================================
* Date:           Sat Mar 28 14:02:27 2026

* Version:        2024.2 (Build 5238294 on Nov  8 2024)
* Project:        atomflow_controller_2024_2
* Solution:       hls (Vivado IP Flow Target)
* Product family: zynquplusRFSOC
* Target device:  xczu49dr-ffvf1760-2-e


================================================================
== Performance Estimates
================================================================
+ Timing: 
    * Summary: 
    +--------+----------+----------+------------+
    |  Clock |  Target  | Estimated| Uncertainty|
    +--------+----------+----------+------------+
    |ap_clk  |  10.00 ns|  5.742 ns|     2.70 ns|
    +--------+----------+----------+------------+

+ Latency: 
    * Summary: 
    +---------+---------+----------+-----------+-----+------+---------+
    |  Latency (cycles) |  Latency (absolute)  |  Interval  | Pipeline|
    |   min   |   max   |    min   |    max    | min |  max |   Type  |
    +---------+---------+----------+-----------+-----+------+---------+
    |       50|     4096|  0.500 us|  40.960 us|   50|  4096|       no|
    +---------+---------+----------+-----------+-----+------+---------+

    + Detail: 
        * Instance: 
        +-------------------------------------------------------------+---------------------------------------------------+---------+---------+-----------+-----------+-----+------+------------------------------------------------+
        |                                                             |                                                   |  Latency (cycles) |   Latency (absolute)  |  Interval  |                    Pipeline                    |
        |                           Instance                          |                       Module                      |   min   |   max   |    min    |    max    | min |  max |                      Type                      |
        +-------------------------------------------------------------+---------------------------------------------------+---------+---------+-----------+-----------+-----+------+------------------------------------------------+
        |grp_emissions_to_statearray_Pipeline_VITIS_LOOP_342_1_fu_70  |emissions_to_statearray_Pipeline_VITIS_LOOP_342_1  |        3|     1026|  30.000 ns|  10.260 us|    2|  1025|  loop auto-rewind stp (delay=0 clock cycles(s))|
        |grp_emissions_to_statearray_Pipeline_VITIS_LOOP_348_2_fu_77  |emissions_to_statearray_Pipeline_VITIS_LOOP_348_2  |        2|     1026|  20.000 ns|  10.260 us|    1|  1025|  loop auto-rewind stp (delay=0 clock cycles(s))|
        |grp_emissions_to_statearray_Pipeline_VITIS_LOOP_20_1_fu_84   |emissions_to_statearray_Pipeline_VITIS_LOOP_20_1   |       40|     2039|   0.400 us|  20.390 us|    2|  2001|  loop auto-rewind stp (delay=0 clock cycles(s))|
        +-------------------------------------------------------------+---------------------------------------------------+---------+---------+-----------+-----------+-----+------+------------------------------------------------+

        * Loop: 
        N/A

============================================================
+ Verbose Summary: Synthesis Manager
============================================================
InlineROM: 1
ExposeGlobal: 0
============================================================
+ Verbose Summary: CDFG Model
============================================================
IsTopModel: 0
ResetActiveHigh: 1
IsCombinational: 0
IsDatapathOnly: 0
HasWiredReturn: 1
HasMFsm: 0
HasVarLatency: 1
IsPipeline: 0
IsRtlPipelined: 0
IsInstanceOverlapped: 0
IsDontTouch: 0
HasImplIP: 0
IsGatedGlobalClock: 0


============================================================
+ Verbose Summary: Schedule
============================================================
* Number of FSM states : 6
* Pipeline : 0
* Dataflow Pipeline: 0

* FSM state transitions: 
1 --> 2 
2 --> 3 
3 --> 4 
4 --> 5 
5 --> 6 
6 --> 

* FSM state operations: 

State 1 <SV = 0> <Delay = 5.74>
ST_1 : Operation 7 [1/1] (0.00ns)   --->   "%stateArray_cols_write_read = read i32 @_ssdm_op_Read.ap_auto.i32, i32 %stateArray_cols_write"   --->   Operation 7 'read' 'stateArray_cols_write_read' <Predicate = true> <Delay = 0.00>
ST_1 : Operation 8 [1/1] (0.00ns)   --->   "%stateArray_rows_write_read = read i32 @_ssdm_op_Read.ap_auto.i32, i32 %stateArray_rows_write"   --->   Operation 8 'read' 'stateArray_rows_write_read' <Predicate = true> <Delay = 0.00>
ST_1 : Operation 9 [1/1] (0.00ns)   --->   "%sext_ln18 = sext i32 %stateArray_rows_write_read" [/home/xiaorang/Documents/ATOMFLOW/atomflow_controller/atomflow_controller.cpp:18]   --->   Operation 9 'sext' 'sext_ln18' <Predicate = true> <Delay = 0.00>
ST_1 : Operation 10 [1/1] (0.00ns)   --->   "%sext_ln18_15 = sext i32 %stateArray_cols_write_read" [/home/xiaorang/Documents/ATOMFLOW/atomflow_controller/atomflow_controller.cpp:18]   --->   Operation 10 'sext' 'sext_ln18_15' <Predicate = true> <Delay = 0.00>
ST_1 : Operation 11 [1/1] (0.00ns)   --->   "%trunc_ln0 = trunc i32 %stateArray_cols_write_read" [/home/xiaorang/Documents/ATOMFLOW/atomflow_controller/src/../../sorting-organized-main/src/sortLatticeByRow.hpp:0->/home/xiaorang/Documents/ATOMFLOW/atomflow_controller/atomflow_controller.cpp:18]   --->   Operation 11 'trunc' 'trunc_ln0' <Predicate = true> <Delay = 0.00>
ST_1 : Operation 12 [1/1] (3.42ns)   --->   "%i = mul i64 %sext_ln18_15, i64 %sext_ln18" [/home/xiaorang/Documents/ATOMFLOW/atomflow_controller/src/../../sorting-organized-main/src/sortLatticeByRow.hpp:341->/home/xiaorang/Documents/ATOMFLOW/atomflow_controller/atomflow_controller.cpp:18]   --->   Operation 12 'mul' 'i' <Predicate = true> <Delay = 3.42> <CoreInst = "Multiplier">   --->   Core 3 'Multiplier' <Latency = 0> <II = 1> <Delay = 3.42> <FuncUnit> <Opcode : 'mul'> <InPorts = 2> <OutPorts = 1>
ST_1 : Operation 13 [1/1] (0.00ns)   --->   "%trunc_ln348 = trunc i64 %i" [/home/xiaorang/Documents/ATOMFLOW/atomflow_controller/src/../../sorting-organized-main/src/sortLatticeByRow.hpp:348->/home/xiaorang/Documents/ATOMFLOW/atomflow_controller/atomflow_controller.cpp:18]   --->   Operation 13 'trunc' 'trunc_ln348' <Predicate = true> <Delay = 0.00>
ST_1 : Operation 14 [2/2] (2.32ns)   --->   "%call_ln341 = call void @emissions_to_statearray_Pipeline_VITIS_LOOP_342_1, i64 %i, i1 %stateArray_data_s" [/home/xiaorang/Documents/ATOMFLOW/atomflow_controller/src/../../sorting-organized-main/src/sortLatticeByRow.hpp:341->/home/xiaorang/Documents/ATOMFLOW/atomflow_controller/atomflow_controller.cpp:18]   --->   Operation 14 'call' 'call_ln341' <Predicate = true> <Delay = 2.32> <CoreType = "Generic">   --->   Generic Core

State 2 <SV = 1> <Delay = 1.93>
ST_2 : Operation 15 [1/2] (1.93ns)   --->   "%call_ln341 = call void @emissions_to_statearray_Pipeline_VITIS_LOOP_342_1, i64 %i, i1 %stateArray_data_s" [/home/xiaorang/Documents/ATOMFLOW/atomflow_controller/src/../../sorting-organized-main/src/sortLatticeByRow.hpp:341->/home/xiaorang/Documents/ATOMFLOW/atomflow_controller/atomflow_controller.cpp:18]   --->   Operation 15 'call' 'call_ln341' <Predicate = true> <Delay = 1.93> <CoreType = "Generic">   --->   Generic Core

State 3 <SV = 2> <Delay = 1.66>
ST_3 : Operation 16 [2/2] (1.66ns)   --->   "%call_ln348 = call void @emissions_to_statearray_Pipeline_VITIS_LOOP_348_2, i11 %trunc_ln348, i1 %stateArray_data_s" [/home/xiaorang/Documents/ATOMFLOW/atomflow_controller/src/../../sorting-organized-main/src/sortLatticeByRow.hpp:348->/home/xiaorang/Documents/ATOMFLOW/atomflow_controller/atomflow_controller.cpp:18]   --->   Operation 16 'call' 'call_ln348' <Predicate = true> <Delay = 1.66> <CoreType = "Generic">   --->   Generic Core

State 4 <SV = 3> <Delay = 0.85>
ST_4 : Operation 17 [1/2] (0.85ns)   --->   "%call_ln348 = call void @emissions_to_statearray_Pipeline_VITIS_LOOP_348_2, i11 %trunc_ln348, i1 %stateArray_data_s" [/home/xiaorang/Documents/ATOMFLOW/atomflow_controller/src/../../sorting-organized-main/src/sortLatticeByRow.hpp:348->/home/xiaorang/Documents/ATOMFLOW/atomflow_controller/atomflow_controller.cpp:18]   --->   Operation 17 'call' 'call_ln348' <Predicate = true> <Delay = 0.85> <CoreType = "Generic">   --->   Generic Core

State 5 <SV = 4> <Delay = 1.45>
ST_5 : Operation 18 [1/1] (0.00ns)   --->   "%threshold_read = read i32 @_ssdm_op_Read.ap_auto.float, i32 %threshold"   --->   Operation 18 'read' 'threshold_read' <Predicate = true> <Delay = 0.00>
ST_5 : Operation 19 [1/1] (0.00ns)   --->   "%atomLocationsSize_read = read i32 @_ssdm_op_Read.ap_auto.i32, i32 %atomLocationsSize"   --->   Operation 19 'read' 'atomLocationsSize_read' <Predicate = true> <Delay = 0.00>
ST_5 : Operation 20 [1/1] (0.00ns)   --->   "%bitcast_ln25 = bitcast i32 %threshold_read" [/home/xiaorang/Documents/ATOMFLOW/atomflow_controller/atomflow_controller.cpp:25]   --->   Operation 20 'bitcast' 'bitcast_ln25' <Predicate = true> <Delay = 0.00>
ST_5 : Operation 21 [1/1] (0.00ns)   --->   "%trunc_ln25 = trunc i32 %bitcast_ln25" [/home/xiaorang/Documents/ATOMFLOW/atomflow_controller/atomflow_controller.cpp:25]   --->   Operation 21 'trunc' 'trunc_ln25' <Predicate = true> <Delay = 0.00>
ST_5 : Operation 22 [1/1] (0.00ns)   --->   "%trunc_ln25_2 = trunc i32 %bitcast_ln25" [/home/xiaorang/Documents/ATOMFLOW/atomflow_controller/atomflow_controller.cpp:25]   --->   Operation 22 'trunc' 'trunc_ln25_2' <Predicate = true> <Delay = 0.00>
ST_5 : Operation 23 [2/2] (1.45ns)   --->   "%call_ln25 = call void @emissions_to_statearray_Pipeline_VITIS_LOOP_20_1, i32 %atomLocationsSize_read, i32 %stateArray_cols_write_read, i32 %stateArray_rows_write_read, i32 %emissions_0, i32 %emissions_1, i32 %emissions_2, i32 %emissions_3, i32 %emissions_4, i32 %emissions_5, i32 %emissions_6, i32 %emissions_7, i31 %trunc_ln25, i23 %trunc_ln25_2, i32 %threshold_read, i10 %trunc_ln0, i1 %stateArray_data_s" [/home/xiaorang/Documents/ATOMFLOW/atomflow_controller/atomflow_controller.cpp:25]   --->   Operation 23 'call' 'call_ln25' <Predicate = true> <Delay = 1.45> <CoreType = "Generic">   --->   Generic Core

State 6 <SV = 5> <Delay = 0.00>
ST_6 : Operation 24 [1/1] (0.00ns)   --->   "%specmemcore_ln0 = specmemcore void @_ssdm_op_SpecMemCore, i1 %stateArray_data_s, i64 666, i64 22, i64 18446744073709551615"   --->   Operation 24 'specmemcore' 'specmemcore_ln0' <Predicate = true> <Delay = 0.00>
ST_6 : Operation 25 [1/2] (0.00ns)   --->   "%call_ln25 = call void @emissions_to_statearray_Pipeline_VITIS_LOOP_20_1, i32 %atomLocationsSize_read, i32 %stateArray_cols_write_read, i32 %stateArray_rows_write_read, i32 %emissions_0, i32 %emissions_1, i32 %emissions_2, i32 %emissions_3, i32 %emissions_4, i32 %emissions_5, i32 %emissions_6, i32 %emissions_7, i31 %trunc_ln25, i23 %trunc_ln25_2, i32 %threshold_read, i10 %trunc_ln0, i1 %stateArray_data_s" [/home/xiaorang/Documents/ATOMFLOW/atomflow_controller/atomflow_controller.cpp:25]   --->   Operation 25 'call' 'call_ln25' <Predicate = true> <Delay = 0.00> <CoreType = "Generic">   --->   Generic Core
ST_6 : Operation 26 [1/1] (0.00ns)   --->   "%mrv = insertvalue i128 <undef>, i64 %sext_ln18" [/home/xiaorang/Documents/ATOMFLOW/atomflow_controller/atomflow_controller.cpp:28]   --->   Operation 26 'insertvalue' 'mrv' <Predicate = true> <Delay = 0.00>
ST_6 : Operation 27 [1/1] (0.00ns)   --->   "%mrv_1 = insertvalue i128 %mrv, i64 %sext_ln18_15" [/home/xiaorang/Documents/ATOMFLOW/atomflow_controller/atomflow_controller.cpp:28]   --->   Operation 27 'insertvalue' 'mrv_1' <Predicate = true> <Delay = 0.00>
ST_6 : Operation 28 [1/1] (0.00ns)   --->   "%ret_ln28 = ret i128 %mrv_1" [/home/xiaorang/Documents/ATOMFLOW/atomflow_controller/atomflow_controller.cpp:28]   --->   Operation 28 'ret' 'ret_ln28' <Predicate = true> <Delay = 0.00>


============================================================
+ Verbose Summary: Binding
============================================================
STG Binding: 
---------------- STG Properties BEGIN ----------------
- Is combinational: 0
- Is one-state seq: 0
- Is datapath-only: 0
- Is pipelined: 0
- Is top level: 0
Port [ Return ] is wired: 1; IO mode=ap_ctrl_hs:ce=0
Port [ emissions_0]:  wired=1; compound=1; hidden=0; nouse=0; global=0; static=0; extern=0; dir=0; type=1; pingpong=0; private_global=0; MemPort=[13]; IO mode=ap_memory:ce=0
Port [ emissions_1]:  wired=1; compound=1; hidden=0; nouse=0; global=0; static=0; extern=0; dir=0; type=1; pingpong=0; private_global=0; MemPort=[13]; IO mode=ap_memory:ce=0
Port [ emissions_2]:  wired=1; compound=1; hidden=0; nouse=0; global=0; static=0; extern=0; dir=0; type=1; pingpong=0; private_global=0; MemPort=[13]; IO mode=ap_memory:ce=0
Port [ emissions_3]:  wired=1; compound=1; hidden=0; nouse=0; global=0; static=0; extern=0; dir=0; type=1; pingpong=0; private_global=0; MemPort=[13]; IO mode=ap_memory:ce=0
Port [ emissions_4]:  wired=1; compound=1; hidden=0; nouse=0; global=0; static=0; extern=0; dir=0; type=1; pingpong=0; private_global=0; MemPort=[13]; IO mode=ap_memory:ce=0
Port [ emissions_5]:  wired=1; compound=1; hidden=0; nouse=0; global=0; static=0; extern=0; dir=0; type=1; pingpong=0; private_global=0; MemPort=[13]; IO mode=ap_memory:ce=0
Port [ emissions_6]:  wired=1; compound=1; hidden=0; nouse=0; global=0; static=0; extern=0; dir=0; type=1; pingpong=0; private_global=0; MemPort=[13]; IO mode=ap_memory:ce=0
Port [ emissions_7]:  wired=1; compound=1; hidden=0; nouse=0; global=0; static=0; extern=0; dir=0; type=1; pingpong=0; private_global=0; MemPort=[13]; IO mode=ap_memory:ce=0
Port [ atomLocationsSize]:  wired=1; compound=0; hidden=0; nouse=0; global=0; static=0; extern=0; dir=0; type=0; pingpong=0; private_global=0; IO mode=ap_none:ce=0
Port [ stateArray_rows_write]:  wired=1; compound=0; hidden=0; nouse=0; global=0; static=0; extern=0; dir=0; type=0; pingpong=0; private_global=0; IO mode=ap_none:ce=0
Port [ stateArray_cols_write]:  wired=1; compound=0; hidden=0; nouse=0; global=0; static=0; extern=0; dir=0; type=0; pingpong=0; private_global=0; IO mode=ap_none:ce=0
Port [ threshold]:  wired=1; compound=0; hidden=0; nouse=0; global=0; static=0; extern=0; dir=0; type=0; pingpong=0; private_global=0; IO mode=ap_none:ce=0
Port [ stateArray_data_s]:  wired=1; compound=1; hidden=0; nouse=0; global=0; static=0; extern=0; dir=1; type=1; pingpong=0; private_global=0; MemPort=[30]; IO mode=ap_memory:ce=0
---------------- STG Properties END ------------------

---------------- Datapath Model BEGIN ----------------

<LifeTime>
<method=bitvector/>
stateArray_cols_write_read (read       ) [ 0011111]
stateArray_rows_write_read (read       ) [ 0011111]
sext_ln18                  (sext       ) [ 0011111]
sext_ln18_15               (sext       ) [ 0011111]
trunc_ln0                  (trunc      ) [ 0011111]
i                          (mul        ) [ 0010000]
trunc_ln348                (trunc      ) [ 0011100]
call_ln341                 (call       ) [ 0000000]
call_ln348                 (call       ) [ 0000000]
threshold_read             (read       ) [ 0000001]
atomLocationsSize_read     (read       ) [ 0000001]
bitcast_ln25               (bitcast    ) [ 0000000]
trunc_ln25                 (trunc      ) [ 0000001]
trunc_ln25_2               (trunc      ) [ 0000001]
specmemcore_ln0            (specmemcore) [ 0000000]
call_ln25                  (call       ) [ 0000000]
mrv                        (insertvalue) [ 0000000]
mrv_1                      (insertvalue) [ 0000000]
ret_ln28                   (ret        ) [ 0000000]
</LifeTime>

<model>

<comp_list>
<comp id="0" class="1000" name="emissions_0">
<pin_list>
<pin id="1" dir="1" index="0" bw="1" slack="0"/>
</pin_list>
<bind>
<StgValue><ssdm name="emissions_0"/><MemPortTyVec>1 3 </MemPortTyVec>
</StgValue>
</bind>
</comp>

<comp id="2" class="1000" name="emissions_1">
<pin_list>
<pin id="3" dir="1" index="0" bw="1" slack="0"/>
</pin_list>
<bind>
<StgValue><ssdm name="emissions_1"/><MemPortTyVec>1 3 </MemPortTyVec>
</StgValue>
</bind>
</comp>

<comp id="4" class="1000" name="emissions_2">
<pin_list>
<pin id="5" dir="1" index="0" bw="1" slack="0"/>
</pin_list>
<bind>
<StgValue><ssdm name="emissions_2"/><MemPortTyVec>1 3 </MemPortTyVec>
</StgValue>
</bind>
</comp>

<comp id="6" class="1000" name="emissions_3">
<pin_list>
<pin id="7" dir="1" index="0" bw="1" slack="0"/>
</pin_list>
<bind>
<StgValue><ssdm name="emissions_3"/><MemPortTyVec>1 3 </MemPortTyVec>
</StgValue>
</bind>
</comp>

<comp id="8" class="1000" name="emissions_4">
<pin_list>
<pin id="9" dir="1" index="0" bw="1" slack="0"/>
</pin_list>
<bind>
<StgValue><ssdm name="emissions_4"/><MemPortTyVec>1 3 </MemPortTyVec>
</StgValue>
</bind>
</comp>

<comp id="10" class="1000" name="emissions_5">
<pin_list>
<pin id="11" dir="1" index="0" bw="1" slack="0"/>
</pin_list>
<bind>
<StgValue><ssdm name="emissions_5"/><MemPortTyVec>1 3 </MemPortTyVec>
</StgValue>
</bind>
</comp>

<comp id="12" class="1000" name="emissions_6">
<pin_list>
<pin id="13" dir="1" index="0" bw="1" slack="0"/>
</pin_list>
<bind>
<StgValue><ssdm name="emissions_6"/><MemPortTyVec>1 3 </MemPortTyVec>
</StgValue>
</bind>
</comp>

<comp id="14" class="1000" name="emissions_7">
<pin_list>
<pin id="15" dir="1" index="0" bw="1" slack="0"/>
</pin_list>
<bind>
<StgValue><ssdm name="emissions_7"/><MemPortTyVec>1 3 </MemPortTyVec>
</StgValue>
</bind>
</comp>

<comp id="16" class="1000" name="atomLocationsSize">
<pin_list>
<pin id="17" dir="1" index="0" bw="1" slack="0"/>
</pin_list>
<bind>
<StgValue><ssdm name="atomLocationsSize"/></StgValue>
</bind>
</comp>

<comp id="18" class="1000" name="stateArray_rows_write">
<pin_list>
<pin id="19" dir="1" index="0" bw="1" slack="0"/>
</pin_list>
<bind>
<StgValue><ssdm name="stateArray_rows_write"/></StgValue>
</bind>
</comp>

<comp id="20" class="1000" name="stateArray_cols_write">
<pin_list>
<pin id="21" dir="1" index="0" bw="1" slack="0"/>
</pin_list>
<bind>
<StgValue><ssdm name="stateArray_cols_write"/></StgValue>
</bind>
</comp>

<comp id="22" class="1000" name="threshold">
<pin_list>
<pin id="23" dir="1" index="0" bw="1" slack="0"/>
</pin_list>
<bind>
<StgValue><ssdm name="threshold"/></StgValue>
</bind>
</comp>

<comp id="24" class="1000" name="stateArray_data_s">
<pin_list>
<pin id="25" dir="1" index="0" bw="1" slack="0"/>
</pin_list>
<bind>
<StgValue><ssdm name="stateArray_data_s"/><MemPortTyVec>3 0 </MemPortTyVec>
</StgValue>
</bind>
</comp>

<comp id="26" class="1001" name="const_26">
<pin_list>
<pin id="27" dir="1" index="0" bw="1" slack="0"/>
</pin_list>
<bind>
<StgValue><ssdm name="_ssdm_op_Read.ap_auto.i32"/></StgValue>
</bind>
</comp>

<comp id="28" class="1001" name="const_28">
<pin_list>
<pin id="29" dir="1" index="0" bw="1" slack="0"/>
</pin_list>
<bind>
<StgValue><ssdm name="emissions_to_statearray_Pipeline_VITIS_LOOP_342_1"/></StgValue>
</bind>
</comp>

<comp id="30" class="1001" name="const_30">
<pin_list>
<pin id="31" dir="1" index="0" bw="1" slack="0"/>
</pin_list>
<bind>
<StgValue><ssdm name="emissions_to_statearray_Pipeline_VITIS_LOOP_348_2"/></StgValue>
</bind>
</comp>

<comp id="32" class="1001" name="const_32">
<pin_list>
<pin id="33" dir="1" index="0" bw="1" slack="0"/>
</pin_list>
<bind>
<StgValue><ssdm name="_ssdm_op_Read.ap_auto.float"/></StgValue>
</bind>
</comp>

<comp id="34" class="1001" name="const_34">
<pin_list>
<pin id="35" dir="1" index="0" bw="1" slack="0"/>
</pin_list>
<bind>
<StgValue><ssdm name="emissions_to_statearray_Pipeline_VITIS_LOOP_20_1"/></StgValue>
</bind>
</comp>

<comp id="36" class="1001" name="const_36">
<pin_list>
<pin id="37" dir="1" index="0" bw="1" slack="2147483647"/>
</pin_list>
<bind>
<StgValue><ssdm name="_ssdm_op_SpecMemCore"/></StgValue>
</bind>
</comp>

<comp id="38" class="1001" name="const_38">
<pin_list>
<pin id="39" dir="1" index="0" bw="1" slack="2147483647"/>
</pin_list>
<bind>
<StgValue><ssdm name=""/></StgValue>
</bind>
</comp>

<comp id="40" class="1001" name="const_40">
<pin_list>
<pin id="41" dir="1" index="0" bw="1" slack="2147483647"/>
</pin_list>
<bind>
<StgValue><ssdm name=""/></StgValue>
</bind>
</comp>

<comp id="42" class="1001" name="const_42">
<pin_list>
<pin id="43" dir="1" index="0" bw="1" slack="2147483647"/>
</pin_list>
<bind>
<StgValue><ssdm name=""/></StgValue>
</bind>
</comp>

<comp id="44" class="1001" name="const_44">
<pin_list>
<pin id="45" dir="1" index="0" bw="1" slack="0"/>
</pin_list>
<bind>
<StgValue><ssdm name=""/></StgValue>
</bind>
</comp>

<comp id="46" class="1004" name="stateArray_cols_write_read_read_fu_46">
<pin_list>
<pin id="47" dir="0" index="0" bw="32" slack="0"/>
<pin id="48" dir="0" index="1" bw="32" slack="0"/>
<pin id="49" dir="1" index="2" bw="32" slack="0"/>
</pin_list>
<bind>
<opcode="read(1150) " fcode="read"/>
<opset="stateArray_cols_write_read/1 "/>
</bind>
</comp>

<comp id="52" class="1004" name="stateArray_rows_write_read_read_fu_52">
<pin_list>
<pin id="53" dir="0" index="0" bw="32" slack="0"/>
<pin id="54" dir="0" index="1" bw="32" slack="0"/>
<pin id="55" dir="1" index="2" bw="32" slack="0"/>
</pin_list>
<bind>
<opcode="read(1150) " fcode="read"/>
<opset="stateArray_rows_write_read/1 "/>
</bind>
</comp>

<comp id="58" class="1004" name="threshold_read_read_fu_58">
<pin_list>
<pin id="59" dir="0" index="0" bw="32" slack="0"/>
<pin id="60" dir="0" index="1" bw="32" slack="0"/>
<pin id="61" dir="1" index="2" bw="32" slack="0"/>
</pin_list>
<bind>
<opcode="read(1150) " fcode="read"/>
<opset="threshold_read/5 "/>
</bind>
</comp>

<comp id="64" class="1004" name="atomLocationsSize_read_read_fu_64">
<pin_list>
<pin id="65" dir="0" index="0" bw="32" slack="0"/>
<pin id="66" dir="0" index="1" bw="32" slack="0"/>
<pin id="67" dir="1" index="2" bw="32" slack="0"/>
</pin_list>
<bind>
<opcode="read(1150) " fcode="read"/>
<opset="atomLocationsSize_read/5 "/>
</bind>
</comp>

<comp id="70" class="1004" name="grp_emissions_to_statearray_Pipeline_VITIS_LOOP_342_1_fu_70">
<pin_list>
<pin id="71" dir="0" index="0" bw="0" slack="0"/>
<pin id="72" dir="0" index="1" bw="64" slack="0"/>
<pin id="73" dir="0" index="2" bw="1" slack="0"/>
<pin id="74" dir="1" index="3" bw="0" slack="2147483647"/>
</pin_list>
<bind>
<opcode="call(48) " fcode="call"/>
<opset="call_ln341/1 "/>
</bind>
</comp>

<comp id="77" class="1004" name="grp_emissions_to_statearray_Pipeline_VITIS_LOOP_348_2_fu_77">
<pin_list>
<pin id="78" dir="0" index="0" bw="0" slack="0"/>
<pin id="79" dir="0" index="1" bw="11" slack="2"/>
<pin id="80" dir="0" index="2" bw="1" slack="0"/>
<pin id="81" dir="1" index="3" bw="0" slack="2147483647"/>
</pin_list>
<bind>
<opcode="call(48) " fcode="call"/>
<opset="call_ln348/3 "/>
</bind>
</comp>

<comp id="84" class="1004" name="grp_emissions_to_statearray_Pipeline_VITIS_LOOP_20_1_fu_84">
<pin_list>
<pin id="85" dir="0" index="0" bw="0" slack="0"/>
<pin id="86" dir="0" index="1" bw="32" slack="0"/>
<pin id="87" dir="0" index="2" bw="32" slack="4"/>
<pin id="88" dir="0" index="3" bw="32" slack="4"/>
<pin id="89" dir="0" index="4" bw="32" slack="0"/>
<pin id="90" dir="0" index="5" bw="32" slack="0"/>
<pin id="91" dir="0" index="6" bw="32" slack="0"/>
<pin id="92" dir="0" index="7" bw="32" slack="0"/>
<pin id="93" dir="0" index="8" bw="32" slack="0"/>
<pin id="94" dir="0" index="9" bw="32" slack="0"/>
<pin id="95" dir="0" index="10" bw="32" slack="0"/>
<pin id="96" dir="0" index="11" bw="32" slack="0"/>
<pin id="97" dir="0" index="12" bw="31" slack="0"/>
<pin id="98" dir="0" index="13" bw="23" slack="0"/>
<pin id="99" dir="0" index="14" bw="32" slack="0"/>
<pin id="100" dir="0" index="15" bw="10" slack="4"/>
<pin id="101" dir="0" index="16" bw="1" slack="0"/>
<pin id="102" dir="1" index="17" bw="0" slack="2147483647"/>
</pin_list>
<bind>
<opcode="call(48) " fcode="call"/>
<opset="call_ln25/5 "/>
</bind>
</comp>

<comp id="115" class="1004" name="i_fu_115">
<pin_list>
<pin id="116" dir="0" index="0" bw="32" slack="0"/>
<pin id="117" dir="0" index="1" bw="32" slack="0"/>
<pin id="118" dir="1" index="2" bw="64" slack="0"/>
</pin_list>
<bind>
<opcode="mul(12) " fcode="mul"/>
<opset="i/1 "/>
</bind>
</comp>

<comp id="120" class="1004" name="sext_ln18_fu_120">
<pin_list>
<pin id="121" dir="0" index="0" bw="32" slack="0"/>
<pin id="122" dir="1" index="1" bw="64" slack="0"/>
</pin_list>
<bind>
<opcode="sext(35) " fcode="sext"/>
<opset="sext_ln18/1 "/>
</bind>
</comp>

<comp id="125" class="1004" name="sext_ln18_15_fu_125">
<pin_list>
<pin id="126" dir="0" index="0" bw="32" slack="0"/>
<pin id="127" dir="1" index="1" bw="64" slack="0"/>
</pin_list>
<bind>
<opcode="sext(35) " fcode="sext"/>
<opset="sext_ln18_15/1 "/>
</bind>
</comp>

<comp id="130" class="1004" name="trunc_ln0_fu_130">
<pin_list>
<pin id="131" dir="0" index="0" bw="32" slack="0"/>
<pin id="132" dir="1" index="1" bw="10" slack="4"/>
</pin_list>
<bind>
<opcode="trunc(33) " fcode="trunc"/>
<opset="trunc_ln0/1 "/>
</bind>
</comp>

<comp id="134" class="1004" name="trunc_ln348_fu_134">
<pin_list>
<pin id="135" dir="0" index="0" bw="64" slack="0"/>
<pin id="136" dir="1" index="1" bw="11" slack="2"/>
</pin_list>
<bind>
<opcode="trunc(33) " fcode="trunc"/>
<opset="trunc_ln348/1 "/>
</bind>
</comp>

<comp id="138" class="1004" name="bitcast_ln25_fu_138">
<pin_list>
<pin id="139" dir="0" index="0" bw="32" slack="0"/>
<pin id="140" dir="1" index="1" bw="32" slack="0"/>
</pin_list>
<bind>
<opcode="bitcast(44) " fcode="bitcast"/>
<opset="bitcast_ln25/5 "/>
</bind>
</comp>

<comp id="142" class="1004" name="trunc_ln25_fu_142">
<pin_list>
<pin id="143" dir="0" index="0" bw="32" slack="0"/>
<pin id="144" dir="1" index="1" bw="31" slack="0"/>
</pin_list>
<bind>
<opcode="trunc(33) " fcode="trunc"/>
<opset="trunc_ln25/5 "/>
</bind>
</comp>

<comp id="147" class="1004" name="trunc_ln25_2_fu_147">
<pin_list>
<pin id="148" dir="0" index="0" bw="32" slack="0"/>
<pin id="149" dir="1" index="1" bw="23" slack="0"/>
</pin_list>
<bind>
<opcode="trunc(33) " fcode="trunc"/>
<opset="trunc_ln25_2/5 "/>
</bind>
</comp>

<comp id="152" class="1004" name="mrv_fu_152">
<pin_list>
<pin id="153" dir="0" index="0" bw="128" slack="0"/>
<pin id="154" dir="0" index="1" bw="32" slack="5"/>
<pin id="155" dir="1" index="2" bw="128" slack="0"/>
</pin_list>
<bind>
<opcode="insertvalue(57) " fcode="insertvalue"/>
<opset="mrv/6 "/>
</bind>
</comp>

<comp id="157" class="1004" name="mrv_1_fu_157">
<pin_list>
<pin id="158" dir="0" index="0" bw="128" slack="0"/>
<pin id="159" dir="0" index="1" bw="32" slack="5"/>
<pin id="160" dir="1" index="2" bw="128" slack="2147483647"/>
</pin_list>
<bind>
<opcode="insertvalue(57) " fcode="insertvalue"/>
<opset="mrv_1/6 "/>
</bind>
</comp>

<comp id="162" class="1005" name="stateArray_cols_write_read_reg_162">
<pin_list>
<pin id="163" dir="0" index="0" bw="32" slack="4"/>
<pin id="164" dir="1" index="1" bw="32" slack="4"/>
</pin_list>
<bind>
<opset="stateArray_cols_write_read "/>
</bind>
</comp>

<comp id="167" class="1005" name="stateArray_rows_write_read_reg_167">
<pin_list>
<pin id="168" dir="0" index="0" bw="32" slack="4"/>
<pin id="169" dir="1" index="1" bw="32" slack="4"/>
</pin_list>
<bind>
<opset="stateArray_rows_write_read "/>
</bind>
</comp>

<comp id="172" class="1005" name="sext_ln18_reg_172">
<pin_list>
<pin id="173" dir="0" index="0" bw="64" slack="5"/>
<pin id="174" dir="1" index="1" bw="64" slack="5"/>
</pin_list>
<bind>
<opset="sext_ln18 "/>
</bind>
</comp>

<comp id="177" class="1005" name="sext_ln18_15_reg_177">
<pin_list>
<pin id="178" dir="0" index="0" bw="64" slack="5"/>
<pin id="179" dir="1" index="1" bw="64" slack="5"/>
</pin_list>
<bind>
<opset="sext_ln18_15 "/>
</bind>
</comp>

<comp id="182" class="1005" name="trunc_ln0_reg_182">
<pin_list>
<pin id="183" dir="0" index="0" bw="10" slack="4"/>
<pin id="184" dir="1" index="1" bw="10" slack="4"/>
</pin_list>
<bind>
<opset="trunc_ln0 "/>
</bind>
</comp>

<comp id="187" class="1005" name="i_reg_187">
<pin_list>
<pin id="188" dir="0" index="0" bw="64" slack="1"/>
<pin id="189" dir="1" index="1" bw="64" slack="1"/>
</pin_list>
<bind>
<opset="i "/>
</bind>
</comp>

<comp id="192" class="1005" name="trunc_ln348_reg_192">
<pin_list>
<pin id="193" dir="0" index="0" bw="11" slack="2"/>
<pin id="194" dir="1" index="1" bw="11" slack="2"/>
</pin_list>
<bind>
<opset="trunc_ln348 "/>
</bind>
</comp>

<comp id="197" class="1005" name="threshold_read_reg_197">
<pin_list>
<pin id="198" dir="0" index="0" bw="32" slack="1"/>
<pin id="199" dir="1" index="1" bw="32" slack="1"/>
</pin_list>
<bind>
<opset="threshold_read "/>
</bind>
</comp>

<comp id="202" class="1005" name="atomLocationsSize_read_reg_202">
<pin_list>
<pin id="203" dir="0" index="0" bw="32" slack="1"/>
<pin id="204" dir="1" index="1" bw="32" slack="1"/>
</pin_list>
<bind>
<opset="atomLocationsSize_read "/>
</bind>
</comp>

<comp id="207" class="1005" name="trunc_ln25_reg_207">
<pin_list>
<pin id="208" dir="0" index="0" bw="31" slack="1"/>
<pin id="209" dir="1" index="1" bw="31" slack="1"/>
</pin_list>
<bind>
<opset="trunc_ln25 "/>
</bind>
</comp>

<comp id="212" class="1005" name="trunc_ln25_2_reg_212">
<pin_list>
<pin id="213" dir="0" index="0" bw="23" slack="1"/>
<pin id="214" dir="1" index="1" bw="23" slack="1"/>
</pin_list>
<bind>
<opset="trunc_ln25_2 "/>
</bind>
</comp>

</comp_list>

<net_list>
<net id="50"><net_src comp="26" pin="0"/><net_sink comp="46" pin=0"/></net>

<net id="51"><net_src comp="20" pin="0"/><net_sink comp="46" pin=1"/></net>

<net id="56"><net_src comp="26" pin="0"/><net_sink comp="52" pin=0"/></net>

<net id="57"><net_src comp="18" pin="0"/><net_sink comp="52" pin=1"/></net>

<net id="62"><net_src comp="32" pin="0"/><net_sink comp="58" pin=0"/></net>

<net id="63"><net_src comp="22" pin="0"/><net_sink comp="58" pin=1"/></net>

<net id="68"><net_src comp="26" pin="0"/><net_sink comp="64" pin=0"/></net>

<net id="69"><net_src comp="16" pin="0"/><net_sink comp="64" pin=1"/></net>

<net id="75"><net_src comp="28" pin="0"/><net_sink comp="70" pin=0"/></net>

<net id="76"><net_src comp="24" pin="0"/><net_sink comp="70" pin=2"/></net>

<net id="82"><net_src comp="30" pin="0"/><net_sink comp="77" pin=0"/></net>

<net id="83"><net_src comp="24" pin="0"/><net_sink comp="77" pin=2"/></net>

<net id="103"><net_src comp="34" pin="0"/><net_sink comp="84" pin=0"/></net>

<net id="104"><net_src comp="64" pin="2"/><net_sink comp="84" pin=1"/></net>

<net id="105"><net_src comp="0" pin="0"/><net_sink comp="84" pin=4"/></net>

<net id="106"><net_src comp="2" pin="0"/><net_sink comp="84" pin=5"/></net>

<net id="107"><net_src comp="4" pin="0"/><net_sink comp="84" pin=6"/></net>

<net id="108"><net_src comp="6" pin="0"/><net_sink comp="84" pin=7"/></net>

<net id="109"><net_src comp="8" pin="0"/><net_sink comp="84" pin=8"/></net>

<net id="110"><net_src comp="10" pin="0"/><net_sink comp="84" pin=9"/></net>

<net id="111"><net_src comp="12" pin="0"/><net_sink comp="84" pin=10"/></net>

<net id="112"><net_src comp="14" pin="0"/><net_sink comp="84" pin=11"/></net>

<net id="113"><net_src comp="58" pin="2"/><net_sink comp="84" pin=14"/></net>

<net id="114"><net_src comp="24" pin="0"/><net_sink comp="84" pin=16"/></net>

<net id="119"><net_src comp="115" pin="2"/><net_sink comp="70" pin=1"/></net>

<net id="123"><net_src comp="52" pin="2"/><net_sink comp="120" pin=0"/></net>

<net id="124"><net_src comp="120" pin="1"/><net_sink comp="115" pin=1"/></net>

<net id="128"><net_src comp="46" pin="2"/><net_sink comp="125" pin=0"/></net>

<net id="129"><net_src comp="125" pin="1"/><net_sink comp="115" pin=0"/></net>

<net id="133"><net_src comp="46" pin="2"/><net_sink comp="130" pin=0"/></net>

<net id="137"><net_src comp="115" pin="2"/><net_sink comp="134" pin=0"/></net>

<net id="141"><net_src comp="58" pin="2"/><net_sink comp="138" pin=0"/></net>

<net id="145"><net_src comp="138" pin="1"/><net_sink comp="142" pin=0"/></net>

<net id="146"><net_src comp="142" pin="1"/><net_sink comp="84" pin=12"/></net>

<net id="150"><net_src comp="138" pin="1"/><net_sink comp="147" pin=0"/></net>

<net id="151"><net_src comp="147" pin="1"/><net_sink comp="84" pin=13"/></net>

<net id="156"><net_src comp="44" pin="0"/><net_sink comp="152" pin=0"/></net>

<net id="161"><net_src comp="152" pin="2"/><net_sink comp="157" pin=0"/></net>

<net id="165"><net_src comp="46" pin="2"/><net_sink comp="162" pin=0"/></net>

<net id="166"><net_src comp="162" pin="1"/><net_sink comp="84" pin=2"/></net>

<net id="170"><net_src comp="52" pin="2"/><net_sink comp="167" pin=0"/></net>

<net id="171"><net_src comp="167" pin="1"/><net_sink comp="84" pin=3"/></net>

<net id="175"><net_src comp="120" pin="1"/><net_sink comp="172" pin=0"/></net>

<net id="176"><net_src comp="172" pin="1"/><net_sink comp="152" pin=1"/></net>

<net id="180"><net_src comp="125" pin="1"/><net_sink comp="177" pin=0"/></net>

<net id="181"><net_src comp="177" pin="1"/><net_sink comp="157" pin=1"/></net>

<net id="185"><net_src comp="130" pin="1"/><net_sink comp="182" pin=0"/></net>

<net id="186"><net_src comp="182" pin="1"/><net_sink comp="84" pin=15"/></net>

<net id="190"><net_src comp="115" pin="2"/><net_sink comp="187" pin=0"/></net>

<net id="191"><net_src comp="187" pin="1"/><net_sink comp="70" pin=1"/></net>

<net id="195"><net_src comp="134" pin="1"/><net_sink comp="192" pin=0"/></net>

<net id="196"><net_src comp="192" pin="1"/><net_sink comp="77" pin=1"/></net>

<net id="200"><net_src comp="58" pin="2"/><net_sink comp="197" pin=0"/></net>

<net id="201"><net_src comp="197" pin="1"/><net_sink comp="84" pin=14"/></net>

<net id="205"><net_src comp="64" pin="2"/><net_sink comp="202" pin=0"/></net>

<net id="206"><net_src comp="202" pin="1"/><net_sink comp="84" pin=1"/></net>

<net id="210"><net_src comp="142" pin="1"/><net_sink comp="207" pin=0"/></net>

<net id="211"><net_src comp="207" pin="1"/><net_sink comp="84" pin=12"/></net>

<net id="215"><net_src comp="147" pin="1"/><net_sink comp="212" pin=0"/></net>

<net id="216"><net_src comp="212" pin="1"/><net_sink comp="84" pin=13"/></net>

</net_list>

</model> 
---------------- Datapath Model END ------------------

* FSMD analyzer results:
  - Output states:
	Port: stateArray_data_s | {1 2 3 4 5 6 }
 - Input state : 
	Port: emissions_to_statearray : emissions_0 | {5 6 }
	Port: emissions_to_statearray : emissions_1 | {5 6 }
	Port: emissions_to_statearray : emissions_2 | {5 6 }
	Port: emissions_to_statearray : emissions_3 | {5 6 }
	Port: emissions_to_statearray : emissions_4 | {5 6 }
	Port: emissions_to_statearray : emissions_5 | {5 6 }
	Port: emissions_to_statearray : emissions_6 | {5 6 }
	Port: emissions_to_statearray : emissions_7 | {5 6 }
	Port: emissions_to_statearray : atomLocationsSize | {5 }
	Port: emissions_to_statearray : stateArray_rows_write | {1 }
	Port: emissions_to_statearray : stateArray_cols_write | {1 }
	Port: emissions_to_statearray : threshold | {5 }
  - Chain level:
	State 1
		i : 1
		trunc_ln348 : 2
		call_ln341 : 2
	State 2
	State 3
	State 4
	State 5
		trunc_ln25 : 1
		trunc_ln25_2 : 1
		call_ln25 : 2
	State 6
		mrv_1 : 1
		ret_ln28 : 2


============================================================
+ Verbose Summary: Datapath Resource usage 
============================================================

* Functional unit list:
|----------|-------------------------------------------------------------|---------|---------|---------|---------|
| Operation|                       Functional Unit                       |   DSP   |  Delay  |    FF   |   LUT   |
|----------|-------------------------------------------------------------|---------|---------|---------|---------|
|          | grp_emissions_to_statearray_Pipeline_VITIS_LOOP_342_1_fu_70 |    0    |    0    |    11   |    89   |
|   call   | grp_emissions_to_statearray_Pipeline_VITIS_LOOP_348_2_fu_77 |    0    |    0    |    11   |    18   |
|          |  grp_emissions_to_statearray_Pipeline_VITIS_LOOP_20_1_fu_84 |    1    |  6.405  |   4930  |   3872  |
|----------|-------------------------------------------------------------|---------|---------|---------|---------|
|    mul   |                           i_fu_115                          |    4    |    0    |    0    |    20   |
|----------|-------------------------------------------------------------|---------|---------|---------|---------|
|          |            stateArray_cols_write_read_read_fu_46            |    0    |    0    |    0    |    0    |
|   read   |            stateArray_rows_write_read_read_fu_52            |    0    |    0    |    0    |    0    |
|          |                  threshold_read_read_fu_58                  |    0    |    0    |    0    |    0    |
|          |              atomLocationsSize_read_read_fu_64              |    0    |    0    |    0    |    0    |
|----------|-------------------------------------------------------------|---------|---------|---------|---------|
|   sext   |                       sext_ln18_fu_120                      |    0    |    0    |    0    |    0    |
|          |                     sext_ln18_15_fu_125                     |    0    |    0    |    0    |    0    |
|----------|-------------------------------------------------------------|---------|---------|---------|---------|
|          |                       trunc_ln0_fu_130                      |    0    |    0    |    0    |    0    |
|   trunc  |                      trunc_ln348_fu_134                     |    0    |    0    |    0    |    0    |
|          |                      trunc_ln25_fu_142                      |    0    |    0    |    0    |    0    |
|          |                     trunc_ln25_2_fu_147                     |    0    |    0    |    0    |    0    |
|----------|-------------------------------------------------------------|---------|---------|---------|---------|
|insertvalue|                          mrv_fu_152                         |    0    |    0    |    0    |    0    |
|          |                         mrv_1_fu_157                        |    0    |    0    |    0    |    0    |
|----------|-------------------------------------------------------------|---------|---------|---------|---------|
|   Total  |                                                             |    5    |  6.405  |   4952  |   3999  |
|----------|-------------------------------------------------------------|---------|---------|---------|---------|

Memories:
N/A

* Register list:
+----------------------------------+--------+
|                                  |   FF   |
+----------------------------------+--------+
|  atomLocationsSize_read_reg_202  |   32   |
|             i_reg_187            |   64   |
|       sext_ln18_15_reg_177       |   64   |
|         sext_ln18_reg_172        |   64   |
|stateArray_cols_write_read_reg_162|   32   |
|stateArray_rows_write_read_reg_167|   32   |
|      threshold_read_reg_197      |   32   |
|         trunc_ln0_reg_182        |   10   |
|       trunc_ln25_2_reg_212       |   23   |
|        trunc_ln25_reg_207        |   31   |
|        trunc_ln348_reg_192       |   11   |
+----------------------------------+--------+
|               Total              |   395  |
+----------------------------------+--------+

* Multiplexer (MUX) list: 
|-------------------------------------------------------------|------|------|------|--------||---------||---------||---------|
|                             Comp                            |  Pin | Size |  BW  | S x BW ||  Delay  ||    FF   ||   LUT   |
|-------------------------------------------------------------|------|------|------|--------||---------||---------||---------|
| grp_emissions_to_statearray_Pipeline_VITIS_LOOP_342_1_fu_70 |  p1  |   2  |  64  |   128  ||    0    ||    9    |
|  grp_emissions_to_statearray_Pipeline_VITIS_LOOP_20_1_fu_84 |  p1  |   2  |  32  |   64   ||    0    ||    9    |
|  grp_emissions_to_statearray_Pipeline_VITIS_LOOP_20_1_fu_84 |  p12 |   2  |  31  |   62   ||    0    ||    9    |
|  grp_emissions_to_statearray_Pipeline_VITIS_LOOP_20_1_fu_84 |  p13 |   2  |  23  |   46   ||    0    ||    9    |
|  grp_emissions_to_statearray_Pipeline_VITIS_LOOP_20_1_fu_84 |  p14 |   2  |  32  |   64   ||    0    ||    9    |
|-------------------------------------------------------------|------|------|------|--------||---------||---------||---------|
|                            Total                            |      |      |      |   364  ||  2.135  ||    0    ||    45   |
|-------------------------------------------------------------|------|------|------|--------||---------||---------||---------|



* Summary:
+-----------+--------+--------+--------+--------+
|           |   DSP  |  Delay |   FF   |   LUT  |
+-----------+--------+--------+--------+--------+
|  Function |    5   |    6   |  4952  |  3999  |
|   Memory  |    -   |    -   |    -   |    -   |
|Multiplexer|    -   |    2   |    0   |   45   |
|  Register |    -   |    -   |   395  |    -   |
+-----------+--------+--------+--------+--------+
|   Total   |    5   |    8   |  5347  |  4044  |
+-----------+--------+--------+--------+--------+
