

================================================================
== Vitis HLS Report for 'emissions_to_statearray_Pipeline_VITIS_LOOP_348_2'
================================================================
* Date:           Sat Mar 28 14:02:43 2026

* Version:        2024.2 (Build 5238294 on Nov  8 2024)
* Project:        atomflow_controller_2024_2
* Solution:       hls (Vivado IP Flow Target)
* Product family: zynquplusRFSOC
* Target device:  xczu49dr-ffvf1760-2-e


================================================================
== Performance Estimates
================================================================
+ Timing: 
    * Summary: 
    +--------+----------+----------+------------+
    |  Clock |  Target  | Estimated| Uncertainty|
    +--------+----------+----------+------------+
    |ap_clk  |  10.00 ns|  1.664 ns|     2.70 ns|
    +--------+----------+----------+------------+

+ Latency: 
    * Summary: 
    +---------+---------+-----------+-----------+-----+------+------------------------------------------------+
    |  Latency (cycles) |   Latency (absolute)  |  Interval  |                    Pipeline                    |
    |   min   |   max   |    min    |    max    | min |  max |                      Type                      |
    +---------+---------+-----------+-----------+-----+------+------------------------------------------------+
    |        2|     1026|  20.000 ns|  10.260 us|    1|  1025|  loop auto-rewind stp (delay=0 clock cycles(s))|
    +---------+---------+-----------+-----------+-----+------+------------------------------------------------+

    + Detail: 
        * Instance: 
        N/A

        * Loop: 
        +--------------------+---------+---------+----------+-----------+-----------+----------+----------+
        |                    |  Latency (cycles) | Iteration|  Initiation Interval  |   Trip   |          |
        |      Loop Name     |   min   |   max   |  Latency |  achieved |   target  |   Count  | Pipelined|
        +--------------------+---------+---------+----------+-----------+-----------+----------+----------+
        |- VITIS_LOOP_348_2  |        0|     1024|         1|          1|          1|  0 ~ 1024|       yes|
        +--------------------+---------+---------+----------+-----------+-----------+----------+----------+



================================================================
== Utilization Estimates
================================================================
* Summary: 
+-----------------+---------+------+--------+--------+-----+
|       Name      | BRAM_18K|  DSP |   FF   |   LUT  | URAM|
+-----------------+---------+------+--------+--------+-----+
|DSP              |        -|     -|       -|       -|    -|
|Expression       |        -|     -|       0|      18|    -|
|FIFO             |        -|     -|       -|       -|    -|
|Instance         |        -|     -|       -|       -|    -|
|Memory           |        -|     -|       -|       -|    -|
|Multiplexer      |        -|     -|       0|      27|    -|
|Register         |        -|     -|      13|       -|    -|
+-----------------+---------+------+--------+--------+-----+
|Total            |        0|     0|      13|      45|    0|
+-----------------+---------+------+--------+--------+-----+
|Available        |     2160|  4272|  850560|  425280|   80|
+-----------------+---------+------+--------+--------+-----+
|Utilization (%)  |        0|     0|      ~0|      ~0|    0|
+-----------------+---------+------+--------+--------+-----+

+ Detail: 
    * Instance: 
    N/A

    * DSP: 
    N/A

    * Memory: 
    N/A

    * FIFO: 
    N/A

    * Expression: 
    +----------------+----------+----+---+----+------------+------------+
    |  Variable Name | Operation| DSP| FF| LUT| Bitwidth P0| Bitwidth P1|
    +----------------+----------+----+---+----+------------+------------+
    |i_133_fu_93_p2  |         +|   0|  0|  18|          11|           1|
    +----------------+----------+----+---+----+------------+------------+
    |Total           |          |   0|  0|  18|          11|           1|
    +----------------+----------+----+---+----+------------+------------+

    * Multiplexer: 
    +------------------------+----+-----------+-----+-----------+
    |          Name          | LUT| Input Size| Bits| Total Bits|
    +------------------------+----+-----------+-----+-----------+
    |ap_done_int             |   9|          2|    1|          2|
    |ap_sig_allocacmp_i_132  |   9|          2|   11|         22|
    |i_fu_44                 |   9|          2|   11|         22|
    +------------------------+----+-----------+-----+-----------+
    |Total                   |  27|          6|   23|         46|
    +------------------------+----+-----------+-----+-----------+

    * Register: 
    +-------------+----+----+-----+-----------+
    |     Name    | FF | LUT| Bits| Const Bits|
    +-------------+----+----+-----+-----------+
    |ap_CS_fsm    |   1|   0|    1|          0|
    |ap_done_reg  |   1|   0|    1|          0|
    |i_fu_44      |  11|   0|   11|          0|
    +-------------+----+----+-----+-----------+
    |Total        |  13|   0|   13|          0|
    +-------------+----+----+-----+-----------+



================================================================
== Interface
================================================================
* Summary: 
+----------------------------+-----+-----+------------+---------------------------------------------------+--------------+
|          RTL Ports         | Dir | Bits|  Protocol  |                   Source Object                   |    C Type    |
+----------------------------+-----+-----+------------+---------------------------------------------------+--------------+
|ap_clk                      |   in|    1|  ap_ctrl_hs|  emissions_to_statearray_Pipeline_VITIS_LOOP_348_2|  return value|
|ap_rst                      |   in|    1|  ap_ctrl_hs|  emissions_to_statearray_Pipeline_VITIS_LOOP_348_2|  return value|
|ap_start                    |   in|    1|  ap_ctrl_hs|  emissions_to_statearray_Pipeline_VITIS_LOOP_348_2|  return value|
|ap_done                     |  out|    1|  ap_ctrl_hs|  emissions_to_statearray_Pipeline_VITIS_LOOP_348_2|  return value|
|ap_idle                     |  out|    1|  ap_ctrl_hs|  emissions_to_statearray_Pipeline_VITIS_LOOP_348_2|  return value|
|ap_ready                    |  out|    1|  ap_ctrl_hs|  emissions_to_statearray_Pipeline_VITIS_LOOP_348_2|  return value|
|empty                       |   in|   11|     ap_none|                                              empty|        scalar|
|stateArray_data_s_address1  |  out|   10|   ap_memory|                                  stateArray_data_s|         array|
|stateArray_data_s_ce1       |  out|    1|   ap_memory|                                  stateArray_data_s|         array|
|stateArray_data_s_we1       |  out|    1|   ap_memory|                                  stateArray_data_s|         array|
|stateArray_data_s_d1        |  out|    1|   ap_memory|                                  stateArray_data_s|         array|
+----------------------------+-----+-----+------------+---------------------------------------------------+--------------+

============================================================
+ Verbose Summary: Synthesis Manager
============================================================
InlineROM: 1
ExposeGlobal: 0
============================================================
+ Verbose Summary: CDFG Model
============================================================
IsTopModel: 0
ResetActiveHigh: 1
IsCombinational: 2
IsDatapathOnly: 2
HasWiredReturn: 1
HasMFsm: 2
HasVarLatency: 1
IsPipeline: 0
IsRtlPipelined: 0
IsInstanceOverlapped: 0
IsDontTouch: 0
HasImplIP: 0
IsGatedGlobalClock: 0

+ Individual pipeline summary: 
  * Pipeline-0: initiation interval (II) = 1, depth = 1


============================================================
+ Verbose Summary: Schedule
============================================================
* Number of FSM states : 1
* Pipeline : 1
  Pipeline-0 : II = 1, D = 1, States = { 1 }
* Dataflow Pipeline: 0

* FSM state transitions: 
1 --> 

* FSM state operations: 

State 1 <SV = 0> <Delay = 1.66>
ST_1 : Operation 4 [1/1] (0.00ns)   --->   "%i = alloca i32 1" [/home/xiaorang/Documents/ATOMFLOW/atomflow_controller/src/../../sorting-organized-main/src/sortLatticeByRow.hpp:348->/home/xiaorang/Documents/ATOMFLOW/atomflow_controller/atomflow_controller.cpp:18]   --->   Operation 4 'alloca' 'i' <Predicate = true> <Delay = 0.00>
ST_1 : Operation 5 [1/1] (0.00ns)   --->   "%specmemcore_ln0 = specmemcore void @_ssdm_op_SpecMemCore, i1 %stateArray_data_s, i64 666, i64 22, i64 18446744073709551615"   --->   Operation 5 'specmemcore' 'specmemcore_ln0' <Predicate = true> <Delay = 0.00>
ST_1 : Operation 6 [1/1] (0.00ns)   --->   "%tmp = read i11 @_ssdm_op_Read.ap_auto.i11, i11 %empty"   --->   Operation 6 'read' 'tmp' <Predicate = true> <Delay = 0.00>
ST_1 : Operation 7 [1/1] (0.42ns)   --->   "%store_ln348 = store i11 %tmp, i11 %i" [/home/xiaorang/Documents/ATOMFLOW/atomflow_controller/src/../../sorting-organized-main/src/sortLatticeByRow.hpp:348->/home/xiaorang/Documents/ATOMFLOW/atomflow_controller/atomflow_controller.cpp:18]   --->   Operation 7 'store' 'store_ln348' <Predicate = true> <Delay = 0.42>
ST_1 : Operation 8 [1/1] (0.00ns)   --->   "%br_ln0 = br void %for.inc11.i"   --->   Operation 8 'br' 'br_ln0' <Predicate = true> <Delay = 0.00>
ST_1 : Operation 9 [1/1] (0.00ns)   --->   "%i_132 = load i11 %i" [/home/xiaorang/Documents/ATOMFLOW/atomflow_controller/src/../../sorting-organized-main/src/sortLatticeByRow.hpp:348->/home/xiaorang/Documents/ATOMFLOW/atomflow_controller/atomflow_controller.cpp:18]   --->   Operation 9 'load' 'i_132' <Predicate = true> <Delay = 0.00>
ST_1 : Operation 10 [1/1] (0.00ns)   --->   "%tmp_560 = bitselect i1 @_ssdm_op_BitSelect.i1.i11.i32, i11 %i_132, i32 10" [/home/xiaorang/Documents/ATOMFLOW/atomflow_controller/src/../../sorting-organized-main/src/sortLatticeByRow.hpp:348->/home/xiaorang/Documents/ATOMFLOW/atomflow_controller/atomflow_controller.cpp:18]   --->   Operation 10 'bitselect' 'tmp_560' <Predicate = true> <Delay = 0.00>
ST_1 : Operation 11 [1/1] (0.00ns)   --->   "%br_ln348 = br i1 %tmp_560, void %for.inc11.i.split, void %for.body.preheader.exitStub" [/home/xiaorang/Documents/ATOMFLOW/atomflow_controller/src/../../sorting-organized-main/src/sortLatticeByRow.hpp:348->/home/xiaorang/Documents/ATOMFLOW/atomflow_controller/atomflow_controller.cpp:18]   --->   Operation 11 'br' 'br_ln348' <Predicate = true> <Delay = 0.00>
ST_1 : Operation 12 [1/1] (0.00ns)   --->   "%zext_ln348 = zext i11 %i_132" [/home/xiaorang/Documents/ATOMFLOW/atomflow_controller/src/../../sorting-organized-main/src/sortLatticeByRow.hpp:348->/home/xiaorang/Documents/ATOMFLOW/atomflow_controller/atomflow_controller.cpp:18]   --->   Operation 12 'zext' 'zext_ln348' <Predicate = (!tmp_560)> <Delay = 0.00>
ST_1 : Operation 13 [1/1] (0.00ns)   --->   "%specpipeline_ln348 = specpipeline void @_ssdm_op_SpecPipeline, i32 4294967295, i32 0, i32 0, i32 0, void @empty_18" [/home/xiaorang/Documents/ATOMFLOW/atomflow_controller/src/../../sorting-organized-main/src/sortLatticeByRow.hpp:348->/home/xiaorang/Documents/ATOMFLOW/atomflow_controller/atomflow_controller.cpp:18]   --->   Operation 13 'specpipeline' 'specpipeline_ln348' <Predicate = (!tmp_560)> <Delay = 0.00>
ST_1 : Operation 14 [1/1] (0.00ns)   --->   "%speclooptripcount_ln350 = speclooptripcount void @_ssdm_op_SpecLoopTripCount, i64 0, i64 1024, i64 512" [/home/xiaorang/Documents/ATOMFLOW/atomflow_controller/src/../../sorting-organized-main/src/sortLatticeByRow.hpp:350->/home/xiaorang/Documents/ATOMFLOW/atomflow_controller/atomflow_controller.cpp:18]   --->   Operation 14 'speclooptripcount' 'speclooptripcount_ln350' <Predicate = (!tmp_560)> <Delay = 0.00>
ST_1 : Operation 15 [1/1] (0.00ns)   --->   "%specloopname_ln348 = specloopname void @_ssdm_op_SpecLoopName, void @empty_87" [/home/xiaorang/Documents/ATOMFLOW/atomflow_controller/src/../../sorting-organized-main/src/sortLatticeByRow.hpp:348->/home/xiaorang/Documents/ATOMFLOW/atomflow_controller/atomflow_controller.cpp:18]   --->   Operation 15 'specloopname' 'specloopname_ln348' <Predicate = (!tmp_560)> <Delay = 0.00>
ST_1 : Operation 16 [1/1] (0.00ns)   --->   "%stateArray_data_addr_1 = getelementptr i1 %stateArray_data_s, i64 0, i64 %zext_ln348" [/home/xiaorang/Documents/ATOMFLOW/atomflow_controller/src/../../sorting-organized-main/src/sortLatticeByRow.hpp:352->/home/xiaorang/Documents/ATOMFLOW/atomflow_controller/atomflow_controller.cpp:18]   --->   Operation 16 'getelementptr' 'stateArray_data_addr_1' <Predicate = (!tmp_560)> <Delay = 0.00>
ST_1 : Operation 17 [1/1] ( I:1.23ns O:1.23ns )   --->   "%store_ln352 = store i1 0, i10 %stateArray_data_addr_1" [/home/xiaorang/Documents/ATOMFLOW/atomflow_controller/src/../../sorting-organized-main/src/sortLatticeByRow.hpp:352->/home/xiaorang/Documents/ATOMFLOW/atomflow_controller/atomflow_controller.cpp:18]   --->   Operation 17 'store' 'store_ln352' <Predicate = (!tmp_560)> <Delay = 1.23> <CoreInst = "RAM_2P_BRAM">   --->   Core 93 'RAM_2P_BRAM' <Latency = 1> <II = 1> <Delay = 1.23> <Storage> <Opcode : 'load' 'store'> <Ports = 2> <Width = 1> <Depth = 1024> <RAM>
ST_1 : Operation 18 [1/1] (0.79ns)   --->   "%i_133 = add i11 %i_132, i11 1" [/home/xiaorang/Documents/ATOMFLOW/atomflow_controller/src/../../sorting-organized-main/src/sortLatticeByRow.hpp:348->/home/xiaorang/Documents/ATOMFLOW/atomflow_controller/atomflow_controller.cpp:18]   --->   Operation 18 'add' 'i_133' <Predicate = (!tmp_560)> <Delay = 0.79> <CoreInst = "Adder">   --->   Core 1 'Adder' <Latency = 0> <II = 1> <Delay = 0.79> <FuncUnit> <Opcode : 'add' 'sub'> <InPorts = 2> <OutPorts = 1>
ST_1 : Operation 19 [1/1] (0.42ns)   --->   "%store_ln348 = store i11 %i_133, i11 %i" [/home/xiaorang/Documents/ATOMFLOW/atomflow_controller/src/../../sorting-organized-main/src/sortLatticeByRow.hpp:348->/home/xiaorang/Documents/ATOMFLOW/atomflow_controller/atomflow_controller.cpp:18]   --->   Operation 19 'store' 'store_ln348' <Predicate = (!tmp_560)> <Delay = 0.42>
ST_1 : Operation 20 [1/1] (0.00ns)   --->   "%br_ln348 = br void %for.inc11.i" [/home/xiaorang/Documents/ATOMFLOW/atomflow_controller/src/../../sorting-organized-main/src/sortLatticeByRow.hpp:348->/home/xiaorang/Documents/ATOMFLOW/atomflow_controller/atomflow_controller.cpp:18]   --->   Operation 20 'br' 'br_ln348' <Predicate = (!tmp_560)> <Delay = 0.00>
ST_1 : Operation 21 [1/1] (0.42ns)   --->   "%ret_ln0 = ret"   --->   Operation 21 'ret' 'ret_ln0' <Predicate = (tmp_560)> <Delay = 0.42>


============================================================
+ Verbose Summary: Binding
============================================================
STG Binding: 
---------------- STG Properties BEGIN ----------------
- Is combinational: 0
- Is one-state seq: 0
- Is datapath-only: 0
- Is pipelined: 0
- Is top level: 0
Port [ Return ] is wired: 1; IO mode=ap_ctrl_hs:ce=0
Port [ empty]:  wired=1; compound=0; hidden=0; nouse=0; global=0; static=0; extern=0; dir=0; type=0; pingpong=0; private_global=0; IO mode=ap_none:ce=0
Port [ stateArray_data_s]:  wired=1; compound=1; hidden=0; nouse=0; global=0; static=0; extern=0; dir=1; type=1; pingpong=0; private_global=0; MemPort=[30]; IO mode=ap_memory:ce=0
---------------- STG Properties END ------------------

---------------- Datapath Model BEGIN ----------------

<LifeTime>
<method=bitvector/>
i                       (alloca           ) [ 01]
specmemcore_ln0         (specmemcore      ) [ 00]
tmp                     (read             ) [ 00]
store_ln348             (store            ) [ 00]
br_ln0                  (br               ) [ 00]
i_132                   (load             ) [ 00]
tmp_560                 (bitselect        ) [ 01]
br_ln348                (br               ) [ 00]
zext_ln348              (zext             ) [ 00]
specpipeline_ln348      (specpipeline     ) [ 00]
speclooptripcount_ln350 (speclooptripcount) [ 00]
specloopname_ln348      (specloopname     ) [ 00]
stateArray_data_addr_1  (getelementptr    ) [ 00]
store_ln352             (store            ) [ 00]
i_133                   (add              ) [ 00]
store_ln348             (store            ) [ 00]
br_ln348                (br               ) [ 00]
ret_ln0                 (ret              ) [ 00]
</LifeTime>

<model>

<comp_list>
<comp id="0" class="1000" name="empty">
<pin_list>
<pin id="1" dir="1" index="0" bw="1" slack="0"/>
</pin_list>
<bind>
<StgValue><ssdm name="empty"/></StgValue>
</bind>
</comp>

<comp id="2" class="1000" name="stateArray_data_s">
<pin_list>
<pin id="3" dir="1" index="0" bw="1" slack="0"/>
</pin_list>
<bind>
<StgValue><ssdm name="stateArray_data_s"/><MemPortTyVec>3 0 </MemPortTyVec>
</StgValue>
</bind>
</comp>

<comp id="4" class="1001" name="const_4">
<pin_list>
<pin id="5" dir="1" index="0" bw="1" slack="0"/>
</pin_list>
<bind>
<StgValue><ssdm name=""/></StgValue>
</bind>
</comp>

<comp id="6" class="1001" name="const_6">
<pin_list>
<pin id="7" dir="1" index="0" bw="1" slack="2147483647"/>
</pin_list>
<bind>
<StgValue><ssdm name="_ssdm_op_SpecMemCore"/></StgValue>
</bind>
</comp>

<comp id="8" class="1001" name="const_8">
<pin_list>
<pin id="9" dir="1" index="0" bw="1" slack="2147483647"/>
</pin_list>
<bind>
<StgValue><ssdm name=""/></StgValue>
</bind>
</comp>

<comp id="10" class="1001" name="const_10">
<pin_list>
<pin id="11" dir="1" index="0" bw="1" slack="2147483647"/>
</pin_list>
<bind>
<StgValue><ssdm name=""/></StgValue>
</bind>
</comp>

<comp id="12" class="1001" name="const_12">
<pin_list>
<pin id="13" dir="1" index="0" bw="1" slack="2147483647"/>
</pin_list>
<bind>
<StgValue><ssdm name=""/></StgValue>
</bind>
</comp>

<comp id="14" class="1001" name="const_14">
<pin_list>
<pin id="15" dir="1" index="0" bw="1" slack="0"/>
</pin_list>
<bind>
<StgValue><ssdm name="_ssdm_op_Read.ap_auto.i11"/></StgValue>
</bind>
</comp>

<comp id="16" class="1001" name="const_16">
<pin_list>
<pin id="17" dir="1" index="0" bw="1" slack="0"/>
</pin_list>
<bind>
<StgValue><ssdm name="_ssdm_op_BitSelect.i1.i11.i32"/></StgValue>
</bind>
</comp>

<comp id="18" class="1001" name="const_18">
<pin_list>
<pin id="19" dir="1" index="0" bw="1" slack="0"/>
</pin_list>
<bind>
<StgValue><ssdm name=""/></StgValue>
</bind>
</comp>

<comp id="20" class="1001" name="const_20">
<pin_list>
<pin id="21" dir="1" index="0" bw="1" slack="2147483647"/>
</pin_list>
<bind>
<StgValue><ssdm name="_ssdm_op_SpecPipeline"/></StgValue>
</bind>
</comp>

<comp id="22" class="1001" name="const_22">
<pin_list>
<pin id="23" dir="1" index="0" bw="1" slack="2147483647"/>
</pin_list>
<bind>
<StgValue><ssdm name=""/></StgValue>
</bind>
</comp>

<comp id="24" class="1001" name="const_24">
<pin_list>
<pin id="25" dir="1" index="0" bw="1" slack="2147483647"/>
</pin_list>
<bind>
<StgValue><ssdm name=""/></StgValue>
</bind>
</comp>

<comp id="26" class="1001" name="const_26">
<pin_list>
<pin id="27" dir="1" index="0" bw="1" slack="2147483647"/>
</pin_list>
<bind>
<StgValue><ssdm name="empty_18"/></StgValue>
</bind>
</comp>

<comp id="28" class="1001" name="const_28">
<pin_list>
<pin id="29" dir="1" index="0" bw="1" slack="2147483647"/>
</pin_list>
<bind>
<StgValue><ssdm name="_ssdm_op_SpecLoopTripCount"/></StgValue>
</bind>
</comp>

<comp id="30" class="1001" name="const_30">
<pin_list>
<pin id="31" dir="1" index="0" bw="1" slack="0"/>
</pin_list>
<bind>
<StgValue><ssdm name=""/></StgValue>
</bind>
</comp>

<comp id="32" class="1001" name="const_32">
<pin_list>
<pin id="33" dir="1" index="0" bw="1" slack="2147483647"/>
</pin_list>
<bind>
<StgValue><ssdm name=""/></StgValue>
</bind>
</comp>

<comp id="34" class="1001" name="const_34">
<pin_list>
<pin id="35" dir="1" index="0" bw="1" slack="2147483647"/>
</pin_list>
<bind>
<StgValue><ssdm name=""/></StgValue>
</bind>
</comp>

<comp id="36" class="1001" name="const_36">
<pin_list>
<pin id="37" dir="1" index="0" bw="1" slack="2147483647"/>
</pin_list>
<bind>
<StgValue><ssdm name="_ssdm_op_SpecLoopName"/></StgValue>
</bind>
</comp>

<comp id="38" class="1001" name="const_38">
<pin_list>
<pin id="39" dir="1" index="0" bw="1" slack="2147483647"/>
</pin_list>
<bind>
<StgValue><ssdm name="empty_87"/></StgValue>
</bind>
</comp>

<comp id="40" class="1001" name="const_40">
<pin_list>
<pin id="41" dir="1" index="0" bw="1" slack="0"/>
</pin_list>
<bind>
<StgValue><ssdm name=""/></StgValue>
</bind>
</comp>

<comp id="42" class="1001" name="const_42">
<pin_list>
<pin id="43" dir="1" index="0" bw="1" slack="0"/>
</pin_list>
<bind>
<StgValue><ssdm name=""/></StgValue>
</bind>
</comp>

<comp id="44" class="1004" name="i_fu_44">
<pin_list>
<pin id="45" dir="0" index="0" bw="1" slack="0"/>
<pin id="46" dir="1" index="1" bw="11" slack="0"/>
</pin_list>
<bind>
<opcode="alloca(26) " fcode="alloca"/>
<opset="i/1 "/>
</bind>
</comp>

<comp id="48" class="1004" name="tmp_read_fu_48">
<pin_list>
<pin id="49" dir="0" index="0" bw="11" slack="0"/>
<pin id="50" dir="0" index="1" bw="11" slack="0"/>
<pin id="51" dir="1" index="2" bw="11" slack="0"/>
</pin_list>
<bind>
<opcode="read(1150) " fcode="read"/>
<opset="tmp/1 "/>
</bind>
</comp>

<comp id="54" class="1004" name="stateArray_data_addr_1_gep_fu_54">
<pin_list>
<pin id="55" dir="0" index="0" bw="1" slack="0"/>
<pin id="56" dir="0" index="1" bw="1" slack="0"/>
<pin id="57" dir="0" index="2" bw="11" slack="0"/>
<pin id="58" dir="1" index="3" bw="10" slack="0"/>
</pin_list>
<bind>
<opcode="getelementptr(29) " fcode="getelementptr"/>
<opset="stateArray_data_addr_1/1 "/>
</bind>
</comp>

<comp id="61" class="1004" name="store_ln352_access_fu_61">
<pin_list>
<pin id="62" dir="0" index="0" bw="10" slack="2147483647"/>
<pin id="63" dir="0" index="1" bw="1" slack="2147483647"/>
<pin id="64" dir="0" index="2" bw="0" slack="0"/>
<pin id="66" dir="0" index="4" bw="10" slack="0"/>
<pin id="67" dir="0" index="5" bw="1" slack="2147483647"/>
<pin id="68" dir="0" index="6" bw="0" slack="2147483647"/>
<pin id="65" dir="1" index="3" bw="1" slack="2147483647"/>
<pin id="69" dir="1" index="7" bw="1" slack="2147483647"/>
</pin_list>
<bind>
<opcode="store(28) " fcode="store"/>
<opset="store_ln352/1 "/>
</bind>
</comp>

<comp id="72" class="1004" name="store_ln348_store_fu_72">
<pin_list>
<pin id="73" dir="0" index="0" bw="11" slack="0"/>
<pin id="74" dir="0" index="1" bw="11" slack="0"/>
<pin id="75" dir="1" index="2" bw="0" slack="2147483647"/>
</pin_list>
<bind>
<opcode="store(28) " fcode="store"/>
<opset="store_ln348/1 "/>
</bind>
</comp>

<comp id="77" class="1004" name="i_132_load_fu_77">
<pin_list>
<pin id="78" dir="0" index="0" bw="11" slack="0"/>
<pin id="79" dir="1" index="1" bw="11" slack="0"/>
</pin_list>
<bind>
<opcode="load(27) " fcode="load"/>
<opset="i_132/1 "/>
</bind>
</comp>

<comp id="80" class="1004" name="tmp_560_fu_80">
<pin_list>
<pin id="81" dir="0" index="0" bw="1" slack="0"/>
<pin id="82" dir="0" index="1" bw="11" slack="0"/>
<pin id="83" dir="0" index="2" bw="5" slack="0"/>
<pin id="84" dir="1" index="3" bw="1" slack="2147483647"/>
</pin_list>
<bind>
<opcode="bitselect(1000) " fcode="bitselect"/>
<opset="tmp_560/1 "/>
</bind>
</comp>

<comp id="88" class="1004" name="zext_ln348_fu_88">
<pin_list>
<pin id="89" dir="0" index="0" bw="11" slack="0"/>
<pin id="90" dir="1" index="1" bw="64" slack="0"/>
</pin_list>
<bind>
<opcode="zext(34) " fcode="zext"/>
<opset="zext_ln348/1 "/>
</bind>
</comp>

<comp id="93" class="1004" name="i_133_fu_93">
<pin_list>
<pin id="94" dir="0" index="0" bw="11" slack="0"/>
<pin id="95" dir="0" index="1" bw="1" slack="0"/>
<pin id="96" dir="1" index="2" bw="11" slack="0"/>
</pin_list>
<bind>
<opcode="add(8) " fcode="add"/>
<opset="i_133/1 "/>
</bind>
</comp>

<comp id="99" class="1004" name="store_ln348_store_fu_99">
<pin_list>
<pin id="100" dir="0" index="0" bw="11" slack="0"/>
<pin id="101" dir="0" index="1" bw="11" slack="0"/>
<pin id="102" dir="1" index="2" bw="0" slack="2147483647"/>
</pin_list>
<bind>
<opcode="store(28) " fcode="store"/>
<opset="store_ln348/1 "/>
</bind>
</comp>

<comp id="104" class="1005" name="i_reg_104">
<pin_list>
<pin id="105" dir="0" index="0" bw="11" slack="0"/>
<pin id="106" dir="1" index="1" bw="11" slack="0"/>
</pin_list>
<bind>
<opset="i "/>
</bind>
</comp>

</comp_list>

<net_list>
<net id="47"><net_src comp="4" pin="0"/><net_sink comp="44" pin=0"/></net>

<net id="52"><net_src comp="14" pin="0"/><net_sink comp="48" pin=0"/></net>

<net id="53"><net_src comp="0" pin="0"/><net_sink comp="48" pin=1"/></net>

<net id="59"><net_src comp="2" pin="0"/><net_sink comp="54" pin=0"/></net>

<net id="60"><net_src comp="30" pin="0"/><net_sink comp="54" pin=1"/></net>

<net id="70"><net_src comp="40" pin="0"/><net_sink comp="61" pin=4"/></net>

<net id="71"><net_src comp="54" pin="3"/><net_sink comp="61" pin=2"/></net>

<net id="76"><net_src comp="48" pin="2"/><net_sink comp="72" pin=0"/></net>

<net id="85"><net_src comp="16" pin="0"/><net_sink comp="80" pin=0"/></net>

<net id="86"><net_src comp="77" pin="1"/><net_sink comp="80" pin=1"/></net>

<net id="87"><net_src comp="18" pin="0"/><net_sink comp="80" pin=2"/></net>

<net id="91"><net_src comp="77" pin="1"/><net_sink comp="88" pin=0"/></net>

<net id="92"><net_src comp="88" pin="1"/><net_sink comp="54" pin=2"/></net>

<net id="97"><net_src comp="77" pin="1"/><net_sink comp="93" pin=0"/></net>

<net id="98"><net_src comp="42" pin="0"/><net_sink comp="93" pin=1"/></net>

<net id="103"><net_src comp="93" pin="2"/><net_sink comp="99" pin=0"/></net>

<net id="107"><net_src comp="44" pin="1"/><net_sink comp="104" pin=0"/></net>

<net id="108"><net_src comp="104" pin="1"/><net_sink comp="72" pin=1"/></net>

<net id="109"><net_src comp="104" pin="1"/><net_sink comp="77" pin=0"/></net>

<net id="110"><net_src comp="104" pin="1"/><net_sink comp="99" pin=1"/></net>

</net_list>

</model> 
---------------- Datapath Model END ------------------

* FSMD analyzer results:
  - Output states:
	Port: stateArray_data_s | {1 }
 - Input state : 
	Port: emissions_to_statearray_Pipeline_VITIS_LOOP_348_2 : empty | {1 }
	Port: emissions_to_statearray_Pipeline_VITIS_LOOP_348_2 : stateArray_data_s | {}
  - Chain level:
	State 1
		i_132 : 1
		tmp_560 : 2
		br_ln348 : 3
		zext_ln348 : 2
		stateArray_data_addr_1 : 3
		store_ln352 : 4
		i_133 : 2
		store_ln348 : 3


============================================================
+ Verbose Summary: Datapath Resource usage 
============================================================

* Functional unit list:
|----------|------------------|---------|---------|
| Operation|  Functional Unit |    FF   |   LUT   |
|----------|------------------|---------|---------|
|    add   |    i_133_fu_93   |    0    |    18   |
|----------|------------------|---------|---------|
|   read   |  tmp_read_fu_48  |    0    |    0    |
|----------|------------------|---------|---------|
| bitselect|   tmp_560_fu_80  |    0    |    0    |
|----------|------------------|---------|---------|
|   zext   | zext_ln348_fu_88 |    0    |    0    |
|----------|------------------|---------|---------|
|   Total  |                  |    0    |    18   |
|----------|------------------|---------|---------|

Memories:
N/A

* Register list:
+---------+--------+
|         |   FF   |
+---------+--------+
|i_reg_104|   11   |
+---------+--------+
|  Total  |   11   |
+---------+--------+

* Multiplexer (MUX) list: 
|--------|------|------|------|--------|
|  Comp  |  Pin | Size |  BW  | S x BW |
|--------|------|------|------|--------|
|  Total |      |      |      |    0   |
|--------|------|------|------|--------|



* Summary:
+-----------+--------+--------+
|           |   FF   |   LUT  |
+-----------+--------+--------+
|  Function |    0   |   18   |
|   Memory  |    -   |    -   |
|Multiplexer|    -   |    -   |
|  Register |   11   |    -   |
+-----------+--------+--------+
|   Total   |   11   |   18   |
+-----------+--------+--------+
