

================================================================
== Vitis HLS Report for 'execute_Pipeline_VITIS_LOOP_106_1'
================================================================
* Date:           Sat Mar 28 14:02:28 2026

* Version:        2024.2 (Build 5238294 on Nov  8 2024)
* Project:        atomflow_controller_2024_2
* Solution:       hls (Vivado IP Flow Target)
* Product family: zynquplusRFSOC
* Target device:  xczu49dr-ffvf1760-2-e


================================================================
== Performance Estimates
================================================================
+ Timing: 
    * Summary: 
    +--------+----------+----------+------------+
    |  Clock |  Target  | Estimated| Uncertainty|
    +--------+----------+----------+------------+
    |ap_clk  |  10.00 ns|  3.238 ns|     2.70 ns|
    +--------+----------+----------+------------+

+ Latency: 
    * Summary: 
    +---------+---------+-----------+----------+-----+-----+------------------------------------------------+
    |  Latency (cycles) |  Latency (absolute)  |  Interval |                    Pipeline                    |
    |   min   |   max   |    min    |    max   | min | max |                      Type                      |
    +---------+---------+-----------+----------+-----+-----+------------------------------------------------+
    |        5|       35|  50.000 ns|  0.350 us|    4|   34|  loop auto-rewind stp (delay=0 clock cycles(s))|
    +---------+---------+-----------+----------+-----+-----+------------------------------------------------+

    + Detail: 
        * Instance: 
        N/A

        * Loop: 
        +--------------------+---------+---------+----------+-----------+-----------+--------+----------+
        |                    |  Latency (cycles) | Iteration|  Initiation Interval  |  Trip  |          |
        |      Loop Name     |   min   |   max   |  Latency |  achieved |   target  |  Count | Pipelined|
        +--------------------+---------+---------+----------+-----------+-----------+--------+----------+
        |- VITIS_LOOP_106_1  |        3|       33|         2|          2|          1|  1 ~ 16|       yes|
        +--------------------+---------+---------+----------+-----------+-----------+--------+----------+

============================================================
+ Verbose Summary: Synthesis Manager
============================================================
InlineROM: 1
ExposeGlobal: 0
============================================================
+ Verbose Summary: CDFG Model
============================================================
IsTopModel: 0
ResetActiveHigh: 1
IsCombinational: 0
IsDatapathOnly: 0
HasWiredReturn: 1
HasMFsm: 2
HasVarLatency: 1
IsPipeline: 0
IsRtlPipelined: 0
IsInstanceOverlapped: 0
IsDontTouch: 0
HasImplIP: 0
IsGatedGlobalClock: 0

+ Individual pipeline summary: 
  * Pipeline-0: initiation interval (II) = 2, depth = 2


============================================================
+ Verbose Summary: Schedule
============================================================
* Number of FSM states : 2
* Pipeline : 1
  Pipeline-0 : II = 2, D = 2, States = { 1 2 }
* Dataflow Pipeline: 0

* FSM state transitions: 
1 --> 2 
2 --> 

* FSM state operations: 

State 1 <SV = 0> <Delay = 3.23>
ST_1 : Operation 5 [1/1] (0.00ns)   --->   "%i = alloca i32 1" [/home/xiaorang/Documents/ATOMFLOW/sorting-organized-main/src/sortLatticeByRow.cpp:106->/home/xiaorang/Documents/ATOMFLOW/sorting-organized-main/src/sortLatticeByRow.cpp:2137]   --->   Operation 5 'alloca' 'i' <Predicate = true> <Delay = 0.00>
ST_1 : Operation 6 [1/1] (0.00ns)   --->   "%specbramwithbyteenable_ln0 = specbramwithbyteenable void @_ssdm_op_SpecBRAMWithByteEnable, i16 %move"   --->   Operation 6 'specbramwithbyteenable' 'specbramwithbyteenable_ln0' <Predicate = true> <Delay = 0.00>
ST_1 : Operation 7 [1/1] (0.00ns)   --->   "%mul_ln2136_read = read i11 @_ssdm_op_Read.ap_auto.i11, i11 %mul_ln2136"   --->   Operation 7 'read' 'mul_ln2136_read' <Predicate = true> <Delay = 0.00>
ST_1 : Operation 8 [1/1] (0.00ns)   --->   "%count_assign_read = read i8 @_ssdm_op_Read.ap_auto.i8, i8 %count_assign"   --->   Operation 8 'read' 'count_assign_read' <Predicate = true> <Delay = 0.00>
ST_1 : Operation 9 [1/1] (0.42ns)   --->   "%store_ln106 = store i8 1, i8 %i" [/home/xiaorang/Documents/ATOMFLOW/sorting-organized-main/src/sortLatticeByRow.cpp:106->/home/xiaorang/Documents/ATOMFLOW/sorting-organized-main/src/sortLatticeByRow.cpp:2137]   --->   Operation 9 'store' 'store_ln106' <Predicate = true> <Delay = 0.42>
ST_1 : Operation 10 [1/1] (0.00ns)   --->   "%br_ln0 = br void %for.body.i"   --->   Operation 10 'br' 'br_ln0' <Predicate = true> <Delay = 0.00>
ST_1 : Operation 11 [1/1] (0.00ns)   --->   "%i_130 = load i8 %i" [/home/xiaorang/Documents/ATOMFLOW/sorting-organized-main/src/sortLatticeByRow.cpp:106->/home/xiaorang/Documents/ATOMFLOW/sorting-organized-main/src/sortLatticeByRow.cpp:2137]   --->   Operation 11 'load' 'i_130' <Predicate = true> <Delay = 0.00>
ST_1 : Operation 12 [1/1] (0.76ns)   --->   "%icmp_ln106 = icmp_ult  i8 %i_130, i8 %count_assign_read" [/home/xiaorang/Documents/ATOMFLOW/sorting-organized-main/src/sortLatticeByRow.cpp:106->/home/xiaorang/Documents/ATOMFLOW/sorting-organized-main/src/sortLatticeByRow.cpp:2137]   --->   Operation 12 'icmp' 'icmp_ln106' <Predicate = true> <Delay = 0.76> <CoreInst = "Cmp">   --->   Core 9 'Cmp' <Latency = 0> <II = 1> <Delay = 0.76> <FuncUnit> <Opcode : 'seteq' 'setne' 'setle' 'setge' 'setlt' 'setgt'> <InPorts = 2> <OutPorts = 1>
ST_1 : Operation 13 [1/1] (0.42ns)   --->   "%br_ln106 = br i1 %icmp_ln106, void %if.end41.loopexit.exitStub, void %for.body.i.split" [/home/xiaorang/Documents/ATOMFLOW/sorting-organized-main/src/sortLatticeByRow.cpp:106->/home/xiaorang/Documents/ATOMFLOW/sorting-organized-main/src/sortLatticeByRow.cpp:2137]   --->   Operation 13 'br' 'br_ln106' <Predicate = true> <Delay = 0.42>
ST_1 : Operation 14 [1/1] (0.00ns)   --->   "%shl_ln = bitconcatenate i9 @_ssdm_op_BitConcatenate.i9.i8.i1, i8 %i_130, i1 0" [/home/xiaorang/Documents/ATOMFLOW/sorting-organized-main/src/sortLatticeByRow.cpp:112->/home/xiaorang/Documents/ATOMFLOW/sorting-organized-main/src/sortLatticeByRow.cpp:2137]   --->   Operation 14 'bitconcatenate' 'shl_ln' <Predicate = (icmp_ln106)> <Delay = 0.00>
ST_1 : Operation 15 [1/1] (0.00ns)   --->   "%zext_ln112_2 = zext i9 %shl_ln" [/home/xiaorang/Documents/ATOMFLOW/sorting-organized-main/src/sortLatticeByRow.cpp:112->/home/xiaorang/Documents/ATOMFLOW/sorting-organized-main/src/sortLatticeByRow.cpp:2137]   --->   Operation 15 'zext' 'zext_ln112_2' <Predicate = (icmp_ln106)> <Delay = 0.00>
ST_1 : Operation 16 [1/1] (0.77ns)   --->   "%add_ln112_1 = add i10 %zext_ln112_2, i10 32" [/home/xiaorang/Documents/ATOMFLOW/sorting-organized-main/src/sortLatticeByRow.cpp:112->/home/xiaorang/Documents/ATOMFLOW/sorting-organized-main/src/sortLatticeByRow.cpp:2137]   --->   Operation 16 'add' 'add_ln112_1' <Predicate = (icmp_ln106)> <Delay = 0.77> <CoreInst = "Adder">   --->   Core 1 'Adder' <Latency = 0> <II = 1> <Delay = 0.77> <FuncUnit> <Opcode : 'add' 'sub'> <InPorts = 2> <OutPorts = 1>
ST_1 : Operation 17 [1/1] (0.00ns)   --->   "%zext_ln112_4 = zext i10 %add_ln112_1" [/home/xiaorang/Documents/ATOMFLOW/sorting-organized-main/src/sortLatticeByRow.cpp:112->/home/xiaorang/Documents/ATOMFLOW/sorting-organized-main/src/sortLatticeByRow.cpp:2137]   --->   Operation 17 'zext' 'zext_ln112_4' <Predicate = (icmp_ln106)> <Delay = 0.00>
ST_1 : Operation 18 [1/1] (0.79ns)   --->   "%add_ln112 = add i11 %zext_ln112_4, i11 %mul_ln2136_read" [/home/xiaorang/Documents/ATOMFLOW/sorting-organized-main/src/sortLatticeByRow.cpp:112->/home/xiaorang/Documents/ATOMFLOW/sorting-organized-main/src/sortLatticeByRow.cpp:2137]   --->   Operation 18 'add' 'add_ln112' <Predicate = (icmp_ln106)> <Delay = 0.79> <CoreInst = "Adder">   --->   Core 1 'Adder' <Latency = 0> <II = 1> <Delay = 0.79> <FuncUnit> <Opcode : 'add' 'sub'> <InPorts = 2> <OutPorts = 1>
ST_1 : Operation 19 [1/1] (0.00ns)   --->   "%lshr_ln = partselect i10 @_ssdm_op_PartSelect.i10.i11.i32.i32, i11 %add_ln112, i32 1, i32 10" [/home/xiaorang/Documents/ATOMFLOW/sorting-organized-main/src/sortLatticeByRow.cpp:112->/home/xiaorang/Documents/ATOMFLOW/sorting-organized-main/src/sortLatticeByRow.cpp:2137]   --->   Operation 19 'partselect' 'lshr_ln' <Predicate = (icmp_ln106)> <Delay = 0.00>
ST_1 : Operation 20 [1/1] (0.00ns)   --->   "%zext_ln112_3 = zext i10 %lshr_ln" [/home/xiaorang/Documents/ATOMFLOW/sorting-organized-main/src/sortLatticeByRow.cpp:112->/home/xiaorang/Documents/ATOMFLOW/sorting-organized-main/src/sortLatticeByRow.cpp:2137]   --->   Operation 20 'zext' 'zext_ln112_3' <Predicate = (icmp_ln106)> <Delay = 0.00>
ST_1 : Operation 21 [1/1] (0.00ns)   --->   "%move_addr = getelementptr i16 %move, i64 0, i64 %zext_ln112_3" [/home/xiaorang/Documents/ATOMFLOW/sorting-organized-main/src/sortLatticeByRow.cpp:112->/home/xiaorang/Documents/ATOMFLOW/sorting-organized-main/src/sortLatticeByRow.cpp:2137]   --->   Operation 21 'getelementptr' 'move_addr' <Predicate = (icmp_ln106)> <Delay = 0.00>
ST_1 : Operation 22 [2/2] (1.23ns)   --->   "%move_load_7 = load i10 %move_addr" [/home/xiaorang/Documents/ATOMFLOW/sorting-organized-main/src/sortLatticeByRow.cpp:112->/home/xiaorang/Documents/ATOMFLOW/sorting-organized-main/src/sortLatticeByRow.cpp:2137]   --->   Operation 22 'load' 'move_load_7' <Predicate = (icmp_ln106)> <Delay = 1.23> <CoreInst = "RAM">   --->   Core 82 'RAM' <Latency = 1> <II = 1> <Delay = 1.23> <Storage> <Opcode : 'load' 'store'> <Ports = 2> <Width = 16> <Depth = 661> <RAM>
ST_1 : Operation 23 [1/1] (0.77ns)   --->   "%add_ln112_3 = add i10 %zext_ln112_2, i10 30" [/home/xiaorang/Documents/ATOMFLOW/sorting-organized-main/src/sortLatticeByRow.cpp:112->/home/xiaorang/Documents/ATOMFLOW/sorting-organized-main/src/sortLatticeByRow.cpp:2137]   --->   Operation 23 'add' 'add_ln112_3' <Predicate = (icmp_ln106)> <Delay = 0.77> <CoreInst = "Adder">   --->   Core 1 'Adder' <Latency = 0> <II = 1> <Delay = 0.77> <FuncUnit> <Opcode : 'add' 'sub'> <InPorts = 2> <OutPorts = 1>
ST_1 : Operation 24 [1/1] (0.00ns)   --->   "%zext_ln112_5 = zext i10 %add_ln112_3" [/home/xiaorang/Documents/ATOMFLOW/sorting-organized-main/src/sortLatticeByRow.cpp:112->/home/xiaorang/Documents/ATOMFLOW/sorting-organized-main/src/sortLatticeByRow.cpp:2137]   --->   Operation 24 'zext' 'zext_ln112_5' <Predicate = (icmp_ln106)> <Delay = 0.00>
ST_1 : Operation 25 [1/1] (0.79ns)   --->   "%add_ln112_2 = add i11 %zext_ln112_5, i11 %mul_ln2136_read" [/home/xiaorang/Documents/ATOMFLOW/sorting-organized-main/src/sortLatticeByRow.cpp:112->/home/xiaorang/Documents/ATOMFLOW/sorting-organized-main/src/sortLatticeByRow.cpp:2137]   --->   Operation 25 'add' 'add_ln112_2' <Predicate = (icmp_ln106)> <Delay = 0.79> <CoreInst = "Adder">   --->   Core 1 'Adder' <Latency = 0> <II = 1> <Delay = 0.79> <FuncUnit> <Opcode : 'add' 'sub'> <InPorts = 2> <OutPorts = 1>
ST_1 : Operation 26 [1/1] (0.00ns)   --->   "%lshr_ln112_2 = partselect i10 @_ssdm_op_PartSelect.i10.i11.i32.i32, i11 %add_ln112_2, i32 1, i32 10" [/home/xiaorang/Documents/ATOMFLOW/sorting-organized-main/src/sortLatticeByRow.cpp:112->/home/xiaorang/Documents/ATOMFLOW/sorting-organized-main/src/sortLatticeByRow.cpp:2137]   --->   Operation 26 'partselect' 'lshr_ln112_2' <Predicate = (icmp_ln106)> <Delay = 0.00>
ST_1 : Operation 27 [1/1] (0.00ns)   --->   "%zext_ln112 = zext i10 %lshr_ln112_2" [/home/xiaorang/Documents/ATOMFLOW/sorting-organized-main/src/sortLatticeByRow.cpp:112->/home/xiaorang/Documents/ATOMFLOW/sorting-organized-main/src/sortLatticeByRow.cpp:2137]   --->   Operation 27 'zext' 'zext_ln112' <Predicate = (icmp_ln106)> <Delay = 0.00>
ST_1 : Operation 28 [1/1] (0.00ns)   --->   "%move_addr_201 = getelementptr i16 %move, i64 0, i64 %zext_ln112" [/home/xiaorang/Documents/ATOMFLOW/sorting-organized-main/src/sortLatticeByRow.cpp:112->/home/xiaorang/Documents/ATOMFLOW/sorting-organized-main/src/sortLatticeByRow.cpp:2137]   --->   Operation 28 'getelementptr' 'move_addr_201' <Predicate = (icmp_ln106)> <Delay = 0.00>
ST_1 : Operation 29 [2/2] (1.23ns)   --->   "%move_load_8 = load i10 %move_addr_201" [/home/xiaorang/Documents/ATOMFLOW/sorting-organized-main/src/sortLatticeByRow.cpp:112->/home/xiaorang/Documents/ATOMFLOW/sorting-organized-main/src/sortLatticeByRow.cpp:2137]   --->   Operation 29 'load' 'move_load_8' <Predicate = (icmp_ln106)> <Delay = 1.23> <CoreInst = "RAM">   --->   Core 82 'RAM' <Latency = 1> <II = 1> <Delay = 1.23> <Storage> <Opcode : 'load' 'store'> <Ports = 2> <Width = 16> <Depth = 661> <RAM>

State 2 <SV = 1> <Delay = 2.51>
ST_2 : Operation 30 [1/1] (0.00ns)   --->   "%specpipeline_ln108 = specpipeline void @_ssdm_op_SpecPipeline, i32 1, i32 0, i32 0, i32 0, void @empty_18" [/home/xiaorang/Documents/ATOMFLOW/sorting-organized-main/src/sortLatticeByRow.cpp:108->/home/xiaorang/Documents/ATOMFLOW/sorting-organized-main/src/sortLatticeByRow.cpp:2137]   --->   Operation 30 'specpipeline' 'specpipeline_ln108' <Predicate = (icmp_ln106)> <Delay = 0.00>
ST_2 : Operation 31 [1/1] (0.00ns)   --->   "%speclooptripcount_ln109 = speclooptripcount void @_ssdm_op_SpecLoopTripCount, i64 1, i64 16, i64 8" [/home/xiaorang/Documents/ATOMFLOW/sorting-organized-main/src/sortLatticeByRow.cpp:109->/home/xiaorang/Documents/ATOMFLOW/sorting-organized-main/src/sortLatticeByRow.cpp:2137]   --->   Operation 31 'speclooptripcount' 'speclooptripcount_ln109' <Predicate = (icmp_ln106)> <Delay = 0.00>
ST_2 : Operation 32 [1/1] (0.00ns)   --->   "%specloopname_ln106 = specloopname void @_ssdm_op_SpecLoopName, void @empty_90" [/home/xiaorang/Documents/ATOMFLOW/sorting-organized-main/src/sortLatticeByRow.cpp:106->/home/xiaorang/Documents/ATOMFLOW/sorting-organized-main/src/sortLatticeByRow.cpp:2137]   --->   Operation 32 'specloopname' 'specloopname_ln106' <Predicate = (icmp_ln106)> <Delay = 0.00>
ST_2 : Operation 33 [1/2] ( I:1.23ns O:1.23ns )   --->   "%move_load_7 = load i10 %move_addr" [/home/xiaorang/Documents/ATOMFLOW/sorting-organized-main/src/sortLatticeByRow.cpp:112->/home/xiaorang/Documents/ATOMFLOW/sorting-organized-main/src/sortLatticeByRow.cpp:2137]   --->   Operation 33 'load' 'move_load_7' <Predicate = (icmp_ln106)> <Delay = 1.23> <CoreInst = "RAM">   --->   Core 82 'RAM' <Latency = 1> <II = 1> <Delay = 1.23> <Storage> <Opcode : 'load' 'store'> <Ports = 2> <Width = 16> <Depth = 661> <RAM>
ST_2 : Operation 34 [1/2] ( I:1.23ns O:1.23ns )   --->   "%move_load_8 = load i10 %move_addr_201" [/home/xiaorang/Documents/ATOMFLOW/sorting-organized-main/src/sortLatticeByRow.cpp:112->/home/xiaorang/Documents/ATOMFLOW/sorting-organized-main/src/sortLatticeByRow.cpp:2137]   --->   Operation 34 'load' 'move_load_8' <Predicate = (icmp_ln106)> <Delay = 1.23> <CoreInst = "RAM">   --->   Core 82 'RAM' <Latency = 1> <II = 1> <Delay = 1.23> <Storage> <Opcode : 'load' 'store'> <Ports = 2> <Width = 16> <Depth = 661> <RAM>
ST_2 : Operation 35 [1/1] (0.85ns)   --->   "%icmp_ln112 = icmp_sgt  i16 %move_load_7, i16 %move_load_8" [/home/xiaorang/Documents/ATOMFLOW/sorting-organized-main/src/sortLatticeByRow.cpp:112->/home/xiaorang/Documents/ATOMFLOW/sorting-organized-main/src/sortLatticeByRow.cpp:2137]   --->   Operation 35 'icmp' 'icmp_ln112' <Predicate = (icmp_ln106)> <Delay = 0.85> <CoreInst = "Cmp">   --->   Core 9 'Cmp' <Latency = 0> <II = 1> <Delay = 0.85> <FuncUnit> <Opcode : 'seteq' 'setne' 'setle' 'setge' 'setlt' 'setgt'> <InPorts = 2> <OutPorts = 1>
ST_2 : Operation 36 [1/1] (0.76ns)   --->   "%i_131 = add i8 %i_130, i8 1" [/home/xiaorang/Documents/ATOMFLOW/sorting-organized-main/src/sortLatticeByRow.cpp:106->/home/xiaorang/Documents/ATOMFLOW/sorting-organized-main/src/sortLatticeByRow.cpp:2137]   --->   Operation 36 'add' 'i_131' <Predicate = (icmp_ln106)> <Delay = 0.76> <CoreInst = "Adder">   --->   Core 1 'Adder' <Latency = 0> <II = 1> <Delay = 0.76> <FuncUnit> <Opcode : 'add' 'sub'> <InPorts = 2> <OutPorts = 1>
ST_2 : Operation 37 [1/1] (0.42ns)   --->   "%br_ln112 = br i1 %icmp_ln112, void %if.end41.loopexit.exitStub, void %for.cond.i" [/home/xiaorang/Documents/ATOMFLOW/sorting-organized-main/src/sortLatticeByRow.cpp:112->/home/xiaorang/Documents/ATOMFLOW/sorting-organized-main/src/sortLatticeByRow.cpp:2137]   --->   Operation 37 'br' 'br_ln112' <Predicate = (icmp_ln106)> <Delay = 0.42>
ST_2 : Operation 38 [1/1] (0.42ns)   --->   "%store_ln106 = store i8 %i_131, i8 %i" [/home/xiaorang/Documents/ATOMFLOW/sorting-organized-main/src/sortLatticeByRow.cpp:106->/home/xiaorang/Documents/ATOMFLOW/sorting-organized-main/src/sortLatticeByRow.cpp:2137]   --->   Operation 38 'store' 'store_ln106' <Predicate = (icmp_ln106 & icmp_ln112)> <Delay = 0.42>
ST_2 : Operation 39 [1/1] (0.00ns)   --->   "%br_ln106 = br void %for.body.i" [/home/xiaorang/Documents/ATOMFLOW/sorting-organized-main/src/sortLatticeByRow.cpp:106->/home/xiaorang/Documents/ATOMFLOW/sorting-organized-main/src/sortLatticeByRow.cpp:2137]   --->   Operation 39 'br' 'br_ln106' <Predicate = (icmp_ln106 & icmp_ln112)> <Delay = 0.00>
ST_2 : Operation 40 [1/1] (0.00ns) (grouped into LUT with out node ret_ln0)   --->   "%merge = phi i1 1, void %for.body.i, i1 0, void %for.body.i.split"   --->   Operation 40 'phi' 'merge' <Predicate = (!icmp_ln112) | (!icmp_ln106)> <Delay = 0.00>
ST_2 : Operation 41 [1/1] (0.42ns) (out node of the LUT)   --->   "%ret_ln0 = ret i1 %merge"   --->   Operation 41 'ret' 'ret_ln0' <Predicate = (!icmp_ln112) | (!icmp_ln106)> <Delay = 0.42>


============================================================
+ Verbose Summary: Timing violations
============================================================
Target clock period: 10.000ns, clock uncertainty: 2.700ns.

 <State 1>: 3.238ns
The critical path consists of the following:
	'store' operation 0 bit ('store_ln106', /home/xiaorang/Documents/ATOMFLOW/sorting-organized-main/src/sortLatticeByRow.cpp:106->/home/xiaorang/Documents/ATOMFLOW/sorting-organized-main/src/sortLatticeByRow.cpp:2137) of constant 1 on local variable 'i', /home/xiaorang/Documents/ATOMFLOW/sorting-organized-main/src/sortLatticeByRow.cpp:106->/home/xiaorang/Documents/ATOMFLOW/sorting-organized-main/src/sortLatticeByRow.cpp:2137 [8]  (0.427 ns)
	'load' operation 8 bit ('i', /home/xiaorang/Documents/ATOMFLOW/sorting-organized-main/src/sortLatticeByRow.cpp:106->/home/xiaorang/Documents/ATOMFLOW/sorting-organized-main/src/sortLatticeByRow.cpp:2137) on local variable 'i', /home/xiaorang/Documents/ATOMFLOW/sorting-organized-main/src/sortLatticeByRow.cpp:106->/home/xiaorang/Documents/ATOMFLOW/sorting-organized-main/src/sortLatticeByRow.cpp:2137 [11]  (0.000 ns)
	'add' operation 10 bit ('add_ln112_1', /home/xiaorang/Documents/ATOMFLOW/sorting-organized-main/src/sortLatticeByRow.cpp:112->/home/xiaorang/Documents/ATOMFLOW/sorting-organized-main/src/sortLatticeByRow.cpp:2137) [20]  (0.776 ns)
	'add' operation 11 bit ('add_ln112', /home/xiaorang/Documents/ATOMFLOW/sorting-organized-main/src/sortLatticeByRow.cpp:112->/home/xiaorang/Documents/ATOMFLOW/sorting-organized-main/src/sortLatticeByRow.cpp:2137) [22]  (0.798 ns)
	'getelementptr' operation 10 bit ('move_addr', /home/xiaorang/Documents/ATOMFLOW/sorting-organized-main/src/sortLatticeByRow.cpp:112->/home/xiaorang/Documents/ATOMFLOW/sorting-organized-main/src/sortLatticeByRow.cpp:2137) [25]  (0.000 ns)
	'load' operation 16 bit ('move_load_7', /home/xiaorang/Documents/ATOMFLOW/sorting-organized-main/src/sortLatticeByRow.cpp:112->/home/xiaorang/Documents/ATOMFLOW/sorting-organized-main/src/sortLatticeByRow.cpp:2137) on array 'move' [26]  (1.237 ns)

 <State 2>: 2.517ns
The critical path consists of the following:
	'load' operation 16 bit ('move_load_7', /home/xiaorang/Documents/ATOMFLOW/sorting-organized-main/src/sortLatticeByRow.cpp:112->/home/xiaorang/Documents/ATOMFLOW/sorting-organized-main/src/sortLatticeByRow.cpp:2137) on array 'move' [26]  (1.237 ns)
	'icmp' operation 1 bit ('icmp_ln112', /home/xiaorang/Documents/ATOMFLOW/sorting-organized-main/src/sortLatticeByRow.cpp:112->/home/xiaorang/Documents/ATOMFLOW/sorting-organized-main/src/sortLatticeByRow.cpp:2137) [34]  (0.853 ns)
	'store' operation 0 bit ('store_ln106', /home/xiaorang/Documents/ATOMFLOW/sorting-organized-main/src/sortLatticeByRow.cpp:106->/home/xiaorang/Documents/ATOMFLOW/sorting-organized-main/src/sortLatticeByRow.cpp:2137) of variable 'i', /home/xiaorang/Documents/ATOMFLOW/sorting-organized-main/src/sortLatticeByRow.cpp:106->/home/xiaorang/Documents/ATOMFLOW/sorting-organized-main/src/sortLatticeByRow.cpp:2137 on local variable 'i', /home/xiaorang/Documents/ATOMFLOW/sorting-organized-main/src/sortLatticeByRow.cpp:106->/home/xiaorang/Documents/ATOMFLOW/sorting-organized-main/src/sortLatticeByRow.cpp:2137 [38]  (0.427 ns)


============================================================
+ Verbose Summary: Binding
============================================================
N/A
* FSMD analyzer results:
  - Output states:
 - Input state : 
  - Chain level:
	State 1
	State 2


============================================================
+ Verbose Summary: Datapath Resource usage 
============================================================
N/A
