

================================================================
== Vitis HLS Report for 'execute_Pipeline_VITIS_LOOP_106_1'
================================================================
* Date:           Sat Mar 28 14:02:44 2026

* Version:        2024.2 (Build 5238294 on Nov  8 2024)
* Project:        atomflow_controller_2024_2
* Solution:       hls (Vivado IP Flow Target)
* Product family: zynquplusRFSOC
* Target device:  xczu49dr-ffvf1760-2-e


================================================================
== Performance Estimates
================================================================
+ Timing: 
    * Summary: 
    +--------+----------+----------+------------+
    |  Clock |  Target  | Estimated| Uncertainty|
    +--------+----------+----------+------------+
    |ap_clk  |  10.00 ns|  3.238 ns|     2.70 ns|
    +--------+----------+----------+------------+

+ Latency: 
    * Summary: 
    +---------+---------+-----------+----------+-----+-----+------------------------------------------------+
    |  Latency (cycles) |  Latency (absolute)  |  Interval |                    Pipeline                    |
    |   min   |   max   |    min    |    max   | min | max |                      Type                      |
    +---------+---------+-----------+----------+-----+-----+------------------------------------------------+
    |        5|       35|  50.000 ns|  0.350 us|    4|   34|  loop auto-rewind stp (delay=0 clock cycles(s))|
    +---------+---------+-----------+----------+-----+-----+------------------------------------------------+

    + Detail: 
        * Instance: 
        N/A

        * Loop: 
        +--------------------+---------+---------+----------+-----------+-----------+--------+----------+
        |                    |  Latency (cycles) | Iteration|  Initiation Interval  |  Trip  |          |
        |      Loop Name     |   min   |   max   |  Latency |  achieved |   target  |  Count | Pipelined|
        +--------------------+---------+---------+----------+-----------+-----------+--------+----------+
        |- VITIS_LOOP_106_1  |        3|       33|         2|          2|          1|  1 ~ 16|       yes|
        +--------------------+---------+---------+----------+-----------+-----------+--------+----------+



================================================================
== Utilization Estimates
================================================================
* Summary: 
+-----------------+---------+------+--------+--------+-----+
|       Name      | BRAM_18K|  DSP |   FF   |   LUT  | URAM|
+-----------------+---------+------+--------+--------+-----+
|DSP              |        -|     -|       -|       -|    -|
|Expression       |        -|     -|       0|     123|    -|
|FIFO             |        -|     -|       -|       -|    -|
|Instance         |        -|     -|       -|       -|    -|
|Memory           |        -|     -|       -|       -|    -|
|Multiplexer      |        -|     -|       0|      59|    -|
|Register         |        -|     -|      22|       -|    -|
+-----------------+---------+------+--------+--------+-----+
|Total            |        0|     0|      22|     182|    0|
+-----------------+---------+------+--------+--------+-----+
|Available        |     2160|  4272|  850560|  425280|   80|
+-----------------+---------+------+--------+--------+-----+
|Utilization (%)  |        0|     0|      ~0|      ~0|    0|
+-----------------+---------+------+--------+--------+-----+

+ Detail: 
    * Instance: 
    N/A

    * DSP: 
    N/A

    * Memory: 
    N/A

    * FIFO: 
    N/A

    * Expression: 
    +-----------------------+----------+----+---+----+------------+------------+
    |     Variable Name     | Operation| DSP| FF| LUT| Bitwidth P0| Bitwidth P1|
    +-----------------------+----------+----+---+----+------------+------------+
    |add_ln112_1_fu_129_p2  |         +|   0|  0|  17|          10|           6|
    |add_ln112_2_fu_170_p2  |         +|   0|  0|  18|          11|          11|
    |add_ln112_3_fu_160_p2  |         +|   0|  0|  17|          10|           5|
    |add_ln112_fu_139_p2    |         +|   0|  0|  18|          11|          11|
    |i_131_fu_197_p2        |         +|   0|  0|  15|           8|           1|
    |icmp_ln106_fu_111_p2   |      icmp|   0|  0|  15|           8|           8|
    |icmp_ln112_fu_191_p2   |      icmp|   0|  0|  23|          16|          16|
    +-----------------------+----------+----+---+----+------------+------------+
    |Total                  |          |   0|  0| 123|          74|          58|
    +-----------------------+----------+----+---+----+------------+------------+

    * Multiplexer: 
    +-------------------------------+----+-----------+-----+-----------+
    |              Name             | LUT| Input Size| Bits| Total Bits|
    +-------------------------------+----+-----------+-----+-----------+
    |ap_NS_fsm                      |  14|          3|    1|          3|
    |ap_done_int                    |   9|          2|    1|          2|
    |ap_phi_mux_merge_phi_fu_95_p4  |   9|          2|    1|          2|
    |ap_return                      |   9|          2|    1|          2|
    |ap_sig_allocacmp_i_130         |   9|          2|    8|         16|
    |i_fu_50                        |   9|          2|    8|         16|
    +-------------------------------+----+-----------+-----+-----------+
    |Total                          |  59|         13|   20|         41|
    +-------------------------------+----+-----------+-----+-----------+

    * Register: 
    +--------------------+---+----+-----+-----------+
    |        Name        | FF| LUT| Bits| Const Bits|
    +--------------------+---+----+-----+-----------+
    |ap_CS_fsm           |  2|   0|    2|          0|
    |ap_done_reg         |  1|   0|    1|          0|
    |ap_return_preg      |  1|   0|    1|          0|
    |i_130_reg_214       |  8|   0|    8|          0|
    |i_fu_50             |  8|   0|    8|          0|
    |icmp_ln106_reg_219  |  1|   0|    1|          0|
    |merge_reg_91        |  1|   0|    1|          0|
    +--------------------+---+----+-----+-----------+
    |Total               | 22|   0|   22|          0|
    +--------------------+---+----+-----+-----------+



================================================================
== Interface
================================================================
* Summary: 
+---------------+-----+-----+------------+-----------------------------------+--------------+
|   RTL Ports   | Dir | Bits|  Protocol  |           Source Object           |    C Type    |
+---------------+-----+-----+------------+-----------------------------------+--------------+
|ap_clk         |   in|    1|  ap_ctrl_hs|  execute_Pipeline_VITIS_LOOP_106_1|  return value|
|ap_rst         |   in|    1|  ap_ctrl_hs|  execute_Pipeline_VITIS_LOOP_106_1|  return value|
|ap_start       |   in|    1|  ap_ctrl_hs|  execute_Pipeline_VITIS_LOOP_106_1|  return value|
|ap_done        |  out|    1|  ap_ctrl_hs|  execute_Pipeline_VITIS_LOOP_106_1|  return value|
|ap_idle        |  out|    1|  ap_ctrl_hs|  execute_Pipeline_VITIS_LOOP_106_1|  return value|
|ap_ready       |  out|    1|  ap_ctrl_hs|  execute_Pipeline_VITIS_LOOP_106_1|  return value|
|ap_return      |  out|    1|  ap_ctrl_hs|  execute_Pipeline_VITIS_LOOP_106_1|  return value|
|count_assign   |   in|    8|     ap_none|                       count_assign|        scalar|
|mul_ln2136     |   in|   11|     ap_none|                         mul_ln2136|        scalar|
|move_address0  |  out|   10|   ap_memory|                               move|         array|
|move_ce0       |  out|    1|   ap_memory|                               move|         array|
|move_q0        |   in|   16|   ap_memory|                               move|         array|
|move_address1  |  out|   10|   ap_memory|                               move|         array|
|move_ce1       |  out|    1|   ap_memory|                               move|         array|
|move_q1        |   in|   16|   ap_memory|                               move|         array|
+---------------+-----+-----+------------+-----------------------------------+--------------+

============================================================
+ Verbose Summary: Synthesis Manager
============================================================
InlineROM: 1
ExposeGlobal: 0
============================================================
+ Verbose Summary: CDFG Model
============================================================
IsTopModel: 0
ResetActiveHigh: 1
IsCombinational: 2
IsDatapathOnly: 2
HasWiredReturn: 1
HasMFsm: 2
HasVarLatency: 1
IsPipeline: 0
IsRtlPipelined: 0
IsInstanceOverlapped: 0
IsDontTouch: 0
HasImplIP: 0
IsGatedGlobalClock: 0

+ Individual pipeline summary: 
  * Pipeline-0: initiation interval (II) = 2, depth = 2


============================================================
+ Verbose Summary: Schedule
============================================================
* Number of FSM states : 2
* Pipeline : 1
  Pipeline-0 : II = 2, D = 2, States = { 1 2 }
* Dataflow Pipeline: 0

* FSM state transitions: 
1 --> 2 
2 --> 

* FSM state operations: 

State 1 <SV = 0> <Delay = 3.23>
ST_1 : Operation 5 [1/1] (0.00ns)   --->   "%i = alloca i32 1" [/home/xiaorang/Documents/ATOMFLOW/sorting-organized-main/src/sortLatticeByRow.cpp:106->/home/xiaorang/Documents/ATOMFLOW/sorting-organized-main/src/sortLatticeByRow.cpp:2137]   --->   Operation 5 'alloca' 'i' <Predicate = true> <Delay = 0.00>
ST_1 : Operation 6 [1/1] (0.00ns)   --->   "%specbramwithbyteenable_ln0 = specbramwithbyteenable void @_ssdm_op_SpecBRAMWithByteEnable, i16 %move"   --->   Operation 6 'specbramwithbyteenable' 'specbramwithbyteenable_ln0' <Predicate = true> <Delay = 0.00>
ST_1 : Operation 7 [1/1] (0.00ns)   --->   "%mul_ln2136_read = read i11 @_ssdm_op_Read.ap_auto.i11, i11 %mul_ln2136"   --->   Operation 7 'read' 'mul_ln2136_read' <Predicate = true> <Delay = 0.00>
ST_1 : Operation 8 [1/1] (0.00ns)   --->   "%count_assign_read = read i8 @_ssdm_op_Read.ap_auto.i8, i8 %count_assign"   --->   Operation 8 'read' 'count_assign_read' <Predicate = true> <Delay = 0.00>
ST_1 : Operation 9 [1/1] (0.42ns)   --->   "%store_ln106 = store i8 1, i8 %i" [/home/xiaorang/Documents/ATOMFLOW/sorting-organized-main/src/sortLatticeByRow.cpp:106->/home/xiaorang/Documents/ATOMFLOW/sorting-organized-main/src/sortLatticeByRow.cpp:2137]   --->   Operation 9 'store' 'store_ln106' <Predicate = true> <Delay = 0.42>
ST_1 : Operation 10 [1/1] (0.00ns)   --->   "%br_ln0 = br void %for.body.i"   --->   Operation 10 'br' 'br_ln0' <Predicate = true> <Delay = 0.00>
ST_1 : Operation 11 [1/1] (0.00ns)   --->   "%i_130 = load i8 %i" [/home/xiaorang/Documents/ATOMFLOW/sorting-organized-main/src/sortLatticeByRow.cpp:106->/home/xiaorang/Documents/ATOMFLOW/sorting-organized-main/src/sortLatticeByRow.cpp:2137]   --->   Operation 11 'load' 'i_130' <Predicate = true> <Delay = 0.00>
ST_1 : Operation 12 [1/1] (0.76ns)   --->   "%icmp_ln106 = icmp_ult  i8 %i_130, i8 %count_assign_read" [/home/xiaorang/Documents/ATOMFLOW/sorting-organized-main/src/sortLatticeByRow.cpp:106->/home/xiaorang/Documents/ATOMFLOW/sorting-organized-main/src/sortLatticeByRow.cpp:2137]   --->   Operation 12 'icmp' 'icmp_ln106' <Predicate = true> <Delay = 0.76> <CoreInst = "Cmp">   --->   Core 9 'Cmp' <Latency = 0> <II = 1> <Delay = 0.76> <FuncUnit> <Opcode : 'seteq' 'setne' 'setle' 'setge' 'setlt' 'setgt'> <InPorts = 2> <OutPorts = 1>
ST_1 : Operation 13 [1/1] (0.42ns)   --->   "%br_ln106 = br i1 %icmp_ln106, void %if.end41.loopexit.exitStub, void %for.body.i.split" [/home/xiaorang/Documents/ATOMFLOW/sorting-organized-main/src/sortLatticeByRow.cpp:106->/home/xiaorang/Documents/ATOMFLOW/sorting-organized-main/src/sortLatticeByRow.cpp:2137]   --->   Operation 13 'br' 'br_ln106' <Predicate = true> <Delay = 0.42>
ST_1 : Operation 14 [1/1] (0.00ns)   --->   "%shl_ln = bitconcatenate i9 @_ssdm_op_BitConcatenate.i9.i8.i1, i8 %i_130, i1 0" [/home/xiaorang/Documents/ATOMFLOW/sorting-organized-main/src/sortLatticeByRow.cpp:112->/home/xiaorang/Documents/ATOMFLOW/sorting-organized-main/src/sortLatticeByRow.cpp:2137]   --->   Operation 14 'bitconcatenate' 'shl_ln' <Predicate = (icmp_ln106)> <Delay = 0.00>
ST_1 : Operation 15 [1/1] (0.00ns)   --->   "%zext_ln112_2 = zext i9 %shl_ln" [/home/xiaorang/Documents/ATOMFLOW/sorting-organized-main/src/sortLatticeByRow.cpp:112->/home/xiaorang/Documents/ATOMFLOW/sorting-organized-main/src/sortLatticeByRow.cpp:2137]   --->   Operation 15 'zext' 'zext_ln112_2' <Predicate = (icmp_ln106)> <Delay = 0.00>
ST_1 : Operation 16 [1/1] (0.77ns)   --->   "%add_ln112_1 = add i10 %zext_ln112_2, i10 32" [/home/xiaorang/Documents/ATOMFLOW/sorting-organized-main/src/sortLatticeByRow.cpp:112->/home/xiaorang/Documents/ATOMFLOW/sorting-organized-main/src/sortLatticeByRow.cpp:2137]   --->   Operation 16 'add' 'add_ln112_1' <Predicate = (icmp_ln106)> <Delay = 0.77> <CoreInst = "Adder">   --->   Core 1 'Adder' <Latency = 0> <II = 1> <Delay = 0.78> <FuncUnit> <Opcode : 'add' 'sub'> <InPorts = 2> <OutPorts = 1>
ST_1 : Operation 17 [1/1] (0.00ns)   --->   "%zext_ln112_4 = zext i10 %add_ln112_1" [/home/xiaorang/Documents/ATOMFLOW/sorting-organized-main/src/sortLatticeByRow.cpp:112->/home/xiaorang/Documents/ATOMFLOW/sorting-organized-main/src/sortLatticeByRow.cpp:2137]   --->   Operation 17 'zext' 'zext_ln112_4' <Predicate = (icmp_ln106)> <Delay = 0.00>
ST_1 : Operation 18 [1/1] (0.79ns)   --->   "%add_ln112 = add i11 %zext_ln112_4, i11 %mul_ln2136_read" [/home/xiaorang/Documents/ATOMFLOW/sorting-organized-main/src/sortLatticeByRow.cpp:112->/home/xiaorang/Documents/ATOMFLOW/sorting-organized-main/src/sortLatticeByRow.cpp:2137]   --->   Operation 18 'add' 'add_ln112' <Predicate = (icmp_ln106)> <Delay = 0.79> <CoreInst = "Adder">   --->   Core 1 'Adder' <Latency = 0> <II = 1> <Delay = 0.79> <FuncUnit> <Opcode : 'add' 'sub'> <InPorts = 2> <OutPorts = 1>
ST_1 : Operation 19 [1/1] (0.00ns)   --->   "%lshr_ln = partselect i10 @_ssdm_op_PartSelect.i10.i11.i32.i32, i11 %add_ln112, i32 1, i32 10" [/home/xiaorang/Documents/ATOMFLOW/sorting-organized-main/src/sortLatticeByRow.cpp:112->/home/xiaorang/Documents/ATOMFLOW/sorting-organized-main/src/sortLatticeByRow.cpp:2137]   --->   Operation 19 'partselect' 'lshr_ln' <Predicate = (icmp_ln106)> <Delay = 0.00>
ST_1 : Operation 20 [1/1] (0.00ns)   --->   "%zext_ln112_3 = zext i10 %lshr_ln" [/home/xiaorang/Documents/ATOMFLOW/sorting-organized-main/src/sortLatticeByRow.cpp:112->/home/xiaorang/Documents/ATOMFLOW/sorting-organized-main/src/sortLatticeByRow.cpp:2137]   --->   Operation 20 'zext' 'zext_ln112_3' <Predicate = (icmp_ln106)> <Delay = 0.00>
ST_1 : Operation 21 [1/1] (0.00ns)   --->   "%move_addr = getelementptr i16 %move, i64 0, i64 %zext_ln112_3" [/home/xiaorang/Documents/ATOMFLOW/sorting-organized-main/src/sortLatticeByRow.cpp:112->/home/xiaorang/Documents/ATOMFLOW/sorting-organized-main/src/sortLatticeByRow.cpp:2137]   --->   Operation 21 'getelementptr' 'move_addr' <Predicate = (icmp_ln106)> <Delay = 0.00>
ST_1 : Operation 22 [2/2] (1.23ns)   --->   "%move_load_7 = load i10 %move_addr" [/home/xiaorang/Documents/ATOMFLOW/sorting-organized-main/src/sortLatticeByRow.cpp:112->/home/xiaorang/Documents/ATOMFLOW/sorting-organized-main/src/sortLatticeByRow.cpp:2137]   --->   Operation 22 'load' 'move_load_7' <Predicate = (icmp_ln106)> <Delay = 1.23> <CoreInst = "RAM">   --->   Core 82 'RAM' <Latency = 1> <II = 1> <Delay = 1.23> <Storage> <Opcode : 'load' 'store'> <Ports = 2> <Width = 16> <Depth = 661> <RAM>
ST_1 : Operation 23 [1/1] (0.77ns)   --->   "%add_ln112_3 = add i10 %zext_ln112_2, i10 30" [/home/xiaorang/Documents/ATOMFLOW/sorting-organized-main/src/sortLatticeByRow.cpp:112->/home/xiaorang/Documents/ATOMFLOW/sorting-organized-main/src/sortLatticeByRow.cpp:2137]   --->   Operation 23 'add' 'add_ln112_3' <Predicate = (icmp_ln106)> <Delay = 0.77> <CoreInst = "Adder">   --->   Core 1 'Adder' <Latency = 0> <II = 1> <Delay = 0.78> <FuncUnit> <Opcode : 'add' 'sub'> <InPorts = 2> <OutPorts = 1>
ST_1 : Operation 24 [1/1] (0.00ns)   --->   "%zext_ln112_5 = zext i10 %add_ln112_3" [/home/xiaorang/Documents/ATOMFLOW/sorting-organized-main/src/sortLatticeByRow.cpp:112->/home/xiaorang/Documents/ATOMFLOW/sorting-organized-main/src/sortLatticeByRow.cpp:2137]   --->   Operation 24 'zext' 'zext_ln112_5' <Predicate = (icmp_ln106)> <Delay = 0.00>
ST_1 : Operation 25 [1/1] (0.79ns)   --->   "%add_ln112_2 = add i11 %zext_ln112_5, i11 %mul_ln2136_read" [/home/xiaorang/Documents/ATOMFLOW/sorting-organized-main/src/sortLatticeByRow.cpp:112->/home/xiaorang/Documents/ATOMFLOW/sorting-organized-main/src/sortLatticeByRow.cpp:2137]   --->   Operation 25 'add' 'add_ln112_2' <Predicate = (icmp_ln106)> <Delay = 0.79> <CoreInst = "Adder">   --->   Core 1 'Adder' <Latency = 0> <II = 1> <Delay = 0.79> <FuncUnit> <Opcode : 'add' 'sub'> <InPorts = 2> <OutPorts = 1>
ST_1 : Operation 26 [1/1] (0.00ns)   --->   "%lshr_ln112_2 = partselect i10 @_ssdm_op_PartSelect.i10.i11.i32.i32, i11 %add_ln112_2, i32 1, i32 10" [/home/xiaorang/Documents/ATOMFLOW/sorting-organized-main/src/sortLatticeByRow.cpp:112->/home/xiaorang/Documents/ATOMFLOW/sorting-organized-main/src/sortLatticeByRow.cpp:2137]   --->   Operation 26 'partselect' 'lshr_ln112_2' <Predicate = (icmp_ln106)> <Delay = 0.00>
ST_1 : Operation 27 [1/1] (0.00ns)   --->   "%zext_ln112 = zext i10 %lshr_ln112_2" [/home/xiaorang/Documents/ATOMFLOW/sorting-organized-main/src/sortLatticeByRow.cpp:112->/home/xiaorang/Documents/ATOMFLOW/sorting-organized-main/src/sortLatticeByRow.cpp:2137]   --->   Operation 27 'zext' 'zext_ln112' <Predicate = (icmp_ln106)> <Delay = 0.00>
ST_1 : Operation 28 [1/1] (0.00ns)   --->   "%move_addr_201 = getelementptr i16 %move, i64 0, i64 %zext_ln112" [/home/xiaorang/Documents/ATOMFLOW/sorting-organized-main/src/sortLatticeByRow.cpp:112->/home/xiaorang/Documents/ATOMFLOW/sorting-organized-main/src/sortLatticeByRow.cpp:2137]   --->   Operation 28 'getelementptr' 'move_addr_201' <Predicate = (icmp_ln106)> <Delay = 0.00>
ST_1 : Operation 29 [2/2] (1.23ns)   --->   "%move_load_8 = load i10 %move_addr_201" [/home/xiaorang/Documents/ATOMFLOW/sorting-organized-main/src/sortLatticeByRow.cpp:112->/home/xiaorang/Documents/ATOMFLOW/sorting-organized-main/src/sortLatticeByRow.cpp:2137]   --->   Operation 29 'load' 'move_load_8' <Predicate = (icmp_ln106)> <Delay = 1.23> <CoreInst = "RAM">   --->   Core 82 'RAM' <Latency = 1> <II = 1> <Delay = 1.23> <Storage> <Opcode : 'load' 'store'> <Ports = 2> <Width = 16> <Depth = 661> <RAM>

State 2 <SV = 1> <Delay = 2.51>
ST_2 : Operation 30 [1/1] (0.00ns)   --->   "%specpipeline_ln108 = specpipeline void @_ssdm_op_SpecPipeline, i32 1, i32 0, i32 0, i32 0, void @empty_18" [/home/xiaorang/Documents/ATOMFLOW/sorting-organized-main/src/sortLatticeByRow.cpp:108->/home/xiaorang/Documents/ATOMFLOW/sorting-organized-main/src/sortLatticeByRow.cpp:2137]   --->   Operation 30 'specpipeline' 'specpipeline_ln108' <Predicate = (icmp_ln106)> <Delay = 0.00>
ST_2 : Operation 31 [1/1] (0.00ns)   --->   "%speclooptripcount_ln109 = speclooptripcount void @_ssdm_op_SpecLoopTripCount, i64 1, i64 16, i64 8" [/home/xiaorang/Documents/ATOMFLOW/sorting-organized-main/src/sortLatticeByRow.cpp:109->/home/xiaorang/Documents/ATOMFLOW/sorting-organized-main/src/sortLatticeByRow.cpp:2137]   --->   Operation 31 'speclooptripcount' 'speclooptripcount_ln109' <Predicate = (icmp_ln106)> <Delay = 0.00>
ST_2 : Operation 32 [1/1] (0.00ns)   --->   "%specloopname_ln106 = specloopname void @_ssdm_op_SpecLoopName, void @empty_90" [/home/xiaorang/Documents/ATOMFLOW/sorting-organized-main/src/sortLatticeByRow.cpp:106->/home/xiaorang/Documents/ATOMFLOW/sorting-organized-main/src/sortLatticeByRow.cpp:2137]   --->   Operation 32 'specloopname' 'specloopname_ln106' <Predicate = (icmp_ln106)> <Delay = 0.00>
ST_2 : Operation 33 [1/2] ( I:1.23ns O:1.23ns )   --->   "%move_load_7 = load i10 %move_addr" [/home/xiaorang/Documents/ATOMFLOW/sorting-organized-main/src/sortLatticeByRow.cpp:112->/home/xiaorang/Documents/ATOMFLOW/sorting-organized-main/src/sortLatticeByRow.cpp:2137]   --->   Operation 33 'load' 'move_load_7' <Predicate = (icmp_ln106)> <Delay = 1.23> <CoreInst = "RAM">   --->   Core 82 'RAM' <Latency = 1> <II = 1> <Delay = 1.23> <Storage> <Opcode : 'load' 'store'> <Ports = 2> <Width = 16> <Depth = 661> <RAM>
ST_2 : Operation 34 [1/2] ( I:1.23ns O:1.23ns )   --->   "%move_load_8 = load i10 %move_addr_201" [/home/xiaorang/Documents/ATOMFLOW/sorting-organized-main/src/sortLatticeByRow.cpp:112->/home/xiaorang/Documents/ATOMFLOW/sorting-organized-main/src/sortLatticeByRow.cpp:2137]   --->   Operation 34 'load' 'move_load_8' <Predicate = (icmp_ln106)> <Delay = 1.23> <CoreInst = "RAM">   --->   Core 82 'RAM' <Latency = 1> <II = 1> <Delay = 1.23> <Storage> <Opcode : 'load' 'store'> <Ports = 2> <Width = 16> <Depth = 661> <RAM>
ST_2 : Operation 35 [1/1] (0.85ns)   --->   "%icmp_ln112 = icmp_sgt  i16 %move_load_7, i16 %move_load_8" [/home/xiaorang/Documents/ATOMFLOW/sorting-organized-main/src/sortLatticeByRow.cpp:112->/home/xiaorang/Documents/ATOMFLOW/sorting-organized-main/src/sortLatticeByRow.cpp:2137]   --->   Operation 35 'icmp' 'icmp_ln112' <Predicate = (icmp_ln106)> <Delay = 0.85> <CoreInst = "Cmp">   --->   Core 9 'Cmp' <Latency = 0> <II = 1> <Delay = 0.85> <FuncUnit> <Opcode : 'seteq' 'setne' 'setle' 'setge' 'setlt' 'setgt'> <InPorts = 2> <OutPorts = 1>
ST_2 : Operation 36 [1/1] (0.76ns)   --->   "%i_131 = add i8 %i_130, i8 1" [/home/xiaorang/Documents/ATOMFLOW/sorting-organized-main/src/sortLatticeByRow.cpp:106->/home/xiaorang/Documents/ATOMFLOW/sorting-organized-main/src/sortLatticeByRow.cpp:2137]   --->   Operation 36 'add' 'i_131' <Predicate = (icmp_ln106)> <Delay = 0.76> <CoreInst = "Adder">   --->   Core 1 'Adder' <Latency = 0> <II = 1> <Delay = 0.76> <FuncUnit> <Opcode : 'add' 'sub'> <InPorts = 2> <OutPorts = 1>
ST_2 : Operation 37 [1/1] (0.42ns)   --->   "%br_ln112 = br i1 %icmp_ln112, void %if.end41.loopexit.exitStub, void %for.cond.i" [/home/xiaorang/Documents/ATOMFLOW/sorting-organized-main/src/sortLatticeByRow.cpp:112->/home/xiaorang/Documents/ATOMFLOW/sorting-organized-main/src/sortLatticeByRow.cpp:2137]   --->   Operation 37 'br' 'br_ln112' <Predicate = (icmp_ln106)> <Delay = 0.42>
ST_2 : Operation 38 [1/1] (0.42ns)   --->   "%store_ln106 = store i8 %i_131, i8 %i" [/home/xiaorang/Documents/ATOMFLOW/sorting-organized-main/src/sortLatticeByRow.cpp:106->/home/xiaorang/Documents/ATOMFLOW/sorting-organized-main/src/sortLatticeByRow.cpp:2137]   --->   Operation 38 'store' 'store_ln106' <Predicate = (icmp_ln106 & icmp_ln112)> <Delay = 0.42>
ST_2 : Operation 39 [1/1] (0.00ns)   --->   "%br_ln106 = br void %for.body.i" [/home/xiaorang/Documents/ATOMFLOW/sorting-organized-main/src/sortLatticeByRow.cpp:106->/home/xiaorang/Documents/ATOMFLOW/sorting-organized-main/src/sortLatticeByRow.cpp:2137]   --->   Operation 39 'br' 'br_ln106' <Predicate = (icmp_ln106 & icmp_ln112)> <Delay = 0.00>
ST_2 : Operation 40 [1/1] (0.00ns) (grouped into LUT with out node ret_ln0)   --->   "%merge = phi i1 1, void %for.body.i, i1 0, void %for.body.i.split"   --->   Operation 40 'phi' 'merge' <Predicate = (!icmp_ln112) | (!icmp_ln106)> <Delay = 0.00>
ST_2 : Operation 41 [1/1] (0.42ns) (out node of the LUT)   --->   "%ret_ln0 = ret i1 %merge"   --->   Operation 41 'ret' 'ret_ln0' <Predicate = (!icmp_ln112) | (!icmp_ln106)> <Delay = 0.42>


============================================================
+ Verbose Summary: Binding
============================================================
STG Binding: 
---------------- STG Properties BEGIN ----------------
- Is combinational: 0
- Is one-state seq: 0
- Is datapath-only: 0
- Is pipelined: 0
- Is top level: 0
Port [ Return ] is wired: 1; IO mode=ap_ctrl_hs:ce=0
Port [ count_assign]:  wired=1; compound=0; hidden=0; nouse=0; global=0; static=0; extern=0; dir=0; type=0; pingpong=0; private_global=0; IO mode=ap_none:ce=0
Port [ mul_ln2136]:  wired=1; compound=0; hidden=0; nouse=0; global=0; static=0; extern=0; dir=0; type=0; pingpong=0; private_global=0; IO mode=ap_none:ce=0
Port [ move]:  wired=1; compound=1; hidden=0; nouse=0; global=0; static=0; extern=0; dir=0; type=1; pingpong=0; private_global=0; MemPort=[11]; IO mode=ap_memory:ce=0
---------------- STG Properties END ------------------

---------------- Datapath Model BEGIN ----------------

<LifeTime>
<method=bitvector/>
i                          (alloca                ) [ 011]
specbramwithbyteenable_ln0 (specbramwithbyteenable) [ 000]
mul_ln2136_read            (read                  ) [ 000]
count_assign_read          (read                  ) [ 000]
store_ln106                (store                 ) [ 000]
br_ln0                     (br                    ) [ 000]
i_130                      (load                  ) [ 001]
icmp_ln106                 (icmp                  ) [ 011]
br_ln106                   (br                    ) [ 011]
shl_ln                     (bitconcatenate        ) [ 000]
zext_ln112_2               (zext                  ) [ 000]
add_ln112_1                (add                   ) [ 000]
zext_ln112_4               (zext                  ) [ 000]
add_ln112                  (add                   ) [ 000]
lshr_ln                    (partselect            ) [ 000]
zext_ln112_3               (zext                  ) [ 000]
move_addr                  (getelementptr         ) [ 001]
add_ln112_3                (add                   ) [ 000]
zext_ln112_5               (zext                  ) [ 000]
add_ln112_2                (add                   ) [ 000]
lshr_ln112_2               (partselect            ) [ 000]
zext_ln112                 (zext                  ) [ 000]
move_addr_201              (getelementptr         ) [ 001]
specpipeline_ln108         (specpipeline          ) [ 000]
speclooptripcount_ln109    (speclooptripcount     ) [ 000]
specloopname_ln106         (specloopname          ) [ 000]
move_load_7                (load                  ) [ 000]
move_load_8                (load                  ) [ 000]
icmp_ln112                 (icmp                  ) [ 001]
i_131                      (add                   ) [ 000]
br_ln112                   (br                    ) [ 000]
store_ln106                (store                 ) [ 000]
br_ln106                   (br                    ) [ 000]
merge                      (phi                   ) [ 001]
ret_ln0                    (ret                   ) [ 000]
</LifeTime>

<model>

<comp_list>
<comp id="0" class="1000" name="count_assign">
<pin_list>
<pin id="1" dir="1" index="0" bw="1" slack="0"/>
</pin_list>
<bind>
<StgValue><ssdm name="count_assign"/></StgValue>
</bind>
</comp>

<comp id="2" class="1000" name="mul_ln2136">
<pin_list>
<pin id="3" dir="1" index="0" bw="1" slack="0"/>
</pin_list>
<bind>
<StgValue><ssdm name="mul_ln2136"/></StgValue>
</bind>
</comp>

<comp id="4" class="1000" name="move">
<pin_list>
<pin id="5" dir="1" index="0" bw="1" slack="0"/>
</pin_list>
<bind>
<StgValue><ssdm name="move"/><MemPortTyVec>1 1 </MemPortTyVec>
</StgValue>
</bind>
</comp>

<comp id="6" class="1001" name="const_6">
<pin_list>
<pin id="7" dir="1" index="0" bw="1" slack="0"/>
</pin_list>
<bind>
<StgValue><ssdm name=""/></StgValue>
</bind>
</comp>

<comp id="8" class="1001" name="const_8">
<pin_list>
<pin id="9" dir="1" index="0" bw="1" slack="2147483647"/>
</pin_list>
<bind>
<StgValue><ssdm name="_ssdm_op_SpecBRAMWithByteEnable"/></StgValue>
</bind>
</comp>

<comp id="10" class="1001" name="const_10">
<pin_list>
<pin id="11" dir="1" index="0" bw="1" slack="0"/>
</pin_list>
<bind>
<StgValue><ssdm name="_ssdm_op_Read.ap_auto.i11"/></StgValue>
</bind>
</comp>

<comp id="12" class="1001" name="const_12">
<pin_list>
<pin id="13" dir="1" index="0" bw="1" slack="0"/>
</pin_list>
<bind>
<StgValue><ssdm name="_ssdm_op_Read.ap_auto.i8"/></StgValue>
</bind>
</comp>

<comp id="14" class="1001" name="const_14">
<pin_list>
<pin id="15" dir="1" index="0" bw="1" slack="0"/>
</pin_list>
<bind>
<StgValue><ssdm name=""/></StgValue>
</bind>
</comp>

<comp id="16" class="1001" name="const_16">
<pin_list>
<pin id="17" dir="1" index="0" bw="1" slack="0"/>
</pin_list>
<bind>
<StgValue><ssdm name="_ssdm_op_BitConcatenate.i9.i8.i1"/></StgValue>
</bind>
</comp>

<comp id="18" class="1001" name="const_18">
<pin_list>
<pin id="19" dir="1" index="0" bw="1" slack="0"/>
</pin_list>
<bind>
<StgValue><ssdm name=""/></StgValue>
</bind>
</comp>

<comp id="20" class="1001" name="const_20">
<pin_list>
<pin id="21" dir="1" index="0" bw="1" slack="0"/>
</pin_list>
<bind>
<StgValue><ssdm name=""/></StgValue>
</bind>
</comp>

<comp id="22" class="1001" name="const_22">
<pin_list>
<pin id="23" dir="1" index="0" bw="1" slack="0"/>
</pin_list>
<bind>
<StgValue><ssdm name="_ssdm_op_PartSelect.i10.i11.i32.i32"/></StgValue>
</bind>
</comp>

<comp id="24" class="1001" name="const_24">
<pin_list>
<pin id="25" dir="1" index="0" bw="1" slack="0"/>
</pin_list>
<bind>
<StgValue><ssdm name=""/></StgValue>
</bind>
</comp>

<comp id="26" class="1001" name="const_26">
<pin_list>
<pin id="27" dir="1" index="0" bw="1" slack="0"/>
</pin_list>
<bind>
<StgValue><ssdm name=""/></StgValue>
</bind>
</comp>

<comp id="28" class="1001" name="const_28">
<pin_list>
<pin id="29" dir="1" index="0" bw="1" slack="0"/>
</pin_list>
<bind>
<StgValue><ssdm name=""/></StgValue>
</bind>
</comp>

<comp id="30" class="1001" name="const_30">
<pin_list>
<pin id="31" dir="1" index="0" bw="1" slack="2147483647"/>
</pin_list>
<bind>
<StgValue><ssdm name="_ssdm_op_SpecPipeline"/></StgValue>
</bind>
</comp>

<comp id="32" class="1001" name="const_32">
<pin_list>
<pin id="33" dir="1" index="0" bw="1" slack="2147483647"/>
</pin_list>
<bind>
<StgValue><ssdm name=""/></StgValue>
</bind>
</comp>

<comp id="34" class="1001" name="const_34">
<pin_list>
<pin id="35" dir="1" index="0" bw="1" slack="2147483647"/>
</pin_list>
<bind>
<StgValue><ssdm name="empty_18"/></StgValue>
</bind>
</comp>

<comp id="36" class="1001" name="const_36">
<pin_list>
<pin id="37" dir="1" index="0" bw="1" slack="2147483647"/>
</pin_list>
<bind>
<StgValue><ssdm name="_ssdm_op_SpecLoopTripCount"/></StgValue>
</bind>
</comp>

<comp id="38" class="1001" name="const_38">
<pin_list>
<pin id="39" dir="1" index="0" bw="1" slack="2147483647"/>
</pin_list>
<bind>
<StgValue><ssdm name=""/></StgValue>
</bind>
</comp>

<comp id="40" class="1001" name="const_40">
<pin_list>
<pin id="41" dir="1" index="0" bw="1" slack="2147483647"/>
</pin_list>
<bind>
<StgValue><ssdm name=""/></StgValue>
</bind>
</comp>

<comp id="42" class="1001" name="const_42">
<pin_list>
<pin id="43" dir="1" index="0" bw="1" slack="2147483647"/>
</pin_list>
<bind>
<StgValue><ssdm name=""/></StgValue>
</bind>
</comp>

<comp id="44" class="1001" name="const_44">
<pin_list>
<pin id="45" dir="1" index="0" bw="1" slack="2147483647"/>
</pin_list>
<bind>
<StgValue><ssdm name="_ssdm_op_SpecLoopName"/></StgValue>
</bind>
</comp>

<comp id="46" class="1001" name="const_46">
<pin_list>
<pin id="47" dir="1" index="0" bw="1" slack="2147483647"/>
</pin_list>
<bind>
<StgValue><ssdm name="empty_90"/></StgValue>
</bind>
</comp>

<comp id="48" class="1001" name="const_48">
<pin_list>
<pin id="49" dir="1" index="0" bw="1" slack="1"/>
</pin_list>
<bind>
<StgValue><ssdm name=""/></StgValue>
</bind>
</comp>

<comp id="50" class="1004" name="i_fu_50">
<pin_list>
<pin id="51" dir="0" index="0" bw="1" slack="0"/>
<pin id="52" dir="1" index="1" bw="8" slack="0"/>
</pin_list>
<bind>
<opcode="alloca(26) " fcode="alloca"/>
<opset="i/1 "/>
</bind>
</comp>

<comp id="54" class="1004" name="mul_ln2136_read_read_fu_54">
<pin_list>
<pin id="55" dir="0" index="0" bw="11" slack="0"/>
<pin id="56" dir="0" index="1" bw="11" slack="0"/>
<pin id="57" dir="1" index="2" bw="11" slack="0"/>
</pin_list>
<bind>
<opcode="read(1150) " fcode="read"/>
<opset="mul_ln2136_read/1 "/>
</bind>
</comp>

<comp id="60" class="1004" name="count_assign_read_read_fu_60">
<pin_list>
<pin id="61" dir="0" index="0" bw="8" slack="0"/>
<pin id="62" dir="0" index="1" bw="8" slack="0"/>
<pin id="63" dir="1" index="2" bw="8" slack="0"/>
</pin_list>
<bind>
<opcode="read(1150) " fcode="read"/>
<opset="count_assign_read/1 "/>
</bind>
</comp>

<comp id="66" class="1004" name="move_addr_gep_fu_66">
<pin_list>
<pin id="67" dir="0" index="0" bw="16" slack="0"/>
<pin id="68" dir="0" index="1" bw="1" slack="0"/>
<pin id="69" dir="0" index="2" bw="10" slack="0"/>
<pin id="70" dir="1" index="3" bw="10" slack="0"/>
</pin_list>
<bind>
<opcode="getelementptr(29) " fcode="getelementptr"/>
<opset="move_addr/1 "/>
</bind>
</comp>

<comp id="73" class="1004" name="grp_access_fu_73">
<pin_list>
<pin id="74" dir="0" index="0" bw="10" slack="0"/>
<pin id="75" dir="0" index="1" bw="16" slack="2147483647"/>
<pin id="76" dir="0" index="2" bw="0" slack="0"/>
<pin id="78" dir="0" index="4" bw="10" slack="2147483647"/>
<pin id="79" dir="0" index="5" bw="16" slack="2147483647"/>
<pin id="80" dir="0" index="6" bw="0" slack="2147483647"/>
<pin id="77" dir="1" index="3" bw="16" slack="0"/>
<pin id="81" dir="1" index="7" bw="16" slack="0"/>
</pin_list>
<bind>
<opcode="load(27) " fcode="load"/>
<opset="move_load_7/1 move_load_8/1 "/>
</bind>
</comp>

<comp id="83" class="1004" name="move_addr_201_gep_fu_83">
<pin_list>
<pin id="84" dir="0" index="0" bw="16" slack="0"/>
<pin id="85" dir="0" index="1" bw="1" slack="0"/>
<pin id="86" dir="0" index="2" bw="10" slack="0"/>
<pin id="87" dir="1" index="3" bw="10" slack="0"/>
</pin_list>
<bind>
<opcode="getelementptr(29) " fcode="getelementptr"/>
<opset="move_addr_201/1 "/>
</bind>
</comp>

<comp id="91" class="1005" name="merge_reg_91">
<pin_list>
<pin id="92" dir="0" index="0" bw="1" slack="1"/>
<pin id="93" dir="1" index="1" bw="1" slack="1"/>
</pin_list>
<bind>
<opset="merge (phireg) "/>
</bind>
</comp>

<comp id="95" class="1004" name="merge_phi_fu_95">
<pin_list>
<pin id="96" dir="0" index="0" bw="1" slack="1"/>
<pin id="97" dir="0" index="1" bw="0" slack="2147483647"/>
<pin id="98" dir="0" index="2" bw="1" slack="0"/>
<pin id="99" dir="0" index="3" bw="0" slack="2147483647"/>
<pin id="100" dir="1" index="4" bw="1" slack="2147483647"/>
</pin_list>
<bind>
<opcode="phi(47) " fcode="phi"/>
<opset="merge/2 "/>
</bind>
</comp>

<comp id="103" class="1004" name="store_ln106_store_fu_103">
<pin_list>
<pin id="104" dir="0" index="0" bw="1" slack="0"/>
<pin id="105" dir="0" index="1" bw="8" slack="0"/>
<pin id="106" dir="1" index="2" bw="0" slack="2147483647"/>
</pin_list>
<bind>
<opcode="store(28) " fcode="store"/>
<opset="store_ln106/1 "/>
</bind>
</comp>

<comp id="108" class="1004" name="i_130_load_fu_108">
<pin_list>
<pin id="109" dir="0" index="0" bw="8" slack="0"/>
<pin id="110" dir="1" index="1" bw="8" slack="0"/>
</pin_list>
<bind>
<opcode="load(27) " fcode="load"/>
<opset="i_130/1 "/>
</bind>
</comp>

<comp id="111" class="1004" name="icmp_ln106_fu_111">
<pin_list>
<pin id="112" dir="0" index="0" bw="8" slack="0"/>
<pin id="113" dir="0" index="1" bw="8" slack="0"/>
<pin id="114" dir="1" index="2" bw="1" slack="1"/>
</pin_list>
<bind>
<opcode="icmp(45) " fcode="icmp"/>
<opset="icmp_ln106/1 "/>
</bind>
</comp>

<comp id="117" class="1004" name="shl_ln_fu_117">
<pin_list>
<pin id="118" dir="0" index="0" bw="9" slack="0"/>
<pin id="119" dir="0" index="1" bw="8" slack="0"/>
<pin id="120" dir="0" index="2" bw="1" slack="0"/>
<pin id="121" dir="1" index="3" bw="9" slack="0"/>
</pin_list>
<bind>
<opcode="bitconcatenate(1004) " fcode="bitconcatenate"/>
<opset="shl_ln/1 "/>
</bind>
</comp>

<comp id="125" class="1004" name="zext_ln112_2_fu_125">
<pin_list>
<pin id="126" dir="0" index="0" bw="9" slack="0"/>
<pin id="127" dir="1" index="1" bw="10" slack="0"/>
</pin_list>
<bind>
<opcode="zext(34) " fcode="zext"/>
<opset="zext_ln112_2/1 "/>
</bind>
</comp>

<comp id="129" class="1004" name="add_ln112_1_fu_129">
<pin_list>
<pin id="130" dir="0" index="0" bw="9" slack="0"/>
<pin id="131" dir="0" index="1" bw="7" slack="0"/>
<pin id="132" dir="1" index="2" bw="10" slack="0"/>
</pin_list>
<bind>
<opcode="add(8) " fcode="add"/>
<opset="add_ln112_1/1 "/>
</bind>
</comp>

<comp id="135" class="1004" name="zext_ln112_4_fu_135">
<pin_list>
<pin id="136" dir="0" index="0" bw="10" slack="0"/>
<pin id="137" dir="1" index="1" bw="11" slack="0"/>
</pin_list>
<bind>
<opcode="zext(34) " fcode="zext"/>
<opset="zext_ln112_4/1 "/>
</bind>
</comp>

<comp id="139" class="1004" name="add_ln112_fu_139">
<pin_list>
<pin id="140" dir="0" index="0" bw="10" slack="0"/>
<pin id="141" dir="0" index="1" bw="11" slack="0"/>
<pin id="142" dir="1" index="2" bw="11" slack="0"/>
</pin_list>
<bind>
<opcode="add(8) " fcode="add"/>
<opset="add_ln112/1 "/>
</bind>
</comp>

<comp id="145" class="1004" name="lshr_ln_fu_145">
<pin_list>
<pin id="146" dir="0" index="0" bw="10" slack="0"/>
<pin id="147" dir="0" index="1" bw="11" slack="0"/>
<pin id="148" dir="0" index="2" bw="1" slack="0"/>
<pin id="149" dir="0" index="3" bw="5" slack="0"/>
<pin id="150" dir="1" index="4" bw="10" slack="0"/>
</pin_list>
<bind>
<opcode="partselect(1002) " fcode="partselect"/>
<opset="lshr_ln/1 "/>
</bind>
</comp>

<comp id="155" class="1004" name="zext_ln112_3_fu_155">
<pin_list>
<pin id="156" dir="0" index="0" bw="10" slack="0"/>
<pin id="157" dir="1" index="1" bw="64" slack="0"/>
</pin_list>
<bind>
<opcode="zext(34) " fcode="zext"/>
<opset="zext_ln112_3/1 "/>
</bind>
</comp>

<comp id="160" class="1004" name="add_ln112_3_fu_160">
<pin_list>
<pin id="161" dir="0" index="0" bw="9" slack="0"/>
<pin id="162" dir="0" index="1" bw="6" slack="0"/>
<pin id="163" dir="1" index="2" bw="10" slack="0"/>
</pin_list>
<bind>
<opcode="add(8) " fcode="add"/>
<opset="add_ln112_3/1 "/>
</bind>
</comp>

<comp id="166" class="1004" name="zext_ln112_5_fu_166">
<pin_list>
<pin id="167" dir="0" index="0" bw="10" slack="0"/>
<pin id="168" dir="1" index="1" bw="11" slack="0"/>
</pin_list>
<bind>
<opcode="zext(34) " fcode="zext"/>
<opset="zext_ln112_5/1 "/>
</bind>
</comp>

<comp id="170" class="1004" name="add_ln112_2_fu_170">
<pin_list>
<pin id="171" dir="0" index="0" bw="10" slack="0"/>
<pin id="172" dir="0" index="1" bw="11" slack="0"/>
<pin id="173" dir="1" index="2" bw="11" slack="0"/>
</pin_list>
<bind>
<opcode="add(8) " fcode="add"/>
<opset="add_ln112_2/1 "/>
</bind>
</comp>

<comp id="176" class="1004" name="lshr_ln112_2_fu_176">
<pin_list>
<pin id="177" dir="0" index="0" bw="10" slack="0"/>
<pin id="178" dir="0" index="1" bw="11" slack="0"/>
<pin id="179" dir="0" index="2" bw="1" slack="0"/>
<pin id="180" dir="0" index="3" bw="5" slack="0"/>
<pin id="181" dir="1" index="4" bw="10" slack="0"/>
</pin_list>
<bind>
<opcode="partselect(1002) " fcode="partselect"/>
<opset="lshr_ln112_2/1 "/>
</bind>
</comp>

<comp id="186" class="1004" name="zext_ln112_fu_186">
<pin_list>
<pin id="187" dir="0" index="0" bw="10" slack="0"/>
<pin id="188" dir="1" index="1" bw="64" slack="0"/>
</pin_list>
<bind>
<opcode="zext(34) " fcode="zext"/>
<opset="zext_ln112/1 "/>
</bind>
</comp>

<comp id="191" class="1004" name="icmp_ln112_fu_191">
<pin_list>
<pin id="192" dir="0" index="0" bw="16" slack="0"/>
<pin id="193" dir="0" index="1" bw="16" slack="0"/>
<pin id="194" dir="1" index="2" bw="1" slack="2147483647"/>
</pin_list>
<bind>
<opcode="icmp(45) " fcode="icmp"/>
<opset="icmp_ln112/2 "/>
</bind>
</comp>

<comp id="197" class="1004" name="i_131_fu_197">
<pin_list>
<pin id="198" dir="0" index="0" bw="8" slack="1"/>
<pin id="199" dir="0" index="1" bw="1" slack="0"/>
<pin id="200" dir="1" index="2" bw="8" slack="0"/>
</pin_list>
<bind>
<opcode="add(8) " fcode="add"/>
<opset="i_131/2 "/>
</bind>
</comp>

<comp id="202" class="1004" name="store_ln106_store_fu_202">
<pin_list>
<pin id="203" dir="0" index="0" bw="8" slack="0"/>
<pin id="204" dir="0" index="1" bw="8" slack="1"/>
<pin id="205" dir="1" index="2" bw="0" slack="2147483647"/>
</pin_list>
<bind>
<opcode="store(28) " fcode="store"/>
<opset="store_ln106/2 "/>
</bind>
</comp>

<comp id="207" class="1005" name="i_reg_207">
<pin_list>
<pin id="208" dir="0" index="0" bw="8" slack="0"/>
<pin id="209" dir="1" index="1" bw="8" slack="0"/>
</pin_list>
<bind>
<opset="i "/>
</bind>
</comp>

<comp id="214" class="1005" name="i_130_reg_214">
<pin_list>
<pin id="215" dir="0" index="0" bw="8" slack="1"/>
<pin id="216" dir="1" index="1" bw="8" slack="1"/>
</pin_list>
<bind>
<opset="i_130 "/>
</bind>
</comp>

<comp id="219" class="1005" name="icmp_ln106_reg_219">
<pin_list>
<pin id="220" dir="0" index="0" bw="1" slack="1"/>
<pin id="221" dir="1" index="1" bw="1" slack="2147483647"/>
</pin_list>
<bind>
<opset="icmp_ln106 "/>
</bind>
</comp>

<comp id="223" class="1005" name="move_addr_reg_223">
<pin_list>
<pin id="224" dir="0" index="0" bw="10" slack="1"/>
<pin id="225" dir="1" index="1" bw="10" slack="1"/>
</pin_list>
<bind>
<opset="move_addr "/>
</bind>
</comp>

<comp id="228" class="1005" name="move_addr_201_reg_228">
<pin_list>
<pin id="229" dir="0" index="0" bw="10" slack="1"/>
<pin id="230" dir="1" index="1" bw="10" slack="1"/>
</pin_list>
<bind>
<opset="move_addr_201 "/>
</bind>
</comp>

</comp_list>

<net_list>
<net id="53"><net_src comp="6" pin="0"/><net_sink comp="50" pin=0"/></net>

<net id="58"><net_src comp="10" pin="0"/><net_sink comp="54" pin=0"/></net>

<net id="59"><net_src comp="2" pin="0"/><net_sink comp="54" pin=1"/></net>

<net id="64"><net_src comp="12" pin="0"/><net_sink comp="60" pin=0"/></net>

<net id="65"><net_src comp="0" pin="0"/><net_sink comp="60" pin=1"/></net>

<net id="71"><net_src comp="4" pin="0"/><net_sink comp="66" pin=0"/></net>

<net id="72"><net_src comp="26" pin="0"/><net_sink comp="66" pin=1"/></net>

<net id="82"><net_src comp="66" pin="3"/><net_sink comp="73" pin=2"/></net>

<net id="88"><net_src comp="4" pin="0"/><net_sink comp="83" pin=0"/></net>

<net id="89"><net_src comp="26" pin="0"/><net_sink comp="83" pin=1"/></net>

<net id="90"><net_src comp="83" pin="3"/><net_sink comp="73" pin=0"/></net>

<net id="94"><net_src comp="48" pin="0"/><net_sink comp="91" pin=0"/></net>

<net id="101"><net_src comp="91" pin="1"/><net_sink comp="95" pin=0"/></net>

<net id="102"><net_src comp="18" pin="0"/><net_sink comp="95" pin=2"/></net>

<net id="107"><net_src comp="14" pin="0"/><net_sink comp="103" pin=0"/></net>

<net id="115"><net_src comp="108" pin="1"/><net_sink comp="111" pin=0"/></net>

<net id="116"><net_src comp="60" pin="2"/><net_sink comp="111" pin=1"/></net>

<net id="122"><net_src comp="16" pin="0"/><net_sink comp="117" pin=0"/></net>

<net id="123"><net_src comp="108" pin="1"/><net_sink comp="117" pin=1"/></net>

<net id="124"><net_src comp="18" pin="0"/><net_sink comp="117" pin=2"/></net>

<net id="128"><net_src comp="117" pin="3"/><net_sink comp="125" pin=0"/></net>

<net id="133"><net_src comp="125" pin="1"/><net_sink comp="129" pin=0"/></net>

<net id="134"><net_src comp="20" pin="0"/><net_sink comp="129" pin=1"/></net>

<net id="138"><net_src comp="129" pin="2"/><net_sink comp="135" pin=0"/></net>

<net id="143"><net_src comp="135" pin="1"/><net_sink comp="139" pin=0"/></net>

<net id="144"><net_src comp="54" pin="2"/><net_sink comp="139" pin=1"/></net>

<net id="151"><net_src comp="22" pin="0"/><net_sink comp="145" pin=0"/></net>

<net id="152"><net_src comp="139" pin="2"/><net_sink comp="145" pin=1"/></net>

<net id="153"><net_src comp="6" pin="0"/><net_sink comp="145" pin=2"/></net>

<net id="154"><net_src comp="24" pin="0"/><net_sink comp="145" pin=3"/></net>

<net id="158"><net_src comp="145" pin="4"/><net_sink comp="155" pin=0"/></net>

<net id="159"><net_src comp="155" pin="1"/><net_sink comp="66" pin=2"/></net>

<net id="164"><net_src comp="125" pin="1"/><net_sink comp="160" pin=0"/></net>

<net id="165"><net_src comp="28" pin="0"/><net_sink comp="160" pin=1"/></net>

<net id="169"><net_src comp="160" pin="2"/><net_sink comp="166" pin=0"/></net>

<net id="174"><net_src comp="166" pin="1"/><net_sink comp="170" pin=0"/></net>

<net id="175"><net_src comp="54" pin="2"/><net_sink comp="170" pin=1"/></net>

<net id="182"><net_src comp="22" pin="0"/><net_sink comp="176" pin=0"/></net>

<net id="183"><net_src comp="170" pin="2"/><net_sink comp="176" pin=1"/></net>

<net id="184"><net_src comp="6" pin="0"/><net_sink comp="176" pin=2"/></net>

<net id="185"><net_src comp="24" pin="0"/><net_sink comp="176" pin=3"/></net>

<net id="189"><net_src comp="176" pin="4"/><net_sink comp="186" pin=0"/></net>

<net id="190"><net_src comp="186" pin="1"/><net_sink comp="83" pin=2"/></net>

<net id="195"><net_src comp="73" pin="7"/><net_sink comp="191" pin=0"/></net>

<net id="196"><net_src comp="73" pin="3"/><net_sink comp="191" pin=1"/></net>

<net id="201"><net_src comp="14" pin="0"/><net_sink comp="197" pin=1"/></net>

<net id="206"><net_src comp="197" pin="2"/><net_sink comp="202" pin=0"/></net>

<net id="210"><net_src comp="50" pin="1"/><net_sink comp="207" pin=0"/></net>

<net id="211"><net_src comp="207" pin="1"/><net_sink comp="103" pin=1"/></net>

<net id="212"><net_src comp="207" pin="1"/><net_sink comp="108" pin=0"/></net>

<net id="213"><net_src comp="207" pin="1"/><net_sink comp="202" pin=1"/></net>

<net id="217"><net_src comp="108" pin="1"/><net_sink comp="214" pin=0"/></net>

<net id="218"><net_src comp="214" pin="1"/><net_sink comp="197" pin=0"/></net>

<net id="222"><net_src comp="111" pin="2"/><net_sink comp="219" pin=0"/></net>

<net id="226"><net_src comp="66" pin="3"/><net_sink comp="223" pin=0"/></net>

<net id="227"><net_src comp="223" pin="1"/><net_sink comp="73" pin=2"/></net>

<net id="231"><net_src comp="83" pin="3"/><net_sink comp="228" pin=0"/></net>

<net id="232"><net_src comp="228" pin="1"/><net_sink comp="73" pin=0"/></net>

</net_list>

</model> 
---------------- Datapath Model END ------------------

* FSMD analyzer results:
  - Output states:
	Port: move | {}
 - Input state : 
	Port: execute_Pipeline_VITIS_LOOP_106_1 : count_assign | {1 }
	Port: execute_Pipeline_VITIS_LOOP_106_1 : mul_ln2136 | {1 }
	Port: execute_Pipeline_VITIS_LOOP_106_1 : move | {1 2 }
  - Chain level:
	State 1
		store_ln106 : 1
		i_130 : 1
		icmp_ln106 : 2
		br_ln106 : 3
		shl_ln : 2
		zext_ln112_2 : 3
		add_ln112_1 : 4
		zext_ln112_4 : 5
		add_ln112 : 6
		lshr_ln : 7
		zext_ln112_3 : 8
		move_addr : 9
		move_load_7 : 10
		add_ln112_3 : 4
		zext_ln112_5 : 5
		add_ln112_2 : 6
		lshr_ln112_2 : 7
		zext_ln112 : 8
		move_addr_201 : 9
		move_load_8 : 10
	State 2
		icmp_ln112 : 1
		br_ln112 : 2
		store_ln106 : 1
		merge : 3
		ret_ln0 : 4


============================================================
+ Verbose Summary: Datapath Resource usage 
============================================================

* Functional unit list:
|----------|------------------------------|---------|---------|
| Operation|        Functional Unit       |    FF   |   LUT   |
|----------|------------------------------|---------|---------|
|          |      add_ln112_1_fu_129      |    0    |    16   |
|          |       add_ln112_fu_139       |    0    |    18   |
|    add   |      add_ln112_3_fu_160      |    0    |    16   |
|          |      add_ln112_2_fu_170      |    0    |    18   |
|          |         i_131_fu_197         |    0    |    15   |
|----------|------------------------------|---------|---------|
|   icmp   |       icmp_ln106_fu_111      |    0    |    15   |
|          |       icmp_ln112_fu_191      |    0    |    23   |
|----------|------------------------------|---------|---------|
|   read   |  mul_ln2136_read_read_fu_54  |    0    |    0    |
|          | count_assign_read_read_fu_60 |    0    |    0    |
|----------|------------------------------|---------|---------|
|bitconcatenate|         shl_ln_fu_117        |    0    |    0    |
|----------|------------------------------|---------|---------|
|          |      zext_ln112_2_fu_125     |    0    |    0    |
|          |      zext_ln112_4_fu_135     |    0    |    0    |
|   zext   |      zext_ln112_3_fu_155     |    0    |    0    |
|          |      zext_ln112_5_fu_166     |    0    |    0    |
|          |       zext_ln112_fu_186      |    0    |    0    |
|----------|------------------------------|---------|---------|
|partselect|        lshr_ln_fu_145        |    0    |    0    |
|          |      lshr_ln112_2_fu_176     |    0    |    0    |
|----------|------------------------------|---------|---------|
|   Total  |                              |    0    |   121   |
|----------|------------------------------|---------|---------|

Memories:
N/A

* Register list:
+---------------------+--------+
|                     |   FF   |
+---------------------+--------+
|    i_130_reg_214    |    8   |
|      i_reg_207      |    8   |
|  icmp_ln106_reg_219 |    1   |
|     merge_reg_91    |    1   |
|move_addr_201_reg_228|   10   |
|  move_addr_reg_223  |   10   |
+---------------------+--------+
|        Total        |   38   |
+---------------------+--------+

* Multiplexer (MUX) list: 
|------------------|------|------|------|--------||---------||---------||---------|
|       Comp       |  Pin | Size |  BW  | S x BW ||  Delay  ||    FF   ||   LUT   |
|------------------|------|------|------|--------||---------||---------||---------|
| grp_access_fu_73 |  p0  |   2  |  10  |   20   ||    0    ||    9    |
| grp_access_fu_73 |  p2  |   2  |   0  |    0   ||    0    ||    9    |
|------------------|------|------|------|--------||---------||---------||---------|
|       Total      |      |      |      |   20   ||  0.854  ||    0    ||    18   |
|------------------|------|------|------|--------||---------||---------||---------|



* Summary:
+-----------+--------+--------+--------+
|           |  Delay |   FF   |   LUT  |
+-----------+--------+--------+--------+
|  Function |    -   |    0   |   121  |
|   Memory  |    -   |    -   |    -   |
|Multiplexer|    0   |    0   |   18   |
|  Register |    -   |   38   |    -   |
+-----------+--------+--------+--------+
|   Total   |    0   |   38   |   139  |
+-----------+--------+--------+--------+
