

================================================================
== Vitis HLS Report for 'execute_Pipeline_VITIS_LOOP_106_16'
================================================================
* Date:           Sat Mar 28 14:02:28 2026

* Version:        2024.2 (Build 5238294 on Nov  8 2024)
* Project:        atomflow_controller_2024_2
* Solution:       hls (Vivado IP Flow Target)
* Product family: zynquplusRFSOC
* Target device:  xczu49dr-ffvf1760-2-e


================================================================
== Performance Estimates
================================================================
+ Timing: 
    * Summary: 
    +--------+----------+----------+------------+
    |  Clock |  Target  | Estimated| Uncertainty|
    +--------+----------+----------+------------+
    |ap_clk  |  10.00 ns|  3.238 ns|     2.70 ns|
    +--------+----------+----------+------------+

+ Latency: 
    * Summary: 
    +---------+---------+-----------+----------+-----+-----+------------------------------------------------+
    |  Latency (cycles) |  Latency (absolute)  |  Interval |                    Pipeline                    |
    |   min   |   max   |    min    |    max   | min | max |                      Type                      |
    +---------+---------+-----------+----------+-----+-----+------------------------------------------------+
    |        5|       35|  50.000 ns|  0.350 us|    4|   34|  loop auto-rewind stp (delay=0 clock cycles(s))|
    +---------+---------+-----------+----------+-----+-----+------------------------------------------------+

    + Detail: 
        * Instance: 
        N/A

        * Loop: 
        +--------------------+---------+---------+----------+-----------+-----------+--------+----------+
        |                    |  Latency (cycles) | Iteration|  Initiation Interval  |  Trip  |          |
        |      Loop Name     |   min   |   max   |  Latency |  achieved |   target  |  Count | Pipelined|
        +--------------------+---------+---------+----------+-----------+-----------+--------+----------+
        |- VITIS_LOOP_106_1  |        3|       33|         2|          2|          1|  1 ~ 16|       yes|
        +--------------------+---------+---------+----------+-----------+-----------+--------+----------+

============================================================
+ Verbose Summary: Synthesis Manager
============================================================
InlineROM: 1
ExposeGlobal: 0
============================================================
+ Verbose Summary: CDFG Model
============================================================
IsTopModel: 0
ResetActiveHigh: 1
IsCombinational: 0
IsDatapathOnly: 0
HasWiredReturn: 1
HasMFsm: 2
HasVarLatency: 1
IsPipeline: 0
IsRtlPipelined: 0
IsInstanceOverlapped: 0
IsDontTouch: 0
HasImplIP: 0
IsGatedGlobalClock: 0

+ Individual pipeline summary: 
  * Pipeline-0: initiation interval (II) = 2, depth = 2


============================================================
+ Verbose Summary: Schedule
============================================================
* Number of FSM states : 2
* Pipeline : 1
  Pipeline-0 : II = 2, D = 2, States = { 1 2 }
* Dataflow Pipeline: 0

* FSM state transitions: 
1 --> 2 
2 --> 

* FSM state operations: 

State 1 <SV = 0> <Delay = 3.23>
ST_1 : Operation 5 [1/1] (0.00ns)   --->   "%i = alloca i32 1" [/home/xiaorang/Documents/ATOMFLOW/sorting-organized-main/src/sortLatticeByRow.cpp:106->/home/xiaorang/Documents/ATOMFLOW/sorting-organized-main/src/sortLatticeByRow.cpp:2144]   --->   Operation 5 'alloca' 'i' <Predicate = true> <Delay = 0.00>
ST_1 : Operation 6 [1/1] (0.00ns)   --->   "%specbramwithbyteenable_ln0 = specbramwithbyteenable void @_ssdm_op_SpecBRAMWithByteEnable, i16 %move"   --->   Operation 6 'specbramwithbyteenable' 'specbramwithbyteenable_ln0' <Predicate = true> <Delay = 0.00>
ST_1 : Operation 7 [1/1] (0.00ns)   --->   "%mul_ln2136_read = read i11 @_ssdm_op_Read.ap_auto.i11, i11 %mul_ln2136"   --->   Operation 7 'read' 'mul_ln2136_read' <Predicate = true> <Delay = 0.00>
ST_1 : Operation 8 [1/1] (0.00ns)   --->   "%tmp = read i8 @_ssdm_op_Read.ap_auto.i8, i8 %empty"   --->   Operation 8 'read' 'tmp' <Predicate = true> <Delay = 0.00>
ST_1 : Operation 9 [1/1] (0.42ns)   --->   "%store_ln106 = store i8 1, i8 %i" [/home/xiaorang/Documents/ATOMFLOW/sorting-organized-main/src/sortLatticeByRow.cpp:106->/home/xiaorang/Documents/ATOMFLOW/sorting-organized-main/src/sortLatticeByRow.cpp:2144]   --->   Operation 9 'store' 'store_ln106' <Predicate = true> <Delay = 0.42>
ST_1 : Operation 10 [1/1] (0.00ns)   --->   "%br_ln0 = br void %for.body.i23"   --->   Operation 10 'br' 'br_ln0' <Predicate = true> <Delay = 0.00>
ST_1 : Operation 11 [1/1] (0.00ns)   --->   "%i_128 = load i8 %i" [/home/xiaorang/Documents/ATOMFLOW/sorting-organized-main/src/sortLatticeByRow.cpp:106->/home/xiaorang/Documents/ATOMFLOW/sorting-organized-main/src/sortLatticeByRow.cpp:2144]   --->   Operation 11 'load' 'i_128' <Predicate = true> <Delay = 0.00>
ST_1 : Operation 12 [1/1] (0.76ns)   --->   "%icmp_ln106 = icmp_ult  i8 %i_128, i8 %tmp" [/home/xiaorang/Documents/ATOMFLOW/sorting-organized-main/src/sortLatticeByRow.cpp:106->/home/xiaorang/Documents/ATOMFLOW/sorting-organized-main/src/sortLatticeByRow.cpp:2144]   --->   Operation 12 'icmp' 'icmp_ln106' <Predicate = true> <Delay = 0.76> <CoreInst = "Cmp">   --->   Core 9 'Cmp' <Latency = 0> <II = 1> <Delay = 0.76> <FuncUnit> <Opcode : 'seteq' 'setne' 'setle' 'setge' 'setlt' 'setgt'> <InPorts = 2> <OutPorts = 1>
ST_1 : Operation 13 [1/1] (0.42ns)   --->   "%br_ln106 = br i1 %icmp_ln106, void %for.cond.loopexit.exitStub, void %for.body.i23.split" [/home/xiaorang/Documents/ATOMFLOW/sorting-organized-main/src/sortLatticeByRow.cpp:106->/home/xiaorang/Documents/ATOMFLOW/sorting-organized-main/src/sortLatticeByRow.cpp:2144]   --->   Operation 13 'br' 'br_ln106' <Predicate = true> <Delay = 0.42>
ST_1 : Operation 14 [1/1] (0.00ns)   --->   "%shl_ln112_1 = bitconcatenate i9 @_ssdm_op_BitConcatenate.i9.i8.i1, i8 %i_128, i1 0" [/home/xiaorang/Documents/ATOMFLOW/sorting-organized-main/src/sortLatticeByRow.cpp:112->/home/xiaorang/Documents/ATOMFLOW/sorting-organized-main/src/sortLatticeByRow.cpp:2144]   --->   Operation 14 'bitconcatenate' 'shl_ln112_1' <Predicate = (icmp_ln106)> <Delay = 0.00>
ST_1 : Operation 15 [1/1] (0.00ns)   --->   "%zext_ln112 = zext i9 %shl_ln112_1" [/home/xiaorang/Documents/ATOMFLOW/sorting-organized-main/src/sortLatticeByRow.cpp:112->/home/xiaorang/Documents/ATOMFLOW/sorting-organized-main/src/sortLatticeByRow.cpp:2144]   --->   Operation 15 'zext' 'zext_ln112' <Predicate = (icmp_ln106)> <Delay = 0.00>
ST_1 : Operation 16 [1/1] (0.79ns)   --->   "%add_ln112 = add i11 %mul_ln2136_read, i11 %zext_ln112" [/home/xiaorang/Documents/ATOMFLOW/sorting-organized-main/src/sortLatticeByRow.cpp:112->/home/xiaorang/Documents/ATOMFLOW/sorting-organized-main/src/sortLatticeByRow.cpp:2144]   --->   Operation 16 'add' 'add_ln112' <Predicate = (icmp_ln106)> <Delay = 0.79> <CoreInst = "Adder">   --->   Core 1 'Adder' <Latency = 0> <II = 1> <Delay = 0.79> <FuncUnit> <Opcode : 'add' 'sub'> <InPorts = 2> <OutPorts = 1>
ST_1 : Operation 17 [1/1] (0.00ns)   --->   "%lshr_ln112_1 = partselect i10 @_ssdm_op_PartSelect.i10.i11.i32.i32, i11 %add_ln112, i32 1, i32 10" [/home/xiaorang/Documents/ATOMFLOW/sorting-organized-main/src/sortLatticeByRow.cpp:112->/home/xiaorang/Documents/ATOMFLOW/sorting-organized-main/src/sortLatticeByRow.cpp:2144]   --->   Operation 17 'partselect' 'lshr_ln112_1' <Predicate = (icmp_ln106)> <Delay = 0.00>
ST_1 : Operation 18 [1/1] (0.00ns)   --->   "%zext_ln112_2 = zext i10 %lshr_ln112_1" [/home/xiaorang/Documents/ATOMFLOW/sorting-organized-main/src/sortLatticeByRow.cpp:112->/home/xiaorang/Documents/ATOMFLOW/sorting-organized-main/src/sortLatticeByRow.cpp:2144]   --->   Operation 18 'zext' 'zext_ln112_2' <Predicate = (icmp_ln106)> <Delay = 0.00>
ST_1 : Operation 19 [1/1] (0.00ns)   --->   "%move_addr = getelementptr i16 %move, i64 0, i64 %zext_ln112_2" [/home/xiaorang/Documents/ATOMFLOW/sorting-organized-main/src/sortLatticeByRow.cpp:112->/home/xiaorang/Documents/ATOMFLOW/sorting-organized-main/src/sortLatticeByRow.cpp:2144]   --->   Operation 19 'getelementptr' 'move_addr' <Predicate = (icmp_ln106)> <Delay = 0.00>
ST_1 : Operation 20 [2/2] (1.23ns)   --->   "%move_load_13 = load i10 %move_addr" [/home/xiaorang/Documents/ATOMFLOW/sorting-organized-main/src/sortLatticeByRow.cpp:112->/home/xiaorang/Documents/ATOMFLOW/sorting-organized-main/src/sortLatticeByRow.cpp:2144]   --->   Operation 20 'load' 'move_load_13' <Predicate = (icmp_ln106)> <Delay = 1.23> <CoreInst = "RAM">   --->   Core 82 'RAM' <Latency = 1> <II = 1> <Delay = 1.23> <Storage> <Opcode : 'load' 'store'> <Ports = 2> <Width = 16> <Depth = 661> <RAM>
ST_1 : Operation 21 [1/1] (0.77ns)   --->   "%add_ln112_1 = add i9 %shl_ln112_1, i9 510" [/home/xiaorang/Documents/ATOMFLOW/sorting-organized-main/src/sortLatticeByRow.cpp:112->/home/xiaorang/Documents/ATOMFLOW/sorting-organized-main/src/sortLatticeByRow.cpp:2144]   --->   Operation 21 'add' 'add_ln112_1' <Predicate = (icmp_ln106)> <Delay = 0.77> <CoreInst = "Adder">   --->   Core 1 'Adder' <Latency = 0> <II = 1> <Delay = 0.77> <FuncUnit> <Opcode : 'add' 'sub'> <InPorts = 2> <OutPorts = 1>
ST_1 : Operation 22 [1/1] (0.00ns)   --->   "%zext_ln112_3 = zext i9 %add_ln112_1" [/home/xiaorang/Documents/ATOMFLOW/sorting-organized-main/src/sortLatticeByRow.cpp:112->/home/xiaorang/Documents/ATOMFLOW/sorting-organized-main/src/sortLatticeByRow.cpp:2144]   --->   Operation 22 'zext' 'zext_ln112_3' <Predicate = (icmp_ln106)> <Delay = 0.00>
ST_1 : Operation 23 [1/1] (0.79ns)   --->   "%add_ln112_2 = add i11 %zext_ln112_3, i11 %mul_ln2136_read" [/home/xiaorang/Documents/ATOMFLOW/sorting-organized-main/src/sortLatticeByRow.cpp:112->/home/xiaorang/Documents/ATOMFLOW/sorting-organized-main/src/sortLatticeByRow.cpp:2144]   --->   Operation 23 'add' 'add_ln112_2' <Predicate = (icmp_ln106)> <Delay = 0.79> <CoreInst = "Adder">   --->   Core 1 'Adder' <Latency = 0> <II = 1> <Delay = 0.79> <FuncUnit> <Opcode : 'add' 'sub'> <InPorts = 2> <OutPorts = 1>
ST_1 : Operation 24 [1/1] (0.00ns)   --->   "%lshr_ln112_3 = partselect i10 @_ssdm_op_PartSelect.i10.i11.i32.i32, i11 %add_ln112_2, i32 1, i32 10" [/home/xiaorang/Documents/ATOMFLOW/sorting-organized-main/src/sortLatticeByRow.cpp:112->/home/xiaorang/Documents/ATOMFLOW/sorting-organized-main/src/sortLatticeByRow.cpp:2144]   --->   Operation 24 'partselect' 'lshr_ln112_3' <Predicate = (icmp_ln106)> <Delay = 0.00>
ST_1 : Operation 25 [1/1] (0.00ns)   --->   "%zext_ln112_1 = zext i10 %lshr_ln112_3" [/home/xiaorang/Documents/ATOMFLOW/sorting-organized-main/src/sortLatticeByRow.cpp:112->/home/xiaorang/Documents/ATOMFLOW/sorting-organized-main/src/sortLatticeByRow.cpp:2144]   --->   Operation 25 'zext' 'zext_ln112_1' <Predicate = (icmp_ln106)> <Delay = 0.00>
ST_1 : Operation 26 [1/1] (0.00ns)   --->   "%move_addr_200 = getelementptr i16 %move, i64 0, i64 %zext_ln112_1" [/home/xiaorang/Documents/ATOMFLOW/sorting-organized-main/src/sortLatticeByRow.cpp:112->/home/xiaorang/Documents/ATOMFLOW/sorting-organized-main/src/sortLatticeByRow.cpp:2144]   --->   Operation 26 'getelementptr' 'move_addr_200' <Predicate = (icmp_ln106)> <Delay = 0.00>
ST_1 : Operation 27 [2/2] (1.23ns)   --->   "%move_load_14 = load i10 %move_addr_200" [/home/xiaorang/Documents/ATOMFLOW/sorting-organized-main/src/sortLatticeByRow.cpp:112->/home/xiaorang/Documents/ATOMFLOW/sorting-organized-main/src/sortLatticeByRow.cpp:2144]   --->   Operation 27 'load' 'move_load_14' <Predicate = (icmp_ln106)> <Delay = 1.23> <CoreInst = "RAM">   --->   Core 82 'RAM' <Latency = 1> <II = 1> <Delay = 1.23> <Storage> <Opcode : 'load' 'store'> <Ports = 2> <Width = 16> <Depth = 661> <RAM>

State 2 <SV = 1> <Delay = 2.51>
ST_2 : Operation 28 [1/1] (0.00ns)   --->   "%specpipeline_ln108 = specpipeline void @_ssdm_op_SpecPipeline, i32 1, i32 0, i32 0, i32 0, void @empty_18" [/home/xiaorang/Documents/ATOMFLOW/sorting-organized-main/src/sortLatticeByRow.cpp:108->/home/xiaorang/Documents/ATOMFLOW/sorting-organized-main/src/sortLatticeByRow.cpp:2144]   --->   Operation 28 'specpipeline' 'specpipeline_ln108' <Predicate = (icmp_ln106)> <Delay = 0.00>
ST_2 : Operation 29 [1/1] (0.00ns)   --->   "%speclooptripcount_ln109 = speclooptripcount void @_ssdm_op_SpecLoopTripCount, i64 1, i64 16, i64 8" [/home/xiaorang/Documents/ATOMFLOW/sorting-organized-main/src/sortLatticeByRow.cpp:109->/home/xiaorang/Documents/ATOMFLOW/sorting-organized-main/src/sortLatticeByRow.cpp:2144]   --->   Operation 29 'speclooptripcount' 'speclooptripcount_ln109' <Predicate = (icmp_ln106)> <Delay = 0.00>
ST_2 : Operation 30 [1/1] (0.00ns)   --->   "%specloopname_ln106 = specloopname void @_ssdm_op_SpecLoopName, void @empty_90" [/home/xiaorang/Documents/ATOMFLOW/sorting-organized-main/src/sortLatticeByRow.cpp:106->/home/xiaorang/Documents/ATOMFLOW/sorting-organized-main/src/sortLatticeByRow.cpp:2144]   --->   Operation 30 'specloopname' 'specloopname_ln106' <Predicate = (icmp_ln106)> <Delay = 0.00>
ST_2 : Operation 31 [1/2] ( I:1.23ns O:1.23ns )   --->   "%move_load_13 = load i10 %move_addr" [/home/xiaorang/Documents/ATOMFLOW/sorting-organized-main/src/sortLatticeByRow.cpp:112->/home/xiaorang/Documents/ATOMFLOW/sorting-organized-main/src/sortLatticeByRow.cpp:2144]   --->   Operation 31 'load' 'move_load_13' <Predicate = (icmp_ln106)> <Delay = 1.23> <CoreInst = "RAM">   --->   Core 82 'RAM' <Latency = 1> <II = 1> <Delay = 1.23> <Storage> <Opcode : 'load' 'store'> <Ports = 2> <Width = 16> <Depth = 661> <RAM>
ST_2 : Operation 32 [1/2] ( I:1.23ns O:1.23ns )   --->   "%move_load_14 = load i10 %move_addr_200" [/home/xiaorang/Documents/ATOMFLOW/sorting-organized-main/src/sortLatticeByRow.cpp:112->/home/xiaorang/Documents/ATOMFLOW/sorting-organized-main/src/sortLatticeByRow.cpp:2144]   --->   Operation 32 'load' 'move_load_14' <Predicate = (icmp_ln106)> <Delay = 1.23> <CoreInst = "RAM">   --->   Core 82 'RAM' <Latency = 1> <II = 1> <Delay = 1.23> <Storage> <Opcode : 'load' 'store'> <Ports = 2> <Width = 16> <Depth = 661> <RAM>
ST_2 : Operation 33 [1/1] (0.85ns)   --->   "%icmp_ln112 = icmp_sgt  i16 %move_load_13, i16 %move_load_14" [/home/xiaorang/Documents/ATOMFLOW/sorting-organized-main/src/sortLatticeByRow.cpp:112->/home/xiaorang/Documents/ATOMFLOW/sorting-organized-main/src/sortLatticeByRow.cpp:2144]   --->   Operation 33 'icmp' 'icmp_ln112' <Predicate = (icmp_ln106)> <Delay = 0.85> <CoreInst = "Cmp">   --->   Core 9 'Cmp' <Latency = 0> <II = 1> <Delay = 0.85> <FuncUnit> <Opcode : 'seteq' 'setne' 'setle' 'setge' 'setlt' 'setgt'> <InPorts = 2> <OutPorts = 1>
ST_2 : Operation 34 [1/1] (0.76ns)   --->   "%i_129 = add i8 %i_128, i8 1" [/home/xiaorang/Documents/ATOMFLOW/sorting-organized-main/src/sortLatticeByRow.cpp:106->/home/xiaorang/Documents/ATOMFLOW/sorting-organized-main/src/sortLatticeByRow.cpp:2144]   --->   Operation 34 'add' 'i_129' <Predicate = (icmp_ln106)> <Delay = 0.76> <CoreInst = "Adder">   --->   Core 1 'Adder' <Latency = 0> <II = 1> <Delay = 0.76> <FuncUnit> <Opcode : 'add' 'sub'> <InPorts = 2> <OutPorts = 1>
ST_2 : Operation 35 [1/1] (0.42ns)   --->   "%br_ln112 = br i1 %icmp_ln112, void %for.cond.loopexit.exitStub, void %for.cond.i16" [/home/xiaorang/Documents/ATOMFLOW/sorting-organized-main/src/sortLatticeByRow.cpp:112->/home/xiaorang/Documents/ATOMFLOW/sorting-organized-main/src/sortLatticeByRow.cpp:2144]   --->   Operation 35 'br' 'br_ln112' <Predicate = (icmp_ln106)> <Delay = 0.42>
ST_2 : Operation 36 [1/1] (0.42ns)   --->   "%store_ln106 = store i8 %i_129, i8 %i" [/home/xiaorang/Documents/ATOMFLOW/sorting-organized-main/src/sortLatticeByRow.cpp:106->/home/xiaorang/Documents/ATOMFLOW/sorting-organized-main/src/sortLatticeByRow.cpp:2144]   --->   Operation 36 'store' 'store_ln106' <Predicate = (icmp_ln106 & icmp_ln112)> <Delay = 0.42>
ST_2 : Operation 37 [1/1] (0.00ns)   --->   "%br_ln106 = br void %for.body.i23" [/home/xiaorang/Documents/ATOMFLOW/sorting-organized-main/src/sortLatticeByRow.cpp:106->/home/xiaorang/Documents/ATOMFLOW/sorting-organized-main/src/sortLatticeByRow.cpp:2144]   --->   Operation 37 'br' 'br_ln106' <Predicate = (icmp_ln106 & icmp_ln112)> <Delay = 0.00>
ST_2 : Operation 38 [1/1] (0.00ns) (grouped into LUT with out node ret_ln0)   --->   "%merge = phi i1 1, void %for.body.i23, i1 0, void %for.body.i23.split"   --->   Operation 38 'phi' 'merge' <Predicate = (!icmp_ln112) | (!icmp_ln106)> <Delay = 0.00>
ST_2 : Operation 39 [1/1] (0.42ns) (out node of the LUT)   --->   "%ret_ln0 = ret i1 %merge"   --->   Operation 39 'ret' 'ret_ln0' <Predicate = (!icmp_ln112) | (!icmp_ln106)> <Delay = 0.42>


============================================================
+ Verbose Summary: Binding
============================================================
STG Binding: 
---------------- STG Properties BEGIN ----------------
- Is combinational: 0
- Is one-state seq: 0
- Is datapath-only: 0
- Is pipelined: 0
- Is top level: 0
Port [ Return ] is wired: 1; IO mode=ap_ctrl_hs:ce=0
Port [ empty]:  wired=1; compound=0; hidden=0; nouse=0; global=0; static=0; extern=0; dir=0; type=0; pingpong=0; private_global=0; IO mode=ap_none:ce=0
Port [ mul_ln2136]:  wired=1; compound=0; hidden=0; nouse=0; global=0; static=0; extern=0; dir=0; type=0; pingpong=0; private_global=0; IO mode=ap_none:ce=0
Port [ move]:  wired=1; compound=1; hidden=0; nouse=0; global=0; static=0; extern=0; dir=0; type=1; pingpong=0; private_global=0; MemPort=[11]; IO mode=ap_memory:ce=0
---------------- STG Properties END ------------------

---------------- Datapath Model BEGIN ----------------

<LifeTime>
<method=bitvector/>
i                          (alloca                ) [ 011]
specbramwithbyteenable_ln0 (specbramwithbyteenable) [ 000]
mul_ln2136_read            (read                  ) [ 000]
tmp                        (read                  ) [ 000]
store_ln106                (store                 ) [ 000]
br_ln0                     (br                    ) [ 000]
i_128                      (load                  ) [ 001]
icmp_ln106                 (icmp                  ) [ 011]
br_ln106                   (br                    ) [ 011]
shl_ln112_1                (bitconcatenate        ) [ 000]
zext_ln112                 (zext                  ) [ 000]
add_ln112                  (add                   ) [ 000]
lshr_ln112_1               (partselect            ) [ 000]
zext_ln112_2               (zext                  ) [ 000]
move_addr                  (getelementptr         ) [ 001]
add_ln112_1                (add                   ) [ 000]
zext_ln112_3               (zext                  ) [ 000]
add_ln112_2                (add                   ) [ 000]
lshr_ln112_3               (partselect            ) [ 000]
zext_ln112_1               (zext                  ) [ 000]
move_addr_200              (getelementptr         ) [ 001]
specpipeline_ln108         (specpipeline          ) [ 000]
speclooptripcount_ln109    (speclooptripcount     ) [ 000]
specloopname_ln106         (specloopname          ) [ 000]
move_load_13               (load                  ) [ 000]
move_load_14               (load                  ) [ 000]
icmp_ln112                 (icmp                  ) [ 001]
i_129                      (add                   ) [ 000]
br_ln112                   (br                    ) [ 000]
store_ln106                (store                 ) [ 000]
br_ln106                   (br                    ) [ 000]
merge                      (phi                   ) [ 001]
ret_ln0                    (ret                   ) [ 000]
</LifeTime>

<model>

<comp_list>
<comp id="0" class="1000" name="empty">
<pin_list>
<pin id="1" dir="1" index="0" bw="1" slack="0"/>
</pin_list>
<bind>
<StgValue><ssdm name="empty"/></StgValue>
</bind>
</comp>

<comp id="2" class="1000" name="mul_ln2136">
<pin_list>
<pin id="3" dir="1" index="0" bw="1" slack="0"/>
</pin_list>
<bind>
<StgValue><ssdm name="mul_ln2136"/></StgValue>
</bind>
</comp>

<comp id="4" class="1000" name="move">
<pin_list>
<pin id="5" dir="1" index="0" bw="1" slack="0"/>
</pin_list>
<bind>
<StgValue><ssdm name="move"/><MemPortTyVec>1 1 </MemPortTyVec>
</StgValue>
</bind>
</comp>

<comp id="6" class="1001" name="const_6">
<pin_list>
<pin id="7" dir="1" index="0" bw="1" slack="0"/>
</pin_list>
<bind>
<StgValue><ssdm name=""/></StgValue>
</bind>
</comp>

<comp id="8" class="1001" name="const_8">
<pin_list>
<pin id="9" dir="1" index="0" bw="1" slack="2147483647"/>
</pin_list>
<bind>
<StgValue><ssdm name="_ssdm_op_SpecBRAMWithByteEnable"/></StgValue>
</bind>
</comp>

<comp id="10" class="1001" name="const_10">
<pin_list>
<pin id="11" dir="1" index="0" bw="1" slack="0"/>
</pin_list>
<bind>
<StgValue><ssdm name="_ssdm_op_Read.ap_auto.i11"/></StgValue>
</bind>
</comp>

<comp id="12" class="1001" name="const_12">
<pin_list>
<pin id="13" dir="1" index="0" bw="1" slack="0"/>
</pin_list>
<bind>
<StgValue><ssdm name="_ssdm_op_Read.ap_auto.i8"/></StgValue>
</bind>
</comp>

<comp id="14" class="1001" name="const_14">
<pin_list>
<pin id="15" dir="1" index="0" bw="1" slack="0"/>
</pin_list>
<bind>
<StgValue><ssdm name=""/></StgValue>
</bind>
</comp>

<comp id="16" class="1001" name="const_16">
<pin_list>
<pin id="17" dir="1" index="0" bw="1" slack="0"/>
</pin_list>
<bind>
<StgValue><ssdm name="_ssdm_op_BitConcatenate.i9.i8.i1"/></StgValue>
</bind>
</comp>

<comp id="18" class="1001" name="const_18">
<pin_list>
<pin id="19" dir="1" index="0" bw="1" slack="0"/>
</pin_list>
<bind>
<StgValue><ssdm name=""/></StgValue>
</bind>
</comp>

<comp id="20" class="1001" name="const_20">
<pin_list>
<pin id="21" dir="1" index="0" bw="1" slack="0"/>
</pin_list>
<bind>
<StgValue><ssdm name="_ssdm_op_PartSelect.i10.i11.i32.i32"/></StgValue>
</bind>
</comp>

<comp id="22" class="1001" name="const_22">
<pin_list>
<pin id="23" dir="1" index="0" bw="1" slack="0"/>
</pin_list>
<bind>
<StgValue><ssdm name=""/></StgValue>
</bind>
</comp>

<comp id="24" class="1001" name="const_24">
<pin_list>
<pin id="25" dir="1" index="0" bw="1" slack="0"/>
</pin_list>
<bind>
<StgValue><ssdm name=""/></StgValue>
</bind>
</comp>

<comp id="26" class="1001" name="const_26">
<pin_list>
<pin id="27" dir="1" index="0" bw="1" slack="0"/>
</pin_list>
<bind>
<StgValue><ssdm name=""/></StgValue>
</bind>
</comp>

<comp id="28" class="1001" name="const_28">
<pin_list>
<pin id="29" dir="1" index="0" bw="1" slack="2147483647"/>
</pin_list>
<bind>
<StgValue><ssdm name="_ssdm_op_SpecPipeline"/></StgValue>
</bind>
</comp>

<comp id="30" class="1001" name="const_30">
<pin_list>
<pin id="31" dir="1" index="0" bw="1" slack="2147483647"/>
</pin_list>
<bind>
<StgValue><ssdm name=""/></StgValue>
</bind>
</comp>

<comp id="32" class="1001" name="const_32">
<pin_list>
<pin id="33" dir="1" index="0" bw="1" slack="2147483647"/>
</pin_list>
<bind>
<StgValue><ssdm name="empty_18"/></StgValue>
</bind>
</comp>

<comp id="34" class="1001" name="const_34">
<pin_list>
<pin id="35" dir="1" index="0" bw="1" slack="2147483647"/>
</pin_list>
<bind>
<StgValue><ssdm name="_ssdm_op_SpecLoopTripCount"/></StgValue>
</bind>
</comp>

<comp id="36" class="1001" name="const_36">
<pin_list>
<pin id="37" dir="1" index="0" bw="1" slack="2147483647"/>
</pin_list>
<bind>
<StgValue><ssdm name=""/></StgValue>
</bind>
</comp>

<comp id="38" class="1001" name="const_38">
<pin_list>
<pin id="39" dir="1" index="0" bw="1" slack="2147483647"/>
</pin_list>
<bind>
<StgValue><ssdm name=""/></StgValue>
</bind>
</comp>

<comp id="40" class="1001" name="const_40">
<pin_list>
<pin id="41" dir="1" index="0" bw="1" slack="2147483647"/>
</pin_list>
<bind>
<StgValue><ssdm name=""/></StgValue>
</bind>
</comp>

<comp id="42" class="1001" name="const_42">
<pin_list>
<pin id="43" dir="1" index="0" bw="1" slack="2147483647"/>
</pin_list>
<bind>
<StgValue><ssdm name="_ssdm_op_SpecLoopName"/></StgValue>
</bind>
</comp>

<comp id="44" class="1001" name="const_44">
<pin_list>
<pin id="45" dir="1" index="0" bw="1" slack="2147483647"/>
</pin_list>
<bind>
<StgValue><ssdm name="empty_90"/></StgValue>
</bind>
</comp>

<comp id="46" class="1001" name="const_46">
<pin_list>
<pin id="47" dir="1" index="0" bw="1" slack="1"/>
</pin_list>
<bind>
<StgValue><ssdm name=""/></StgValue>
</bind>
</comp>

<comp id="48" class="1004" name="i_fu_48">
<pin_list>
<pin id="49" dir="0" index="0" bw="1" slack="0"/>
<pin id="50" dir="1" index="1" bw="8" slack="0"/>
</pin_list>
<bind>
<opcode="alloca(26) " fcode="alloca"/>
<opset="i/1 "/>
</bind>
</comp>

<comp id="52" class="1004" name="mul_ln2136_read_read_fu_52">
<pin_list>
<pin id="53" dir="0" index="0" bw="11" slack="0"/>
<pin id="54" dir="0" index="1" bw="11" slack="0"/>
<pin id="55" dir="1" index="2" bw="11" slack="0"/>
</pin_list>
<bind>
<opcode="read(1150) " fcode="read"/>
<opset="mul_ln2136_read/1 "/>
</bind>
</comp>

<comp id="58" class="1004" name="tmp_read_fu_58">
<pin_list>
<pin id="59" dir="0" index="0" bw="8" slack="0"/>
<pin id="60" dir="0" index="1" bw="8" slack="0"/>
<pin id="61" dir="1" index="2" bw="8" slack="0"/>
</pin_list>
<bind>
<opcode="read(1150) " fcode="read"/>
<opset="tmp/1 "/>
</bind>
</comp>

<comp id="64" class="1004" name="move_addr_gep_fu_64">
<pin_list>
<pin id="65" dir="0" index="0" bw="16" slack="0"/>
<pin id="66" dir="0" index="1" bw="1" slack="0"/>
<pin id="67" dir="0" index="2" bw="10" slack="0"/>
<pin id="68" dir="1" index="3" bw="10" slack="0"/>
</pin_list>
<bind>
<opcode="getelementptr(29) " fcode="getelementptr"/>
<opset="move_addr/1 "/>
</bind>
</comp>

<comp id="71" class="1004" name="grp_access_fu_71">
<pin_list>
<pin id="72" dir="0" index="0" bw="10" slack="0"/>
<pin id="73" dir="0" index="1" bw="16" slack="2147483647"/>
<pin id="74" dir="0" index="2" bw="0" slack="0"/>
<pin id="76" dir="0" index="4" bw="10" slack="2147483647"/>
<pin id="77" dir="0" index="5" bw="16" slack="2147483647"/>
<pin id="78" dir="0" index="6" bw="0" slack="2147483647"/>
<pin id="75" dir="1" index="3" bw="16" slack="0"/>
<pin id="79" dir="1" index="7" bw="16" slack="0"/>
</pin_list>
<bind>
<opcode="load(27) " fcode="load"/>
<opset="move_load_13/1 move_load_14/1 "/>
</bind>
</comp>

<comp id="81" class="1004" name="move_addr_200_gep_fu_81">
<pin_list>
<pin id="82" dir="0" index="0" bw="16" slack="0"/>
<pin id="83" dir="0" index="1" bw="1" slack="0"/>
<pin id="84" dir="0" index="2" bw="10" slack="0"/>
<pin id="85" dir="1" index="3" bw="10" slack="0"/>
</pin_list>
<bind>
<opcode="getelementptr(29) " fcode="getelementptr"/>
<opset="move_addr_200/1 "/>
</bind>
</comp>

<comp id="89" class="1005" name="merge_reg_89">
<pin_list>
<pin id="90" dir="0" index="0" bw="1" slack="1"/>
<pin id="91" dir="1" index="1" bw="1" slack="1"/>
</pin_list>
<bind>
<opset="merge (phireg) "/>
</bind>
</comp>

<comp id="93" class="1004" name="merge_phi_fu_93">
<pin_list>
<pin id="94" dir="0" index="0" bw="1" slack="1"/>
<pin id="95" dir="0" index="1" bw="0" slack="2147483647"/>
<pin id="96" dir="0" index="2" bw="1" slack="0"/>
<pin id="97" dir="0" index="3" bw="0" slack="2147483647"/>
<pin id="98" dir="1" index="4" bw="1" slack="2147483647"/>
</pin_list>
<bind>
<opcode="phi(47) " fcode="phi"/>
<opset="merge/2 "/>
</bind>
</comp>

<comp id="101" class="1004" name="store_ln106_store_fu_101">
<pin_list>
<pin id="102" dir="0" index="0" bw="1" slack="0"/>
<pin id="103" dir="0" index="1" bw="8" slack="0"/>
<pin id="104" dir="1" index="2" bw="0" slack="2147483647"/>
</pin_list>
<bind>
<opcode="store(28) " fcode="store"/>
<opset="store_ln106/1 "/>
</bind>
</comp>

<comp id="106" class="1004" name="i_128_load_fu_106">
<pin_list>
<pin id="107" dir="0" index="0" bw="8" slack="0"/>
<pin id="108" dir="1" index="1" bw="8" slack="0"/>
</pin_list>
<bind>
<opcode="load(27) " fcode="load"/>
<opset="i_128/1 "/>
</bind>
</comp>

<comp id="109" class="1004" name="icmp_ln106_fu_109">
<pin_list>
<pin id="110" dir="0" index="0" bw="8" slack="0"/>
<pin id="111" dir="0" index="1" bw="8" slack="0"/>
<pin id="112" dir="1" index="2" bw="1" slack="1"/>
</pin_list>
<bind>
<opcode="icmp(45) " fcode="icmp"/>
<opset="icmp_ln106/1 "/>
</bind>
</comp>

<comp id="115" class="1004" name="shl_ln112_1_fu_115">
<pin_list>
<pin id="116" dir="0" index="0" bw="9" slack="0"/>
<pin id="117" dir="0" index="1" bw="8" slack="0"/>
<pin id="118" dir="0" index="2" bw="1" slack="0"/>
<pin id="119" dir="1" index="3" bw="9" slack="0"/>
</pin_list>
<bind>
<opcode="bitconcatenate(1004) " fcode="bitconcatenate"/>
<opset="shl_ln112_1/1 "/>
</bind>
</comp>

<comp id="123" class="1004" name="zext_ln112_fu_123">
<pin_list>
<pin id="124" dir="0" index="0" bw="9" slack="0"/>
<pin id="125" dir="1" index="1" bw="11" slack="0"/>
</pin_list>
<bind>
<opcode="zext(34) " fcode="zext"/>
<opset="zext_ln112/1 "/>
</bind>
</comp>

<comp id="127" class="1004" name="add_ln112_fu_127">
<pin_list>
<pin id="128" dir="0" index="0" bw="11" slack="0"/>
<pin id="129" dir="0" index="1" bw="9" slack="0"/>
<pin id="130" dir="1" index="2" bw="11" slack="0"/>
</pin_list>
<bind>
<opcode="add(8) " fcode="add"/>
<opset="add_ln112/1 "/>
</bind>
</comp>

<comp id="133" class="1004" name="lshr_ln112_1_fu_133">
<pin_list>
<pin id="134" dir="0" index="0" bw="10" slack="0"/>
<pin id="135" dir="0" index="1" bw="11" slack="0"/>
<pin id="136" dir="0" index="2" bw="1" slack="0"/>
<pin id="137" dir="0" index="3" bw="5" slack="0"/>
<pin id="138" dir="1" index="4" bw="10" slack="0"/>
</pin_list>
<bind>
<opcode="partselect(1002) " fcode="partselect"/>
<opset="lshr_ln112_1/1 "/>
</bind>
</comp>

<comp id="143" class="1004" name="zext_ln112_2_fu_143">
<pin_list>
<pin id="144" dir="0" index="0" bw="10" slack="0"/>
<pin id="145" dir="1" index="1" bw="64" slack="0"/>
</pin_list>
<bind>
<opcode="zext(34) " fcode="zext"/>
<opset="zext_ln112_2/1 "/>
</bind>
</comp>

<comp id="148" class="1004" name="add_ln112_1_fu_148">
<pin_list>
<pin id="149" dir="0" index="0" bw="9" slack="0"/>
<pin id="150" dir="0" index="1" bw="2" slack="0"/>
<pin id="151" dir="1" index="2" bw="9" slack="0"/>
</pin_list>
<bind>
<opcode="add(8) " fcode="add"/>
<opset="add_ln112_1/1 "/>
</bind>
</comp>

<comp id="154" class="1004" name="zext_ln112_3_fu_154">
<pin_list>
<pin id="155" dir="0" index="0" bw="9" slack="0"/>
<pin id="156" dir="1" index="1" bw="11" slack="0"/>
</pin_list>
<bind>
<opcode="zext(34) " fcode="zext"/>
<opset="zext_ln112_3/1 "/>
</bind>
</comp>

<comp id="158" class="1004" name="add_ln112_2_fu_158">
<pin_list>
<pin id="159" dir="0" index="0" bw="9" slack="0"/>
<pin id="160" dir="0" index="1" bw="11" slack="0"/>
<pin id="161" dir="1" index="2" bw="11" slack="0"/>
</pin_list>
<bind>
<opcode="add(8) " fcode="add"/>
<opset="add_ln112_2/1 "/>
</bind>
</comp>

<comp id="164" class="1004" name="lshr_ln112_3_fu_164">
<pin_list>
<pin id="165" dir="0" index="0" bw="10" slack="0"/>
<pin id="166" dir="0" index="1" bw="11" slack="0"/>
<pin id="167" dir="0" index="2" bw="1" slack="0"/>
<pin id="168" dir="0" index="3" bw="5" slack="0"/>
<pin id="169" dir="1" index="4" bw="10" slack="0"/>
</pin_list>
<bind>
<opcode="partselect(1002) " fcode="partselect"/>
<opset="lshr_ln112_3/1 "/>
</bind>
</comp>

<comp id="174" class="1004" name="zext_ln112_1_fu_174">
<pin_list>
<pin id="175" dir="0" index="0" bw="10" slack="0"/>
<pin id="176" dir="1" index="1" bw="64" slack="0"/>
</pin_list>
<bind>
<opcode="zext(34) " fcode="zext"/>
<opset="zext_ln112_1/1 "/>
</bind>
</comp>

<comp id="179" class="1004" name="icmp_ln112_fu_179">
<pin_list>
<pin id="180" dir="0" index="0" bw="16" slack="0"/>
<pin id="181" dir="0" index="1" bw="16" slack="0"/>
<pin id="182" dir="1" index="2" bw="1" slack="2147483647"/>
</pin_list>
<bind>
<opcode="icmp(45) " fcode="icmp"/>
<opset="icmp_ln112/2 "/>
</bind>
</comp>

<comp id="185" class="1004" name="i_129_fu_185">
<pin_list>
<pin id="186" dir="0" index="0" bw="8" slack="1"/>
<pin id="187" dir="0" index="1" bw="1" slack="0"/>
<pin id="188" dir="1" index="2" bw="8" slack="0"/>
</pin_list>
<bind>
<opcode="add(8) " fcode="add"/>
<opset="i_129/2 "/>
</bind>
</comp>

<comp id="190" class="1004" name="store_ln106_store_fu_190">
<pin_list>
<pin id="191" dir="0" index="0" bw="8" slack="0"/>
<pin id="192" dir="0" index="1" bw="8" slack="1"/>
<pin id="193" dir="1" index="2" bw="0" slack="2147483647"/>
</pin_list>
<bind>
<opcode="store(28) " fcode="store"/>
<opset="store_ln106/2 "/>
</bind>
</comp>

<comp id="195" class="1005" name="i_reg_195">
<pin_list>
<pin id="196" dir="0" index="0" bw="8" slack="0"/>
<pin id="197" dir="1" index="1" bw="8" slack="0"/>
</pin_list>
<bind>
<opset="i "/>
</bind>
</comp>

<comp id="202" class="1005" name="i_128_reg_202">
<pin_list>
<pin id="203" dir="0" index="0" bw="8" slack="1"/>
<pin id="204" dir="1" index="1" bw="8" slack="1"/>
</pin_list>
<bind>
<opset="i_128 "/>
</bind>
</comp>

<comp id="207" class="1005" name="icmp_ln106_reg_207">
<pin_list>
<pin id="208" dir="0" index="0" bw="1" slack="1"/>
<pin id="209" dir="1" index="1" bw="1" slack="2147483647"/>
</pin_list>
<bind>
<opset="icmp_ln106 "/>
</bind>
</comp>

<comp id="211" class="1005" name="move_addr_reg_211">
<pin_list>
<pin id="212" dir="0" index="0" bw="10" slack="1"/>
<pin id="213" dir="1" index="1" bw="10" slack="1"/>
</pin_list>
<bind>
<opset="move_addr "/>
</bind>
</comp>

<comp id="216" class="1005" name="move_addr_200_reg_216">
<pin_list>
<pin id="217" dir="0" index="0" bw="10" slack="1"/>
<pin id="218" dir="1" index="1" bw="10" slack="1"/>
</pin_list>
<bind>
<opset="move_addr_200 "/>
</bind>
</comp>

</comp_list>

<net_list>
<net id="51"><net_src comp="6" pin="0"/><net_sink comp="48" pin=0"/></net>

<net id="56"><net_src comp="10" pin="0"/><net_sink comp="52" pin=0"/></net>

<net id="57"><net_src comp="2" pin="0"/><net_sink comp="52" pin=1"/></net>

<net id="62"><net_src comp="12" pin="0"/><net_sink comp="58" pin=0"/></net>

<net id="63"><net_src comp="0" pin="0"/><net_sink comp="58" pin=1"/></net>

<net id="69"><net_src comp="4" pin="0"/><net_sink comp="64" pin=0"/></net>

<net id="70"><net_src comp="24" pin="0"/><net_sink comp="64" pin=1"/></net>

<net id="80"><net_src comp="64" pin="3"/><net_sink comp="71" pin=2"/></net>

<net id="86"><net_src comp="4" pin="0"/><net_sink comp="81" pin=0"/></net>

<net id="87"><net_src comp="24" pin="0"/><net_sink comp="81" pin=1"/></net>

<net id="88"><net_src comp="81" pin="3"/><net_sink comp="71" pin=0"/></net>

<net id="92"><net_src comp="46" pin="0"/><net_sink comp="89" pin=0"/></net>

<net id="99"><net_src comp="89" pin="1"/><net_sink comp="93" pin=0"/></net>

<net id="100"><net_src comp="18" pin="0"/><net_sink comp="93" pin=2"/></net>

<net id="105"><net_src comp="14" pin="0"/><net_sink comp="101" pin=0"/></net>

<net id="113"><net_src comp="106" pin="1"/><net_sink comp="109" pin=0"/></net>

<net id="114"><net_src comp="58" pin="2"/><net_sink comp="109" pin=1"/></net>

<net id="120"><net_src comp="16" pin="0"/><net_sink comp="115" pin=0"/></net>

<net id="121"><net_src comp="106" pin="1"/><net_sink comp="115" pin=1"/></net>

<net id="122"><net_src comp="18" pin="0"/><net_sink comp="115" pin=2"/></net>

<net id="126"><net_src comp="115" pin="3"/><net_sink comp="123" pin=0"/></net>

<net id="131"><net_src comp="52" pin="2"/><net_sink comp="127" pin=0"/></net>

<net id="132"><net_src comp="123" pin="1"/><net_sink comp="127" pin=1"/></net>

<net id="139"><net_src comp="20" pin="0"/><net_sink comp="133" pin=0"/></net>

<net id="140"><net_src comp="127" pin="2"/><net_sink comp="133" pin=1"/></net>

<net id="141"><net_src comp="6" pin="0"/><net_sink comp="133" pin=2"/></net>

<net id="142"><net_src comp="22" pin="0"/><net_sink comp="133" pin=3"/></net>

<net id="146"><net_src comp="133" pin="4"/><net_sink comp="143" pin=0"/></net>

<net id="147"><net_src comp="143" pin="1"/><net_sink comp="64" pin=2"/></net>

<net id="152"><net_src comp="115" pin="3"/><net_sink comp="148" pin=0"/></net>

<net id="153"><net_src comp="26" pin="0"/><net_sink comp="148" pin=1"/></net>

<net id="157"><net_src comp="148" pin="2"/><net_sink comp="154" pin=0"/></net>

<net id="162"><net_src comp="154" pin="1"/><net_sink comp="158" pin=0"/></net>

<net id="163"><net_src comp="52" pin="2"/><net_sink comp="158" pin=1"/></net>

<net id="170"><net_src comp="20" pin="0"/><net_sink comp="164" pin=0"/></net>

<net id="171"><net_src comp="158" pin="2"/><net_sink comp="164" pin=1"/></net>

<net id="172"><net_src comp="6" pin="0"/><net_sink comp="164" pin=2"/></net>

<net id="173"><net_src comp="22" pin="0"/><net_sink comp="164" pin=3"/></net>

<net id="177"><net_src comp="164" pin="4"/><net_sink comp="174" pin=0"/></net>

<net id="178"><net_src comp="174" pin="1"/><net_sink comp="81" pin=2"/></net>

<net id="183"><net_src comp="71" pin="7"/><net_sink comp="179" pin=0"/></net>

<net id="184"><net_src comp="71" pin="3"/><net_sink comp="179" pin=1"/></net>

<net id="189"><net_src comp="14" pin="0"/><net_sink comp="185" pin=1"/></net>

<net id="194"><net_src comp="185" pin="2"/><net_sink comp="190" pin=0"/></net>

<net id="198"><net_src comp="48" pin="1"/><net_sink comp="195" pin=0"/></net>

<net id="199"><net_src comp="195" pin="1"/><net_sink comp="101" pin=1"/></net>

<net id="200"><net_src comp="195" pin="1"/><net_sink comp="106" pin=0"/></net>

<net id="201"><net_src comp="195" pin="1"/><net_sink comp="190" pin=1"/></net>

<net id="205"><net_src comp="106" pin="1"/><net_sink comp="202" pin=0"/></net>

<net id="206"><net_src comp="202" pin="1"/><net_sink comp="185" pin=0"/></net>

<net id="210"><net_src comp="109" pin="2"/><net_sink comp="207" pin=0"/></net>

<net id="214"><net_src comp="64" pin="3"/><net_sink comp="211" pin=0"/></net>

<net id="215"><net_src comp="211" pin="1"/><net_sink comp="71" pin=2"/></net>

<net id="219"><net_src comp="81" pin="3"/><net_sink comp="216" pin=0"/></net>

<net id="220"><net_src comp="216" pin="1"/><net_sink comp="71" pin=0"/></net>

</net_list>

</model> 
---------------- Datapath Model END ------------------

* FSMD analyzer results:
  - Output states:
 - Input state : 
	Port: execute_Pipeline_VITIS_LOOP_106_16 : empty | {1 }
	Port: execute_Pipeline_VITIS_LOOP_106_16 : mul_ln2136 | {1 }
	Port: execute_Pipeline_VITIS_LOOP_106_16 : move | {1 2 }
  - Chain level:
	State 1
		store_ln106 : 1
		i_128 : 1
		icmp_ln106 : 2
		br_ln106 : 3
		shl_ln112_1 : 2
		zext_ln112 : 3
		add_ln112 : 4
		lshr_ln112_1 : 5
		zext_ln112_2 : 6
		move_addr : 7
		move_load_13 : 8
		add_ln112_1 : 3
		zext_ln112_3 : 4
		add_ln112_2 : 5
		lshr_ln112_3 : 6
		zext_ln112_1 : 7
		move_addr_200 : 8
		move_load_14 : 9
	State 2
		icmp_ln112 : 1
		br_ln112 : 2
		store_ln106 : 1
		merge : 3
		ret_ln0 : 4


============================================================
+ Verbose Summary: Datapath Resource usage 
============================================================

* Functional unit list:
|----------|----------------------------|---------|---------|
| Operation|       Functional Unit      |    FF   |   LUT   |
|----------|----------------------------|---------|---------|
|          |      add_ln112_fu_127      |    0    |    18   |
|    add   |     add_ln112_1_fu_148     |    0    |    16   |
|          |     add_ln112_2_fu_158     |    0    |    18   |
|          |        i_129_fu_185        |    0    |    15   |
|----------|----------------------------|---------|---------|
|   icmp   |      icmp_ln106_fu_109     |    0    |    15   |
|          |      icmp_ln112_fu_179     |    0    |    23   |
|----------|----------------------------|---------|---------|
|   read   | mul_ln2136_read_read_fu_52 |    0    |    0    |
|          |       tmp_read_fu_58       |    0    |    0    |
|----------|----------------------------|---------|---------|
|bitconcatenate|     shl_ln112_1_fu_115     |    0    |    0    |
|----------|----------------------------|---------|---------|
|          |      zext_ln112_fu_123     |    0    |    0    |
|   zext   |     zext_ln112_2_fu_143    |    0    |    0    |
|          |     zext_ln112_3_fu_154    |    0    |    0    |
|          |     zext_ln112_1_fu_174    |    0    |    0    |
|----------|----------------------------|---------|---------|
|partselect|     lshr_ln112_1_fu_133    |    0    |    0    |
|          |     lshr_ln112_3_fu_164    |    0    |    0    |
|----------|----------------------------|---------|---------|
|   Total  |                            |    0    |   105   |
|----------|----------------------------|---------|---------|

Memories:
N/A

* Register list:
+---------------------+--------+
|                     |   FF   |
+---------------------+--------+
|    i_128_reg_202    |    8   |
|      i_reg_195      |    8   |
|  icmp_ln106_reg_207 |    1   |
|     merge_reg_89    |    1   |
|move_addr_200_reg_216|   10   |
|  move_addr_reg_211  |   10   |
+---------------------+--------+
|        Total        |   38   |
+---------------------+--------+

* Multiplexer (MUX) list: 
|------------------|------|------|------|--------||---------||---------||---------|
|       Comp       |  Pin | Size |  BW  | S x BW ||  Delay  ||    FF   ||   LUT   |
|------------------|------|------|------|--------||---------||---------||---------|
| grp_access_fu_71 |  p0  |   2  |  10  |   20   ||    0    ||    9    |
| grp_access_fu_71 |  p2  |   2  |   0  |    0   ||    0    ||    9    |
|------------------|------|------|------|--------||---------||---------||---------|
|       Total      |      |      |      |   20   ||  0.854  ||    0    ||    18   |
|------------------|------|------|------|--------||---------||---------||---------|



* Summary:
+-----------+--------+--------+--------+
|           |  Delay |   FF   |   LUT  |
+-----------+--------+--------+--------+
|  Function |    -   |    0   |   105  |
|   Memory  |    -   |    -   |    -   |
|Multiplexer|    0   |    0   |   18   |
|  Register |    -   |   38   |    -   |
+-----------+--------+--------+--------+
|   Total   |    0   |   38   |   123  |
+-----------+--------+--------+--------+
