

================================================================
== Vitis HLS Report for 'findUnusableAtoms_Pipeline_VITIS_LOOP_1453_3'
================================================================
* Date:           Sat Mar 28 14:02:27 2026

* Version:        2024.2 (Build 5238294 on Nov  8 2024)
* Project:        atomflow_controller_2024_2
* Solution:       hls (Vivado IP Flow Target)
* Product family: zynquplusRFSOC
* Target device:  xczu49dr-ffvf1760-2-e


================================================================
== Performance Estimates
================================================================
+ Timing: 
    * Summary: 
    +--------+----------+----------+------------+
    |  Clock |  Target  | Estimated| Uncertainty|
    +--------+----------+----------+------------+
    |ap_clk  |  10.00 ns|  4.048 ns|     2.70 ns|
    +--------+----------+----------+------------+

+ Latency: 
    * Summary: 
    +---------+---------+-----------+----------+-----+-----+------------------------------------------------+
    |  Latency (cycles) |  Latency (absolute)  |  Interval |                    Pipeline                    |
    |   min   |   max   |    min    |    max   | min | max |                      Type                      |
    +---------+---------+-----------+----------+-----+-----+------------------------------------------------+
    |        4|      102|  40.000 ns|  1.020 us|    3|  101|  loop auto-rewind stp (delay=0 clock cycles(s))|
    +---------+---------+-----------+----------+-----+-----+------------------------------------------------+

    + Detail: 
        * Instance: 
        N/A

        * Loop: 
        +---------------------+---------+---------+----------+-----------+-----------+--------+----------+
        |                     |  Latency (cycles) | Iteration|  Initiation Interval  |  Trip  |          |
        |      Loop Name      |   min   |   max   |  Latency |  achieved |   target  |  Count | Pipelined|
        +---------------------+---------+---------+----------+-----------+-----------+--------+----------+
        |- VITIS_LOOP_1453_3  |        2|      100|         3|          2|          2|  1 ~ 50|       yes|
        +---------------------+---------+---------+----------+-----------+-----------+--------+----------+

============================================================
+ Verbose Summary: Synthesis Manager
============================================================
InlineROM: 1
ExposeGlobal: 0
============================================================
+ Verbose Summary: CDFG Model
============================================================
IsTopModel: 0
ResetActiveHigh: 1
IsCombinational: 0
IsDatapathOnly: 0
HasWiredReturn: 1
HasMFsm: 2
HasVarLatency: 1
IsPipeline: 0
IsRtlPipelined: 0
IsInstanceOverlapped: 0
IsDontTouch: 0
HasImplIP: 0
IsGatedGlobalClock: 0

+ Individual pipeline summary: 
  * Pipeline-0: initiation interval (II) = 2, depth = 3


============================================================
+ Verbose Summary: Schedule
============================================================
* Number of FSM states : 3
* Pipeline : 1
  Pipeline-0 : II = 2, D = 3, States = { 1 2 3 }
* Dataflow Pipeline: 0

* FSM state transitions: 
1 --> 2 
2 --> 3 
3 --> 

* FSM state operations: 

State 1 <SV = 0> <Delay = 2.62>
ST_1 : Operation 6 [1/1] (0.00ns)   --->   "%col_2 = alloca i32 1" [/home/xiaorang/Documents/ATOMFLOW/atomflow_controller/../sorting-organized-main/src/sortLatticeByRow.hpp:315->/home/xiaorang/Documents/ATOMFLOW/sorting-organized-main/src/sortLatticeByRow.cpp:1469]   --->   Operation 6 'alloca' 'col_2' <Predicate = true> <Delay = 0.00>
ST_1 : Operation 7 [1/1] (0.00ns)   --->   "%indexXC_read = read i3 @_ssdm_op_Read.ap_auto.i3, i3 %indexXC"   --->   Operation 7 'read' 'indexXC_read' <Predicate = true> <Delay = 0.00>
ST_1 : Operation 8 [1/1] (0.00ns)   --->   "%zext_ln135_4_read = read i16 @_ssdm_op_Read.ap_auto.i16, i16 %zext_ln135_4"   --->   Operation 8 'read' 'zext_ln135_4_read' <Predicate = true> <Delay = 0.00>
ST_1 : Operation 9 [1/1] (0.00ns)   --->   "%tmp_547 = read i10 @_ssdm_op_Read.ap_auto.i10, i10 %empty"   --->   Operation 9 'read' 'tmp_547' <Predicate = true> <Delay = 0.00>
ST_1 : Operation 10 [1/1] (0.00ns)   --->   "%mul_i_read = read i10 @_ssdm_op_Read.ap_auto.i10, i10 %mul_i"   --->   Operation 10 'read' 'mul_i_read' <Predicate = true> <Delay = 0.00>
ST_1 : Operation 11 [1/1] (0.00ns)   --->   "%rev_read = read i1 @_ssdm_op_Read.ap_auto.i1, i1 %rev"   --->   Operation 11 'read' 'rev_read' <Predicate = true> <Delay = 0.00>
ST_1 : Operation 12 [1/1] (0.00ns)   --->   "%cmp22_read = read i1 @_ssdm_op_Read.ap_auto.i1, i1 %cmp22"   --->   Operation 12 'read' 'cmp22_read' <Predicate = true> <Delay = 0.00>
ST_1 : Operation 13 [1/1] (0.00ns)   --->   "%compZoneColEnd_read = read i32 @_ssdm_op_Read.ap_auto.i32, i32 %compZoneColEnd"   --->   Operation 13 'read' 'compZoneColEnd_read' <Predicate = true> <Delay = 0.00>
ST_1 : Operation 14 [1/1] (0.00ns)   --->   "%compZoneColStart_read = read i32 @_ssdm_op_Read.ap_auto.i32, i32 %compZoneColStart"   --->   Operation 14 'read' 'compZoneColStart_read' <Predicate = true> <Delay = 0.00>
ST_1 : Operation 15 [1/1] (0.00ns)   --->   "%zext_ln1446_2_read = read i5 @_ssdm_op_Read.ap_auto.i5, i5 %zext_ln1446_2"   --->   Operation 15 'read' 'zext_ln1446_2_read' <Predicate = true> <Delay = 0.00>
ST_1 : Operation 16 [1/1] (0.00ns)   --->   "%phi_mul_read = read i10 @_ssdm_op_Read.ap_auto.i10, i10 %phi_mul"   --->   Operation 16 'read' 'phi_mul_read' <Predicate = true> <Delay = 0.00>
ST_1 : Operation 17 [1/1] (0.00ns)   --->   "%tmp_548 = read i9 @_ssdm_op_Read.ap_auto.i9, i9 %empty_151"   --->   Operation 17 'read' 'tmp_548' <Predicate = true> <Delay = 0.00>
ST_1 : Operation 18 [1/1] (0.00ns)   --->   "%zext_ln1446_2_cast = zext i5 %zext_ln1446_2_read"   --->   Operation 18 'zext' 'zext_ln1446_2_cast' <Predicate = true> <Delay = 0.00>
ST_1 : Operation 19 [1/1] (0.00ns)   --->   "%specmemcore_ln0 = specmemcore void @_ssdm_op_SpecMemCore, i1 %targetGeometry_data_s, i64 666, i64 22, i64 18446744073709551615"   --->   Operation 19 'specmemcore' 'specmemcore_ln0' <Predicate = true> <Delay = 0.00>
ST_1 : Operation 20 [1/1] (0.00ns)   --->   "%specmemcore_ln0 = specmemcore void @_ssdm_op_SpecMemCore, i1 %stateArray_data_s, i64 666, i64 22, i64 18446744073709551615"   --->   Operation 20 'specmemcore' 'specmemcore_ln0' <Predicate = true> <Delay = 0.00>
ST_1 : Operation 21 [1/1] (0.00ns)   --->   "%specmemcore_ln0 = specmemcore void @_ssdm_op_SpecMemCore, i32 %usableAtoms_data, i64 666, i64 22, i64 18446744073709551615"   --->   Operation 21 'specmemcore' 'specmemcore_ln0' <Predicate = true> <Delay = 0.00>
ST_1 : Operation 22 [1/1] (0.00ns)   --->   "%specmemcore_ln0 = specmemcore void @_ssdm_op_SpecMemCore, i16 %usableAtoms_count_7, i64 666, i64 22, i64 18446744073709551615"   --->   Operation 22 'specmemcore' 'specmemcore_ln0' <Predicate = true> <Delay = 0.00>
ST_1 : Operation 23 [1/1] (0.00ns)   --->   "%specmemcore_ln0 = specmemcore void @_ssdm_op_SpecMemCore, i16 %usableAtoms_count_6, i64 666, i64 22, i64 18446744073709551615"   --->   Operation 23 'specmemcore' 'specmemcore_ln0' <Predicate = true> <Delay = 0.00>
ST_1 : Operation 24 [1/1] (0.00ns)   --->   "%specmemcore_ln0 = specmemcore void @_ssdm_op_SpecMemCore, i16 %usableAtoms_count_5, i64 666, i64 22, i64 18446744073709551615"   --->   Operation 24 'specmemcore' 'specmemcore_ln0' <Predicate = true> <Delay = 0.00>
ST_1 : Operation 25 [1/1] (0.00ns)   --->   "%specmemcore_ln0 = specmemcore void @_ssdm_op_SpecMemCore, i16 %usableAtoms_count_4, i64 666, i64 22, i64 18446744073709551615"   --->   Operation 25 'specmemcore' 'specmemcore_ln0' <Predicate = true> <Delay = 0.00>
ST_1 : Operation 26 [1/1] (0.00ns)   --->   "%specmemcore_ln0 = specmemcore void @_ssdm_op_SpecMemCore, i16 %usableAtoms_count_3, i64 666, i64 22, i64 18446744073709551615"   --->   Operation 26 'specmemcore' 'specmemcore_ln0' <Predicate = true> <Delay = 0.00>
ST_1 : Operation 27 [1/1] (0.00ns)   --->   "%specmemcore_ln0 = specmemcore void @_ssdm_op_SpecMemCore, i16 %usableAtoms_count_2, i64 666, i64 22, i64 18446744073709551615"   --->   Operation 27 'specmemcore' 'specmemcore_ln0' <Predicate = true> <Delay = 0.00>
ST_1 : Operation 28 [1/1] (0.00ns)   --->   "%specmemcore_ln0 = specmemcore void @_ssdm_op_SpecMemCore, i16 %usableAtoms_count_1, i64 666, i64 22, i64 18446744073709551615"   --->   Operation 28 'specmemcore' 'specmemcore_ln0' <Predicate = true> <Delay = 0.00>
ST_1 : Operation 29 [1/1] (0.00ns)   --->   "%specmemcore_ln0 = specmemcore void @_ssdm_op_SpecMemCore, i16 %usableAtoms_count_0, i64 666, i64 22, i64 18446744073709551615"   --->   Operation 29 'specmemcore' 'specmemcore_ln0' <Predicate = true> <Delay = 0.00>
ST_1 : Operation 30 [1/1] (0.00ns)   --->   "%specmemcore_ln0 = specmemcore void @_ssdm_op_SpecMemCore, i8 %targetSites_data, i64 666, i64 22, i64 18446744073709551615"   --->   Operation 30 'specmemcore' 'specmemcore_ln0' <Predicate = true> <Delay = 0.00>
ST_1 : Operation 31 [1/1] (0.00ns)   --->   "%specmemcore_ln0 = specmemcore void @_ssdm_op_SpecMemCore, i16 %targetSites_count_7, i64 666, i64 22, i64 18446744073709551615"   --->   Operation 31 'specmemcore' 'specmemcore_ln0' <Predicate = true> <Delay = 0.00>
ST_1 : Operation 32 [1/1] (0.00ns)   --->   "%specmemcore_ln0 = specmemcore void @_ssdm_op_SpecMemCore, i16 %targetSites_count_6, i64 666, i64 22, i64 18446744073709551615"   --->   Operation 32 'specmemcore' 'specmemcore_ln0' <Predicate = true> <Delay = 0.00>
ST_1 : Operation 33 [1/1] (0.00ns)   --->   "%specmemcore_ln0 = specmemcore void @_ssdm_op_SpecMemCore, i16 %targetSites_count_5, i64 666, i64 22, i64 18446744073709551615"   --->   Operation 33 'specmemcore' 'specmemcore_ln0' <Predicate = true> <Delay = 0.00>
ST_1 : Operation 34 [1/1] (0.00ns)   --->   "%specmemcore_ln0 = specmemcore void @_ssdm_op_SpecMemCore, i16 %targetSites_count_4, i64 666, i64 22, i64 18446744073709551615"   --->   Operation 34 'specmemcore' 'specmemcore_ln0' <Predicate = true> <Delay = 0.00>
ST_1 : Operation 35 [1/1] (0.00ns)   --->   "%specmemcore_ln0 = specmemcore void @_ssdm_op_SpecMemCore, i16 %targetSites_count_3, i64 666, i64 22, i64 18446744073709551615"   --->   Operation 35 'specmemcore' 'specmemcore_ln0' <Predicate = true> <Delay = 0.00>
ST_1 : Operation 36 [1/1] (0.00ns)   --->   "%specmemcore_ln0 = specmemcore void @_ssdm_op_SpecMemCore, i16 %targetSites_count_2, i64 666, i64 22, i64 18446744073709551615"   --->   Operation 36 'specmemcore' 'specmemcore_ln0' <Predicate = true> <Delay = 0.00>
ST_1 : Operation 37 [1/1] (0.00ns)   --->   "%specmemcore_ln0 = specmemcore void @_ssdm_op_SpecMemCore, i16 %targetSites_count_1, i64 666, i64 22, i64 18446744073709551615"   --->   Operation 37 'specmemcore' 'specmemcore_ln0' <Predicate = true> <Delay = 0.00>
ST_1 : Operation 38 [1/1] (0.00ns)   --->   "%specmemcore_ln0 = specmemcore void @_ssdm_op_SpecMemCore, i16 %targetSites_count_0, i64 666, i64 22, i64 18446744073709551615"   --->   Operation 38 'specmemcore' 'specmemcore_ln0' <Predicate = true> <Delay = 0.00>
ST_1 : Operation 39 [1/1] (0.42ns)   --->   "%store_ln315 = store i9 0, i9 %col_2" [/home/xiaorang/Documents/ATOMFLOW/atomflow_controller/../sorting-organized-main/src/sortLatticeByRow.hpp:315->/home/xiaorang/Documents/ATOMFLOW/sorting-organized-main/src/sortLatticeByRow.cpp:1469]   --->   Operation 39 'store' 'store_ln315' <Predicate = true> <Delay = 0.42>
ST_1 : Operation 40 [1/1] (0.00ns)   --->   "%br_ln1453 = br void %cond.end19" [/home/xiaorang/Documents/ATOMFLOW/sorting-organized-main/src/sortLatticeByRow.cpp:1453]   --->   Operation 40 'br' 'br_ln1453' <Predicate = true> <Delay = 0.00>
ST_1 : Operation 41 [1/1] (0.00ns)   --->   "%col_3 = load i9 %col_2" [/home/xiaorang/Documents/ATOMFLOW/sorting-organized-main/src/sortLatticeByRow.cpp:1522]   --->   Operation 41 'load' 'col_3' <Predicate = true> <Delay = 0.00>
ST_1 : Operation 42 [1/1] (0.77ns)   --->   "%icmp_ln1453 = icmp_eq  i9 %col_3, i9 %tmp_548" [/home/xiaorang/Documents/ATOMFLOW/sorting-organized-main/src/sortLatticeByRow.cpp:1453]   --->   Operation 42 'icmp' 'icmp_ln1453' <Predicate = true> <Delay = 0.77> <CoreInst = "Cmp">   --->   Core 9 'Cmp' <Latency = 0> <II = 1> <Delay = 0.77> <FuncUnit> <Opcode : 'seteq' 'setne' 'setle' 'setge' 'setlt' 'setgt'> <InPorts = 2> <OutPorts = 1>
ST_1 : Operation 43 [1/1] (0.77ns)   --->   "%indexAC = add i9 %col_3, i9 1" [/home/xiaorang/Documents/ATOMFLOW/sorting-organized-main/src/sortLatticeByRow.cpp:1453]   --->   Operation 43 'add' 'indexAC' <Predicate = true> <Delay = 0.77> <CoreInst = "Adder">   --->   Core 1 'Adder' <Latency = 0> <II = 1> <Delay = 0.77> <FuncUnit> <Opcode : 'add' 'sub'> <InPorts = 2> <OutPorts = 1>
ST_1 : Operation 44 [1/1] (0.00ns)   --->   "%br_ln1453 = br i1 %icmp_ln1453, void %cond.end19.split, void %for.inc102.loopexit.exitStub" [/home/xiaorang/Documents/ATOMFLOW/sorting-organized-main/src/sortLatticeByRow.cpp:1453]   --->   Operation 44 'br' 'br_ln1453' <Predicate = true> <Delay = 0.00>
ST_1 : Operation 45 [1/1] (0.00ns)   --->   "%zext_ln1453 = zext i9 %col_3" [/home/xiaorang/Documents/ATOMFLOW/sorting-organized-main/src/sortLatticeByRow.cpp:1453]   --->   Operation 45 'zext' 'zext_ln1453' <Predicate = (!icmp_ln1453)> <Delay = 0.00>
ST_1 : Operation 46 [1/1] (0.00ns)   --->   "%zext_ln1453_1 = zext i9 %col_3" [/home/xiaorang/Documents/ATOMFLOW/sorting-organized-main/src/sortLatticeByRow.cpp:1453]   --->   Operation 46 'zext' 'zext_ln1453_1' <Predicate = (!icmp_ln1453)> <Delay = 0.00>
ST_1 : Operation 47 [1/1] (1.01ns)   --->   "%icmp_ln1464 = icmp_ult  i32 %zext_ln1453_1, i32 %compZoneColStart_read" [/home/xiaorang/Documents/ATOMFLOW/sorting-organized-main/src/sortLatticeByRow.cpp:1464]   --->   Operation 47 'icmp' 'icmp_ln1464' <Predicate = (!icmp_ln1453)> <Delay = 1.01> <CoreInst = "Cmp">   --->   Core 9 'Cmp' <Latency = 0> <II = 1> <Delay = 1.01> <FuncUnit> <Opcode : 'seteq' 'setne' 'setle' 'setge' 'setlt' 'setgt'> <InPorts = 2> <OutPorts = 1>
ST_1 : Operation 48 [1/1] (0.00ns) (grouped into LUT with out node and_ln1464_1)   --->   "%xor_ln1464 = xor i1 %icmp_ln1464, i1 1" [/home/xiaorang/Documents/ATOMFLOW/sorting-organized-main/src/sortLatticeByRow.cpp:1464]   --->   Operation 48 'xor' 'xor_ln1464' <Predicate = (!icmp_ln1453)> <Delay = 0.00> <CoreInst = "LogicGate">   --->   Core 74 'LogicGate' <Latency = 0> <II = 1> <Delay = 0.28> <FuncUnit> <Opcode : 'and' 'or' 'xor'> <InPorts = 2> <OutPorts = 1>
ST_1 : Operation 49 [1/1] (1.01ns)   --->   "%icmp_ln1465 = icmp_ult  i32 %zext_ln1453_1, i32 %compZoneColEnd_read" [/home/xiaorang/Documents/ATOMFLOW/sorting-organized-main/src/sortLatticeByRow.cpp:1465]   --->   Operation 49 'icmp' 'icmp_ln1465' <Predicate = (!icmp_ln1453)> <Delay = 1.01> <CoreInst = "Cmp">   --->   Core 9 'Cmp' <Latency = 0> <II = 1> <Delay = 1.01> <FuncUnit> <Opcode : 'seteq' 'setne' 'setle' 'setge' 'setlt' 'setgt'> <InPorts = 2> <OutPorts = 1>
ST_1 : Operation 50 [1/1] (0.00ns) (grouped into LUT with out node and_ln1464_1)   --->   "%and_ln1464 = and i1 %cmp22_read, i1 %rev_read" [/home/xiaorang/Documents/ATOMFLOW/sorting-organized-main/src/sortLatticeByRow.cpp:1464]   --->   Operation 50 'and' 'and_ln1464' <Predicate = (!icmp_ln1453)> <Delay = 0.00> <CoreInst = "LogicGate">   --->   Core 74 'LogicGate' <Latency = 0> <II = 1> <Delay = 0.28> <FuncUnit> <Opcode : 'and' 'or' 'xor'> <InPorts = 2> <OutPorts = 1>
ST_1 : Operation 51 [1/1] (0.00ns) (grouped into LUT with out node and_ln1464_1)   --->   "%and_ln1464_2 = and i1 %and_ln1464, i1 %icmp_ln1465" [/home/xiaorang/Documents/ATOMFLOW/sorting-organized-main/src/sortLatticeByRow.cpp:1464]   --->   Operation 51 'and' 'and_ln1464_2' <Predicate = (!icmp_ln1453)> <Delay = 0.00> <CoreInst = "LogicGate">   --->   Core 74 'LogicGate' <Latency = 0> <II = 1> <Delay = 0.28> <FuncUnit> <Opcode : 'and' 'or' 'xor'> <InPorts = 2> <OutPorts = 1>
ST_1 : Operation 52 [1/1] (0.28ns) (out node of the LUT)   --->   "%and_ln1464_1 = and i1 %and_ln1464_2, i1 %xor_ln1464" [/home/xiaorang/Documents/ATOMFLOW/sorting-organized-main/src/sortLatticeByRow.cpp:1464]   --->   Operation 52 'and' 'and_ln1464_1' <Predicate = (!icmp_ln1453)> <Delay = 0.28> <CoreInst = "LogicGate">   --->   Core 74 'LogicGate' <Latency = 0> <II = 1> <Delay = 0.28> <FuncUnit> <Opcode : 'and' 'or' 'xor'> <InPorts = 2> <OutPorts = 1>
ST_1 : Operation 53 [1/1] (0.00ns)   --->   "%br_ln1464 = br i1 %and_ln1464_1, void %if.end32, void %land.lhs.true27" [/home/xiaorang/Documents/ATOMFLOW/sorting-organized-main/src/sortLatticeByRow.cpp:1464]   --->   Operation 53 'br' 'br_ln1464' <Predicate = (!icmp_ln1453)> <Delay = 0.00>
ST_1 : Operation 54 [1/1] (0.00ns) (grouped into TernaryAdder)   --->   "%col = sub i10 %mul_i_read, i10 %tmp_547" [/home/xiaorang/Documents/ATOMFLOW/sorting-organized-main/src/sortLatticeByRow.cpp:1465]   --->   Operation 54 'sub' 'col' <Predicate = (!icmp_ln1453 & and_ln1464_1)> <Delay = 0.00> <CoreInst = "TAddSub">   --->   Core 10 'TAddSub' <Latency = 0> <II = 1> <Delay = 0.48> <IPBlock> <Opcode : '' 'add' 'sub'> <InPorts = 3> <OutPorts = 1> <Sync> <CReg>
ST_1 : Operation 55 [1/1] (0.96ns) (root node of TernaryAdder)   --->   "%add_ln316 = add i10 %col, i10 %zext_ln1453" [/home/xiaorang/Documents/ATOMFLOW/atomflow_controller/../sorting-organized-main/src/sortLatticeByRow.hpp:316->/home/xiaorang/Documents/ATOMFLOW/sorting-organized-main/src/sortLatticeByRow.cpp:1465]   --->   Operation 55 'add' 'add_ln316' <Predicate = (!icmp_ln1453 & and_ln1464_1)> <Delay = 0.96> <CoreInst = "TAddSub">   --->   Core 10 'TAddSub' <Latency = 0> <II = 1> <Delay = 0.48> <IPBlock> <Opcode : '' 'add' 'sub'> <InPorts = 3> <OutPorts = 1> <Sync> <CReg>
ST_1 : Operation 56 [1/1] (0.00ns)   --->   "%zext_ln316 = zext i10 %add_ln316" [/home/xiaorang/Documents/ATOMFLOW/atomflow_controller/../sorting-organized-main/src/sortLatticeByRow.hpp:316->/home/xiaorang/Documents/ATOMFLOW/sorting-organized-main/src/sortLatticeByRow.cpp:1465]   --->   Operation 56 'zext' 'zext_ln316' <Predicate = (!icmp_ln1453 & and_ln1464_1)> <Delay = 0.00>
ST_1 : Operation 57 [1/1] (0.00ns)   --->   "%targetGeometry_data_addr = getelementptr i1 %targetGeometry_data_s, i64 0, i64 %zext_ln316" [/home/xiaorang/Documents/ATOMFLOW/atomflow_controller/../sorting-organized-main/src/sortLatticeByRow.hpp:316->/home/xiaorang/Documents/ATOMFLOW/sorting-organized-main/src/sortLatticeByRow.cpp:1465]   --->   Operation 57 'getelementptr' 'targetGeometry_data_addr' <Predicate = (!icmp_ln1453 & and_ln1464_1)> <Delay = 0.00>
ST_1 : Operation 58 [2/2] (1.23ns)   --->   "%targetGeometry_data_load = load i10 %targetGeometry_data_addr" [/home/xiaorang/Documents/ATOMFLOW/sorting-organized-main/src/sortLatticeByRow.cpp:1465]   --->   Operation 58 'load' 'targetGeometry_data_load' <Predicate = (!icmp_ln1453 & and_ln1464_1)> <Delay = 1.23> <CoreInst = "RAM_2P_BRAM">   --->   Core 93 'RAM_2P_BRAM' <Latency = 1> <II = 1> <Delay = 1.23> <Storage> <Opcode : 'load' 'store'> <Ports = 2> <Width = 1> <Depth = 1024> <RAM>
ST_1 : Operation 59 [1/1] (0.78ns)   --->   "%add_ln316_1 = add i10 %phi_mul_read, i10 %zext_ln1453" [/home/xiaorang/Documents/ATOMFLOW/atomflow_controller/../sorting-organized-main/src/sortLatticeByRow.hpp:316->/home/xiaorang/Documents/ATOMFLOW/sorting-organized-main/src/sortLatticeByRow.cpp:1469]   --->   Operation 59 'add' 'add_ln316_1' <Predicate = (!icmp_ln1453)> <Delay = 0.78> <CoreInst = "Adder">   --->   Core 1 'Adder' <Latency = 0> <II = 1> <Delay = 0.78> <FuncUnit> <Opcode : 'add' 'sub'> <InPorts = 2> <OutPorts = 1>
ST_1 : Operation 60 [1/1] (0.00ns)   --->   "%zext_ln316_1 = zext i10 %add_ln316_1" [/home/xiaorang/Documents/ATOMFLOW/atomflow_controller/../sorting-organized-main/src/sortLatticeByRow.hpp:316->/home/xiaorang/Documents/ATOMFLOW/sorting-organized-main/src/sortLatticeByRow.cpp:1469]   --->   Operation 60 'zext' 'zext_ln316_1' <Predicate = (!icmp_ln1453)> <Delay = 0.00>
ST_1 : Operation 61 [1/1] (0.00ns)   --->   "%stateArray_data_addr = getelementptr i1 %stateArray_data_s, i64 0, i64 %zext_ln316_1" [/home/xiaorang/Documents/ATOMFLOW/atomflow_controller/../sorting-organized-main/src/sortLatticeByRow.hpp:316->/home/xiaorang/Documents/ATOMFLOW/sorting-organized-main/src/sortLatticeByRow.cpp:1469]   --->   Operation 61 'getelementptr' 'stateArray_data_addr' <Predicate = (!icmp_ln1453)> <Delay = 0.00>
ST_1 : Operation 62 [2/2] (1.23ns)   --->   "%stateArray_data_load = load i10 %stateArray_data_addr" [/home/xiaorang/Documents/ATOMFLOW/sorting-organized-main/src/sortLatticeByRow.cpp:1469]   --->   Operation 62 'load' 'stateArray_data_load' <Predicate = (!icmp_ln1453)> <Delay = 1.23> <CoreInst = "RAM_2P_BRAM">   --->   Core 93 'RAM_2P_BRAM' <Latency = 1> <II = 1> <Delay = 1.23> <Storage> <Opcode : 'load' 'store'> <Ports = 2> <Width = 1> <Depth = 1024> <RAM>
ST_1 : Operation 63 [1/1] (0.42ns)   --->   "%store_ln315 = store i9 %indexAC, i9 %col_2" [/home/xiaorang/Documents/ATOMFLOW/atomflow_controller/../sorting-organized-main/src/sortLatticeByRow.hpp:315->/home/xiaorang/Documents/ATOMFLOW/sorting-organized-main/src/sortLatticeByRow.cpp:1469]   --->   Operation 63 'store' 'store_ln315' <Predicate = (!icmp_ln1453)> <Delay = 0.42>
ST_1 : Operation 64 [1/1] (0.00ns)   --->   "%br_ln1453 = br void %cond.end19" [/home/xiaorang/Documents/ATOMFLOW/sorting-organized-main/src/sortLatticeByRow.cpp:1453]   --->   Operation 64 'br' 'br_ln1453' <Predicate = (!icmp_ln1453)> <Delay = 0.00>
ST_1 : Operation 183 [1/1] (0.42ns)   --->   "%ret_ln0 = ret"   --->   Operation 183 'ret' 'ret_ln0' <Predicate = (icmp_ln1453)> <Delay = 0.42>

State 2 <SV = 1> <Delay = 1.23>
ST_2 : Operation 65 [1/1] (0.00ns)   --->   "%targetSites_count_0_addr = getelementptr i16 %targetSites_count_0, i64 0, i64 %zext_ln1446_2_cast"   --->   Operation 65 'getelementptr' 'targetSites_count_0_addr' <Predicate = (!icmp_ln1453)> <Delay = 0.00>
ST_2 : Operation 66 [1/1] (0.00ns)   --->   "%targetSites_count_1_addr = getelementptr i16 %targetSites_count_1, i64 0, i64 %zext_ln1446_2_cast"   --->   Operation 66 'getelementptr' 'targetSites_count_1_addr' <Predicate = (!icmp_ln1453)> <Delay = 0.00>
ST_2 : Operation 67 [1/1] (0.00ns)   --->   "%targetSites_count_2_addr = getelementptr i16 %targetSites_count_2, i64 0, i64 %zext_ln1446_2_cast"   --->   Operation 67 'getelementptr' 'targetSites_count_2_addr' <Predicate = (!icmp_ln1453)> <Delay = 0.00>
ST_2 : Operation 68 [1/1] (0.00ns)   --->   "%targetSites_count_3_addr = getelementptr i16 %targetSites_count_3, i64 0, i64 %zext_ln1446_2_cast"   --->   Operation 68 'getelementptr' 'targetSites_count_3_addr' <Predicate = (!icmp_ln1453)> <Delay = 0.00>
ST_2 : Operation 69 [1/1] (0.00ns)   --->   "%targetSites_count_4_addr = getelementptr i16 %targetSites_count_4, i64 0, i64 %zext_ln1446_2_cast"   --->   Operation 69 'getelementptr' 'targetSites_count_4_addr' <Predicate = (!icmp_ln1453)> <Delay = 0.00>
ST_2 : Operation 70 [1/1] (0.00ns)   --->   "%targetSites_count_5_addr = getelementptr i16 %targetSites_count_5, i64 0, i64 %zext_ln1446_2_cast"   --->   Operation 70 'getelementptr' 'targetSites_count_5_addr' <Predicate = (!icmp_ln1453)> <Delay = 0.00>
ST_2 : Operation 71 [1/1] (0.00ns)   --->   "%targetSites_count_6_addr = getelementptr i16 %targetSites_count_6, i64 0, i64 %zext_ln1446_2_cast"   --->   Operation 71 'getelementptr' 'targetSites_count_6_addr' <Predicate = (!icmp_ln1453)> <Delay = 0.00>
ST_2 : Operation 72 [1/1] (0.00ns)   --->   "%targetSites_count_7_addr = getelementptr i16 %targetSites_count_7, i64 0, i64 %zext_ln1446_2_cast"   --->   Operation 72 'getelementptr' 'targetSites_count_7_addr' <Predicate = (!icmp_ln1453)> <Delay = 0.00>
ST_2 : Operation 73 [1/1] (0.00ns)   --->   "%usableAtoms_count_0_addr = getelementptr i16 %usableAtoms_count_0, i64 0, i64 %zext_ln1446_2_cast"   --->   Operation 73 'getelementptr' 'usableAtoms_count_0_addr' <Predicate = (!icmp_ln1453)> <Delay = 0.00>
ST_2 : Operation 74 [1/1] (0.00ns)   --->   "%usableAtoms_count_1_addr = getelementptr i16 %usableAtoms_count_1, i64 0, i64 %zext_ln1446_2_cast"   --->   Operation 74 'getelementptr' 'usableAtoms_count_1_addr' <Predicate = (!icmp_ln1453)> <Delay = 0.00>
ST_2 : Operation 75 [1/1] (0.00ns)   --->   "%usableAtoms_count_2_addr = getelementptr i16 %usableAtoms_count_2, i64 0, i64 %zext_ln1446_2_cast"   --->   Operation 75 'getelementptr' 'usableAtoms_count_2_addr' <Predicate = (!icmp_ln1453)> <Delay = 0.00>
ST_2 : Operation 76 [1/1] (0.00ns)   --->   "%usableAtoms_count_3_addr = getelementptr i16 %usableAtoms_count_3, i64 0, i64 %zext_ln1446_2_cast"   --->   Operation 76 'getelementptr' 'usableAtoms_count_3_addr' <Predicate = (!icmp_ln1453)> <Delay = 0.00>
ST_2 : Operation 77 [1/1] (0.00ns)   --->   "%usableAtoms_count_4_addr = getelementptr i16 %usableAtoms_count_4, i64 0, i64 %zext_ln1446_2_cast"   --->   Operation 77 'getelementptr' 'usableAtoms_count_4_addr' <Predicate = (!icmp_ln1453)> <Delay = 0.00>
ST_2 : Operation 78 [1/1] (0.00ns)   --->   "%usableAtoms_count_5_addr = getelementptr i16 %usableAtoms_count_5, i64 0, i64 %zext_ln1446_2_cast"   --->   Operation 78 'getelementptr' 'usableAtoms_count_5_addr' <Predicate = (!icmp_ln1453)> <Delay = 0.00>
ST_2 : Operation 79 [1/1] (0.00ns)   --->   "%usableAtoms_count_6_addr = getelementptr i16 %usableAtoms_count_6, i64 0, i64 %zext_ln1446_2_cast"   --->   Operation 79 'getelementptr' 'usableAtoms_count_6_addr' <Predicate = (!icmp_ln1453)> <Delay = 0.00>
ST_2 : Operation 80 [1/1] (0.00ns)   --->   "%usableAtoms_count_7_addr = getelementptr i16 %usableAtoms_count_7, i64 0, i64 %zext_ln1446_2_cast"   --->   Operation 80 'getelementptr' 'usableAtoms_count_7_addr' <Predicate = (!icmp_ln1453)> <Delay = 0.00>
ST_2 : Operation 81 [1/1] (0.00ns)   --->   "%specpipeline_ln1456 = specpipeline void @_ssdm_op_SpecPipeline, i32 2, i32 0, i32 0, i32 0, void @empty_18" [/home/xiaorang/Documents/ATOMFLOW/sorting-organized-main/src/sortLatticeByRow.cpp:1456]   --->   Operation 81 'specpipeline' 'specpipeline_ln1456' <Predicate = (!icmp_ln1453)> <Delay = 0.00>
ST_2 : Operation 82 [1/1] (0.00ns)   --->   "%speclooptripcount_ln1459 = speclooptripcount void @_ssdm_op_SpecLoopTripCount, i64 1, i64 50, i64 25" [/home/xiaorang/Documents/ATOMFLOW/sorting-organized-main/src/sortLatticeByRow.cpp:1459]   --->   Operation 82 'speclooptripcount' 'speclooptripcount_ln1459' <Predicate = (!icmp_ln1453)> <Delay = 0.00>
ST_2 : Operation 83 [1/1] (0.00ns)   --->   "%specloopname_ln1453 = specloopname void @_ssdm_op_SpecLoopName, void @empty_46" [/home/xiaorang/Documents/ATOMFLOW/sorting-organized-main/src/sortLatticeByRow.cpp:1453]   --->   Operation 83 'specloopname' 'specloopname_ln1453' <Predicate = (!icmp_ln1453)> <Delay = 0.00>
ST_2 : Operation 84 [1/2] ( I:1.23ns O:1.23ns )   --->   "%targetGeometry_data_load = load i10 %targetGeometry_data_addr" [/home/xiaorang/Documents/ATOMFLOW/sorting-organized-main/src/sortLatticeByRow.cpp:1465]   --->   Operation 84 'load' 'targetGeometry_data_load' <Predicate = (!icmp_ln1453 & and_ln1464_1)> <Delay = 1.23> <CoreInst = "RAM_2P_BRAM">   --->   Core 93 'RAM_2P_BRAM' <Latency = 1> <II = 1> <Delay = 1.23> <Storage> <Opcode : 'load' 'store'> <Ports = 2> <Width = 1> <Depth = 1024> <RAM>
ST_2 : Operation 85 [1/1] (0.00ns)   --->   "%br_ln1464 = br i1 %targetGeometry_data_load, void %if.end32, void %if.then29" [/home/xiaorang/Documents/ATOMFLOW/sorting-organized-main/src/sortLatticeByRow.cpp:1464]   --->   Operation 85 'br' 'br_ln1464' <Predicate = (!icmp_ln1453 & and_ln1464_1)> <Delay = 0.00>
ST_2 : Operation 86 [2/2] (1.23ns)   --->   "%targetSites_count_0_load = load i5 %targetSites_count_0_addr" [/home/xiaorang/Documents/ATOMFLOW/sorting-organized-main/src/sortLatticeByRow.cpp:135->/home/xiaorang/Documents/ATOMFLOW/sorting-organized-main/src/sortLatticeByRow.cpp:1467]   --->   Operation 86 'load' 'targetSites_count_0_load' <Predicate = (!icmp_ln1453 & and_ln1464_1 & targetGeometry_data_load & indexXC_read == 0)> <Delay = 1.23> <CoreInst = "RAM_2P_BRAM">   --->   Core 93 'RAM_2P_BRAM' <Latency = 1> <II = 1> <Delay = 1.23> <Storage> <Opcode : 'load' 'store'> <Ports = 2> <Width = 16> <Depth = 32> <RAM>
ST_2 : Operation 87 [2/2] (1.23ns)   --->   "%targetSites_count_1_load = load i5 %targetSites_count_1_addr" [/home/xiaorang/Documents/ATOMFLOW/sorting-organized-main/src/sortLatticeByRow.cpp:135->/home/xiaorang/Documents/ATOMFLOW/sorting-organized-main/src/sortLatticeByRow.cpp:1467]   --->   Operation 87 'load' 'targetSites_count_1_load' <Predicate = (!icmp_ln1453 & and_ln1464_1 & targetGeometry_data_load & indexXC_read == 1)> <Delay = 1.23> <CoreInst = "RAM_2P_BRAM">   --->   Core 93 'RAM_2P_BRAM' <Latency = 1> <II = 1> <Delay = 1.23> <Storage> <Opcode : 'load' 'store'> <Ports = 2> <Width = 16> <Depth = 32> <RAM>
ST_2 : Operation 88 [2/2] (1.23ns)   --->   "%targetSites_count_2_load = load i5 %targetSites_count_2_addr" [/home/xiaorang/Documents/ATOMFLOW/sorting-organized-main/src/sortLatticeByRow.cpp:135->/home/xiaorang/Documents/ATOMFLOW/sorting-organized-main/src/sortLatticeByRow.cpp:1467]   --->   Operation 88 'load' 'targetSites_count_2_load' <Predicate = (!icmp_ln1453 & and_ln1464_1 & targetGeometry_data_load & indexXC_read == 2)> <Delay = 1.23> <CoreInst = "RAM_2P_BRAM">   --->   Core 93 'RAM_2P_BRAM' <Latency = 1> <II = 1> <Delay = 1.23> <Storage> <Opcode : 'load' 'store'> <Ports = 2> <Width = 16> <Depth = 32> <RAM>
ST_2 : Operation 89 [2/2] (1.23ns)   --->   "%targetSites_count_3_load = load i5 %targetSites_count_3_addr" [/home/xiaorang/Documents/ATOMFLOW/sorting-organized-main/src/sortLatticeByRow.cpp:135->/home/xiaorang/Documents/ATOMFLOW/sorting-organized-main/src/sortLatticeByRow.cpp:1467]   --->   Operation 89 'load' 'targetSites_count_3_load' <Predicate = (!icmp_ln1453 & and_ln1464_1 & targetGeometry_data_load & indexXC_read == 3)> <Delay = 1.23> <CoreInst = "RAM_2P_BRAM">   --->   Core 93 'RAM_2P_BRAM' <Latency = 1> <II = 1> <Delay = 1.23> <Storage> <Opcode : 'load' 'store'> <Ports = 2> <Width = 16> <Depth = 32> <RAM>
ST_2 : Operation 90 [2/2] (1.23ns)   --->   "%targetSites_count_4_load = load i5 %targetSites_count_4_addr" [/home/xiaorang/Documents/ATOMFLOW/sorting-organized-main/src/sortLatticeByRow.cpp:135->/home/xiaorang/Documents/ATOMFLOW/sorting-organized-main/src/sortLatticeByRow.cpp:1467]   --->   Operation 90 'load' 'targetSites_count_4_load' <Predicate = (!icmp_ln1453 & and_ln1464_1 & targetGeometry_data_load & indexXC_read == 4)> <Delay = 1.23> <CoreInst = "RAM_2P_BRAM">   --->   Core 93 'RAM_2P_BRAM' <Latency = 1> <II = 1> <Delay = 1.23> <Storage> <Opcode : 'load' 'store'> <Ports = 2> <Width = 16> <Depth = 32> <RAM>
ST_2 : Operation 91 [2/2] (1.23ns)   --->   "%targetSites_count_5_load = load i5 %targetSites_count_5_addr" [/home/xiaorang/Documents/ATOMFLOW/sorting-organized-main/src/sortLatticeByRow.cpp:135->/home/xiaorang/Documents/ATOMFLOW/sorting-organized-main/src/sortLatticeByRow.cpp:1467]   --->   Operation 91 'load' 'targetSites_count_5_load' <Predicate = (!icmp_ln1453 & and_ln1464_1 & targetGeometry_data_load & indexXC_read == 5)> <Delay = 1.23> <CoreInst = "RAM_2P_BRAM">   --->   Core 93 'RAM_2P_BRAM' <Latency = 1> <II = 1> <Delay = 1.23> <Storage> <Opcode : 'load' 'store'> <Ports = 2> <Width = 16> <Depth = 32> <RAM>
ST_2 : Operation 92 [2/2] (1.23ns)   --->   "%targetSites_count_6_load = load i5 %targetSites_count_6_addr" [/home/xiaorang/Documents/ATOMFLOW/sorting-organized-main/src/sortLatticeByRow.cpp:135->/home/xiaorang/Documents/ATOMFLOW/sorting-organized-main/src/sortLatticeByRow.cpp:1467]   --->   Operation 92 'load' 'targetSites_count_6_load' <Predicate = (!icmp_ln1453 & and_ln1464_1 & targetGeometry_data_load & indexXC_read == 6)> <Delay = 1.23> <CoreInst = "RAM_2P_BRAM">   --->   Core 93 'RAM_2P_BRAM' <Latency = 1> <II = 1> <Delay = 1.23> <Storage> <Opcode : 'load' 'store'> <Ports = 2> <Width = 16> <Depth = 32> <RAM>
ST_2 : Operation 93 [2/2] (1.23ns)   --->   "%targetSites_count_7_load = load i5 %targetSites_count_7_addr" [/home/xiaorang/Documents/ATOMFLOW/sorting-organized-main/src/sortLatticeByRow.cpp:135->/home/xiaorang/Documents/ATOMFLOW/sorting-organized-main/src/sortLatticeByRow.cpp:1467]   --->   Operation 93 'load' 'targetSites_count_7_load' <Predicate = (!icmp_ln1453 & and_ln1464_1 & targetGeometry_data_load & indexXC_read == 7)> <Delay = 1.23> <CoreInst = "RAM_2P_BRAM">   --->   Core 93 'RAM_2P_BRAM' <Latency = 1> <II = 1> <Delay = 1.23> <Storage> <Opcode : 'load' 'store'> <Ports = 2> <Width = 16> <Depth = 32> <RAM>
ST_2 : Operation 94 [1/1] (0.00ns)   --->   "%br_ln1468 = br void %if.end32" [/home/xiaorang/Documents/ATOMFLOW/sorting-organized-main/src/sortLatticeByRow.cpp:1468]   --->   Operation 94 'br' 'br_ln1468' <Predicate = (!icmp_ln1453 & and_ln1464_1 & targetGeometry_data_load)> <Delay = 0.00>
ST_2 : Operation 95 [1/2] ( I:1.23ns O:1.23ns )   --->   "%stateArray_data_load = load i10 %stateArray_data_addr" [/home/xiaorang/Documents/ATOMFLOW/sorting-organized-main/src/sortLatticeByRow.cpp:1469]   --->   Operation 95 'load' 'stateArray_data_load' <Predicate = (!icmp_ln1453)> <Delay = 1.23> <CoreInst = "RAM_2P_BRAM">   --->   Core 93 'RAM_2P_BRAM' <Latency = 1> <II = 1> <Delay = 1.23> <Storage> <Opcode : 'load' 'store'> <Ports = 2> <Width = 1> <Depth = 1024> <RAM>
ST_2 : Operation 96 [1/1] (0.00ns)   --->   "%br_ln1469 = br i1 %stateArray_data_load, void %for.inc99, void %if.then92" [/home/xiaorang/Documents/ATOMFLOW/sorting-organized-main/src/sortLatticeByRow.cpp:1469]   --->   Operation 96 'br' 'br_ln1469' <Predicate = (!icmp_ln1453)> <Delay = 0.00>
ST_2 : Operation 97 [2/2] (1.23ns)   --->   "%usableAtoms_count_0_load = load i5 %usableAtoms_count_0_addr" [/home/xiaorang/Documents/ATOMFLOW/sorting-organized-main/src/sortLatticeByRow.cpp:135->/home/xiaorang/Documents/ATOMFLOW/sorting-organized-main/src/sortLatticeByRow.cpp:1522]   --->   Operation 97 'load' 'usableAtoms_count_0_load' <Predicate = (!icmp_ln1453 & indexXC_read == 0 & stateArray_data_load)> <Delay = 1.23> <CoreInst = "RAM_2P_BRAM">   --->   Core 93 'RAM_2P_BRAM' <Latency = 1> <II = 1> <Delay = 1.23> <Storage> <Opcode : 'load' 'store'> <Ports = 2> <Width = 16> <Depth = 32> <RAM>
ST_2 : Operation 98 [2/2] (1.23ns)   --->   "%usableAtoms_count_1_load = load i5 %usableAtoms_count_1_addr" [/home/xiaorang/Documents/ATOMFLOW/sorting-organized-main/src/sortLatticeByRow.cpp:135->/home/xiaorang/Documents/ATOMFLOW/sorting-organized-main/src/sortLatticeByRow.cpp:1522]   --->   Operation 98 'load' 'usableAtoms_count_1_load' <Predicate = (!icmp_ln1453 & indexXC_read == 1 & stateArray_data_load)> <Delay = 1.23> <CoreInst = "RAM_2P_BRAM">   --->   Core 93 'RAM_2P_BRAM' <Latency = 1> <II = 1> <Delay = 1.23> <Storage> <Opcode : 'load' 'store'> <Ports = 2> <Width = 16> <Depth = 32> <RAM>
ST_2 : Operation 99 [2/2] (1.23ns)   --->   "%usableAtoms_count_2_load = load i5 %usableAtoms_count_2_addr" [/home/xiaorang/Documents/ATOMFLOW/sorting-organized-main/src/sortLatticeByRow.cpp:135->/home/xiaorang/Documents/ATOMFLOW/sorting-organized-main/src/sortLatticeByRow.cpp:1522]   --->   Operation 99 'load' 'usableAtoms_count_2_load' <Predicate = (!icmp_ln1453 & indexXC_read == 2 & stateArray_data_load)> <Delay = 1.23> <CoreInst = "RAM_2P_BRAM">   --->   Core 93 'RAM_2P_BRAM' <Latency = 1> <II = 1> <Delay = 1.23> <Storage> <Opcode : 'load' 'store'> <Ports = 2> <Width = 16> <Depth = 32> <RAM>
ST_2 : Operation 100 [2/2] (1.23ns)   --->   "%usableAtoms_count_3_load = load i5 %usableAtoms_count_3_addr" [/home/xiaorang/Documents/ATOMFLOW/sorting-organized-main/src/sortLatticeByRow.cpp:135->/home/xiaorang/Documents/ATOMFLOW/sorting-organized-main/src/sortLatticeByRow.cpp:1522]   --->   Operation 100 'load' 'usableAtoms_count_3_load' <Predicate = (!icmp_ln1453 & indexXC_read == 3 & stateArray_data_load)> <Delay = 1.23> <CoreInst = "RAM_2P_BRAM">   --->   Core 93 'RAM_2P_BRAM' <Latency = 1> <II = 1> <Delay = 1.23> <Storage> <Opcode : 'load' 'store'> <Ports = 2> <Width = 16> <Depth = 32> <RAM>
ST_2 : Operation 101 [2/2] (1.23ns)   --->   "%usableAtoms_count_4_load = load i5 %usableAtoms_count_4_addr" [/home/xiaorang/Documents/ATOMFLOW/sorting-organized-main/src/sortLatticeByRow.cpp:135->/home/xiaorang/Documents/ATOMFLOW/sorting-organized-main/src/sortLatticeByRow.cpp:1522]   --->   Operation 101 'load' 'usableAtoms_count_4_load' <Predicate = (!icmp_ln1453 & indexXC_read == 4 & stateArray_data_load)> <Delay = 1.23> <CoreInst = "RAM_2P_BRAM">   --->   Core 93 'RAM_2P_BRAM' <Latency = 1> <II = 1> <Delay = 1.23> <Storage> <Opcode : 'load' 'store'> <Ports = 2> <Width = 16> <Depth = 32> <RAM>
ST_2 : Operation 102 [2/2] (1.23ns)   --->   "%usableAtoms_count_5_load = load i5 %usableAtoms_count_5_addr" [/home/xiaorang/Documents/ATOMFLOW/sorting-organized-main/src/sortLatticeByRow.cpp:135->/home/xiaorang/Documents/ATOMFLOW/sorting-organized-main/src/sortLatticeByRow.cpp:1522]   --->   Operation 102 'load' 'usableAtoms_count_5_load' <Predicate = (!icmp_ln1453 & indexXC_read == 5 & stateArray_data_load)> <Delay = 1.23> <CoreInst = "RAM_2P_BRAM">   --->   Core 93 'RAM_2P_BRAM' <Latency = 1> <II = 1> <Delay = 1.23> <Storage> <Opcode : 'load' 'store'> <Ports = 2> <Width = 16> <Depth = 32> <RAM>
ST_2 : Operation 103 [2/2] (1.23ns)   --->   "%usableAtoms_count_6_load = load i5 %usableAtoms_count_6_addr" [/home/xiaorang/Documents/ATOMFLOW/sorting-organized-main/src/sortLatticeByRow.cpp:135->/home/xiaorang/Documents/ATOMFLOW/sorting-organized-main/src/sortLatticeByRow.cpp:1522]   --->   Operation 103 'load' 'usableAtoms_count_6_load' <Predicate = (!icmp_ln1453 & indexXC_read == 6 & stateArray_data_load)> <Delay = 1.23> <CoreInst = "RAM_2P_BRAM">   --->   Core 93 'RAM_2P_BRAM' <Latency = 1> <II = 1> <Delay = 1.23> <Storage> <Opcode : 'load' 'store'> <Ports = 2> <Width = 16> <Depth = 32> <RAM>
ST_2 : Operation 104 [2/2] (1.23ns)   --->   "%usableAtoms_count_7_load = load i5 %usableAtoms_count_7_addr" [/home/xiaorang/Documents/ATOMFLOW/sorting-organized-main/src/sortLatticeByRow.cpp:135->/home/xiaorang/Documents/ATOMFLOW/sorting-organized-main/src/sortLatticeByRow.cpp:1522]   --->   Operation 104 'load' 'usableAtoms_count_7_load' <Predicate = (!icmp_ln1453 & indexXC_read == 7 & stateArray_data_load)> <Delay = 1.23> <CoreInst = "RAM_2P_BRAM">   --->   Core 93 'RAM_2P_BRAM' <Latency = 1> <II = 1> <Delay = 1.23> <Storage> <Opcode : 'load' 'store'> <Ports = 2> <Width = 16> <Depth = 32> <RAM>
ST_2 : Operation 105 [1/1] (0.00ns)   --->   "%br_ln1528 = br void %for.inc99" [/home/xiaorang/Documents/ATOMFLOW/sorting-organized-main/src/sortLatticeByRow.cpp:1528]   --->   Operation 105 'br' 'br_ln1528' <Predicate = (!icmp_ln1453 & stateArray_data_load)> <Delay = 0.00>

State 3 <SV = 2> <Delay = 4.04>
ST_3 : Operation 106 [1/1] (0.00ns)   --->   "%trunc_ln1467 = trunc i9 %col_3" [/home/xiaorang/Documents/ATOMFLOW/sorting-organized-main/src/sortLatticeByRow.cpp:1467]   --->   Operation 106 'trunc' 'trunc_ln1467' <Predicate = (and_ln1464_1 & targetGeometry_data_load)> <Delay = 0.00>
ST_3 : Operation 107 [1/2] ( I:1.23ns O:1.23ns )   --->   "%targetSites_count_0_load = load i5 %targetSites_count_0_addr" [/home/xiaorang/Documents/ATOMFLOW/sorting-organized-main/src/sortLatticeByRow.cpp:135->/home/xiaorang/Documents/ATOMFLOW/sorting-organized-main/src/sortLatticeByRow.cpp:1467]   --->   Operation 107 'load' 'targetSites_count_0_load' <Predicate = (and_ln1464_1 & targetGeometry_data_load & indexXC_read == 0)> <Delay = 1.23> <CoreInst = "RAM_2P_BRAM">   --->   Core 93 'RAM_2P_BRAM' <Latency = 1> <II = 1> <Delay = 1.23> <Storage> <Opcode : 'load' 'store'> <Ports = 2> <Width = 16> <Depth = 32> <RAM>
ST_3 : Operation 108 [1/2] ( I:1.23ns O:1.23ns )   --->   "%targetSites_count_1_load = load i5 %targetSites_count_1_addr" [/home/xiaorang/Documents/ATOMFLOW/sorting-organized-main/src/sortLatticeByRow.cpp:135->/home/xiaorang/Documents/ATOMFLOW/sorting-organized-main/src/sortLatticeByRow.cpp:1467]   --->   Operation 108 'load' 'targetSites_count_1_load' <Predicate = (and_ln1464_1 & targetGeometry_data_load & indexXC_read == 1)> <Delay = 1.23> <CoreInst = "RAM_2P_BRAM">   --->   Core 93 'RAM_2P_BRAM' <Latency = 1> <II = 1> <Delay = 1.23> <Storage> <Opcode : 'load' 'store'> <Ports = 2> <Width = 16> <Depth = 32> <RAM>
ST_3 : Operation 109 [1/2] ( I:1.23ns O:1.23ns )   --->   "%targetSites_count_2_load = load i5 %targetSites_count_2_addr" [/home/xiaorang/Documents/ATOMFLOW/sorting-organized-main/src/sortLatticeByRow.cpp:135->/home/xiaorang/Documents/ATOMFLOW/sorting-organized-main/src/sortLatticeByRow.cpp:1467]   --->   Operation 109 'load' 'targetSites_count_2_load' <Predicate = (and_ln1464_1 & targetGeometry_data_load & indexXC_read == 2)> <Delay = 1.23> <CoreInst = "RAM_2P_BRAM">   --->   Core 93 'RAM_2P_BRAM' <Latency = 1> <II = 1> <Delay = 1.23> <Storage> <Opcode : 'load' 'store'> <Ports = 2> <Width = 16> <Depth = 32> <RAM>
ST_3 : Operation 110 [1/2] ( I:1.23ns O:1.23ns )   --->   "%targetSites_count_3_load = load i5 %targetSites_count_3_addr" [/home/xiaorang/Documents/ATOMFLOW/sorting-organized-main/src/sortLatticeByRow.cpp:135->/home/xiaorang/Documents/ATOMFLOW/sorting-organized-main/src/sortLatticeByRow.cpp:1467]   --->   Operation 110 'load' 'targetSites_count_3_load' <Predicate = (and_ln1464_1 & targetGeometry_data_load & indexXC_read == 3)> <Delay = 1.23> <CoreInst = "RAM_2P_BRAM">   --->   Core 93 'RAM_2P_BRAM' <Latency = 1> <II = 1> <Delay = 1.23> <Storage> <Opcode : 'load' 'store'> <Ports = 2> <Width = 16> <Depth = 32> <RAM>
ST_3 : Operation 111 [1/2] ( I:1.23ns O:1.23ns )   --->   "%targetSites_count_4_load = load i5 %targetSites_count_4_addr" [/home/xiaorang/Documents/ATOMFLOW/sorting-organized-main/src/sortLatticeByRow.cpp:135->/home/xiaorang/Documents/ATOMFLOW/sorting-organized-main/src/sortLatticeByRow.cpp:1467]   --->   Operation 111 'load' 'targetSites_count_4_load' <Predicate = (and_ln1464_1 & targetGeometry_data_load & indexXC_read == 4)> <Delay = 1.23> <CoreInst = "RAM_2P_BRAM">   --->   Core 93 'RAM_2P_BRAM' <Latency = 1> <II = 1> <Delay = 1.23> <Storage> <Opcode : 'load' 'store'> <Ports = 2> <Width = 16> <Depth = 32> <RAM>
ST_3 : Operation 112 [1/2] ( I:1.23ns O:1.23ns )   --->   "%targetSites_count_5_load = load i5 %targetSites_count_5_addr" [/home/xiaorang/Documents/ATOMFLOW/sorting-organized-main/src/sortLatticeByRow.cpp:135->/home/xiaorang/Documents/ATOMFLOW/sorting-organized-main/src/sortLatticeByRow.cpp:1467]   --->   Operation 112 'load' 'targetSites_count_5_load' <Predicate = (and_ln1464_1 & targetGeometry_data_load & indexXC_read == 5)> <Delay = 1.23> <CoreInst = "RAM_2P_BRAM">   --->   Core 93 'RAM_2P_BRAM' <Latency = 1> <II = 1> <Delay = 1.23> <Storage> <Opcode : 'load' 'store'> <Ports = 2> <Width = 16> <Depth = 32> <RAM>
ST_3 : Operation 113 [1/2] ( I:1.23ns O:1.23ns )   --->   "%targetSites_count_6_load = load i5 %targetSites_count_6_addr" [/home/xiaorang/Documents/ATOMFLOW/sorting-organized-main/src/sortLatticeByRow.cpp:135->/home/xiaorang/Documents/ATOMFLOW/sorting-organized-main/src/sortLatticeByRow.cpp:1467]   --->   Operation 113 'load' 'targetSites_count_6_load' <Predicate = (and_ln1464_1 & targetGeometry_data_load & indexXC_read == 6)> <Delay = 1.23> <CoreInst = "RAM_2P_BRAM">   --->   Core 93 'RAM_2P_BRAM' <Latency = 1> <II = 1> <Delay = 1.23> <Storage> <Opcode : 'load' 'store'> <Ports = 2> <Width = 16> <Depth = 32> <RAM>
ST_3 : Operation 114 [1/2] ( I:1.23ns O:1.23ns )   --->   "%targetSites_count_7_load = load i5 %targetSites_count_7_addr" [/home/xiaorang/Documents/ATOMFLOW/sorting-organized-main/src/sortLatticeByRow.cpp:135->/home/xiaorang/Documents/ATOMFLOW/sorting-organized-main/src/sortLatticeByRow.cpp:1467]   --->   Operation 114 'load' 'targetSites_count_7_load' <Predicate = (and_ln1464_1 & targetGeometry_data_load & indexXC_read == 7)> <Delay = 1.23> <CoreInst = "RAM_2P_BRAM">   --->   Core 93 'RAM_2P_BRAM' <Latency = 1> <II = 1> <Delay = 1.23> <Storage> <Opcode : 'load' 'store'> <Ports = 2> <Width = 16> <Depth = 32> <RAM>
ST_3 : Operation 115 [1/1] (0.72ns)   --->   "%tmp = sparsemux i16 @_ssdm_op_SparseMux.ap_auto.8i16.i16.i3, i3 0, i16 %targetSites_count_0_load, i3 1, i16 %targetSites_count_1_load, i3 2, i16 %targetSites_count_2_load, i3 3, i16 %targetSites_count_3_load, i3 4, i16 %targetSites_count_4_load, i3 5, i16 %targetSites_count_5_load, i3 6, i16 %targetSites_count_6_load, i3 7, i16 %targetSites_count_7_load, i16 0, i3 %indexXC_read" [/home/xiaorang/Documents/ATOMFLOW/sorting-organized-main/src/sortLatticeByRow.cpp:135->/home/xiaorang/Documents/ATOMFLOW/sorting-organized-main/src/sortLatticeByRow.cpp:1467]   --->   Operation 115 'sparsemux' 'tmp' <Predicate = (and_ln1464_1 & targetGeometry_data_load)> <Delay = 0.72> <CoreInst = "BinarySparseMux_DontCare">   --->   Core 149 'BinarySparseMux_DontCare' <Latency = 0> <II = 1> <Delay = 0.72> <FuncUnit> <Opcode : 'sparsemux'> <InPorts = 2> <OutPorts = 1>
ST_3 : Operation 116 [1/1] (0.00ns)   --->   "%trunc_ln135 = trunc i16 %tmp" [/home/xiaorang/Documents/ATOMFLOW/sorting-organized-main/src/sortLatticeByRow.cpp:135->/home/xiaorang/Documents/ATOMFLOW/sorting-organized-main/src/sortLatticeByRow.cpp:1467]   --->   Operation 116 'trunc' 'trunc_ln135' <Predicate = (and_ln1464_1 & targetGeometry_data_load)> <Delay = 0.00>
ST_3 : Operation 117 [1/1] (0.00ns)   --->   "%tmp_549 = partselect i8 @_ssdm_op_PartSelect.i8.i16.i32.i32, i16 %tmp, i32 8, i32 15" [/home/xiaorang/Documents/ATOMFLOW/sorting-organized-main/src/sortLatticeByRow.cpp:135->/home/xiaorang/Documents/ATOMFLOW/sorting-organized-main/src/sortLatticeByRow.cpp:1467]   --->   Operation 117 'partselect' 'tmp_549' <Predicate = (and_ln1464_1 & targetGeometry_data_load)> <Delay = 0.00>
ST_3 : Operation 118 [1/1] (0.76ns)   --->   "%icmp_ln135 = icmp_eq  i8 %tmp_549, i8 0" [/home/xiaorang/Documents/ATOMFLOW/sorting-organized-main/src/sortLatticeByRow.cpp:135->/home/xiaorang/Documents/ATOMFLOW/sorting-organized-main/src/sortLatticeByRow.cpp:1467]   --->   Operation 118 'icmp' 'icmp_ln135' <Predicate = (and_ln1464_1 & targetGeometry_data_load)> <Delay = 0.76> <CoreInst = "Cmp">   --->   Core 9 'Cmp' <Latency = 0> <II = 1> <Delay = 0.76> <FuncUnit> <Opcode : 'seteq' 'setne' 'setle' 'setge' 'setlt' 'setgt'> <InPorts = 2> <OutPorts = 1>
ST_3 : Operation 119 [1/1] (0.00ns)   --->   "%br_ln135 = br i1 %icmp_ln135, void %_ZN10HLSIntList9push_backEi.exit22, void %if.then.i21" [/home/xiaorang/Documents/ATOMFLOW/sorting-organized-main/src/sortLatticeByRow.cpp:135->/home/xiaorang/Documents/ATOMFLOW/sorting-organized-main/src/sortLatticeByRow.cpp:1467]   --->   Operation 119 'br' 'br_ln135' <Predicate = (and_ln1464_1 & targetGeometry_data_load)> <Delay = 0.00>
ST_3 : Operation 120 [1/1] (0.77ns)   --->   "%add_ln135 = add i9 %trunc_ln135, i9 1" [/home/xiaorang/Documents/ATOMFLOW/sorting-organized-main/src/sortLatticeByRow.cpp:135->/home/xiaorang/Documents/ATOMFLOW/sorting-organized-main/src/sortLatticeByRow.cpp:1467]   --->   Operation 120 'add' 'add_ln135' <Predicate = (and_ln1464_1 & targetGeometry_data_load & icmp_ln135)> <Delay = 0.77> <CoreInst = "Adder">   --->   Core 1 'Adder' <Latency = 0> <II = 1> <Delay = 0.77> <FuncUnit> <Opcode : 'add' 'sub'> <InPorts = 2> <OutPorts = 1>
ST_3 : Operation 121 [1/1] (0.00ns)   --->   "%zext_ln135 = zext i9 %add_ln135" [/home/xiaorang/Documents/ATOMFLOW/sorting-organized-main/src/sortLatticeByRow.cpp:135->/home/xiaorang/Documents/ATOMFLOW/sorting-organized-main/src/sortLatticeByRow.cpp:1467]   --->   Operation 121 'zext' 'zext_ln135' <Predicate = (and_ln1464_1 & targetGeometry_data_load & icmp_ln135)> <Delay = 0.00>
ST_3 : Operation 122 [1/1] (0.67ns)   --->   "%switch_ln135 = switch i3 %indexXC_read, void %count.i15291.case.7, i3 0, void %count.i15291.case.0, i3 1, void %count.i15291.case.1, i3 2, void %count.i15291.case.2, i3 3, void %count.i15291.case.3, i3 4, void %count.i15291.case.4, i3 5, void %count.i15291.case.5, i3 6, void %count.i15291.case.6" [/home/xiaorang/Documents/ATOMFLOW/sorting-organized-main/src/sortLatticeByRow.cpp:135->/home/xiaorang/Documents/ATOMFLOW/sorting-organized-main/src/sortLatticeByRow.cpp:1467]   --->   Operation 122 'switch' 'switch_ln135' <Predicate = (and_ln1464_1 & targetGeometry_data_load & icmp_ln135)> <Delay = 0.67>
ST_3 : Operation 123 [1/1] ( I:1.23ns O:1.23ns )   --->   "%store_ln135 = store i16 %zext_ln135, i5 %targetSites_count_6_addr" [/home/xiaorang/Documents/ATOMFLOW/sorting-organized-main/src/sortLatticeByRow.cpp:135->/home/xiaorang/Documents/ATOMFLOW/sorting-organized-main/src/sortLatticeByRow.cpp:1467]   --->   Operation 123 'store' 'store_ln135' <Predicate = (and_ln1464_1 & targetGeometry_data_load & icmp_ln135 & indexXC_read == 6)> <Delay = 1.23> <CoreInst = "RAM_2P_BRAM">   --->   Core 93 'RAM_2P_BRAM' <Latency = 1> <II = 1> <Delay = 1.23> <Storage> <Opcode : 'load' 'store'> <Ports = 2> <Width = 16> <Depth = 32> <RAM>
ST_3 : Operation 124 [1/1] (0.00ns)   --->   "%br_ln135 = br void %count.i15291.exit" [/home/xiaorang/Documents/ATOMFLOW/sorting-organized-main/src/sortLatticeByRow.cpp:135->/home/xiaorang/Documents/ATOMFLOW/sorting-organized-main/src/sortLatticeByRow.cpp:1467]   --->   Operation 124 'br' 'br_ln135' <Predicate = (and_ln1464_1 & targetGeometry_data_load & icmp_ln135 & indexXC_read == 6)> <Delay = 0.00>
ST_3 : Operation 125 [1/1] ( I:1.23ns O:1.23ns )   --->   "%store_ln135 = store i16 %zext_ln135, i5 %targetSites_count_5_addr" [/home/xiaorang/Documents/ATOMFLOW/sorting-organized-main/src/sortLatticeByRow.cpp:135->/home/xiaorang/Documents/ATOMFLOW/sorting-organized-main/src/sortLatticeByRow.cpp:1467]   --->   Operation 125 'store' 'store_ln135' <Predicate = (and_ln1464_1 & targetGeometry_data_load & icmp_ln135 & indexXC_read == 5)> <Delay = 1.23> <CoreInst = "RAM_2P_BRAM">   --->   Core 93 'RAM_2P_BRAM' <Latency = 1> <II = 1> <Delay = 1.23> <Storage> <Opcode : 'load' 'store'> <Ports = 2> <Width = 16> <Depth = 32> <RAM>
ST_3 : Operation 126 [1/1] (0.00ns)   --->   "%br_ln135 = br void %count.i15291.exit" [/home/xiaorang/Documents/ATOMFLOW/sorting-organized-main/src/sortLatticeByRow.cpp:135->/home/xiaorang/Documents/ATOMFLOW/sorting-organized-main/src/sortLatticeByRow.cpp:1467]   --->   Operation 126 'br' 'br_ln135' <Predicate = (and_ln1464_1 & targetGeometry_data_load & icmp_ln135 & indexXC_read == 5)> <Delay = 0.00>
ST_3 : Operation 127 [1/1] ( I:1.23ns O:1.23ns )   --->   "%store_ln135 = store i16 %zext_ln135, i5 %targetSites_count_4_addr" [/home/xiaorang/Documents/ATOMFLOW/sorting-organized-main/src/sortLatticeByRow.cpp:135->/home/xiaorang/Documents/ATOMFLOW/sorting-organized-main/src/sortLatticeByRow.cpp:1467]   --->   Operation 127 'store' 'store_ln135' <Predicate = (and_ln1464_1 & targetGeometry_data_load & icmp_ln135 & indexXC_read == 4)> <Delay = 1.23> <CoreInst = "RAM_2P_BRAM">   --->   Core 93 'RAM_2P_BRAM' <Latency = 1> <II = 1> <Delay = 1.23> <Storage> <Opcode : 'load' 'store'> <Ports = 2> <Width = 16> <Depth = 32> <RAM>
ST_3 : Operation 128 [1/1] (0.00ns)   --->   "%br_ln135 = br void %count.i15291.exit" [/home/xiaorang/Documents/ATOMFLOW/sorting-organized-main/src/sortLatticeByRow.cpp:135->/home/xiaorang/Documents/ATOMFLOW/sorting-organized-main/src/sortLatticeByRow.cpp:1467]   --->   Operation 128 'br' 'br_ln135' <Predicate = (and_ln1464_1 & targetGeometry_data_load & icmp_ln135 & indexXC_read == 4)> <Delay = 0.00>
ST_3 : Operation 129 [1/1] ( I:1.23ns O:1.23ns )   --->   "%store_ln135 = store i16 %zext_ln135, i5 %targetSites_count_3_addr" [/home/xiaorang/Documents/ATOMFLOW/sorting-organized-main/src/sortLatticeByRow.cpp:135->/home/xiaorang/Documents/ATOMFLOW/sorting-organized-main/src/sortLatticeByRow.cpp:1467]   --->   Operation 129 'store' 'store_ln135' <Predicate = (and_ln1464_1 & targetGeometry_data_load & icmp_ln135 & indexXC_read == 3)> <Delay = 1.23> <CoreInst = "RAM_2P_BRAM">   --->   Core 93 'RAM_2P_BRAM' <Latency = 1> <II = 1> <Delay = 1.23> <Storage> <Opcode : 'load' 'store'> <Ports = 2> <Width = 16> <Depth = 32> <RAM>
ST_3 : Operation 130 [1/1] (0.00ns)   --->   "%br_ln135 = br void %count.i15291.exit" [/home/xiaorang/Documents/ATOMFLOW/sorting-organized-main/src/sortLatticeByRow.cpp:135->/home/xiaorang/Documents/ATOMFLOW/sorting-organized-main/src/sortLatticeByRow.cpp:1467]   --->   Operation 130 'br' 'br_ln135' <Predicate = (and_ln1464_1 & targetGeometry_data_load & icmp_ln135 & indexXC_read == 3)> <Delay = 0.00>
ST_3 : Operation 131 [1/1] ( I:1.23ns O:1.23ns )   --->   "%store_ln135 = store i16 %zext_ln135, i5 %targetSites_count_2_addr" [/home/xiaorang/Documents/ATOMFLOW/sorting-organized-main/src/sortLatticeByRow.cpp:135->/home/xiaorang/Documents/ATOMFLOW/sorting-organized-main/src/sortLatticeByRow.cpp:1467]   --->   Operation 131 'store' 'store_ln135' <Predicate = (and_ln1464_1 & targetGeometry_data_load & icmp_ln135 & indexXC_read == 2)> <Delay = 1.23> <CoreInst = "RAM_2P_BRAM">   --->   Core 93 'RAM_2P_BRAM' <Latency = 1> <II = 1> <Delay = 1.23> <Storage> <Opcode : 'load' 'store'> <Ports = 2> <Width = 16> <Depth = 32> <RAM>
ST_3 : Operation 132 [1/1] (0.00ns)   --->   "%br_ln135 = br void %count.i15291.exit" [/home/xiaorang/Documents/ATOMFLOW/sorting-organized-main/src/sortLatticeByRow.cpp:135->/home/xiaorang/Documents/ATOMFLOW/sorting-organized-main/src/sortLatticeByRow.cpp:1467]   --->   Operation 132 'br' 'br_ln135' <Predicate = (and_ln1464_1 & targetGeometry_data_load & icmp_ln135 & indexXC_read == 2)> <Delay = 0.00>
ST_3 : Operation 133 [1/1] ( I:1.23ns O:1.23ns )   --->   "%store_ln135 = store i16 %zext_ln135, i5 %targetSites_count_1_addr" [/home/xiaorang/Documents/ATOMFLOW/sorting-organized-main/src/sortLatticeByRow.cpp:135->/home/xiaorang/Documents/ATOMFLOW/sorting-organized-main/src/sortLatticeByRow.cpp:1467]   --->   Operation 133 'store' 'store_ln135' <Predicate = (and_ln1464_1 & targetGeometry_data_load & icmp_ln135 & indexXC_read == 1)> <Delay = 1.23> <CoreInst = "RAM_2P_BRAM">   --->   Core 93 'RAM_2P_BRAM' <Latency = 1> <II = 1> <Delay = 1.23> <Storage> <Opcode : 'load' 'store'> <Ports = 2> <Width = 16> <Depth = 32> <RAM>
ST_3 : Operation 134 [1/1] (0.00ns)   --->   "%br_ln135 = br void %count.i15291.exit" [/home/xiaorang/Documents/ATOMFLOW/sorting-organized-main/src/sortLatticeByRow.cpp:135->/home/xiaorang/Documents/ATOMFLOW/sorting-organized-main/src/sortLatticeByRow.cpp:1467]   --->   Operation 134 'br' 'br_ln135' <Predicate = (and_ln1464_1 & targetGeometry_data_load & icmp_ln135 & indexXC_read == 1)> <Delay = 0.00>
ST_3 : Operation 135 [1/1] ( I:1.23ns O:1.23ns )   --->   "%store_ln135 = store i16 %zext_ln135, i5 %targetSites_count_0_addr" [/home/xiaorang/Documents/ATOMFLOW/sorting-organized-main/src/sortLatticeByRow.cpp:135->/home/xiaorang/Documents/ATOMFLOW/sorting-organized-main/src/sortLatticeByRow.cpp:1467]   --->   Operation 135 'store' 'store_ln135' <Predicate = (and_ln1464_1 & targetGeometry_data_load & icmp_ln135 & indexXC_read == 0)> <Delay = 1.23> <CoreInst = "RAM_2P_BRAM">   --->   Core 93 'RAM_2P_BRAM' <Latency = 1> <II = 1> <Delay = 1.23> <Storage> <Opcode : 'load' 'store'> <Ports = 2> <Width = 16> <Depth = 32> <RAM>
ST_3 : Operation 136 [1/1] (0.00ns)   --->   "%br_ln135 = br void %count.i15291.exit" [/home/xiaorang/Documents/ATOMFLOW/sorting-organized-main/src/sortLatticeByRow.cpp:135->/home/xiaorang/Documents/ATOMFLOW/sorting-organized-main/src/sortLatticeByRow.cpp:1467]   --->   Operation 136 'br' 'br_ln135' <Predicate = (and_ln1464_1 & targetGeometry_data_load & icmp_ln135 & indexXC_read == 0)> <Delay = 0.00>
ST_3 : Operation 137 [1/1] ( I:1.23ns O:1.23ns )   --->   "%store_ln135 = store i16 %zext_ln135, i5 %targetSites_count_7_addr" [/home/xiaorang/Documents/ATOMFLOW/sorting-organized-main/src/sortLatticeByRow.cpp:135->/home/xiaorang/Documents/ATOMFLOW/sorting-organized-main/src/sortLatticeByRow.cpp:1467]   --->   Operation 137 'store' 'store_ln135' <Predicate = (and_ln1464_1 & targetGeometry_data_load & icmp_ln135 & indexXC_read == 7)> <Delay = 1.23> <CoreInst = "RAM_2P_BRAM">   --->   Core 93 'RAM_2P_BRAM' <Latency = 1> <II = 1> <Delay = 1.23> <Storage> <Opcode : 'load' 'store'> <Ports = 2> <Width = 16> <Depth = 32> <RAM>
ST_3 : Operation 138 [1/1] (0.00ns)   --->   "%br_ln135 = br void %count.i15291.exit" [/home/xiaorang/Documents/ATOMFLOW/sorting-organized-main/src/sortLatticeByRow.cpp:135->/home/xiaorang/Documents/ATOMFLOW/sorting-organized-main/src/sortLatticeByRow.cpp:1467]   --->   Operation 138 'br' 'br_ln135' <Predicate = (and_ln1464_1 & targetGeometry_data_load & icmp_ln135 & indexXC_read == 7)> <Delay = 0.00>
ST_3 : Operation 139 [1/1] (0.85ns)   --->   "%add_ln135_2 = add i16 %zext_ln135_4_read, i16 %tmp" [/home/xiaorang/Documents/ATOMFLOW/sorting-organized-main/src/sortLatticeByRow.cpp:135->/home/xiaorang/Documents/ATOMFLOW/sorting-organized-main/src/sortLatticeByRow.cpp:1467]   --->   Operation 139 'add' 'add_ln135_2' <Predicate = (and_ln1464_1 & targetGeometry_data_load & icmp_ln135)> <Delay = 0.85> <CoreInst = "Adder">   --->   Core 1 'Adder' <Latency = 0> <II = 1> <Delay = 0.85> <FuncUnit> <Opcode : 'add' 'sub'> <InPorts = 2> <OutPorts = 1>
ST_3 : Operation 140 [1/1] (0.00ns)   --->   "%zext_ln135_1 = zext i16 %add_ln135_2" [/home/xiaorang/Documents/ATOMFLOW/sorting-organized-main/src/sortLatticeByRow.cpp:135->/home/xiaorang/Documents/ATOMFLOW/sorting-organized-main/src/sortLatticeByRow.cpp:1467]   --->   Operation 140 'zext' 'zext_ln135_1' <Predicate = (and_ln1464_1 & targetGeometry_data_load & icmp_ln135)> <Delay = 0.00>
ST_3 : Operation 141 [1/1] (0.00ns)   --->   "%targetSites_data_addr = getelementptr i8 %targetSites_data, i64 0, i64 %zext_ln135_1" [/home/xiaorang/Documents/ATOMFLOW/sorting-organized-main/src/sortLatticeByRow.cpp:135->/home/xiaorang/Documents/ATOMFLOW/sorting-organized-main/src/sortLatticeByRow.cpp:1467]   --->   Operation 141 'getelementptr' 'targetSites_data_addr' <Predicate = (and_ln1464_1 & targetGeometry_data_load & icmp_ln135)> <Delay = 0.00>
ST_3 : Operation 142 [1/1] ( I:1.23ns O:1.23ns )   --->   "%store_ln135 = store i8 %trunc_ln1467, i16 %targetSites_data_addr" [/home/xiaorang/Documents/ATOMFLOW/sorting-organized-main/src/sortLatticeByRow.cpp:135->/home/xiaorang/Documents/ATOMFLOW/sorting-organized-main/src/sortLatticeByRow.cpp:1467]   --->   Operation 142 'store' 'store_ln135' <Predicate = (and_ln1464_1 & targetGeometry_data_load & icmp_ln135)> <Delay = 1.23> <CoreInst = "RAM_2P_BRAM">   --->   Core 93 'RAM_2P_BRAM' <Latency = 1> <II = 1> <Delay = 1.23> <Storage> <Opcode : 'load' 'store'> <Ports = 2> <Width = 8> <Depth = 65536> <RAM>
ST_3 : Operation 143 [1/1] (0.00ns)   --->   "%br_ln135 = br void %_ZN10HLSIntList9push_backEi.exit22" [/home/xiaorang/Documents/ATOMFLOW/sorting-organized-main/src/sortLatticeByRow.cpp:135->/home/xiaorang/Documents/ATOMFLOW/sorting-organized-main/src/sortLatticeByRow.cpp:1467]   --->   Operation 143 'br' 'br_ln135' <Predicate = (and_ln1464_1 & targetGeometry_data_load & icmp_ln135)> <Delay = 0.00>
ST_3 : Operation 144 [1/1] (0.00ns)   --->   "%trunc_ln1522 = trunc i9 %col_3" [/home/xiaorang/Documents/ATOMFLOW/sorting-organized-main/src/sortLatticeByRow.cpp:1522]   --->   Operation 144 'trunc' 'trunc_ln1522' <Predicate = (stateArray_data_load)> <Delay = 0.00>
ST_3 : Operation 145 [1/1] (0.00ns)   --->   "%zext_ln1522 = zext i8 %trunc_ln1522" [/home/xiaorang/Documents/ATOMFLOW/sorting-organized-main/src/sortLatticeByRow.cpp:1522]   --->   Operation 145 'zext' 'zext_ln1522' <Predicate = (stateArray_data_load)> <Delay = 0.00>
ST_3 : Operation 146 [1/2] ( I:1.23ns O:1.23ns )   --->   "%usableAtoms_count_0_load = load i5 %usableAtoms_count_0_addr" [/home/xiaorang/Documents/ATOMFLOW/sorting-organized-main/src/sortLatticeByRow.cpp:135->/home/xiaorang/Documents/ATOMFLOW/sorting-organized-main/src/sortLatticeByRow.cpp:1522]   --->   Operation 146 'load' 'usableAtoms_count_0_load' <Predicate = (indexXC_read == 0 & stateArray_data_load)> <Delay = 1.23> <CoreInst = "RAM_2P_BRAM">   --->   Core 93 'RAM_2P_BRAM' <Latency = 1> <II = 1> <Delay = 1.23> <Storage> <Opcode : 'load' 'store'> <Ports = 2> <Width = 16> <Depth = 32> <RAM>
ST_3 : Operation 147 [1/2] ( I:1.23ns O:1.23ns )   --->   "%usableAtoms_count_1_load = load i5 %usableAtoms_count_1_addr" [/home/xiaorang/Documents/ATOMFLOW/sorting-organized-main/src/sortLatticeByRow.cpp:135->/home/xiaorang/Documents/ATOMFLOW/sorting-organized-main/src/sortLatticeByRow.cpp:1522]   --->   Operation 147 'load' 'usableAtoms_count_1_load' <Predicate = (indexXC_read == 1 & stateArray_data_load)> <Delay = 1.23> <CoreInst = "RAM_2P_BRAM">   --->   Core 93 'RAM_2P_BRAM' <Latency = 1> <II = 1> <Delay = 1.23> <Storage> <Opcode : 'load' 'store'> <Ports = 2> <Width = 16> <Depth = 32> <RAM>
ST_3 : Operation 148 [1/2] ( I:1.23ns O:1.23ns )   --->   "%usableAtoms_count_2_load = load i5 %usableAtoms_count_2_addr" [/home/xiaorang/Documents/ATOMFLOW/sorting-organized-main/src/sortLatticeByRow.cpp:135->/home/xiaorang/Documents/ATOMFLOW/sorting-organized-main/src/sortLatticeByRow.cpp:1522]   --->   Operation 148 'load' 'usableAtoms_count_2_load' <Predicate = (indexXC_read == 2 & stateArray_data_load)> <Delay = 1.23> <CoreInst = "RAM_2P_BRAM">   --->   Core 93 'RAM_2P_BRAM' <Latency = 1> <II = 1> <Delay = 1.23> <Storage> <Opcode : 'load' 'store'> <Ports = 2> <Width = 16> <Depth = 32> <RAM>
ST_3 : Operation 149 [1/2] ( I:1.23ns O:1.23ns )   --->   "%usableAtoms_count_3_load = load i5 %usableAtoms_count_3_addr" [/home/xiaorang/Documents/ATOMFLOW/sorting-organized-main/src/sortLatticeByRow.cpp:135->/home/xiaorang/Documents/ATOMFLOW/sorting-organized-main/src/sortLatticeByRow.cpp:1522]   --->   Operation 149 'load' 'usableAtoms_count_3_load' <Predicate = (indexXC_read == 3 & stateArray_data_load)> <Delay = 1.23> <CoreInst = "RAM_2P_BRAM">   --->   Core 93 'RAM_2P_BRAM' <Latency = 1> <II = 1> <Delay = 1.23> <Storage> <Opcode : 'load' 'store'> <Ports = 2> <Width = 16> <Depth = 32> <RAM>
ST_3 : Operation 150 [1/2] ( I:1.23ns O:1.23ns )   --->   "%usableAtoms_count_4_load = load i5 %usableAtoms_count_4_addr" [/home/xiaorang/Documents/ATOMFLOW/sorting-organized-main/src/sortLatticeByRow.cpp:135->/home/xiaorang/Documents/ATOMFLOW/sorting-organized-main/src/sortLatticeByRow.cpp:1522]   --->   Operation 150 'load' 'usableAtoms_count_4_load' <Predicate = (indexXC_read == 4 & stateArray_data_load)> <Delay = 1.23> <CoreInst = "RAM_2P_BRAM">   --->   Core 93 'RAM_2P_BRAM' <Latency = 1> <II = 1> <Delay = 1.23> <Storage> <Opcode : 'load' 'store'> <Ports = 2> <Width = 16> <Depth = 32> <RAM>
ST_3 : Operation 151 [1/2] ( I:1.23ns O:1.23ns )   --->   "%usableAtoms_count_5_load = load i5 %usableAtoms_count_5_addr" [/home/xiaorang/Documents/ATOMFLOW/sorting-organized-main/src/sortLatticeByRow.cpp:135->/home/xiaorang/Documents/ATOMFLOW/sorting-organized-main/src/sortLatticeByRow.cpp:1522]   --->   Operation 151 'load' 'usableAtoms_count_5_load' <Predicate = (indexXC_read == 5 & stateArray_data_load)> <Delay = 1.23> <CoreInst = "RAM_2P_BRAM">   --->   Core 93 'RAM_2P_BRAM' <Latency = 1> <II = 1> <Delay = 1.23> <Storage> <Opcode : 'load' 'store'> <Ports = 2> <Width = 16> <Depth = 32> <RAM>
ST_3 : Operation 152 [1/2] ( I:1.23ns O:1.23ns )   --->   "%usableAtoms_count_6_load = load i5 %usableAtoms_count_6_addr" [/home/xiaorang/Documents/ATOMFLOW/sorting-organized-main/src/sortLatticeByRow.cpp:135->/home/xiaorang/Documents/ATOMFLOW/sorting-organized-main/src/sortLatticeByRow.cpp:1522]   --->   Operation 152 'load' 'usableAtoms_count_6_load' <Predicate = (indexXC_read == 6 & stateArray_data_load)> <Delay = 1.23> <CoreInst = "RAM_2P_BRAM">   --->   Core 93 'RAM_2P_BRAM' <Latency = 1> <II = 1> <Delay = 1.23> <Storage> <Opcode : 'load' 'store'> <Ports = 2> <Width = 16> <Depth = 32> <RAM>
ST_3 : Operation 153 [1/2] ( I:1.23ns O:1.23ns )   --->   "%usableAtoms_count_7_load = load i5 %usableAtoms_count_7_addr" [/home/xiaorang/Documents/ATOMFLOW/sorting-organized-main/src/sortLatticeByRow.cpp:135->/home/xiaorang/Documents/ATOMFLOW/sorting-organized-main/src/sortLatticeByRow.cpp:1522]   --->   Operation 153 'load' 'usableAtoms_count_7_load' <Predicate = (indexXC_read == 7 & stateArray_data_load)> <Delay = 1.23> <CoreInst = "RAM_2P_BRAM">   --->   Core 93 'RAM_2P_BRAM' <Latency = 1> <II = 1> <Delay = 1.23> <Storage> <Opcode : 'load' 'store'> <Ports = 2> <Width = 16> <Depth = 32> <RAM>
ST_3 : Operation 154 [1/1] (0.72ns)   --->   "%tmp_s = sparsemux i16 @_ssdm_op_SparseMux.ap_auto.8i16.i16.i3, i3 0, i16 %usableAtoms_count_0_load, i3 1, i16 %usableAtoms_count_1_load, i3 2, i16 %usableAtoms_count_2_load, i3 3, i16 %usableAtoms_count_3_load, i3 4, i16 %usableAtoms_count_4_load, i3 5, i16 %usableAtoms_count_5_load, i3 6, i16 %usableAtoms_count_6_load, i3 7, i16 %usableAtoms_count_7_load, i16 0, i3 %indexXC_read" [/home/xiaorang/Documents/ATOMFLOW/sorting-organized-main/src/sortLatticeByRow.cpp:135->/home/xiaorang/Documents/ATOMFLOW/sorting-organized-main/src/sortLatticeByRow.cpp:1522]   --->   Operation 154 'sparsemux' 'tmp_s' <Predicate = (stateArray_data_load)> <Delay = 0.72> <CoreInst = "BinarySparseMux_DontCare">   --->   Core 149 'BinarySparseMux_DontCare' <Latency = 0> <II = 1> <Delay = 0.72> <FuncUnit> <Opcode : 'sparsemux'> <InPorts = 2> <OutPorts = 1>
ST_3 : Operation 155 [1/1] (0.00ns)   --->   "%trunc_ln135_1 = trunc i16 %tmp_s" [/home/xiaorang/Documents/ATOMFLOW/sorting-organized-main/src/sortLatticeByRow.cpp:135->/home/xiaorang/Documents/ATOMFLOW/sorting-organized-main/src/sortLatticeByRow.cpp:1522]   --->   Operation 155 'trunc' 'trunc_ln135_1' <Predicate = (stateArray_data_load)> <Delay = 0.00>
ST_3 : Operation 156 [1/1] (0.00ns)   --->   "%tmp_550 = partselect i8 @_ssdm_op_PartSelect.i8.i16.i32.i32, i16 %tmp_s, i32 8, i32 15" [/home/xiaorang/Documents/ATOMFLOW/sorting-organized-main/src/sortLatticeByRow.cpp:135->/home/xiaorang/Documents/ATOMFLOW/sorting-organized-main/src/sortLatticeByRow.cpp:1522]   --->   Operation 156 'partselect' 'tmp_550' <Predicate = (stateArray_data_load)> <Delay = 0.00>
ST_3 : Operation 157 [1/1] (0.76ns)   --->   "%icmp_ln135_1 = icmp_eq  i8 %tmp_550, i8 0" [/home/xiaorang/Documents/ATOMFLOW/sorting-organized-main/src/sortLatticeByRow.cpp:135->/home/xiaorang/Documents/ATOMFLOW/sorting-organized-main/src/sortLatticeByRow.cpp:1522]   --->   Operation 157 'icmp' 'icmp_ln135_1' <Predicate = (stateArray_data_load)> <Delay = 0.76> <CoreInst = "Cmp">   --->   Core 9 'Cmp' <Latency = 0> <II = 1> <Delay = 0.76> <FuncUnit> <Opcode : 'seteq' 'setne' 'setle' 'setge' 'setlt' 'setgt'> <InPorts = 2> <OutPorts = 1>
ST_3 : Operation 158 [1/1] (0.00ns)   --->   "%br_ln135 = br i1 %icmp_ln135_1, void %if.end97, void %if.then.i9" [/home/xiaorang/Documents/ATOMFLOW/sorting-organized-main/src/sortLatticeByRow.cpp:135->/home/xiaorang/Documents/ATOMFLOW/sorting-organized-main/src/sortLatticeByRow.cpp:1522]   --->   Operation 158 'br' 'br_ln135' <Predicate = (stateArray_data_load)> <Delay = 0.00>
ST_3 : Operation 159 [1/1] (0.77ns)   --->   "%add_ln135_1 = add i9 %trunc_ln135_1, i9 1" [/home/xiaorang/Documents/ATOMFLOW/sorting-organized-main/src/sortLatticeByRow.cpp:135->/home/xiaorang/Documents/ATOMFLOW/sorting-organized-main/src/sortLatticeByRow.cpp:1522]   --->   Operation 159 'add' 'add_ln135_1' <Predicate = (stateArray_data_load & icmp_ln135_1)> <Delay = 0.77> <CoreInst = "Adder">   --->   Core 1 'Adder' <Latency = 0> <II = 1> <Delay = 0.77> <FuncUnit> <Opcode : 'add' 'sub'> <InPorts = 2> <OutPorts = 1>
ST_3 : Operation 160 [1/1] (0.00ns)   --->   "%zext_ln135_2 = zext i9 %add_ln135_1" [/home/xiaorang/Documents/ATOMFLOW/sorting-organized-main/src/sortLatticeByRow.cpp:135->/home/xiaorang/Documents/ATOMFLOW/sorting-organized-main/src/sortLatticeByRow.cpp:1522]   --->   Operation 160 'zext' 'zext_ln135_2' <Predicate = (stateArray_data_load & icmp_ln135_1)> <Delay = 0.00>
ST_3 : Operation 161 [1/1] (0.67ns)   --->   "%switch_ln135 = switch i3 %indexXC_read, void %count.i3262.case.7, i3 0, void %count.i3262.case.0, i3 1, void %count.i3262.case.1, i3 2, void %count.i3262.case.2, i3 3, void %count.i3262.case.3, i3 4, void %count.i3262.case.4, i3 5, void %count.i3262.case.5, i3 6, void %count.i3262.case.6" [/home/xiaorang/Documents/ATOMFLOW/sorting-organized-main/src/sortLatticeByRow.cpp:135->/home/xiaorang/Documents/ATOMFLOW/sorting-organized-main/src/sortLatticeByRow.cpp:1522]   --->   Operation 161 'switch' 'switch_ln135' <Predicate = (stateArray_data_load & icmp_ln135_1)> <Delay = 0.67>
ST_3 : Operation 162 [1/1] ( I:1.23ns O:1.23ns )   --->   "%store_ln135 = store i16 %zext_ln135_2, i5 %usableAtoms_count_6_addr" [/home/xiaorang/Documents/ATOMFLOW/sorting-organized-main/src/sortLatticeByRow.cpp:135->/home/xiaorang/Documents/ATOMFLOW/sorting-organized-main/src/sortLatticeByRow.cpp:1522]   --->   Operation 162 'store' 'store_ln135' <Predicate = (indexXC_read == 6 & stateArray_data_load & icmp_ln135_1)> <Delay = 1.23> <CoreInst = "RAM_2P_BRAM">   --->   Core 93 'RAM_2P_BRAM' <Latency = 1> <II = 1> <Delay = 1.23> <Storage> <Opcode : 'load' 'store'> <Ports = 2> <Width = 16> <Depth = 32> <RAM>
ST_3 : Operation 163 [1/1] (0.00ns)   --->   "%br_ln135 = br void %count.i3262.exit" [/home/xiaorang/Documents/ATOMFLOW/sorting-organized-main/src/sortLatticeByRow.cpp:135->/home/xiaorang/Documents/ATOMFLOW/sorting-organized-main/src/sortLatticeByRow.cpp:1522]   --->   Operation 163 'br' 'br_ln135' <Predicate = (indexXC_read == 6 & stateArray_data_load & icmp_ln135_1)> <Delay = 0.00>
ST_3 : Operation 164 [1/1] ( I:1.23ns O:1.23ns )   --->   "%store_ln135 = store i16 %zext_ln135_2, i5 %usableAtoms_count_5_addr" [/home/xiaorang/Documents/ATOMFLOW/sorting-organized-main/src/sortLatticeByRow.cpp:135->/home/xiaorang/Documents/ATOMFLOW/sorting-organized-main/src/sortLatticeByRow.cpp:1522]   --->   Operation 164 'store' 'store_ln135' <Predicate = (indexXC_read == 5 & stateArray_data_load & icmp_ln135_1)> <Delay = 1.23> <CoreInst = "RAM_2P_BRAM">   --->   Core 93 'RAM_2P_BRAM' <Latency = 1> <II = 1> <Delay = 1.23> <Storage> <Opcode : 'load' 'store'> <Ports = 2> <Width = 16> <Depth = 32> <RAM>
ST_3 : Operation 165 [1/1] (0.00ns)   --->   "%br_ln135 = br void %count.i3262.exit" [/home/xiaorang/Documents/ATOMFLOW/sorting-organized-main/src/sortLatticeByRow.cpp:135->/home/xiaorang/Documents/ATOMFLOW/sorting-organized-main/src/sortLatticeByRow.cpp:1522]   --->   Operation 165 'br' 'br_ln135' <Predicate = (indexXC_read == 5 & stateArray_data_load & icmp_ln135_1)> <Delay = 0.00>
ST_3 : Operation 166 [1/1] ( I:1.23ns O:1.23ns )   --->   "%store_ln135 = store i16 %zext_ln135_2, i5 %usableAtoms_count_4_addr" [/home/xiaorang/Documents/ATOMFLOW/sorting-organized-main/src/sortLatticeByRow.cpp:135->/home/xiaorang/Documents/ATOMFLOW/sorting-organized-main/src/sortLatticeByRow.cpp:1522]   --->   Operation 166 'store' 'store_ln135' <Predicate = (indexXC_read == 4 & stateArray_data_load & icmp_ln135_1)> <Delay = 1.23> <CoreInst = "RAM_2P_BRAM">   --->   Core 93 'RAM_2P_BRAM' <Latency = 1> <II = 1> <Delay = 1.23> <Storage> <Opcode : 'load' 'store'> <Ports = 2> <Width = 16> <Depth = 32> <RAM>
ST_3 : Operation 167 [1/1] (0.00ns)   --->   "%br_ln135 = br void %count.i3262.exit" [/home/xiaorang/Documents/ATOMFLOW/sorting-organized-main/src/sortLatticeByRow.cpp:135->/home/xiaorang/Documents/ATOMFLOW/sorting-organized-main/src/sortLatticeByRow.cpp:1522]   --->   Operation 167 'br' 'br_ln135' <Predicate = (indexXC_read == 4 & stateArray_data_load & icmp_ln135_1)> <Delay = 0.00>
ST_3 : Operation 168 [1/1] ( I:1.23ns O:1.23ns )   --->   "%store_ln135 = store i16 %zext_ln135_2, i5 %usableAtoms_count_3_addr" [/home/xiaorang/Documents/ATOMFLOW/sorting-organized-main/src/sortLatticeByRow.cpp:135->/home/xiaorang/Documents/ATOMFLOW/sorting-organized-main/src/sortLatticeByRow.cpp:1522]   --->   Operation 168 'store' 'store_ln135' <Predicate = (indexXC_read == 3 & stateArray_data_load & icmp_ln135_1)> <Delay = 1.23> <CoreInst = "RAM_2P_BRAM">   --->   Core 93 'RAM_2P_BRAM' <Latency = 1> <II = 1> <Delay = 1.23> <Storage> <Opcode : 'load' 'store'> <Ports = 2> <Width = 16> <Depth = 32> <RAM>
ST_3 : Operation 169 [1/1] (0.00ns)   --->   "%br_ln135 = br void %count.i3262.exit" [/home/xiaorang/Documents/ATOMFLOW/sorting-organized-main/src/sortLatticeByRow.cpp:135->/home/xiaorang/Documents/ATOMFLOW/sorting-organized-main/src/sortLatticeByRow.cpp:1522]   --->   Operation 169 'br' 'br_ln135' <Predicate = (indexXC_read == 3 & stateArray_data_load & icmp_ln135_1)> <Delay = 0.00>
ST_3 : Operation 170 [1/1] ( I:1.23ns O:1.23ns )   --->   "%store_ln135 = store i16 %zext_ln135_2, i5 %usableAtoms_count_2_addr" [/home/xiaorang/Documents/ATOMFLOW/sorting-organized-main/src/sortLatticeByRow.cpp:135->/home/xiaorang/Documents/ATOMFLOW/sorting-organized-main/src/sortLatticeByRow.cpp:1522]   --->   Operation 170 'store' 'store_ln135' <Predicate = (indexXC_read == 2 & stateArray_data_load & icmp_ln135_1)> <Delay = 1.23> <CoreInst = "RAM_2P_BRAM">   --->   Core 93 'RAM_2P_BRAM' <Latency = 1> <II = 1> <Delay = 1.23> <Storage> <Opcode : 'load' 'store'> <Ports = 2> <Width = 16> <Depth = 32> <RAM>
ST_3 : Operation 171 [1/1] (0.00ns)   --->   "%br_ln135 = br void %count.i3262.exit" [/home/xiaorang/Documents/ATOMFLOW/sorting-organized-main/src/sortLatticeByRow.cpp:135->/home/xiaorang/Documents/ATOMFLOW/sorting-organized-main/src/sortLatticeByRow.cpp:1522]   --->   Operation 171 'br' 'br_ln135' <Predicate = (indexXC_read == 2 & stateArray_data_load & icmp_ln135_1)> <Delay = 0.00>
ST_3 : Operation 172 [1/1] ( I:1.23ns O:1.23ns )   --->   "%store_ln135 = store i16 %zext_ln135_2, i5 %usableAtoms_count_1_addr" [/home/xiaorang/Documents/ATOMFLOW/sorting-organized-main/src/sortLatticeByRow.cpp:135->/home/xiaorang/Documents/ATOMFLOW/sorting-organized-main/src/sortLatticeByRow.cpp:1522]   --->   Operation 172 'store' 'store_ln135' <Predicate = (indexXC_read == 1 & stateArray_data_load & icmp_ln135_1)> <Delay = 1.23> <CoreInst = "RAM_2P_BRAM">   --->   Core 93 'RAM_2P_BRAM' <Latency = 1> <II = 1> <Delay = 1.23> <Storage> <Opcode : 'load' 'store'> <Ports = 2> <Width = 16> <Depth = 32> <RAM>
ST_3 : Operation 173 [1/1] (0.00ns)   --->   "%br_ln135 = br void %count.i3262.exit" [/home/xiaorang/Documents/ATOMFLOW/sorting-organized-main/src/sortLatticeByRow.cpp:135->/home/xiaorang/Documents/ATOMFLOW/sorting-organized-main/src/sortLatticeByRow.cpp:1522]   --->   Operation 173 'br' 'br_ln135' <Predicate = (indexXC_read == 1 & stateArray_data_load & icmp_ln135_1)> <Delay = 0.00>
ST_3 : Operation 174 [1/1] ( I:1.23ns O:1.23ns )   --->   "%store_ln135 = store i16 %zext_ln135_2, i5 %usableAtoms_count_0_addr" [/home/xiaorang/Documents/ATOMFLOW/sorting-organized-main/src/sortLatticeByRow.cpp:135->/home/xiaorang/Documents/ATOMFLOW/sorting-organized-main/src/sortLatticeByRow.cpp:1522]   --->   Operation 174 'store' 'store_ln135' <Predicate = (indexXC_read == 0 & stateArray_data_load & icmp_ln135_1)> <Delay = 1.23> <CoreInst = "RAM_2P_BRAM">   --->   Core 93 'RAM_2P_BRAM' <Latency = 1> <II = 1> <Delay = 1.23> <Storage> <Opcode : 'load' 'store'> <Ports = 2> <Width = 16> <Depth = 32> <RAM>
ST_3 : Operation 175 [1/1] (0.00ns)   --->   "%br_ln135 = br void %count.i3262.exit" [/home/xiaorang/Documents/ATOMFLOW/sorting-organized-main/src/sortLatticeByRow.cpp:135->/home/xiaorang/Documents/ATOMFLOW/sorting-organized-main/src/sortLatticeByRow.cpp:1522]   --->   Operation 175 'br' 'br_ln135' <Predicate = (indexXC_read == 0 & stateArray_data_load & icmp_ln135_1)> <Delay = 0.00>
ST_3 : Operation 176 [1/1] ( I:1.23ns O:1.23ns )   --->   "%store_ln135 = store i16 %zext_ln135_2, i5 %usableAtoms_count_7_addr" [/home/xiaorang/Documents/ATOMFLOW/sorting-organized-main/src/sortLatticeByRow.cpp:135->/home/xiaorang/Documents/ATOMFLOW/sorting-organized-main/src/sortLatticeByRow.cpp:1522]   --->   Operation 176 'store' 'store_ln135' <Predicate = (indexXC_read == 7 & stateArray_data_load & icmp_ln135_1)> <Delay = 1.23> <CoreInst = "RAM_2P_BRAM">   --->   Core 93 'RAM_2P_BRAM' <Latency = 1> <II = 1> <Delay = 1.23> <Storage> <Opcode : 'load' 'store'> <Ports = 2> <Width = 16> <Depth = 32> <RAM>
ST_3 : Operation 177 [1/1] (0.00ns)   --->   "%br_ln135 = br void %count.i3262.exit" [/home/xiaorang/Documents/ATOMFLOW/sorting-organized-main/src/sortLatticeByRow.cpp:135->/home/xiaorang/Documents/ATOMFLOW/sorting-organized-main/src/sortLatticeByRow.cpp:1522]   --->   Operation 177 'br' 'br_ln135' <Predicate = (indexXC_read == 7 & stateArray_data_load & icmp_ln135_1)> <Delay = 0.00>
ST_3 : Operation 178 [1/1] (0.85ns)   --->   "%add_ln135_3 = add i16 %zext_ln135_4_read, i16 %tmp_s" [/home/xiaorang/Documents/ATOMFLOW/sorting-organized-main/src/sortLatticeByRow.cpp:135->/home/xiaorang/Documents/ATOMFLOW/sorting-organized-main/src/sortLatticeByRow.cpp:1522]   --->   Operation 178 'add' 'add_ln135_3' <Predicate = (stateArray_data_load & icmp_ln135_1)> <Delay = 0.85> <CoreInst = "Adder">   --->   Core 1 'Adder' <Latency = 0> <II = 1> <Delay = 0.85> <FuncUnit> <Opcode : 'add' 'sub'> <InPorts = 2> <OutPorts = 1>
ST_3 : Operation 179 [1/1] (0.00ns)   --->   "%zext_ln135_3 = zext i16 %add_ln135_3" [/home/xiaorang/Documents/ATOMFLOW/sorting-organized-main/src/sortLatticeByRow.cpp:135->/home/xiaorang/Documents/ATOMFLOW/sorting-organized-main/src/sortLatticeByRow.cpp:1522]   --->   Operation 179 'zext' 'zext_ln135_3' <Predicate = (stateArray_data_load & icmp_ln135_1)> <Delay = 0.00>
ST_3 : Operation 180 [1/1] (0.00ns)   --->   "%usableAtoms_data_addr = getelementptr i32 %usableAtoms_data, i64 0, i64 %zext_ln135_3" [/home/xiaorang/Documents/ATOMFLOW/sorting-organized-main/src/sortLatticeByRow.cpp:135->/home/xiaorang/Documents/ATOMFLOW/sorting-organized-main/src/sortLatticeByRow.cpp:1522]   --->   Operation 180 'getelementptr' 'usableAtoms_data_addr' <Predicate = (stateArray_data_load & icmp_ln135_1)> <Delay = 0.00>
ST_3 : Operation 181 [1/1] ( I:1.23ns O:1.23ns )   --->   "%store_ln135 = store i32 %zext_ln1522, i16 %usableAtoms_data_addr" [/home/xiaorang/Documents/ATOMFLOW/sorting-organized-main/src/sortLatticeByRow.cpp:135->/home/xiaorang/Documents/ATOMFLOW/sorting-organized-main/src/sortLatticeByRow.cpp:1522]   --->   Operation 181 'store' 'store_ln135' <Predicate = (stateArray_data_load & icmp_ln135_1)> <Delay = 1.23> <CoreInst = "RAM_2P_BRAM">   --->   Core 93 'RAM_2P_BRAM' <Latency = 1> <II = 1> <Delay = 1.23> <Storage> <Opcode : 'load' 'store'> <Ports = 2> <Width = 32> <Depth = 65536> <RAM>
ST_3 : Operation 182 [1/1] (0.00ns)   --->   "%br_ln135 = br void %if.end97" [/home/xiaorang/Documents/ATOMFLOW/sorting-organized-main/src/sortLatticeByRow.cpp:135->/home/xiaorang/Documents/ATOMFLOW/sorting-organized-main/src/sortLatticeByRow.cpp:1522]   --->   Operation 182 'br' 'br_ln135' <Predicate = (stateArray_data_load & icmp_ln135_1)> <Delay = 0.00>


============================================================
+ Verbose Summary: Timing violations
============================================================
Target clock period: 10.000ns, clock uncertainty: 2.700ns.

 <State 1>: 2.624ns
The critical path consists of the following:
	'store' operation 0 bit ('store_ln315', /home/xiaorang/Documents/ATOMFLOW/atomflow_controller/../sorting-organized-main/src/sortLatticeByRow.hpp:315->/home/xiaorang/Documents/ATOMFLOW/sorting-organized-main/src/sortLatticeByRow.cpp:1469) of constant 0 on local variable 'col', /home/xiaorang/Documents/ATOMFLOW/atomflow_controller/../sorting-organized-main/src/sortLatticeByRow.hpp:315->/home/xiaorang/Documents/ATOMFLOW/sorting-organized-main/src/sortLatticeByRow.cpp:1469 [65]  (0.427 ns)
	'load' operation 9 bit ('indexAC', /home/xiaorang/Documents/ATOMFLOW/sorting-organized-main/src/sortLatticeByRow.cpp:1522) on local variable 'col', /home/xiaorang/Documents/ATOMFLOW/atomflow_controller/../sorting-organized-main/src/sortLatticeByRow.hpp:315->/home/xiaorang/Documents/ATOMFLOW/sorting-organized-main/src/sortLatticeByRow.cpp:1469 [68]  (0.000 ns)
	'add' operation 10 bit ('add_ln316', /home/xiaorang/Documents/ATOMFLOW/atomflow_controller/../sorting-organized-main/src/sortLatticeByRow.hpp:316->/home/xiaorang/Documents/ATOMFLOW/sorting-organized-main/src/sortLatticeByRow.cpp:1465) [103]  (0.960 ns)
	'getelementptr' operation 10 bit ('targetGeometry_data_addr', /home/xiaorang/Documents/ATOMFLOW/atomflow_controller/../sorting-organized-main/src/sortLatticeByRow.hpp:316->/home/xiaorang/Documents/ATOMFLOW/sorting-organized-main/src/sortLatticeByRow.cpp:1465) [105]  (0.000 ns)
	'load' operation 1 bit ('targetGeometry_data_load', /home/xiaorang/Documents/ATOMFLOW/sorting-organized-main/src/sortLatticeByRow.cpp:1465) on array 'targetGeometry_data_s' [106]  (1.237 ns)

 <State 2>: 1.237ns
The critical path consists of the following:
	'getelementptr' operation 5 bit ('targetSites_count_0_addr') [73]  (0.000 ns)
	'load' operation 16 bit ('targetSites_count_0_load', /home/xiaorang/Documents/ATOMFLOW/sorting-organized-main/src/sortLatticeByRow.cpp:135->/home/xiaorang/Documents/ATOMFLOW/sorting-organized-main/src/sortLatticeByRow.cpp:1467) on array 'targetSites_count_0' [110]  (1.237 ns)

 <State 3>: 4.048ns
The critical path consists of the following:
	'load' operation 16 bit ('targetSites_count_0_load', /home/xiaorang/Documents/ATOMFLOW/sorting-organized-main/src/sortLatticeByRow.cpp:135->/home/xiaorang/Documents/ATOMFLOW/sorting-organized-main/src/sortLatticeByRow.cpp:1467) on array 'targetSites_count_0' [110]  (1.237 ns)
	'sparsemux' operation 16 bit ('tmp', /home/xiaorang/Documents/ATOMFLOW/sorting-organized-main/src/sortLatticeByRow.cpp:135->/home/xiaorang/Documents/ATOMFLOW/sorting-organized-main/src/sortLatticeByRow.cpp:1467) [118]  (0.721 ns)
	'add' operation 16 bit ('add_ln135_2', /home/xiaorang/Documents/ATOMFLOW/sorting-organized-main/src/sortLatticeByRow.cpp:135->/home/xiaorang/Documents/ATOMFLOW/sorting-organized-main/src/sortLatticeByRow.cpp:1467) [152]  (0.853 ns)
	'getelementptr' operation 16 bit ('targetSites_data_addr', /home/xiaorang/Documents/ATOMFLOW/sorting-organized-main/src/sortLatticeByRow.cpp:135->/home/xiaorang/Documents/ATOMFLOW/sorting-organized-main/src/sortLatticeByRow.cpp:1467) [154]  (0.000 ns)
	'store' operation 0 bit ('store_ln135', /home/xiaorang/Documents/ATOMFLOW/sorting-organized-main/src/sortLatticeByRow.cpp:135->/home/xiaorang/Documents/ATOMFLOW/sorting-organized-main/src/sortLatticeByRow.cpp:1467) of variable 'v', /home/xiaorang/Documents/ATOMFLOW/sorting-organized-main/src/sortLatticeByRow.cpp:1467 on array 'targetSites_data' [155]  (1.237 ns)


============================================================
+ Verbose Summary: Binding
============================================================
N/A
* FSMD analyzer results:
  - Output states:
 - Input state : 
  - Chain level:
	State 1
	State 2
	State 3


============================================================
+ Verbose Summary: Datapath Resource usage 
============================================================
N/A
