

================================================================
== Vitis HLS Report for 'Image_extract_next'
================================================================
* Date:           Sat Mar 28 14:02:13 2026

* Version:        2024.2 (Build 5238294 on Nov  8 2024)
* Project:        atomflow_controller_2024_2
* Solution:       hls (Vivado IP Flow Target)
* Product family: zynquplusRFSOC
* Target device:  xczu49dr-ffvf1760-2-e


================================================================
== Performance Estimates
================================================================
+ Timing: 
    * Summary: 
    +--------+----------+----------+------------+
    |  Clock |  Target  | Estimated| Uncertainty|
    +--------+----------+----------+------------+
    |ap_clk  |  10.00 ns|  7.300 ns|     2.70 ns|
    +--------+----------+----------+------------+

+ Latency: 
    * Summary: 
    +---------+---------+----------+----------+-----+-----+---------+
    |  Latency (cycles) |  Latency (absolute) |  Interval | Pipeline|
    |   min   |   max   |    min   |    max   | min | max |   Type  |
    +---------+---------+----------+----------+-----+-----+---------+
    |      113|      113|  1.130 us|  1.130 us|  113|  113|       no|
    +---------+---------+----------+----------+-----+-----+---------+

    + Detail: 
        * Instance: 
        N/A

        * Loop: 
        N/A

============================================================
+ Verbose Summary: Synthesis Manager
============================================================
InlineROM: 1
ExposeGlobal: 0
============================================================
+ Verbose Summary: CDFG Model
============================================================
IsTopModel: 0
ResetActiveHigh: 1
IsCombinational: 2
IsDatapathOnly: 0
HasWiredReturn: 1
HasMFsm: 0
HasVarLatency: 1
IsPipeline: 0
IsRtlPipelined: 0
IsInstanceOverlapped: 0
IsDontTouch: 0
HasImplIP: 0
IsGatedGlobalClock: 0


============================================================
+ Verbose Summary: Schedule
============================================================
* Number of FSM states : 10
* Pipeline : 0
* Dataflow Pipeline: 0

* FSM state transitions: 
1 --> 2 
2 --> 3 
3 --> 4 
4 --> 5 
5 --> 6 
6 --> 7 
7 --> 8 
8 --> 9 
9 --> 10 
10 --> 

* FSM state operations: 

State 1 <SV = 0> <Delay = 7.30>
ST_1 : Operation 11 [1/1] (0.00ns)   --->   "%imageProjs_local_read = read i64 @_ssdm_op_Read.ap_auto.i64, i64 %imageProjs_local" [/home/xiaorang/Documents/ATOMFLOW/Image_analysis/src/image_analysis.cpp:60]   --->   Operation 11 'read' 'imageProjs_local_read' <Predicate = true> <Delay = 0.00>
ST_1 : Operation 12 [1/1] (0.00ns)   --->   "%trunc_ln = partselect i58 @_ssdm_op_PartSelect.i58.i64.i32.i32, i64 %imageProjs_local_read, i32 6, i32 63" [/home/xiaorang/Documents/ATOMFLOW/Image_analysis/src/image_analysis.cpp:77]   --->   Operation 12 'partselect' 'trunc_ln' <Predicate = true> <Delay = 0.00>
ST_1 : Operation 13 [1/1] (0.00ns)   --->   "%sext_ln77 = sext i58 %trunc_ln" [/home/xiaorang/Documents/ATOMFLOW/Image_analysis/src/image_analysis.cpp:77]   --->   Operation 13 'sext' 'sext_ln77' <Predicate = true> <Delay = 0.00>
ST_1 : Operation 14 [1/1] (0.00ns)   --->   "%gmem5_addr = getelementptr i512 %gmem5, i64 %sext_ln77" [/home/xiaorang/Documents/ATOMFLOW/Image_analysis/src/image_analysis.cpp:77]   --->   Operation 14 'getelementptr' 'gmem5_addr' <Predicate = true> <Delay = 0.00>
ST_1 : Operation 15 [8/8] (7.30ns)   --->   "%empty = readreq i1 @_ssdm_op_ReadReq.m_axi.p1i512, i512 %gmem5_addr, i64 62" [/home/xiaorang/Documents/ATOMFLOW/Image_analysis/src/image_analysis.cpp:77]   --->   Operation 15 'readreq' 'empty' <Predicate = true> <Delay = 7.30> <CoreInst = "m_axi">   --->   Core 119 'm_axi' <Latency = 6> <II = 1> <Delay = 1.00> <Adapter> <Opcode : 'read' 'write' 'readreq' 'writereq' 'writeresp'>

State 2 <SV = 1> <Delay = 7.30>
ST_2 : Operation 16 [7/8] (7.30ns)   --->   "%empty = readreq i1 @_ssdm_op_ReadReq.m_axi.p1i512, i512 %gmem5_addr, i64 62" [/home/xiaorang/Documents/ATOMFLOW/Image_analysis/src/image_analysis.cpp:77]   --->   Operation 16 'readreq' 'empty' <Predicate = true> <Delay = 7.30> <CoreInst = "m_axi">   --->   Core 119 'm_axi' <Latency = 6> <II = 1> <Delay = 1.00> <Adapter> <Opcode : 'read' 'write' 'readreq' 'writereq' 'writeresp'>

State 3 <SV = 2> <Delay = 7.30>
ST_3 : Operation 17 [6/8] (7.30ns)   --->   "%empty = readreq i1 @_ssdm_op_ReadReq.m_axi.p1i512, i512 %gmem5_addr, i64 62" [/home/xiaorang/Documents/ATOMFLOW/Image_analysis/src/image_analysis.cpp:77]   --->   Operation 17 'readreq' 'empty' <Predicate = true> <Delay = 7.30> <CoreInst = "m_axi">   --->   Core 119 'm_axi' <Latency = 6> <II = 1> <Delay = 1.00> <Adapter> <Opcode : 'read' 'write' 'readreq' 'writereq' 'writeresp'>

State 4 <SV = 3> <Delay = 7.30>
ST_4 : Operation 18 [5/8] (7.30ns)   --->   "%empty = readreq i1 @_ssdm_op_ReadReq.m_axi.p1i512, i512 %gmem5_addr, i64 62" [/home/xiaorang/Documents/ATOMFLOW/Image_analysis/src/image_analysis.cpp:77]   --->   Operation 18 'readreq' 'empty' <Predicate = true> <Delay = 7.30> <CoreInst = "m_axi">   --->   Core 119 'm_axi' <Latency = 6> <II = 1> <Delay = 1.00> <Adapter> <Opcode : 'read' 'write' 'readreq' 'writereq' 'writeresp'>

State 5 <SV = 4> <Delay = 7.30>
ST_5 : Operation 19 [4/8] (7.30ns)   --->   "%empty = readreq i1 @_ssdm_op_ReadReq.m_axi.p1i512, i512 %gmem5_addr, i64 62" [/home/xiaorang/Documents/ATOMFLOW/Image_analysis/src/image_analysis.cpp:77]   --->   Operation 19 'readreq' 'empty' <Predicate = true> <Delay = 7.30> <CoreInst = "m_axi">   --->   Core 119 'm_axi' <Latency = 6> <II = 1> <Delay = 1.00> <Adapter> <Opcode : 'read' 'write' 'readreq' 'writereq' 'writeresp'>

State 6 <SV = 5> <Delay = 7.30>
ST_6 : Operation 20 [3/8] (7.30ns)   --->   "%empty = readreq i1 @_ssdm_op_ReadReq.m_axi.p1i512, i512 %gmem5_addr, i64 62" [/home/xiaorang/Documents/ATOMFLOW/Image_analysis/src/image_analysis.cpp:77]   --->   Operation 20 'readreq' 'empty' <Predicate = true> <Delay = 7.30> <CoreInst = "m_axi">   --->   Core 119 'm_axi' <Latency = 6> <II = 1> <Delay = 1.00> <Adapter> <Opcode : 'read' 'write' 'readreq' 'writereq' 'writeresp'>

State 7 <SV = 6> <Delay = 7.30>
ST_7 : Operation 21 [2/8] (7.30ns)   --->   "%empty = readreq i1 @_ssdm_op_ReadReq.m_axi.p1i512, i512 %gmem5_addr, i64 62" [/home/xiaorang/Documents/ATOMFLOW/Image_analysis/src/image_analysis.cpp:77]   --->   Operation 21 'readreq' 'empty' <Predicate = true> <Delay = 7.30> <CoreInst = "m_axi">   --->   Core 119 'm_axi' <Latency = 6> <II = 1> <Delay = 1.00> <Adapter> <Opcode : 'read' 'write' 'readreq' 'writereq' 'writeresp'>

State 8 <SV = 7> <Delay = 7.30>
ST_8 : Operation 22 [1/8] (7.30ns)   --->   "%empty = readreq i1 @_ssdm_op_ReadReq.m_axi.p1i512, i512 %gmem5_addr, i64 62" [/home/xiaorang/Documents/ATOMFLOW/Image_analysis/src/image_analysis.cpp:77]   --->   Operation 22 'readreq' 'empty' <Predicate = true> <Delay = 7.30> <CoreInst = "m_axi">   --->   Core 119 'm_axi' <Latency = 6> <II = 1> <Delay = 1.00> <Adapter> <Opcode : 'read' 'write' 'readreq' 'writereq' 'writeresp'>

State 9 <SV = 8> <Delay = 6.77>
ST_9 : Operation 23 [1/1] (0.00ns)   --->   "%fullImage_read = read i64 @_ssdm_op_Read.ap_auto.i64, i64 %fullImage" [/home/xiaorang/Documents/ATOMFLOW/Image_analysis/src/image_analysis.cpp:60]   --->   Operation 23 'read' 'fullImage_read' <Predicate = true> <Delay = 0.00>
ST_9 : Operation 24 [1/1] ( I:1.83ns O:1.83ns )   --->   "%localImages_read = read i256 @_ssdm_op_Read.ap_fifo.volatile.i256P0A, i256 %localImages" [/home/xiaorang/Documents/ATOMFLOW/Image_analysis/src/image_analysis.cpp:68]   --->   Operation 24 'read' 'localImages_read' <Predicate = true> <Delay = 1.83> <CoreInst = "FIFO_SRL">   --->   Core 80 'FIFO_SRL' <Latency = 0> <II = 1> <Delay = 1.83> <Storage> <Opcode : 'read' 'write' 'nbread' 'nbwrite'> <Ports = 0> <Width = 256> <Depth = 4> <FIFO>
ST_9 : Operation 25 [1/1] (0.00ns)   --->   "%curr_info_X_min = partselect i32 @_ssdm_op_PartSelect.i32.i256.i32.i32, i256 %localImages_read, i32 64, i32 95" [/home/xiaorang/Documents/ATOMFLOW/Image_analysis/src/image_analysis.cpp:68]   --->   Operation 25 'partselect' 'curr_info_X_min' <Predicate = true> <Delay = 0.00>
ST_9 : Operation 26 [1/1] (0.00ns)   --->   "%tmp = partselect i4 @_ssdm_op_PartSelect.i4.i256.i32.i32, i256 %localImages_read, i32 64, i32 67" [/home/xiaorang/Documents/ATOMFLOW/Image_analysis/src/image_analysis.cpp:68]   --->   Operation 26 'partselect' 'tmp' <Predicate = true> <Delay = 0.00>
ST_9 : Operation 27 [1/1] (0.00ns)   --->   "%rem4_i = bitconcatenate i9 @_ssdm_op_BitConcatenate.i9.i4.i5, i4 %tmp, i5 0" [/home/xiaorang/Documents/ATOMFLOW/Image_analysis/src/image_analysis.cpp:68]   --->   Operation 27 'bitconcatenate' 'rem4_i' <Predicate = true> <Delay = 0.00>
ST_9 : Operation 28 [1/1] (0.00ns)   --->   "%trunc_ln2 = partselect i22 @_ssdm_op_PartSelect.i22.i256.i32.i32, i256 %localImages_read, i32 96, i32 117" [/home/xiaorang/Documents/ATOMFLOW/Image_analysis/src/image_analysis.cpp:96]   --->   Operation 28 'partselect' 'trunc_ln2' <Predicate = true> <Delay = 0.00>
ST_9 : Operation 29 [2/2] (4.93ns)   --->   "%call_ln96 = call void @Image_extract_next_Pipeline_VITIS_LOOP_95_1, i32 %curr_fullImage_30, i32 %curr_fullImage_29, i32 %curr_fullImage_28, i32 %curr_fullImage_27, i32 %curr_fullImage_26, i32 %curr_fullImage_25, i32 %curr_fullImage_24, i32 %curr_fullImage_23, i32 %curr_fullImage_22, i32 %curr_fullImage_21, i32 %curr_fullImage_20, i32 %curr_fullImage_19, i32 %curr_fullImage_18, i32 %curr_fullImage_17, i32 %curr_fullImage_16, i32 %curr_fullImage_15, i32 %curr_fullImage_14, i32 %curr_fullImage_13, i32 %curr_fullImage_12, i32 %curr_fullImage_11, i32 %curr_fullImage_10, i32 %curr_fullImage_9, i32 %curr_fullImage_8, i32 %curr_fullImage_7, i32 %curr_fullImage_6, i32 %curr_fullImage_5, i32 %curr_fullImage_4, i32 %curr_fullImage_3, i32 %curr_fullImage_2, i32 %curr_fullImage_1, i32 %curr_fullImage_0, i32 %curr_localImage_30, i32 %curr_localImage_29, i32 %curr_localImage_28, i32 %curr_localImage_27, i32 %curr_localImage_26, i32 %curr_localImage_25, i32 %curr_localImage_24, i32 %curr_localImage_23, i32 %curr_localImage_22, i32 %curr_localImage_21, i32 %curr_localImage_20, i32 %curr_localImage_19, i32 %curr_localImage_18, i32 %curr_localImage_17, i32 %curr_localImage_16, i32 %curr_localImage_15, i32 %curr_localImage_14, i32 %curr_localImage_13, i32 %curr_localImage_12, i32 %curr_localImage_11, i32 %curr_localImage_10, i32 %curr_localImage_9, i32 %curr_localImage_8, i32 %curr_localImage_7, i32 %curr_localImage_6, i32 %curr_localImage_5, i32 %curr_localImage_4, i32 %curr_localImage_3, i32 %curr_localImage_2, i32 %curr_localImage_1, i32 %curr_localImage_0, i22 %trunc_ln2, i32 %curr_info_X_min, i64 %fullImage_read, i512 %gmem6, i512 %gmem5, i9 %rem4_i" [/home/xiaorang/Documents/ATOMFLOW/Image_analysis/src/image_analysis.cpp:96]   --->   Operation 29 'call' 'call_ln96' <Predicate = true> <Delay = 4.93> <CoreType = "Generic">   --->   Generic Core

State 10 <SV = 9> <Delay = 0.00>
ST_10 : Operation 30 [1/1] (0.00ns)   --->   "%specinterface_ln0 = specinterface void @_ssdm_op_SpecInterface, i256 %localImages, void @empty_29, i32 0, i32 0, void @empty_18, i32 0, i32 0, void @empty_18, void @empty_18, void @empty_18, i32 0, i32 0, i32 0, i32 0, void @empty_18, void @empty_18, i32 4294967295, i32 0, i32 0"   --->   Operation 30 'specinterface' 'specinterface_ln0' <Predicate = true> <Delay = 0.00>
ST_10 : Operation 31 [1/1] (0.00ns)   --->   "%specinterface_ln0 = specinterface void @_ssdm_op_SpecInterface, i512 %gmem6, void @empty_41, i32 0, i32 0, void @empty_18, i32 0, i32 0, void @empty_7, void @empty_4, void @empty_18, i32 16, i32 16, i32 16, i32 16, void @empty_18, void @empty_18, i32 4294967295, i32 0, i32 0"   --->   Operation 31 'specinterface' 'specinterface_ln0' <Predicate = true> <Delay = 0.00>
ST_10 : Operation 32 [1/1] (0.00ns)   --->   "%specinterface_ln0 = specinterface void @_ssdm_op_SpecInterface, i512 %gmem5, void @empty_41, i32 0, i32 0, void @empty_18, i32 0, i32 0, void @empty_60, void @empty_4, void @empty_18, i32 16, i32 16, i32 16, i32 16, void @empty_18, void @empty_18, i32 4294967295, i32 0, i32 0"   --->   Operation 32 'specinterface' 'specinterface_ln0' <Predicate = true> <Delay = 0.00>
ST_10 : Operation 33 [1/1] (0.00ns)   --->   "%curr_imageProjs_write_read = read i32 @_ssdm_op_Read.ap_auto.float, i32 %curr_imageProjs_write" [/home/xiaorang/Documents/ATOMFLOW/Image_analysis/src/image_analysis.cpp:60]   --->   Operation 33 'read' 'curr_imageProjs_write_read' <Predicate = true> <Delay = 0.00>
ST_10 : Operation 34 [1/2] (0.00ns)   --->   "%call_ln96 = call void @Image_extract_next_Pipeline_VITIS_LOOP_95_1, i32 %curr_fullImage_30, i32 %curr_fullImage_29, i32 %curr_fullImage_28, i32 %curr_fullImage_27, i32 %curr_fullImage_26, i32 %curr_fullImage_25, i32 %curr_fullImage_24, i32 %curr_fullImage_23, i32 %curr_fullImage_22, i32 %curr_fullImage_21, i32 %curr_fullImage_20, i32 %curr_fullImage_19, i32 %curr_fullImage_18, i32 %curr_fullImage_17, i32 %curr_fullImage_16, i32 %curr_fullImage_15, i32 %curr_fullImage_14, i32 %curr_fullImage_13, i32 %curr_fullImage_12, i32 %curr_fullImage_11, i32 %curr_fullImage_10, i32 %curr_fullImage_9, i32 %curr_fullImage_8, i32 %curr_fullImage_7, i32 %curr_fullImage_6, i32 %curr_fullImage_5, i32 %curr_fullImage_4, i32 %curr_fullImage_3, i32 %curr_fullImage_2, i32 %curr_fullImage_1, i32 %curr_fullImage_0, i32 %curr_localImage_30, i32 %curr_localImage_29, i32 %curr_localImage_28, i32 %curr_localImage_27, i32 %curr_localImage_26, i32 %curr_localImage_25, i32 %curr_localImage_24, i32 %curr_localImage_23, i32 %curr_localImage_22, i32 %curr_localImage_21, i32 %curr_localImage_20, i32 %curr_localImage_19, i32 %curr_localImage_18, i32 %curr_localImage_17, i32 %curr_localImage_16, i32 %curr_localImage_15, i32 %curr_localImage_14, i32 %curr_localImage_13, i32 %curr_localImage_12, i32 %curr_localImage_11, i32 %curr_localImage_10, i32 %curr_localImage_9, i32 %curr_localImage_8, i32 %curr_localImage_7, i32 %curr_localImage_6, i32 %curr_localImage_5, i32 %curr_localImage_4, i32 %curr_localImage_3, i32 %curr_localImage_2, i32 %curr_localImage_1, i32 %curr_localImage_0, i22 %trunc_ln2, i32 %curr_info_X_min, i64 %fullImage_read, i512 %gmem6, i512 %gmem5, i9 %rem4_i" [/home/xiaorang/Documents/ATOMFLOW/Image_analysis/src/image_analysis.cpp:96]   --->   Operation 34 'call' 'call_ln96' <Predicate = true> <Delay = 0.00> <CoreType = "Generic">   --->   Generic Core
ST_10 : Operation 35 [1/1] (0.00ns)   --->   "%ret_ln128 = ret i32 %curr_imageProjs_write_read" [/home/xiaorang/Documents/ATOMFLOW/Image_analysis/src/image_analysis.cpp:128]   --->   Operation 35 'ret' 'ret_ln128' <Predicate = true> <Delay = 0.00>


============================================================
+ Verbose Summary: Timing violations
============================================================
Target clock period: 10.000ns, clock uncertainty: 2.700ns.

 <State 1>: 7.300ns
The critical path consists of the following:
	wire read operation ('imageProjs_local_read', /home/xiaorang/Documents/ATOMFLOW/Image_analysis/src/image_analysis.cpp:60) on port 'imageProjs_local' (/home/xiaorang/Documents/ATOMFLOW/Image_analysis/src/image_analysis.cpp:60) [73]  (0.000 ns)
	'getelementptr' operation 512 bit ('gmem5_addr', /home/xiaorang/Documents/ATOMFLOW/Image_analysis/src/image_analysis.cpp:77) [79]  (0.000 ns)
	bus request operation ('empty', /home/xiaorang/Documents/ATOMFLOW/Image_analysis/src/image_analysis.cpp:77) on port 'gmem5' (/home/xiaorang/Documents/ATOMFLOW/Image_analysis/src/image_analysis.cpp:77) [80]  (7.300 ns)

 <State 2>: 7.300ns
The critical path consists of the following:
	bus request operation ('empty', /home/xiaorang/Documents/ATOMFLOW/Image_analysis/src/image_analysis.cpp:77) on port 'gmem5' (/home/xiaorang/Documents/ATOMFLOW/Image_analysis/src/image_analysis.cpp:77) [80]  (7.300 ns)

 <State 3>: 7.300ns
The critical path consists of the following:
	bus request operation ('empty', /home/xiaorang/Documents/ATOMFLOW/Image_analysis/src/image_analysis.cpp:77) on port 'gmem5' (/home/xiaorang/Documents/ATOMFLOW/Image_analysis/src/image_analysis.cpp:77) [80]  (7.300 ns)

 <State 4>: 7.300ns
The critical path consists of the following:
	bus request operation ('empty', /home/xiaorang/Documents/ATOMFLOW/Image_analysis/src/image_analysis.cpp:77) on port 'gmem5' (/home/xiaorang/Documents/ATOMFLOW/Image_analysis/src/image_analysis.cpp:77) [80]  (7.300 ns)

 <State 5>: 7.300ns
The critical path consists of the following:
	bus request operation ('empty', /home/xiaorang/Documents/ATOMFLOW/Image_analysis/src/image_analysis.cpp:77) on port 'gmem5' (/home/xiaorang/Documents/ATOMFLOW/Image_analysis/src/image_analysis.cpp:77) [80]  (7.300 ns)

 <State 6>: 7.300ns
The critical path consists of the following:
	bus request operation ('empty', /home/xiaorang/Documents/ATOMFLOW/Image_analysis/src/image_analysis.cpp:77) on port 'gmem5' (/home/xiaorang/Documents/ATOMFLOW/Image_analysis/src/image_analysis.cpp:77) [80]  (7.300 ns)

 <State 7>: 7.300ns
The critical path consists of the following:
	bus request operation ('empty', /home/xiaorang/Documents/ATOMFLOW/Image_analysis/src/image_analysis.cpp:77) on port 'gmem5' (/home/xiaorang/Documents/ATOMFLOW/Image_analysis/src/image_analysis.cpp:77) [80]  (7.300 ns)

 <State 8>: 7.300ns
The critical path consists of the following:
	bus request operation ('empty', /home/xiaorang/Documents/ATOMFLOW/Image_analysis/src/image_analysis.cpp:77) on port 'gmem5' (/home/xiaorang/Documents/ATOMFLOW/Image_analysis/src/image_analysis.cpp:77) [80]  (7.300 ns)

 <State 9>: 6.776ns
The critical path consists of the following:
	fifo read operation ('localImages_read', /home/xiaorang/Documents/ATOMFLOW/Image_analysis/src/image_analysis.cpp:68) on port 'localImages' (/home/xiaorang/Documents/ATOMFLOW/Image_analysis/src/image_analysis.cpp:68) [75]  (1.838 ns)
	'call' operation 0 bit ('call_ln96', /home/xiaorang/Documents/ATOMFLOW/Image_analysis/src/image_analysis.cpp:96) to 'Image_extract_next_Pipeline_VITIS_LOOP_95_1' [84]  (4.938 ns)

 <State 10>: 0.000ns
The critical path consists of the following:


============================================================
+ Verbose Summary: Binding
============================================================
N/A
* FSMD analyzer results:
  - Output states:
 - Input state : 
  - Chain level:
	State 1
	State 2
	State 3
	State 4
	State 5
	State 6
	State 7
	State 8
	State 9
	State 10


============================================================
+ Verbose Summary: Datapath Resource usage 
============================================================
N/A
