/home/xiaorang/Documents/ATOMFLOW/Image_analysis/src/image_analysis.cpp:118:9: warning: HLS pragma dump _XLX_SEP_ PragmaIsValid=1_XLX_SEP_ PragmaType=unroll_XLX_SEP_ PragmaContext=_XLX_SEP_ PragmaFunction=Image_extract_next_XLX_SEP_ PragmaOptions=_XLX_SEP_ [-Wdump-hls-pragmas]
#pragma HLS UNROLL
        ^
/home/xiaorang/Documents/ATOMFLOW/Image_analysis/src/image_analysis.cpp:56:29: warning: unused parameter 'curr_idx' [-Wunused-parameter]
void Image_extract_next(int curr_idx, hls::stream<local_image_info>& localImages,
                            ^
/home/xiaorang/Documents/ATOMFLOW/Image_analysis/src/image_analysis.cpp:138:9: warning: HLS pragma dump _XLX_SEP_ PragmaIsValid=1_XLX_SEP_ PragmaType=unroll_XLX_SEP_ PragmaContext=_XLX_SEP_ PragmaFunction=vector_sum_XLX_SEP_ PragmaOptions=_XLX_SEP_ [-Wdump-hls-pragmas]
#pragma HLS UNROLL
        ^
/home/xiaorang/Documents/ATOMFLOW/Image_analysis/src/image_analysis.cpp:144:9: warning: HLS pragma dump _XLX_SEP_ PragmaIsValid=1_XLX_SEP_ PragmaType=unroll_XLX_SEP_ PragmaContext=_XLX_SEP_ PragmaFunction=vector_sum_XLX_SEP_ PragmaOptions=_XLX_SEP_ [-Wdump-hls-pragmas]
#pragma HLS UNROLL
        ^
/home/xiaorang/Documents/ATOMFLOW/Image_analysis/src/image_analysis.cpp:149:9: warning: HLS pragma dump _XLX_SEP_ PragmaIsValid=1_XLX_SEP_ PragmaType=unroll_XLX_SEP_ PragmaContext=_XLX_SEP_ PragmaFunction=vector_sum_XLX_SEP_ PragmaOptions=_XLX_SEP_ [-Wdump-hls-pragmas]
#pragma HLS UNROLL
        ^
/home/xiaorang/Documents/ATOMFLOW/Image_analysis/src/image_analysis.cpp:154:9: warning: HLS pragma dump _XLX_SEP_ PragmaIsValid=1_XLX_SEP_ PragmaType=unroll_XLX_SEP_ PragmaContext=_XLX_SEP_ PragmaFunction=vector_sum_XLX_SEP_ PragmaOptions=_XLX_SEP_ [-Wdump-hls-pragmas]
#pragma HLS UNROLL
        ^
/home/xiaorang/Documents/ATOMFLOW/Image_analysis/src/image_analysis.cpp:165:9: warning: HLS pragma dump _XLX_SEP_ PragmaIsValid=1_XLX_SEP_ PragmaType=unroll_XLX_SEP_ PragmaContext=_XLX_SEP_ PragmaFunction=vector_sum_prod_XLX_SEP_ PragmaOptions=_XLX_SEP_ [-Wdump-hls-pragmas]
#pragma HLS UNROLL
        ^
/home/xiaorang/Documents/ATOMFLOW/Image_analysis/src/image_analysis.cpp:177:9: warning: HLS pragma dump _XLX_SEP_ PragmaIsValid=1_XLX_SEP_ PragmaType=pipeline_XLX_SEP_ PragmaContext=_XLX_SEP_ PragmaFunction=matrix_sum_prod_XLX_SEP_ PragmaOptions=_XLX_SEP_ [-Wdump-hls-pragmas]
#pragma HLS PIPELINE
        ^
/home/xiaorang/Documents/ATOMFLOW/Image_analysis/src/image_analysis.cpp:183:9: warning: HLS pragma dump _XLX_SEP_ PragmaIsValid=1_XLX_SEP_ PragmaType=unroll_XLX_SEP_ PragmaContext=_XLX_SEP_ PragmaFunction=matrix_sum_prod_XLX_SEP_ PragmaOptions=_XLX_SEP_ [-Wdump-hls-pragmas]
#pragma HLS UNROLL
        ^
/home/xiaorang/Documents/ATOMFLOW/Image_analysis/src/image_analysis.cpp:195:9: warning: HLS pragma dump _XLX_SEP_ PragmaIsValid=1_XLX_SEP_ PragmaType=pipeline_XLX_SEP_ PragmaContext=_XLX_SEP_ PragmaFunction=post_process_XLX_SEP_ PragmaOptions=II=1_XLX_SEP_ [-Wdump-hls-pragmas]
#pragma HLS PIPELINE II=1
        ^
/home/xiaorang/Documents/ATOMFLOW/Image_analysis/src/image_analysis.cpp:217:9: warning: HLS pragma dump _XLX_SEP_ PragmaIsValid=1_XLX_SEP_ PragmaType=interface_XLX_SEP_ PragmaContext=_XLX_SEP_ PragmaFunction=reconstruct_XLX_SEP_ PragmaOptions=port=return mode=s_axilite bundle=control_XLX_SEP_ [-Wdump-hls-pragmas]
#pragma HLS INTERFACE port=return mode=s_axilite bundle=control
        ^
/home/xiaorang/Documents/ATOMFLOW/Image_analysis/src/image_analysis.cpp:219:9: warning: HLS pragma dump _XLX_SEP_ PragmaIsValid=1_XLX_SEP_ PragmaType=interface_XLX_SEP_ PragmaContext=_XLX_SEP_ PragmaFunction=reconstruct_XLX_SEP_ PragmaOptions=port=atomLocationsSize mode=s_axilite bundle=scalar_data_XLX_SEP_ [-Wdump-hls-pragmas]
#pragma HLS INTERFACE port=atomLocationsSize mode=s_axilite bundle=scalar_data
        ^
/home/xiaorang/Documents/ATOMFLOW/Image_analysis/src/image_analysis.cpp:220:9: warning: HLS pragma dump _XLX_SEP_ PragmaIsValid=1_XLX_SEP_ PragmaType=interface_XLX_SEP_ PragmaContext=_XLX_SEP_ PragmaFunction=reconstruct_XLX_SEP_ PragmaOptions=port=projShape0 mode=s_axilite bundle=scalar_data_XLX_SEP_ [-Wdump-hls-pragmas]
#pragma HLS INTERFACE port=projShape0 mode=s_axilite bundle=scalar_data
        ^
/home/xiaorang/Documents/ATOMFLOW/Image_analysis/src/image_analysis.cpp:221:9: warning: HLS pragma dump _XLX_SEP_ PragmaIsValid=1_XLX_SEP_ PragmaType=interface_XLX_SEP_ PragmaContext=_XLX_SEP_ PragmaFunction=reconstruct_XLX_SEP_ PragmaOptions=port=projShape1 mode=s_axilite bundle=scalar_data_XLX_SEP_ [-Wdump-hls-pragmas]
#pragma HLS INTERFACE port=projShape1 mode=s_axilite bundle=scalar_data
        ^
/home/xiaorang/Documents/ATOMFLOW/Image_analysis/src/image_analysis.cpp:223:9: warning: HLS pragma dump _XLX_SEP_ PragmaIsValid=1_XLX_SEP_ PragmaType=interface_XLX_SEP_ PragmaContext=_XLX_SEP_ PragmaFunction=reconstruct_XLX_SEP_ PragmaOptions=port=atomLocations mode=m_axi bundle=atomLocations depth=1600_XLX_SEP_ [-Wdump-hls-pragmas]
#pragma HLS INTERFACE port=atomLocations mode=m_axi bundle=atomLocations depth=1600
        ^
/home/xiaorang/Documents/ATOMFLOW/Image_analysis/src/image_analysis.cpp:225:9: warning: HLS pragma dump _XLX_SEP_ PragmaIsValid=1_XLX_SEP_ PragmaType=interface_XLX_SEP_ PragmaContext=_XLX_SEP_ PragmaFunction=reconstruct_XLX_SEP_ PragmaOptions=port=psfSupersample mode=s_axilite bundle=scalar_data_XLX_SEP_ [-Wdump-hls-pragmas]
#pragma HLS INTERFACE port=psfSupersample mode=s_axilite bundle=scalar_data
        ^
/home/xiaorang/Documents/ATOMFLOW/Image_analysis/src/image_analysis.cpp:226:9: warning: HLS pragma dump _XLX_SEP_ PragmaIsValid=1_XLX_SEP_ PragmaType=interface_XLX_SEP_ PragmaContext=_XLX_SEP_ PragmaFunction=reconstruct_XLX_SEP_ PragmaOptions=port=imageProjectionSize mode=s_axilite bundle=scalar_data_XLX_SEP_ [-Wdump-hls-pragmas]
#pragma HLS INTERFACE port=imageProjectionSize mode=s_axilite bundle=scalar_data
        ^
/home/xiaorang/Documents/ATOMFLOW/Image_analysis/src/image_analysis.cpp:228:9: warning: HLS pragma dump _XLX_SEP_ PragmaIsValid=1_XLX_SEP_ PragmaType=interface_XLX_SEP_ PragmaContext=_XLX_SEP_ PragmaFunction=reconstruct_XLX_SEP_ PragmaOptions=port=imageProjs_local mode=m_axi bundle=imageProjs_local_XLX_SEP_ [-Wdump-hls-pragmas]
#pragma HLS INTERFACE port=imageProjs_local mode=m_axi bundle=imageProjs_local
        ^
/home/xiaorang/Documents/ATOMFLOW/Image_analysis/src/image_analysis.cpp:229:9: warning: HLS pragma dump _XLX_SEP_ PragmaIsValid=1_XLX_SEP_ PragmaType=interface_XLX_SEP_ PragmaContext=_XLX_SEP_ PragmaFunction=reconstruct_XLX_SEP_ PragmaOptions=port=imageProjs mode=m_axi bundle=imageProjs_XLX_SEP_ [-Wdump-hls-pragmas]
#pragma HLS INTERFACE port=imageProjs mode=m_axi bundle=imageProjs
        ^
/home/xiaorang/Documents/ATOMFLOW/Image_analysis/src/image_analysis.cpp:230:9: warning: HLS pragma dump _XLX_SEP_ PragmaIsValid=1_XLX_SEP_ PragmaType=interface_XLX_SEP_ PragmaContext=_XLX_SEP_ PragmaFunction=reconstruct_XLX_SEP_ PragmaOptions=port=imageProjs_local_size mode=m_axi bundle=imageProjs_local_size_XLX_SEP_ [-Wdump-hls-pragmas]
#pragma HLS INTERFACE port=imageProjs_local_size mode=m_axi bundle=imageProjs_local_size
        ^
/home/xiaorang/Documents/ATOMFLOW/Image_analysis/src/image_analysis.cpp:232:9: warning: HLS pragma dump _XLX_SEP_ PragmaIsValid=1_XLX_SEP_ PragmaType=interface_XLX_SEP_ PragmaContext=_XLX_SEP_ PragmaFunction=reconstruct_XLX_SEP_ PragmaOptions=port=fullImage mode=m_axi bundle=fullImage depth=1024*1024 num_read_outstanding=64 max_read_burst_length=64_XLX_SEP_ [-Wdump-hls-pragmas]
#pragma HLS INTERFACE port=fullImage mode=m_axi bundle=fullImage depth=1024*1024 num_read_outstanding=64 max_read_burst_length=64
        ^
/home/xiaorang/Documents/ATOMFLOW/Image_analysis/src/image_analysis.cpp:235:9: warning: HLS pragma dump _XLX_SEP_ PragmaIsValid=1_XLX_SEP_ PragmaType=interface_XLX_SEP_ PragmaContext=_XLX_SEP_ PragmaFunction=reconstruct_XLX_SEP_ PragmaOptions=port=fullImage_rows mode=s_axilite bundle=scalar_data_XLX_SEP_ [-Wdump-hls-pragmas]
#pragma HLS INTERFACE port=fullImage_rows mode=s_axilite bundle=scalar_data
        ^
/home/xiaorang/Documents/ATOMFLOW/Image_analysis/src/image_analysis.cpp:236:9: warning: HLS pragma dump _XLX_SEP_ PragmaIsValid=1_XLX_SEP_ PragmaType=interface_XLX_SEP_ PragmaContext=_XLX_SEP_ PragmaFunction=reconstruct_XLX_SEP_ PragmaOptions=port=fullImage_cols mode=s_axilite bundle=scalar_data_XLX_SEP_ [-Wdump-hls-pragmas]
#pragma HLS INTERFACE port=fullImage_cols mode=s_axilite bundle=scalar_data
        ^
/home/xiaorang/Documents/ATOMFLOW/Image_analysis/src/image_analysis.cpp:238:9: warning: HLS pragma dump _XLX_SEP_ PragmaIsValid=1_XLX_SEP_ PragmaType=interface_XLX_SEP_ PragmaContext=_XLX_SEP_ PragmaFunction=reconstruct_XLX_SEP_ PragmaOptions=port=emissions mode=m_axi bundle=emissions depth=1600_XLX_SEP_ [-Wdump-hls-pragmas]
#pragma HLS INTERFACE port=emissions mode=m_axi bundle=emissions depth=1600
        ^
/home/xiaorang/Documents/ATOMFLOW/Image_analysis/src/image_analysis.cpp:242:9: warning: HLS pragma dump _XLX_SEP_ PragmaIsValid=1_XLX_SEP_ PragmaType=dataflow_XLX_SEP_ PragmaContext=_XLX_SEP_ PragmaFunction=reconstruct_XLX_SEP_ PragmaOptions=_XLX_SEP_ [-Wdump-hls-pragmas]
#pragma HLS DATAFLOW
        ^
/home/xiaorang/Documents/ATOMFLOW/Image_analysis/src/image_analysis.cpp:250:9: warning: HLS pragma dump _XLX_SEP_ PragmaIsValid=1_XLX_SEP_ PragmaType=loop_tripcount_XLX_SEP_ PragmaContext=_XLX_SEP_ PragmaFunction=reconstruct_XLX_SEP_ PragmaOptions=max=1600 min=1600 avg=1600_XLX_SEP_ [-Wdump-hls-pragmas]
#pragma HLS LOOP_TRIPCOUNT max=1600 min=1600 avg=1600
        ^
26 warnings generated.
