

================================================================
== Vitis HLS Report for 'load_target_geometry'
================================================================
* Date:           Sat Mar 28 14:02:27 2026

* Version:        2024.2 (Build 5238294 on Nov  8 2024)
* Project:        atomflow_controller_2024_2
* Solution:       hls (Vivado IP Flow Target)
* Product family: zynquplusRFSOC
* Target device:  xczu49dr-ffvf1760-2-e


================================================================
== Performance Estimates
================================================================
+ Timing: 
    * Summary: 
    +--------+----------+----------+------------+
    |  Clock |  Target  | Estimated| Uncertainty|
    +--------+----------+----------+------------+
    |ap_clk  |  10.00 ns|  7.300 ns|     2.70 ns|
    +--------+----------+----------+------------+

+ Latency: 
    * Summary: 
    +---------+---------+----------+-----------+-----+------+---------+
    |  Latency (cycles) |  Latency (absolute)  |  Interval  | Pipeline|
    |   min   |   max   |    min   |    max    | min |  max |   Type  |
    +---------+---------+----------+-----------+-----+------+---------+
    |       23|     3093|  0.230 us|  30.930 us|   23|  3093|       no|
    +---------+---------+----------+-----------+-----+------+---------+

    + Detail: 
        * Instance: 
        +-------------------------------------------------------------------------+---------------------------------------------------------------+---------+---------+-----------+-----------+-----+------+------------------------------------------------+
        |                                                                         |                                                               |  Latency (cycles) |   Latency (absolute)  |  Interval  |                    Pipeline                    |
        |                                 Instance                                |                             Module                            |   min   |   max   |    min    |    max    | min |  max |                      Type                      |
        +-------------------------------------------------------------------------+---------------------------------------------------------------+---------+---------+-----------+-----------+-----+------+------------------------------------------------+
        |grp_load_target_geometry_Pipeline_VITIS_LOOP_342_1_fu_66                 |load_target_geometry_Pipeline_VITIS_LOOP_342_1                 |        3|     1026|  30.000 ns|  10.260 us|    2|  1025|  loop auto-rewind stp (delay=0 clock cycles(s))|
        |grp_load_target_geometry_Pipeline_VITIS_LOOP_348_2_fu_73                 |load_target_geometry_Pipeline_VITIS_LOOP_348_2                 |        2|     1026|  20.000 ns|  10.260 us|    1|  1025|  loop auto-rewind stp (delay=0 clock cycles(s))|
        |grp_load_target_geometry_Pipeline_VITIS_LOOP_42_1_VITIS_LOOP_44_2_fu_80  |load_target_geometry_Pipeline_VITIS_LOOP_42_1_VITIS_LOOP_44_2  |       13|     1036|   0.130 us|  10.360 us|    2|  1025|  loop auto-rewind stp (delay=0 clock cycles(s))|
        +-------------------------------------------------------------------------+---------------------------------------------------------------+---------+---------+-----------+-----------+-----+------+------------------------------------------------+

        * Loop: 
        N/A

============================================================
+ Verbose Summary: Synthesis Manager
============================================================
InlineROM: 1
ExposeGlobal: 0
============================================================
+ Verbose Summary: CDFG Model
============================================================
IsTopModel: 0
ResetActiveHigh: 1
IsCombinational: 0
IsDatapathOnly: 0
HasWiredReturn: 1
HasMFsm: 0
HasVarLatency: 1
IsPipeline: 0
IsRtlPipelined: 0
IsInstanceOverlapped: 0
IsDontTouch: 0
HasImplIP: 0
IsGatedGlobalClock: 0


============================================================
+ Verbose Summary: Schedule
============================================================
* Number of FSM states : 6
* Pipeline : 0
* Dataflow Pipeline: 0

* FSM state transitions: 
1 --> 2 
2 --> 3 
3 --> 4 
4 --> 5 
5 --> 6 
6 --> 

* FSM state operations: 

State 1 <SV = 0> <Delay = 5.74>
ST_1 : Operation 7 [1/1] (0.00ns)   --->   "%targetGeometry_cols_write_read = read i32 @_ssdm_op_Read.ap_auto.i32, i32 %targetGeometry_cols_write"   --->   Operation 7 'read' 'targetGeometry_cols_write_read' <Predicate = true> <Delay = 0.00>
ST_1 : Operation 8 [1/1] (0.00ns)   --->   "%targetGeometry_rows_write_read = read i32 @_ssdm_op_Read.ap_auto.i32, i32 %targetGeometry_rows_write"   --->   Operation 8 'read' 'targetGeometry_rows_write_read' <Predicate = true> <Delay = 0.00>
ST_1 : Operation 9 [1/1] (0.00ns)   --->   "%empty = trunc i32 %targetGeometry_cols_write_read"   --->   Operation 9 'trunc' 'empty' <Predicate = true> <Delay = 0.00>
ST_1 : Operation 10 [1/1] (0.00ns)   --->   "%empty_174 = trunc i32 %targetGeometry_rows_write_read"   --->   Operation 10 'trunc' 'empty_174' <Predicate = true> <Delay = 0.00>
ST_1 : Operation 11 [1/1] (0.00ns)   --->   "%sext_ln40 = sext i32 %targetGeometry_rows_write_read" [/home/xiaorang/Documents/ATOMFLOW/atomflow_controller/atomflow_controller.cpp:40]   --->   Operation 11 'sext' 'sext_ln40' <Predicate = true> <Delay = 0.00>
ST_1 : Operation 12 [1/1] (0.00ns)   --->   "%sext_ln40_1 = sext i32 %targetGeometry_cols_write_read" [/home/xiaorang/Documents/ATOMFLOW/atomflow_controller/atomflow_controller.cpp:40]   --->   Operation 12 'sext' 'sext_ln40_1' <Predicate = true> <Delay = 0.00>
ST_1 : Operation 13 [1/1] (3.42ns)   --->   "%i = mul i64 %sext_ln40_1, i64 %sext_ln40" [/home/xiaorang/Documents/ATOMFLOW/atomflow_controller/src/../../sorting-organized-main/src/sortLatticeByRow.hpp:341->/home/xiaorang/Documents/ATOMFLOW/atomflow_controller/atomflow_controller.cpp:40]   --->   Operation 13 'mul' 'i' <Predicate = true> <Delay = 3.42> <CoreInst = "Multiplier">   --->   Core 3 'Multiplier' <Latency = 0> <II = 1> <Delay = 3.42> <FuncUnit> <Opcode : 'mul'> <InPorts = 2> <OutPorts = 1>
ST_1 : Operation 14 [1/1] (0.00ns)   --->   "%trunc_ln348 = trunc i64 %i" [/home/xiaorang/Documents/ATOMFLOW/atomflow_controller/src/../../sorting-organized-main/src/sortLatticeByRow.hpp:348->/home/xiaorang/Documents/ATOMFLOW/atomflow_controller/atomflow_controller.cpp:40]   --->   Operation 14 'trunc' 'trunc_ln348' <Predicate = true> <Delay = 0.00>
ST_1 : Operation 15 [2/2] (2.32ns)   --->   "%call_ln341 = call void @load_target_geometry_Pipeline_VITIS_LOOP_342_1, i64 %i, i1 %targetGeometry_data_s" [/home/xiaorang/Documents/ATOMFLOW/atomflow_controller/src/../../sorting-organized-main/src/sortLatticeByRow.hpp:341->/home/xiaorang/Documents/ATOMFLOW/atomflow_controller/atomflow_controller.cpp:40]   --->   Operation 15 'call' 'call_ln341' <Predicate = true> <Delay = 2.32> <CoreType = "Generic">   --->   Generic Core
ST_1 : Operation 16 [1/1] (1.01ns)   --->   "%empty_175 = icmp_sgt  i32 %targetGeometry_rows_write_read, i32 0"   --->   Operation 16 'icmp' 'empty_175' <Predicate = true> <Delay = 1.01> <CoreInst = "Cmp">   --->   Core 9 'Cmp' <Latency = 0> <II = 1> <Delay = 1.01> <FuncUnit> <Opcode : 'seteq' 'setne' 'setle' 'setge' 'setlt' 'setgt'> <InPorts = 2> <OutPorts = 1>
ST_1 : Operation 17 [1/1] (0.41ns)   --->   "%smax = select i1 %empty_175, i31 %empty_174, i31 0"   --->   Operation 17 'select' 'smax' <Predicate = true> <Delay = 0.41> <CoreInst = "Sel">   --->   Core 73 'Sel' <Latency = 0> <II = 1> <Delay = 0.41> <FuncUnit> <Opcode : 'select'> <InPorts = 3> <OutPorts = 1>

State 2 <SV = 1> <Delay = 1.93>
ST_2 : Operation 18 [1/2] (1.93ns)   --->   "%call_ln341 = call void @load_target_geometry_Pipeline_VITIS_LOOP_342_1, i64 %i, i1 %targetGeometry_data_s" [/home/xiaorang/Documents/ATOMFLOW/atomflow_controller/src/../../sorting-organized-main/src/sortLatticeByRow.hpp:341->/home/xiaorang/Documents/ATOMFLOW/atomflow_controller/atomflow_controller.cpp:40]   --->   Operation 18 'call' 'call_ln341' <Predicate = true> <Delay = 1.93> <CoreType = "Generic">   --->   Generic Core

State 3 <SV = 2> <Delay = 1.66>
ST_3 : Operation 19 [2/2] (1.66ns)   --->   "%call_ln348 = call void @load_target_geometry_Pipeline_VITIS_LOOP_348_2, i11 %trunc_ln348, i1 %targetGeometry_data_s" [/home/xiaorang/Documents/ATOMFLOW/atomflow_controller/src/../../sorting-organized-main/src/sortLatticeByRow.hpp:348->/home/xiaorang/Documents/ATOMFLOW/atomflow_controller/atomflow_controller.cpp:40]   --->   Operation 19 'call' 'call_ln348' <Predicate = true> <Delay = 1.66> <CoreType = "Generic">   --->   Generic Core

State 4 <SV = 3> <Delay = 4.80>
ST_4 : Operation 20 [1/2] (0.85ns)   --->   "%call_ln348 = call void @load_target_geometry_Pipeline_VITIS_LOOP_348_2, i11 %trunc_ln348, i1 %targetGeometry_data_s" [/home/xiaorang/Documents/ATOMFLOW/atomflow_controller/src/../../sorting-organized-main/src/sortLatticeByRow.hpp:348->/home/xiaorang/Documents/ATOMFLOW/atomflow_controller/atomflow_controller.cpp:40]   --->   Operation 20 'call' 'call_ln348' <Predicate = true> <Delay = 0.85> <CoreType = "Generic">   --->   Generic Core
ST_4 : Operation 21 [1/1] (1.01ns)   --->   "%empty_176 = icmp_sgt  i32 %targetGeometry_cols_write_read, i32 0"   --->   Operation 21 'icmp' 'empty_176' <Predicate = true> <Delay = 1.01> <CoreInst = "Cmp">   --->   Core 9 'Cmp' <Latency = 0> <II = 1> <Delay = 1.01> <FuncUnit> <Opcode : 'seteq' 'setne' 'setle' 'setge' 'setlt' 'setgt'> <InPorts = 2> <OutPorts = 1>
ST_4 : Operation 22 [1/1] (0.41ns)   --->   "%smax1 = select i1 %empty_176, i31 %empty, i31 0"   --->   Operation 22 'select' 'smax1' <Predicate = true> <Delay = 0.41> <CoreInst = "Sel">   --->   Core 73 'Sel' <Latency = 0> <II = 1> <Delay = 0.41> <FuncUnit> <Opcode : 'select'> <InPorts = 3> <OutPorts = 1>
ST_4 : Operation 23 [1/1] (0.00ns)   --->   "%smax_cast = zext i31 %smax"   --->   Operation 23 'zext' 'smax_cast' <Predicate = true> <Delay = 0.00>
ST_4 : Operation 24 [1/1] (0.00ns)   --->   "%smax1_cast = zext i31 %smax1"   --->   Operation 24 'zext' 'smax1_cast' <Predicate = true> <Delay = 0.00>
ST_4 : Operation 25 [1/1] (3.37ns)   --->   "%bound = mul i62 %smax_cast, i62 %smax1_cast"   --->   Operation 25 'mul' 'bound' <Predicate = true> <Delay = 3.37> <CoreInst = "Multiplier">   --->   Core 3 'Multiplier' <Latency = 0> <II = 1> <Delay = 3.37> <FuncUnit> <Opcode : 'mul'> <InPorts = 2> <OutPorts = 1>

State 5 <SV = 4> <Delay = 0.00>
ST_5 : Operation 26 [1/1] (0.00ns)   --->   "%targetGeometry_mem_read = read i64 @_ssdm_op_Read.ap_auto.i64, i64 %targetGeometry_mem"   --->   Operation 26 'read' 'targetGeometry_mem_read' <Predicate = true> <Delay = 0.00>
ST_5 : Operation 27 [2/2] (0.00ns)   --->   "%call_ln0 = call void @load_target_geometry_Pipeline_VITIS_LOOP_42_1_VITIS_LOOP_44_2, i32 %targetGeometry_cols_write_read, i62 %bound, i32 %targetGeometry_cols_write_read, i64 %targetGeometry_mem_read, i8 %gmem4, i1 %targetGeometry_data_s"   --->   Operation 27 'call' 'call_ln0' <Predicate = true> <Delay = 0.00> <CoreType = "Generic">   --->   Generic Core

State 6 <SV = 5> <Delay = 0.00>
ST_6 : Operation 28 [1/1] (0.00ns)   --->   "%specmemcore_ln0 = specmemcore void @_ssdm_op_SpecMemCore, i1 %targetGeometry_data_s, i64 666, i64 22, i64 18446744073709551615"   --->   Operation 28 'specmemcore' 'specmemcore_ln0' <Predicate = true> <Delay = 0.00>
ST_6 : Operation 29 [1/1] (0.00ns)   --->   "%specinterface_ln0 = specinterface void @_ssdm_op_SpecInterface, i8 %gmem4, void @empty_41, i32 0, i32 0, void @empty_18, i32 0, i32 0, void @empty_8, void @empty_4, void @empty_18, i32 16, i32 16, i32 16, i32 16, void @empty_18, void @empty_18, i32 4294967295, i32 0, i32 0"   --->   Operation 29 'specinterface' 'specinterface_ln0' <Predicate = true> <Delay = 0.00>
ST_6 : Operation 30 [1/2] (0.00ns)   --->   "%call_ln0 = call void @load_target_geometry_Pipeline_VITIS_LOOP_42_1_VITIS_LOOP_44_2, i32 %targetGeometry_cols_write_read, i62 %bound, i32 %targetGeometry_cols_write_read, i64 %targetGeometry_mem_read, i8 %gmem4, i1 %targetGeometry_data_s"   --->   Operation 30 'call' 'call_ln0' <Predicate = true> <Delay = 0.00> <CoreType = "Generic">   --->   Generic Core
ST_6 : Operation 31 [1/1] (0.00ns)   --->   "%mrv = insertvalue i128 <undef>, i64 %sext_ln40" [/home/xiaorang/Documents/ATOMFLOW/atomflow_controller/atomflow_controller.cpp:50]   --->   Operation 31 'insertvalue' 'mrv' <Predicate = true> <Delay = 0.00>
ST_6 : Operation 32 [1/1] (0.00ns)   --->   "%mrv_1 = insertvalue i128 %mrv, i64 %sext_ln40_1" [/home/xiaorang/Documents/ATOMFLOW/atomflow_controller/atomflow_controller.cpp:50]   --->   Operation 32 'insertvalue' 'mrv_1' <Predicate = true> <Delay = 0.00>
ST_6 : Operation 33 [1/1] (0.00ns)   --->   "%ret_ln50 = ret i128 %mrv_1" [/home/xiaorang/Documents/ATOMFLOW/atomflow_controller/atomflow_controller.cpp:50]   --->   Operation 33 'ret' 'ret_ln50' <Predicate = true> <Delay = 0.00>


============================================================
+ Verbose Summary: Binding
============================================================
STG Binding: 
---------------- STG Properties BEGIN ----------------
- Is combinational: 0
- Is one-state seq: 0
- Is datapath-only: 0
- Is pipelined: 0
- Is top level: 0
Port [ Return ] is wired: 1; IO mode=ap_ctrl_hs:ce=0
Port [ gmem4]:  wired=1; compound=1; hidden=0; nouse=0; global=0; static=0; extern=0; dir=0; type=4; pingpong=0; private_global=0; IO mode=m_axi:ce=0
Port [ targetGeometry_mem]:  wired=1; compound=0; hidden=0; nouse=0; global=0; static=0; extern=0; dir=0; type=0; pingpong=0; private_global=0; IO mode=ap_none:ce=0
Port [ targetGeometry_rows_write]:  wired=1; compound=0; hidden=0; nouse=0; global=0; static=0; extern=0; dir=0; type=0; pingpong=0; private_global=0; IO mode=ap_none:ce=0
Port [ targetGeometry_cols_write]:  wired=1; compound=0; hidden=0; nouse=0; global=0; static=0; extern=0; dir=0; type=0; pingpong=0; private_global=0; IO mode=ap_none:ce=0
Port [ targetGeometry_data_s]:  wired=1; compound=1; hidden=0; nouse=0; global=0; static=0; extern=0; dir=1; type=1; pingpong=0; private_global=0; MemPort=[30]; IO mode=ap_memory:ce=0
---------------- STG Properties END ------------------

---------------- Datapath Model BEGIN ----------------

<LifeTime>
<method=bitvector/>
targetGeometry_cols_write_read (read         ) [ 0011111]
targetGeometry_rows_write_read (read         ) [ 0000000]
empty                          (trunc        ) [ 0011100]
empty_174                      (trunc        ) [ 0000000]
sext_ln40                      (sext         ) [ 0011111]
sext_ln40_1                    (sext         ) [ 0011111]
i                              (mul          ) [ 0010000]
trunc_ln348                    (trunc        ) [ 0011100]
empty_175                      (icmp         ) [ 0000000]
smax                           (select       ) [ 0011100]
call_ln341                     (call         ) [ 0000000]
call_ln348                     (call         ) [ 0000000]
empty_176                      (icmp         ) [ 0000000]
smax1                          (select       ) [ 0000000]
smax_cast                      (zext         ) [ 0000000]
smax1_cast                     (zext         ) [ 0000000]
bound                          (mul          ) [ 0000011]
targetGeometry_mem_read        (read         ) [ 0000001]
specmemcore_ln0                (specmemcore  ) [ 0000000]
specinterface_ln0              (specinterface) [ 0000000]
call_ln0                       (call         ) [ 0000000]
mrv                            (insertvalue  ) [ 0000000]
mrv_1                          (insertvalue  ) [ 0000000]
ret_ln50                       (ret          ) [ 0000000]
</LifeTime>

<model>

<comp_list>
<comp id="0" class="1000" name="gmem4">
<pin_list>
<pin id="1" dir="1" index="0" bw="1" slack="0"/>
</pin_list>
<bind>
<StgValue><ssdm name="gmem4"/><MemPortTyVec>0 </MemPortTyVec>
</StgValue>
</bind>
</comp>

<comp id="2" class="1000" name="targetGeometry_mem">
<pin_list>
<pin id="3" dir="1" index="0" bw="1" slack="0"/>
</pin_list>
<bind>
<StgValue><ssdm name="targetGeometry_mem"/></StgValue>
</bind>
</comp>

<comp id="4" class="1000" name="targetGeometry_rows_write">
<pin_list>
<pin id="5" dir="1" index="0" bw="1" slack="0"/>
</pin_list>
<bind>
<StgValue><ssdm name="targetGeometry_rows_write"/></StgValue>
</bind>
</comp>

<comp id="6" class="1000" name="targetGeometry_cols_write">
<pin_list>
<pin id="7" dir="1" index="0" bw="1" slack="0"/>
</pin_list>
<bind>
<StgValue><ssdm name="targetGeometry_cols_write"/></StgValue>
</bind>
</comp>

<comp id="8" class="1000" name="targetGeometry_data_s">
<pin_list>
<pin id="9" dir="1" index="0" bw="1" slack="0"/>
</pin_list>
<bind>
<StgValue><ssdm name="targetGeometry_data_s"/><MemPortTyVec>3 0 </MemPortTyVec>
</StgValue>
</bind>
</comp>

<comp id="10" class="1001" name="const_10">
<pin_list>
<pin id="11" dir="1" index="0" bw="1" slack="0"/>
</pin_list>
<bind>
<StgValue><ssdm name="_ssdm_op_Read.ap_auto.i32"/></StgValue>
</bind>
</comp>

<comp id="12" class="1001" name="const_12">
<pin_list>
<pin id="13" dir="1" index="0" bw="1" slack="0"/>
</pin_list>
<bind>
<StgValue><ssdm name="load_target_geometry_Pipeline_VITIS_LOOP_342_1"/></StgValue>
</bind>
</comp>

<comp id="14" class="1001" name="const_14">
<pin_list>
<pin id="15" dir="1" index="0" bw="1" slack="0"/>
</pin_list>
<bind>
<StgValue><ssdm name=""/></StgValue>
</bind>
</comp>

<comp id="16" class="1001" name="const_16">
<pin_list>
<pin id="17" dir="1" index="0" bw="1" slack="0"/>
</pin_list>
<bind>
<StgValue><ssdm name=""/></StgValue>
</bind>
</comp>

<comp id="18" class="1001" name="const_18">
<pin_list>
<pin id="19" dir="1" index="0" bw="1" slack="0"/>
</pin_list>
<bind>
<StgValue><ssdm name="load_target_geometry_Pipeline_VITIS_LOOP_348_2"/></StgValue>
</bind>
</comp>

<comp id="20" class="1001" name="const_20">
<pin_list>
<pin id="21" dir="1" index="0" bw="1" slack="0"/>
</pin_list>
<bind>
<StgValue><ssdm name="_ssdm_op_Read.ap_auto.i64"/></StgValue>
</bind>
</comp>

<comp id="22" class="1001" name="const_22">
<pin_list>
<pin id="23" dir="1" index="0" bw="1" slack="0"/>
</pin_list>
<bind>
<StgValue><ssdm name="load_target_geometry_Pipeline_VITIS_LOOP_42_1_VITIS_LOOP_44_2"/></StgValue>
</bind>
</comp>

<comp id="24" class="1001" name="const_24">
<pin_list>
<pin id="25" dir="1" index="0" bw="1" slack="2147483647"/>
</pin_list>
<bind>
<StgValue><ssdm name="_ssdm_op_SpecMemCore"/></StgValue>
</bind>
</comp>

<comp id="26" class="1001" name="const_26">
<pin_list>
<pin id="27" dir="1" index="0" bw="1" slack="2147483647"/>
</pin_list>
<bind>
<StgValue><ssdm name=""/></StgValue>
</bind>
</comp>

<comp id="28" class="1001" name="const_28">
<pin_list>
<pin id="29" dir="1" index="0" bw="1" slack="2147483647"/>
</pin_list>
<bind>
<StgValue><ssdm name=""/></StgValue>
</bind>
</comp>

<comp id="30" class="1001" name="const_30">
<pin_list>
<pin id="31" dir="1" index="0" bw="1" slack="2147483647"/>
</pin_list>
<bind>
<StgValue><ssdm name=""/></StgValue>
</bind>
</comp>

<comp id="32" class="1001" name="const_32">
<pin_list>
<pin id="33" dir="1" index="0" bw="1" slack="2147483647"/>
</pin_list>
<bind>
<StgValue><ssdm name="_ssdm_op_SpecInterface"/></StgValue>
</bind>
</comp>

<comp id="34" class="1001" name="const_34">
<pin_list>
<pin id="35" dir="1" index="0" bw="1" slack="2147483647"/>
</pin_list>
<bind>
<StgValue><ssdm name="empty_41"/></StgValue>
</bind>
</comp>

<comp id="36" class="1001" name="const_36">
<pin_list>
<pin id="37" dir="1" index="0" bw="1" slack="2147483647"/>
</pin_list>
<bind>
<StgValue><ssdm name="empty_18"/></StgValue>
</bind>
</comp>

<comp id="38" class="1001" name="const_38">
<pin_list>
<pin id="39" dir="1" index="0" bw="1" slack="2147483647"/>
</pin_list>
<bind>
<StgValue><ssdm name="empty_8"/></StgValue>
</bind>
</comp>

<comp id="40" class="1001" name="const_40">
<pin_list>
<pin id="41" dir="1" index="0" bw="1" slack="2147483647"/>
</pin_list>
<bind>
<StgValue><ssdm name="empty_4"/></StgValue>
</bind>
</comp>

<comp id="42" class="1001" name="const_42">
<pin_list>
<pin id="43" dir="1" index="0" bw="1" slack="2147483647"/>
</pin_list>
<bind>
<StgValue><ssdm name=""/></StgValue>
</bind>
</comp>

<comp id="44" class="1001" name="const_44">
<pin_list>
<pin id="45" dir="1" index="0" bw="1" slack="2147483647"/>
</pin_list>
<bind>
<StgValue><ssdm name=""/></StgValue>
</bind>
</comp>

<comp id="46" class="1001" name="const_46">
<pin_list>
<pin id="47" dir="1" index="0" bw="1" slack="0"/>
</pin_list>
<bind>
<StgValue><ssdm name=""/></StgValue>
</bind>
</comp>

<comp id="48" class="1004" name="targetGeometry_cols_write_read_read_fu_48">
<pin_list>
<pin id="49" dir="0" index="0" bw="32" slack="0"/>
<pin id="50" dir="0" index="1" bw="32" slack="0"/>
<pin id="51" dir="1" index="2" bw="32" slack="0"/>
</pin_list>
<bind>
<opcode="read(1150) " fcode="read"/>
<opset="targetGeometry_cols_write_read/1 "/>
</bind>
</comp>

<comp id="54" class="1004" name="targetGeometry_rows_write_read_read_fu_54">
<pin_list>
<pin id="55" dir="0" index="0" bw="32" slack="0"/>
<pin id="56" dir="0" index="1" bw="32" slack="0"/>
<pin id="57" dir="1" index="2" bw="32" slack="0"/>
</pin_list>
<bind>
<opcode="read(1150) " fcode="read"/>
<opset="targetGeometry_rows_write_read/1 "/>
</bind>
</comp>

<comp id="60" class="1004" name="targetGeometry_mem_read_read_fu_60">
<pin_list>
<pin id="61" dir="0" index="0" bw="64" slack="0"/>
<pin id="62" dir="0" index="1" bw="64" slack="0"/>
<pin id="63" dir="1" index="2" bw="64" slack="0"/>
</pin_list>
<bind>
<opcode="read(1150) " fcode="read"/>
<opset="targetGeometry_mem_read/5 "/>
</bind>
</comp>

<comp id="66" class="1004" name="grp_load_target_geometry_Pipeline_VITIS_LOOP_342_1_fu_66">
<pin_list>
<pin id="67" dir="0" index="0" bw="0" slack="0"/>
<pin id="68" dir="0" index="1" bw="64" slack="0"/>
<pin id="69" dir="0" index="2" bw="1" slack="0"/>
<pin id="70" dir="1" index="3" bw="0" slack="2147483647"/>
</pin_list>
<bind>
<opcode="call(48) " fcode="call"/>
<opset="call_ln341/1 "/>
</bind>
</comp>

<comp id="73" class="1004" name="grp_load_target_geometry_Pipeline_VITIS_LOOP_348_2_fu_73">
<pin_list>
<pin id="74" dir="0" index="0" bw="0" slack="0"/>
<pin id="75" dir="0" index="1" bw="11" slack="2"/>
<pin id="76" dir="0" index="2" bw="1" slack="0"/>
<pin id="77" dir="1" index="3" bw="0" slack="2147483647"/>
</pin_list>
<bind>
<opcode="call(48) " fcode="call"/>
<opset="call_ln348/3 "/>
</bind>
</comp>

<comp id="80" class="1004" name="grp_load_target_geometry_Pipeline_VITIS_LOOP_42_1_VITIS_LOOP_44_2_fu_80">
<pin_list>
<pin id="81" dir="0" index="0" bw="0" slack="0"/>
<pin id="82" dir="0" index="1" bw="32" slack="4"/>
<pin id="83" dir="0" index="2" bw="62" slack="1"/>
<pin id="84" dir="0" index="3" bw="32" slack="4"/>
<pin id="85" dir="0" index="4" bw="64" slack="0"/>
<pin id="86" dir="0" index="5" bw="8" slack="0"/>
<pin id="87" dir="0" index="6" bw="1" slack="0"/>
<pin id="88" dir="1" index="7" bw="0" slack="2147483647"/>
</pin_list>
<bind>
<opcode="call(48) " fcode="call"/>
<opset="call_ln0/5 "/>
</bind>
</comp>

<comp id="93" class="1004" name="bound_fu_93">
<pin_list>
<pin id="94" dir="0" index="0" bw="31" slack="0"/>
<pin id="95" dir="0" index="1" bw="31" slack="0"/>
<pin id="96" dir="1" index="2" bw="62" slack="1"/>
</pin_list>
<bind>
<opcode="mul(12) " fcode="mul"/>
<opset="bound/4 "/>
</bind>
</comp>

<comp id="97" class="1004" name="i_fu_97">
<pin_list>
<pin id="98" dir="0" index="0" bw="32" slack="0"/>
<pin id="99" dir="0" index="1" bw="32" slack="0"/>
<pin id="100" dir="1" index="2" bw="64" slack="0"/>
</pin_list>
<bind>
<opcode="mul(12) " fcode="mul"/>
<opset="i/1 "/>
</bind>
</comp>

<comp id="102" class="1004" name="empty_fu_102">
<pin_list>
<pin id="103" dir="0" index="0" bw="32" slack="0"/>
<pin id="104" dir="1" index="1" bw="31" slack="3"/>
</pin_list>
<bind>
<opcode="trunc(33) " fcode="trunc"/>
<opset="empty/1 "/>
</bind>
</comp>

<comp id="106" class="1004" name="empty_174_fu_106">
<pin_list>
<pin id="107" dir="0" index="0" bw="32" slack="0"/>
<pin id="108" dir="1" index="1" bw="31" slack="0"/>
</pin_list>
<bind>
<opcode="trunc(33) " fcode="trunc"/>
<opset="empty_174/1 "/>
</bind>
</comp>

<comp id="110" class="1004" name="sext_ln40_fu_110">
<pin_list>
<pin id="111" dir="0" index="0" bw="32" slack="0"/>
<pin id="112" dir="1" index="1" bw="64" slack="0"/>
</pin_list>
<bind>
<opcode="sext(35) " fcode="sext"/>
<opset="sext_ln40/1 "/>
</bind>
</comp>

<comp id="115" class="1004" name="sext_ln40_1_fu_115">
<pin_list>
<pin id="116" dir="0" index="0" bw="32" slack="0"/>
<pin id="117" dir="1" index="1" bw="64" slack="0"/>
</pin_list>
<bind>
<opcode="sext(35) " fcode="sext"/>
<opset="sext_ln40_1/1 "/>
</bind>
</comp>

<comp id="120" class="1004" name="trunc_ln348_fu_120">
<pin_list>
<pin id="121" dir="0" index="0" bw="64" slack="0"/>
<pin id="122" dir="1" index="1" bw="11" slack="2"/>
</pin_list>
<bind>
<opcode="trunc(33) " fcode="trunc"/>
<opset="trunc_ln348/1 "/>
</bind>
</comp>

<comp id="124" class="1004" name="empty_175_fu_124">
<pin_list>
<pin id="125" dir="0" index="0" bw="32" slack="0"/>
<pin id="126" dir="0" index="1" bw="1" slack="0"/>
<pin id="127" dir="1" index="2" bw="1" slack="0"/>
</pin_list>
<bind>
<opcode="icmp(45) " fcode="icmp"/>
<opset="empty_175/1 "/>
</bind>
</comp>

<comp id="130" class="1004" name="smax_fu_130">
<pin_list>
<pin id="131" dir="0" index="0" bw="1" slack="0"/>
<pin id="132" dir="0" index="1" bw="31" slack="0"/>
<pin id="133" dir="0" index="2" bw="1" slack="0"/>
<pin id="134" dir="1" index="3" bw="31" slack="3"/>
</pin_list>
<bind>
<opcode="select(49) " fcode="select"/>
<opset="smax/1 "/>
</bind>
</comp>

<comp id="138" class="1004" name="empty_176_fu_138">
<pin_list>
<pin id="139" dir="0" index="0" bw="32" slack="3"/>
<pin id="140" dir="0" index="1" bw="1" slack="0"/>
<pin id="141" dir="1" index="2" bw="1" slack="0"/>
</pin_list>
<bind>
<opcode="icmp(45) " fcode="icmp"/>
<opset="empty_176/4 "/>
</bind>
</comp>

<comp id="143" class="1004" name="smax1_fu_143">
<pin_list>
<pin id="144" dir="0" index="0" bw="1" slack="0"/>
<pin id="145" dir="0" index="1" bw="31" slack="3"/>
<pin id="146" dir="0" index="2" bw="1" slack="0"/>
<pin id="147" dir="1" index="3" bw="31" slack="0"/>
</pin_list>
<bind>
<opcode="select(49) " fcode="select"/>
<opset="smax1/4 "/>
</bind>
</comp>

<comp id="150" class="1004" name="smax_cast_fu_150">
<pin_list>
<pin id="151" dir="0" index="0" bw="31" slack="3"/>
<pin id="152" dir="1" index="1" bw="62" slack="0"/>
</pin_list>
<bind>
<opcode="zext(34) " fcode="zext"/>
<opset="smax_cast/4 "/>
</bind>
</comp>

<comp id="154" class="1004" name="smax1_cast_fu_154">
<pin_list>
<pin id="155" dir="0" index="0" bw="31" slack="0"/>
<pin id="156" dir="1" index="1" bw="62" slack="0"/>
</pin_list>
<bind>
<opcode="zext(34) " fcode="zext"/>
<opset="smax1_cast/4 "/>
</bind>
</comp>

<comp id="159" class="1004" name="mrv_fu_159">
<pin_list>
<pin id="160" dir="0" index="0" bw="128" slack="0"/>
<pin id="161" dir="0" index="1" bw="32" slack="5"/>
<pin id="162" dir="1" index="2" bw="128" slack="0"/>
</pin_list>
<bind>
<opcode="insertvalue(57) " fcode="insertvalue"/>
<opset="mrv/6 "/>
</bind>
</comp>

<comp id="164" class="1004" name="mrv_1_fu_164">
<pin_list>
<pin id="165" dir="0" index="0" bw="128" slack="0"/>
<pin id="166" dir="0" index="1" bw="32" slack="5"/>
<pin id="167" dir="1" index="2" bw="128" slack="2147483647"/>
</pin_list>
<bind>
<opcode="insertvalue(57) " fcode="insertvalue"/>
<opset="mrv_1/6 "/>
</bind>
</comp>

<comp id="169" class="1005" name="targetGeometry_cols_write_read_reg_169">
<pin_list>
<pin id="170" dir="0" index="0" bw="32" slack="3"/>
<pin id="171" dir="1" index="1" bw="32" slack="3"/>
</pin_list>
<bind>
<opset="targetGeometry_cols_write_read "/>
</bind>
</comp>

<comp id="176" class="1005" name="empty_reg_176">
<pin_list>
<pin id="177" dir="0" index="0" bw="31" slack="3"/>
<pin id="178" dir="1" index="1" bw="31" slack="3"/>
</pin_list>
<bind>
<opset="empty "/>
</bind>
</comp>

<comp id="181" class="1005" name="sext_ln40_reg_181">
<pin_list>
<pin id="182" dir="0" index="0" bw="64" slack="5"/>
<pin id="183" dir="1" index="1" bw="64" slack="5"/>
</pin_list>
<bind>
<opset="sext_ln40 "/>
</bind>
</comp>

<comp id="186" class="1005" name="sext_ln40_1_reg_186">
<pin_list>
<pin id="187" dir="0" index="0" bw="64" slack="5"/>
<pin id="188" dir="1" index="1" bw="64" slack="5"/>
</pin_list>
<bind>
<opset="sext_ln40_1 "/>
</bind>
</comp>

<comp id="191" class="1005" name="i_reg_191">
<pin_list>
<pin id="192" dir="0" index="0" bw="64" slack="1"/>
<pin id="193" dir="1" index="1" bw="64" slack="1"/>
</pin_list>
<bind>
<opset="i "/>
</bind>
</comp>

<comp id="196" class="1005" name="trunc_ln348_reg_196">
<pin_list>
<pin id="197" dir="0" index="0" bw="11" slack="2"/>
<pin id="198" dir="1" index="1" bw="11" slack="2"/>
</pin_list>
<bind>
<opset="trunc_ln348 "/>
</bind>
</comp>

<comp id="201" class="1005" name="smax_reg_201">
<pin_list>
<pin id="202" dir="0" index="0" bw="31" slack="3"/>
<pin id="203" dir="1" index="1" bw="31" slack="3"/>
</pin_list>
<bind>
<opset="smax "/>
</bind>
</comp>

<comp id="206" class="1005" name="bound_reg_206">
<pin_list>
<pin id="207" dir="0" index="0" bw="62" slack="1"/>
<pin id="208" dir="1" index="1" bw="62" slack="1"/>
</pin_list>
<bind>
<opset="bound "/>
</bind>
</comp>

<comp id="211" class="1005" name="targetGeometry_mem_read_reg_211">
<pin_list>
<pin id="212" dir="0" index="0" bw="64" slack="1"/>
<pin id="213" dir="1" index="1" bw="64" slack="1"/>
</pin_list>
<bind>
<opset="targetGeometry_mem_read "/>
</bind>
</comp>

</comp_list>

<net_list>
<net id="52"><net_src comp="10" pin="0"/><net_sink comp="48" pin=0"/></net>

<net id="53"><net_src comp="6" pin="0"/><net_sink comp="48" pin=1"/></net>

<net id="58"><net_src comp="10" pin="0"/><net_sink comp="54" pin=0"/></net>

<net id="59"><net_src comp="4" pin="0"/><net_sink comp="54" pin=1"/></net>

<net id="64"><net_src comp="20" pin="0"/><net_sink comp="60" pin=0"/></net>

<net id="65"><net_src comp="2" pin="0"/><net_sink comp="60" pin=1"/></net>

<net id="71"><net_src comp="12" pin="0"/><net_sink comp="66" pin=0"/></net>

<net id="72"><net_src comp="8" pin="0"/><net_sink comp="66" pin=2"/></net>

<net id="78"><net_src comp="18" pin="0"/><net_sink comp="73" pin=0"/></net>

<net id="79"><net_src comp="8" pin="0"/><net_sink comp="73" pin=2"/></net>

<net id="89"><net_src comp="22" pin="0"/><net_sink comp="80" pin=0"/></net>

<net id="90"><net_src comp="60" pin="2"/><net_sink comp="80" pin=4"/></net>

<net id="91"><net_src comp="0" pin="0"/><net_sink comp="80" pin=5"/></net>

<net id="92"><net_src comp="8" pin="0"/><net_sink comp="80" pin=6"/></net>

<net id="101"><net_src comp="97" pin="2"/><net_sink comp="66" pin=1"/></net>

<net id="105"><net_src comp="48" pin="2"/><net_sink comp="102" pin=0"/></net>

<net id="109"><net_src comp="54" pin="2"/><net_sink comp="106" pin=0"/></net>

<net id="113"><net_src comp="54" pin="2"/><net_sink comp="110" pin=0"/></net>

<net id="114"><net_src comp="110" pin="1"/><net_sink comp="97" pin=1"/></net>

<net id="118"><net_src comp="48" pin="2"/><net_sink comp="115" pin=0"/></net>

<net id="119"><net_src comp="115" pin="1"/><net_sink comp="97" pin=0"/></net>

<net id="123"><net_src comp="97" pin="2"/><net_sink comp="120" pin=0"/></net>

<net id="128"><net_src comp="54" pin="2"/><net_sink comp="124" pin=0"/></net>

<net id="129"><net_src comp="14" pin="0"/><net_sink comp="124" pin=1"/></net>

<net id="135"><net_src comp="124" pin="2"/><net_sink comp="130" pin=0"/></net>

<net id="136"><net_src comp="106" pin="1"/><net_sink comp="130" pin=1"/></net>

<net id="137"><net_src comp="16" pin="0"/><net_sink comp="130" pin=2"/></net>

<net id="142"><net_src comp="14" pin="0"/><net_sink comp="138" pin=1"/></net>

<net id="148"><net_src comp="138" pin="2"/><net_sink comp="143" pin=0"/></net>

<net id="149"><net_src comp="16" pin="0"/><net_sink comp="143" pin=2"/></net>

<net id="153"><net_src comp="150" pin="1"/><net_sink comp="93" pin=0"/></net>

<net id="157"><net_src comp="143" pin="3"/><net_sink comp="154" pin=0"/></net>

<net id="158"><net_src comp="154" pin="1"/><net_sink comp="93" pin=1"/></net>

<net id="163"><net_src comp="46" pin="0"/><net_sink comp="159" pin=0"/></net>

<net id="168"><net_src comp="159" pin="2"/><net_sink comp="164" pin=0"/></net>

<net id="172"><net_src comp="48" pin="2"/><net_sink comp="169" pin=0"/></net>

<net id="173"><net_src comp="169" pin="1"/><net_sink comp="138" pin=0"/></net>

<net id="174"><net_src comp="169" pin="1"/><net_sink comp="80" pin=1"/></net>

<net id="175"><net_src comp="169" pin="1"/><net_sink comp="80" pin=3"/></net>

<net id="179"><net_src comp="102" pin="1"/><net_sink comp="176" pin=0"/></net>

<net id="180"><net_src comp="176" pin="1"/><net_sink comp="143" pin=1"/></net>

<net id="184"><net_src comp="110" pin="1"/><net_sink comp="181" pin=0"/></net>

<net id="185"><net_src comp="181" pin="1"/><net_sink comp="159" pin=1"/></net>

<net id="189"><net_src comp="115" pin="1"/><net_sink comp="186" pin=0"/></net>

<net id="190"><net_src comp="186" pin="1"/><net_sink comp="164" pin=1"/></net>

<net id="194"><net_src comp="97" pin="2"/><net_sink comp="191" pin=0"/></net>

<net id="195"><net_src comp="191" pin="1"/><net_sink comp="66" pin=1"/></net>

<net id="199"><net_src comp="120" pin="1"/><net_sink comp="196" pin=0"/></net>

<net id="200"><net_src comp="196" pin="1"/><net_sink comp="73" pin=1"/></net>

<net id="204"><net_src comp="130" pin="3"/><net_sink comp="201" pin=0"/></net>

<net id="205"><net_src comp="201" pin="1"/><net_sink comp="150" pin=0"/></net>

<net id="209"><net_src comp="93" pin="2"/><net_sink comp="206" pin=0"/></net>

<net id="210"><net_src comp="206" pin="1"/><net_sink comp="80" pin=2"/></net>

<net id="214"><net_src comp="60" pin="2"/><net_sink comp="211" pin=0"/></net>

<net id="215"><net_src comp="211" pin="1"/><net_sink comp="80" pin=4"/></net>

</net_list>

</model> 
---------------- Datapath Model END ------------------

* FSMD analyzer results:
  - Output states:
	Port: targetGeometry_data_s | {1 2 3 4 5 6 }
 - Input state : 
	Port: load_target_geometry : gmem4 | {5 6 }
	Port: load_target_geometry : targetGeometry_mem | {5 }
	Port: load_target_geometry : targetGeometry_rows_write | {1 }
	Port: load_target_geometry : targetGeometry_cols_write | {1 }
  - Chain level:
	State 1
		i : 1
		trunc_ln348 : 2
		call_ln341 : 2
		smax : 1
	State 2
	State 3
	State 4
		smax1 : 1
		smax1_cast : 2
		bound : 3
	State 5
	State 6
		mrv_1 : 1
		ret_ln50 : 2


============================================================
+ Verbose Summary: Datapath Resource usage 
============================================================

* Functional unit list:
|----------|-------------------------------------------------------------------------|---------|---------|---------|
| Operation|                             Functional Unit                             |   DSP   |    FF   |   LUT   |
|----------|-------------------------------------------------------------------------|---------|---------|---------|
|          |         grp_load_target_geometry_Pipeline_VITIS_LOOP_342_1_fu_66        |    0    |    11   |    89   |
|   call   |         grp_load_target_geometry_Pipeline_VITIS_LOOP_348_2_fu_73        |    0    |    11   |    18   |
|          | grp_load_target_geometry_Pipeline_VITIS_LOOP_42_1_VITIS_LOOP_44_2_fu_80 |    4    |   425   |   490   |
|----------|-------------------------------------------------------------------------|---------|---------|---------|
|   icmp   |                             empty_175_fu_124                            |    0    |    0    |    39   |
|          |                             empty_176_fu_138                            |    0    |    0    |    39   |
|----------|-------------------------------------------------------------------------|---------|---------|---------|
|  select  |                               smax_fu_130                               |    0    |    0    |    31   |
|          |                               smax1_fu_143                              |    0    |    0    |    31   |
|----------|-------------------------------------------------------------------------|---------|---------|---------|
|    mul   |                               bound_fu_93                               |    4    |    0    |    20   |
|          |                                 i_fu_97                                 |    4    |    0    |    20   |
|----------|-------------------------------------------------------------------------|---------|---------|---------|
|          |                targetGeometry_cols_write_read_read_fu_48                |    0    |    0    |    0    |
|   read   |                targetGeometry_rows_write_read_read_fu_54                |    0    |    0    |    0    |
|          |                    targetGeometry_mem_read_read_fu_60                   |    0    |    0    |    0    |
|----------|-------------------------------------------------------------------------|---------|---------|---------|
|          |                               empty_fu_102                              |    0    |    0    |    0    |
|   trunc  |                             empty_174_fu_106                            |    0    |    0    |    0    |
|          |                            trunc_ln348_fu_120                           |    0    |    0    |    0    |
|----------|-------------------------------------------------------------------------|---------|---------|---------|
|   sext   |                             sext_ln40_fu_110                            |    0    |    0    |    0    |
|          |                            sext_ln40_1_fu_115                           |    0    |    0    |    0    |
|----------|-------------------------------------------------------------------------|---------|---------|---------|
|   zext   |                             smax_cast_fu_150                            |    0    |    0    |    0    |
|          |                            smax1_cast_fu_154                            |    0    |    0    |    0    |
|----------|-------------------------------------------------------------------------|---------|---------|---------|
|insertvalue|                                mrv_fu_159                               |    0    |    0    |    0    |
|          |                               mrv_1_fu_164                              |    0    |    0    |    0    |
|----------|-------------------------------------------------------------------------|---------|---------|---------|
|   Total  |                                                                         |    12   |   447   |   777   |
|----------|-------------------------------------------------------------------------|---------|---------|---------|

Memories:
N/A

* Register list:
+--------------------------------------+--------+
|                                      |   FF   |
+--------------------------------------+--------+
|             bound_reg_206            |   62   |
|             empty_reg_176            |   31   |
|               i_reg_191              |   64   |
|          sext_ln40_1_reg_186         |   64   |
|           sext_ln40_reg_181          |   64   |
|             smax_reg_201             |   31   |
|targetGeometry_cols_write_read_reg_169|   32   |
|    targetGeometry_mem_read_reg_211   |   64   |
|          trunc_ln348_reg_196         |   11   |
+--------------------------------------+--------+
|                 Total                |   423  |
+--------------------------------------+--------+

* Multiplexer (MUX) list: 
|-------------------------------------------------------------------------|------|------|------|--------||---------||---------||---------|
|                                   Comp                                  |  Pin | Size |  BW  | S x BW ||  Delay  ||    FF   ||   LUT   |
|-------------------------------------------------------------------------|------|------|------|--------||---------||---------||---------|
|         grp_load_target_geometry_Pipeline_VITIS_LOOP_342_1_fu_66        |  p1  |   2  |  64  |   128  ||    0    ||    9    |
| grp_load_target_geometry_Pipeline_VITIS_LOOP_42_1_VITIS_LOOP_44_2_fu_80 |  p4  |   2  |  64  |   128  ||    0    ||    9    |
|-------------------------------------------------------------------------|------|------|------|--------||---------||---------||---------|
|                                  Total                                  |      |      |      |   256  ||  0.854  ||    0    ||    18   |
|-------------------------------------------------------------------------|------|------|------|--------||---------||---------||---------|



* Summary:
+-----------+--------+--------+--------+--------+
|           |   DSP  |  Delay |   FF   |   LUT  |
+-----------+--------+--------+--------+--------+
|  Function |   12   |    -   |   447  |   777  |
|   Memory  |    -   |    -   |    -   |    -   |
|Multiplexer|    -   |    0   |    0   |   18   |
|  Register |    -   |    -   |   423  |    -   |
+-----------+--------+--------+--------+--------+
|   Total   |   12   |    0   |   870  |   795  |
+-----------+--------+--------+--------+--------+
