

================================================================
== Vitis HLS Report for 'post_process'
================================================================
* Date:           Sat Mar 28 14:02:26 2026

* Version:        2024.2 (Build 5238294 on Nov  8 2024)
* Project:        atomflow_controller_2024_2
* Solution:       hls (Vivado IP Flow Target)
* Product family: zynquplusRFSOC
* Target device:  xczu49dr-ffvf1760-2-e


================================================================
== Performance Estimates
================================================================
+ Timing: 
    * Summary: 
    +--------+----------+----------+------------+
    |  Clock |  Target  | Estimated| Uncertainty|
    +--------+----------+----------+------------+
    |ap_clk  |  10.00 ns|  7.057 ns|     2.70 ns|
    +--------+----------+----------+------------+

+ Latency: 
    * Summary: 
    +---------+---------+----------+----------+-----+-----+---------+
    |  Latency (cycles) |  Latency (absolute) |  Interval | Pipeline|
    |   min   |   max   |    min   |    max   | min | max |   Type  |
    +---------+---------+----------+----------+-----+-----+---------+
    |       11|       11|  0.110 us|  0.110 us|    1|    1|      yes|
    +---------+---------+----------+----------+-----+-----+---------+

    + Detail: 
        * Instance: 
        N/A

        * Loop: 
        N/A

============================================================
+ Verbose Summary: Synthesis Manager
============================================================
InlineROM: 1
ExposeGlobal: 0
============================================================
+ Verbose Summary: CDFG Model
============================================================
IsTopModel: 0
ResetActiveHigh: 1
IsCombinational: 0
IsDatapathOnly: 0
HasWiredReturn: 1
HasMFsm: 2
HasVarLatency: 0
IsPipeline: 1
IsRtlPipelined: 1
IsInstanceOverlapped: 0
IsDontTouch: 0
HasImplIP: 0
IsGatedGlobalClock: 0

+ Individual pipeline summary: 
  * Pipeline-0: initiation interval (II) = 1, depth = 12


============================================================
+ Verbose Summary: Schedule
============================================================
* Number of FSM states : 12
* Pipeline : 1
  Pipeline-0 : II = 1, D = 12, States = { 1 2 3 4 5 6 7 8 9 10 11 12 }
* Dataflow Pipeline: 0

* FSM state transitions: 
1 --> 2 
2 --> 3 
3 --> 4 
4 --> 5 
5 --> 6 
6 --> 7 
7 --> 8 
8 --> 9 
9 --> 10 
10 --> 11 
11 --> 12 
12 --> 

* FSM state operations: 

State 1 <SV = 0> <Delay = 7.05>
ST_1 : Operation 13 [1/1] (0.00ns)   --->   "%curr_imageProjs_read = read i32 @_ssdm_op_Read.ap_auto.float, i32 %curr_imageProjs" [/home/xiaorang/Documents/ATOMFLOW/Image_analysis/src/image_analysis.cpp:194]   --->   Operation 13 'read' 'curr_imageProjs_read' <Predicate = true> <Delay = 0.00>
ST_1 : Operation 14 [1/1] (0.00ns)   --->   "%sum_read = read i32 @_ssdm_op_Read.ap_auto.float, i32 %sum" [/home/xiaorang/Documents/ATOMFLOW/Image_analysis/src/image_analysis.cpp:194]   --->   Operation 14 'read' 'sum_read' <Predicate = true> <Delay = 0.00>
ST_1 : Operation 15 [1/1] (0.00ns)   --->   "%projSumUsed_read = read i32 @_ssdm_op_Read.ap_auto.float, i32 %projSumUsed" [/home/xiaorang/Documents/ATOMFLOW/Image_analysis/src/image_analysis.cpp:194]   --->   Operation 15 'read' 'projSumUsed_read' <Predicate = true> <Delay = 0.00>
ST_1 : Operation 16 [9/9] (7.05ns)   --->   "%div = fdiv i32 %curr_imageProjs_read, i32 %projSumUsed_read" [/home/xiaorang/Documents/ATOMFLOW/Image_analysis/src/image_analysis.cpp:196]   --->   Operation 16 'fdiv' 'div' <Predicate = true> <Delay = 7.05> <CoreInst = "FDiv">   --->   Core 20 'FDiv' <Latency = 8> <II = 1> <Delay = 7.05> <FuncUnit> <Opcode : 'fdiv' 'frem'> <InPorts = 2> <OutPorts = 1>

State 2 <SV = 1> <Delay = 7.05>
ST_2 : Operation 17 [8/9] (7.05ns)   --->   "%div = fdiv i32 %curr_imageProjs_read, i32 %projSumUsed_read" [/home/xiaorang/Documents/ATOMFLOW/Image_analysis/src/image_analysis.cpp:196]   --->   Operation 17 'fdiv' 'div' <Predicate = true> <Delay = 7.05> <CoreInst = "FDiv">   --->   Core 20 'FDiv' <Latency = 8> <II = 1> <Delay = 7.05> <FuncUnit> <Opcode : 'fdiv' 'frem'> <InPorts = 2> <OutPorts = 1>

State 3 <SV = 2> <Delay = 7.05>
ST_3 : Operation 18 [7/9] (7.05ns)   --->   "%div = fdiv i32 %curr_imageProjs_read, i32 %projSumUsed_read" [/home/xiaorang/Documents/ATOMFLOW/Image_analysis/src/image_analysis.cpp:196]   --->   Operation 18 'fdiv' 'div' <Predicate = true> <Delay = 7.05> <CoreInst = "FDiv">   --->   Core 20 'FDiv' <Latency = 8> <II = 1> <Delay = 7.05> <FuncUnit> <Opcode : 'fdiv' 'frem'> <InPorts = 2> <OutPorts = 1>

State 4 <SV = 3> <Delay = 7.05>
ST_4 : Operation 19 [6/9] (7.05ns)   --->   "%div = fdiv i32 %curr_imageProjs_read, i32 %projSumUsed_read" [/home/xiaorang/Documents/ATOMFLOW/Image_analysis/src/image_analysis.cpp:196]   --->   Operation 19 'fdiv' 'div' <Predicate = true> <Delay = 7.05> <CoreInst = "FDiv">   --->   Core 20 'FDiv' <Latency = 8> <II = 1> <Delay = 7.05> <FuncUnit> <Opcode : 'fdiv' 'frem'> <InPorts = 2> <OutPorts = 1>

State 5 <SV = 4> <Delay = 7.05>
ST_5 : Operation 20 [5/9] (7.05ns)   --->   "%div = fdiv i32 %curr_imageProjs_read, i32 %projSumUsed_read" [/home/xiaorang/Documents/ATOMFLOW/Image_analysis/src/image_analysis.cpp:196]   --->   Operation 20 'fdiv' 'div' <Predicate = true> <Delay = 7.05> <CoreInst = "FDiv">   --->   Core 20 'FDiv' <Latency = 8> <II = 1> <Delay = 7.05> <FuncUnit> <Opcode : 'fdiv' 'frem'> <InPorts = 2> <OutPorts = 1>

State 6 <SV = 5> <Delay = 7.05>
ST_6 : Operation 21 [4/9] (7.05ns)   --->   "%div = fdiv i32 %curr_imageProjs_read, i32 %projSumUsed_read" [/home/xiaorang/Documents/ATOMFLOW/Image_analysis/src/image_analysis.cpp:196]   --->   Operation 21 'fdiv' 'div' <Predicate = true> <Delay = 7.05> <CoreInst = "FDiv">   --->   Core 20 'FDiv' <Latency = 8> <II = 1> <Delay = 7.05> <FuncUnit> <Opcode : 'fdiv' 'frem'> <InPorts = 2> <OutPorts = 1>

State 7 <SV = 6> <Delay = 7.05>
ST_7 : Operation 22 [3/9] (7.05ns)   --->   "%div = fdiv i32 %curr_imageProjs_read, i32 %projSumUsed_read" [/home/xiaorang/Documents/ATOMFLOW/Image_analysis/src/image_analysis.cpp:196]   --->   Operation 22 'fdiv' 'div' <Predicate = true> <Delay = 7.05> <CoreInst = "FDiv">   --->   Core 20 'FDiv' <Latency = 8> <II = 1> <Delay = 7.05> <FuncUnit> <Opcode : 'fdiv' 'frem'> <InPorts = 2> <OutPorts = 1>

State 8 <SV = 7> <Delay = 7.05>
ST_8 : Operation 23 [2/9] (7.05ns)   --->   "%div = fdiv i32 %curr_imageProjs_read, i32 %projSumUsed_read" [/home/xiaorang/Documents/ATOMFLOW/Image_analysis/src/image_analysis.cpp:196]   --->   Operation 23 'fdiv' 'div' <Predicate = true> <Delay = 7.05> <CoreInst = "FDiv">   --->   Core 20 'FDiv' <Latency = 8> <II = 1> <Delay = 7.05> <FuncUnit> <Opcode : 'fdiv' 'frem'> <InPorts = 2> <OutPorts = 1>

State 9 <SV = 8> <Delay = 7.05>
ST_9 : Operation 24 [1/9] (7.05ns)   --->   "%div = fdiv i32 %curr_imageProjs_read, i32 %projSumUsed_read" [/home/xiaorang/Documents/ATOMFLOW/Image_analysis/src/image_analysis.cpp:196]   --->   Operation 24 'fdiv' 'div' <Predicate = true> <Delay = 7.05> <CoreInst = "FDiv">   --->   Core 20 'FDiv' <Latency = 8> <II = 1> <Delay = 7.05> <FuncUnit> <Opcode : 'fdiv' 'frem'> <InPorts = 2> <OutPorts = 1>

State 10 <SV = 9> <Delay = 7.01>
ST_10 : Operation 25 [3/3] (7.01ns)   --->   "%dout_write_assign = fmul i32 %div, i32 %sum_read" [/home/xiaorang/Documents/ATOMFLOW/Image_analysis/src/image_analysis.cpp:196]   --->   Operation 25 'fmul' 'dout_write_assign' <Predicate = true> <Delay = 7.01> <CoreInst = "FMul_maxdsp">   --->   Core 30 'FMul_maxdsp' <Latency = 2> <II = 1> <Delay = 7.01> <FuncUnit> <Opcode : 'fmul'> <InPorts = 2> <OutPorts = 1>

State 11 <SV = 10> <Delay = 7.01>
ST_11 : Operation 26 [2/3] (7.01ns)   --->   "%dout_write_assign = fmul i32 %div, i32 %sum_read" [/home/xiaorang/Documents/ATOMFLOW/Image_analysis/src/image_analysis.cpp:196]   --->   Operation 26 'fmul' 'dout_write_assign' <Predicate = true> <Delay = 7.01> <CoreInst = "FMul_maxdsp">   --->   Core 30 'FMul_maxdsp' <Latency = 2> <II = 1> <Delay = 7.01> <FuncUnit> <Opcode : 'fmul'> <InPorts = 2> <OutPorts = 1>

State 12 <SV = 11> <Delay = 7.01>
ST_12 : Operation 27 [1/1] (0.00ns)   --->   "%specpipeline_ln195 = specpipeline void @_ssdm_op_SpecPipeline, i32 1, i32 0, i32 0, i32 0, void @empty_18" [/home/xiaorang/Documents/ATOMFLOW/Image_analysis/src/image_analysis.cpp:195]   --->   Operation 27 'specpipeline' 'specpipeline_ln195' <Predicate = true> <Delay = 0.00>
ST_12 : Operation 28 [1/3] (7.01ns)   --->   "%dout_write_assign = fmul i32 %div, i32 %sum_read" [/home/xiaorang/Documents/ATOMFLOW/Image_analysis/src/image_analysis.cpp:196]   --->   Operation 28 'fmul' 'dout_write_assign' <Predicate = true> <Delay = 7.01> <CoreInst = "FMul_maxdsp">   --->   Core 30 'FMul_maxdsp' <Latency = 2> <II = 1> <Delay = 7.01> <FuncUnit> <Opcode : 'fmul'> <InPorts = 2> <OutPorts = 1>
ST_12 : Operation 29 [1/1] (0.00ns)   --->   "%ret_ln197 = ret i32 %dout_write_assign" [/home/xiaorang/Documents/ATOMFLOW/Image_analysis/src/image_analysis.cpp:197]   --->   Operation 29 'ret' 'ret_ln197' <Predicate = true> <Delay = 0.00>


============================================================
+ Verbose Summary: Timing violations
============================================================
Target clock period: 10.000ns, clock uncertainty: 2.700ns.

 <State 1>: 7.057ns
The critical path consists of the following:
	wire read operation ('curr_imageProjs', /home/xiaorang/Documents/ATOMFLOW/Image_analysis/src/image_analysis.cpp:194) on port 'curr_imageProjs' (/home/xiaorang/Documents/ATOMFLOW/Image_analysis/src/image_analysis.cpp:194) [5]  (0.000 ns)
	'fdiv' operation 32 bit ('div', /home/xiaorang/Documents/ATOMFLOW/Image_analysis/src/image_analysis.cpp:196) [8]  (7.057 ns)

 <State 2>: 7.057ns
The critical path consists of the following:
	'fdiv' operation 32 bit ('div', /home/xiaorang/Documents/ATOMFLOW/Image_analysis/src/image_analysis.cpp:196) [8]  (7.057 ns)

 <State 3>: 7.057ns
The critical path consists of the following:
	'fdiv' operation 32 bit ('div', /home/xiaorang/Documents/ATOMFLOW/Image_analysis/src/image_analysis.cpp:196) [8]  (7.057 ns)

 <State 4>: 7.057ns
The critical path consists of the following:
	'fdiv' operation 32 bit ('div', /home/xiaorang/Documents/ATOMFLOW/Image_analysis/src/image_analysis.cpp:196) [8]  (7.057 ns)

 <State 5>: 7.057ns
The critical path consists of the following:
	'fdiv' operation 32 bit ('div', /home/xiaorang/Documents/ATOMFLOW/Image_analysis/src/image_analysis.cpp:196) [8]  (7.057 ns)

 <State 6>: 7.057ns
The critical path consists of the following:
	'fdiv' operation 32 bit ('div', /home/xiaorang/Documents/ATOMFLOW/Image_analysis/src/image_analysis.cpp:196) [8]  (7.057 ns)

 <State 7>: 7.057ns
The critical path consists of the following:
	'fdiv' operation 32 bit ('div', /home/xiaorang/Documents/ATOMFLOW/Image_analysis/src/image_analysis.cpp:196) [8]  (7.057 ns)

 <State 8>: 7.057ns
The critical path consists of the following:
	'fdiv' operation 32 bit ('div', /home/xiaorang/Documents/ATOMFLOW/Image_analysis/src/image_analysis.cpp:196) [8]  (7.057 ns)

 <State 9>: 7.057ns
The critical path consists of the following:
	'fdiv' operation 32 bit ('div', /home/xiaorang/Documents/ATOMFLOW/Image_analysis/src/image_analysis.cpp:196) [8]  (7.057 ns)

 <State 10>: 7.016ns
The critical path consists of the following:
	'fmul' operation 32 bit ('dout', /home/xiaorang/Documents/ATOMFLOW/Image_analysis/src/image_analysis.cpp:196) [9]  (7.016 ns)

 <State 11>: 7.016ns
The critical path consists of the following:
	'fmul' operation 32 bit ('dout', /home/xiaorang/Documents/ATOMFLOW/Image_analysis/src/image_analysis.cpp:196) [9]  (7.016 ns)

 <State 12>: 7.016ns
The critical path consists of the following:
	'fmul' operation 32 bit ('dout', /home/xiaorang/Documents/ATOMFLOW/Image_analysis/src/image_analysis.cpp:196) [9]  (7.016 ns)


============================================================
+ Verbose Summary: Binding
============================================================
N/A
* FSMD analyzer results:
  - Output states:
 - Input state : 
  - Chain level:
	State 1
	State 2
	State 3
	State 4
	State 5
	State 6
	State 7
	State 8
	State 9
	State 10
	State 11
	State 12


============================================================
+ Verbose Summary: Datapath Resource usage 
============================================================
N/A
