

================================================================
== Vitis HLS Report for 'reconstruct'
================================================================
* Date:           Sat Mar 28 14:02:27 2026

* Version:        2024.2 (Build 5238294 on Nov  8 2024)
* Project:        atomflow_controller_2024_2
* Solution:       hls (Vivado IP Flow Target)
* Product family: zynquplusRFSOC
* Target device:  xczu49dr-ffvf1760-2-e


================================================================
== Performance Estimates
================================================================
+ Timing: 
    * Summary: 
    +--------+----------+----------+------------+
    |  Clock |  Target  | Estimated| Uncertainty|
    +--------+----------+----------+------------+
    |ap_clk  |  10.00 ns|  7.419 ns|     2.70 ns|
    +--------+----------+----------+------------+

+ Latency: 
    * Summary: 
    +---------+---------+----------+----------+--------+--------+---------+
    |  Latency (cycles) |  Latency (absolute) |     Interval    | Pipeline|
    |   min   |   max   |    min   |    max   |   min  |   max  |   Type  |
    +---------+---------+----------+----------+--------+--------+---------+
    |   182496|   182496|  1.825 ms|  1.825 ms|  182496|  182496|       no|
    +---------+---------+----------+----------+--------+--------+---------+

    + Detail: 
        * Instance: 
        +------------------------------------------------+-------------------------------------+---------+---------+----------+----------+-----+-----+----------+
        |                                                |                                     |  Latency (cycles) |  Latency (absolute) |  Interval | Pipeline |
        |                    Instance                    |                Module               |   min   |   max   |    min   |    max   | min | max |   Type   |
        +------------------------------------------------+-------------------------------------+---------+---------+----------+----------+-----+-----+----------+
        |grp_dataflow_in_loop_VITIS_LOOP_241_1_1_fu_146  |dataflow_in_loop_VITIS_LOOP_241_1_1  |      207|      207|  2.070 us|  2.070 us|  114|  114|  dataflow|
        +------------------------------------------------+-------------------------------------+---------+---------+----------+----------+-----+-----+----------+

        * Loop: 
        +--------------------+---------+---------+----------+-----------+-----------+------+----------+
        |                    |  Latency (cycles) | Iteration|  Initiation Interval  | Trip |          |
        |      Loop Name     |   min   |   max   |  Latency |  achieved |   target  | Count| Pipelined|
        +--------------------+---------+---------+----------+-----------+-----------+------+----------+
        |- VITIS_LOOP_241_1  |   182495|   182495|       210|          -|          -|  1600|        no|
        +--------------------+---------+---------+----------+-----------+-----------+------+----------+

============================================================
+ Verbose Summary: Synthesis Manager
============================================================
InlineROM: 1
ExposeGlobal: 0
============================================================
+ Verbose Summary: CDFG Model
============================================================
IsTopModel: 0
ResetActiveHigh: 1
IsCombinational: 2
IsDatapathOnly: 0
HasWiredReturn: 1
HasMFsm: 0
HasVarLatency: 1
IsPipeline: 0
IsRtlPipelined: 0
IsInstanceOverlapped: 0
IsDontTouch: 0
HasImplIP: 0
IsGatedGlobalClock: 0


============================================================
+ Verbose Summary: Schedule
============================================================
* Number of FSM states : 4
* Pipeline : 0
* Dataflow Pipeline: 1
  DF-Pipeline-0: Size = 3, States = { 2 3 4 }

* FSM state transitions: 
1 --> 2 
2 --> 3 
3 --> 4 
4 --> 2 

* FSM state operations: 

State 1 <SV = 0> <Delay = 0.42>
ST_1 : Operation 5 [1/1] (0.00ns)   --->   "%specinterface_ln0 = specinterface void @_ssdm_op_SpecInterface, i512 %gmem6, void @empty_41, i32 0, i32 0, void @empty_18, i32 0, i32 0, void @empty_7, void @empty_4, void @empty_18, i32 16, i32 16, i32 16, i32 16, void @empty_18, void @empty_18, i32 4294967295, i32 0, i32 0"   --->   Operation 5 'specinterface' 'specinterface_ln0' <Predicate = true> <Delay = 0.00>
ST_1 : Operation 6 [1/1] (0.00ns)   --->   "%specinterface_ln0 = specinterface void @_ssdm_op_SpecInterface, i512 %gmem5, void @empty_41, i32 0, i32 0, void @empty_18, i32 0, i32 0, void @empty_60, void @empty_4, void @empty_18, i32 16, i32 16, i32 16, i32 16, void @empty_18, void @empty_18, i32 4294967295, i32 0, i32 0"   --->   Operation 6 'specinterface' 'specinterface_ln0' <Predicate = true> <Delay = 0.00>
ST_1 : Operation 7 [1/1] (0.00ns)   --->   "%specinterface_ln0 = specinterface void @_ssdm_op_SpecInterface, i64 %gmem0, void @empty_41, i32 0, i32 0, void @empty_18, i32 0, i32 0, void @empty_23, void @empty_4, void @empty_18, i32 16, i32 16, i32 16, i32 16, void @empty_18, void @empty_18, i32 4294967295, i32 0, i32 0"   --->   Operation 7 'specinterface' 'specinterface_ln0' <Predicate = true> <Delay = 0.00>
ST_1 : Operation 8 [1/1] (0.00ns)   --->   "%fullImage_read = read i64 @_ssdm_op_Read.ap_auto.i64, i64 %fullImage" [/home/xiaorang/Documents/ATOMFLOW/Image_analysis/src/image_analysis.cpp:212]   --->   Operation 8 'read' 'fullImage_read' <Predicate = true> <Delay = 0.00>
ST_1 : Operation 9 [1/1] (0.00ns)   --->   "%imageProjs_0_0_val_read = read i32 @_ssdm_op_Read.ap_auto.float, i32 %imageProjs_0_0_val" [/home/xiaorang/Documents/ATOMFLOW/Image_analysis/src/image_analysis.cpp:212]   --->   Operation 9 'read' 'imageProjs_0_0_val_read' <Predicate = true> <Delay = 0.00>
ST_1 : Operation 10 [1/1] (0.00ns)   --->   "%imageProjs_local_read = read i64 @_ssdm_op_Read.ap_auto.i64, i64 %imageProjs_local" [/home/xiaorang/Documents/ATOMFLOW/Image_analysis/src/image_analysis.cpp:212]   --->   Operation 10 'read' 'imageProjs_local_read' <Predicate = true> <Delay = 0.00>
ST_1 : Operation 11 [1/1] (0.00ns)   --->   "%psfSupersample_read = read i32 @_ssdm_op_Read.ap_auto.i32, i32 %psfSupersample" [/home/xiaorang/Documents/ATOMFLOW/Image_analysis/src/image_analysis.cpp:212]   --->   Operation 11 'read' 'psfSupersample_read' <Predicate = true> <Delay = 0.00>
ST_1 : Operation 12 [1/1] (0.00ns)   --->   "%atomLocations_read = read i64 @_ssdm_op_Read.ap_auto.i64, i64 %atomLocations" [/home/xiaorang/Documents/ATOMFLOW/Image_analysis/src/image_analysis.cpp:212]   --->   Operation 12 'read' 'atomLocations_read' <Predicate = true> <Delay = 0.00>
ST_1 : Operation 13 [1/1] (0.00ns)   --->   "%projShape1_read = read i32 @_ssdm_op_Read.ap_auto.i32, i32 %projShape1" [/home/xiaorang/Documents/ATOMFLOW/Image_analysis/src/image_analysis.cpp:212]   --->   Operation 13 'read' 'projShape1_read' <Predicate = true> <Delay = 0.00>
ST_1 : Operation 14 [1/1] (0.00ns)   --->   "%projShape0_read = read i32 @_ssdm_op_Read.ap_auto.i32, i32 %projShape0" [/home/xiaorang/Documents/ATOMFLOW/Image_analysis/src/image_analysis.cpp:212]   --->   Operation 14 'read' 'projShape0_read' <Predicate = true> <Delay = 0.00>
ST_1 : Operation 15 [1/1] (0.00ns)   --->   "%atomLocationsSize_read = read i32 @_ssdm_op_Read.ap_auto.i32, i32 %atomLocationsSize" [/home/xiaorang/Documents/ATOMFLOW/Image_analysis/src/image_analysis.cpp:212]   --->   Operation 15 'read' 'atomLocationsSize_read' <Predicate = true> <Delay = 0.00>
ST_1 : Operation 16 [1/1] (0.42ns)   --->   "%br_ln241 = br void %for.cond" [/home/xiaorang/Documents/ATOMFLOW/Image_analysis/src/image_analysis.cpp:241]   --->   Operation 16 'br' 'br_ln241' <Predicate = true> <Delay = 0.42>

State 2 <SV = 1> <Delay = 1.01>
ST_2 : Operation 17 [1/1] (0.00ns)   --->   "%idx = phi i16 0, void %entry, i16 %add_ln241, void %codeRepl" [/home/xiaorang/Documents/ATOMFLOW/Image_analysis/src/image_analysis.cpp:241]   --->   Operation 17 'phi' 'idx' <Predicate = true> <Delay = 0.00>
ST_2 : Operation 18 [1/1] (0.00ns)   --->   "%zext_ln241 = zext i16 %idx" [/home/xiaorang/Documents/ATOMFLOW/Image_analysis/src/image_analysis.cpp:241]   --->   Operation 18 'zext' 'zext_ln241' <Predicate = true> <Delay = 0.00>
ST_2 : Operation 19 [1/1] (1.01ns)   --->   "%icmp_ln241 = icmp_slt  i32 %zext_ln241, i32 %atomLocationsSize_read" [/home/xiaorang/Documents/ATOMFLOW/Image_analysis/src/image_analysis.cpp:241]   --->   Operation 19 'icmp' 'icmp_ln241' <Predicate = true> <Delay = 1.01> <CoreInst = "Cmp">   --->   Core 9 'Cmp' <Latency = 0> <II = 1> <Delay = 1.01> <FuncUnit> <Opcode : 'seteq' 'setne' 'setle' 'setge' 'setlt' 'setgt'> <InPorts = 2> <OutPorts = 1>
ST_2 : Operation 20 [1/1] (0.85ns)   --->   "%add_ln241 = add i16 %idx, i16 1" [/home/xiaorang/Documents/ATOMFLOW/Image_analysis/src/image_analysis.cpp:241]   --->   Operation 20 'add' 'add_ln241' <Predicate = true> <Delay = 0.85> <CoreInst = "Adder">   --->   Core 1 'Adder' <Latency = 0> <II = 1> <Delay = 0.85> <FuncUnit> <Opcode : 'add' 'sub'> <InPorts = 2> <OutPorts = 1>
ST_2 : Operation 21 [1/1] (0.00ns)   --->   "%specdataflowpipeline_ln241 = specdataflowpipeline void @_ssdm_op_SpecDataflowPipeline, i32 4294967295, i32 0, void @dataflow_parent_loop_str, i16 %idx, i32 %atomLocationsSize, i32 0" [/home/xiaorang/Documents/ATOMFLOW/Image_analysis/src/image_analysis.cpp:241]   --->   Operation 21 'specdataflowpipeline' 'specdataflowpipeline_ln241' <Predicate = true> <Delay = 0.00>
ST_2 : Operation 22 [1/1] (0.00ns)   --->   "%br_ln241 = br i1 %icmp_ln241, void %for.end, void %codeRepl" [/home/xiaorang/Documents/ATOMFLOW/Image_analysis/src/image_analysis.cpp:241]   --->   Operation 22 'br' 'br_ln241' <Predicate = true> <Delay = 0.00>
ST_2 : Operation 23 [1/1] (0.00ns)   --->   "%ret_ln277 = ret" [/home/xiaorang/Documents/ATOMFLOW/Image_analysis/src/image_analysis.cpp:277]   --->   Operation 23 'ret' 'ret_ln277' <Predicate = (!icmp_ln241)> <Delay = 0.00>

State 3 <SV = 2> <Delay = 7.30>
ST_3 : Operation 24 [2/2] (7.30ns)   --->   "%call_ln257 = call void @dataflow_in_loop_VITIS_LOOP_241_1.1, i16 %idx, i32 %psfSupersample_read, i32 %projShape0_read, i32 %projShape1_read, i64 %gmem0, i64 %atomLocations_read, i512 %gmem6, i64 %fullImage_read, i512 %gmem5, i64 %imageProjs_local_read, i32 %imageProjs_0_0_val_read, i32 %emissions_0, i32 %emissions_1, i32 %emissions_2, i32 %emissions_3, i32 %emissions_4, i32 %emissions_5, i32 %emissions_6, i32 %emissions_7, i23 %mask_table, i24 %one_half_table" [/home/xiaorang/Documents/ATOMFLOW/Image_analysis/src/image_analysis.cpp:257]   --->   Operation 24 'call' 'call_ln257' <Predicate = (icmp_ln241)> <Delay = 7.30> <CoreType = "Generic">   --->   Generic Core

State 4 <SV = 3> <Delay = 0.00>
ST_4 : Operation 25 [1/1] (0.00ns)   --->   "%speclooptripcount_ln250 = speclooptripcount void @_ssdm_op_SpecLoopTripCount, i64 1600, i64 1600, i64 1600" [/home/xiaorang/Documents/ATOMFLOW/Image_analysis/src/image_analysis.cpp:250]   --->   Operation 25 'speclooptripcount' 'speclooptripcount_ln250' <Predicate = (icmp_ln241)> <Delay = 0.00>
ST_4 : Operation 26 [1/1] (0.00ns)   --->   "%specloopname_ln241 = specloopname void @_ssdm_op_SpecLoopName, void @empty_36" [/home/xiaorang/Documents/ATOMFLOW/Image_analysis/src/image_analysis.cpp:241]   --->   Operation 26 'specloopname' 'specloopname_ln241' <Predicate = (icmp_ln241)> <Delay = 0.00>
ST_4 : Operation 27 [1/2] (0.00ns)   --->   "%call_ln257 = call void @dataflow_in_loop_VITIS_LOOP_241_1.1, i16 %idx, i32 %psfSupersample_read, i32 %projShape0_read, i32 %projShape1_read, i64 %gmem0, i64 %atomLocations_read, i512 %gmem6, i64 %fullImage_read, i512 %gmem5, i64 %imageProjs_local_read, i32 %imageProjs_0_0_val_read, i32 %emissions_0, i32 %emissions_1, i32 %emissions_2, i32 %emissions_3, i32 %emissions_4, i32 %emissions_5, i32 %emissions_6, i32 %emissions_7, i23 %mask_table, i24 %one_half_table" [/home/xiaorang/Documents/ATOMFLOW/Image_analysis/src/image_analysis.cpp:257]   --->   Operation 27 'call' 'call_ln257' <Predicate = (icmp_ln241)> <Delay = 0.00> <CoreType = "Generic">   --->   Generic Core
ST_4 : Operation 28 [1/1] (0.00ns)   --->   "%br_ln241 = br void %for.cond" [/home/xiaorang/Documents/ATOMFLOW/Image_analysis/src/image_analysis.cpp:241]   --->   Operation 28 'br' 'br_ln241' <Predicate = (icmp_ln241)> <Delay = 0.00>


============================================================
+ Verbose Summary: Binding
============================================================
STG Binding: 
---------------- STG Properties BEGIN ----------------
- Is combinational: 0
- Is one-state seq: 0
- Is datapath-only: 0
- Is pipelined: 0
- Is top level: 0
Port [ Return ] is wired: 1; IO mode=ap_ctrl_hs:ce=0
Port [ atomLocationsSize]:  wired=1; compound=0; hidden=0; nouse=0; global=0; static=0; extern=0; dir=0; type=0; pingpong=0; private_global=0; IO mode=ap_none:ce=0
Port [ projShape0]:  wired=1; compound=0; hidden=0; nouse=0; global=0; static=0; extern=0; dir=0; type=0; pingpong=0; private_global=0; IO mode=ap_none:ce=0
Port [ projShape1]:  wired=1; compound=0; hidden=0; nouse=0; global=0; static=0; extern=0; dir=0; type=0; pingpong=0; private_global=0; IO mode=ap_none:ce=0
Port [ gmem0]:  wired=1; compound=1; hidden=0; nouse=0; global=0; static=0; extern=0; dir=0; type=4; pingpong=0; private_global=0; IO mode=m_axi:ce=0
Port [ atomLocations]:  wired=1; compound=0; hidden=0; nouse=0; global=0; static=0; extern=0; dir=0; type=0; pingpong=0; private_global=0; IO mode=ap_none:ce=0
Port [ psfSupersample]:  wired=1; compound=0; hidden=0; nouse=0; global=0; static=0; extern=0; dir=0; type=0; pingpong=0; private_global=0; IO mode=ap_none:ce=0
Port [ gmem5]:  wired=1; compound=1; hidden=0; nouse=0; global=0; static=0; extern=0; dir=0; type=4; pingpong=0; private_global=0; IO mode=m_axi:ce=0
Port [ imageProjs_local]:  wired=1; compound=0; hidden=0; nouse=0; global=0; static=0; extern=0; dir=0; type=0; pingpong=0; private_global=0; IO mode=ap_none:ce=0
Port [ imageProjs_0_0_val]:  wired=1; compound=0; hidden=0; nouse=0; global=0; static=0; extern=0; dir=0; type=0; pingpong=0; private_global=0; IO mode=ap_none:ce=0
Port [ gmem6]:  wired=1; compound=1; hidden=0; nouse=0; global=0; static=0; extern=0; dir=0; type=4; pingpong=0; private_global=0; IO mode=m_axi:ce=0
Port [ fullImage]:  wired=1; compound=0; hidden=0; nouse=0; global=0; static=0; extern=0; dir=0; type=0; pingpong=0; private_global=0; IO mode=ap_none:ce=0
Port [ emissions_0]:  wired=1; compound=1; hidden=0; nouse=0; global=0; static=0; extern=0; dir=1; type=1; pingpong=0; private_global=0; MemPort=[03]; IO mode=ap_memory:ce=0
Port [ emissions_1]:  wired=1; compound=1; hidden=0; nouse=0; global=0; static=0; extern=0; dir=1; type=1; pingpong=0; private_global=0; MemPort=[03]; IO mode=ap_memory:ce=0
Port [ emissions_2]:  wired=1; compound=1; hidden=0; nouse=0; global=0; static=0; extern=0; dir=1; type=1; pingpong=0; private_global=0; MemPort=[03]; IO mode=ap_memory:ce=0
Port [ emissions_3]:  wired=1; compound=1; hidden=0; nouse=0; global=0; static=0; extern=0; dir=1; type=1; pingpong=0; private_global=0; MemPort=[03]; IO mode=ap_memory:ce=0
Port [ emissions_4]:  wired=1; compound=1; hidden=0; nouse=0; global=0; static=0; extern=0; dir=1; type=1; pingpong=0; private_global=0; MemPort=[03]; IO mode=ap_memory:ce=0
Port [ emissions_5]:  wired=1; compound=1; hidden=0; nouse=0; global=0; static=0; extern=0; dir=1; type=1; pingpong=0; private_global=0; MemPort=[03]; IO mode=ap_memory:ce=0
Port [ emissions_6]:  wired=1; compound=1; hidden=0; nouse=0; global=0; static=0; extern=0; dir=1; type=1; pingpong=0; private_global=0; MemPort=[03]; IO mode=ap_memory:ce=0
Port [ emissions_7]:  wired=1; compound=1; hidden=0; nouse=0; global=0; static=0; extern=0; dir=1; type=1; pingpong=0; private_global=0; MemPort=[03]; IO mode=ap_memory:ce=0
Port [ mask_table]:  wired=0; compound=1; hidden=1; nouse=1; global=1; static=1; extern=0; dir=0; type=1; pingpong=0; private_global=0; MemPort=[11]; IO mode=ap_memory:ce=0
Port [ one_half_table]:  wired=0; compound=1; hidden=1; nouse=1; global=1; static=1; extern=0; dir=0; type=1; pingpong=0; private_global=0; MemPort=[11]; IO mode=ap_memory:ce=0
---------------- STG Properties END ------------------

---------------- Datapath Model BEGIN ----------------

<LifeTime>
<method=bitvector/>
specinterface_ln0          (specinterface       ) [ 00000]
specinterface_ln0          (specinterface       ) [ 00000]
specinterface_ln0          (specinterface       ) [ 00000]
fullImage_read             (read                ) [ 00111]
imageProjs_0_0_val_read    (read                ) [ 00111]
imageProjs_local_read      (read                ) [ 00111]
psfSupersample_read        (read                ) [ 00111]
atomLocations_read         (read                ) [ 00111]
projShape1_read            (read                ) [ 00111]
projShape0_read            (read                ) [ 00111]
atomLocationsSize_read     (read                ) [ 00111]
br_ln241                   (br                  ) [ 01111]
idx                        (phi                 ) [ 00111]
zext_ln241                 (zext                ) [ 00000]
icmp_ln241                 (icmp                ) [ 00111]
add_ln241                  (add                 ) [ 01111]
specdataflowpipeline_ln241 (specdataflowpipeline) [ 00000]
br_ln241                   (br                  ) [ 00000]
ret_ln277                  (ret                 ) [ 00000]
speclooptripcount_ln250    (speclooptripcount   ) [ 00000]
specloopname_ln241         (specloopname        ) [ 00000]
call_ln257                 (call                ) [ 00000]
br_ln241                   (br                  ) [ 01111]
</LifeTime>

<model>

<comp_list>
<comp id="0" class="1000" name="atomLocationsSize">
<pin_list>
<pin id="1" dir="1" index="0" bw="1" slack="0"/>
</pin_list>
<bind>
<StgValue><ssdm name="atomLocationsSize"/></StgValue>
</bind>
</comp>

<comp id="2" class="1000" name="projShape0">
<pin_list>
<pin id="3" dir="1" index="0" bw="1" slack="0"/>
</pin_list>
<bind>
<StgValue><ssdm name="projShape0"/></StgValue>
</bind>
</comp>

<comp id="4" class="1000" name="projShape1">
<pin_list>
<pin id="5" dir="1" index="0" bw="1" slack="0"/>
</pin_list>
<bind>
<StgValue><ssdm name="projShape1"/></StgValue>
</bind>
</comp>

<comp id="6" class="1000" name="gmem0">
<pin_list>
<pin id="7" dir="1" index="0" bw="1" slack="0"/>
</pin_list>
<bind>
<StgValue><ssdm name="gmem0"/><MemPortTyVec>0 </MemPortTyVec>
</StgValue>
</bind>
</comp>

<comp id="8" class="1000" name="atomLocations">
<pin_list>
<pin id="9" dir="1" index="0" bw="1" slack="0"/>
</pin_list>
<bind>
<StgValue><ssdm name="atomLocations"/></StgValue>
</bind>
</comp>

<comp id="10" class="1000" name="psfSupersample">
<pin_list>
<pin id="11" dir="1" index="0" bw="1" slack="0"/>
</pin_list>
<bind>
<StgValue><ssdm name="psfSupersample"/></StgValue>
</bind>
</comp>

<comp id="12" class="1000" name="gmem5">
<pin_list>
<pin id="13" dir="1" index="0" bw="1" slack="0"/>
</pin_list>
<bind>
<StgValue><ssdm name="gmem5"/><MemPortTyVec>0 </MemPortTyVec>
</StgValue>
</bind>
</comp>

<comp id="14" class="1000" name="imageProjs_local">
<pin_list>
<pin id="15" dir="1" index="0" bw="1" slack="0"/>
</pin_list>
<bind>
<StgValue><ssdm name="imageProjs_local"/></StgValue>
</bind>
</comp>

<comp id="16" class="1000" name="imageProjs_0_0_val">
<pin_list>
<pin id="17" dir="1" index="0" bw="1" slack="0"/>
</pin_list>
<bind>
<StgValue><ssdm name="imageProjs_0_0_val"/></StgValue>
</bind>
</comp>

<comp id="18" class="1000" name="gmem6">
<pin_list>
<pin id="19" dir="1" index="0" bw="1" slack="0"/>
</pin_list>
<bind>
<StgValue><ssdm name="gmem6"/><MemPortTyVec>0 </MemPortTyVec>
</StgValue>
</bind>
</comp>

<comp id="20" class="1000" name="fullImage">
<pin_list>
<pin id="21" dir="1" index="0" bw="1" slack="0"/>
</pin_list>
<bind>
<StgValue><ssdm name="fullImage"/></StgValue>
</bind>
</comp>

<comp id="22" class="1000" name="emissions_0">
<pin_list>
<pin id="23" dir="1" index="0" bw="1" slack="0"/>
</pin_list>
<bind>
<StgValue><ssdm name="emissions_0"/><MemPortTyVec>0 3 </MemPortTyVec>
</StgValue>
</bind>
</comp>

<comp id="24" class="1000" name="emissions_1">
<pin_list>
<pin id="25" dir="1" index="0" bw="1" slack="0"/>
</pin_list>
<bind>
<StgValue><ssdm name="emissions_1"/><MemPortTyVec>0 3 </MemPortTyVec>
</StgValue>
</bind>
</comp>

<comp id="26" class="1000" name="emissions_2">
<pin_list>
<pin id="27" dir="1" index="0" bw="1" slack="0"/>
</pin_list>
<bind>
<StgValue><ssdm name="emissions_2"/><MemPortTyVec>0 3 </MemPortTyVec>
</StgValue>
</bind>
</comp>

<comp id="28" class="1000" name="emissions_3">
<pin_list>
<pin id="29" dir="1" index="0" bw="1" slack="0"/>
</pin_list>
<bind>
<StgValue><ssdm name="emissions_3"/><MemPortTyVec>0 3 </MemPortTyVec>
</StgValue>
</bind>
</comp>

<comp id="30" class="1000" name="emissions_4">
<pin_list>
<pin id="31" dir="1" index="0" bw="1" slack="0"/>
</pin_list>
<bind>
<StgValue><ssdm name="emissions_4"/><MemPortTyVec>0 3 </MemPortTyVec>
</StgValue>
</bind>
</comp>

<comp id="32" class="1000" name="emissions_5">
<pin_list>
<pin id="33" dir="1" index="0" bw="1" slack="0"/>
</pin_list>
<bind>
<StgValue><ssdm name="emissions_5"/><MemPortTyVec>0 3 </MemPortTyVec>
</StgValue>
</bind>
</comp>

<comp id="34" class="1000" name="emissions_6">
<pin_list>
<pin id="35" dir="1" index="0" bw="1" slack="0"/>
</pin_list>
<bind>
<StgValue><ssdm name="emissions_6"/><MemPortTyVec>0 3 </MemPortTyVec>
</StgValue>
</bind>
</comp>

<comp id="36" class="1000" name="emissions_7">
<pin_list>
<pin id="37" dir="1" index="0" bw="1" slack="0"/>
</pin_list>
<bind>
<StgValue><ssdm name="emissions_7"/><MemPortTyVec>0 3 </MemPortTyVec>
</StgValue>
</bind>
</comp>

<comp id="38" class="1000" name="mask_table">
<pin_list>
<pin id="39" dir="1" index="0" bw="1" slack="0"/>
</pin_list>
<bind>
<StgValue><ssdm name="mask_table"/><MemPortTyVec>1 1 </MemPortTyVec>
</StgValue>
</bind>
</comp>

<comp id="40" class="1000" name="one_half_table">
<pin_list>
<pin id="41" dir="1" index="0" bw="1" slack="0"/>
</pin_list>
<bind>
<StgValue><ssdm name="one_half_table"/><MemPortTyVec>1 1 </MemPortTyVec>
</StgValue>
</bind>
</comp>

<comp id="42" class="1001" name="const_42">
<pin_list>
<pin id="43" dir="1" index="0" bw="1" slack="2147483647"/>
</pin_list>
<bind>
<StgValue><ssdm name="_ssdm_op_SpecInterface"/></StgValue>
</bind>
</comp>

<comp id="44" class="1001" name="const_44">
<pin_list>
<pin id="45" dir="1" index="0" bw="1" slack="2147483647"/>
</pin_list>
<bind>
<StgValue><ssdm name="empty_41"/></StgValue>
</bind>
</comp>

<comp id="46" class="1001" name="const_46">
<pin_list>
<pin id="47" dir="1" index="0" bw="1" slack="2147483647"/>
</pin_list>
<bind>
<StgValue><ssdm name=""/></StgValue>
</bind>
</comp>

<comp id="48" class="1001" name="const_48">
<pin_list>
<pin id="49" dir="1" index="0" bw="1" slack="2147483647"/>
</pin_list>
<bind>
<StgValue><ssdm name="empty_18"/></StgValue>
</bind>
</comp>

<comp id="50" class="1001" name="const_50">
<pin_list>
<pin id="51" dir="1" index="0" bw="1" slack="2147483647"/>
</pin_list>
<bind>
<StgValue><ssdm name="empty_7"/></StgValue>
</bind>
</comp>

<comp id="52" class="1001" name="const_52">
<pin_list>
<pin id="53" dir="1" index="0" bw="1" slack="2147483647"/>
</pin_list>
<bind>
<StgValue><ssdm name="empty_4"/></StgValue>
</bind>
</comp>

<comp id="54" class="1001" name="const_54">
<pin_list>
<pin id="55" dir="1" index="0" bw="1" slack="2147483647"/>
</pin_list>
<bind>
<StgValue><ssdm name=""/></StgValue>
</bind>
</comp>

<comp id="56" class="1001" name="const_56">
<pin_list>
<pin id="57" dir="1" index="0" bw="1" slack="2147483647"/>
</pin_list>
<bind>
<StgValue><ssdm name=""/></StgValue>
</bind>
</comp>

<comp id="58" class="1001" name="const_58">
<pin_list>
<pin id="59" dir="1" index="0" bw="1" slack="2147483647"/>
</pin_list>
<bind>
<StgValue><ssdm name="empty_60"/></StgValue>
</bind>
</comp>

<comp id="60" class="1001" name="const_60">
<pin_list>
<pin id="61" dir="1" index="0" bw="1" slack="2147483647"/>
</pin_list>
<bind>
<StgValue><ssdm name="empty_23"/></StgValue>
</bind>
</comp>

<comp id="62" class="1001" name="const_62">
<pin_list>
<pin id="63" dir="1" index="0" bw="1" slack="0"/>
</pin_list>
<bind>
<StgValue><ssdm name="_ssdm_op_Read.ap_auto.i64"/></StgValue>
</bind>
</comp>

<comp id="64" class="1001" name="const_64">
<pin_list>
<pin id="65" dir="1" index="0" bw="1" slack="0"/>
</pin_list>
<bind>
<StgValue><ssdm name="_ssdm_op_Read.ap_auto.float"/></StgValue>
</bind>
</comp>

<comp id="66" class="1001" name="const_66">
<pin_list>
<pin id="67" dir="1" index="0" bw="1" slack="0"/>
</pin_list>
<bind>
<StgValue><ssdm name="_ssdm_op_Read.ap_auto.i32"/></StgValue>
</bind>
</comp>

<comp id="68" class="1001" name="const_68">
<pin_list>
<pin id="69" dir="1" index="0" bw="1" slack="1"/>
</pin_list>
<bind>
<StgValue><ssdm name=""/></StgValue>
</bind>
</comp>

<comp id="70" class="1001" name="const_70">
<pin_list>
<pin id="71" dir="1" index="0" bw="1" slack="0"/>
</pin_list>
<bind>
<StgValue><ssdm name=""/></StgValue>
</bind>
</comp>

<comp id="72" class="1001" name="const_72">
<pin_list>
<pin id="73" dir="1" index="0" bw="1" slack="2147483647"/>
</pin_list>
<bind>
<StgValue><ssdm name="_ssdm_op_SpecDataflowPipeline"/></StgValue>
</bind>
</comp>

<comp id="74" class="1001" name="const_74">
<pin_list>
<pin id="75" dir="1" index="0" bw="1" slack="2147483647"/>
</pin_list>
<bind>
<StgValue><ssdm name="dataflow_parent_loop_str"/></StgValue>
</bind>
</comp>

<comp id="76" class="1001" name="const_76">
<pin_list>
<pin id="77" dir="1" index="0" bw="1" slack="0"/>
</pin_list>
<bind>
<StgValue><ssdm name="dataflow_in_loop_VITIS_LOOP_241_1.1"/></StgValue>
</bind>
</comp>

<comp id="78" class="1001" name="const_78">
<pin_list>
<pin id="79" dir="1" index="0" bw="1" slack="2147483647"/>
</pin_list>
<bind>
<StgValue><ssdm name="_ssdm_op_SpecLoopTripCount"/></StgValue>
</bind>
</comp>

<comp id="80" class="1001" name="const_80">
<pin_list>
<pin id="81" dir="1" index="0" bw="1" slack="2147483647"/>
</pin_list>
<bind>
<StgValue><ssdm name=""/></StgValue>
</bind>
</comp>

<comp id="82" class="1001" name="const_82">
<pin_list>
<pin id="83" dir="1" index="0" bw="1" slack="2147483647"/>
</pin_list>
<bind>
<StgValue><ssdm name="_ssdm_op_SpecLoopName"/></StgValue>
</bind>
</comp>

<comp id="84" class="1001" name="const_84">
<pin_list>
<pin id="85" dir="1" index="0" bw="1" slack="2147483647"/>
</pin_list>
<bind>
<StgValue><ssdm name="empty_36"/></StgValue>
</bind>
</comp>

<comp id="86" class="1004" name="fullImage_read_read_fu_86">
<pin_list>
<pin id="87" dir="0" index="0" bw="64" slack="0"/>
<pin id="88" dir="0" index="1" bw="64" slack="0"/>
<pin id="89" dir="1" index="2" bw="64" slack="2"/>
</pin_list>
<bind>
<opcode="read(1150) " fcode="read"/>
<opset="fullImage_read/1 "/>
</bind>
</comp>

<comp id="92" class="1004" name="imageProjs_0_0_val_read_read_fu_92">
<pin_list>
<pin id="93" dir="0" index="0" bw="32" slack="0"/>
<pin id="94" dir="0" index="1" bw="32" slack="0"/>
<pin id="95" dir="1" index="2" bw="32" slack="2"/>
</pin_list>
<bind>
<opcode="read(1150) " fcode="read"/>
<opset="imageProjs_0_0_val_read/1 "/>
</bind>
</comp>

<comp id="98" class="1004" name="imageProjs_local_read_read_fu_98">
<pin_list>
<pin id="99" dir="0" index="0" bw="64" slack="0"/>
<pin id="100" dir="0" index="1" bw="64" slack="0"/>
<pin id="101" dir="1" index="2" bw="64" slack="2"/>
</pin_list>
<bind>
<opcode="read(1150) " fcode="read"/>
<opset="imageProjs_local_read/1 "/>
</bind>
</comp>

<comp id="104" class="1004" name="psfSupersample_read_read_fu_104">
<pin_list>
<pin id="105" dir="0" index="0" bw="32" slack="0"/>
<pin id="106" dir="0" index="1" bw="32" slack="0"/>
<pin id="107" dir="1" index="2" bw="32" slack="2"/>
</pin_list>
<bind>
<opcode="read(1150) " fcode="read"/>
<opset="psfSupersample_read/1 "/>
</bind>
</comp>

<comp id="110" class="1004" name="atomLocations_read_read_fu_110">
<pin_list>
<pin id="111" dir="0" index="0" bw="64" slack="0"/>
<pin id="112" dir="0" index="1" bw="64" slack="0"/>
<pin id="113" dir="1" index="2" bw="64" slack="2"/>
</pin_list>
<bind>
<opcode="read(1150) " fcode="read"/>
<opset="atomLocations_read/1 "/>
</bind>
</comp>

<comp id="116" class="1004" name="projShape1_read_read_fu_116">
<pin_list>
<pin id="117" dir="0" index="0" bw="32" slack="0"/>
<pin id="118" dir="0" index="1" bw="32" slack="0"/>
<pin id="119" dir="1" index="2" bw="32" slack="2"/>
</pin_list>
<bind>
<opcode="read(1150) " fcode="read"/>
<opset="projShape1_read/1 "/>
</bind>
</comp>

<comp id="122" class="1004" name="projShape0_read_read_fu_122">
<pin_list>
<pin id="123" dir="0" index="0" bw="32" slack="0"/>
<pin id="124" dir="0" index="1" bw="32" slack="0"/>
<pin id="125" dir="1" index="2" bw="32" slack="2"/>
</pin_list>
<bind>
<opcode="read(1150) " fcode="read"/>
<opset="projShape0_read/1 "/>
</bind>
</comp>

<comp id="128" class="1004" name="atomLocationsSize_read_read_fu_128">
<pin_list>
<pin id="129" dir="0" index="0" bw="32" slack="0"/>
<pin id="130" dir="0" index="1" bw="32" slack="0"/>
<pin id="131" dir="1" index="2" bw="32" slack="1"/>
</pin_list>
<bind>
<opcode="read(1150) " fcode="read"/>
<opset="atomLocationsSize_read/1 "/>
</bind>
</comp>

<comp id="134" class="1005" name="idx_reg_134">
<pin_list>
<pin id="135" dir="0" index="0" bw="16" slack="1"/>
<pin id="136" dir="1" index="1" bw="16" slack="1"/>
</pin_list>
<bind>
<opset="idx (phireg) "/>
</bind>
</comp>

<comp id="138" class="1004" name="idx_phi_fu_138">
<pin_list>
<pin id="139" dir="0" index="0" bw="1" slack="1"/>
<pin id="140" dir="0" index="1" bw="0" slack="2147483647"/>
<pin id="141" dir="0" index="2" bw="16" slack="0"/>
<pin id="142" dir="0" index="3" bw="0" slack="2147483647"/>
<pin id="143" dir="1" index="4" bw="16" slack="0"/>
</pin_list>
<bind>
<opcode="phi(47) " fcode="phi"/>
<opset="idx/2 "/>
</bind>
</comp>

<comp id="146" class="1004" name="grp_dataflow_in_loop_VITIS_LOOP_241_1_1_fu_146">
<pin_list>
<pin id="147" dir="0" index="0" bw="0" slack="0"/>
<pin id="148" dir="0" index="1" bw="16" slack="1"/>
<pin id="149" dir="0" index="2" bw="32" slack="2"/>
<pin id="150" dir="0" index="3" bw="32" slack="2"/>
<pin id="151" dir="0" index="4" bw="32" slack="2"/>
<pin id="152" dir="0" index="5" bw="64" slack="0"/>
<pin id="153" dir="0" index="6" bw="64" slack="2"/>
<pin id="154" dir="0" index="7" bw="512" slack="0"/>
<pin id="155" dir="0" index="8" bw="64" slack="2"/>
<pin id="156" dir="0" index="9" bw="512" slack="0"/>
<pin id="157" dir="0" index="10" bw="64" slack="2"/>
<pin id="158" dir="0" index="11" bw="32" slack="2"/>
<pin id="159" dir="0" index="12" bw="32" slack="0"/>
<pin id="160" dir="0" index="13" bw="32" slack="0"/>
<pin id="161" dir="0" index="14" bw="32" slack="0"/>
<pin id="162" dir="0" index="15" bw="32" slack="0"/>
<pin id="163" dir="0" index="16" bw="32" slack="0"/>
<pin id="164" dir="0" index="17" bw="32" slack="0"/>
<pin id="165" dir="0" index="18" bw="32" slack="0"/>
<pin id="166" dir="0" index="19" bw="32" slack="0"/>
<pin id="167" dir="0" index="20" bw="23" slack="0"/>
<pin id="168" dir="0" index="21" bw="24" slack="0"/>
<pin id="169" dir="1" index="22" bw="0" slack="2147483647"/>
</pin_list>
<bind>
<opcode="call(48) " fcode="call"/>
<opset="call_ln257/3 "/>
</bind>
</comp>

<comp id="185" class="1004" name="zext_ln241_fu_185">
<pin_list>
<pin id="186" dir="0" index="0" bw="16" slack="0"/>
<pin id="187" dir="1" index="1" bw="32" slack="0"/>
</pin_list>
<bind>
<opcode="zext(34) " fcode="zext"/>
<opset="zext_ln241/2 "/>
</bind>
</comp>

<comp id="189" class="1004" name="icmp_ln241_fu_189">
<pin_list>
<pin id="190" dir="0" index="0" bw="16" slack="0"/>
<pin id="191" dir="0" index="1" bw="32" slack="1"/>
<pin id="192" dir="1" index="2" bw="1" slack="1"/>
</pin_list>
<bind>
<opcode="icmp(45) " fcode="icmp"/>
<opset="icmp_ln241/2 "/>
</bind>
</comp>

<comp id="194" class="1004" name="add_ln241_fu_194">
<pin_list>
<pin id="195" dir="0" index="0" bw="16" slack="0"/>
<pin id="196" dir="0" index="1" bw="1" slack="0"/>
<pin id="197" dir="1" index="2" bw="16" slack="0"/>
</pin_list>
<bind>
<opcode="add(8) " fcode="add"/>
<opset="add_ln241/2 "/>
</bind>
</comp>

<comp id="200" class="1005" name="fullImage_read_reg_200">
<pin_list>
<pin id="201" dir="0" index="0" bw="64" slack="2"/>
<pin id="202" dir="1" index="1" bw="64" slack="2"/>
</pin_list>
<bind>
<opset="fullImage_read "/>
</bind>
</comp>

<comp id="205" class="1005" name="imageProjs_0_0_val_read_reg_205">
<pin_list>
<pin id="206" dir="0" index="0" bw="32" slack="2"/>
<pin id="207" dir="1" index="1" bw="32" slack="2"/>
</pin_list>
<bind>
<opset="imageProjs_0_0_val_read "/>
</bind>
</comp>

<comp id="210" class="1005" name="imageProjs_local_read_reg_210">
<pin_list>
<pin id="211" dir="0" index="0" bw="64" slack="2"/>
<pin id="212" dir="1" index="1" bw="64" slack="2"/>
</pin_list>
<bind>
<opset="imageProjs_local_read "/>
</bind>
</comp>

<comp id="215" class="1005" name="psfSupersample_read_reg_215">
<pin_list>
<pin id="216" dir="0" index="0" bw="32" slack="2"/>
<pin id="217" dir="1" index="1" bw="32" slack="2"/>
</pin_list>
<bind>
<opset="psfSupersample_read "/>
</bind>
</comp>

<comp id="220" class="1005" name="atomLocations_read_reg_220">
<pin_list>
<pin id="221" dir="0" index="0" bw="64" slack="2"/>
<pin id="222" dir="1" index="1" bw="64" slack="2"/>
</pin_list>
<bind>
<opset="atomLocations_read "/>
</bind>
</comp>

<comp id="225" class="1005" name="projShape1_read_reg_225">
<pin_list>
<pin id="226" dir="0" index="0" bw="32" slack="2"/>
<pin id="227" dir="1" index="1" bw="32" slack="2"/>
</pin_list>
<bind>
<opset="projShape1_read "/>
</bind>
</comp>

<comp id="230" class="1005" name="projShape0_read_reg_230">
<pin_list>
<pin id="231" dir="0" index="0" bw="32" slack="2"/>
<pin id="232" dir="1" index="1" bw="32" slack="2"/>
</pin_list>
<bind>
<opset="projShape0_read "/>
</bind>
</comp>

<comp id="235" class="1005" name="atomLocationsSize_read_reg_235">
<pin_list>
<pin id="236" dir="0" index="0" bw="32" slack="1"/>
<pin id="237" dir="1" index="1" bw="32" slack="1"/>
</pin_list>
<bind>
<opset="atomLocationsSize_read "/>
</bind>
</comp>

<comp id="240" class="1005" name="icmp_ln241_reg_240">
<pin_list>
<pin id="241" dir="0" index="0" bw="1" slack="1"/>
<pin id="242" dir="1" index="1" bw="1" slack="2147483647"/>
</pin_list>
<bind>
<opset="icmp_ln241 "/>
</bind>
</comp>

<comp id="244" class="1005" name="add_ln241_reg_244">
<pin_list>
<pin id="245" dir="0" index="0" bw="16" slack="0"/>
<pin id="246" dir="1" index="1" bw="16" slack="0"/>
</pin_list>
<bind>
<opset="add_ln241 "/>
</bind>
</comp>

</comp_list>

<net_list>
<net id="90"><net_src comp="62" pin="0"/><net_sink comp="86" pin=0"/></net>

<net id="91"><net_src comp="20" pin="0"/><net_sink comp="86" pin=1"/></net>

<net id="96"><net_src comp="64" pin="0"/><net_sink comp="92" pin=0"/></net>

<net id="97"><net_src comp="16" pin="0"/><net_sink comp="92" pin=1"/></net>

<net id="102"><net_src comp="62" pin="0"/><net_sink comp="98" pin=0"/></net>

<net id="103"><net_src comp="14" pin="0"/><net_sink comp="98" pin=1"/></net>

<net id="108"><net_src comp="66" pin="0"/><net_sink comp="104" pin=0"/></net>

<net id="109"><net_src comp="10" pin="0"/><net_sink comp="104" pin=1"/></net>

<net id="114"><net_src comp="62" pin="0"/><net_sink comp="110" pin=0"/></net>

<net id="115"><net_src comp="8" pin="0"/><net_sink comp="110" pin=1"/></net>

<net id="120"><net_src comp="66" pin="0"/><net_sink comp="116" pin=0"/></net>

<net id="121"><net_src comp="4" pin="0"/><net_sink comp="116" pin=1"/></net>

<net id="126"><net_src comp="66" pin="0"/><net_sink comp="122" pin=0"/></net>

<net id="127"><net_src comp="2" pin="0"/><net_sink comp="122" pin=1"/></net>

<net id="132"><net_src comp="66" pin="0"/><net_sink comp="128" pin=0"/></net>

<net id="133"><net_src comp="0" pin="0"/><net_sink comp="128" pin=1"/></net>

<net id="137"><net_src comp="68" pin="0"/><net_sink comp="134" pin=0"/></net>

<net id="144"><net_src comp="134" pin="1"/><net_sink comp="138" pin=0"/></net>

<net id="145"><net_src comp="138" pin="4"/><net_sink comp="134" pin=0"/></net>

<net id="170"><net_src comp="76" pin="0"/><net_sink comp="146" pin=0"/></net>

<net id="171"><net_src comp="134" pin="1"/><net_sink comp="146" pin=1"/></net>

<net id="172"><net_src comp="6" pin="0"/><net_sink comp="146" pin=5"/></net>

<net id="173"><net_src comp="18" pin="0"/><net_sink comp="146" pin=7"/></net>

<net id="174"><net_src comp="12" pin="0"/><net_sink comp="146" pin=9"/></net>

<net id="175"><net_src comp="22" pin="0"/><net_sink comp="146" pin=12"/></net>

<net id="176"><net_src comp="24" pin="0"/><net_sink comp="146" pin=13"/></net>

<net id="177"><net_src comp="26" pin="0"/><net_sink comp="146" pin=14"/></net>

<net id="178"><net_src comp="28" pin="0"/><net_sink comp="146" pin=15"/></net>

<net id="179"><net_src comp="30" pin="0"/><net_sink comp="146" pin=16"/></net>

<net id="180"><net_src comp="32" pin="0"/><net_sink comp="146" pin=17"/></net>

<net id="181"><net_src comp="34" pin="0"/><net_sink comp="146" pin=18"/></net>

<net id="182"><net_src comp="36" pin="0"/><net_sink comp="146" pin=19"/></net>

<net id="183"><net_src comp="38" pin="0"/><net_sink comp="146" pin=20"/></net>

<net id="184"><net_src comp="40" pin="0"/><net_sink comp="146" pin=21"/></net>

<net id="188"><net_src comp="138" pin="4"/><net_sink comp="185" pin=0"/></net>

<net id="193"><net_src comp="185" pin="1"/><net_sink comp="189" pin=0"/></net>

<net id="198"><net_src comp="138" pin="4"/><net_sink comp="194" pin=0"/></net>

<net id="199"><net_src comp="70" pin="0"/><net_sink comp="194" pin=1"/></net>

<net id="203"><net_src comp="86" pin="2"/><net_sink comp="200" pin=0"/></net>

<net id="204"><net_src comp="200" pin="1"/><net_sink comp="146" pin=8"/></net>

<net id="208"><net_src comp="92" pin="2"/><net_sink comp="205" pin=0"/></net>

<net id="209"><net_src comp="205" pin="1"/><net_sink comp="146" pin=11"/></net>

<net id="213"><net_src comp="98" pin="2"/><net_sink comp="210" pin=0"/></net>

<net id="214"><net_src comp="210" pin="1"/><net_sink comp="146" pin=10"/></net>

<net id="218"><net_src comp="104" pin="2"/><net_sink comp="215" pin=0"/></net>

<net id="219"><net_src comp="215" pin="1"/><net_sink comp="146" pin=2"/></net>

<net id="223"><net_src comp="110" pin="2"/><net_sink comp="220" pin=0"/></net>

<net id="224"><net_src comp="220" pin="1"/><net_sink comp="146" pin=6"/></net>

<net id="228"><net_src comp="116" pin="2"/><net_sink comp="225" pin=0"/></net>

<net id="229"><net_src comp="225" pin="1"/><net_sink comp="146" pin=4"/></net>

<net id="233"><net_src comp="122" pin="2"/><net_sink comp="230" pin=0"/></net>

<net id="234"><net_src comp="230" pin="1"/><net_sink comp="146" pin=3"/></net>

<net id="238"><net_src comp="128" pin="2"/><net_sink comp="235" pin=0"/></net>

<net id="239"><net_src comp="235" pin="1"/><net_sink comp="189" pin=1"/></net>

<net id="243"><net_src comp="189" pin="2"/><net_sink comp="240" pin=0"/></net>

<net id="247"><net_src comp="194" pin="2"/><net_sink comp="244" pin=0"/></net>

<net id="248"><net_src comp="244" pin="1"/><net_sink comp="138" pin=2"/></net>

</net_list>

</model> 
---------------- Datapath Model END ------------------

* FSMD analyzer results:
  - Output states:
	Port: emissions_0 | {3 4 }
	Port: emissions_1 | {3 4 }
	Port: emissions_2 | {3 4 }
	Port: emissions_3 | {3 4 }
	Port: emissions_4 | {3 4 }
	Port: emissions_5 | {3 4 }
	Port: emissions_6 | {3 4 }
	Port: emissions_7 | {3 4 }
 - Input state : 
	Port: reconstruct : atomLocationsSize | {1 }
	Port: reconstruct : projShape0 | {1 }
	Port: reconstruct : projShape1 | {1 }
	Port: reconstruct : gmem0 | {3 4 }
	Port: reconstruct : atomLocations | {1 }
	Port: reconstruct : psfSupersample | {1 }
	Port: reconstruct : gmem5 | {3 4 }
	Port: reconstruct : imageProjs_local | {1 }
	Port: reconstruct : imageProjs_0_0_val | {1 }
	Port: reconstruct : gmem6 | {3 4 }
	Port: reconstruct : fullImage | {1 }
	Port: reconstruct : mask_table | {3 4 }
	Port: reconstruct : one_half_table | {3 4 }
  - Chain level:
	State 1
	State 2
		zext_ln241 : 1
		icmp_ln241 : 2
		add_ln241 : 1
		specdataflowpipeline_ln241 : 1
		br_ln241 : 3
	State 3
	State 4


============================================================
+ Verbose Summary: Datapath Resource usage 
============================================================

* Functional unit list:
|----------|------------------------------------------------|---------|---------|---------|---------|---------|---------|
| Operation|                 Functional Unit                |   BRAM  |   DSP   |  Delay  |    FF   |   LUT   |   URAM  |
|----------|------------------------------------------------|---------|---------|---------|---------|---------|---------|
|   call   | grp_dataflow_in_loop_VITIS_LOOP_241_1_1_fu_146 |    0    |   447   | 261.629 |  133135 |  69840  |    0    |
|----------|------------------------------------------------|---------|---------|---------|---------|---------|---------|
|   icmp   |                icmp_ln241_fu_189               |    0    |    0    |    0    |    0    |    39   |    0    |
|----------|------------------------------------------------|---------|---------|---------|---------|---------|---------|
|    add   |                add_ln241_fu_194                |    0    |    0    |    0    |    0    |    23   |    0    |
|----------|------------------------------------------------|---------|---------|---------|---------|---------|---------|
|          |            fullImage_read_read_fu_86           |    0    |    0    |    0    |    0    |    0    |    0    |
|          |       imageProjs_0_0_val_read_read_fu_92       |    0    |    0    |    0    |    0    |    0    |    0    |
|          |        imageProjs_local_read_read_fu_98        |    0    |    0    |    0    |    0    |    0    |    0    |
|   read   |         psfSupersample_read_read_fu_104        |    0    |    0    |    0    |    0    |    0    |    0    |
|          |         atomLocations_read_read_fu_110         |    0    |    0    |    0    |    0    |    0    |    0    |
|          |           projShape1_read_read_fu_116          |    0    |    0    |    0    |    0    |    0    |    0    |
|          |           projShape0_read_read_fu_122          |    0    |    0    |    0    |    0    |    0    |    0    |
|          |       atomLocationsSize_read_read_fu_128       |    0    |    0    |    0    |    0    |    0    |    0    |
|----------|------------------------------------------------|---------|---------|---------|---------|---------|---------|
|   zext   |                zext_ln241_fu_185               |    0    |    0    |    0    |    0    |    0    |    0    |
|----------|------------------------------------------------|---------|---------|---------|---------|---------|---------|
|   Total  |                                                |    0    |   447   | 261.629 |  133135 |  69902  |    0    |
|----------|------------------------------------------------|---------|---------|---------|---------|---------|---------|

Memories:
N/A

* Register list:
+-------------------------------+--------+
|                               |   FF   |
+-------------------------------+--------+
|       add_ln241_reg_244       |   16   |
| atomLocationsSize_read_reg_235|   32   |
|   atomLocations_read_reg_220  |   64   |
|     fullImage_read_reg_200    |   64   |
|       icmp_ln241_reg_240      |    1   |
|          idx_reg_134          |   16   |
|imageProjs_0_0_val_read_reg_205|   32   |
| imageProjs_local_read_reg_210 |   64   |
|    projShape0_read_reg_230    |   32   |
|    projShape1_read_reg_225    |   32   |
|  psfSupersample_read_reg_215  |   32   |
+-------------------------------+--------+
|             Total             |   385  |
+-------------------------------+--------+

* Multiplexer (MUX) list: 
|-------------|------|------|------|--------||---------||---------||---------|
|     Comp    |  Pin | Size |  BW  | S x BW ||  Delay  ||    FF   ||   LUT   |
|-------------|------|------|------|--------||---------||---------||---------|
| idx_reg_134 |  p0  |   2  |  16  |   32   ||    0    ||    9    |
|-------------|------|------|------|--------||---------||---------||---------|
|    Total    |      |      |      |   32   ||  0.427  ||    0    ||    9    |
|-------------|------|------|------|--------||---------||---------||---------|



* Summary:
+-----------+--------+--------+--------+--------+--------+--------+
|           |  BRAM  |   DSP  |  Delay |   FF   |   LUT  |  URAM  |
+-----------+--------+--------+--------+--------+--------+--------+
|  Function |    0   |   447  |   261  | 133135 |  69902 |    0   |
|   Memory  |    -   |    -   |    -   |    -   |    -   |    -   |
|Multiplexer|    -   |    -   |    0   |    0   |    9   |    -   |
|  Register |    -   |    -   |    -   |   385  |    -   |    -   |
+-----------+--------+--------+--------+--------+--------+--------+
|   Total   |    0   |   447  |   262  | 133520 |  69911 |    0   |
+-----------+--------+--------+--------+--------+--------+--------+
