

================================================================
== Vitis HLS Report for 'resolveSortingDeficiencies_HLSMoveStream_Pipeline_VITIS_LOOP_1695_7'
================================================================
* Date:           Sat Mar 28 14:02:38 2026

* Version:        2024.2 (Build 5238294 on Nov  8 2024)
* Project:        atomflow_controller_2024_2
* Solution:       hls (Vivado IP Flow Target)
* Product family: zynquplusRFSOC
* Target device:  xczu49dr-ffvf1760-2-e


================================================================
== Performance Estimates
================================================================
+ Timing: 
    * Summary: 
    +--------+----------+----------+------------+
    |  Clock |  Target  | Estimated| Uncertainty|
    +--------+----------+----------+------------+
    |ap_clk  |  10.00 ns|  2.351 ns|     2.70 ns|
    +--------+----------+----------+------------+

+ Latency: 
    * Summary: 
    +---------+---------+-----------+----------+-----+-----+------------------------------------------------+
    |  Latency (cycles) |  Latency (absolute)  |  Interval |                    Pipeline                    |
    |   min   |   max   |    min    |    max   | min | max |                      Type                      |
    +---------+---------+-----------+----------+-----+-----+------------------------------------------------+
    |        4|       34|  40.000 ns|  0.340 us|    3|   33|  loop auto-rewind stp (delay=0 clock cycles(s))|
    +---------+---------+-----------+----------+-----+-----+------------------------------------------------+

    + Detail: 
        * Instance: 
        N/A

        * Loop: 
        +---------------------+---------+---------+----------+-----------+-----------+--------+----------+
        |                     |  Latency (cycles) | Iteration|  Initiation Interval  |  Trip  |          |
        |      Loop Name      |   min   |   max   |  Latency |  achieved |   target  |  Count | Pipelined|
        +---------------------+---------+---------+----------+-----------+-----------+--------+----------+
        |- VITIS_LOOP_1695_7  |        2|       32|         2|          2|          8|  1 ~ 16|       yes|
        +---------------------+---------+---------+----------+-----------+-----------+--------+----------+

============================================================
+ Verbose Summary: Synthesis Manager
============================================================
InlineROM: 1
ExposeGlobal: 0
============================================================
+ Verbose Summary: CDFG Model
============================================================
IsTopModel: 0
ResetActiveHigh: 1
IsCombinational: 0
IsDatapathOnly: 0
HasWiredReturn: 1
HasMFsm: 2
HasVarLatency: 1
IsPipeline: 0
IsRtlPipelined: 0
IsInstanceOverlapped: 0
IsDontTouch: 0
HasImplIP: 0
IsGatedGlobalClock: 0

+ Individual pipeline summary: 
  * Pipeline-0: initiation interval (II) = 2, depth = 2


============================================================
+ Verbose Summary: Schedule
============================================================
* Number of FSM states : 2
* Pipeline : 1
  Pipeline-0 : II = 2, D = 2, States = { 1 2 }
* Dataflow Pipeline: 0

* FSM state transitions: 
1 --> 2 
2 --> 

* FSM state operations: 

State 1 <SV = 0> <Delay = 2.35>
ST_1 : Operation 5 [1/1] (0.00ns)   --->   "%i = alloca i32 1" [/home/xiaorang/Documents/ATOMFLOW/sorting-organized-main/src/sortLatticeByRow.cpp:1695]   --->   Operation 5 'alloca' 'i' <Predicate = true> <Delay = 0.00>
ST_1 : Operation 6 [1/1] (0.00ns)   --->   "%specmemcore_ln0 = specmemcore void @_ssdm_op_SpecMemCore, i32 %usableAtoms_data, i64 666, i64 22, i64 18446744073709551615"   --->   Operation 6 'specmemcore' 'specmemcore_ln0' <Predicate = true> <Delay = 0.00>
ST_1 : Operation 7 [1/1] (0.00ns)   --->   "%specmemcore_ln0 = specmemcore void @_ssdm_op_SpecMemCore, i8 %targetSites_data, i64 666, i64 22, i64 18446744073709551615"   --->   Operation 7 'specmemcore' 'specmemcore_ln0' <Predicate = true> <Delay = 0.00>
ST_1 : Operation 8 [1/1] (0.00ns)   --->   "%zext_ln1706_1_read = read i16 @_ssdm_op_Read.ap_auto.i16, i16 %zext_ln1706_1"   --->   Operation 8 'read' 'zext_ln1706_1_read' <Predicate = true> <Delay = 0.00>
ST_1 : Operation 9 [1/1] (0.00ns)   --->   "%sub186_read = read i16 @_ssdm_op_Read.ap_auto.i16, i16 %sub186"   --->   Operation 9 'read' 'sub186_read' <Predicate = true> <Delay = 0.00>
ST_1 : Operation 10 [1/1] (0.00ns)   --->   "%tmp = read i16 @_ssdm_op_Read.ap_auto.i16, i16 %empty"   --->   Operation 10 'read' 'tmp' <Predicate = true> <Delay = 0.00>
ST_1 : Operation 11 [1/1] (0.00ns)   --->   "%sub175_read = read i16 @_ssdm_op_Read.ap_auto.i16, i16 %sub175"   --->   Operation 11 'read' 'sub175_read' <Predicate = true> <Delay = 0.00>
ST_1 : Operation 12 [1/1] (0.00ns)   --->   "%end_colSelectionCount_read = read i5 @_ssdm_op_Read.ap_auto.i5, i5 %end_colSelectionCount"   --->   Operation 12 'read' 'end_colSelectionCount_read' <Predicate = true> <Delay = 0.00>
ST_1 : Operation 13 [1/1] (0.42ns)   --->   "%store_ln1695 = store i5 0, i5 %i" [/home/xiaorang/Documents/ATOMFLOW/sorting-organized-main/src/sortLatticeByRow.cpp:1695]   --->   Operation 13 'store' 'store_ln1695' <Predicate = true> <Delay = 0.42>
ST_1 : Operation 14 [1/1] (0.00ns)   --->   "%br_ln0 = br void %for.inc195"   --->   Operation 14 'br' 'br_ln0' <Predicate = true> <Delay = 0.00>
ST_1 : Operation 15 [1/1] (0.00ns)   --->   "%i_94 = load i5 %i" [/home/xiaorang/Documents/ATOMFLOW/sorting-organized-main/src/sortLatticeByRow.cpp:1705]   --->   Operation 15 'load' 'i_94' <Predicate = true> <Delay = 0.00>
ST_1 : Operation 16 [1/1] (0.78ns)   --->   "%icmp_ln1695 = icmp_eq  i5 %i_94, i5 %end_colSelectionCount_read" [/home/xiaorang/Documents/ATOMFLOW/sorting-organized-main/src/sortLatticeByRow.cpp:1695]   --->   Operation 16 'icmp' 'icmp_ln1695' <Predicate = true> <Delay = 0.78> <CoreInst = "Cmp">   --->   Core 9 'Cmp' <Latency = 0> <II = 1> <Delay = 0.78> <FuncUnit> <Opcode : 'seteq' 'setne' 'setle' 'setge' 'setlt' 'setgt'> <InPorts = 2> <OutPorts = 1>
ST_1 : Operation 17 [1/1] (0.78ns)   --->   "%start_colSelectionCount = add i5 %i_94, i5 1" [/home/xiaorang/Documents/ATOMFLOW/sorting-organized-main/src/sortLatticeByRow.cpp:1705]   --->   Operation 17 'add' 'start_colSelectionCount' <Predicate = true> <Delay = 0.78> <CoreInst = "Adder">   --->   Core 1 'Adder' <Latency = 0> <II = 1> <Delay = 0.78> <FuncUnit> <Opcode : 'add' 'sub'> <InPorts = 2> <OutPorts = 1>
ST_1 : Operation 18 [1/1] (0.00ns)   --->   "%br_ln1695 = br i1 %icmp_ln1695, void %for.inc195.split, void %for.end197.loopexit.exitStub" [/home/xiaorang/Documents/ATOMFLOW/sorting-organized-main/src/sortLatticeByRow.cpp:1695]   --->   Operation 18 'br' 'br_ln1695' <Predicate = true> <Delay = 0.00>
ST_1 : Operation 19 [1/1] (0.00ns)   --->   "%zext_ln1695 = zext i5 %i_94" [/home/xiaorang/Documents/ATOMFLOW/sorting-organized-main/src/sortLatticeByRow.cpp:1695]   --->   Operation 19 'zext' 'zext_ln1695' <Predicate = (!icmp_ln1695)> <Delay = 0.00>
ST_1 : Operation 20 [1/1] (0.00ns) (grouped into TernaryAdder)   --->   "%sub_ln1704 = sub i16 %sub175_read, i16 %zext_ln1695" [/home/xiaorang/Documents/ATOMFLOW/sorting-organized-main/src/sortLatticeByRow.cpp:1704]   --->   Operation 20 'sub' 'sub_ln1704' <Predicate = (!icmp_ln1695)> <Delay = 0.00> <CoreInst = "TAddSub">   --->   Core 10 'TAddSub' <Latency = 0> <II = 1> <Delay = 0.34> <IPBlock> <Opcode : '' 'add' 'sub'> <InPorts = 3> <OutPorts = 1> <Sync> <CReg>
ST_1 : Operation 21 [1/1] (0.68ns) (root node of TernaryAdder)   --->   "%add_ln1704 = add i16 %tmp, i16 %sub_ln1704" [/home/xiaorang/Documents/ATOMFLOW/sorting-organized-main/src/sortLatticeByRow.cpp:1704]   --->   Operation 21 'add' 'add_ln1704' <Predicate = (!icmp_ln1695)> <Delay = 0.68> <CoreInst = "TAddSub">   --->   Core 10 'TAddSub' <Latency = 0> <II = 1> <Delay = 0.34> <IPBlock> <Opcode : '' 'add' 'sub'> <InPorts = 3> <OutPorts = 1> <Sync> <CReg>
ST_1 : Operation 22 [1/1] (0.00ns)   --->   "%zext_ln1704 = zext i16 %add_ln1704" [/home/xiaorang/Documents/ATOMFLOW/sorting-organized-main/src/sortLatticeByRow.cpp:1704]   --->   Operation 22 'zext' 'zext_ln1704' <Predicate = (!icmp_ln1695)> <Delay = 0.00>
ST_1 : Operation 23 [1/1] (0.00ns)   --->   "%usableAtoms_data_addr = getelementptr i32 %usableAtoms_data, i64 0, i64 %zext_ln1704" [/home/xiaorang/Documents/ATOMFLOW/sorting-organized-main/src/sortLatticeByRow.cpp:1704]   --->   Operation 23 'getelementptr' 'usableAtoms_data_addr' <Predicate = (!icmp_ln1695)> <Delay = 0.00>
ST_1 : Operation 24 [2/2] (1.23ns)   --->   "%usableAtoms_data_load = load i16 %usableAtoms_data_addr" [/home/xiaorang/Documents/ATOMFLOW/sorting-organized-main/src/sortLatticeByRow.cpp:1704]   --->   Operation 24 'load' 'usableAtoms_data_load' <Predicate = (!icmp_ln1695)> <Delay = 1.23> <CoreInst = "RAM_2P_BRAM">   --->   Core 93 'RAM_2P_BRAM' <Latency = 1> <II = 1> <Delay = 1.23> <Storage> <Opcode : 'load' 'store'> <Ports = 2> <Width = 32> <Depth = 65536> <RAM>
ST_1 : Operation 25 [1/1] (0.00ns) (grouped into TernaryAdder)   --->   "%sub_ln1706 = sub i16 %sub186_read, i16 %zext_ln1695" [/home/xiaorang/Documents/ATOMFLOW/sorting-organized-main/src/sortLatticeByRow.cpp:1706]   --->   Operation 25 'sub' 'sub_ln1706' <Predicate = (!icmp_ln1695)> <Delay = 0.00> <CoreInst = "TAddSub">   --->   Core 10 'TAddSub' <Latency = 0> <II = 1> <Delay = 0.34> <IPBlock> <Opcode : '' 'add' 'sub'> <InPorts = 3> <OutPorts = 1> <Sync> <CReg>
ST_1 : Operation 26 [1/1] (0.68ns) (root node of TernaryAdder)   --->   "%add_ln1706 = add i16 %zext_ln1706_1_read, i16 %sub_ln1706" [/home/xiaorang/Documents/ATOMFLOW/sorting-organized-main/src/sortLatticeByRow.cpp:1706]   --->   Operation 26 'add' 'add_ln1706' <Predicate = (!icmp_ln1695)> <Delay = 0.68> <CoreInst = "TAddSub">   --->   Core 10 'TAddSub' <Latency = 0> <II = 1> <Delay = 0.34> <IPBlock> <Opcode : '' 'add' 'sub'> <InPorts = 3> <OutPorts = 1> <Sync> <CReg>
ST_1 : Operation 27 [1/1] (0.00ns)   --->   "%zext_ln1706 = zext i16 %add_ln1706" [/home/xiaorang/Documents/ATOMFLOW/sorting-organized-main/src/sortLatticeByRow.cpp:1706]   --->   Operation 27 'zext' 'zext_ln1706' <Predicate = (!icmp_ln1695)> <Delay = 0.00>
ST_1 : Operation 28 [1/1] (0.00ns)   --->   "%targetSites_data_addr = getelementptr i8 %targetSites_data, i64 0, i64 %zext_ln1706" [/home/xiaorang/Documents/ATOMFLOW/sorting-organized-main/src/sortLatticeByRow.cpp:1706]   --->   Operation 28 'getelementptr' 'targetSites_data_addr' <Predicate = (!icmp_ln1695)> <Delay = 0.00>
ST_1 : Operation 29 [2/2] (1.23ns)   --->   "%targetSites_data_load = load i16 %targetSites_data_addr" [/home/xiaorang/Documents/ATOMFLOW/sorting-organized-main/src/sortLatticeByRow.cpp:1706]   --->   Operation 29 'load' 'targetSites_data_load' <Predicate = (!icmp_ln1695)> <Delay = 1.23> <CoreInst = "RAM_2P_BRAM">   --->   Core 93 'RAM_2P_BRAM' <Latency = 1> <II = 1> <Delay = 1.23> <Storage> <Opcode : 'load' 'store'> <Ports = 2> <Width = 8> <Depth = 65536> <RAM>
ST_1 : Operation 30 [1/1] (0.42ns)   --->   "%store_ln1695 = store i5 %start_colSelectionCount, i5 %i" [/home/xiaorang/Documents/ATOMFLOW/sorting-organized-main/src/sortLatticeByRow.cpp:1695]   --->   Operation 30 'store' 'store_ln1695' <Predicate = (!icmp_ln1695)> <Delay = 0.42>
ST_1 : Operation 43 [1/1] (0.42ns)   --->   "%ret_ln0 = ret"   --->   Operation 43 'ret' 'ret_ln0' <Predicate = (icmp_ln1695)> <Delay = 0.42>

State 2 <SV = 1> <Delay = 1.91>
ST_2 : Operation 31 [1/1] (0.00ns)   --->   "%specpipeline_ln1698 = specpipeline void @_ssdm_op_SpecPipeline, i32 8, i32 0, i32 0, i32 0, void @empty_18" [/home/xiaorang/Documents/ATOMFLOW/sorting-organized-main/src/sortLatticeByRow.cpp:1698]   --->   Operation 31 'specpipeline' 'specpipeline_ln1698' <Predicate = true> <Delay = 0.00>
ST_2 : Operation 32 [1/1] (0.00ns)   --->   "%speclooptripcount_ln1699 = speclooptripcount void @_ssdm_op_SpecLoopTripCount, i64 1, i64 16, i64 8" [/home/xiaorang/Documents/ATOMFLOW/sorting-organized-main/src/sortLatticeByRow.cpp:1699]   --->   Operation 32 'speclooptripcount' 'speclooptripcount_ln1699' <Predicate = true> <Delay = 0.00>
ST_2 : Operation 33 [1/1] (0.00ns)   --->   "%specloopname_ln1695 = specloopname void @_ssdm_op_SpecLoopName, void @empty_81" [/home/xiaorang/Documents/ATOMFLOW/sorting-organized-main/src/sortLatticeByRow.cpp:1695]   --->   Operation 33 'specloopname' 'specloopname_ln1695' <Predicate = true> <Delay = 0.00>
ST_2 : Operation 34 [1/2] ( I:1.23ns O:1.23ns )   --->   "%usableAtoms_data_load = load i16 %usableAtoms_data_addr" [/home/xiaorang/Documents/ATOMFLOW/sorting-organized-main/src/sortLatticeByRow.cpp:1704]   --->   Operation 34 'load' 'usableAtoms_data_load' <Predicate = true> <Delay = 1.23> <CoreInst = "RAM_2P_BRAM">   --->   Core 93 'RAM_2P_BRAM' <Latency = 1> <II = 1> <Delay = 1.23> <Storage> <Opcode : 'load' 'store'> <Ports = 2> <Width = 32> <Depth = 65536> <RAM>
ST_2 : Operation 35 [1/1] (0.00ns)   --->   "%trunc_ln1704 = trunc i32 %usableAtoms_data_load" [/home/xiaorang/Documents/ATOMFLOW/sorting-organized-main/src/sortLatticeByRow.cpp:1704]   --->   Operation 35 'trunc' 'trunc_ln1704' <Predicate = true> <Delay = 0.00>
ST_2 : Operation 36 [1/1] (0.00ns)   --->   "%zext_ln1703 = zext i5 %i_94" [/home/xiaorang/Documents/ATOMFLOW/sorting-organized-main/src/sortLatticeByRow.cpp:1703]   --->   Operation 36 'zext' 'zext_ln1703' <Predicate = true> <Delay = 0.00>
ST_2 : Operation 37 [1/1] (0.00ns)   --->   "%start_colSelection_addr = getelementptr i16 %start_colSelection, i64 0, i64 %zext_ln1703" [/home/xiaorang/Documents/ATOMFLOW/sorting-organized-main/src/sortLatticeByRow.cpp:1703]   --->   Operation 37 'getelementptr' 'start_colSelection_addr' <Predicate = true> <Delay = 0.00>
ST_2 : Operation 38 [1/1] ( I:0.67ns O:0.67ns )   --->   "%store_ln1703 = store i16 %trunc_ln1704, i4 %start_colSelection_addr" [/home/xiaorang/Documents/ATOMFLOW/sorting-organized-main/src/sortLatticeByRow.cpp:1703]   --->   Operation 38 'store' 'store_ln1703' <Predicate = true> <Delay = 0.67> <CoreInst = "RAM">   --->   Core 82 'RAM' <Latency = 1> <II = 1> <Delay = 0.67> <Storage> <Opcode : 'load' 'store'> <Ports = 2> <Width = 16> <Depth = 16> <RAM>
ST_2 : Operation 39 [1/2] ( I:1.23ns O:1.23ns )   --->   "%targetSites_data_load = load i16 %targetSites_data_addr" [/home/xiaorang/Documents/ATOMFLOW/sorting-organized-main/src/sortLatticeByRow.cpp:1706]   --->   Operation 39 'load' 'targetSites_data_load' <Predicate = true> <Delay = 1.23> <CoreInst = "RAM_2P_BRAM">   --->   Core 93 'RAM_2P_BRAM' <Latency = 1> <II = 1> <Delay = 1.23> <Storage> <Opcode : 'load' 'store'> <Ports = 2> <Width = 8> <Depth = 65536> <RAM>
ST_2 : Operation 40 [1/1] (0.00ns)   --->   "%end_colSelection_addr = getelementptr i8 %end_colSelection, i64 0, i64 %zext_ln1703" [/home/xiaorang/Documents/ATOMFLOW/sorting-organized-main/src/sortLatticeByRow.cpp:1705]   --->   Operation 40 'getelementptr' 'end_colSelection_addr' <Predicate = true> <Delay = 0.00>
ST_2 : Operation 41 [1/1] ( I:0.67ns O:0.67ns )   --->   "%store_ln1705 = store i8 %targetSites_data_load, i4 %end_colSelection_addr" [/home/xiaorang/Documents/ATOMFLOW/sorting-organized-main/src/sortLatticeByRow.cpp:1705]   --->   Operation 41 'store' 'store_ln1705' <Predicate = true> <Delay = 0.67> <CoreInst = "RAM">   --->   Core 82 'RAM' <Latency = 1> <II = 1> <Delay = 0.67> <Storage> <Opcode : 'load' 'store'> <Ports = 2> <Width = 8> <Depth = 16> <RAM>
ST_2 : Operation 42 [1/1] (0.00ns)   --->   "%br_ln1695 = br void %for.inc195" [/home/xiaorang/Documents/ATOMFLOW/sorting-organized-main/src/sortLatticeByRow.cpp:1695]   --->   Operation 42 'br' 'br_ln1695' <Predicate = true> <Delay = 0.00>


============================================================
+ Verbose Summary: Binding
============================================================
STG Binding: 
---------------- STG Properties BEGIN ----------------
- Is combinational: 0
- Is one-state seq: 0
- Is datapath-only: 0
- Is pipelined: 0
- Is top level: 0
Port [ Return ] is wired: 1; IO mode=ap_ctrl_hs:ce=0
Port [ end_colSelectionCount]:  wired=1; compound=0; hidden=0; nouse=0; global=0; static=0; extern=0; dir=0; type=0; pingpong=0; private_global=0; IO mode=ap_none:ce=0
Port [ sub175]:  wired=1; compound=0; hidden=0; nouse=0; global=0; static=0; extern=0; dir=0; type=0; pingpong=0; private_global=0; IO mode=ap_none:ce=0
Port [ empty]:  wired=1; compound=0; hidden=0; nouse=0; global=0; static=0; extern=0; dir=0; type=0; pingpong=0; private_global=0; IO mode=ap_none:ce=0
Port [ usableAtoms_data]:  wired=1; compound=1; hidden=0; nouse=0; global=0; static=0; extern=0; dir=0; type=1; pingpong=0; private_global=0; MemPort=[13]; IO mode=ap_memory:ce=0
Port [ start_colSelection]:  wired=1; compound=1; hidden=0; nouse=0; global=0; static=0; extern=0; dir=1; type=1; pingpong=0; private_global=0; MemPort=[03]; IO mode=ap_memory:ce=0
Port [ sub186]:  wired=1; compound=0; hidden=0; nouse=0; global=0; static=0; extern=0; dir=0; type=0; pingpong=0; private_global=0; IO mode=ap_none:ce=0
Port [ zext_ln1706_1]:  wired=1; compound=0; hidden=0; nouse=0; global=0; static=0; extern=0; dir=0; type=0; pingpong=0; private_global=0; IO mode=ap_none:ce=0
Port [ targetSites_data]:  wired=1; compound=1; hidden=0; nouse=0; global=0; static=0; extern=0; dir=0; type=1; pingpong=0; private_global=0; MemPort=[13]; IO mode=ap_memory:ce=0
Port [ end_colSelection]:  wired=1; compound=1; hidden=0; nouse=0; global=0; static=0; extern=0; dir=1; type=1; pingpong=0; private_global=0; MemPort=[03]; IO mode=ap_memory:ce=0
---------------- STG Properties END ------------------

---------------- Datapath Model BEGIN ----------------

<LifeTime>
<method=bitvector/>
i                          (alloca           ) [ 010]
specmemcore_ln0            (specmemcore      ) [ 000]
specmemcore_ln0            (specmemcore      ) [ 000]
zext_ln1706_1_read         (read             ) [ 000]
sub186_read                (read             ) [ 000]
tmp                        (read             ) [ 000]
sub175_read                (read             ) [ 000]
end_colSelectionCount_read (read             ) [ 000]
store_ln1695               (store            ) [ 000]
br_ln0                     (br               ) [ 000]
i_94                       (load             ) [ 001]
icmp_ln1695                (icmp             ) [ 010]
start_colSelectionCount    (add              ) [ 000]
br_ln1695                  (br               ) [ 000]
zext_ln1695                (zext             ) [ 000]
sub_ln1704                 (sub              ) [ 000]
add_ln1704                 (add              ) [ 000]
zext_ln1704                (zext             ) [ 000]
usableAtoms_data_addr      (getelementptr    ) [ 001]
sub_ln1706                 (sub              ) [ 000]
add_ln1706                 (add              ) [ 000]
zext_ln1706                (zext             ) [ 000]
targetSites_data_addr      (getelementptr    ) [ 001]
store_ln1695               (store            ) [ 000]
specpipeline_ln1698        (specpipeline     ) [ 000]
speclooptripcount_ln1699   (speclooptripcount) [ 000]
specloopname_ln1695        (specloopname     ) [ 000]
usableAtoms_data_load      (load             ) [ 000]
trunc_ln1704               (trunc            ) [ 000]
zext_ln1703                (zext             ) [ 000]
start_colSelection_addr    (getelementptr    ) [ 000]
store_ln1703               (store            ) [ 000]
targetSites_data_load      (load             ) [ 000]
end_colSelection_addr      (getelementptr    ) [ 000]
store_ln1705               (store            ) [ 000]
br_ln1695                  (br               ) [ 000]
ret_ln0                    (ret              ) [ 000]
</LifeTime>

<model>

<comp_list>
<comp id="0" class="1000" name="end_colSelectionCount">
<pin_list>
<pin id="1" dir="1" index="0" bw="1" slack="0"/>
</pin_list>
<bind>
<StgValue><ssdm name="end_colSelectionCount"/></StgValue>
</bind>
</comp>

<comp id="2" class="1000" name="sub175">
<pin_list>
<pin id="3" dir="1" index="0" bw="1" slack="0"/>
</pin_list>
<bind>
<StgValue><ssdm name="sub175"/></StgValue>
</bind>
</comp>

<comp id="4" class="1000" name="empty">
<pin_list>
<pin id="5" dir="1" index="0" bw="1" slack="0"/>
</pin_list>
<bind>
<StgValue><ssdm name="empty"/></StgValue>
</bind>
</comp>

<comp id="6" class="1000" name="usableAtoms_data">
<pin_list>
<pin id="7" dir="1" index="0" bw="1" slack="0"/>
</pin_list>
<bind>
<StgValue><ssdm name="usableAtoms_data"/><MemPortTyVec>1 3 </MemPortTyVec>
</StgValue>
</bind>
</comp>

<comp id="8" class="1000" name="start_colSelection">
<pin_list>
<pin id="9" dir="1" index="0" bw="1" slack="0"/>
</pin_list>
<bind>
<StgValue><ssdm name="start_colSelection"/><MemPortTyVec>0 3 </MemPortTyVec>
</StgValue>
</bind>
</comp>

<comp id="10" class="1000" name="sub186">
<pin_list>
<pin id="11" dir="1" index="0" bw="1" slack="0"/>
</pin_list>
<bind>
<StgValue><ssdm name="sub186"/></StgValue>
</bind>
</comp>

<comp id="12" class="1000" name="zext_ln1706_1">
<pin_list>
<pin id="13" dir="1" index="0" bw="1" slack="0"/>
</pin_list>
<bind>
<StgValue><ssdm name="zext_ln1706_1"/></StgValue>
</bind>
</comp>

<comp id="14" class="1000" name="targetSites_data">
<pin_list>
<pin id="15" dir="1" index="0" bw="1" slack="0"/>
</pin_list>
<bind>
<StgValue><ssdm name="targetSites_data"/><MemPortTyVec>1 3 </MemPortTyVec>
</StgValue>
</bind>
</comp>

<comp id="16" class="1000" name="end_colSelection">
<pin_list>
<pin id="17" dir="1" index="0" bw="1" slack="0"/>
</pin_list>
<bind>
<StgValue><ssdm name="end_colSelection"/><MemPortTyVec>0 3 </MemPortTyVec>
</StgValue>
</bind>
</comp>

<comp id="18" class="1001" name="const_18">
<pin_list>
<pin id="19" dir="1" index="0" bw="1" slack="0"/>
</pin_list>
<bind>
<StgValue><ssdm name=""/></StgValue>
</bind>
</comp>

<comp id="20" class="1001" name="const_20">
<pin_list>
<pin id="21" dir="1" index="0" bw="1" slack="2147483647"/>
</pin_list>
<bind>
<StgValue><ssdm name="_ssdm_op_SpecMemCore"/></StgValue>
</bind>
</comp>

<comp id="22" class="1001" name="const_22">
<pin_list>
<pin id="23" dir="1" index="0" bw="1" slack="2147483647"/>
</pin_list>
<bind>
<StgValue><ssdm name=""/></StgValue>
</bind>
</comp>

<comp id="24" class="1001" name="const_24">
<pin_list>
<pin id="25" dir="1" index="0" bw="1" slack="2147483647"/>
</pin_list>
<bind>
<StgValue><ssdm name=""/></StgValue>
</bind>
</comp>

<comp id="26" class="1001" name="const_26">
<pin_list>
<pin id="27" dir="1" index="0" bw="1" slack="2147483647"/>
</pin_list>
<bind>
<StgValue><ssdm name=""/></StgValue>
</bind>
</comp>

<comp id="28" class="1001" name="const_28">
<pin_list>
<pin id="29" dir="1" index="0" bw="1" slack="0"/>
</pin_list>
<bind>
<StgValue><ssdm name="_ssdm_op_Read.ap_auto.i16"/></StgValue>
</bind>
</comp>

<comp id="30" class="1001" name="const_30">
<pin_list>
<pin id="31" dir="1" index="0" bw="1" slack="0"/>
</pin_list>
<bind>
<StgValue><ssdm name="_ssdm_op_Read.ap_auto.i5"/></StgValue>
</bind>
</comp>

<comp id="32" class="1001" name="const_32">
<pin_list>
<pin id="33" dir="1" index="0" bw="1" slack="0"/>
</pin_list>
<bind>
<StgValue><ssdm name=""/></StgValue>
</bind>
</comp>

<comp id="34" class="1001" name="const_34">
<pin_list>
<pin id="35" dir="1" index="0" bw="1" slack="0"/>
</pin_list>
<bind>
<StgValue><ssdm name=""/></StgValue>
</bind>
</comp>

<comp id="36" class="1001" name="const_36">
<pin_list>
<pin id="37" dir="1" index="0" bw="1" slack="0"/>
</pin_list>
<bind>
<StgValue><ssdm name=""/></StgValue>
</bind>
</comp>

<comp id="38" class="1001" name="const_38">
<pin_list>
<pin id="39" dir="1" index="0" bw="1" slack="2147483647"/>
</pin_list>
<bind>
<StgValue><ssdm name="_ssdm_op_SpecPipeline"/></StgValue>
</bind>
</comp>

<comp id="40" class="1001" name="const_40">
<pin_list>
<pin id="41" dir="1" index="0" bw="1" slack="2147483647"/>
</pin_list>
<bind>
<StgValue><ssdm name=""/></StgValue>
</bind>
</comp>

<comp id="42" class="1001" name="const_42">
<pin_list>
<pin id="43" dir="1" index="0" bw="1" slack="2147483647"/>
</pin_list>
<bind>
<StgValue><ssdm name=""/></StgValue>
</bind>
</comp>

<comp id="44" class="1001" name="const_44">
<pin_list>
<pin id="45" dir="1" index="0" bw="1" slack="2147483647"/>
</pin_list>
<bind>
<StgValue><ssdm name="empty_18"/></StgValue>
</bind>
</comp>

<comp id="46" class="1001" name="const_46">
<pin_list>
<pin id="47" dir="1" index="0" bw="1" slack="2147483647"/>
</pin_list>
<bind>
<StgValue><ssdm name="_ssdm_op_SpecLoopTripCount"/></StgValue>
</bind>
</comp>

<comp id="48" class="1001" name="const_48">
<pin_list>
<pin id="49" dir="1" index="0" bw="1" slack="2147483647"/>
</pin_list>
<bind>
<StgValue><ssdm name=""/></StgValue>
</bind>
</comp>

<comp id="50" class="1001" name="const_50">
<pin_list>
<pin id="51" dir="1" index="0" bw="1" slack="2147483647"/>
</pin_list>
<bind>
<StgValue><ssdm name=""/></StgValue>
</bind>
</comp>

<comp id="52" class="1001" name="const_52">
<pin_list>
<pin id="53" dir="1" index="0" bw="1" slack="2147483647"/>
</pin_list>
<bind>
<StgValue><ssdm name=""/></StgValue>
</bind>
</comp>

<comp id="54" class="1001" name="const_54">
<pin_list>
<pin id="55" dir="1" index="0" bw="1" slack="2147483647"/>
</pin_list>
<bind>
<StgValue><ssdm name="_ssdm_op_SpecLoopName"/></StgValue>
</bind>
</comp>

<comp id="56" class="1001" name="const_56">
<pin_list>
<pin id="57" dir="1" index="0" bw="1" slack="2147483647"/>
</pin_list>
<bind>
<StgValue><ssdm name="empty_81"/></StgValue>
</bind>
</comp>

<comp id="58" class="1004" name="i_fu_58">
<pin_list>
<pin id="59" dir="0" index="0" bw="1" slack="0"/>
<pin id="60" dir="1" index="1" bw="5" slack="0"/>
</pin_list>
<bind>
<opcode="alloca(26) " fcode="alloca"/>
<opset="i/1 "/>
</bind>
</comp>

<comp id="62" class="1004" name="zext_ln1706_1_read_read_fu_62">
<pin_list>
<pin id="63" dir="0" index="0" bw="16" slack="0"/>
<pin id="64" dir="0" index="1" bw="16" slack="0"/>
<pin id="65" dir="1" index="2" bw="16" slack="0"/>
</pin_list>
<bind>
<opcode="read(1150) " fcode="read"/>
<opset="zext_ln1706_1_read/1 "/>
</bind>
</comp>

<comp id="68" class="1004" name="sub186_read_read_fu_68">
<pin_list>
<pin id="69" dir="0" index="0" bw="16" slack="0"/>
<pin id="70" dir="0" index="1" bw="16" slack="0"/>
<pin id="71" dir="1" index="2" bw="16" slack="0"/>
</pin_list>
<bind>
<opcode="read(1150) " fcode="read"/>
<opset="sub186_read/1 "/>
</bind>
</comp>

<comp id="74" class="1004" name="tmp_read_fu_74">
<pin_list>
<pin id="75" dir="0" index="0" bw="16" slack="0"/>
<pin id="76" dir="0" index="1" bw="16" slack="0"/>
<pin id="77" dir="1" index="2" bw="16" slack="0"/>
</pin_list>
<bind>
<opcode="read(1150) " fcode="read"/>
<opset="tmp/1 "/>
</bind>
</comp>

<comp id="80" class="1004" name="sub175_read_read_fu_80">
<pin_list>
<pin id="81" dir="0" index="0" bw="16" slack="0"/>
<pin id="82" dir="0" index="1" bw="16" slack="0"/>
<pin id="83" dir="1" index="2" bw="16" slack="0"/>
</pin_list>
<bind>
<opcode="read(1150) " fcode="read"/>
<opset="sub175_read/1 "/>
</bind>
</comp>

<comp id="86" class="1004" name="end_colSelectionCount_read_read_fu_86">
<pin_list>
<pin id="87" dir="0" index="0" bw="5" slack="0"/>
<pin id="88" dir="0" index="1" bw="5" slack="0"/>
<pin id="89" dir="1" index="2" bw="5" slack="0"/>
</pin_list>
<bind>
<opcode="read(1150) " fcode="read"/>
<opset="end_colSelectionCount_read/1 "/>
</bind>
</comp>

<comp id="92" class="1004" name="usableAtoms_data_addr_gep_fu_92">
<pin_list>
<pin id="93" dir="0" index="0" bw="32" slack="0"/>
<pin id="94" dir="0" index="1" bw="1" slack="0"/>
<pin id="95" dir="0" index="2" bw="16" slack="0"/>
<pin id="96" dir="1" index="3" bw="16" slack="0"/>
</pin_list>
<bind>
<opcode="getelementptr(29) " fcode="getelementptr"/>
<opset="usableAtoms_data_addr/1 "/>
</bind>
</comp>

<comp id="99" class="1004" name="grp_access_fu_99">
<pin_list>
<pin id="100" dir="0" index="0" bw="16" slack="0"/>
<pin id="101" dir="0" index="1" bw="32" slack="2147483647"/>
<pin id="102" dir="0" index="2" bw="0" slack="2147483647"/>
<pin id="103" dir="1" index="3" bw="32" slack="0"/>
</pin_list>
<bind>
<opcode="load(27) " fcode="load"/>
<opset="usableAtoms_data_load/1 "/>
</bind>
</comp>

<comp id="105" class="1004" name="targetSites_data_addr_gep_fu_105">
<pin_list>
<pin id="106" dir="0" index="0" bw="8" slack="0"/>
<pin id="107" dir="0" index="1" bw="1" slack="0"/>
<pin id="108" dir="0" index="2" bw="16" slack="0"/>
<pin id="109" dir="1" index="3" bw="16" slack="0"/>
</pin_list>
<bind>
<opcode="getelementptr(29) " fcode="getelementptr"/>
<opset="targetSites_data_addr/1 "/>
</bind>
</comp>

<comp id="112" class="1004" name="grp_access_fu_112">
<pin_list>
<pin id="113" dir="0" index="0" bw="16" slack="0"/>
<pin id="114" dir="0" index="1" bw="8" slack="2147483647"/>
<pin id="115" dir="0" index="2" bw="0" slack="2147483647"/>
<pin id="116" dir="1" index="3" bw="8" slack="0"/>
</pin_list>
<bind>
<opcode="load(27) " fcode="load"/>
<opset="targetSites_data_load/1 "/>
</bind>
</comp>

<comp id="118" class="1004" name="start_colSelection_addr_gep_fu_118">
<pin_list>
<pin id="119" dir="0" index="0" bw="16" slack="0"/>
<pin id="120" dir="0" index="1" bw="1" slack="0"/>
<pin id="121" dir="0" index="2" bw="5" slack="0"/>
<pin id="122" dir="1" index="3" bw="4" slack="0"/>
</pin_list>
<bind>
<opcode="getelementptr(29) " fcode="getelementptr"/>
<opset="start_colSelection_addr/2 "/>
</bind>
</comp>

<comp id="125" class="1004" name="store_ln1703_access_fu_125">
<pin_list>
<pin id="126" dir="0" index="0" bw="4" slack="0"/>
<pin id="127" dir="0" index="1" bw="16" slack="0"/>
<pin id="128" dir="0" index="2" bw="0" slack="2147483647"/>
<pin id="129" dir="1" index="3" bw="16" slack="2147483647"/>
</pin_list>
<bind>
<opcode="store(28) " fcode="store"/>
<opset="store_ln1703/2 "/>
</bind>
</comp>

<comp id="131" class="1004" name="end_colSelection_addr_gep_fu_131">
<pin_list>
<pin id="132" dir="0" index="0" bw="8" slack="0"/>
<pin id="133" dir="0" index="1" bw="1" slack="0"/>
<pin id="134" dir="0" index="2" bw="5" slack="0"/>
<pin id="135" dir="1" index="3" bw="4" slack="0"/>
</pin_list>
<bind>
<opcode="getelementptr(29) " fcode="getelementptr"/>
<opset="end_colSelection_addr/2 "/>
</bind>
</comp>

<comp id="138" class="1004" name="store_ln1705_access_fu_138">
<pin_list>
<pin id="139" dir="0" index="0" bw="4" slack="0"/>
<pin id="140" dir="0" index="1" bw="8" slack="0"/>
<pin id="141" dir="0" index="2" bw="0" slack="2147483647"/>
<pin id="142" dir="1" index="3" bw="8" slack="2147483647"/>
</pin_list>
<bind>
<opcode="store(28) " fcode="store"/>
<opset="store_ln1705/2 "/>
</bind>
</comp>

<comp id="145" class="1004" name="store_ln1695_store_fu_145">
<pin_list>
<pin id="146" dir="0" index="0" bw="1" slack="0"/>
<pin id="147" dir="0" index="1" bw="5" slack="0"/>
<pin id="148" dir="1" index="2" bw="0" slack="2147483647"/>
</pin_list>
<bind>
<opcode="store(28) " fcode="store"/>
<opset="store_ln1695/1 "/>
</bind>
</comp>

<comp id="150" class="1004" name="i_94_load_fu_150">
<pin_list>
<pin id="151" dir="0" index="0" bw="5" slack="0"/>
<pin id="152" dir="1" index="1" bw="5" slack="0"/>
</pin_list>
<bind>
<opcode="load(27) " fcode="load"/>
<opset="i_94/1 "/>
</bind>
</comp>

<comp id="153" class="1004" name="icmp_ln1695_fu_153">
<pin_list>
<pin id="154" dir="0" index="0" bw="5" slack="0"/>
<pin id="155" dir="0" index="1" bw="5" slack="0"/>
<pin id="156" dir="1" index="2" bw="1" slack="2147483647"/>
</pin_list>
<bind>
<opcode="icmp(45) " fcode="icmp"/>
<opset="icmp_ln1695/1 "/>
</bind>
</comp>

<comp id="159" class="1004" name="start_colSelectionCount_fu_159">
<pin_list>
<pin id="160" dir="0" index="0" bw="5" slack="0"/>
<pin id="161" dir="0" index="1" bw="1" slack="0"/>
<pin id="162" dir="1" index="2" bw="5" slack="0"/>
</pin_list>
<bind>
<opcode="add(8) " fcode="add"/>
<opset="start_colSelectionCount/1 "/>
</bind>
</comp>

<comp id="165" class="1004" name="zext_ln1695_fu_165">
<pin_list>
<pin id="166" dir="0" index="0" bw="5" slack="0"/>
<pin id="167" dir="1" index="1" bw="16" slack="0"/>
</pin_list>
<bind>
<opcode="zext(34) " fcode="zext"/>
<opset="zext_ln1695/1 "/>
</bind>
</comp>

<comp id="169" class="1004" name="sub_ln1704_fu_169">
<pin_list>
<pin id="170" dir="0" index="0" bw="16" slack="0"/>
<pin id="171" dir="0" index="1" bw="5" slack="0"/>
<pin id="172" dir="1" index="2" bw="16" slack="0"/>
</pin_list>
<bind>
<opcode="sub(10) " fcode="sub"/>
<opset="sub_ln1704/1 "/>
</bind>
</comp>

<comp id="175" class="1004" name="add_ln1704_fu_175">
<pin_list>
<pin id="176" dir="0" index="0" bw="16" slack="0"/>
<pin id="177" dir="0" index="1" bw="16" slack="0"/>
<pin id="178" dir="1" index="2" bw="16" slack="0"/>
</pin_list>
<bind>
<opcode="add(8) " fcode="add"/>
<opset="add_ln1704/1 "/>
</bind>
</comp>

<comp id="181" class="1004" name="zext_ln1704_fu_181">
<pin_list>
<pin id="182" dir="0" index="0" bw="16" slack="0"/>
<pin id="183" dir="1" index="1" bw="64" slack="0"/>
</pin_list>
<bind>
<opcode="zext(34) " fcode="zext"/>
<opset="zext_ln1704/1 "/>
</bind>
</comp>

<comp id="186" class="1004" name="sub_ln1706_fu_186">
<pin_list>
<pin id="187" dir="0" index="0" bw="16" slack="0"/>
<pin id="188" dir="0" index="1" bw="5" slack="0"/>
<pin id="189" dir="1" index="2" bw="16" slack="0"/>
</pin_list>
<bind>
<opcode="sub(10) " fcode="sub"/>
<opset="sub_ln1706/1 "/>
</bind>
</comp>

<comp id="192" class="1004" name="add_ln1706_fu_192">
<pin_list>
<pin id="193" dir="0" index="0" bw="16" slack="0"/>
<pin id="194" dir="0" index="1" bw="16" slack="0"/>
<pin id="195" dir="1" index="2" bw="16" slack="0"/>
</pin_list>
<bind>
<opcode="add(8) " fcode="add"/>
<opset="add_ln1706/1 "/>
</bind>
</comp>

<comp id="198" class="1004" name="zext_ln1706_fu_198">
<pin_list>
<pin id="199" dir="0" index="0" bw="16" slack="0"/>
<pin id="200" dir="1" index="1" bw="64" slack="0"/>
</pin_list>
<bind>
<opcode="zext(34) " fcode="zext"/>
<opset="zext_ln1706/1 "/>
</bind>
</comp>

<comp id="203" class="1004" name="store_ln1695_store_fu_203">
<pin_list>
<pin id="204" dir="0" index="0" bw="5" slack="0"/>
<pin id="205" dir="0" index="1" bw="5" slack="0"/>
<pin id="206" dir="1" index="2" bw="0" slack="2147483647"/>
</pin_list>
<bind>
<opcode="store(28) " fcode="store"/>
<opset="store_ln1695/1 "/>
</bind>
</comp>

<comp id="208" class="1004" name="trunc_ln1704_fu_208">
<pin_list>
<pin id="209" dir="0" index="0" bw="32" slack="0"/>
<pin id="210" dir="1" index="1" bw="16" slack="0"/>
</pin_list>
<bind>
<opcode="trunc(33) " fcode="trunc"/>
<opset="trunc_ln1704/2 "/>
</bind>
</comp>

<comp id="213" class="1004" name="zext_ln1703_fu_213">
<pin_list>
<pin id="214" dir="0" index="0" bw="5" slack="1"/>
<pin id="215" dir="1" index="1" bw="64" slack="0"/>
</pin_list>
<bind>
<opcode="zext(34) " fcode="zext"/>
<opset="zext_ln1703/2 "/>
</bind>
</comp>

<comp id="218" class="1005" name="i_reg_218">
<pin_list>
<pin id="219" dir="0" index="0" bw="5" slack="0"/>
<pin id="220" dir="1" index="1" bw="5" slack="0"/>
</pin_list>
<bind>
<opset="i "/>
</bind>
</comp>

<comp id="225" class="1005" name="i_94_reg_225">
<pin_list>
<pin id="226" dir="0" index="0" bw="5" slack="1"/>
<pin id="227" dir="1" index="1" bw="5" slack="1"/>
</pin_list>
<bind>
<opset="i_94 "/>
</bind>
</comp>

<comp id="233" class="1005" name="usableAtoms_data_addr_reg_233">
<pin_list>
<pin id="234" dir="0" index="0" bw="16" slack="1"/>
<pin id="235" dir="1" index="1" bw="16" slack="1"/>
</pin_list>
<bind>
<opset="usableAtoms_data_addr "/>
</bind>
</comp>

<comp id="238" class="1005" name="targetSites_data_addr_reg_238">
<pin_list>
<pin id="239" dir="0" index="0" bw="16" slack="1"/>
<pin id="240" dir="1" index="1" bw="16" slack="1"/>
</pin_list>
<bind>
<opset="targetSites_data_addr "/>
</bind>
</comp>

</comp_list>

<net_list>
<net id="61"><net_src comp="18" pin="0"/><net_sink comp="58" pin=0"/></net>

<net id="66"><net_src comp="28" pin="0"/><net_sink comp="62" pin=0"/></net>

<net id="67"><net_src comp="12" pin="0"/><net_sink comp="62" pin=1"/></net>

<net id="72"><net_src comp="28" pin="0"/><net_sink comp="68" pin=0"/></net>

<net id="73"><net_src comp="10" pin="0"/><net_sink comp="68" pin=1"/></net>

<net id="78"><net_src comp="28" pin="0"/><net_sink comp="74" pin=0"/></net>

<net id="79"><net_src comp="4" pin="0"/><net_sink comp="74" pin=1"/></net>

<net id="84"><net_src comp="28" pin="0"/><net_sink comp="80" pin=0"/></net>

<net id="85"><net_src comp="2" pin="0"/><net_sink comp="80" pin=1"/></net>

<net id="90"><net_src comp="30" pin="0"/><net_sink comp="86" pin=0"/></net>

<net id="91"><net_src comp="0" pin="0"/><net_sink comp="86" pin=1"/></net>

<net id="97"><net_src comp="6" pin="0"/><net_sink comp="92" pin=0"/></net>

<net id="98"><net_src comp="36" pin="0"/><net_sink comp="92" pin=1"/></net>

<net id="104"><net_src comp="92" pin="3"/><net_sink comp="99" pin=0"/></net>

<net id="110"><net_src comp="14" pin="0"/><net_sink comp="105" pin=0"/></net>

<net id="111"><net_src comp="36" pin="0"/><net_sink comp="105" pin=1"/></net>

<net id="117"><net_src comp="105" pin="3"/><net_sink comp="112" pin=0"/></net>

<net id="123"><net_src comp="8" pin="0"/><net_sink comp="118" pin=0"/></net>

<net id="124"><net_src comp="36" pin="0"/><net_sink comp="118" pin=1"/></net>

<net id="130"><net_src comp="118" pin="3"/><net_sink comp="125" pin=0"/></net>

<net id="136"><net_src comp="16" pin="0"/><net_sink comp="131" pin=0"/></net>

<net id="137"><net_src comp="36" pin="0"/><net_sink comp="131" pin=1"/></net>

<net id="143"><net_src comp="112" pin="3"/><net_sink comp="138" pin=1"/></net>

<net id="144"><net_src comp="131" pin="3"/><net_sink comp="138" pin=0"/></net>

<net id="149"><net_src comp="32" pin="0"/><net_sink comp="145" pin=0"/></net>

<net id="157"><net_src comp="150" pin="1"/><net_sink comp="153" pin=0"/></net>

<net id="158"><net_src comp="86" pin="2"/><net_sink comp="153" pin=1"/></net>

<net id="163"><net_src comp="150" pin="1"/><net_sink comp="159" pin=0"/></net>

<net id="164"><net_src comp="34" pin="0"/><net_sink comp="159" pin=1"/></net>

<net id="168"><net_src comp="150" pin="1"/><net_sink comp="165" pin=0"/></net>

<net id="173"><net_src comp="80" pin="2"/><net_sink comp="169" pin=0"/></net>

<net id="174"><net_src comp="165" pin="1"/><net_sink comp="169" pin=1"/></net>

<net id="179"><net_src comp="74" pin="2"/><net_sink comp="175" pin=0"/></net>

<net id="180"><net_src comp="169" pin="2"/><net_sink comp="175" pin=1"/></net>

<net id="184"><net_src comp="175" pin="2"/><net_sink comp="181" pin=0"/></net>

<net id="185"><net_src comp="181" pin="1"/><net_sink comp="92" pin=2"/></net>

<net id="190"><net_src comp="68" pin="2"/><net_sink comp="186" pin=0"/></net>

<net id="191"><net_src comp="165" pin="1"/><net_sink comp="186" pin=1"/></net>

<net id="196"><net_src comp="62" pin="2"/><net_sink comp="192" pin=0"/></net>

<net id="197"><net_src comp="186" pin="2"/><net_sink comp="192" pin=1"/></net>

<net id="201"><net_src comp="192" pin="2"/><net_sink comp="198" pin=0"/></net>

<net id="202"><net_src comp="198" pin="1"/><net_sink comp="105" pin=2"/></net>

<net id="207"><net_src comp="159" pin="2"/><net_sink comp="203" pin=0"/></net>

<net id="211"><net_src comp="99" pin="3"/><net_sink comp="208" pin=0"/></net>

<net id="212"><net_src comp="208" pin="1"/><net_sink comp="125" pin=1"/></net>

<net id="216"><net_src comp="213" pin="1"/><net_sink comp="118" pin=2"/></net>

<net id="217"><net_src comp="213" pin="1"/><net_sink comp="131" pin=2"/></net>

<net id="221"><net_src comp="58" pin="1"/><net_sink comp="218" pin=0"/></net>

<net id="222"><net_src comp="218" pin="1"/><net_sink comp="145" pin=1"/></net>

<net id="223"><net_src comp="218" pin="1"/><net_sink comp="150" pin=0"/></net>

<net id="224"><net_src comp="218" pin="1"/><net_sink comp="203" pin=1"/></net>

<net id="228"><net_src comp="150" pin="1"/><net_sink comp="225" pin=0"/></net>

<net id="229"><net_src comp="225" pin="1"/><net_sink comp="213" pin=0"/></net>

<net id="236"><net_src comp="92" pin="3"/><net_sink comp="233" pin=0"/></net>

<net id="237"><net_src comp="233" pin="1"/><net_sink comp="99" pin=0"/></net>

<net id="241"><net_src comp="105" pin="3"/><net_sink comp="238" pin=0"/></net>

<net id="242"><net_src comp="238" pin="1"/><net_sink comp="112" pin=0"/></net>

</net_list>

</model> 
---------------- Datapath Model END ------------------

* FSMD analyzer results:
  - Output states:
	Port: start_colSelection | {2 }
	Port: end_colSelection | {2 }
 - Input state : 
	Port: resolveSortingDeficiencies<HLSMoveStream>_Pipeline_VITIS_LOOP_1695_7 : end_colSelectionCount | {1 }
	Port: resolveSortingDeficiencies<HLSMoveStream>_Pipeline_VITIS_LOOP_1695_7 : sub175 | {1 }
	Port: resolveSortingDeficiencies<HLSMoveStream>_Pipeline_VITIS_LOOP_1695_7 : empty | {1 }
	Port: resolveSortingDeficiencies<HLSMoveStream>_Pipeline_VITIS_LOOP_1695_7 : usableAtoms_data | {1 2 }
	Port: resolveSortingDeficiencies<HLSMoveStream>_Pipeline_VITIS_LOOP_1695_7 : sub186 | {1 }
	Port: resolveSortingDeficiencies<HLSMoveStream>_Pipeline_VITIS_LOOP_1695_7 : zext_ln1706_1 | {1 }
	Port: resolveSortingDeficiencies<HLSMoveStream>_Pipeline_VITIS_LOOP_1695_7 : targetSites_data | {1 2 }
  - Chain level:
	State 1
		store_ln1695 : 1
		i_94 : 1
		icmp_ln1695 : 2
		start_colSelectionCount : 2
		br_ln1695 : 3
		zext_ln1695 : 2
		sub_ln1704 : 3
		add_ln1704 : 4
		zext_ln1704 : 5
		usableAtoms_data_addr : 6
		usableAtoms_data_load : 7
		sub_ln1706 : 3
		add_ln1706 : 4
		zext_ln1706 : 5
		targetSites_data_addr : 6
		targetSites_data_load : 7
		store_ln1695 : 3
	State 2
		trunc_ln1704 : 1
		start_colSelection_addr : 1
		store_ln1703 : 2
		end_colSelection_addr : 1
		store_ln1705 : 2


============================================================
+ Verbose Summary: Datapath Resource usage 
============================================================

* Functional unit list:
|----------|---------------------------------------|---------|---------|
| Operation|            Functional Unit            |    FF   |   LUT   |
|----------|---------------------------------------|---------|---------|
|          |     start_colSelectionCount_fu_159    |    0    |    12   |
|    add   |           add_ln1704_fu_175           |    0    |    16   |
|          |           add_ln1706_fu_192           |    0    |    16   |
|----------|---------------------------------------|---------|---------|
|    sub   |           sub_ln1704_fu_169           |    0    |    16   |
|          |           sub_ln1706_fu_186           |    0    |    16   |
|----------|---------------------------------------|---------|---------|
|   icmp   |           icmp_ln1695_fu_153          |    0    |    12   |
|----------|---------------------------------------|---------|---------|
|          |     zext_ln1706_1_read_read_fu_62     |    0    |    0    |
|          |         sub186_read_read_fu_68        |    0    |    0    |
|   read   |             tmp_read_fu_74            |    0    |    0    |
|          |         sub175_read_read_fu_80        |    0    |    0    |
|          | end_colSelectionCount_read_read_fu_86 |    0    |    0    |
|----------|---------------------------------------|---------|---------|
|          |           zext_ln1695_fu_165          |    0    |    0    |
|   zext   |           zext_ln1704_fu_181          |    0    |    0    |
|          |           zext_ln1706_fu_198          |    0    |    0    |
|          |           zext_ln1703_fu_213          |    0    |    0    |
|----------|---------------------------------------|---------|---------|
|   trunc  |          trunc_ln1704_fu_208          |    0    |    0    |
|----------|---------------------------------------|---------|---------|
|   Total  |                                       |    0    |    88   |
|----------|---------------------------------------|---------|---------|

Memories:
N/A

* Register list:
+-----------------------------+--------+
|                             |   FF   |
+-----------------------------+--------+
|         i_94_reg_225        |    5   |
|          i_reg_218          |    5   |
|targetSites_data_addr_reg_238|   16   |
|usableAtoms_data_addr_reg_233|   16   |
+-----------------------------+--------+
|            Total            |   42   |
+-----------------------------+--------+

* Multiplexer (MUX) list: 
|-------------------|------|------|------|--------||---------||---------||---------|
|        Comp       |  Pin | Size |  BW  | S x BW ||  Delay  ||    FF   ||   LUT   |
|-------------------|------|------|------|--------||---------||---------||---------|
|  grp_access_fu_99 |  p0  |   2  |  16  |   32   ||    0    ||    9    |
| grp_access_fu_112 |  p0  |   2  |  16  |   32   ||    0    ||    9    |
|-------------------|------|------|------|--------||---------||---------||---------|
|       Total       |      |      |      |   64   ||  0.854  ||    0    ||    18   |
|-------------------|------|------|------|--------||---------||---------||---------|



* Summary:
+-----------+--------+--------+--------+
|           |  Delay |   FF   |   LUT  |
+-----------+--------+--------+--------+
|  Function |    -   |    0   |   88   |
|   Memory  |    -   |    -   |    -   |
|Multiplexer|    0   |    0   |   18   |
|  Register |    -   |   42   |    -   |
+-----------+--------+--------+--------+
|   Total   |    0   |   42   |   106  |
+-----------+--------+--------+--------+
