

================================================================
== Vitis HLS Report for 'resolveSortingDeficiencies_HLSMoveStream_Pipeline_VITIS_LOOP_1716_8'
================================================================
* Date:           Sat Mar 28 14:02:38 2026

* Version:        2024.2 (Build 5238294 on Nov  8 2024)
* Project:        atomflow_controller_2024_2
* Solution:       hls (Vivado IP Flow Target)
* Product family: zynquplusRFSOC
* Target device:  xczu49dr-ffvf1760-2-e


================================================================
== Performance Estimates
================================================================
+ Timing: 
    * Summary: 
    +--------+----------+----------+------------+
    |  Clock |  Target  | Estimated| Uncertainty|
    +--------+----------+----------+------------+
    |ap_clk  |  10.00 ns|  1.354 ns|     2.70 ns|
    +--------+----------+----------+------------+

+ Latency: 
    * Summary: 
    +---------+---------+-----------+----------+-----+-----+---------+
    |  Latency (cycles) |  Latency (absolute)  |  Interval | Pipeline|
    |   min   |   max   |    min    |    max   | min | max |   Type  |
    +---------+---------+-----------+----------+-----+-----+---------+
    |        4|       12|  40.000 ns|  0.120 us|    4|   12|       no|
    +---------+---------+-----------+----------+-----+-----+---------+

    + Detail: 
        * Instance: 
        N/A

        * Loop: 
        +---------------------+---------+---------+----------+-----------+-----------+-------+----------+
        |                     |  Latency (cycles) | Iteration|  Initiation Interval  |  Trip |          |
        |      Loop Name      |   min   |   max   |  Latency |  achieved |   target  | Count | Pipelined|
        +---------------------+---------+---------+----------+-----------+-----------+-------+----------+
        |- VITIS_LOOP_1716_8  |        2|        9|         2|          1|          1|  1 ~ 8|       yes|
        +---------------------+---------+---------+----------+-----------+-----------+-------+----------+

============================================================
+ Verbose Summary: Synthesis Manager
============================================================
InlineROM: 1
ExposeGlobal: 0
============================================================
+ Verbose Summary: CDFG Model
============================================================
IsTopModel: 0
ResetActiveHigh: 1
IsCombinational: 0
IsDatapathOnly: 0
HasWiredReturn: 1
HasMFsm: 2
HasVarLatency: 1
IsPipeline: 0
IsRtlPipelined: 0
IsInstanceOverlapped: 0
IsDontTouch: 0
HasImplIP: 0
IsGatedGlobalClock: 0

+ Individual pipeline summary: 
  * Pipeline-0: initiation interval (II) = 1, depth = 2


============================================================
+ Verbose Summary: Schedule
============================================================
* Number of FSM states : 5
* Pipeline : 1
  Pipeline-0 : II = 1, D = 2, States = { 2 3 }
* Dataflow Pipeline: 0

* FSM state transitions: 
1 --> 2 
2 --> 3 
3 --> 4 5 2 
4 --> 
5 --> 4 

* FSM state operations: 

State 1 <SV = 0> <Delay = 0.42>
ST_1 : Operation 6 [1/1] (0.00ns)   --->   "%i221_0194_0_phi = alloca i32 1"   --->   Operation 6 'alloca' 'i221_0194_0_phi' <Predicate = true> <Delay = 0.00>
ST_1 : Operation 7 [1/1] (0.00ns)   --->   "%i = alloca i32 1" [/home/xiaorang/Documents/ATOMFLOW/sorting-organized-main/src/sortLatticeByRow.cpp:1716]   --->   Operation 7 'alloca' 'i' <Predicate = true> <Delay = 0.00>
ST_1 : Operation 8 [1/1] (0.00ns)   --->   "%end_colSelectionCount_read = read i5 @_ssdm_op_Read.ap_auto.i5, i5 %end_colSelectionCount"   --->   Operation 8 'read' 'end_colSelectionCount_read' <Predicate = true> <Delay = 0.00>
ST_1 : Operation 9 [1/1] (0.42ns)   --->   "%store_ln1716 = store i5 0, i5 %i" [/home/xiaorang/Documents/ATOMFLOW/sorting-organized-main/src/sortLatticeByRow.cpp:1716]   --->   Operation 9 'store' 'store_ln1716' <Predicate = true> <Delay = 0.42>
ST_1 : Operation 10 [1/1] (0.00ns)   --->   "%br_ln0 = br void %for.inc235.0"   --->   Operation 10 'br' 'br_ln0' <Predicate = true> <Delay = 0.00>

State 2 <SV = 1> <Delay = 1.21>
ST_2 : Operation 11 [1/1] (0.00ns)   --->   "%elbow1_colSelectionCount = load i5 %i" [/home/xiaorang/Documents/ATOMFLOW/sorting-organized-main/src/sortLatticeByRow.cpp:1721]   --->   Operation 11 'load' 'elbow1_colSelectionCount' <Predicate = true> <Delay = 0.00>
ST_2 : Operation 12 [1/1] (0.78ns)   --->   "%icmp_ln1716 = icmp_ult  i5 %elbow1_colSelectionCount, i5 %end_colSelectionCount_read" [/home/xiaorang/Documents/ATOMFLOW/sorting-organized-main/src/sortLatticeByRow.cpp:1716]   --->   Operation 12 'icmp' 'icmp_ln1716' <Predicate = true> <Delay = 0.78> <CoreInst = "Cmp">   --->   Core 9 'Cmp' <Latency = 0> <II = 1> <Delay = 0.78> <FuncUnit> <Opcode : 'seteq' 'setne' 'setle' 'setge' 'setlt' 'setgt'> <InPorts = 2> <OutPorts = 1>
ST_2 : Operation 13 [1/1] (0.00ns)   --->   "%br_ln1716 = br i1 %icmp_ln1716, void %VITIS_LOOP_1723_9.loopexit.split.loop.exit.exitStub, void %for.inc235.0.split" [/home/xiaorang/Documents/ATOMFLOW/sorting-organized-main/src/sortLatticeByRow.cpp:1716]   --->   Operation 13 'br' 'br_ln1716' <Predicate = true> <Delay = 0.00>
ST_2 : Operation 14 [1/1] (0.00ns)   --->   "%zext_ln1716 = zext i5 %elbow1_colSelectionCount" [/home/xiaorang/Documents/ATOMFLOW/sorting-organized-main/src/sortLatticeByRow.cpp:1716]   --->   Operation 14 'zext' 'zext_ln1716' <Predicate = (icmp_ln1716)> <Delay = 0.00>
ST_2 : Operation 15 [1/1] (0.00ns)   --->   "%start_colSelection_addr = getelementptr i16 %start_colSelection, i64 0, i64 %zext_ln1716" [/home/xiaorang/Documents/ATOMFLOW/sorting-organized-main/src/sortLatticeByRow.cpp:1721]   --->   Operation 15 'getelementptr' 'start_colSelection_addr' <Predicate = (icmp_ln1716)> <Delay = 0.00>
ST_2 : Operation 16 [2/2] (0.67ns)   --->   "%start_colSelection_load = load i4 %start_colSelection_addr" [/home/xiaorang/Documents/ATOMFLOW/sorting-organized-main/src/sortLatticeByRow.cpp:1721]   --->   Operation 16 'load' 'start_colSelection_load' <Predicate = (icmp_ln1716)> <Delay = 0.67> <CoreInst = "RAM">   --->   Core 82 'RAM' <Latency = 1> <II = 1> <Delay = 0.67> <Storage> <Opcode : 'load' 'store'> <Ports = 2> <Width = 16> <Depth = 16> <RAM>
ST_2 : Operation 17 [1/1] (0.00ns)   --->   "%tmp_s = partselect i3 @_ssdm_op_PartSelect.i3.i5.i32.i32, i5 %elbow1_colSelectionCount, i32 1, i32 3" [/home/xiaorang/Documents/ATOMFLOW/sorting-organized-main/src/sortLatticeByRow.cpp:1721]   --->   Operation 17 'partselect' 'tmp_s' <Predicate = (icmp_ln1716)> <Delay = 0.00>
ST_2 : Operation 18 [1/1] (0.00ns)   --->   "%i_92 = bitconcatenate i4 @_ssdm_op_BitConcatenate.i4.i3.i1, i3 %tmp_s, i1 1" [/home/xiaorang/Documents/ATOMFLOW/sorting-organized-main/src/sortLatticeByRow.cpp:1721]   --->   Operation 18 'bitconcatenate' 'i_92' <Predicate = (icmp_ln1716)> <Delay = 0.00>
ST_2 : Operation 19 [1/1] (0.00ns)   --->   "%zext_ln1721 = zext i4 %i_92" [/home/xiaorang/Documents/ATOMFLOW/sorting-organized-main/src/sortLatticeByRow.cpp:1721]   --->   Operation 19 'zext' 'zext_ln1721' <Predicate = (icmp_ln1716)> <Delay = 0.00>
ST_2 : Operation 20 [1/1] (0.00ns)   --->   "%zext_ln1721_1 = zext i4 %i_92" [/home/xiaorang/Documents/ATOMFLOW/sorting-organized-main/src/sortLatticeByRow.cpp:1721]   --->   Operation 20 'zext' 'zext_ln1721_1' <Predicate = (icmp_ln1716)> <Delay = 0.00>
ST_2 : Operation 21 [1/1] (0.78ns)   --->   "%icmp_ln1716_1 = icmp_ult  i5 %zext_ln1721_1, i5 %end_colSelectionCount_read" [/home/xiaorang/Documents/ATOMFLOW/sorting-organized-main/src/sortLatticeByRow.cpp:1716]   --->   Operation 21 'icmp' 'icmp_ln1716_1' <Predicate = (icmp_ln1716)> <Delay = 0.78> <CoreInst = "Cmp">   --->   Core 9 'Cmp' <Latency = 0> <II = 1> <Delay = 0.78> <FuncUnit> <Opcode : 'seteq' 'setne' 'setle' 'setge' 'setlt' 'setgt'> <InPorts = 2> <OutPorts = 1>
ST_2 : Operation 22 [1/1] (0.00ns)   --->   "%br_ln1716 = br i1 %icmp_ln1716_1, void %VITIS_LOOP_1723_9.loopexit.split.loop.exit236.exitStub, void %for.inc235.1" [/home/xiaorang/Documents/ATOMFLOW/sorting-organized-main/src/sortLatticeByRow.cpp:1716]   --->   Operation 22 'br' 'br_ln1716' <Predicate = (icmp_ln1716)> <Delay = 0.00>
ST_2 : Operation 23 [1/1] (0.00ns)   --->   "%start_colSelection_addr_17 = getelementptr i16 %start_colSelection, i64 0, i64 %zext_ln1721" [/home/xiaorang/Documents/ATOMFLOW/sorting-organized-main/src/sortLatticeByRow.cpp:1721]   --->   Operation 23 'getelementptr' 'start_colSelection_addr_17' <Predicate = (icmp_ln1716 & icmp_ln1716_1)> <Delay = 0.00>
ST_2 : Operation 24 [2/2] (0.67ns)   --->   "%start_colSelection_load_16 = load i4 %start_colSelection_addr_17" [/home/xiaorang/Documents/ATOMFLOW/sorting-organized-main/src/sortLatticeByRow.cpp:1721]   --->   Operation 24 'load' 'start_colSelection_load_16' <Predicate = (icmp_ln1716 & icmp_ln1716_1)> <Delay = 0.67> <CoreInst = "RAM">   --->   Core 82 'RAM' <Latency = 1> <II = 1> <Delay = 0.67> <Storage> <Opcode : 'load' 'store'> <Ports = 2> <Width = 16> <Depth = 16> <RAM>
ST_2 : Operation 25 [1/1] (0.78ns)   --->   "%i_93 = add i5 %elbow1_colSelectionCount, i5 2" [/home/xiaorang/Documents/ATOMFLOW/sorting-organized-main/src/sortLatticeByRow.cpp:1721]   --->   Operation 25 'add' 'i_93' <Predicate = (icmp_ln1716 & icmp_ln1716_1)> <Delay = 0.78> <CoreInst = "Adder">   --->   Core 1 'Adder' <Latency = 0> <II = 1> <Delay = 0.78> <FuncUnit> <Opcode : 'add' 'sub'> <InPorts = 2> <OutPorts = 1>
ST_2 : Operation 26 [1/1] (0.42ns)   --->   "%store_ln1716 = store i5 %i_93, i5 %i" [/home/xiaorang/Documents/ATOMFLOW/sorting-organized-main/src/sortLatticeByRow.cpp:1716]   --->   Operation 26 'store' 'store_ln1716' <Predicate = (icmp_ln1716 & icmp_ln1716_1)> <Delay = 0.42>
ST_2 : Operation 27 [1/1] (0.00ns)   --->   "%store_ln1721 = store i5 %elbow1_colSelectionCount, i5 %i221_0194_0_phi" [/home/xiaorang/Documents/ATOMFLOW/sorting-organized-main/src/sortLatticeByRow.cpp:1721]   --->   Operation 27 'store' 'store_ln1721' <Predicate = (icmp_ln1716 & icmp_ln1716_1)> <Delay = 0.00>

State 3 <SV = 2> <Delay = 1.35>
ST_3 : Operation 28 [1/1] (0.00ns)   --->   "%specpipeline_ln1627 = specpipeline void @_ssdm_op_SpecPipeline, i32 4294967295, i32 0, i32 0, i32 0, void @empty_18" [/home/xiaorang/Documents/ATOMFLOW/sorting-organized-main/src/sortLatticeByRow.cpp:1627]   --->   Operation 28 'specpipeline' 'specpipeline_ln1627' <Predicate = (icmp_ln1716)> <Delay = 0.00>
ST_3 : Operation 29 [1/1] (0.00ns)   --->   "%speclooptripcount_ln1719 = speclooptripcount void @_ssdm_op_SpecLoopTripCount, i64 1, i64 8, i64 4" [/home/xiaorang/Documents/ATOMFLOW/sorting-organized-main/src/sortLatticeByRow.cpp:1719]   --->   Operation 29 'speclooptripcount' 'speclooptripcount_ln1719' <Predicate = (icmp_ln1716)> <Delay = 0.00>
ST_3 : Operation 30 [1/1] (0.00ns)   --->   "%specloopname_ln1716 = specloopname void @_ssdm_op_SpecLoopName, void @empty_83" [/home/xiaorang/Documents/ATOMFLOW/sorting-organized-main/src/sortLatticeByRow.cpp:1716]   --->   Operation 30 'specloopname' 'specloopname_ln1716' <Predicate = (icmp_ln1716)> <Delay = 0.00>
ST_3 : Operation 31 [1/2] ( I:0.67ns O:0.67ns )   --->   "%start_colSelection_load = load i4 %start_colSelection_addr" [/home/xiaorang/Documents/ATOMFLOW/sorting-organized-main/src/sortLatticeByRow.cpp:1721]   --->   Operation 31 'load' 'start_colSelection_load' <Predicate = (icmp_ln1716)> <Delay = 0.67> <CoreInst = "RAM">   --->   Core 82 'RAM' <Latency = 1> <II = 1> <Delay = 0.67> <Storage> <Opcode : 'load' 'store'> <Ports = 2> <Width = 16> <Depth = 16> <RAM>
ST_3 : Operation 32 [1/1] (0.00ns)   --->   "%elbow1_colSelection_addr = getelementptr i16 %elbow1_colSelection, i64 0, i64 %zext_ln1716" [/home/xiaorang/Documents/ATOMFLOW/sorting-organized-main/src/sortLatticeByRow.cpp:1721]   --->   Operation 32 'getelementptr' 'elbow1_colSelection_addr' <Predicate = (icmp_ln1716)> <Delay = 0.00>
ST_3 : Operation 33 [1/1] ( I:0.67ns O:0.67ns )   --->   "%store_ln1721 = store i16 %start_colSelection_load, i4 %elbow1_colSelection_addr" [/home/xiaorang/Documents/ATOMFLOW/sorting-organized-main/src/sortLatticeByRow.cpp:1721]   --->   Operation 33 'store' 'store_ln1721' <Predicate = (icmp_ln1716)> <Delay = 0.67> <CoreInst = "RAM">   --->   Core 82 'RAM' <Latency = 1> <II = 1> <Delay = 0.67> <Storage> <Opcode : 'load' 'store'> <Ports = 2> <Width = 16> <Depth = 16> <RAM>
ST_3 : Operation 34 [1/2] ( I:0.67ns O:0.67ns )   --->   "%start_colSelection_load_16 = load i4 %start_colSelection_addr_17" [/home/xiaorang/Documents/ATOMFLOW/sorting-organized-main/src/sortLatticeByRow.cpp:1721]   --->   Operation 34 'load' 'start_colSelection_load_16' <Predicate = (icmp_ln1716 & icmp_ln1716_1)> <Delay = 0.67> <CoreInst = "RAM">   --->   Core 82 'RAM' <Latency = 1> <II = 1> <Delay = 0.67> <Storage> <Opcode : 'load' 'store'> <Ports = 2> <Width = 16> <Depth = 16> <RAM>
ST_3 : Operation 35 [1/1] (0.00ns)   --->   "%elbow1_colSelection_addr_17 = getelementptr i16 %elbow1_colSelection, i64 0, i64 %zext_ln1721" [/home/xiaorang/Documents/ATOMFLOW/sorting-organized-main/src/sortLatticeByRow.cpp:1721]   --->   Operation 35 'getelementptr' 'elbow1_colSelection_addr_17' <Predicate = (icmp_ln1716 & icmp_ln1716_1)> <Delay = 0.00>
ST_3 : Operation 36 [1/1] ( I:0.67ns O:0.67ns )   --->   "%store_ln1721 = store i16 %start_colSelection_load_16, i4 %elbow1_colSelection_addr_17" [/home/xiaorang/Documents/ATOMFLOW/sorting-organized-main/src/sortLatticeByRow.cpp:1721]   --->   Operation 36 'store' 'store_ln1721' <Predicate = (icmp_ln1716 & icmp_ln1716_1)> <Delay = 0.67> <CoreInst = "RAM">   --->   Core 82 'RAM' <Latency = 1> <II = 1> <Delay = 0.67> <Storage> <Opcode : 'load' 'store'> <Ports = 2> <Width = 16> <Depth = 16> <RAM>
ST_3 : Operation 37 [1/1] (0.00ns)   --->   "%br_ln1716 = br void %for.inc235.0" [/home/xiaorang/Documents/ATOMFLOW/sorting-organized-main/src/sortLatticeByRow.cpp:1716]   --->   Operation 37 'br' 'br_ln1716' <Predicate = (icmp_ln1716 & icmp_ln1716_1)> <Delay = 0.00>

State 4 <SV = 3> <Delay = 0.85>
ST_4 : Operation 38 [1/1] (0.00ns)   --->   "%i221_0194_0_phi_load_1 = load i5 %i221_0194_0_phi"   --->   Operation 38 'load' 'i221_0194_0_phi_load_1' <Predicate = (icmp_ln1716)> <Delay = 0.00>
ST_4 : Operation 39 [1/1] (0.00ns)   --->   "%write_ln0 = write void @_ssdm_op_Write.ap_auto.i5P0A, i5 %i221_0194_0_phi_out, i5 %i221_0194_0_phi_load_1"   --->   Operation 39 'write' 'write_ln0' <Predicate = (icmp_ln1716)> <Delay = 0.00>
ST_4 : Operation 40 [1/1] (0.00ns)   --->   "%write_ln1721 = write void @_ssdm_op_Write.ap_auto.i4P0A, i4 %i_116_out, i4 %i_92" [/home/xiaorang/Documents/ATOMFLOW/sorting-organized-main/src/sortLatticeByRow.cpp:1721]   --->   Operation 40 'write' 'write_ln1721' <Predicate = (icmp_ln1716)> <Delay = 0.00>
ST_4 : Operation 41 [1/1] (0.42ns)   --->   "%br_ln0 = br void %UnifiedReturnBlock"   --->   Operation 41 'br' 'br_ln0' <Predicate = (icmp_ln1716)> <Delay = 0.42>
ST_4 : Operation 42 [1/1] (0.00ns) (grouped into LUT with out node ret_ln0)   --->   "%UnifiedRetVal = phi i1 1, void %VITIS_LOOP_1723_9.loopexit.split.loop.exit.exitStub, i1 0, void %VITIS_LOOP_1723_9.loopexit.split.loop.exit236.exitStub"   --->   Operation 42 'phi' 'UnifiedRetVal' <Predicate = true> <Delay = 0.00>
ST_4 : Operation 43 [1/1] (0.42ns) (out node of the LUT)   --->   "%ret_ln0 = ret i1 %UnifiedRetVal"   --->   Operation 43 'ret' 'ret_ln0' <Predicate = true> <Delay = 0.42>

State 5 <SV = 2> <Delay = 0.42>
ST_5 : Operation 44 [1/1] (0.00ns)   --->   "%i221_0194_0_phi_load = load i5 %i221_0194_0_phi"   --->   Operation 44 'load' 'i221_0194_0_phi_load' <Predicate = true> <Delay = 0.00>
ST_5 : Operation 45 [1/1] (0.00ns)   --->   "%write_ln0 = write void @_ssdm_op_Write.ap_auto.i5P0A, i5 %i221_0194_0_phi_out, i5 %i221_0194_0_phi_load"   --->   Operation 45 'write' 'write_ln0' <Predicate = true> <Delay = 0.00>
ST_5 : Operation 46 [1/1] (0.42ns)   --->   "%br_ln0 = br void %UnifiedReturnBlock"   --->   Operation 46 'br' 'br_ln0' <Predicate = true> <Delay = 0.42>


============================================================
+ Verbose Summary: Timing violations
============================================================
Target clock period: 10.000ns, clock uncertainty: 2.700ns.

 <State 1>: 0.427ns
The critical path consists of the following:
	'alloca' operation 5 bit ('i', /home/xiaorang/Documents/ATOMFLOW/sorting-organized-main/src/sortLatticeByRow.cpp:1716) [7]  (0.000 ns)
	'store' operation 0 bit ('store_ln1716', /home/xiaorang/Documents/ATOMFLOW/sorting-organized-main/src/sortLatticeByRow.cpp:1716) of constant 0 on local variable 'i', /home/xiaorang/Documents/ATOMFLOW/sorting-organized-main/src/sortLatticeByRow.cpp:1716 [9]  (0.427 ns)

 <State 2>: 1.216ns
The critical path consists of the following:
	'load' operation 5 bit ('elbow1.colSelectionCount', /home/xiaorang/Documents/ATOMFLOW/sorting-organized-main/src/sortLatticeByRow.cpp:1721) on local variable 'i', /home/xiaorang/Documents/ATOMFLOW/sorting-organized-main/src/sortLatticeByRow.cpp:1716 [12]  (0.000 ns)
	'add' operation 5 bit ('i', /home/xiaorang/Documents/ATOMFLOW/sorting-organized-main/src/sortLatticeByRow.cpp:1721) [35]  (0.789 ns)
	'store' operation 0 bit ('store_ln1716', /home/xiaorang/Documents/ATOMFLOW/sorting-organized-main/src/sortLatticeByRow.cpp:1716) of variable 'i', /home/xiaorang/Documents/ATOMFLOW/sorting-organized-main/src/sortLatticeByRow.cpp:1721 on local variable 'i', /home/xiaorang/Documents/ATOMFLOW/sorting-organized-main/src/sortLatticeByRow.cpp:1716 [36]  (0.427 ns)

 <State 3>: 1.354ns
The critical path consists of the following:
	'load' operation 16 bit ('start_colSelection_load_16', /home/xiaorang/Documents/ATOMFLOW/sorting-organized-main/src/sortLatticeByRow.cpp:1721) on array 'start_colSelection' [32]  (0.677 ns)
	'store' operation 0 bit ('store_ln1721', /home/xiaorang/Documents/ATOMFLOW/sorting-organized-main/src/sortLatticeByRow.cpp:1721) of variable 'start_colSelection_load_16', /home/xiaorang/Documents/ATOMFLOW/sorting-organized-main/src/sortLatticeByRow.cpp:1721 on array 'elbow1_colSelection' [34]  (0.677 ns)

 <State 4>: 0.854ns
The critical path consists of the following:
	multiplexor before 'phi' operation 1 bit ('UnifiedRetVal') [49]  (0.427 ns)
	'phi' operation 1 bit ('UnifiedRetVal') [49]  (0.000 ns)
	blocking operation 0.427 ns on control path)

 <State 5>: 0.427ns
The critical path consists of the following:
	multiplexor before 'phi' operation 1 bit ('UnifiedRetVal') [49]  (0.427 ns)


============================================================
+ Verbose Summary: Binding
============================================================
N/A
* FSMD analyzer results:
  - Output states:
 - Input state : 
  - Chain level:
	State 1
	State 2
	State 3
	State 4
	State 5


============================================================
+ Verbose Summary: Datapath Resource usage 
============================================================
N/A
