

================================================================
== Vitis HLS Report for 'resolveSortingDeficiencies_HLSMoveStream_Pipeline_VITIS_LOOP_1716_8'
================================================================
* Date:           Sat Mar 28 14:02:49 2026

* Version:        2024.2 (Build 5238294 on Nov  8 2024)
* Project:        atomflow_controller_2024_2
* Solution:       hls (Vivado IP Flow Target)
* Product family: zynquplusRFSOC
* Target device:  xczu49dr-ffvf1760-2-e


================================================================
== Performance Estimates
================================================================
+ Timing: 
    * Summary: 
    +--------+----------+----------+------------+
    |  Clock |  Target  | Estimated| Uncertainty|
    +--------+----------+----------+------------+
    |ap_clk  |  10.00 ns|  1.354 ns|     2.70 ns|
    +--------+----------+----------+------------+

+ Latency: 
    * Summary: 
    +---------+---------+-----------+----------+-----+-----+---------+
    |  Latency (cycles) |  Latency (absolute)  |  Interval | Pipeline|
    |   min   |   max   |    min    |    max   | min | max |   Type  |
    +---------+---------+-----------+----------+-----+-----+---------+
    |        4|       12|  40.000 ns|  0.120 us|    4|   12|       no|
    +---------+---------+-----------+----------+-----+-----+---------+

    + Detail: 
        * Instance: 
        N/A

        * Loop: 
        +---------------------+---------+---------+----------+-----------+-----------+-------+----------+
        |                     |  Latency (cycles) | Iteration|  Initiation Interval  |  Trip |          |
        |      Loop Name      |   min   |   max   |  Latency |  achieved |   target  | Count | Pipelined|
        +---------------------+---------+---------+----------+-----------+-----------+-------+----------+
        |- VITIS_LOOP_1716_8  |        2|        9|         2|          1|          1|  1 ~ 8|       yes|
        +---------------------+---------+---------+----------+-----------+-----------+-------+----------+



================================================================
== Utilization Estimates
================================================================
* Summary: 
+-----------------+---------+------+--------+--------+-----+
|       Name      | BRAM_18K|  DSP |   FF   |   LUT  | URAM|
+-----------------+---------+------+--------+--------+-----+
|DSP              |        -|     -|       -|       -|    -|
|Expression       |        -|     -|       0|      40|    -|
|FIFO             |        -|     -|       -|       -|    -|
|Instance         |        -|     -|       -|       -|    -|
|Memory           |        -|     -|       -|       -|    -|
|Multiplexer      |        -|     -|       0|      62|    -|
|Register         |        -|     -|      32|       -|    -|
+-----------------+---------+------+--------+--------+-----+
|Total            |        0|     0|      32|     102|    0|
+-----------------+---------+------+--------+--------+-----+
|Available        |     2160|  4272|  850560|  425280|   80|
+-----------------+---------+------+--------+--------+-----+
|Utilization (%)  |        0|     0|      ~0|      ~0|    0|
+-----------------+---------+------+--------+--------+-----+

+ Detail: 
    * Instance: 
    N/A

    * DSP: 
    N/A

    * Memory: 
    N/A

    * FIFO: 
    N/A

    * Expression: 
    +------------------------------+----------+----+---+----+------------+------------+
    |         Variable Name        | Operation| DSP| FF| LUT| Bitwidth P0| Bitwidth P1|
    +------------------------------+----------+----+---+----+------------+------------+
    |i_93_fu_200_p2                |         +|   0|  0|  12|           5|           2|
    |ap_predicate_tran3to4_state2  |       and|   0|  0|   2|           1|           1|
    |icmp_ln1716_1_fu_195_p2       |      icmp|   0|  0|  12|           5|           5|
    |icmp_ln1716_fu_158_p2         |      icmp|   0|  0|  12|           5|           5|
    |ap_enable_pp0                 |       xor|   0|  0|   2|           1|           2|
    +------------------------------+----------+----+---+----+------------+------------+
    |Total                         |          |   0|  0|  40|          17|          15|
    +------------------------------+----------+----+---+----+------------+------------+

    * Multiplexer: 
    +----------------------------------------+----+-----------+-----+-----------+
    |                  Name                  | LUT| Input Size| Bits| Total Bits|
    +----------------------------------------+----+-----------+-----+-----------+
    |ap_NS_fsm                               |  26|          5|    1|          5|
    |ap_enable_reg_pp0_iter1                 |   9|          2|    1|          2|
    |ap_phi_mux_UnifiedRetVal_phi_fu_138_p4  |   9|          2|    1|          2|
    |ap_return                               |   9|          2|    1|          2|
    |i_fu_58                                 |   9|          2|    5|         10|
    +----------------------------------------+----+-----------+-----+-----------+
    |Total                                   |  62|         13|    9|         21|
    +----------------------------------------+----+-----------+-----+-----------+

    * Register: 
    +-------------------------+---+----+-----+-----------+
    |           Name          | FF| LUT| Bits| Const Bits|
    +-------------------------+---+----+-----+-----------+
    |UnifiedRetVal_reg_134    |  1|   0|    1|          0|
    |ap_CS_fsm                |  4|   0|    4|          0|
    |ap_enable_reg_pp0_iter0  |  1|   0|    1|          0|
    |ap_enable_reg_pp0_iter1  |  1|   0|    1|          0|
    |ap_exit_tran_regpp0      |  1|   0|    2|          1|
    |ap_return_preg           |  1|   0|    1|          0|
    |i221_0194_0_phi_fu_54    |  5|   0|    5|          0|
    |i_92_reg_249             |  3|   0|    4|          1|
    |i_fu_58                  |  5|   0|    5|          0|
    |icmp_ln1716_1_reg_259    |  1|   0|    1|          0|
    |icmp_ln1716_reg_235      |  1|   0|    1|          0|
    |zext_ln1716_reg_239      |  5|   0|   64|         59|
    |zext_ln1721_reg_254      |  3|   0|   64|         61|
    +-------------------------+---+----+-----+-----------+
    |Total                    | 32|   0|  154|        122|
    +-------------------------+---+----+-----+-----------+



================================================================
== Interface
================================================================
* Summary: 
+------------------------------+-----+-----+------------+----------------------------------------------------------------------+--------------+
|           RTL Ports          | Dir | Bits|  Protocol  |                             Source Object                            |    C Type    |
+------------------------------+-----+-----+------------+----------------------------------------------------------------------+--------------+
|ap_clk                        |   in|    1|  ap_ctrl_hs|  resolveSortingDeficiencies<HLSMoveStream>_Pipeline_VITIS_LOOP_1716_8|  return value|
|ap_rst                        |   in|    1|  ap_ctrl_hs|  resolveSortingDeficiencies<HLSMoveStream>_Pipeline_VITIS_LOOP_1716_8|  return value|
|ap_start                      |   in|    1|  ap_ctrl_hs|  resolveSortingDeficiencies<HLSMoveStream>_Pipeline_VITIS_LOOP_1716_8|  return value|
|ap_done                       |  out|    1|  ap_ctrl_hs|  resolveSortingDeficiencies<HLSMoveStream>_Pipeline_VITIS_LOOP_1716_8|  return value|
|ap_idle                       |  out|    1|  ap_ctrl_hs|  resolveSortingDeficiencies<HLSMoveStream>_Pipeline_VITIS_LOOP_1716_8|  return value|
|ap_ready                      |  out|    1|  ap_ctrl_hs|  resolveSortingDeficiencies<HLSMoveStream>_Pipeline_VITIS_LOOP_1716_8|  return value|
|ap_return                     |  out|    1|  ap_ctrl_hs|  resolveSortingDeficiencies<HLSMoveStream>_Pipeline_VITIS_LOOP_1716_8|  return value|
|end_colSelectionCount         |   in|    5|     ap_none|                                                 end_colSelectionCount|        scalar|
|start_colSelection_address0   |  out|    4|   ap_memory|                                                    start_colSelection|         array|
|start_colSelection_ce0        |  out|    1|   ap_memory|                                                    start_colSelection|         array|
|start_colSelection_q0         |   in|   16|   ap_memory|                                                    start_colSelection|         array|
|start_colSelection_address1   |  out|    4|   ap_memory|                                                    start_colSelection|         array|
|start_colSelection_ce1        |  out|    1|   ap_memory|                                                    start_colSelection|         array|
|start_colSelection_q1         |   in|   16|   ap_memory|                                                    start_colSelection|         array|
|elbow1_colSelection_address0  |  out|    4|   ap_memory|                                                   elbow1_colSelection|         array|
|elbow1_colSelection_ce0       |  out|    1|   ap_memory|                                                   elbow1_colSelection|         array|
|elbow1_colSelection_we0       |  out|    1|   ap_memory|                                                   elbow1_colSelection|         array|
|elbow1_colSelection_d0        |  out|   16|   ap_memory|                                                   elbow1_colSelection|         array|
|elbow1_colSelection_address1  |  out|    4|   ap_memory|                                                   elbow1_colSelection|         array|
|elbow1_colSelection_ce1       |  out|    1|   ap_memory|                                                   elbow1_colSelection|         array|
|elbow1_colSelection_we1       |  out|    1|   ap_memory|                                                   elbow1_colSelection|         array|
|elbow1_colSelection_d1        |  out|   16|   ap_memory|                                                   elbow1_colSelection|         array|
|i221_0194_0_phi_out           |  out|    5|      ap_vld|                                                   i221_0194_0_phi_out|       pointer|
|i221_0194_0_phi_out_ap_vld    |  out|    1|      ap_vld|                                                   i221_0194_0_phi_out|       pointer|
|i_116_out                     |  out|    4|      ap_vld|                                                             i_116_out|       pointer|
|i_116_out_ap_vld              |  out|    1|      ap_vld|                                                             i_116_out|       pointer|
+------------------------------+-----+-----+------------+----------------------------------------------------------------------+--------------+

============================================================
+ Verbose Summary: Synthesis Manager
============================================================
InlineROM: 1
ExposeGlobal: 0
============================================================
+ Verbose Summary: CDFG Model
============================================================
IsTopModel: 0
ResetActiveHigh: 1
IsCombinational: 2
IsDatapathOnly: 2
HasWiredReturn: 1
HasMFsm: 2
HasVarLatency: 1
IsPipeline: 0
IsRtlPipelined: 0
IsInstanceOverlapped: 0
IsDontTouch: 0
HasImplIP: 0
IsGatedGlobalClock: 0

+ Individual pipeline summary: 
  * Pipeline-0: initiation interval (II) = 1, depth = 2


============================================================
+ Verbose Summary: Schedule
============================================================
* Number of FSM states : 5
* Pipeline : 1
  Pipeline-0 : II = 1, D = 2, States = { 2 3 }
* Dataflow Pipeline: 0

* FSM state transitions: 
1 --> 2 
2 --> 3 
3 --> 4 5 2 
4 --> 
5 --> 4 

* FSM state operations: 

State 1 <SV = 0> <Delay = 0.42>
ST_1 : Operation 6 [1/1] (0.00ns)   --->   "%i221_0194_0_phi = alloca i32 1"   --->   Operation 6 'alloca' 'i221_0194_0_phi' <Predicate = true> <Delay = 0.00>
ST_1 : Operation 7 [1/1] (0.00ns)   --->   "%i = alloca i32 1" [/home/xiaorang/Documents/ATOMFLOW/sorting-organized-main/src/sortLatticeByRow.cpp:1716]   --->   Operation 7 'alloca' 'i' <Predicate = true> <Delay = 0.00>
ST_1 : Operation 8 [1/1] (0.00ns)   --->   "%end_colSelectionCount_read = read i5 @_ssdm_op_Read.ap_auto.i5, i5 %end_colSelectionCount"   --->   Operation 8 'read' 'end_colSelectionCount_read' <Predicate = true> <Delay = 0.00>
ST_1 : Operation 9 [1/1] (0.42ns)   --->   "%store_ln1716 = store i5 0, i5 %i" [/home/xiaorang/Documents/ATOMFLOW/sorting-organized-main/src/sortLatticeByRow.cpp:1716]   --->   Operation 9 'store' 'store_ln1716' <Predicate = true> <Delay = 0.42>
ST_1 : Operation 10 [1/1] (0.00ns)   --->   "%br_ln0 = br void %for.inc235.0"   --->   Operation 10 'br' 'br_ln0' <Predicate = true> <Delay = 0.00>

State 2 <SV = 1> <Delay = 1.21>
ST_2 : Operation 11 [1/1] (0.00ns)   --->   "%elbow1_colSelectionCount = load i5 %i" [/home/xiaorang/Documents/ATOMFLOW/sorting-organized-main/src/sortLatticeByRow.cpp:1721]   --->   Operation 11 'load' 'elbow1_colSelectionCount' <Predicate = true> <Delay = 0.00>
ST_2 : Operation 12 [1/1] (0.78ns)   --->   "%icmp_ln1716 = icmp_ult  i5 %elbow1_colSelectionCount, i5 %end_colSelectionCount_read" [/home/xiaorang/Documents/ATOMFLOW/sorting-organized-main/src/sortLatticeByRow.cpp:1716]   --->   Operation 12 'icmp' 'icmp_ln1716' <Predicate = true> <Delay = 0.78> <CoreInst = "Cmp">   --->   Core 9 'Cmp' <Latency = 0> <II = 1> <Delay = 0.78> <FuncUnit> <Opcode : 'seteq' 'setne' 'setle' 'setge' 'setlt' 'setgt'> <InPorts = 2> <OutPorts = 1>
ST_2 : Operation 13 [1/1] (0.00ns)   --->   "%br_ln1716 = br i1 %icmp_ln1716, void %VITIS_LOOP_1723_9.loopexit.split.loop.exit.exitStub, void %for.inc235.0.split" [/home/xiaorang/Documents/ATOMFLOW/sorting-organized-main/src/sortLatticeByRow.cpp:1716]   --->   Operation 13 'br' 'br_ln1716' <Predicate = true> <Delay = 0.00>
ST_2 : Operation 14 [1/1] (0.00ns)   --->   "%zext_ln1716 = zext i5 %elbow1_colSelectionCount" [/home/xiaorang/Documents/ATOMFLOW/sorting-organized-main/src/sortLatticeByRow.cpp:1716]   --->   Operation 14 'zext' 'zext_ln1716' <Predicate = (icmp_ln1716)> <Delay = 0.00>
ST_2 : Operation 15 [1/1] (0.00ns)   --->   "%start_colSelection_addr = getelementptr i16 %start_colSelection, i64 0, i64 %zext_ln1716" [/home/xiaorang/Documents/ATOMFLOW/sorting-organized-main/src/sortLatticeByRow.cpp:1721]   --->   Operation 15 'getelementptr' 'start_colSelection_addr' <Predicate = (icmp_ln1716)> <Delay = 0.00>
ST_2 : Operation 16 [2/2] (0.67ns)   --->   "%start_colSelection_load = load i4 %start_colSelection_addr" [/home/xiaorang/Documents/ATOMFLOW/sorting-organized-main/src/sortLatticeByRow.cpp:1721]   --->   Operation 16 'load' 'start_colSelection_load' <Predicate = (icmp_ln1716)> <Delay = 0.67> <CoreInst = "RAM">   --->   Core 82 'RAM' <Latency = 1> <II = 1> <Delay = 0.67> <Storage> <Opcode : 'load' 'store'> <Ports = 2> <Width = 16> <Depth = 16> <RAM>
ST_2 : Operation 17 [1/1] (0.00ns)   --->   "%tmp_s = partselect i3 @_ssdm_op_PartSelect.i3.i5.i32.i32, i5 %elbow1_colSelectionCount, i32 1, i32 3" [/home/xiaorang/Documents/ATOMFLOW/sorting-organized-main/src/sortLatticeByRow.cpp:1721]   --->   Operation 17 'partselect' 'tmp_s' <Predicate = (icmp_ln1716)> <Delay = 0.00>
ST_2 : Operation 18 [1/1] (0.00ns)   --->   "%i_92 = bitconcatenate i4 @_ssdm_op_BitConcatenate.i4.i3.i1, i3 %tmp_s, i1 1" [/home/xiaorang/Documents/ATOMFLOW/sorting-organized-main/src/sortLatticeByRow.cpp:1721]   --->   Operation 18 'bitconcatenate' 'i_92' <Predicate = (icmp_ln1716)> <Delay = 0.00>
ST_2 : Operation 19 [1/1] (0.00ns)   --->   "%zext_ln1721 = zext i4 %i_92" [/home/xiaorang/Documents/ATOMFLOW/sorting-organized-main/src/sortLatticeByRow.cpp:1721]   --->   Operation 19 'zext' 'zext_ln1721' <Predicate = (icmp_ln1716)> <Delay = 0.00>
ST_2 : Operation 20 [1/1] (0.00ns)   --->   "%zext_ln1721_1 = zext i4 %i_92" [/home/xiaorang/Documents/ATOMFLOW/sorting-organized-main/src/sortLatticeByRow.cpp:1721]   --->   Operation 20 'zext' 'zext_ln1721_1' <Predicate = (icmp_ln1716)> <Delay = 0.00>
ST_2 : Operation 21 [1/1] (0.78ns)   --->   "%icmp_ln1716_1 = icmp_ult  i5 %zext_ln1721_1, i5 %end_colSelectionCount_read" [/home/xiaorang/Documents/ATOMFLOW/sorting-organized-main/src/sortLatticeByRow.cpp:1716]   --->   Operation 21 'icmp' 'icmp_ln1716_1' <Predicate = (icmp_ln1716)> <Delay = 0.78> <CoreInst = "Cmp">   --->   Core 9 'Cmp' <Latency = 0> <II = 1> <Delay = 0.78> <FuncUnit> <Opcode : 'seteq' 'setne' 'setle' 'setge' 'setlt' 'setgt'> <InPorts = 2> <OutPorts = 1>
ST_2 : Operation 22 [1/1] (0.00ns)   --->   "%br_ln1716 = br i1 %icmp_ln1716_1, void %VITIS_LOOP_1723_9.loopexit.split.loop.exit236.exitStub, void %for.inc235.1" [/home/xiaorang/Documents/ATOMFLOW/sorting-organized-main/src/sortLatticeByRow.cpp:1716]   --->   Operation 22 'br' 'br_ln1716' <Predicate = (icmp_ln1716)> <Delay = 0.00>
ST_2 : Operation 23 [1/1] (0.00ns)   --->   "%start_colSelection_addr_17 = getelementptr i16 %start_colSelection, i64 0, i64 %zext_ln1721" [/home/xiaorang/Documents/ATOMFLOW/sorting-organized-main/src/sortLatticeByRow.cpp:1721]   --->   Operation 23 'getelementptr' 'start_colSelection_addr_17' <Predicate = (icmp_ln1716 & icmp_ln1716_1)> <Delay = 0.00>
ST_2 : Operation 24 [2/2] (0.67ns)   --->   "%start_colSelection_load_16 = load i4 %start_colSelection_addr_17" [/home/xiaorang/Documents/ATOMFLOW/sorting-organized-main/src/sortLatticeByRow.cpp:1721]   --->   Operation 24 'load' 'start_colSelection_load_16' <Predicate = (icmp_ln1716 & icmp_ln1716_1)> <Delay = 0.67> <CoreInst = "RAM">   --->   Core 82 'RAM' <Latency = 1> <II = 1> <Delay = 0.67> <Storage> <Opcode : 'load' 'store'> <Ports = 2> <Width = 16> <Depth = 16> <RAM>
ST_2 : Operation 25 [1/1] (0.78ns)   --->   "%i_93 = add i5 %elbow1_colSelectionCount, i5 2" [/home/xiaorang/Documents/ATOMFLOW/sorting-organized-main/src/sortLatticeByRow.cpp:1721]   --->   Operation 25 'add' 'i_93' <Predicate = (icmp_ln1716 & icmp_ln1716_1)> <Delay = 0.78> <CoreInst = "Adder">   --->   Core 1 'Adder' <Latency = 0> <II = 1> <Delay = 0.78> <FuncUnit> <Opcode : 'add' 'sub'> <InPorts = 2> <OutPorts = 1>
ST_2 : Operation 26 [1/1] (0.42ns)   --->   "%store_ln1716 = store i5 %i_93, i5 %i" [/home/xiaorang/Documents/ATOMFLOW/sorting-organized-main/src/sortLatticeByRow.cpp:1716]   --->   Operation 26 'store' 'store_ln1716' <Predicate = (icmp_ln1716 & icmp_ln1716_1)> <Delay = 0.42>
ST_2 : Operation 27 [1/1] (0.00ns)   --->   "%store_ln1721 = store i5 %elbow1_colSelectionCount, i5 %i221_0194_0_phi" [/home/xiaorang/Documents/ATOMFLOW/sorting-organized-main/src/sortLatticeByRow.cpp:1721]   --->   Operation 27 'store' 'store_ln1721' <Predicate = (icmp_ln1716 & icmp_ln1716_1)> <Delay = 0.00>

State 3 <SV = 2> <Delay = 1.35>
ST_3 : Operation 28 [1/1] (0.00ns)   --->   "%specpipeline_ln1627 = specpipeline void @_ssdm_op_SpecPipeline, i32 4294967295, i32 0, i32 0, i32 0, void @empty_18" [/home/xiaorang/Documents/ATOMFLOW/sorting-organized-main/src/sortLatticeByRow.cpp:1627]   --->   Operation 28 'specpipeline' 'specpipeline_ln1627' <Predicate = (icmp_ln1716)> <Delay = 0.00>
ST_3 : Operation 29 [1/1] (0.00ns)   --->   "%speclooptripcount_ln1719 = speclooptripcount void @_ssdm_op_SpecLoopTripCount, i64 1, i64 8, i64 4" [/home/xiaorang/Documents/ATOMFLOW/sorting-organized-main/src/sortLatticeByRow.cpp:1719]   --->   Operation 29 'speclooptripcount' 'speclooptripcount_ln1719' <Predicate = (icmp_ln1716)> <Delay = 0.00>
ST_3 : Operation 30 [1/1] (0.00ns)   --->   "%specloopname_ln1716 = specloopname void @_ssdm_op_SpecLoopName, void @empty_83" [/home/xiaorang/Documents/ATOMFLOW/sorting-organized-main/src/sortLatticeByRow.cpp:1716]   --->   Operation 30 'specloopname' 'specloopname_ln1716' <Predicate = (icmp_ln1716)> <Delay = 0.00>
ST_3 : Operation 31 [1/2] ( I:0.67ns O:0.67ns )   --->   "%start_colSelection_load = load i4 %start_colSelection_addr" [/home/xiaorang/Documents/ATOMFLOW/sorting-organized-main/src/sortLatticeByRow.cpp:1721]   --->   Operation 31 'load' 'start_colSelection_load' <Predicate = (icmp_ln1716)> <Delay = 0.67> <CoreInst = "RAM">   --->   Core 82 'RAM' <Latency = 1> <II = 1> <Delay = 0.67> <Storage> <Opcode : 'load' 'store'> <Ports = 2> <Width = 16> <Depth = 16> <RAM>
ST_3 : Operation 32 [1/1] (0.00ns)   --->   "%elbow1_colSelection_addr = getelementptr i16 %elbow1_colSelection, i64 0, i64 %zext_ln1716" [/home/xiaorang/Documents/ATOMFLOW/sorting-organized-main/src/sortLatticeByRow.cpp:1721]   --->   Operation 32 'getelementptr' 'elbow1_colSelection_addr' <Predicate = (icmp_ln1716)> <Delay = 0.00>
ST_3 : Operation 33 [1/1] ( I:0.67ns O:0.67ns )   --->   "%store_ln1721 = store i16 %start_colSelection_load, i4 %elbow1_colSelection_addr" [/home/xiaorang/Documents/ATOMFLOW/sorting-organized-main/src/sortLatticeByRow.cpp:1721]   --->   Operation 33 'store' 'store_ln1721' <Predicate = (icmp_ln1716)> <Delay = 0.67> <CoreInst = "RAM">   --->   Core 82 'RAM' <Latency = 1> <II = 1> <Delay = 0.67> <Storage> <Opcode : 'load' 'store'> <Ports = 2> <Width = 16> <Depth = 16> <RAM>
ST_3 : Operation 34 [1/2] ( I:0.67ns O:0.67ns )   --->   "%start_colSelection_load_16 = load i4 %start_colSelection_addr_17" [/home/xiaorang/Documents/ATOMFLOW/sorting-organized-main/src/sortLatticeByRow.cpp:1721]   --->   Operation 34 'load' 'start_colSelection_load_16' <Predicate = (icmp_ln1716 & icmp_ln1716_1)> <Delay = 0.67> <CoreInst = "RAM">   --->   Core 82 'RAM' <Latency = 1> <II = 1> <Delay = 0.67> <Storage> <Opcode : 'load' 'store'> <Ports = 2> <Width = 16> <Depth = 16> <RAM>
ST_3 : Operation 35 [1/1] (0.00ns)   --->   "%elbow1_colSelection_addr_17 = getelementptr i16 %elbow1_colSelection, i64 0, i64 %zext_ln1721" [/home/xiaorang/Documents/ATOMFLOW/sorting-organized-main/src/sortLatticeByRow.cpp:1721]   --->   Operation 35 'getelementptr' 'elbow1_colSelection_addr_17' <Predicate = (icmp_ln1716 & icmp_ln1716_1)> <Delay = 0.00>
ST_3 : Operation 36 [1/1] ( I:0.67ns O:0.67ns )   --->   "%store_ln1721 = store i16 %start_colSelection_load_16, i4 %elbow1_colSelection_addr_17" [/home/xiaorang/Documents/ATOMFLOW/sorting-organized-main/src/sortLatticeByRow.cpp:1721]   --->   Operation 36 'store' 'store_ln1721' <Predicate = (icmp_ln1716 & icmp_ln1716_1)> <Delay = 0.67> <CoreInst = "RAM">   --->   Core 82 'RAM' <Latency = 1> <II = 1> <Delay = 0.67> <Storage> <Opcode : 'load' 'store'> <Ports = 2> <Width = 16> <Depth = 16> <RAM>
ST_3 : Operation 37 [1/1] (0.00ns)   --->   "%br_ln1716 = br void %for.inc235.0" [/home/xiaorang/Documents/ATOMFLOW/sorting-organized-main/src/sortLatticeByRow.cpp:1716]   --->   Operation 37 'br' 'br_ln1716' <Predicate = (icmp_ln1716 & icmp_ln1716_1)> <Delay = 0.00>

State 4 <SV = 3> <Delay = 0.85>
ST_4 : Operation 38 [1/1] (0.00ns)   --->   "%i221_0194_0_phi_load_1 = load i5 %i221_0194_0_phi"   --->   Operation 38 'load' 'i221_0194_0_phi_load_1' <Predicate = (icmp_ln1716)> <Delay = 0.00>
ST_4 : Operation 39 [1/1] (0.00ns)   --->   "%write_ln0 = write void @_ssdm_op_Write.ap_auto.i5P0A, i5 %i221_0194_0_phi_out, i5 %i221_0194_0_phi_load_1"   --->   Operation 39 'write' 'write_ln0' <Predicate = (icmp_ln1716)> <Delay = 0.00>
ST_4 : Operation 40 [1/1] (0.00ns)   --->   "%write_ln1721 = write void @_ssdm_op_Write.ap_auto.i4P0A, i4 %i_116_out, i4 %i_92" [/home/xiaorang/Documents/ATOMFLOW/sorting-organized-main/src/sortLatticeByRow.cpp:1721]   --->   Operation 40 'write' 'write_ln1721' <Predicate = (icmp_ln1716)> <Delay = 0.00>
ST_4 : Operation 41 [1/1] (0.42ns)   --->   "%br_ln0 = br void %UnifiedReturnBlock"   --->   Operation 41 'br' 'br_ln0' <Predicate = (icmp_ln1716)> <Delay = 0.42>
ST_4 : Operation 42 [1/1] (0.00ns) (grouped into LUT with out node ret_ln0)   --->   "%UnifiedRetVal = phi i1 1, void %VITIS_LOOP_1723_9.loopexit.split.loop.exit.exitStub, i1 0, void %VITIS_LOOP_1723_9.loopexit.split.loop.exit236.exitStub"   --->   Operation 42 'phi' 'UnifiedRetVal' <Predicate = true> <Delay = 0.00>
ST_4 : Operation 43 [1/1] (0.42ns) (out node of the LUT)   --->   "%ret_ln0 = ret i1 %UnifiedRetVal"   --->   Operation 43 'ret' 'ret_ln0' <Predicate = true> <Delay = 0.42>

State 5 <SV = 2> <Delay = 0.42>
ST_5 : Operation 44 [1/1] (0.00ns)   --->   "%i221_0194_0_phi_load = load i5 %i221_0194_0_phi"   --->   Operation 44 'load' 'i221_0194_0_phi_load' <Predicate = true> <Delay = 0.00>
ST_5 : Operation 45 [1/1] (0.00ns)   --->   "%write_ln0 = write void @_ssdm_op_Write.ap_auto.i5P0A, i5 %i221_0194_0_phi_out, i5 %i221_0194_0_phi_load"   --->   Operation 45 'write' 'write_ln0' <Predicate = true> <Delay = 0.00>
ST_5 : Operation 46 [1/1] (0.42ns)   --->   "%br_ln0 = br void %UnifiedReturnBlock"   --->   Operation 46 'br' 'br_ln0' <Predicate = true> <Delay = 0.42>


============================================================
+ Verbose Summary: Binding
============================================================
STG Binding: 
---------------- STG Properties BEGIN ----------------
- Is combinational: 0
- Is one-state seq: 0
- Is datapath-only: 0
- Is pipelined: 0
- Is top level: 0
Port [ Return ] is wired: 1; IO mode=ap_ctrl_hs:ce=0
Port [ end_colSelectionCount]:  wired=1; compound=0; hidden=0; nouse=0; global=0; static=0; extern=0; dir=0; type=0; pingpong=0; private_global=0; IO mode=ap_none:ce=0
Port [ start_colSelection]:  wired=1; compound=1; hidden=0; nouse=0; global=0; static=0; extern=0; dir=0; type=1; pingpong=0; private_global=0; MemPort=[11]; IO mode=ap_memory:ce=0
Port [ elbow1_colSelection]:  wired=1; compound=1; hidden=0; nouse=0; global=0; static=0; extern=0; dir=1; type=1; pingpong=0; private_global=0; MemPort=[00]; IO mode=ap_memory:ce=0
Port [ i221_0194_0_phi_out]:  wired=1; compound=0; hidden=0; nouse=0; global=0; static=0; extern=0; dir=1; type=0; pingpong=0; private_global=0; IO mode=ap_vld:ce=0
Port [ i_116_out]:  wired=1; compound=0; hidden=0; nouse=0; global=0; static=0; extern=0; dir=1; type=0; pingpong=0; private_global=0; IO mode=ap_vld:ce=0
---------------- STG Properties END ------------------

---------------- Datapath Model BEGIN ----------------

<LifeTime>
<method=bitvector/>
i221_0194_0_phi             (alloca           ) [ 001111]
i                           (alloca           ) [ 011100]
end_colSelectionCount_read  (read             ) [ 001100]
store_ln1716                (store            ) [ 000000]
br_ln0                      (br               ) [ 000000]
elbow1_colSelectionCount    (load             ) [ 000000]
icmp_ln1716                 (icmp             ) [ 001111]
br_ln1716                   (br               ) [ 000000]
zext_ln1716                 (zext             ) [ 001100]
start_colSelection_addr     (getelementptr    ) [ 001100]
tmp_s                       (partselect       ) [ 000000]
i_92                        (bitconcatenate   ) [ 001111]
zext_ln1721                 (zext             ) [ 001100]
zext_ln1721_1               (zext             ) [ 000000]
icmp_ln1716_1               (icmp             ) [ 001100]
br_ln1716                   (br               ) [ 000000]
start_colSelection_addr_17  (getelementptr    ) [ 001100]
i_93                        (add              ) [ 000000]
store_ln1716                (store            ) [ 000000]
store_ln1721                (store            ) [ 000000]
specpipeline_ln1627         (specpipeline     ) [ 000000]
speclooptripcount_ln1719    (speclooptripcount) [ 000000]
specloopname_ln1716         (specloopname     ) [ 000000]
start_colSelection_load     (load             ) [ 000000]
elbow1_colSelection_addr    (getelementptr    ) [ 000000]
store_ln1721                (store            ) [ 000000]
start_colSelection_load_16  (load             ) [ 000000]
elbow1_colSelection_addr_17 (getelementptr    ) [ 000000]
store_ln1721                (store            ) [ 000000]
br_ln1716                   (br               ) [ 000000]
i221_0194_0_phi_load_1      (load             ) [ 000000]
write_ln0                   (write            ) [ 000000]
write_ln1721                (write            ) [ 000000]
br_ln0                      (br               ) [ 000000]
UnifiedRetVal               (phi              ) [ 000010]
ret_ln0                     (ret              ) [ 000000]
i221_0194_0_phi_load        (load             ) [ 000000]
write_ln0                   (write            ) [ 000000]
br_ln0                      (br               ) [ 000011]
</LifeTime>

<model>

<comp_list>
<comp id="0" class="1000" name="end_colSelectionCount">
<pin_list>
<pin id="1" dir="1" index="0" bw="1" slack="0"/>
</pin_list>
<bind>
<StgValue><ssdm name="end_colSelectionCount"/></StgValue>
</bind>
</comp>

<comp id="2" class="1000" name="start_colSelection">
<pin_list>
<pin id="3" dir="1" index="0" bw="1" slack="0"/>
</pin_list>
<bind>
<StgValue><ssdm name="start_colSelection"/><MemPortTyVec>1 1 </MemPortTyVec>
</StgValue>
</bind>
</comp>

<comp id="4" class="1000" name="elbow1_colSelection">
<pin_list>
<pin id="5" dir="1" index="0" bw="1" slack="0"/>
</pin_list>
<bind>
<StgValue><ssdm name="elbow1_colSelection"/><MemPortTyVec>0 0 </MemPortTyVec>
</StgValue>
</bind>
</comp>

<comp id="6" class="1000" name="i221_0194_0_phi_out">
<pin_list>
<pin id="7" dir="1" index="0" bw="1" slack="0"/>
</pin_list>
<bind>
<StgValue><ssdm name="i221_0194_0_phi_out"/></StgValue>
</bind>
</comp>

<comp id="8" class="1000" name="i_116_out">
<pin_list>
<pin id="9" dir="1" index="0" bw="1" slack="0"/>
</pin_list>
<bind>
<StgValue><ssdm name="i_116_out"/></StgValue>
</bind>
</comp>

<comp id="10" class="1001" name="const_10">
<pin_list>
<pin id="11" dir="1" index="0" bw="1" slack="0"/>
</pin_list>
<bind>
<StgValue><ssdm name=""/></StgValue>
</bind>
</comp>

<comp id="12" class="1001" name="const_12">
<pin_list>
<pin id="13" dir="1" index="0" bw="1" slack="0"/>
</pin_list>
<bind>
<StgValue><ssdm name="_ssdm_op_Read.ap_auto.i5"/></StgValue>
</bind>
</comp>

<comp id="14" class="1001" name="const_14">
<pin_list>
<pin id="15" dir="1" index="0" bw="1" slack="0"/>
</pin_list>
<bind>
<StgValue><ssdm name=""/></StgValue>
</bind>
</comp>

<comp id="16" class="1001" name="const_16">
<pin_list>
<pin id="17" dir="1" index="0" bw="1" slack="0"/>
</pin_list>
<bind>
<StgValue><ssdm name=""/></StgValue>
</bind>
</comp>

<comp id="18" class="1001" name="const_18">
<pin_list>
<pin id="19" dir="1" index="0" bw="1" slack="0"/>
</pin_list>
<bind>
<StgValue><ssdm name="_ssdm_op_PartSelect.i3.i5.i32.i32"/></StgValue>
</bind>
</comp>

<comp id="20" class="1001" name="const_20">
<pin_list>
<pin id="21" dir="1" index="0" bw="1" slack="0"/>
</pin_list>
<bind>
<StgValue><ssdm name=""/></StgValue>
</bind>
</comp>

<comp id="22" class="1001" name="const_22">
<pin_list>
<pin id="23" dir="1" index="0" bw="1" slack="0"/>
</pin_list>
<bind>
<StgValue><ssdm name="_ssdm_op_BitConcatenate.i4.i3.i1"/></StgValue>
</bind>
</comp>

<comp id="24" class="1001" name="const_24">
<pin_list>
<pin id="25" dir="1" index="0" bw="1" slack="0"/>
</pin_list>
<bind>
<StgValue><ssdm name=""/></StgValue>
</bind>
</comp>

<comp id="26" class="1001" name="const_26">
<pin_list>
<pin id="27" dir="1" index="0" bw="1" slack="0"/>
</pin_list>
<bind>
<StgValue><ssdm name=""/></StgValue>
</bind>
</comp>

<comp id="28" class="1001" name="const_28">
<pin_list>
<pin id="29" dir="1" index="0" bw="1" slack="2147483647"/>
</pin_list>
<bind>
<StgValue><ssdm name="_ssdm_op_SpecPipeline"/></StgValue>
</bind>
</comp>

<comp id="30" class="1001" name="const_30">
<pin_list>
<pin id="31" dir="1" index="0" bw="1" slack="2147483647"/>
</pin_list>
<bind>
<StgValue><ssdm name=""/></StgValue>
</bind>
</comp>

<comp id="32" class="1001" name="const_32">
<pin_list>
<pin id="33" dir="1" index="0" bw="1" slack="2147483647"/>
</pin_list>
<bind>
<StgValue><ssdm name=""/></StgValue>
</bind>
</comp>

<comp id="34" class="1001" name="const_34">
<pin_list>
<pin id="35" dir="1" index="0" bw="1" slack="2147483647"/>
</pin_list>
<bind>
<StgValue><ssdm name="empty_18"/></StgValue>
</bind>
</comp>

<comp id="36" class="1001" name="const_36">
<pin_list>
<pin id="37" dir="1" index="0" bw="1" slack="2147483647"/>
</pin_list>
<bind>
<StgValue><ssdm name="_ssdm_op_SpecLoopTripCount"/></StgValue>
</bind>
</comp>

<comp id="38" class="1001" name="const_38">
<pin_list>
<pin id="39" dir="1" index="0" bw="1" slack="2147483647"/>
</pin_list>
<bind>
<StgValue><ssdm name=""/></StgValue>
</bind>
</comp>

<comp id="40" class="1001" name="const_40">
<pin_list>
<pin id="41" dir="1" index="0" bw="1" slack="2147483647"/>
</pin_list>
<bind>
<StgValue><ssdm name=""/></StgValue>
</bind>
</comp>

<comp id="42" class="1001" name="const_42">
<pin_list>
<pin id="43" dir="1" index="0" bw="1" slack="2147483647"/>
</pin_list>
<bind>
<StgValue><ssdm name=""/></StgValue>
</bind>
</comp>

<comp id="44" class="1001" name="const_44">
<pin_list>
<pin id="45" dir="1" index="0" bw="1" slack="2147483647"/>
</pin_list>
<bind>
<StgValue><ssdm name="_ssdm_op_SpecLoopName"/></StgValue>
</bind>
</comp>

<comp id="46" class="1001" name="const_46">
<pin_list>
<pin id="47" dir="1" index="0" bw="1" slack="2147483647"/>
</pin_list>
<bind>
<StgValue><ssdm name="empty_83"/></StgValue>
</bind>
</comp>

<comp id="48" class="1001" name="const_48">
<pin_list>
<pin id="49" dir="1" index="0" bw="1" slack="0"/>
</pin_list>
<bind>
<StgValue><ssdm name="_ssdm_op_Write.ap_auto.i5P0A"/></StgValue>
</bind>
</comp>

<comp id="50" class="1001" name="const_50">
<pin_list>
<pin id="51" dir="1" index="0" bw="1" slack="0"/>
</pin_list>
<bind>
<StgValue><ssdm name="_ssdm_op_Write.ap_auto.i4P0A"/></StgValue>
</bind>
</comp>

<comp id="52" class="1001" name="const_52">
<pin_list>
<pin id="53" dir="1" index="0" bw="1" slack="0"/>
</pin_list>
<bind>
<StgValue><ssdm name=""/></StgValue>
</bind>
</comp>

<comp id="54" class="1004" name="i221_0194_0_phi_fu_54">
<pin_list>
<pin id="55" dir="0" index="0" bw="1" slack="0"/>
<pin id="56" dir="1" index="1" bw="5" slack="1"/>
</pin_list>
<bind>
<opcode="alloca(26) " fcode="alloca"/>
<opset="i221_0194_0_phi/1 "/>
</bind>
</comp>

<comp id="58" class="1004" name="i_fu_58">
<pin_list>
<pin id="59" dir="0" index="0" bw="1" slack="0"/>
<pin id="60" dir="1" index="1" bw="5" slack="0"/>
</pin_list>
<bind>
<opcode="alloca(26) " fcode="alloca"/>
<opset="i/1 "/>
</bind>
</comp>

<comp id="62" class="1004" name="end_colSelectionCount_read_read_fu_62">
<pin_list>
<pin id="63" dir="0" index="0" bw="5" slack="0"/>
<pin id="64" dir="0" index="1" bw="5" slack="0"/>
<pin id="65" dir="1" index="2" bw="5" slack="1"/>
</pin_list>
<bind>
<opcode="read(1150) " fcode="read"/>
<opset="end_colSelectionCount_read/1 "/>
</bind>
</comp>

<comp id="68" class="1004" name="grp_write_fu_68">
<pin_list>
<pin id="69" dir="0" index="0" bw="0" slack="0"/>
<pin id="70" dir="0" index="1" bw="5" slack="0"/>
<pin id="71" dir="0" index="2" bw="5" slack="0"/>
<pin id="72" dir="1" index="3" bw="0" slack="2147483647"/>
</pin_list>
<bind>
<opcode="write(1151) " fcode="write"/>
<opset="write_ln0/4 write_ln0/5 "/>
</bind>
</comp>

<comp id="75" class="1004" name="write_ln1721_write_fu_75">
<pin_list>
<pin id="76" dir="0" index="0" bw="0" slack="0"/>
<pin id="77" dir="0" index="1" bw="4" slack="0"/>
<pin id="78" dir="0" index="2" bw="4" slack="2"/>
<pin id="79" dir="1" index="3" bw="0" slack="2147483647"/>
</pin_list>
<bind>
<opcode="write(1151) " fcode="write"/>
<opset="write_ln1721/4 "/>
</bind>
</comp>

<comp id="82" class="1004" name="start_colSelection_addr_gep_fu_82">
<pin_list>
<pin id="83" dir="0" index="0" bw="16" slack="0"/>
<pin id="84" dir="0" index="1" bw="1" slack="0"/>
<pin id="85" dir="0" index="2" bw="5" slack="0"/>
<pin id="86" dir="1" index="3" bw="4" slack="0"/>
</pin_list>
<bind>
<opcode="getelementptr(29) " fcode="getelementptr"/>
<opset="start_colSelection_addr/2 "/>
</bind>
</comp>

<comp id="89" class="1004" name="grp_access_fu_89">
<pin_list>
<pin id="90" dir="0" index="0" bw="4" slack="0"/>
<pin id="91" dir="0" index="1" bw="16" slack="2147483647"/>
<pin id="92" dir="0" index="2" bw="0" slack="0"/>
<pin id="94" dir="0" index="4" bw="4" slack="2147483647"/>
<pin id="95" dir="0" index="5" bw="16" slack="2147483647"/>
<pin id="96" dir="0" index="6" bw="0" slack="2147483647"/>
<pin id="93" dir="1" index="3" bw="16" slack="0"/>
<pin id="97" dir="1" index="7" bw="16" slack="0"/>
</pin_list>
<bind>
<opcode="load(27) " fcode="load"/>
<opset="start_colSelection_load/2 start_colSelection_load_16/2 "/>
</bind>
</comp>

<comp id="99" class="1004" name="start_colSelection_addr_17_gep_fu_99">
<pin_list>
<pin id="100" dir="0" index="0" bw="16" slack="0"/>
<pin id="101" dir="0" index="1" bw="1" slack="0"/>
<pin id="102" dir="0" index="2" bw="4" slack="0"/>
<pin id="103" dir="1" index="3" bw="4" slack="0"/>
</pin_list>
<bind>
<opcode="getelementptr(29) " fcode="getelementptr"/>
<opset="start_colSelection_addr_17/2 "/>
</bind>
</comp>

<comp id="107" class="1004" name="elbow1_colSelection_addr_gep_fu_107">
<pin_list>
<pin id="108" dir="0" index="0" bw="16" slack="0"/>
<pin id="109" dir="0" index="1" bw="1" slack="0"/>
<pin id="110" dir="0" index="2" bw="5" slack="1"/>
<pin id="111" dir="1" index="3" bw="4" slack="0"/>
</pin_list>
<bind>
<opcode="getelementptr(29) " fcode="getelementptr"/>
<opset="elbow1_colSelection_addr/3 "/>
</bind>
</comp>

<comp id="114" class="1004" name="grp_access_fu_114">
<pin_list>
<pin id="115" dir="0" index="0" bw="4" slack="0"/>
<pin id="116" dir="0" index="1" bw="16" slack="0"/>
<pin id="117" dir="0" index="2" bw="0" slack="0"/>
<pin id="119" dir="0" index="4" bw="4" slack="0"/>
<pin id="120" dir="0" index="5" bw="16" slack="2147483647"/>
<pin id="121" dir="0" index="6" bw="0" slack="2147483647"/>
<pin id="118" dir="1" index="3" bw="16" slack="2147483647"/>
<pin id="122" dir="1" index="7" bw="16" slack="2147483647"/>
</pin_list>
<bind>
<opcode="store(28) " fcode="store"/>
<opset="store_ln1721/3 store_ln1721/3 "/>
</bind>
</comp>

<comp id="125" class="1004" name="elbow1_colSelection_addr_17_gep_fu_125">
<pin_list>
<pin id="126" dir="0" index="0" bw="16" slack="0"/>
<pin id="127" dir="0" index="1" bw="1" slack="0"/>
<pin id="128" dir="0" index="2" bw="4" slack="1"/>
<pin id="129" dir="1" index="3" bw="4" slack="0"/>
</pin_list>
<bind>
<opcode="getelementptr(29) " fcode="getelementptr"/>
<opset="elbow1_colSelection_addr_17/3 "/>
</bind>
</comp>

<comp id="134" class="1005" name="UnifiedRetVal_reg_134">
<pin_list>
<pin id="135" dir="0" index="0" bw="1" slack="1"/>
<pin id="136" dir="1" index="1" bw="1" slack="1"/>
</pin_list>
<bind>
<opset="UnifiedRetVal (phireg) "/>
</bind>
</comp>

<comp id="138" class="1004" name="UnifiedRetVal_phi_fu_138">
<pin_list>
<pin id="139" dir="0" index="0" bw="1" slack="1"/>
<pin id="140" dir="0" index="1" bw="0" slack="2147483647"/>
<pin id="141" dir="0" index="2" bw="1" slack="0"/>
<pin id="142" dir="0" index="3" bw="0" slack="2147483647"/>
<pin id="143" dir="1" index="4" bw="1" slack="2147483647"/>
</pin_list>
<bind>
<opcode="phi(47) " fcode="phi"/>
<opset="UnifiedRetVal/4 "/>
</bind>
</comp>

<comp id="146" class="1004" name="grp_load_fu_146">
<pin_list>
<pin id="147" dir="0" index="0" bw="5" slack="2"/>
<pin id="148" dir="1" index="1" bw="5" slack="0"/>
</pin_list>
<bind>
<opcode="load(27) " fcode="load"/>
<opset="i221_0194_0_phi_load_1/4 i221_0194_0_phi_load/5 "/>
</bind>
</comp>

<comp id="150" class="1004" name="store_ln1716_store_fu_150">
<pin_list>
<pin id="151" dir="0" index="0" bw="1" slack="0"/>
<pin id="152" dir="0" index="1" bw="5" slack="0"/>
<pin id="153" dir="1" index="2" bw="0" slack="2147483647"/>
</pin_list>
<bind>
<opcode="store(28) " fcode="store"/>
<opset="store_ln1716/1 "/>
</bind>
</comp>

<comp id="155" class="1004" name="elbow1_colSelectionCount_load_fu_155">
<pin_list>
<pin id="156" dir="0" index="0" bw="5" slack="1"/>
<pin id="157" dir="1" index="1" bw="5" slack="0"/>
</pin_list>
<bind>
<opcode="load(27) " fcode="load"/>
<opset="elbow1_colSelectionCount/2 "/>
</bind>
</comp>

<comp id="158" class="1004" name="icmp_ln1716_fu_158">
<pin_list>
<pin id="159" dir="0" index="0" bw="5" slack="0"/>
<pin id="160" dir="0" index="1" bw="5" slack="1"/>
<pin id="161" dir="1" index="2" bw="1" slack="1"/>
</pin_list>
<bind>
<opcode="icmp(45) " fcode="icmp"/>
<opset="icmp_ln1716/2 "/>
</bind>
</comp>

<comp id="163" class="1004" name="zext_ln1716_fu_163">
<pin_list>
<pin id="164" dir="0" index="0" bw="5" slack="0"/>
<pin id="165" dir="1" index="1" bw="64" slack="0"/>
</pin_list>
<bind>
<opcode="zext(34) " fcode="zext"/>
<opset="zext_ln1716/2 "/>
</bind>
</comp>

<comp id="168" class="1004" name="tmp_s_fu_168">
<pin_list>
<pin id="169" dir="0" index="0" bw="3" slack="0"/>
<pin id="170" dir="0" index="1" bw="5" slack="0"/>
<pin id="171" dir="0" index="2" bw="1" slack="0"/>
<pin id="172" dir="0" index="3" bw="3" slack="0"/>
<pin id="173" dir="1" index="4" bw="3" slack="0"/>
</pin_list>
<bind>
<opcode="partselect(1002) " fcode="partselect"/>
<opset="tmp_s/2 "/>
</bind>
</comp>

<comp id="178" class="1004" name="i_92_fu_178">
<pin_list>
<pin id="179" dir="0" index="0" bw="4" slack="0"/>
<pin id="180" dir="0" index="1" bw="3" slack="0"/>
<pin id="181" dir="0" index="2" bw="1" slack="0"/>
<pin id="182" dir="1" index="3" bw="4" slack="0"/>
</pin_list>
<bind>
<opcode="bitconcatenate(1004) " fcode="bitconcatenate"/>
<opset="i_92/2 "/>
</bind>
</comp>

<comp id="186" class="1004" name="zext_ln1721_fu_186">
<pin_list>
<pin id="187" dir="0" index="0" bw="4" slack="0"/>
<pin id="188" dir="1" index="1" bw="64" slack="0"/>
</pin_list>
<bind>
<opcode="zext(34) " fcode="zext"/>
<opset="zext_ln1721/2 "/>
</bind>
</comp>

<comp id="191" class="1004" name="zext_ln1721_1_fu_191">
<pin_list>
<pin id="192" dir="0" index="0" bw="4" slack="0"/>
<pin id="193" dir="1" index="1" bw="5" slack="0"/>
</pin_list>
<bind>
<opcode="zext(34) " fcode="zext"/>
<opset="zext_ln1721_1/2 "/>
</bind>
</comp>

<comp id="195" class="1004" name="icmp_ln1716_1_fu_195">
<pin_list>
<pin id="196" dir="0" index="0" bw="5" slack="0"/>
<pin id="197" dir="0" index="1" bw="5" slack="1"/>
<pin id="198" dir="1" index="2" bw="1" slack="1"/>
</pin_list>
<bind>
<opcode="icmp(45) " fcode="icmp"/>
<opset="icmp_ln1716_1/2 "/>
</bind>
</comp>

<comp id="200" class="1004" name="i_93_fu_200">
<pin_list>
<pin id="201" dir="0" index="0" bw="5" slack="0"/>
<pin id="202" dir="0" index="1" bw="3" slack="0"/>
<pin id="203" dir="1" index="2" bw="5" slack="0"/>
</pin_list>
<bind>
<opcode="add(8) " fcode="add"/>
<opset="i_93/2 "/>
</bind>
</comp>

<comp id="206" class="1004" name="store_ln1716_store_fu_206">
<pin_list>
<pin id="207" dir="0" index="0" bw="5" slack="0"/>
<pin id="208" dir="0" index="1" bw="5" slack="1"/>
<pin id="209" dir="1" index="2" bw="0" slack="2147483647"/>
</pin_list>
<bind>
<opcode="store(28) " fcode="store"/>
<opset="store_ln1716/2 "/>
</bind>
</comp>

<comp id="211" class="1004" name="store_ln1721_store_fu_211">
<pin_list>
<pin id="212" dir="0" index="0" bw="5" slack="0"/>
<pin id="213" dir="0" index="1" bw="5" slack="1"/>
<pin id="214" dir="1" index="2" bw="0" slack="2147483647"/>
</pin_list>
<bind>
<opcode="store(28) " fcode="store"/>
<opset="store_ln1721/2 "/>
</bind>
</comp>

<comp id="216" class="1005" name="i221_0194_0_phi_reg_216">
<pin_list>
<pin id="217" dir="0" index="0" bw="5" slack="1"/>
<pin id="218" dir="1" index="1" bw="5" slack="1"/>
</pin_list>
<bind>
<opset="i221_0194_0_phi "/>
</bind>
</comp>

<comp id="222" class="1005" name="i_reg_222">
<pin_list>
<pin id="223" dir="0" index="0" bw="5" slack="0"/>
<pin id="224" dir="1" index="1" bw="5" slack="0"/>
</pin_list>
<bind>
<opset="i "/>
</bind>
</comp>

<comp id="229" class="1005" name="end_colSelectionCount_read_reg_229">
<pin_list>
<pin id="230" dir="0" index="0" bw="5" slack="1"/>
<pin id="231" dir="1" index="1" bw="5" slack="1"/>
</pin_list>
<bind>
<opset="end_colSelectionCount_read "/>
</bind>
</comp>

<comp id="235" class="1005" name="icmp_ln1716_reg_235">
<pin_list>
<pin id="236" dir="0" index="0" bw="1" slack="1"/>
<pin id="237" dir="1" index="1" bw="1" slack="2147483647"/>
</pin_list>
<bind>
<opset="icmp_ln1716 "/>
</bind>
</comp>

<comp id="239" class="1005" name="zext_ln1716_reg_239">
<pin_list>
<pin id="240" dir="0" index="0" bw="64" slack="1"/>
<pin id="241" dir="1" index="1" bw="64" slack="1"/>
</pin_list>
<bind>
<opset="zext_ln1716 "/>
</bind>
</comp>

<comp id="244" class="1005" name="start_colSelection_addr_reg_244">
<pin_list>
<pin id="245" dir="0" index="0" bw="4" slack="1"/>
<pin id="246" dir="1" index="1" bw="4" slack="1"/>
</pin_list>
<bind>
<opset="start_colSelection_addr "/>
</bind>
</comp>

<comp id="249" class="1005" name="i_92_reg_249">
<pin_list>
<pin id="250" dir="0" index="0" bw="4" slack="2"/>
<pin id="251" dir="1" index="1" bw="4" slack="2"/>
</pin_list>
<bind>
<opset="i_92 "/>
</bind>
</comp>

<comp id="254" class="1005" name="zext_ln1721_reg_254">
<pin_list>
<pin id="255" dir="0" index="0" bw="64" slack="1"/>
<pin id="256" dir="1" index="1" bw="64" slack="1"/>
</pin_list>
<bind>
<opset="zext_ln1721 "/>
</bind>
</comp>

<comp id="259" class="1005" name="icmp_ln1716_1_reg_259">
<pin_list>
<pin id="260" dir="0" index="0" bw="1" slack="1"/>
<pin id="261" dir="1" index="1" bw="1" slack="2147483647"/>
</pin_list>
<bind>
<opset="icmp_ln1716_1 "/>
</bind>
</comp>

<comp id="263" class="1005" name="start_colSelection_addr_17_reg_263">
<pin_list>
<pin id="264" dir="0" index="0" bw="4" slack="1"/>
<pin id="265" dir="1" index="1" bw="4" slack="1"/>
</pin_list>
<bind>
<opset="start_colSelection_addr_17 "/>
</bind>
</comp>

</comp_list>

<net_list>
<net id="57"><net_src comp="10" pin="0"/><net_sink comp="54" pin=0"/></net>

<net id="61"><net_src comp="10" pin="0"/><net_sink comp="58" pin=0"/></net>

<net id="66"><net_src comp="12" pin="0"/><net_sink comp="62" pin=0"/></net>

<net id="67"><net_src comp="0" pin="0"/><net_sink comp="62" pin=1"/></net>

<net id="73"><net_src comp="48" pin="0"/><net_sink comp="68" pin=0"/></net>

<net id="74"><net_src comp="6" pin="0"/><net_sink comp="68" pin=1"/></net>

<net id="80"><net_src comp="50" pin="0"/><net_sink comp="75" pin=0"/></net>

<net id="81"><net_src comp="8" pin="0"/><net_sink comp="75" pin=1"/></net>

<net id="87"><net_src comp="2" pin="0"/><net_sink comp="82" pin=0"/></net>

<net id="88"><net_src comp="16" pin="0"/><net_sink comp="82" pin=1"/></net>

<net id="98"><net_src comp="82" pin="3"/><net_sink comp="89" pin=2"/></net>

<net id="104"><net_src comp="2" pin="0"/><net_sink comp="99" pin=0"/></net>

<net id="105"><net_src comp="16" pin="0"/><net_sink comp="99" pin=1"/></net>

<net id="106"><net_src comp="99" pin="3"/><net_sink comp="89" pin=0"/></net>

<net id="112"><net_src comp="4" pin="0"/><net_sink comp="107" pin=0"/></net>

<net id="113"><net_src comp="16" pin="0"/><net_sink comp="107" pin=1"/></net>

<net id="123"><net_src comp="89" pin="7"/><net_sink comp="114" pin=4"/></net>

<net id="124"><net_src comp="107" pin="3"/><net_sink comp="114" pin=2"/></net>

<net id="130"><net_src comp="4" pin="0"/><net_sink comp="125" pin=0"/></net>

<net id="131"><net_src comp="16" pin="0"/><net_sink comp="125" pin=1"/></net>

<net id="132"><net_src comp="89" pin="3"/><net_sink comp="114" pin=1"/></net>

<net id="133"><net_src comp="125" pin="3"/><net_sink comp="114" pin=0"/></net>

<net id="137"><net_src comp="24" pin="0"/><net_sink comp="134" pin=0"/></net>

<net id="144"><net_src comp="134" pin="1"/><net_sink comp="138" pin=0"/></net>

<net id="145"><net_src comp="52" pin="0"/><net_sink comp="138" pin=2"/></net>

<net id="149"><net_src comp="146" pin="1"/><net_sink comp="68" pin=2"/></net>

<net id="154"><net_src comp="14" pin="0"/><net_sink comp="150" pin=0"/></net>

<net id="162"><net_src comp="155" pin="1"/><net_sink comp="158" pin=0"/></net>

<net id="166"><net_src comp="155" pin="1"/><net_sink comp="163" pin=0"/></net>

<net id="167"><net_src comp="163" pin="1"/><net_sink comp="82" pin=2"/></net>

<net id="174"><net_src comp="18" pin="0"/><net_sink comp="168" pin=0"/></net>

<net id="175"><net_src comp="155" pin="1"/><net_sink comp="168" pin=1"/></net>

<net id="176"><net_src comp="10" pin="0"/><net_sink comp="168" pin=2"/></net>

<net id="177"><net_src comp="20" pin="0"/><net_sink comp="168" pin=3"/></net>

<net id="183"><net_src comp="22" pin="0"/><net_sink comp="178" pin=0"/></net>

<net id="184"><net_src comp="168" pin="4"/><net_sink comp="178" pin=1"/></net>

<net id="185"><net_src comp="24" pin="0"/><net_sink comp="178" pin=2"/></net>

<net id="189"><net_src comp="178" pin="3"/><net_sink comp="186" pin=0"/></net>

<net id="190"><net_src comp="186" pin="1"/><net_sink comp="99" pin=2"/></net>

<net id="194"><net_src comp="178" pin="3"/><net_sink comp="191" pin=0"/></net>

<net id="199"><net_src comp="191" pin="1"/><net_sink comp="195" pin=0"/></net>

<net id="204"><net_src comp="155" pin="1"/><net_sink comp="200" pin=0"/></net>

<net id="205"><net_src comp="26" pin="0"/><net_sink comp="200" pin=1"/></net>

<net id="210"><net_src comp="200" pin="2"/><net_sink comp="206" pin=0"/></net>

<net id="215"><net_src comp="155" pin="1"/><net_sink comp="211" pin=0"/></net>

<net id="219"><net_src comp="54" pin="1"/><net_sink comp="216" pin=0"/></net>

<net id="220"><net_src comp="216" pin="1"/><net_sink comp="211" pin=1"/></net>

<net id="221"><net_src comp="216" pin="1"/><net_sink comp="146" pin=0"/></net>

<net id="225"><net_src comp="58" pin="1"/><net_sink comp="222" pin=0"/></net>

<net id="226"><net_src comp="222" pin="1"/><net_sink comp="150" pin=1"/></net>

<net id="227"><net_src comp="222" pin="1"/><net_sink comp="155" pin=0"/></net>

<net id="228"><net_src comp="222" pin="1"/><net_sink comp="206" pin=1"/></net>

<net id="232"><net_src comp="62" pin="2"/><net_sink comp="229" pin=0"/></net>

<net id="233"><net_src comp="229" pin="1"/><net_sink comp="158" pin=1"/></net>

<net id="234"><net_src comp="229" pin="1"/><net_sink comp="195" pin=1"/></net>

<net id="238"><net_src comp="158" pin="2"/><net_sink comp="235" pin=0"/></net>

<net id="242"><net_src comp="163" pin="1"/><net_sink comp="239" pin=0"/></net>

<net id="243"><net_src comp="239" pin="1"/><net_sink comp="107" pin=2"/></net>

<net id="247"><net_src comp="82" pin="3"/><net_sink comp="244" pin=0"/></net>

<net id="248"><net_src comp="244" pin="1"/><net_sink comp="89" pin=2"/></net>

<net id="252"><net_src comp="178" pin="3"/><net_sink comp="249" pin=0"/></net>

<net id="253"><net_src comp="249" pin="1"/><net_sink comp="75" pin=2"/></net>

<net id="257"><net_src comp="186" pin="1"/><net_sink comp="254" pin=0"/></net>

<net id="258"><net_src comp="254" pin="1"/><net_sink comp="125" pin=2"/></net>

<net id="262"><net_src comp="195" pin="2"/><net_sink comp="259" pin=0"/></net>

<net id="266"><net_src comp="99" pin="3"/><net_sink comp="263" pin=0"/></net>

<net id="267"><net_src comp="263" pin="1"/><net_sink comp="89" pin=0"/></net>

</net_list>

</model> 
---------------- Datapath Model END ------------------

* FSMD analyzer results:
  - Output states:
	Port: elbow1_colSelection | {3 }
	Port: i221_0194_0_phi_out | {4 5 }
	Port: i_116_out | {4 }
 - Input state : 
	Port: resolveSortingDeficiencies<HLSMoveStream>_Pipeline_VITIS_LOOP_1716_8 : end_colSelectionCount | {1 }
	Port: resolveSortingDeficiencies<HLSMoveStream>_Pipeline_VITIS_LOOP_1716_8 : start_colSelection | {2 3 }
  - Chain level:
	State 1
		store_ln1716 : 1
	State 2
		icmp_ln1716 : 1
		br_ln1716 : 2
		zext_ln1716 : 1
		start_colSelection_addr : 2
		start_colSelection_load : 3
		tmp_s : 1
		i_92 : 2
		zext_ln1721 : 3
		zext_ln1721_1 : 3
		icmp_ln1716_1 : 4
		br_ln1716 : 5
		start_colSelection_addr_17 : 4
		start_colSelection_load_16 : 5
		i_93 : 1
		store_ln1716 : 2
		store_ln1721 : 1
	State 3
		store_ln1721 : 1
		store_ln1721 : 1
	State 4
		write_ln0 : 1
		UnifiedRetVal : 1
		ret_ln0 : 2
	State 5
		write_ln0 : 1


============================================================
+ Verbose Summary: Datapath Resource usage 
============================================================

* Functional unit list:
|----------|---------------------------------------|---------|---------|
| Operation|            Functional Unit            |    FF   |   LUT   |
|----------|---------------------------------------|---------|---------|
|   icmp   |           icmp_ln1716_fu_158          |    0    |    12   |
|          |          icmp_ln1716_1_fu_195         |    0    |    12   |
|----------|---------------------------------------|---------|---------|
|    add   |              i_93_fu_200              |    0    |    12   |
|----------|---------------------------------------|---------|---------|
|   read   | end_colSelectionCount_read_read_fu_62 |    0    |    0    |
|----------|---------------------------------------|---------|---------|
|   write  |            grp_write_fu_68            |    0    |    0    |
|          |        write_ln1721_write_fu_75       |    0    |    0    |
|----------|---------------------------------------|---------|---------|
|          |           zext_ln1716_fu_163          |    0    |    0    |
|   zext   |           zext_ln1721_fu_186          |    0    |    0    |
|          |          zext_ln1721_1_fu_191         |    0    |    0    |
|----------|---------------------------------------|---------|---------|
|partselect|              tmp_s_fu_168             |    0    |    0    |
|----------|---------------------------------------|---------|---------|
|bitconcatenate|              i_92_fu_178              |    0    |    0    |
|----------|---------------------------------------|---------|---------|
|   Total  |                                       |    0    |    36   |
|----------|---------------------------------------|---------|---------|

Memories:
N/A

* Register list:
+----------------------------------+--------+
|                                  |   FF   |
+----------------------------------+--------+
|       UnifiedRetVal_reg_134      |    1   |
|end_colSelectionCount_read_reg_229|    5   |
|      i221_0194_0_phi_reg_216     |    5   |
|           i_92_reg_249           |    4   |
|             i_reg_222            |    5   |
|       icmp_ln1716_1_reg_259      |    1   |
|        icmp_ln1716_reg_235       |    1   |
|start_colSelection_addr_17_reg_263|    4   |
|  start_colSelection_addr_reg_244 |    4   |
|        zext_ln1716_reg_239       |   64   |
|        zext_ln1721_reg_254       |   64   |
+----------------------------------+--------+
|               Total              |   158  |
+----------------------------------+--------+

* Multiplexer (MUX) list: 
|------------------|------|------|------|--------||---------||---------||---------|
|       Comp       |  Pin | Size |  BW  | S x BW ||  Delay  ||    FF   ||   LUT   |
|------------------|------|------|------|--------||---------||---------||---------|
| grp_access_fu_89 |  p0  |   2  |   4  |    8   ||    0    ||    9    |
| grp_access_fu_89 |  p2  |   2  |   0  |    0   ||    0    ||    9    |
|------------------|------|------|------|--------||---------||---------||---------|
|       Total      |      |      |      |    8   ||  0.854  ||    0    ||    18   |
|------------------|------|------|------|--------||---------||---------||---------|



* Summary:
+-----------+--------+--------+--------+
|           |  Delay |   FF   |   LUT  |
+-----------+--------+--------+--------+
|  Function |    -   |    0   |   36   |
|   Memory  |    -   |    -   |    -   |
|Multiplexer|    0   |    0   |   18   |
|  Register |    -   |   158  |    -   |
+-----------+--------+--------+--------+
|   Total   |    0   |   158  |   54   |
+-----------+--------+--------+--------+
