

================================================================
== Vitis HLS Report for 'sortRemainingRowsOrCols_HLSMoveStream_Pipeline_VITIS_LOOP_772_14'
================================================================
* Date:           Sat Mar 28 14:02:29 2026

* Version:        2024.2 (Build 5238294 on Nov  8 2024)
* Project:        atomflow_controller_2024_2
* Solution:       hls (Vivado IP Flow Target)
* Product family: zynquplusRFSOC
* Target device:  xczu49dr-ffvf1760-2-e


================================================================
== Performance Estimates
================================================================
+ Timing: 
    * Summary: 
    +--------+----------+----------+------------+
    |  Clock |  Target  | Estimated| Uncertainty|
    +--------+----------+----------+------------+
    |ap_clk  |  10.00 ns|  1.693 ns|     2.70 ns|
    +--------+----------+----------+------------+

+ Latency: 
    * Summary: 
    +---------+---------+-----------+----------+-----+-----+------------------------------------------------+
    |  Latency (cycles) |  Latency (absolute)  |  Interval |                    Pipeline                    |
    |   min   |   max   |    min    |    max   | min | max |                      Type                      |
    +---------+---------+-----------+----------+-----+-----+------------------------------------------------+
    |        3|       10|  30.000 ns|  0.100 us|    2|    9|  loop auto-rewind stp (delay=0 clock cycles(s))|
    +---------+---------+-----------+----------+-----+-----+------------------------------------------------+

    + Detail: 
        * Instance: 
        N/A

        * Loop: 
        +---------------------+---------+---------+----------+-----------+-----------+-------+----------+
        |                     |  Latency (cycles) | Iteration|  Initiation Interval  |  Trip |          |
        |      Loop Name      |   min   |   max   |  Latency |  achieved |   target  | Count | Pipelined|
        +---------------------+---------+---------+----------+-----------+-----------+-------+----------+
        |- VITIS_LOOP_772_14  |        1|        8|         1|          1|          1|  1 ~ 8|       yes|
        +---------------------+---------+---------+----------+-----------+-----------+-------+----------+

============================================================
+ Verbose Summary: Synthesis Manager
============================================================
InlineROM: 1
ExposeGlobal: 0
============================================================
+ Verbose Summary: CDFG Model
============================================================
IsTopModel: 0
ResetActiveHigh: 1
IsCombinational: 0
IsDatapathOnly: 0
HasWiredReturn: 1
HasMFsm: 2
HasVarLatency: 1
IsPipeline: 0
IsRtlPipelined: 0
IsInstanceOverlapped: 0
IsDontTouch: 0
HasImplIP: 0
IsGatedGlobalClock: 0

+ Individual pipeline summary: 
  * Pipeline-0: initiation interval (II) = 1, depth = 2


============================================================
+ Verbose Summary: Schedule
============================================================
* Number of FSM states : 2
* Pipeline : 1
  Pipeline-0 : II = 1, D = 2, States = { 1 2 }
* Dataflow Pipeline: 0

* FSM state transitions: 
1 --> 2 
2 --> 

* FSM state operations: 

State 1 <SV = 0> <Delay = 0.42>
ST_1 : Operation 4 [1/1] (0.00ns)   --->   "%i = alloca i32 1" [/home/xiaorang/Documents/ATOMFLOW/sorting-organized-main/src/sortLatticeByRow.cpp:772->/home/xiaorang/Documents/ATOMFLOW/sorting-organized-main/src/sortLatticeByRow.cpp:1833]   --->   Operation 4 'alloca' 'i' <Predicate = true> <Delay = 0.00>
ST_1 : Operation 5 [1/1] (0.00ns)   --->   "%end_colSelectionCount_3 = alloca i32 1" [/home/xiaorang/Documents/ATOMFLOW/sorting-organized-main/src/sortLatticeByRow.cpp:694->/home/xiaorang/Documents/ATOMFLOW/sorting-organized-main/src/sortLatticeByRow.cpp:1833]   --->   Operation 5 'alloca' 'end_colSelectionCount_3' <Predicate = true> <Delay = 0.00>
ST_1 : Operation 6 [1/1] (0.00ns)   --->   "%indicesLowerOrEqualMiddle_reload_read = read i32 @_ssdm_op_Read.ap_auto.i32, i32 %indicesLowerOrEqualMiddle_reload"   --->   Operation 6 'read' 'indicesLowerOrEqualMiddle_reload_read' <Predicate = true> <Delay = 0.00>
ST_1 : Operation 7 [1/1] (0.00ns)   --->   "%tmp = read i16 @_ssdm_op_Read.ap_auto.i16, i16 %empty"   --->   Operation 7 'read' 'tmp' <Predicate = true> <Delay = 0.00>
ST_1 : Operation 8 [1/1] (0.00ns)   --->   "%tmp_2 = read i32 @_ssdm_op_Read.ap_auto.i32, i32 %empty_104"   --->   Operation 8 'read' 'tmp_2' <Predicate = true> <Delay = 0.00>
ST_1 : Operation 9 [1/1] (0.42ns)   --->   "%store_ln694 = store i8 0, i8 %end_colSelectionCount_3" [/home/xiaorang/Documents/ATOMFLOW/sorting-organized-main/src/sortLatticeByRow.cpp:694->/home/xiaorang/Documents/ATOMFLOW/sorting-organized-main/src/sortLatticeByRow.cpp:1833]   --->   Operation 9 'store' 'store_ln694' <Predicate = true> <Delay = 0.42>
ST_1 : Operation 10 [1/1] (0.42ns)   --->   "%store_ln772 = store i32 0, i32 %i" [/home/xiaorang/Documents/ATOMFLOW/sorting-organized-main/src/sortLatticeByRow.cpp:772->/home/xiaorang/Documents/ATOMFLOW/sorting-organized-main/src/sortLatticeByRow.cpp:1833]   --->   Operation 10 'store' 'store_ln772' <Predicate = true> <Delay = 0.42>
ST_1 : Operation 11 [1/1] (0.00ns)   --->   "%br_ln0 = br void %for.inc397.0.i"   --->   Operation 11 'br' 'br_ln0' <Predicate = true> <Delay = 0.00>

State 2 <SV = 1> <Delay = 1.69>
ST_2 : Operation 12 [1/1] (0.00ns)   --->   "%i_4 = load i32 %i" [/home/xiaorang/Documents/ATOMFLOW/sorting-organized-main/src/sortLatticeByRow.cpp:772->/home/xiaorang/Documents/ATOMFLOW/sorting-organized-main/src/sortLatticeByRow.cpp:1833]   --->   Operation 12 'load' 'i_4' <Predicate = true> <Delay = 0.00>
ST_2 : Operation 13 [1/1] (0.00ns)   --->   "%end_colSelectionCount = load i8 %end_colSelectionCount_3" [/home/xiaorang/Documents/ATOMFLOW/sorting-organized-main/src/sortLatticeByRow.cpp:778->/home/xiaorang/Documents/ATOMFLOW/sorting-organized-main/src/sortLatticeByRow.cpp:1833]   --->   Operation 13 'load' 'end_colSelectionCount' <Predicate = true> <Delay = 0.00>
ST_2 : Operation 14 [1/1] (1.01ns)   --->   "%icmp_ln772 = icmp_eq  i32 %i_4, i32 %tmp_2" [/home/xiaorang/Documents/ATOMFLOW/sorting-organized-main/src/sortLatticeByRow.cpp:772->/home/xiaorang/Documents/ATOMFLOW/sorting-organized-main/src/sortLatticeByRow.cpp:1833]   --->   Operation 14 'icmp' 'icmp_ln772' <Predicate = true> <Delay = 1.01> <CoreInst = "Cmp">   --->   Core 9 'Cmp' <Latency = 0> <II = 1> <Delay = 1.01> <FuncUnit> <Opcode : 'seteq' 'setne' 'setle' 'setge' 'setlt' 'setgt'> <InPorts = 2> <OutPorts = 1>
ST_2 : Operation 15 [1/1] (0.42ns)   --->   "%br_ln772 = br i1 %icmp_ln772, void %for.inc397.0.i.split, void %for.inc415.0.i.preheader.split" [/home/xiaorang/Documents/ATOMFLOW/sorting-organized-main/src/sortLatticeByRow.cpp:772->/home/xiaorang/Documents/ATOMFLOW/sorting-organized-main/src/sortLatticeByRow.cpp:1833]   --->   Operation 15 'br' 'br_ln772' <Predicate = true> <Delay = 0.42>
ST_2 : Operation 16 [1/1] (0.00ns)   --->   "%trunc_ln772 = trunc i32 %i_4" [/home/xiaorang/Documents/ATOMFLOW/sorting-organized-main/src/sortLatticeByRow.cpp:772->/home/xiaorang/Documents/ATOMFLOW/sorting-organized-main/src/sortLatticeByRow.cpp:1833]   --->   Operation 16 'trunc' 'trunc_ln772' <Predicate = (!icmp_ln772)> <Delay = 0.00>
ST_2 : Operation 17 [1/1] (0.00ns)   --->   "%specpipeline_ln694 = specpipeline void @_ssdm_op_SpecPipeline, i32 4294967295, i32 0, i32 0, i32 0, void @empty_18" [/home/xiaorang/Documents/ATOMFLOW/sorting-organized-main/src/sortLatticeByRow.cpp:694->/home/xiaorang/Documents/ATOMFLOW/sorting-organized-main/src/sortLatticeByRow.cpp:1833]   --->   Operation 17 'specpipeline' 'specpipeline_ln694' <Predicate = (!icmp_ln772)> <Delay = 0.00>
ST_2 : Operation 18 [1/1] (0.00ns)   --->   "%speclooptripcount_ln776 = speclooptripcount void @_ssdm_op_SpecLoopTripCount, i64 1, i64 8, i64 4" [/home/xiaorang/Documents/ATOMFLOW/sorting-organized-main/src/sortLatticeByRow.cpp:776->/home/xiaorang/Documents/ATOMFLOW/sorting-organized-main/src/sortLatticeByRow.cpp:1833]   --->   Operation 18 'speclooptripcount' 'speclooptripcount_ln776' <Predicate = (!icmp_ln772)> <Delay = 0.00>
ST_2 : Operation 19 [1/1] (0.00ns)   --->   "%specloopname_ln772 = specloopname void @_ssdm_op_SpecLoopName, void @empty_88" [/home/xiaorang/Documents/ATOMFLOW/sorting-organized-main/src/sortLatticeByRow.cpp:772->/home/xiaorang/Documents/ATOMFLOW/sorting-organized-main/src/sortLatticeByRow.cpp:1833]   --->   Operation 19 'specloopname' 'specloopname_ln772' <Predicate = (!icmp_ln772)> <Delay = 0.00>
ST_2 : Operation 20 [1/1] (0.85ns)   --->   "%sub_ln778 = sub i16 %trunc_ln772, i16 %tmp" [/home/xiaorang/Documents/ATOMFLOW/sorting-organized-main/src/sortLatticeByRow.cpp:778->/home/xiaorang/Documents/ATOMFLOW/sorting-organized-main/src/sortLatticeByRow.cpp:1833]   --->   Operation 20 'sub' 'sub_ln778' <Predicate = (!icmp_ln772)> <Delay = 0.85> <CoreInst = "Adder">   --->   Core 1 'Adder' <Latency = 0> <II = 1> <Delay = 0.85> <FuncUnit> <Opcode : 'add' 'sub'> <InPorts = 2> <OutPorts = 1>
ST_2 : Operation 21 [1/1] (0.00ns)   --->   "%tmp_s = partselect i7 @_ssdm_op_PartSelect.i7.i8.i32.i32, i8 %end_colSelectionCount, i32 1, i32 7" [/home/xiaorang/Documents/ATOMFLOW/sorting-organized-main/src/sortLatticeByRow.cpp:778->/home/xiaorang/Documents/ATOMFLOW/sorting-organized-main/src/sortLatticeByRow.cpp:1833]   --->   Operation 21 'partselect' 'tmp_s' <Predicate = (!icmp_ln772)> <Delay = 0.00>
ST_2 : Operation 22 [1/1] (0.00ns)   --->   "%end_colSelectionCount_4 = bitconcatenate i8 @_ssdm_op_BitConcatenate.i8.i7.i1, i7 %tmp_s, i1 1" [/home/xiaorang/Documents/ATOMFLOW/sorting-organized-main/src/sortLatticeByRow.cpp:778->/home/xiaorang/Documents/ATOMFLOW/sorting-organized-main/src/sortLatticeByRow.cpp:1833]   --->   Operation 22 'bitconcatenate' 'end_colSelectionCount_4' <Predicate = (!icmp_ln772)> <Delay = 0.00>
ST_2 : Operation 23 [1/1] (0.00ns)   --->   "%zext_ln778 = zext i8 %end_colSelectionCount" [/home/xiaorang/Documents/ATOMFLOW/sorting-organized-main/src/sortLatticeByRow.cpp:778->/home/xiaorang/Documents/ATOMFLOW/sorting-organized-main/src/sortLatticeByRow.cpp:1833]   --->   Operation 23 'zext' 'zext_ln778' <Predicate = (!icmp_ln772)> <Delay = 0.00>
ST_2 : Operation 24 [1/1] (0.00ns)   --->   "%end_colSelection_addr = getelementptr i16 %end_colSelection, i64 0, i64 %zext_ln778" [/home/xiaorang/Documents/ATOMFLOW/sorting-organized-main/src/sortLatticeByRow.cpp:778->/home/xiaorang/Documents/ATOMFLOW/sorting-organized-main/src/sortLatticeByRow.cpp:1833]   --->   Operation 24 'getelementptr' 'end_colSelection_addr' <Predicate = (!icmp_ln772)> <Delay = 0.00>
ST_2 : Operation 25 [1/1] ( I:0.67ns O:0.67ns )   --->   "%store_ln778 = store i16 %sub_ln778, i4 %end_colSelection_addr" [/home/xiaorang/Documents/ATOMFLOW/sorting-organized-main/src/sortLatticeByRow.cpp:778->/home/xiaorang/Documents/ATOMFLOW/sorting-organized-main/src/sortLatticeByRow.cpp:1833]   --->   Operation 25 'store' 'store_ln778' <Predicate = (!icmp_ln772)> <Delay = 0.67> <CoreInst = "RAM">   --->   Core 82 'RAM' <Latency = 1> <II = 1> <Delay = 0.67> <Storage> <Opcode : 'load' 'store'> <Ports = 2> <Width = 16> <Depth = 16> <RAM>
ST_2 : Operation 26 [1/1] (0.00ns)   --->   "%tmp_3 = partselect i31 @_ssdm_op_PartSelect.i31.i32.i32.i32, i32 %i_4, i32 1, i32 31" [/home/xiaorang/Documents/ATOMFLOW/sorting-organized-main/src/sortLatticeByRow.cpp:772->/home/xiaorang/Documents/ATOMFLOW/sorting-organized-main/src/sortLatticeByRow.cpp:1833]   --->   Operation 26 'partselect' 'tmp_3' <Predicate = (!icmp_ln772)> <Delay = 0.00>
ST_2 : Operation 27 [1/1] (0.00ns)   --->   "%i_5 = bitconcatenate i32 @_ssdm_op_BitConcatenate.i32.i31.i1, i31 %tmp_3, i1 1" [/home/xiaorang/Documents/ATOMFLOW/sorting-organized-main/src/sortLatticeByRow.cpp:772->/home/xiaorang/Documents/ATOMFLOW/sorting-organized-main/src/sortLatticeByRow.cpp:1833]   --->   Operation 27 'bitconcatenate' 'i_5' <Predicate = (!icmp_ln772)> <Delay = 0.00>
ST_2 : Operation 28 [1/1] (0.00ns)   --->   "%tmp_4 = partselect i15 @_ssdm_op_PartSelect.i15.i32.i32.i32, i32 %i_4, i32 1, i32 15" [/home/xiaorang/Documents/ATOMFLOW/sorting-organized-main/src/sortLatticeByRow.cpp:694->/home/xiaorang/Documents/ATOMFLOW/sorting-organized-main/src/sortLatticeByRow.cpp:1833]   --->   Operation 28 'partselect' 'tmp_4' <Predicate = (!icmp_ln772)> <Delay = 0.00>
ST_2 : Operation 29 [1/1] (0.00ns)   --->   "%or_ln2 = bitconcatenate i16 @_ssdm_op_BitConcatenate.i16.i15.i1, i15 %tmp_4, i1 1" [/home/xiaorang/Documents/ATOMFLOW/sorting-organized-main/src/sortLatticeByRow.cpp:694->/home/xiaorang/Documents/ATOMFLOW/sorting-organized-main/src/sortLatticeByRow.cpp:1833]   --->   Operation 29 'bitconcatenate' 'or_ln2' <Predicate = (!icmp_ln772)> <Delay = 0.00>
ST_2 : Operation 30 [1/1] (1.01ns)   --->   "%icmp_ln772_1 = icmp_slt  i32 %i_5, i32 %indicesLowerOrEqualMiddle_reload_read" [/home/xiaorang/Documents/ATOMFLOW/sorting-organized-main/src/sortLatticeByRow.cpp:772->/home/xiaorang/Documents/ATOMFLOW/sorting-organized-main/src/sortLatticeByRow.cpp:1833]   --->   Operation 30 'icmp' 'icmp_ln772_1' <Predicate = (!icmp_ln772)> <Delay = 1.01> <CoreInst = "Cmp">   --->   Core 9 'Cmp' <Latency = 0> <II = 1> <Delay = 1.01> <FuncUnit> <Opcode : 'seteq' 'setne' 'setle' 'setge' 'setlt' 'setgt'> <InPorts = 2> <OutPorts = 1>
ST_2 : Operation 31 [1/1] (0.42ns)   --->   "%br_ln772 = br i1 %icmp_ln772_1, void %for.inc415.0.i.preheader.split, void %for.inc397.1.i" [/home/xiaorang/Documents/ATOMFLOW/sorting-organized-main/src/sortLatticeByRow.cpp:772->/home/xiaorang/Documents/ATOMFLOW/sorting-organized-main/src/sortLatticeByRow.cpp:1833]   --->   Operation 31 'br' 'br_ln772' <Predicate = (!icmp_ln772)> <Delay = 0.42>
ST_2 : Operation 32 [1/1] (0.85ns)   --->   "%sub_ln778_1 = sub i16 %or_ln2, i16 %tmp" [/home/xiaorang/Documents/ATOMFLOW/sorting-organized-main/src/sortLatticeByRow.cpp:778->/home/xiaorang/Documents/ATOMFLOW/sorting-organized-main/src/sortLatticeByRow.cpp:1833]   --->   Operation 32 'sub' 'sub_ln778_1' <Predicate = (!icmp_ln772 & icmp_ln772_1)> <Delay = 0.85> <CoreInst = "Adder">   --->   Core 1 'Adder' <Latency = 0> <II = 1> <Delay = 0.85> <FuncUnit> <Opcode : 'add' 'sub'> <InPorts = 2> <OutPorts = 1>
ST_2 : Operation 33 [1/1] (0.76ns)   --->   "%end_colSelectionCount_6 = add i8 %end_colSelectionCount, i8 2" [/home/xiaorang/Documents/ATOMFLOW/sorting-organized-main/src/sortLatticeByRow.cpp:778->/home/xiaorang/Documents/ATOMFLOW/sorting-organized-main/src/sortLatticeByRow.cpp:1833]   --->   Operation 33 'add' 'end_colSelectionCount_6' <Predicate = (!icmp_ln772 & icmp_ln772_1)> <Delay = 0.76> <CoreInst = "Adder">   --->   Core 1 'Adder' <Latency = 0> <II = 1> <Delay = 0.76> <FuncUnit> <Opcode : 'add' 'sub'> <InPorts = 2> <OutPorts = 1>
ST_2 : Operation 34 [1/1] (0.00ns)   --->   "%zext_ln778_1 = zext i8 %end_colSelectionCount_4" [/home/xiaorang/Documents/ATOMFLOW/sorting-organized-main/src/sortLatticeByRow.cpp:778->/home/xiaorang/Documents/ATOMFLOW/sorting-organized-main/src/sortLatticeByRow.cpp:1833]   --->   Operation 34 'zext' 'zext_ln778_1' <Predicate = (!icmp_ln772 & icmp_ln772_1)> <Delay = 0.00>
ST_2 : Operation 35 [1/1] (0.00ns)   --->   "%end_colSelection_addr_2 = getelementptr i16 %end_colSelection, i64 0, i64 %zext_ln778_1" [/home/xiaorang/Documents/ATOMFLOW/sorting-organized-main/src/sortLatticeByRow.cpp:778->/home/xiaorang/Documents/ATOMFLOW/sorting-organized-main/src/sortLatticeByRow.cpp:1833]   --->   Operation 35 'getelementptr' 'end_colSelection_addr_2' <Predicate = (!icmp_ln772 & icmp_ln772_1)> <Delay = 0.00>
ST_2 : Operation 36 [1/1] ( I:0.67ns O:0.67ns )   --->   "%store_ln778 = store i16 %sub_ln778_1, i4 %end_colSelection_addr_2" [/home/xiaorang/Documents/ATOMFLOW/sorting-organized-main/src/sortLatticeByRow.cpp:778->/home/xiaorang/Documents/ATOMFLOW/sorting-organized-main/src/sortLatticeByRow.cpp:1833]   --->   Operation 36 'store' 'store_ln778' <Predicate = (!icmp_ln772 & icmp_ln772_1)> <Delay = 0.67> <CoreInst = "RAM">   --->   Core 82 'RAM' <Latency = 1> <II = 1> <Delay = 0.67> <Storage> <Opcode : 'load' 'store'> <Ports = 2> <Width = 16> <Depth = 16> <RAM>
ST_2 : Operation 37 [1/1] (1.01ns)   --->   "%i_6 = add i32 %i_4, i32 2" [/home/xiaorang/Documents/ATOMFLOW/sorting-organized-main/src/sortLatticeByRow.cpp:772->/home/xiaorang/Documents/ATOMFLOW/sorting-organized-main/src/sortLatticeByRow.cpp:1833]   --->   Operation 37 'add' 'i_6' <Predicate = (!icmp_ln772 & icmp_ln772_1)> <Delay = 1.01> <CoreInst = "Adder">   --->   Core 1 'Adder' <Latency = 0> <II = 1> <Delay = 1.01> <FuncUnit> <Opcode : 'add' 'sub'> <InPorts = 2> <OutPorts = 1>
ST_2 : Operation 38 [1/1] (0.42ns)   --->   "%store_ln694 = store i8 %end_colSelectionCount_6, i8 %end_colSelectionCount_3" [/home/xiaorang/Documents/ATOMFLOW/sorting-organized-main/src/sortLatticeByRow.cpp:694->/home/xiaorang/Documents/ATOMFLOW/sorting-organized-main/src/sortLatticeByRow.cpp:1833]   --->   Operation 38 'store' 'store_ln694' <Predicate = (!icmp_ln772 & icmp_ln772_1)> <Delay = 0.42>
ST_2 : Operation 39 [1/1] (0.42ns)   --->   "%store_ln772 = store i32 %i_6, i32 %i" [/home/xiaorang/Documents/ATOMFLOW/sorting-organized-main/src/sortLatticeByRow.cpp:772->/home/xiaorang/Documents/ATOMFLOW/sorting-organized-main/src/sortLatticeByRow.cpp:1833]   --->   Operation 39 'store' 'store_ln772' <Predicate = (!icmp_ln772 & icmp_ln772_1)> <Delay = 0.42>
ST_2 : Operation 40 [1/1] (0.00ns)   --->   "%br_ln772 = br void %for.inc397.0.i" [/home/xiaorang/Documents/ATOMFLOW/sorting-organized-main/src/sortLatticeByRow.cpp:772->/home/xiaorang/Documents/ATOMFLOW/sorting-organized-main/src/sortLatticeByRow.cpp:1833]   --->   Operation 40 'br' 'br_ln772' <Predicate = (!icmp_ln772 & icmp_ln772_1)> <Delay = 0.00>
ST_2 : Operation 41 [1/1] (0.00ns)   --->   "%end_colSelectionCount_6_ph_ce = phi i8 %end_colSelectionCount, void %for.inc397.0.i, i8 %end_colSelectionCount_4, void %for.inc397.0.i.split"   --->   Operation 41 'phi' 'end_colSelectionCount_6_ph_ce' <Predicate = (!icmp_ln772_1) | (icmp_ln772)> <Delay = 0.00>
ST_2 : Operation 42 [1/1] (0.00ns)   --->   "%write_ln778 = write void @_ssdm_op_Write.ap_auto.i8P0A, i8 %end_colSelectionCount_6_ph_ce_out, i8 %end_colSelectionCount_6_ph_ce" [/home/xiaorang/Documents/ATOMFLOW/sorting-organized-main/src/sortLatticeByRow.cpp:778->/home/xiaorang/Documents/ATOMFLOW/sorting-organized-main/src/sortLatticeByRow.cpp:1833]   --->   Operation 42 'write' 'write_ln778' <Predicate = (!icmp_ln772_1) | (icmp_ln772)> <Delay = 0.00>
ST_2 : Operation 43 [1/1] (0.42ns)   --->   "%ret_ln0 = ret"   --->   Operation 43 'ret' 'ret_ln0' <Predicate = (!icmp_ln772_1) | (icmp_ln772)> <Delay = 0.42>


============================================================
+ Verbose Summary: Timing violations
============================================================
Target clock period: 10.000ns, clock uncertainty: 2.700ns.

 <State 1>: 0.427ns
The critical path consists of the following:
	'alloca' operation 8 bit ('end.colSelectionCount', /home/xiaorang/Documents/ATOMFLOW/sorting-organized-main/src/sortLatticeByRow.cpp:694->/home/xiaorang/Documents/ATOMFLOW/sorting-organized-main/src/sortLatticeByRow.cpp:1833) [7]  (0.000 ns)
	'store' operation 0 bit ('store_ln694', /home/xiaorang/Documents/ATOMFLOW/sorting-organized-main/src/sortLatticeByRow.cpp:694->/home/xiaorang/Documents/ATOMFLOW/sorting-organized-main/src/sortLatticeByRow.cpp:1833) of constant 0 on local variable 'end.colSelectionCount', /home/xiaorang/Documents/ATOMFLOW/sorting-organized-main/src/sortLatticeByRow.cpp:694->/home/xiaorang/Documents/ATOMFLOW/sorting-organized-main/src/sortLatticeByRow.cpp:1833 [11]  (0.427 ns)

 <State 2>: 1.693ns
The critical path consists of the following:
	'load' operation 32 bit ('i', /home/xiaorang/Documents/ATOMFLOW/sorting-organized-main/src/sortLatticeByRow.cpp:772->/home/xiaorang/Documents/ATOMFLOW/sorting-organized-main/src/sortLatticeByRow.cpp:1833) on local variable 'i', /home/xiaorang/Documents/ATOMFLOW/sorting-organized-main/src/sortLatticeByRow.cpp:772->/home/xiaorang/Documents/ATOMFLOW/sorting-organized-main/src/sortLatticeByRow.cpp:1833 [15]  (0.000 ns)
	'icmp' operation 1 bit ('icmp_ln772', /home/xiaorang/Documents/ATOMFLOW/sorting-organized-main/src/sortLatticeByRow.cpp:772->/home/xiaorang/Documents/ATOMFLOW/sorting-organized-main/src/sortLatticeByRow.cpp:1833) [17]  (1.016 ns)
	'store' operation 0 bit ('store_ln778', /home/xiaorang/Documents/ATOMFLOW/sorting-organized-main/src/sortLatticeByRow.cpp:778->/home/xiaorang/Documents/ATOMFLOW/sorting-organized-main/src/sortLatticeByRow.cpp:1833) of variable 'sub_ln778_1', /home/xiaorang/Documents/ATOMFLOW/sorting-organized-main/src/sortLatticeByRow.cpp:778->/home/xiaorang/Documents/ATOMFLOW/sorting-organized-main/src/sortLatticeByRow.cpp:1833 on array 'end_colSelection' [41]  (0.677 ns)


============================================================
+ Verbose Summary: Binding
============================================================
N/A
* FSMD analyzer results:
  - Output states:
 - Input state : 
  - Chain level:
	State 1
	State 2


============================================================
+ Verbose Summary: Datapath Resource usage 
============================================================
N/A
