

================================================================
== Vitis HLS Report for 'sortRemainingRowsOrCols_HLSMoveStream_Pipeline_VITIS_LOOP_666_8'
================================================================
* Date:           Sat Mar 28 14:02:29 2026

* Version:        2024.2 (Build 5238294 on Nov  8 2024)
* Project:        atomflow_controller_2024_2
* Solution:       hls (Vivado IP Flow Target)
* Product family: zynquplusRFSOC
* Target device:  xczu49dr-ffvf1760-2-e


================================================================
== Performance Estimates
================================================================
+ Timing: 
    * Summary: 
    +--------+----------+----------+------------+
    |  Clock |  Target  | Estimated| Uncertainty|
    +--------+----------+----------+------------+
    |ap_clk  |  10.00 ns|  3.939 ns|     2.70 ns|
    +--------+----------+----------+------------+

+ Latency: 
    * Summary: 
    +---------+---------+-----------+----------+-----+-----+------------------------------------------------+
    |  Latency (cycles) |  Latency (absolute)  |  Interval |                    Pipeline                    |
    |   min   |   max   |    min    |    max   | min | max |                      Type                      |
    +---------+---------+-----------+----------+-----+-----+------------------------------------------------+
    |        3|       67|  30.000 ns|  0.670 us|    2|   66|  loop auto-rewind stp (delay=0 clock cycles(s))|
    +---------+---------+-----------+----------+-----+-----+------------------------------------------------+

    + Detail: 
        * Instance: 
        N/A

        * Loop: 
        +--------------------+---------+---------+----------+-----------+-----------+--------+----------+
        |                    |  Latency (cycles) | Iteration|  Initiation Interval  |  Trip  |          |
        |      Loop Name     |   min   |   max   |  Latency |  achieved |   target  |  Count | Pipelined|
        +--------------------+---------+---------+----------+-----------+-----------+--------+----------+
        |- VITIS_LOOP_666_8  |        1|       65|         2|          2|          1|  0 ~ 32|       yes|
        +--------------------+---------+---------+----------+-----------+-----------+--------+----------+

============================================================
+ Verbose Summary: Synthesis Manager
============================================================
InlineROM: 1
ExposeGlobal: 0
============================================================
+ Verbose Summary: CDFG Model
============================================================
IsTopModel: 0
ResetActiveHigh: 1
IsCombinational: 0
IsDatapathOnly: 0
HasWiredReturn: 1
HasMFsm: 2
HasVarLatency: 1
IsPipeline: 0
IsRtlPipelined: 0
IsInstanceOverlapped: 0
IsDontTouch: 0
HasImplIP: 0
IsGatedGlobalClock: 0

+ Individual pipeline summary: 
  * Pipeline-0: initiation interval (II) = 2, depth = 3


============================================================
+ Verbose Summary: Schedule
============================================================
* Number of FSM states : 3
* Pipeline : 1
  Pipeline-0 : II = 2, D = 3, States = { 1 2 3 }
* Dataflow Pipeline: 0

* FSM state transitions: 
1 --> 2 
2 --> 3 
3 --> 

* FSM state operations: 

State 1 <SV = 0> <Delay = 0.42>
ST_1 : Operation 5 [1/1] (0.00ns)   --->   "%reuse_addr_reg = alloca i32 1"   --->   Operation 5 'alloca' 'reuse_addr_reg' <Predicate = true> <Delay = 0.00>
ST_1 : Operation 6 [1/1] (0.00ns)   --->   "%reuse_reg = alloca i32 1"   --->   Operation 6 'alloca' 'reuse_reg' <Predicate = true> <Delay = 0.00>
ST_1 : Operation 7 [1/1] (0.00ns)   --->   "%j = alloca i32 1" [/home/xiaorang/Documents/ATOMFLOW/sorting-organized-main/src/sortLatticeByRow.cpp:664->/home/xiaorang/Documents/ATOMFLOW/sorting-organized-main/src/sortLatticeByRow.cpp:1833]   --->   Operation 7 'alloca' 'j' <Predicate = true> <Delay = 0.00>
ST_1 : Operation 8 [1/1] (0.00ns)   --->   "%key_read = read i32 @_ssdm_op_Read.ap_auto.i32, i32 %key"   --->   Operation 8 'read' 'key_read' <Predicate = true> <Delay = 0.00>
ST_1 : Operation 9 [1/1] (0.00ns)   --->   "%zext_ln620_1_read = read i16 @_ssdm_op_Read.ap_auto.i16, i16 %zext_ln620_1"   --->   Operation 9 'read' 'zext_ln620_1_read' <Predicate = true> <Delay = 0.00>
ST_1 : Operation 10 [1/1] (0.00ns)   --->   "%indexXC_read = read i8 @_ssdm_op_Read.ap_auto.i8, i8 %indexXC"   --->   Operation 10 'read' 'indexXC_read' <Predicate = true> <Delay = 0.00>
ST_1 : Operation 11 [1/1] (0.00ns)   --->   "%zext_ln658_1_read = read i8 @_ssdm_op_Read.ap_auto.i8, i8 %zext_ln658_1"   --->   Operation 11 'read' 'zext_ln658_1_read' <Predicate = true> <Delay = 0.00>
ST_1 : Operation 12 [1/1] (0.00ns)   --->   "%zext_ln658_1_cast = zext i8 %zext_ln658_1_read"   --->   Operation 12 'zext' 'zext_ln658_1_cast' <Predicate = true> <Delay = 0.00>
ST_1 : Operation 13 [1/1] (0.00ns)   --->   "%specmemcore_ln0 = specmemcore void @_ssdm_op_SpecMemCore, i32 %unusableAtoms_data, i64 666, i64 22, i64 18446744073709551615"   --->   Operation 13 'specmemcore' 'specmemcore_ln0' <Predicate = true> <Delay = 0.00>
ST_1 : Operation 14 [1/1] (0.42ns)   --->   "%store_ln664 = store i9 %zext_ln658_1_cast, i9 %j" [/home/xiaorang/Documents/ATOMFLOW/sorting-organized-main/src/sortLatticeByRow.cpp:664->/home/xiaorang/Documents/ATOMFLOW/sorting-organized-main/src/sortLatticeByRow.cpp:1833]   --->   Operation 14 'store' 'store_ln664' <Predicate = true> <Delay = 0.42>
ST_1 : Operation 15 [1/1] (0.42ns)   --->   "%store_ln0 = store i32 0, i32 %reuse_reg"   --->   Operation 15 'store' 'store_ln0' <Predicate = true> <Delay = 0.42>
ST_1 : Operation 16 [1/1] (0.42ns)   --->   "%store_ln0 = store i64 18446744073709551615, i64 %reuse_addr_reg"   --->   Operation 16 'store' 'store_ln0' <Predicate = true> <Delay = 0.42>
ST_1 : Operation 17 [1/1] (0.00ns)   --->   "%br_ln0 = br void %while.cond.i"   --->   Operation 17 'br' 'br_ln0' <Predicate = true> <Delay = 0.00>

State 2 <SV = 1> <Delay = 2.09>
ST_2 : Operation 18 [1/1] (0.00ns)   --->   "%j_1 = load i9 %j" [/home/xiaorang/Documents/ATOMFLOW/sorting-organized-main/src/sortLatticeByRow.cpp:666->/home/xiaorang/Documents/ATOMFLOW/sorting-organized-main/src/sortLatticeByRow.cpp:1833]   --->   Operation 18 'load' 'j_1' <Predicate = true> <Delay = 0.00>
ST_2 : Operation 19 [1/1] (0.00ns)   --->   "%trunc_ln666 = trunc i9 %j_1" [/home/xiaorang/Documents/ATOMFLOW/sorting-organized-main/src/sortLatticeByRow.cpp:666->/home/xiaorang/Documents/ATOMFLOW/sorting-organized-main/src/sortLatticeByRow.cpp:1833]   --->   Operation 19 'trunc' 'trunc_ln666' <Predicate = true> <Delay = 0.00>
ST_2 : Operation 20 [1/1] (0.00ns)   --->   "%tmp = bitselect i1 @_ssdm_op_BitSelect.i1.i9.i32, i9 %j_1, i32 8" [/home/xiaorang/Documents/ATOMFLOW/sorting-organized-main/src/sortLatticeByRow.cpp:666->/home/xiaorang/Documents/ATOMFLOW/sorting-organized-main/src/sortLatticeByRow.cpp:1833]   --->   Operation 20 'bitselect' 'tmp' <Predicate = true> <Delay = 0.00>
ST_2 : Operation 21 [1/1] (0.00ns)   --->   "%br_ln666 = br i1 %tmp, void %land.rhs191.i, void %for.inc213.i.exitStub" [/home/xiaorang/Documents/ATOMFLOW/sorting-organized-main/src/sortLatticeByRow.cpp:666->/home/xiaorang/Documents/ATOMFLOW/sorting-organized-main/src/sortLatticeByRow.cpp:1833]   --->   Operation 21 'br' 'br_ln666' <Predicate = true> <Delay = 0.00>
ST_2 : Operation 22 [1/1] (0.00ns)   --->   "%zext_ln666 = zext i9 %j_1" [/home/xiaorang/Documents/ATOMFLOW/sorting-organized-main/src/sortLatticeByRow.cpp:666->/home/xiaorang/Documents/ATOMFLOW/sorting-organized-main/src/sortLatticeByRow.cpp:1833]   --->   Operation 22 'zext' 'zext_ln666' <Predicate = (!tmp)> <Delay = 0.00>
ST_2 : Operation 23 [1/1] (0.85ns)   --->   "%add_ln666 = add i16 %zext_ln620_1_read, i16 %zext_ln666" [/home/xiaorang/Documents/ATOMFLOW/sorting-organized-main/src/sortLatticeByRow.cpp:666->/home/xiaorang/Documents/ATOMFLOW/sorting-organized-main/src/sortLatticeByRow.cpp:1833]   --->   Operation 23 'add' 'add_ln666' <Predicate = (!tmp)> <Delay = 0.85> <CoreInst = "Adder">   --->   Core 1 'Adder' <Latency = 0> <II = 1> <Delay = 0.85> <FuncUnit> <Opcode : 'add' 'sub'> <InPorts = 2> <OutPorts = 1>
ST_2 : Operation 24 [1/1] (0.00ns)   --->   "%zext_ln666_1 = zext i16 %add_ln666" [/home/xiaorang/Documents/ATOMFLOW/sorting-organized-main/src/sortLatticeByRow.cpp:666->/home/xiaorang/Documents/ATOMFLOW/sorting-organized-main/src/sortLatticeByRow.cpp:1833]   --->   Operation 24 'zext' 'zext_ln666_1' <Predicate = (!tmp)> <Delay = 0.00>
ST_2 : Operation 25 [1/1] (0.00ns)   --->   "%unusableAtoms_data_addr = getelementptr i32 %unusableAtoms_data, i64 0, i64 %zext_ln666_1" [/home/xiaorang/Documents/ATOMFLOW/sorting-organized-main/src/sortLatticeByRow.cpp:666->/home/xiaorang/Documents/ATOMFLOW/sorting-organized-main/src/sortLatticeByRow.cpp:1833]   --->   Operation 25 'getelementptr' 'unusableAtoms_data_addr' <Predicate = (!tmp)> <Delay = 0.00>
ST_2 : Operation 26 [1/1] (0.00ns)   --->   "%reuse_addr_reg_load = load i64 %reuse_addr_reg"   --->   Operation 26 'load' 'reuse_addr_reg_load' <Predicate = (!tmp)> <Delay = 0.00>
ST_2 : Operation 27 [2/2] (1.23ns)   --->   "%unusableAtoms_data_load = load i16 %unusableAtoms_data_addr" [/home/xiaorang/Documents/ATOMFLOW/sorting-organized-main/src/sortLatticeByRow.cpp:666->/home/xiaorang/Documents/ATOMFLOW/sorting-organized-main/src/sortLatticeByRow.cpp:1833]   --->   Operation 27 'load' 'unusableAtoms_data_load' <Predicate = (!tmp)> <Delay = 1.23> <CoreInst = "RAM_2P_BRAM">   --->   Core 93 'RAM_2P_BRAM' <Latency = 1> <II = 1> <Delay = 1.23> <Storage> <Opcode : 'load' 'store'> <Ports = 2> <Width = 32> <Depth = 65536> <RAM>
ST_2 : Operation 28 [1/1] (1.08ns)   --->   "%addr_cmp = icmp_eq  i64 %reuse_addr_reg_load, i64 %zext_ln666_1" [/home/xiaorang/Documents/ATOMFLOW/sorting-organized-main/src/sortLatticeByRow.cpp:666->/home/xiaorang/Documents/ATOMFLOW/sorting-organized-main/src/sortLatticeByRow.cpp:1833]   --->   Operation 28 'icmp' 'addr_cmp' <Predicate = (!tmp)> <Delay = 1.08> <CoreInst = "Cmp">   --->   Core 9 'Cmp' <Latency = 0> <II = 1> <Delay = 1.08> <FuncUnit> <Opcode : 'seteq' 'setne' 'setle' 'setge' 'setlt' 'setgt'> <InPorts = 2> <OutPorts = 1>

State 3 <SV = 2> <Delay = 3.93>
ST_3 : Operation 29 [1/1] (0.00ns)   --->   "%specpipeline_ln668 = specpipeline void @_ssdm_op_SpecPipeline, i32 1, i32 0, i32 0, i32 0, void @empty_18" [/home/xiaorang/Documents/ATOMFLOW/sorting-organized-main/src/sortLatticeByRow.cpp:668->/home/xiaorang/Documents/ATOMFLOW/sorting-organized-main/src/sortLatticeByRow.cpp:1833]   --->   Operation 29 'specpipeline' 'specpipeline_ln668' <Predicate = (!tmp)> <Delay = 0.00>
ST_3 : Operation 30 [1/1] (0.00ns)   --->   "%speclooptripcount_ln669 = speclooptripcount void @_ssdm_op_SpecLoopTripCount, i64 0, i64 32, i64 16" [/home/xiaorang/Documents/ATOMFLOW/sorting-organized-main/src/sortLatticeByRow.cpp:669->/home/xiaorang/Documents/ATOMFLOW/sorting-organized-main/src/sortLatticeByRow.cpp:1833]   --->   Operation 30 'speclooptripcount' 'speclooptripcount_ln669' <Predicate = (!tmp)> <Delay = 0.00>
ST_3 : Operation 31 [1/1] (0.00ns)   --->   "%specloopname_ln666 = specloopname void @_ssdm_op_SpecLoopName, void @empty_59" [/home/xiaorang/Documents/ATOMFLOW/sorting-organized-main/src/sortLatticeByRow.cpp:666->/home/xiaorang/Documents/ATOMFLOW/sorting-organized-main/src/sortLatticeByRow.cpp:1833]   --->   Operation 31 'specloopname' 'specloopname_ln666' <Predicate = (!tmp)> <Delay = 0.00>
ST_3 : Operation 32 [1/1] (0.00ns)   --->   "%reuse_reg_load = load i32 %reuse_reg"   --->   Operation 32 'load' 'reuse_reg_load' <Predicate = (!tmp & addr_cmp)> <Delay = 0.00>
ST_3 : Operation 33 [1/2] ( I:1.23ns O:1.23ns )   --->   "%unusableAtoms_data_load = load i16 %unusableAtoms_data_addr" [/home/xiaorang/Documents/ATOMFLOW/sorting-organized-main/src/sortLatticeByRow.cpp:666->/home/xiaorang/Documents/ATOMFLOW/sorting-organized-main/src/sortLatticeByRow.cpp:1833]   --->   Operation 33 'load' 'unusableAtoms_data_load' <Predicate = (!tmp)> <Delay = 1.23> <CoreInst = "RAM_2P_BRAM">   --->   Core 93 'RAM_2P_BRAM' <Latency = 1> <II = 1> <Delay = 1.23> <Storage> <Opcode : 'load' 'store'> <Ports = 2> <Width = 32> <Depth = 65536> <RAM>
ST_3 : Operation 34 [1/1] (0.44ns)   --->   "%reuse_select = select i1 %addr_cmp, i32 %reuse_reg_load, i32 %unusableAtoms_data_load" [/home/xiaorang/Documents/ATOMFLOW/sorting-organized-main/src/sortLatticeByRow.cpp:666->/home/xiaorang/Documents/ATOMFLOW/sorting-organized-main/src/sortLatticeByRow.cpp:1833]   --->   Operation 34 'select' 'reuse_select' <Predicate = (!tmp)> <Delay = 0.44> <CoreInst = "Sel">   --->   Core 73 'Sel' <Latency = 0> <II = 1> <Delay = 0.44> <FuncUnit> <Opcode : 'select'> <InPorts = 3> <OutPorts = 1>
ST_3 : Operation 35 [1/1] (1.01ns)   --->   "%icmp_ln666 = icmp_sgt  i32 %reuse_select, i32 %key_read" [/home/xiaorang/Documents/ATOMFLOW/sorting-organized-main/src/sortLatticeByRow.cpp:666->/home/xiaorang/Documents/ATOMFLOW/sorting-organized-main/src/sortLatticeByRow.cpp:1833]   --->   Operation 35 'icmp' 'icmp_ln666' <Predicate = (!tmp)> <Delay = 1.01> <CoreInst = "Cmp">   --->   Core 9 'Cmp' <Latency = 0> <II = 1> <Delay = 1.01> <FuncUnit> <Opcode : 'seteq' 'setne' 'setle' 'setge' 'setlt' 'setgt'> <InPorts = 2> <OutPorts = 1>
ST_3 : Operation 36 [1/1] (0.00ns)   --->   "%br_ln666 = br i1 %icmp_ln666, void %for.inc213.i.exitStub, void %while.body.i" [/home/xiaorang/Documents/ATOMFLOW/sorting-organized-main/src/sortLatticeByRow.cpp:666->/home/xiaorang/Documents/ATOMFLOW/sorting-organized-main/src/sortLatticeByRow.cpp:1833]   --->   Operation 36 'br' 'br_ln666' <Predicate = (!tmp)> <Delay = 0.00>
ST_3 : Operation 37 [1/1] (0.76ns)   --->   "%add_ln671 = add i8 %trunc_ln666, i8 1" [/home/xiaorang/Documents/ATOMFLOW/sorting-organized-main/src/sortLatticeByRow.cpp:671->/home/xiaorang/Documents/ATOMFLOW/sorting-organized-main/src/sortLatticeByRow.cpp:1833]   --->   Operation 37 'add' 'add_ln671' <Predicate = (!tmp & icmp_ln666)> <Delay = 0.76> <CoreInst = "Adder">   --->   Core 1 'Adder' <Latency = 0> <II = 1> <Delay = 0.76> <FuncUnit> <Opcode : 'add' 'sub'> <InPorts = 2> <OutPorts = 1>
ST_3 : Operation 38 [1/1] (0.00ns)   --->   "%tmp_s = bitconcatenate i16 @_ssdm_op_BitConcatenate.i16.i8.i8, i8 %indexXC_read, i8 %add_ln671" [/home/xiaorang/Documents/ATOMFLOW/sorting-organized-main/src/sortLatticeByRow.cpp:671->/home/xiaorang/Documents/ATOMFLOW/sorting-organized-main/src/sortLatticeByRow.cpp:1833]   --->   Operation 38 'bitconcatenate' 'tmp_s' <Predicate = (!tmp & icmp_ln666)> <Delay = 0.00>
ST_3 : Operation 39 [1/1] (0.00ns)   --->   "%zext_ln671 = zext i16 %tmp_s" [/home/xiaorang/Documents/ATOMFLOW/sorting-organized-main/src/sortLatticeByRow.cpp:671->/home/xiaorang/Documents/ATOMFLOW/sorting-organized-main/src/sortLatticeByRow.cpp:1833]   --->   Operation 39 'zext' 'zext_ln671' <Predicate = (!tmp & icmp_ln666)> <Delay = 0.00>
ST_3 : Operation 40 [1/1] (0.00ns)   --->   "%unusableAtoms_data_addr_1 = getelementptr i32 %unusableAtoms_data, i64 0, i64 %zext_ln671" [/home/xiaorang/Documents/ATOMFLOW/sorting-organized-main/src/sortLatticeByRow.cpp:671->/home/xiaorang/Documents/ATOMFLOW/sorting-organized-main/src/sortLatticeByRow.cpp:1833]   --->   Operation 40 'getelementptr' 'unusableAtoms_data_addr_1' <Predicate = (!tmp & icmp_ln666)> <Delay = 0.00>
ST_3 : Operation 41 [1/1] ( I:1.23ns O:1.23ns )   --->   "%store_ln671 = store i32 %reuse_select, i16 %unusableAtoms_data_addr_1" [/home/xiaorang/Documents/ATOMFLOW/sorting-organized-main/src/sortLatticeByRow.cpp:671->/home/xiaorang/Documents/ATOMFLOW/sorting-organized-main/src/sortLatticeByRow.cpp:1833]   --->   Operation 41 'store' 'store_ln671' <Predicate = (!tmp & icmp_ln666)> <Delay = 1.23> <CoreInst = "RAM_2P_BRAM">   --->   Core 93 'RAM_2P_BRAM' <Latency = 1> <II = 1> <Delay = 1.23> <Storage> <Opcode : 'load' 'store'> <Ports = 2> <Width = 32> <Depth = 65536> <RAM>
ST_3 : Operation 42 [1/1] (0.42ns)   --->   "%store_ln666 = store i32 %reuse_select, i32 %reuse_reg" [/home/xiaorang/Documents/ATOMFLOW/sorting-organized-main/src/sortLatticeByRow.cpp:666->/home/xiaorang/Documents/ATOMFLOW/sorting-organized-main/src/sortLatticeByRow.cpp:1833]   --->   Operation 42 'store' 'store_ln666' <Predicate = (!tmp & icmp_ln666)> <Delay = 0.42>
ST_3 : Operation 43 [1/1] (0.42ns)   --->   "%store_ln671 = store i64 %zext_ln671, i64 %reuse_addr_reg" [/home/xiaorang/Documents/ATOMFLOW/sorting-organized-main/src/sortLatticeByRow.cpp:671->/home/xiaorang/Documents/ATOMFLOW/sorting-organized-main/src/sortLatticeByRow.cpp:1833]   --->   Operation 43 'store' 'store_ln671' <Predicate = (!tmp & icmp_ln666)> <Delay = 0.42>
ST_3 : Operation 44 [1/1] (0.77ns)   --->   "%add_ln672 = add i9 %j_1, i9 511" [/home/xiaorang/Documents/ATOMFLOW/sorting-organized-main/src/sortLatticeByRow.cpp:672->/home/xiaorang/Documents/ATOMFLOW/sorting-organized-main/src/sortLatticeByRow.cpp:1833]   --->   Operation 44 'add' 'add_ln672' <Predicate = (!tmp & icmp_ln666)> <Delay = 0.77> <CoreInst = "Adder">   --->   Core 1 'Adder' <Latency = 0> <II = 1> <Delay = 0.77> <FuncUnit> <Opcode : 'add' 'sub'> <InPorts = 2> <OutPorts = 1>
ST_3 : Operation 45 [1/1] (0.42ns)   --->   "%store_ln664 = store i9 %add_ln672, i9 %j" [/home/xiaorang/Documents/ATOMFLOW/sorting-organized-main/src/sortLatticeByRow.cpp:664->/home/xiaorang/Documents/ATOMFLOW/sorting-organized-main/src/sortLatticeByRow.cpp:1833]   --->   Operation 45 'store' 'store_ln664' <Predicate = (!tmp & icmp_ln666)> <Delay = 0.42>
ST_3 : Operation 46 [1/1] (0.00ns)   --->   "%br_ln666 = br void %while.cond.i" [/home/xiaorang/Documents/ATOMFLOW/sorting-organized-main/src/sortLatticeByRow.cpp:666->/home/xiaorang/Documents/ATOMFLOW/sorting-organized-main/src/sortLatticeByRow.cpp:1833]   --->   Operation 46 'br' 'br_ln666' <Predicate = (!tmp & icmp_ln666)> <Delay = 0.00>
ST_3 : Operation 47 [1/1] (0.00ns)   --->   "%write_ln666 = write void @_ssdm_op_Write.ap_auto.i8P0A, i8 %j_out, i8 %trunc_ln666" [/home/xiaorang/Documents/ATOMFLOW/sorting-organized-main/src/sortLatticeByRow.cpp:666->/home/xiaorang/Documents/ATOMFLOW/sorting-organized-main/src/sortLatticeByRow.cpp:1833]   --->   Operation 47 'write' 'write_ln666' <Predicate = (!icmp_ln666) | (tmp)> <Delay = 0.00>
ST_3 : Operation 48 [1/1] (0.42ns)   --->   "%ret_ln0 = ret"   --->   Operation 48 'ret' 'ret_ln0' <Predicate = (!icmp_ln666) | (tmp)> <Delay = 0.42>


============================================================
+ Verbose Summary: Binding
============================================================
STG Binding: 
---------------- STG Properties BEGIN ----------------
- Is combinational: 0
- Is one-state seq: 0
- Is datapath-only: 0
- Is pipelined: 0
- Is top level: 0
Port [ Return ] is wired: 1; IO mode=ap_ctrl_hs:ce=0
Port [ zext_ln658_1]:  wired=1; compound=0; hidden=0; nouse=0; global=0; static=0; extern=0; dir=0; type=0; pingpong=0; private_global=0; IO mode=ap_none:ce=0
Port [ indexXC]:  wired=1; compound=0; hidden=0; nouse=0; global=0; static=0; extern=0; dir=0; type=0; pingpong=0; private_global=0; IO mode=ap_none:ce=0
Port [ unusableAtoms_data]:  wired=1; compound=1; hidden=0; nouse=0; global=0; static=0; extern=0; dir=2; type=1; pingpong=0; private_global=0; MemPort=[10]; IO mode=ap_memory:ce=0
Port [ zext_ln620_1]:  wired=1; compound=0; hidden=0; nouse=0; global=0; static=0; extern=0; dir=0; type=0; pingpong=0; private_global=0; IO mode=ap_none:ce=0
Port [ key]:  wired=1; compound=0; hidden=0; nouse=0; global=0; static=0; extern=0; dir=0; type=0; pingpong=0; private_global=0; IO mode=ap_none:ce=0
Port [ j_out]:  wired=1; compound=0; hidden=0; nouse=0; global=0; static=0; extern=0; dir=1; type=0; pingpong=0; private_global=0; IO mode=ap_vld:ce=0
---------------- STG Properties END ------------------

---------------- Datapath Model BEGIN ----------------

<LifeTime>
<method=bitvector/>
reuse_addr_reg            (alloca           ) [ 0111]
reuse_reg                 (alloca           ) [ 0111]
j                         (alloca           ) [ 0111]
key_read                  (read             ) [ 0111]
zext_ln620_1_read         (read             ) [ 0010]
indexXC_read              (read             ) [ 0111]
zext_ln658_1_read         (read             ) [ 0000]
zext_ln658_1_cast         (zext             ) [ 0000]
specmemcore_ln0           (specmemcore      ) [ 0000]
store_ln664               (store            ) [ 0000]
store_ln0                 (store            ) [ 0000]
store_ln0                 (store            ) [ 0000]
br_ln0                    (br               ) [ 0000]
j_1                       (load             ) [ 0101]
trunc_ln666               (trunc            ) [ 0101]
tmp                       (bitselect        ) [ 0111]
br_ln666                  (br               ) [ 0000]
zext_ln666                (zext             ) [ 0000]
add_ln666                 (add              ) [ 0000]
zext_ln666_1              (zext             ) [ 0000]
unusableAtoms_data_addr   (getelementptr    ) [ 0101]
reuse_addr_reg_load       (load             ) [ 0000]
addr_cmp                  (icmp             ) [ 0101]
specpipeline_ln668        (specpipeline     ) [ 0000]
speclooptripcount_ln669   (speclooptripcount) [ 0000]
specloopname_ln666        (specloopname     ) [ 0000]
reuse_reg_load            (load             ) [ 0000]
unusableAtoms_data_load   (load             ) [ 0000]
reuse_select              (select           ) [ 0000]
icmp_ln666                (icmp             ) [ 0101]
br_ln666                  (br               ) [ 0000]
add_ln671                 (add              ) [ 0000]
tmp_s                     (bitconcatenate   ) [ 0000]
zext_ln671                (zext             ) [ 0000]
unusableAtoms_data_addr_1 (getelementptr    ) [ 0000]
store_ln671               (store            ) [ 0000]
store_ln666               (store            ) [ 0000]
store_ln671               (store            ) [ 0000]
add_ln672                 (add              ) [ 0000]
store_ln664               (store            ) [ 0000]
br_ln666                  (br               ) [ 0000]
write_ln666               (write            ) [ 0000]
ret_ln0                   (ret              ) [ 0000]
</LifeTime>

<model>

<comp_list>
<comp id="0" class="1000" name="zext_ln658_1">
<pin_list>
<pin id="1" dir="1" index="0" bw="1" slack="0"/>
</pin_list>
<bind>
<StgValue><ssdm name="zext_ln658_1"/></StgValue>
</bind>
</comp>

<comp id="2" class="1000" name="indexXC">
<pin_list>
<pin id="3" dir="1" index="0" bw="1" slack="0"/>
</pin_list>
<bind>
<StgValue><ssdm name="indexXC"/></StgValue>
</bind>
</comp>

<comp id="4" class="1000" name="unusableAtoms_data">
<pin_list>
<pin id="5" dir="1" index="0" bw="1" slack="0"/>
</pin_list>
<bind>
<StgValue><ssdm name="unusableAtoms_data"/><MemPortTyVec>1 0 </MemPortTyVec>
</StgValue>
</bind>
</comp>

<comp id="6" class="1000" name="zext_ln620_1">
<pin_list>
<pin id="7" dir="1" index="0" bw="1" slack="0"/>
</pin_list>
<bind>
<StgValue><ssdm name="zext_ln620_1"/></StgValue>
</bind>
</comp>

<comp id="8" class="1000" name="key">
<pin_list>
<pin id="9" dir="1" index="0" bw="1" slack="0"/>
</pin_list>
<bind>
<StgValue><ssdm name="key"/></StgValue>
</bind>
</comp>

<comp id="10" class="1000" name="j_out">
<pin_list>
<pin id="11" dir="1" index="0" bw="1" slack="0"/>
</pin_list>
<bind>
<StgValue><ssdm name="j_out"/></StgValue>
</bind>
</comp>

<comp id="12" class="1001" name="const_12">
<pin_list>
<pin id="13" dir="1" index="0" bw="1" slack="0"/>
</pin_list>
<bind>
<StgValue><ssdm name=""/></StgValue>
</bind>
</comp>

<comp id="14" class="1001" name="const_14">
<pin_list>
<pin id="15" dir="1" index="0" bw="1" slack="0"/>
</pin_list>
<bind>
<StgValue><ssdm name="_ssdm_op_Read.ap_auto.i32"/></StgValue>
</bind>
</comp>

<comp id="16" class="1001" name="const_16">
<pin_list>
<pin id="17" dir="1" index="0" bw="1" slack="0"/>
</pin_list>
<bind>
<StgValue><ssdm name="_ssdm_op_Read.ap_auto.i16"/></StgValue>
</bind>
</comp>

<comp id="18" class="1001" name="const_18">
<pin_list>
<pin id="19" dir="1" index="0" bw="1" slack="0"/>
</pin_list>
<bind>
<StgValue><ssdm name="_ssdm_op_Read.ap_auto.i8"/></StgValue>
</bind>
</comp>

<comp id="20" class="1001" name="const_20">
<pin_list>
<pin id="21" dir="1" index="0" bw="1" slack="2147483647"/>
</pin_list>
<bind>
<StgValue><ssdm name="_ssdm_op_SpecMemCore"/></StgValue>
</bind>
</comp>

<comp id="22" class="1001" name="const_22">
<pin_list>
<pin id="23" dir="1" index="0" bw="1" slack="2147483647"/>
</pin_list>
<bind>
<StgValue><ssdm name=""/></StgValue>
</bind>
</comp>

<comp id="24" class="1001" name="const_24">
<pin_list>
<pin id="25" dir="1" index="0" bw="1" slack="2147483647"/>
</pin_list>
<bind>
<StgValue><ssdm name=""/></StgValue>
</bind>
</comp>

<comp id="26" class="1001" name="const_26">
<pin_list>
<pin id="27" dir="1" index="0" bw="1" slack="0"/>
</pin_list>
<bind>
<StgValue><ssdm name=""/></StgValue>
</bind>
</comp>

<comp id="28" class="1001" name="const_28">
<pin_list>
<pin id="29" dir="1" index="0" bw="1" slack="0"/>
</pin_list>
<bind>
<StgValue><ssdm name=""/></StgValue>
</bind>
</comp>

<comp id="30" class="1001" name="const_30">
<pin_list>
<pin id="31" dir="1" index="0" bw="1" slack="0"/>
</pin_list>
<bind>
<StgValue><ssdm name="_ssdm_op_BitSelect.i1.i9.i32"/></StgValue>
</bind>
</comp>

<comp id="32" class="1001" name="const_32">
<pin_list>
<pin id="33" dir="1" index="0" bw="1" slack="0"/>
</pin_list>
<bind>
<StgValue><ssdm name=""/></StgValue>
</bind>
</comp>

<comp id="34" class="1001" name="const_34">
<pin_list>
<pin id="35" dir="1" index="0" bw="1" slack="0"/>
</pin_list>
<bind>
<StgValue><ssdm name=""/></StgValue>
</bind>
</comp>

<comp id="36" class="1001" name="const_36">
<pin_list>
<pin id="37" dir="1" index="0" bw="1" slack="2147483647"/>
</pin_list>
<bind>
<StgValue><ssdm name="_ssdm_op_SpecPipeline"/></StgValue>
</bind>
</comp>

<comp id="38" class="1001" name="const_38">
<pin_list>
<pin id="39" dir="1" index="0" bw="1" slack="2147483647"/>
</pin_list>
<bind>
<StgValue><ssdm name="empty_18"/></StgValue>
</bind>
</comp>

<comp id="40" class="1001" name="const_40">
<pin_list>
<pin id="41" dir="1" index="0" bw="1" slack="2147483647"/>
</pin_list>
<bind>
<StgValue><ssdm name="_ssdm_op_SpecLoopTripCount"/></StgValue>
</bind>
</comp>

<comp id="42" class="1001" name="const_42">
<pin_list>
<pin id="43" dir="1" index="0" bw="1" slack="2147483647"/>
</pin_list>
<bind>
<StgValue><ssdm name=""/></StgValue>
</bind>
</comp>

<comp id="44" class="1001" name="const_44">
<pin_list>
<pin id="45" dir="1" index="0" bw="1" slack="2147483647"/>
</pin_list>
<bind>
<StgValue><ssdm name=""/></StgValue>
</bind>
</comp>

<comp id="46" class="1001" name="const_46">
<pin_list>
<pin id="47" dir="1" index="0" bw="1" slack="2147483647"/>
</pin_list>
<bind>
<StgValue><ssdm name="_ssdm_op_SpecLoopName"/></StgValue>
</bind>
</comp>

<comp id="48" class="1001" name="const_48">
<pin_list>
<pin id="49" dir="1" index="0" bw="1" slack="2147483647"/>
</pin_list>
<bind>
<StgValue><ssdm name="empty_59"/></StgValue>
</bind>
</comp>

<comp id="50" class="1001" name="const_50">
<pin_list>
<pin id="51" dir="1" index="0" bw="1" slack="0"/>
</pin_list>
<bind>
<StgValue><ssdm name=""/></StgValue>
</bind>
</comp>

<comp id="52" class="1001" name="const_52">
<pin_list>
<pin id="53" dir="1" index="0" bw="1" slack="0"/>
</pin_list>
<bind>
<StgValue><ssdm name="_ssdm_op_BitConcatenate.i16.i8.i8"/></StgValue>
</bind>
</comp>

<comp id="54" class="1001" name="const_54">
<pin_list>
<pin id="55" dir="1" index="0" bw="1" slack="0"/>
</pin_list>
<bind>
<StgValue><ssdm name=""/></StgValue>
</bind>
</comp>

<comp id="56" class="1001" name="const_56">
<pin_list>
<pin id="57" dir="1" index="0" bw="1" slack="0"/>
</pin_list>
<bind>
<StgValue><ssdm name="_ssdm_op_Write.ap_auto.i8P0A"/></StgValue>
</bind>
</comp>

<comp id="58" class="1004" name="reuse_addr_reg_fu_58">
<pin_list>
<pin id="59" dir="0" index="0" bw="1" slack="0"/>
<pin id="60" dir="1" index="1" bw="64" slack="0"/>
</pin_list>
<bind>
<opcode="alloca(26) " fcode="alloca"/>
<opset="reuse_addr_reg/1 "/>
</bind>
</comp>

<comp id="62" class="1004" name="reuse_reg_fu_62">
<pin_list>
<pin id="63" dir="0" index="0" bw="1" slack="0"/>
<pin id="64" dir="1" index="1" bw="32" slack="0"/>
</pin_list>
<bind>
<opcode="alloca(26) " fcode="alloca"/>
<opset="reuse_reg/1 "/>
</bind>
</comp>

<comp id="66" class="1004" name="j_fu_66">
<pin_list>
<pin id="67" dir="0" index="0" bw="1" slack="0"/>
<pin id="68" dir="1" index="1" bw="9" slack="0"/>
</pin_list>
<bind>
<opcode="alloca(26) " fcode="alloca"/>
<opset="j/1 "/>
</bind>
</comp>

<comp id="70" class="1004" name="key_read_read_fu_70">
<pin_list>
<pin id="71" dir="0" index="0" bw="32" slack="0"/>
<pin id="72" dir="0" index="1" bw="32" slack="0"/>
<pin id="73" dir="1" index="2" bw="32" slack="2"/>
</pin_list>
<bind>
<opcode="read(1150) " fcode="read"/>
<opset="key_read/1 "/>
</bind>
</comp>

<comp id="76" class="1004" name="zext_ln620_1_read_read_fu_76">
<pin_list>
<pin id="77" dir="0" index="0" bw="16" slack="0"/>
<pin id="78" dir="0" index="1" bw="16" slack="0"/>
<pin id="79" dir="1" index="2" bw="16" slack="1"/>
</pin_list>
<bind>
<opcode="read(1150) " fcode="read"/>
<opset="zext_ln620_1_read/1 "/>
</bind>
</comp>

<comp id="82" class="1004" name="indexXC_read_read_fu_82">
<pin_list>
<pin id="83" dir="0" index="0" bw="8" slack="0"/>
<pin id="84" dir="0" index="1" bw="8" slack="0"/>
<pin id="85" dir="1" index="2" bw="8" slack="2"/>
</pin_list>
<bind>
<opcode="read(1150) " fcode="read"/>
<opset="indexXC_read/1 "/>
</bind>
</comp>

<comp id="88" class="1004" name="zext_ln658_1_read_read_fu_88">
<pin_list>
<pin id="89" dir="0" index="0" bw="8" slack="0"/>
<pin id="90" dir="0" index="1" bw="8" slack="0"/>
<pin id="91" dir="1" index="2" bw="8" slack="0"/>
</pin_list>
<bind>
<opcode="read(1150) " fcode="read"/>
<opset="zext_ln658_1_read/1 "/>
</bind>
</comp>

<comp id="94" class="1004" name="write_ln666_write_fu_94">
<pin_list>
<pin id="95" dir="0" index="0" bw="0" slack="0"/>
<pin id="96" dir="0" index="1" bw="8" slack="0"/>
<pin id="97" dir="0" index="2" bw="8" slack="1"/>
<pin id="98" dir="1" index="3" bw="0" slack="2147483647"/>
</pin_list>
<bind>
<opcode="write(1151) " fcode="write"/>
<opset="write_ln666/3 "/>
</bind>
</comp>

<comp id="101" class="1004" name="unusableAtoms_data_addr_gep_fu_101">
<pin_list>
<pin id="102" dir="0" index="0" bw="32" slack="0"/>
<pin id="103" dir="0" index="1" bw="1" slack="0"/>
<pin id="104" dir="0" index="2" bw="16" slack="0"/>
<pin id="105" dir="1" index="3" bw="16" slack="0"/>
</pin_list>
<bind>
<opcode="getelementptr(29) " fcode="getelementptr"/>
<opset="unusableAtoms_data_addr/2 "/>
</bind>
</comp>

<comp id="108" class="1004" name="grp_access_fu_108">
<pin_list>
<pin id="109" dir="0" index="0" bw="16" slack="0"/>
<pin id="110" dir="0" index="1" bw="32" slack="2147483647"/>
<pin id="111" dir="0" index="2" bw="0" slack="0"/>
<pin id="121" dir="0" index="4" bw="16" slack="0"/>
<pin id="122" dir="0" index="5" bw="32" slack="2147483647"/>
<pin id="123" dir="0" index="6" bw="0" slack="2147483647"/>
<pin id="112" dir="1" index="3" bw="32" slack="0"/>
<pin id="124" dir="1" index="7" bw="32" slack="2147483647"/>
</pin_list>
<bind>
<opcode="load(27) store(28) " fcode="store"/>
<opset="unusableAtoms_data_load/2 store_ln671/3 "/>
</bind>
</comp>

<comp id="114" class="1004" name="unusableAtoms_data_addr_1_gep_fu_114">
<pin_list>
<pin id="115" dir="0" index="0" bw="32" slack="0"/>
<pin id="116" dir="0" index="1" bw="1" slack="0"/>
<pin id="117" dir="0" index="2" bw="16" slack="0"/>
<pin id="118" dir="1" index="3" bw="16" slack="0"/>
</pin_list>
<bind>
<opcode="getelementptr(29) " fcode="getelementptr"/>
<opset="unusableAtoms_data_addr_1/3 "/>
</bind>
</comp>

<comp id="126" class="1004" name="zext_ln658_1_cast_fu_126">
<pin_list>
<pin id="127" dir="0" index="0" bw="8" slack="0"/>
<pin id="128" dir="1" index="1" bw="9" slack="0"/>
</pin_list>
<bind>
<opcode="zext(34) " fcode="zext"/>
<opset="zext_ln658_1_cast/1 "/>
</bind>
</comp>

<comp id="130" class="1004" name="store_ln664_store_fu_130">
<pin_list>
<pin id="131" dir="0" index="0" bw="8" slack="0"/>
<pin id="132" dir="0" index="1" bw="9" slack="0"/>
<pin id="133" dir="1" index="2" bw="0" slack="2147483647"/>
</pin_list>
<bind>
<opcode="store(28) " fcode="store"/>
<opset="store_ln664/1 "/>
</bind>
</comp>

<comp id="135" class="1004" name="store_ln0_store_fu_135">
<pin_list>
<pin id="136" dir="0" index="0" bw="1" slack="0"/>
<pin id="137" dir="0" index="1" bw="32" slack="0"/>
<pin id="138" dir="1" index="2" bw="0" slack="2147483647"/>
</pin_list>
<bind>
<opcode="store(28) " fcode="store"/>
<opset="store_ln0/1 "/>
</bind>
</comp>

<comp id="140" class="1004" name="store_ln0_store_fu_140">
<pin_list>
<pin id="141" dir="0" index="0" bw="1" slack="0"/>
<pin id="142" dir="0" index="1" bw="64" slack="0"/>
<pin id="143" dir="1" index="2" bw="0" slack="2147483647"/>
</pin_list>
<bind>
<opcode="store(28) " fcode="store"/>
<opset="store_ln0/1 "/>
</bind>
</comp>

<comp id="145" class="1004" name="j_1_load_fu_145">
<pin_list>
<pin id="146" dir="0" index="0" bw="9" slack="1"/>
<pin id="147" dir="1" index="1" bw="9" slack="0"/>
</pin_list>
<bind>
<opcode="load(27) " fcode="load"/>
<opset="j_1/2 "/>
</bind>
</comp>

<comp id="148" class="1004" name="trunc_ln666_fu_148">
<pin_list>
<pin id="149" dir="0" index="0" bw="9" slack="0"/>
<pin id="150" dir="1" index="1" bw="8" slack="1"/>
</pin_list>
<bind>
<opcode="trunc(33) " fcode="trunc"/>
<opset="trunc_ln666/2 "/>
</bind>
</comp>

<comp id="152" class="1004" name="tmp_fu_152">
<pin_list>
<pin id="153" dir="0" index="0" bw="1" slack="0"/>
<pin id="154" dir="0" index="1" bw="9" slack="0"/>
<pin id="155" dir="0" index="2" bw="5" slack="0"/>
<pin id="156" dir="1" index="3" bw="1" slack="1"/>
</pin_list>
<bind>
<opcode="bitselect(1000) " fcode="bitselect"/>
<opset="tmp/2 "/>
</bind>
</comp>

<comp id="160" class="1004" name="zext_ln666_fu_160">
<pin_list>
<pin id="161" dir="0" index="0" bw="9" slack="0"/>
<pin id="162" dir="1" index="1" bw="16" slack="0"/>
</pin_list>
<bind>
<opcode="zext(34) " fcode="zext"/>
<opset="zext_ln666/2 "/>
</bind>
</comp>

<comp id="164" class="1004" name="add_ln666_fu_164">
<pin_list>
<pin id="165" dir="0" index="0" bw="16" slack="1"/>
<pin id="166" dir="0" index="1" bw="9" slack="0"/>
<pin id="167" dir="1" index="2" bw="16" slack="0"/>
</pin_list>
<bind>
<opcode="add(8) " fcode="add"/>
<opset="add_ln666/2 "/>
</bind>
</comp>

<comp id="169" class="1004" name="zext_ln666_1_fu_169">
<pin_list>
<pin id="170" dir="0" index="0" bw="16" slack="0"/>
<pin id="171" dir="1" index="1" bw="64" slack="0"/>
</pin_list>
<bind>
<opcode="zext(34) " fcode="zext"/>
<opset="zext_ln666_1/2 "/>
</bind>
</comp>

<comp id="174" class="1004" name="reuse_addr_reg_load_load_fu_174">
<pin_list>
<pin id="175" dir="0" index="0" bw="64" slack="1"/>
<pin id="176" dir="1" index="1" bw="64" slack="0"/>
</pin_list>
<bind>
<opcode="load(27) " fcode="load"/>
<opset="reuse_addr_reg_load/2 "/>
</bind>
</comp>

<comp id="177" class="1004" name="addr_cmp_fu_177">
<pin_list>
<pin id="178" dir="0" index="0" bw="64" slack="0"/>
<pin id="179" dir="0" index="1" bw="16" slack="0"/>
<pin id="180" dir="1" index="2" bw="1" slack="1"/>
</pin_list>
<bind>
<opcode="icmp(45) " fcode="icmp"/>
<opset="addr_cmp/2 "/>
</bind>
</comp>

<comp id="183" class="1004" name="reuse_reg_load_load_fu_183">
<pin_list>
<pin id="184" dir="0" index="0" bw="32" slack="2"/>
<pin id="185" dir="1" index="1" bw="32" slack="0"/>
</pin_list>
<bind>
<opcode="load(27) " fcode="load"/>
<opset="reuse_reg_load/3 "/>
</bind>
</comp>

<comp id="186" class="1004" name="reuse_select_fu_186">
<pin_list>
<pin id="187" dir="0" index="0" bw="1" slack="1"/>
<pin id="188" dir="0" index="1" bw="32" slack="0"/>
<pin id="189" dir="0" index="2" bw="32" slack="0"/>
<pin id="190" dir="1" index="3" bw="32" slack="0"/>
</pin_list>
<bind>
<opcode="select(49) " fcode="select"/>
<opset="reuse_select/3 "/>
</bind>
</comp>

<comp id="194" class="1004" name="icmp_ln666_fu_194">
<pin_list>
<pin id="195" dir="0" index="0" bw="32" slack="0"/>
<pin id="196" dir="0" index="1" bw="32" slack="2"/>
<pin id="197" dir="1" index="2" bw="1" slack="2147483647"/>
</pin_list>
<bind>
<opcode="icmp(45) " fcode="icmp"/>
<opset="icmp_ln666/3 "/>
</bind>
</comp>

<comp id="199" class="1004" name="add_ln671_fu_199">
<pin_list>
<pin id="200" dir="0" index="0" bw="8" slack="1"/>
<pin id="201" dir="0" index="1" bw="1" slack="0"/>
<pin id="202" dir="1" index="2" bw="8" slack="0"/>
</pin_list>
<bind>
<opcode="add(8) " fcode="add"/>
<opset="add_ln671/3 "/>
</bind>
</comp>

<comp id="204" class="1004" name="tmp_s_fu_204">
<pin_list>
<pin id="205" dir="0" index="0" bw="16" slack="0"/>
<pin id="206" dir="0" index="1" bw="8" slack="2"/>
<pin id="207" dir="0" index="2" bw="8" slack="0"/>
<pin id="208" dir="1" index="3" bw="16" slack="0"/>
</pin_list>
<bind>
<opcode="bitconcatenate(1004) " fcode="bitconcatenate"/>
<opset="tmp_s/3 "/>
</bind>
</comp>

<comp id="211" class="1004" name="zext_ln671_fu_211">
<pin_list>
<pin id="212" dir="0" index="0" bw="16" slack="0"/>
<pin id="213" dir="1" index="1" bw="64" slack="0"/>
</pin_list>
<bind>
<opcode="zext(34) " fcode="zext"/>
<opset="zext_ln671/3 "/>
</bind>
</comp>

<comp id="216" class="1004" name="store_ln666_store_fu_216">
<pin_list>
<pin id="217" dir="0" index="0" bw="32" slack="0"/>
<pin id="218" dir="0" index="1" bw="32" slack="2"/>
<pin id="219" dir="1" index="2" bw="0" slack="2147483647"/>
</pin_list>
<bind>
<opcode="store(28) " fcode="store"/>
<opset="store_ln666/3 "/>
</bind>
</comp>

<comp id="221" class="1004" name="store_ln671_store_fu_221">
<pin_list>
<pin id="222" dir="0" index="0" bw="16" slack="0"/>
<pin id="223" dir="0" index="1" bw="64" slack="2"/>
<pin id="224" dir="1" index="2" bw="0" slack="2147483647"/>
</pin_list>
<bind>
<opcode="store(28) " fcode="store"/>
<opset="store_ln671/3 "/>
</bind>
</comp>

<comp id="226" class="1004" name="add_ln672_fu_226">
<pin_list>
<pin id="227" dir="0" index="0" bw="9" slack="1"/>
<pin id="228" dir="0" index="1" bw="1" slack="0"/>
<pin id="229" dir="1" index="2" bw="9" slack="0"/>
</pin_list>
<bind>
<opcode="add(8) " fcode="add"/>
<opset="add_ln672/3 "/>
</bind>
</comp>

<comp id="231" class="1004" name="store_ln664_store_fu_231">
<pin_list>
<pin id="232" dir="0" index="0" bw="9" slack="0"/>
<pin id="233" dir="0" index="1" bw="9" slack="2"/>
<pin id="234" dir="1" index="2" bw="0" slack="2147483647"/>
</pin_list>
<bind>
<opcode="store(28) " fcode="store"/>
<opset="store_ln664/3 "/>
</bind>
</comp>

<comp id="236" class="1005" name="reuse_addr_reg_reg_236">
<pin_list>
<pin id="237" dir="0" index="0" bw="64" slack="0"/>
<pin id="238" dir="1" index="1" bw="64" slack="0"/>
</pin_list>
<bind>
<opset="reuse_addr_reg "/>
</bind>
</comp>

<comp id="243" class="1005" name="reuse_reg_reg_243">
<pin_list>
<pin id="244" dir="0" index="0" bw="32" slack="0"/>
<pin id="245" dir="1" index="1" bw="32" slack="0"/>
</pin_list>
<bind>
<opset="reuse_reg "/>
</bind>
</comp>

<comp id="250" class="1005" name="j_reg_250">
<pin_list>
<pin id="251" dir="0" index="0" bw="9" slack="0"/>
<pin id="252" dir="1" index="1" bw="9" slack="0"/>
</pin_list>
<bind>
<opset="j "/>
</bind>
</comp>

<comp id="257" class="1005" name="key_read_reg_257">
<pin_list>
<pin id="258" dir="0" index="0" bw="32" slack="2"/>
<pin id="259" dir="1" index="1" bw="32" slack="2"/>
</pin_list>
<bind>
<opset="key_read "/>
</bind>
</comp>

<comp id="262" class="1005" name="zext_ln620_1_read_reg_262">
<pin_list>
<pin id="263" dir="0" index="0" bw="16" slack="1"/>
<pin id="264" dir="1" index="1" bw="16" slack="1"/>
</pin_list>
<bind>
<opset="zext_ln620_1_read "/>
</bind>
</comp>

<comp id="267" class="1005" name="indexXC_read_reg_267">
<pin_list>
<pin id="268" dir="0" index="0" bw="8" slack="2"/>
<pin id="269" dir="1" index="1" bw="8" slack="2"/>
</pin_list>
<bind>
<opset="indexXC_read "/>
</bind>
</comp>

<comp id="272" class="1005" name="j_1_reg_272">
<pin_list>
<pin id="273" dir="0" index="0" bw="9" slack="1"/>
<pin id="274" dir="1" index="1" bw="9" slack="1"/>
</pin_list>
<bind>
<opset="j_1 "/>
</bind>
</comp>

<comp id="277" class="1005" name="trunc_ln666_reg_277">
<pin_list>
<pin id="278" dir="0" index="0" bw="8" slack="1"/>
<pin id="279" dir="1" index="1" bw="8" slack="1"/>
</pin_list>
<bind>
<opset="trunc_ln666 "/>
</bind>
</comp>

<comp id="283" class="1005" name="tmp_reg_283">
<pin_list>
<pin id="284" dir="0" index="0" bw="1" slack="1"/>
<pin id="285" dir="1" index="1" bw="1" slack="2147483647"/>
</pin_list>
<bind>
<opset="tmp "/>
</bind>
</comp>

<comp id="287" class="1005" name="unusableAtoms_data_addr_reg_287">
<pin_list>
<pin id="288" dir="0" index="0" bw="16" slack="1"/>
<pin id="289" dir="1" index="1" bw="16" slack="1"/>
</pin_list>
<bind>
<opset="unusableAtoms_data_addr "/>
</bind>
</comp>

<comp id="292" class="1005" name="addr_cmp_reg_292">
<pin_list>
<pin id="293" dir="0" index="0" bw="1" slack="1"/>
<pin id="294" dir="1" index="1" bw="1" slack="1"/>
</pin_list>
<bind>
<opset="addr_cmp "/>
</bind>
</comp>

</comp_list>

<net_list>
<net id="61"><net_src comp="12" pin="0"/><net_sink comp="58" pin=0"/></net>

<net id="65"><net_src comp="12" pin="0"/><net_sink comp="62" pin=0"/></net>

<net id="69"><net_src comp="12" pin="0"/><net_sink comp="66" pin=0"/></net>

<net id="74"><net_src comp="14" pin="0"/><net_sink comp="70" pin=0"/></net>

<net id="75"><net_src comp="8" pin="0"/><net_sink comp="70" pin=1"/></net>

<net id="80"><net_src comp="16" pin="0"/><net_sink comp="76" pin=0"/></net>

<net id="81"><net_src comp="6" pin="0"/><net_sink comp="76" pin=1"/></net>

<net id="86"><net_src comp="18" pin="0"/><net_sink comp="82" pin=0"/></net>

<net id="87"><net_src comp="2" pin="0"/><net_sink comp="82" pin=1"/></net>

<net id="92"><net_src comp="18" pin="0"/><net_sink comp="88" pin=0"/></net>

<net id="93"><net_src comp="0" pin="0"/><net_sink comp="88" pin=1"/></net>

<net id="99"><net_src comp="56" pin="0"/><net_sink comp="94" pin=0"/></net>

<net id="100"><net_src comp="10" pin="0"/><net_sink comp="94" pin=1"/></net>

<net id="106"><net_src comp="4" pin="0"/><net_sink comp="101" pin=0"/></net>

<net id="107"><net_src comp="34" pin="0"/><net_sink comp="101" pin=1"/></net>

<net id="113"><net_src comp="101" pin="3"/><net_sink comp="108" pin=0"/></net>

<net id="119"><net_src comp="4" pin="0"/><net_sink comp="114" pin=0"/></net>

<net id="120"><net_src comp="34" pin="0"/><net_sink comp="114" pin=1"/></net>

<net id="125"><net_src comp="114" pin="3"/><net_sink comp="108" pin=2"/></net>

<net id="129"><net_src comp="88" pin="2"/><net_sink comp="126" pin=0"/></net>

<net id="134"><net_src comp="126" pin="1"/><net_sink comp="130" pin=0"/></net>

<net id="139"><net_src comp="28" pin="0"/><net_sink comp="135" pin=0"/></net>

<net id="144"><net_src comp="26" pin="0"/><net_sink comp="140" pin=0"/></net>

<net id="151"><net_src comp="145" pin="1"/><net_sink comp="148" pin=0"/></net>

<net id="157"><net_src comp="30" pin="0"/><net_sink comp="152" pin=0"/></net>

<net id="158"><net_src comp="145" pin="1"/><net_sink comp="152" pin=1"/></net>

<net id="159"><net_src comp="32" pin="0"/><net_sink comp="152" pin=2"/></net>

<net id="163"><net_src comp="145" pin="1"/><net_sink comp="160" pin=0"/></net>

<net id="168"><net_src comp="160" pin="1"/><net_sink comp="164" pin=1"/></net>

<net id="172"><net_src comp="164" pin="2"/><net_sink comp="169" pin=0"/></net>

<net id="173"><net_src comp="169" pin="1"/><net_sink comp="101" pin=2"/></net>

<net id="181"><net_src comp="174" pin="1"/><net_sink comp="177" pin=0"/></net>

<net id="182"><net_src comp="169" pin="1"/><net_sink comp="177" pin=1"/></net>

<net id="191"><net_src comp="183" pin="1"/><net_sink comp="186" pin=1"/></net>

<net id="192"><net_src comp="108" pin="3"/><net_sink comp="186" pin=2"/></net>

<net id="193"><net_src comp="186" pin="3"/><net_sink comp="108" pin=4"/></net>

<net id="198"><net_src comp="186" pin="3"/><net_sink comp="194" pin=0"/></net>

<net id="203"><net_src comp="50" pin="0"/><net_sink comp="199" pin=1"/></net>

<net id="209"><net_src comp="52" pin="0"/><net_sink comp="204" pin=0"/></net>

<net id="210"><net_src comp="199" pin="2"/><net_sink comp="204" pin=2"/></net>

<net id="214"><net_src comp="204" pin="3"/><net_sink comp="211" pin=0"/></net>

<net id="215"><net_src comp="211" pin="1"/><net_sink comp="114" pin=2"/></net>

<net id="220"><net_src comp="186" pin="3"/><net_sink comp="216" pin=0"/></net>

<net id="225"><net_src comp="211" pin="1"/><net_sink comp="221" pin=0"/></net>

<net id="230"><net_src comp="54" pin="0"/><net_sink comp="226" pin=1"/></net>

<net id="235"><net_src comp="226" pin="2"/><net_sink comp="231" pin=0"/></net>

<net id="239"><net_src comp="58" pin="1"/><net_sink comp="236" pin=0"/></net>

<net id="240"><net_src comp="236" pin="1"/><net_sink comp="140" pin=1"/></net>

<net id="241"><net_src comp="236" pin="1"/><net_sink comp="174" pin=0"/></net>

<net id="242"><net_src comp="236" pin="1"/><net_sink comp="221" pin=1"/></net>

<net id="246"><net_src comp="62" pin="1"/><net_sink comp="243" pin=0"/></net>

<net id="247"><net_src comp="243" pin="1"/><net_sink comp="135" pin=1"/></net>

<net id="248"><net_src comp="243" pin="1"/><net_sink comp="183" pin=0"/></net>

<net id="249"><net_src comp="243" pin="1"/><net_sink comp="216" pin=1"/></net>

<net id="253"><net_src comp="66" pin="1"/><net_sink comp="250" pin=0"/></net>

<net id="254"><net_src comp="250" pin="1"/><net_sink comp="130" pin=1"/></net>

<net id="255"><net_src comp="250" pin="1"/><net_sink comp="145" pin=0"/></net>

<net id="256"><net_src comp="250" pin="1"/><net_sink comp="231" pin=1"/></net>

<net id="260"><net_src comp="70" pin="2"/><net_sink comp="257" pin=0"/></net>

<net id="261"><net_src comp="257" pin="1"/><net_sink comp="194" pin=1"/></net>

<net id="265"><net_src comp="76" pin="2"/><net_sink comp="262" pin=0"/></net>

<net id="266"><net_src comp="262" pin="1"/><net_sink comp="164" pin=0"/></net>

<net id="270"><net_src comp="82" pin="2"/><net_sink comp="267" pin=0"/></net>

<net id="271"><net_src comp="267" pin="1"/><net_sink comp="204" pin=1"/></net>

<net id="275"><net_src comp="145" pin="1"/><net_sink comp="272" pin=0"/></net>

<net id="276"><net_src comp="272" pin="1"/><net_sink comp="226" pin=0"/></net>

<net id="280"><net_src comp="148" pin="1"/><net_sink comp="277" pin=0"/></net>

<net id="281"><net_src comp="277" pin="1"/><net_sink comp="199" pin=0"/></net>

<net id="282"><net_src comp="277" pin="1"/><net_sink comp="94" pin=2"/></net>

<net id="286"><net_src comp="152" pin="3"/><net_sink comp="283" pin=0"/></net>

<net id="290"><net_src comp="101" pin="3"/><net_sink comp="287" pin=0"/></net>

<net id="291"><net_src comp="287" pin="1"/><net_sink comp="108" pin=0"/></net>

<net id="295"><net_src comp="177" pin="2"/><net_sink comp="292" pin=0"/></net>

<net id="296"><net_src comp="292" pin="1"/><net_sink comp="186" pin=0"/></net>

</net_list>

</model> 
---------------- Datapath Model END ------------------

* FSMD analyzer results:
  - Output states:
	Port: unusableAtoms_data | {3 }
	Port: j_out | {3 }
 - Input state : 
	Port: sortRemainingRowsOrCols<HLSMoveStream>_Pipeline_VITIS_LOOP_666_8 : zext_ln658_1 | {1 }
	Port: sortRemainingRowsOrCols<HLSMoveStream>_Pipeline_VITIS_LOOP_666_8 : indexXC | {1 }
	Port: sortRemainingRowsOrCols<HLSMoveStream>_Pipeline_VITIS_LOOP_666_8 : unusableAtoms_data | {2 3 }
	Port: sortRemainingRowsOrCols<HLSMoveStream>_Pipeline_VITIS_LOOP_666_8 : zext_ln620_1 | {1 }
	Port: sortRemainingRowsOrCols<HLSMoveStream>_Pipeline_VITIS_LOOP_666_8 : key | {1 }
  - Chain level:
	State 1
		store_ln664 : 1
		store_ln0 : 1
		store_ln0 : 1
	State 2
		trunc_ln666 : 1
		tmp : 1
		br_ln666 : 2
		zext_ln666 : 1
		add_ln666 : 2
		zext_ln666_1 : 3
		unusableAtoms_data_addr : 4
		unusableAtoms_data_load : 5
		addr_cmp : 4
	State 3
		reuse_select : 1
		icmp_ln666 : 2
		br_ln666 : 3
		tmp_s : 1
		zext_ln671 : 2
		unusableAtoms_data_addr_1 : 3
		store_ln671 : 4
		store_ln666 : 2
		store_ln671 : 3
		store_ln664 : 1


============================================================
+ Verbose Summary: Datapath Resource usage 
============================================================

* Functional unit list:
|----------|------------------------------|---------|---------|
| Operation|        Functional Unit       |    FF   |   LUT   |
|----------|------------------------------|---------|---------|
|   icmp   |        addr_cmp_fu_177       |    0    |    71   |
|          |       icmp_ln666_fu_194      |    0    |    39   |
|----------|------------------------------|---------|---------|
|          |       add_ln666_fu_164       |    0    |    23   |
|    add   |       add_ln671_fu_199       |    0    |    15   |
|          |       add_ln672_fu_226       |    0    |    16   |
|----------|------------------------------|---------|---------|
|  select  |      reuse_select_fu_186     |    0    |    32   |
|----------|------------------------------|---------|---------|
|          |      key_read_read_fu_70     |    0    |    0    |
|   read   | zext_ln620_1_read_read_fu_76 |    0    |    0    |
|          |    indexXC_read_read_fu_82   |    0    |    0    |
|          | zext_ln658_1_read_read_fu_88 |    0    |    0    |
|----------|------------------------------|---------|---------|
|   write  |    write_ln666_write_fu_94   |    0    |    0    |
|----------|------------------------------|---------|---------|
|          |   zext_ln658_1_cast_fu_126   |    0    |    0    |
|   zext   |       zext_ln666_fu_160      |    0    |    0    |
|          |      zext_ln666_1_fu_169     |    0    |    0    |
|          |       zext_ln671_fu_211      |    0    |    0    |
|----------|------------------------------|---------|---------|
|   trunc  |      trunc_ln666_fu_148      |    0    |    0    |
|----------|------------------------------|---------|---------|
| bitselect|          tmp_fu_152          |    0    |    0    |
|----------|------------------------------|---------|---------|
|bitconcatenate|         tmp_s_fu_204         |    0    |    0    |
|----------|------------------------------|---------|---------|
|   Total  |                              |    0    |   196   |
|----------|------------------------------|---------|---------|

Memories:
N/A

* Register list:
+-------------------------------+--------+
|                               |   FF   |
+-------------------------------+--------+
|        addr_cmp_reg_292       |    1   |
|      indexXC_read_reg_267     |    8   |
|          j_1_reg_272          |    9   |
|           j_reg_250           |    9   |
|        key_read_reg_257       |   32   |
|     reuse_addr_reg_reg_236    |   64   |
|       reuse_reg_reg_243       |   32   |
|          tmp_reg_283          |    1   |
|      trunc_ln666_reg_277      |    8   |
|unusableAtoms_data_addr_reg_287|   16   |
|   zext_ln620_1_read_reg_262   |   16   |
+-------------------------------+--------+
|             Total             |   196  |
+-------------------------------+--------+

* Multiplexer (MUX) list: 
|-------------------|------|------|------|--------||---------||---------||---------|
|        Comp       |  Pin | Size |  BW  | S x BW ||  Delay  ||    FF   ||   LUT   |
|-------------------|------|------|------|--------||---------||---------||---------|
| grp_access_fu_108 |  p0  |   2  |  16  |   32   ||    0    ||    9    |
|-------------------|------|------|------|--------||---------||---------||---------|
|       Total       |      |      |      |   32   ||  0.427  ||    0    ||    9    |
|-------------------|------|------|------|--------||---------||---------||---------|



* Summary:
+-----------+--------+--------+--------+
|           |  Delay |   FF   |   LUT  |
+-----------+--------+--------+--------+
|  Function |    -   |    0   |   196  |
|   Memory  |    -   |    -   |    -   |
|Multiplexer|    0   |    0   |    9   |
|  Register |    -   |   196  |    -   |
+-----------+--------+--------+--------+
|   Total   |    0   |   196  |   205  |
+-----------+--------+--------+--------+
