

================================================================
== Vitis HLS Report for 'sortRemainingRowsOrCols_HLSMoveStream_Pipeline_VITIS_LOOP_643_6'
================================================================
* Date:           Sat Mar 28 14:02:44 2026

* Version:        2024.2 (Build 5238294 on Nov  8 2024)
* Project:        atomflow_controller_2024_2
* Solution:       hls (Vivado IP Flow Target)
* Product family: zynquplusRFSOC
* Target device:  xczu49dr-ffvf1760-2-e


================================================================
== Performance Estimates
================================================================
+ Timing: 
    * Summary: 
    +--------+----------+----------+------------+
    |  Clock |  Target  | Estimated| Uncertainty|
    +--------+----------+----------+------------+
    |ap_clk  |  10.00 ns|  2.923 ns|     2.70 ns|
    +--------+----------+----------+------------+

+ Latency: 
    * Summary: 
    +---------+---------+-----------+----------+-----+-----+------------------------------------------------+
    |  Latency (cycles) |  Latency (absolute)  |  Interval |                    Pipeline                    |
    |   min   |   max   |    min    |    max   | min | max |                      Type                      |
    +---------+---------+-----------+----------+-----+-----+------------------------------------------------+
    |        2|      258|  20.000 ns|  2.580 us|    1|  257|  loop auto-rewind stp (delay=0 clock cycles(s))|
    +---------+---------+-----------+----------+-----+-----+------------------------------------------------+

    + Detail: 
        * Instance: 
        N/A

        * Loop: 
        +--------------------+---------+---------+----------+-----------+-----------+---------+----------+
        |                    |  Latency (cycles) | Iteration|  Initiation Interval  |   Trip  |          |
        |      Loop Name     |   min   |   max   |  Latency |  achieved |   target  |  Count  | Pipelined|
        +--------------------+---------+---------+----------+-----------+-----------+---------+----------+
        |- VITIS_LOOP_643_6  |        0|      256|         2|          1|          1|  0 ~ 256|       yes|
        +--------------------+---------+---------+----------+-----------+-----------+---------+----------+



================================================================
== Utilization Estimates
================================================================
* Summary: 
+-----------------+---------+------+--------+--------+-----+
|       Name      | BRAM_18K|  DSP |   FF   |   LUT  | URAM|
+-----------------+---------+------+--------+--------+-----+
|DSP              |        -|     -|       -|       -|    -|
|Expression       |        -|     -|       0|     230|    -|
|FIFO             |        -|     -|       -|       -|    -|
|Instance         |        -|     -|       -|       -|    -|
|Memory           |        -|     -|       -|       -|    -|
|Multiplexer      |        -|     -|       0|      63|    -|
|Register         |        -|     -|     142|       -|    -|
+-----------------+---------+------+--------+--------+-----+
|Total            |        0|     0|     142|     293|    0|
+-----------------+---------+------+--------+--------+-----+
|Available        |     2160|  4272|  850560|  425280|   80|
+-----------------+---------+------+--------+--------+-----+
|Utilization (%)  |        0|     0|      ~0|      ~0|    0|
+-----------------+---------+------+--------+--------+-----+

+ Detail: 
    * Instance: 
    N/A

    * DSP: 
    N/A

    * Memory: 
    N/A

    * FIFO: 
    N/A

    * Expression: 
    +------------------------+----------+----+---+----+------------+------------+
    |      Variable Name     | Operation| DSP| FF| LUT| Bitwidth P0| Bitwidth P1|
    +------------------------+----------+----+---+----+------------+------------+
    |add_ln648_2_fu_205_p2   |         +|   0|  0|  23|          16|          16|
    |add_ln648_fu_182_p2     |         +|   0|  0|  23|          16|          16|
    |readIdx_3_fu_219_p2     |         +|   0|  0|  23|          16|           1|
    |writeIdx_2_fu_176_p2    |         +|   0|  0|  16|           9|           1|
    |addr_cmp_fu_195_p2      |      icmp|   0|  0|  71|          64|          64|
    |icmp_ln643_1_fu_164_p2  |      icmp|   0|  0|  15|           8|           1|
    |icmp_ln643_fu_149_p2    |      icmp|   0|  0|  23|          16|          16|
    |or_ln643_fu_170_p2      |        or|   0|  0|   2|           1|           1|
    |reuse_select_fu_238_p3  |    select|   0|  0|  32|           1|          32|
    |ap_enable_pp0           |       xor|   0|  0|   2|           1|           2|
    +------------------------+----------+----+---+----+------------+------------+
    |Total                   |          |   0|  0| 230|         148|         150|
    +------------------------+----------+----+---+----+------------+------------+

    * Multiplexer: 
    +-------------------------+----+-----------+-----+-----------+
    |           Name          | LUT| Input Size| Bits| Total Bits|
    +-------------------------+----+-----------+-----+-----------+
    |ap_done_int              |   9|          2|    1|          2|
    |ap_enable_reg_pp0_iter1  |   9|          2|    1|          2|
    |ap_enable_reg_pp0_iter2  |   9|          2|    1|          2|
    |readIdx_fu_68            |   9|          2|   16|         32|
    |reuse_addr_reg_fu_56     |   9|          2|   64|        128|
    |reuse_reg_fu_60          |   9|          2|   32|         64|
    |writeIdx_fu_64           |   9|          2|    9|         18|
    +-------------------------+----+-----------+-----+-----------+
    |Total                    |  63|         14|  124|        248|
    +-------------------------+----+-----------+-----+-----------+

    * Register: 
    +-------------------------+----+----+-----+-----------+
    |           Name          | FF | LUT| Bits| Const Bits|
    +-------------------------+----+----+-----+-----------+
    |addr_cmp_reg_298         |   1|   0|    1|          0|
    |ap_CS_fsm                |   1|   0|    1|          0|
    |ap_done_reg              |   1|   0|    1|          0|
    |ap_enable_reg_pp0_iter1  |   1|   0|    1|          0|
    |ap_enable_reg_pp0_iter2  |   1|   0|    1|          0|
    |readIdx_fu_68            |  16|   0|   16|          0|
    |reuse_addr_reg_fu_56     |  64|   0|   64|          0|
    |reuse_reg_fu_60          |  32|   0|   32|          0|
    |writeIdx_fu_64           |   9|   0|    9|          0|
    |zext_ln648_2_reg_303     |  16|   0|   64|         48|
    +-------------------------+----+----+-----+-----------+
    |Total                    | 142|   0|  190|         48|
    +-------------------------+----+----+-----+-----------+



================================================================
== Interface
================================================================
* Summary: 
+----------------------------------------+-----+-----+------------+------------------------------------------------------------------+--------------+
|                RTL Ports               | Dir | Bits|  Protocol  |                           Source Object                          |    C Type    |
+----------------------------------------+-----+-----+------------+------------------------------------------------------------------+--------------+
|ap_clk                                  |   in|    1|  ap_ctrl_hs|  sortRemainingRowsOrCols<HLSMoveStream>_Pipeline_VITIS_LOOP_643_6|  return value|
|ap_rst                                  |   in|    1|  ap_ctrl_hs|  sortRemainingRowsOrCols<HLSMoveStream>_Pipeline_VITIS_LOOP_643_6|  return value|
|ap_start                                |   in|    1|  ap_ctrl_hs|  sortRemainingRowsOrCols<HLSMoveStream>_Pipeline_VITIS_LOOP_643_6|  return value|
|ap_done                                 |  out|    1|  ap_ctrl_hs|  sortRemainingRowsOrCols<HLSMoveStream>_Pipeline_VITIS_LOOP_643_6|  return value|
|ap_idle                                 |  out|    1|  ap_ctrl_hs|  sortRemainingRowsOrCols<HLSMoveStream>_Pipeline_VITIS_LOOP_643_6|  return value|
|ap_ready                                |  out|    1|  ap_ctrl_hs|  sortRemainingRowsOrCols<HLSMoveStream>_Pipeline_VITIS_LOOP_643_6|  return value|
|frontIdx_reload                         |   in|   16|     ap_none|                                                   frontIdx_reload|        scalar|
|backIdx_1_reload                        |   in|   16|     ap_none|                                                  backIdx_1_reload|        scalar|
|zext_ln620_1                            |   in|   16|     ap_none|                                                      zext_ln620_1|        scalar|
|unusableInfo_usableAtoms_data_address0  |  out|   16|   ap_memory|                                     unusableInfo_usableAtoms_data|         array|
|unusableInfo_usableAtoms_data_ce0       |  out|    1|   ap_memory|                                     unusableInfo_usableAtoms_data|         array|
|unusableInfo_usableAtoms_data_q0        |   in|   32|   ap_memory|                                     unusableInfo_usableAtoms_data|         array|
|unusableInfo_usableAtoms_data_address1  |  out|   16|   ap_memory|                                     unusableInfo_usableAtoms_data|         array|
|unusableInfo_usableAtoms_data_ce1       |  out|    1|   ap_memory|                                     unusableInfo_usableAtoms_data|         array|
|unusableInfo_usableAtoms_data_we1       |  out|    1|   ap_memory|                                     unusableInfo_usableAtoms_data|         array|
|unusableInfo_usableAtoms_data_d1        |  out|   32|   ap_memory|                                     unusableInfo_usableAtoms_data|         array|
|writeIdx_out                            |  out|    9|      ap_vld|                                                      writeIdx_out|       pointer|
|writeIdx_out_ap_vld                     |  out|    1|      ap_vld|                                                      writeIdx_out|       pointer|
+----------------------------------------+-----+-----+------------+------------------------------------------------------------------+--------------+

============================================================
+ Verbose Summary: Synthesis Manager
============================================================
InlineROM: 1
ExposeGlobal: 0
============================================================
+ Verbose Summary: CDFG Model
============================================================
IsTopModel: 0
ResetActiveHigh: 1
IsCombinational: 2
IsDatapathOnly: 2
HasWiredReturn: 1
HasMFsm: 2
HasVarLatency: 1
IsPipeline: 0
IsRtlPipelined: 0
IsInstanceOverlapped: 0
IsDontTouch: 0
HasImplIP: 0
IsGatedGlobalClock: 0

+ Individual pipeline summary: 
  * Pipeline-0: initiation interval (II) = 1, depth = 3


============================================================
+ Verbose Summary: Schedule
============================================================
* Number of FSM states : 3
* Pipeline : 1
  Pipeline-0 : II = 1, D = 3, States = { 1 2 3 }
* Dataflow Pipeline: 0

* FSM state transitions: 
1 --> 2 
2 --> 3 
3 --> 

* FSM state operations: 

State 1 <SV = 0> <Delay = 0.42>
ST_1 : Operation 5 [1/1] (0.00ns)   --->   "%reuse_addr_reg = alloca i32 1"   --->   Operation 5 'alloca' 'reuse_addr_reg' <Predicate = true> <Delay = 0.00>
ST_1 : Operation 6 [1/1] (0.00ns)   --->   "%reuse_reg = alloca i32 1"   --->   Operation 6 'alloca' 'reuse_reg' <Predicate = true> <Delay = 0.00>
ST_1 : Operation 7 [1/1] (0.00ns)   --->   "%writeIdx = alloca i32 1" [/home/xiaorang/Documents/ATOMFLOW/sorting-organized-main/src/sortLatticeByRow.cpp:642->/home/xiaorang/Documents/ATOMFLOW/sorting-organized-main/src/sortLatticeByRow.cpp:1833]   --->   Operation 7 'alloca' 'writeIdx' <Predicate = true> <Delay = 0.00>
ST_1 : Operation 8 [1/1] (0.00ns)   --->   "%readIdx = alloca i32 1" [/home/xiaorang/Documents/ATOMFLOW/sorting-organized-main/src/sortLatticeByRow.cpp:643->/home/xiaorang/Documents/ATOMFLOW/sorting-organized-main/src/sortLatticeByRow.cpp:1833]   --->   Operation 8 'alloca' 'readIdx' <Predicate = true> <Delay = 0.00>
ST_1 : Operation 9 [1/1] (0.00ns)   --->   "%specmemcore_ln0 = specmemcore void @_ssdm_op_SpecMemCore, i32 %unusableInfo_usableAtoms_data, i64 666, i64 22, i64 18446744073709551615"   --->   Operation 9 'specmemcore' 'specmemcore_ln0' <Predicate = true> <Delay = 0.00>
ST_1 : Operation 10 [1/1] (0.00ns)   --->   "%zext_ln620_1_read = read i16 @_ssdm_op_Read.ap_auto.i16, i16 %zext_ln620_1"   --->   Operation 10 'read' 'zext_ln620_1_read' <Predicate = true> <Delay = 0.00>
ST_1 : Operation 11 [1/1] (0.00ns)   --->   "%backIdx_1_reload_read = read i16 @_ssdm_op_Read.ap_auto.i16, i16 %backIdx_1_reload"   --->   Operation 11 'read' 'backIdx_1_reload_read' <Predicate = true> <Delay = 0.00>
ST_1 : Operation 12 [1/1] (0.00ns)   --->   "%frontIdx_reload_read = read i16 @_ssdm_op_Read.ap_auto.i16, i16 %frontIdx_reload"   --->   Operation 12 'read' 'frontIdx_reload_read' <Predicate = true> <Delay = 0.00>
ST_1 : Operation 13 [1/1] (0.42ns)   --->   "%store_ln643 = store i16 %frontIdx_reload_read, i16 %readIdx" [/home/xiaorang/Documents/ATOMFLOW/sorting-organized-main/src/sortLatticeByRow.cpp:643->/home/xiaorang/Documents/ATOMFLOW/sorting-organized-main/src/sortLatticeByRow.cpp:1833]   --->   Operation 13 'store' 'store_ln643' <Predicate = true> <Delay = 0.42>
ST_1 : Operation 14 [1/1] (0.42ns)   --->   "%store_ln642 = store i9 0, i9 %writeIdx" [/home/xiaorang/Documents/ATOMFLOW/sorting-organized-main/src/sortLatticeByRow.cpp:642->/home/xiaorang/Documents/ATOMFLOW/sorting-organized-main/src/sortLatticeByRow.cpp:1833]   --->   Operation 14 'store' 'store_ln642' <Predicate = true> <Delay = 0.42>
ST_1 : Operation 15 [1/1] (0.42ns)   --->   "%store_ln0 = store i32 0, i32 %reuse_reg"   --->   Operation 15 'store' 'store_ln0' <Predicate = true> <Delay = 0.42>
ST_1 : Operation 16 [1/1] (0.42ns)   --->   "%store_ln0 = store i64 18446744073709551615, i64 %reuse_addr_reg"   --->   Operation 16 'store' 'store_ln0' <Predicate = true> <Delay = 0.42>
ST_1 : Operation 17 [1/1] (0.00ns)   --->   "%br_ln0 = br void %for.cond147.i"   --->   Operation 17 'br' 'br_ln0' <Predicate = true> <Delay = 0.00>

State 2 <SV = 1> <Delay = 2.09>
ST_2 : Operation 18 [1/1] (0.00ns)   --->   "%writeIdx_1 = load i9 %writeIdx" [/home/xiaorang/Documents/ATOMFLOW/sorting-organized-main/src/sortLatticeByRow.cpp:648->/home/xiaorang/Documents/ATOMFLOW/sorting-organized-main/src/sortLatticeByRow.cpp:1833]   --->   Operation 18 'load' 'writeIdx_1' <Predicate = true> <Delay = 0.00>
ST_2 : Operation 19 [1/1] (0.00ns)   --->   "%readIdx_2 = load i16 %readIdx" [/home/xiaorang/Documents/ATOMFLOW/sorting-organized-main/src/sortLatticeByRow.cpp:643->/home/xiaorang/Documents/ATOMFLOW/sorting-organized-main/src/sortLatticeByRow.cpp:1833]   --->   Operation 19 'load' 'readIdx_2' <Predicate = true> <Delay = 0.00>
ST_2 : Operation 20 [1/1] (0.85ns)   --->   "%icmp_ln643 = icmp_ult  i16 %backIdx_1_reload_read, i16 %readIdx_2" [/home/xiaorang/Documents/ATOMFLOW/sorting-organized-main/src/sortLatticeByRow.cpp:643->/home/xiaorang/Documents/ATOMFLOW/sorting-organized-main/src/sortLatticeByRow.cpp:1833]   --->   Operation 20 'icmp' 'icmp_ln643' <Predicate = true> <Delay = 0.85> <CoreInst = "Cmp">   --->   Core 9 'Cmp' <Latency = 0> <II = 1> <Delay = 0.85> <FuncUnit> <Opcode : 'seteq' 'setne' 'setle' 'setge' 'setlt' 'setgt'> <InPorts = 2> <OutPorts = 1>
ST_2 : Operation 21 [1/1] (0.00ns)   --->   "%tmp = partselect i8 @_ssdm_op_PartSelect.i8.i16.i32.i32, i16 %readIdx_2, i32 8, i32 15" [/home/xiaorang/Documents/ATOMFLOW/sorting-organized-main/src/sortLatticeByRow.cpp:643->/home/xiaorang/Documents/ATOMFLOW/sorting-organized-main/src/sortLatticeByRow.cpp:1833]   --->   Operation 21 'partselect' 'tmp' <Predicate = true> <Delay = 0.00>
ST_2 : Operation 22 [1/1] (0.76ns)   --->   "%icmp_ln643_1 = icmp_ne  i8 %tmp, i8 0" [/home/xiaorang/Documents/ATOMFLOW/sorting-organized-main/src/sortLatticeByRow.cpp:643->/home/xiaorang/Documents/ATOMFLOW/sorting-organized-main/src/sortLatticeByRow.cpp:1833]   --->   Operation 22 'icmp' 'icmp_ln643_1' <Predicate = true> <Delay = 0.76> <CoreInst = "Cmp">   --->   Core 9 'Cmp' <Latency = 0> <II = 1> <Delay = 0.76> <FuncUnit> <Opcode : 'seteq' 'setne' 'setle' 'setge' 'setlt' 'setgt'> <InPorts = 2> <OutPorts = 1>
ST_2 : Operation 23 [1/1] (0.28ns)   --->   "%or_ln643 = or i1 %icmp_ln643, i1 %icmp_ln643_1" [/home/xiaorang/Documents/ATOMFLOW/sorting-organized-main/src/sortLatticeByRow.cpp:643->/home/xiaorang/Documents/ATOMFLOW/sorting-organized-main/src/sortLatticeByRow.cpp:1833]   --->   Operation 23 'or' 'or_ln643' <Predicate = true> <Delay = 0.28> <CoreInst = "LogicGate">   --->   Core 74 'LogicGate' <Latency = 0> <II = 1> <Delay = 0.28> <FuncUnit> <Opcode : 'and' 'or' 'xor'> <InPorts = 2> <OutPorts = 1>
ST_2 : Operation 24 [1/1] (0.77ns)   --->   "%writeIdx_2 = add i9 %writeIdx_1, i9 1" [/home/xiaorang/Documents/ATOMFLOW/sorting-organized-main/src/sortLatticeByRow.cpp:648->/home/xiaorang/Documents/ATOMFLOW/sorting-organized-main/src/sortLatticeByRow.cpp:1833]   --->   Operation 24 'add' 'writeIdx_2' <Predicate = true> <Delay = 0.77> <CoreInst = "Adder">   --->   Core 1 'Adder' <Latency = 0> <II = 1> <Delay = 0.77> <FuncUnit> <Opcode : 'add' 'sub'> <InPorts = 2> <OutPorts = 1>
ST_2 : Operation 25 [1/1] (0.00ns)   --->   "%br_ln643 = br i1 %or_ln643, void %for.inc164.i, void %for.end167.i.exitStub" [/home/xiaorang/Documents/ATOMFLOW/sorting-organized-main/src/sortLatticeByRow.cpp:643->/home/xiaorang/Documents/ATOMFLOW/sorting-organized-main/src/sortLatticeByRow.cpp:1833]   --->   Operation 25 'br' 'br_ln643' <Predicate = true> <Delay = 0.00>
ST_2 : Operation 26 [1/1] (0.85ns)   --->   "%add_ln648 = add i16 %zext_ln620_1_read, i16 %readIdx_2" [/home/xiaorang/Documents/ATOMFLOW/sorting-organized-main/src/sortLatticeByRow.cpp:648->/home/xiaorang/Documents/ATOMFLOW/sorting-organized-main/src/sortLatticeByRow.cpp:1833]   --->   Operation 26 'add' 'add_ln648' <Predicate = (!or_ln643)> <Delay = 0.85> <CoreInst = "Adder">   --->   Core 1 'Adder' <Latency = 0> <II = 1> <Delay = 0.85> <FuncUnit> <Opcode : 'add' 'sub'> <InPorts = 2> <OutPorts = 1>
ST_2 : Operation 27 [1/1] (0.00ns)   --->   "%zext_ln648 = zext i16 %add_ln648" [/home/xiaorang/Documents/ATOMFLOW/sorting-organized-main/src/sortLatticeByRow.cpp:648->/home/xiaorang/Documents/ATOMFLOW/sorting-organized-main/src/sortLatticeByRow.cpp:1833]   --->   Operation 27 'zext' 'zext_ln648' <Predicate = (!or_ln643)> <Delay = 0.00>
ST_2 : Operation 28 [1/1] (0.00ns)   --->   "%unusableInfo_usableAtoms_data_addr = getelementptr i32 %unusableInfo_usableAtoms_data, i64 0, i64 %zext_ln648" [/home/xiaorang/Documents/ATOMFLOW/sorting-organized-main/src/sortLatticeByRow.cpp:648->/home/xiaorang/Documents/ATOMFLOW/sorting-organized-main/src/sortLatticeByRow.cpp:1833]   --->   Operation 28 'getelementptr' 'unusableInfo_usableAtoms_data_addr' <Predicate = (!or_ln643)> <Delay = 0.00>
ST_2 : Operation 29 [1/1] (0.00ns)   --->   "%reuse_addr_reg_load = load i64 %reuse_addr_reg"   --->   Operation 29 'load' 'reuse_addr_reg_load' <Predicate = (!or_ln643)> <Delay = 0.00>
ST_2 : Operation 30 [2/2] (1.23ns)   --->   "%unusableInfo_usableAtoms_data_load = load i16 %unusableInfo_usableAtoms_data_addr" [/home/xiaorang/Documents/ATOMFLOW/sorting-organized-main/src/sortLatticeByRow.cpp:648->/home/xiaorang/Documents/ATOMFLOW/sorting-organized-main/src/sortLatticeByRow.cpp:1833]   --->   Operation 30 'load' 'unusableInfo_usableAtoms_data_load' <Predicate = (!or_ln643)> <Delay = 1.23> <CoreInst = "RAM_2P_BRAM">   --->   Core 93 'RAM_2P_BRAM' <Latency = 1> <II = 1> <Delay = 1.23> <Storage> <Opcode : 'load' 'store'> <Ports = 2> <Width = 32> <Depth = 65536> <RAM>
ST_2 : Operation 31 [1/1] (1.08ns)   --->   "%addr_cmp = icmp_eq  i64 %reuse_addr_reg_load, i64 %zext_ln648" [/home/xiaorang/Documents/ATOMFLOW/sorting-organized-main/src/sortLatticeByRow.cpp:648->/home/xiaorang/Documents/ATOMFLOW/sorting-organized-main/src/sortLatticeByRow.cpp:1833]   --->   Operation 31 'icmp' 'addr_cmp' <Predicate = (!or_ln643)> <Delay = 1.08> <CoreInst = "Cmp">   --->   Core 9 'Cmp' <Latency = 0> <II = 1> <Delay = 1.08> <FuncUnit> <Opcode : 'seteq' 'setne' 'setle' 'setge' 'setlt' 'setgt'> <InPorts = 2> <OutPorts = 1>
ST_2 : Operation 32 [1/1] (0.00ns)   --->   "%zext_ln648_1 = zext i9 %writeIdx_1" [/home/xiaorang/Documents/ATOMFLOW/sorting-organized-main/src/sortLatticeByRow.cpp:648->/home/xiaorang/Documents/ATOMFLOW/sorting-organized-main/src/sortLatticeByRow.cpp:1833]   --->   Operation 32 'zext' 'zext_ln648_1' <Predicate = (!or_ln643)> <Delay = 0.00>
ST_2 : Operation 33 [1/1] (0.85ns)   --->   "%add_ln648_2 = add i16 %zext_ln620_1_read, i16 %zext_ln648_1" [/home/xiaorang/Documents/ATOMFLOW/sorting-organized-main/src/sortLatticeByRow.cpp:648->/home/xiaorang/Documents/ATOMFLOW/sorting-organized-main/src/sortLatticeByRow.cpp:1833]   --->   Operation 33 'add' 'add_ln648_2' <Predicate = (!or_ln643)> <Delay = 0.85> <CoreInst = "Adder">   --->   Core 1 'Adder' <Latency = 0> <II = 1> <Delay = 0.85> <FuncUnit> <Opcode : 'add' 'sub'> <InPorts = 2> <OutPorts = 1>
ST_2 : Operation 34 [1/1] (0.00ns)   --->   "%zext_ln648_2 = zext i16 %add_ln648_2" [/home/xiaorang/Documents/ATOMFLOW/sorting-organized-main/src/sortLatticeByRow.cpp:648->/home/xiaorang/Documents/ATOMFLOW/sorting-organized-main/src/sortLatticeByRow.cpp:1833]   --->   Operation 34 'zext' 'zext_ln648_2' <Predicate = (!or_ln643)> <Delay = 0.00>
ST_2 : Operation 35 [1/1] (0.42ns)   --->   "%store_ln648 = store i64 %zext_ln648_2, i64 %reuse_addr_reg" [/home/xiaorang/Documents/ATOMFLOW/sorting-organized-main/src/sortLatticeByRow.cpp:648->/home/xiaorang/Documents/ATOMFLOW/sorting-organized-main/src/sortLatticeByRow.cpp:1833]   --->   Operation 35 'store' 'store_ln648' <Predicate = (!or_ln643)> <Delay = 0.42>
ST_2 : Operation 36 [1/1] (0.85ns)   --->   "%readIdx_3 = add i16 %readIdx_2, i16 1" [/home/xiaorang/Documents/ATOMFLOW/sorting-organized-main/src/sortLatticeByRow.cpp:643->/home/xiaorang/Documents/ATOMFLOW/sorting-organized-main/src/sortLatticeByRow.cpp:1833]   --->   Operation 36 'add' 'readIdx_3' <Predicate = (!or_ln643)> <Delay = 0.85> <CoreInst = "Adder">   --->   Core 1 'Adder' <Latency = 0> <II = 1> <Delay = 0.85> <FuncUnit> <Opcode : 'add' 'sub'> <InPorts = 2> <OutPorts = 1>
ST_2 : Operation 37 [1/1] (0.42ns)   --->   "%store_ln643 = store i16 %readIdx_3, i16 %readIdx" [/home/xiaorang/Documents/ATOMFLOW/sorting-organized-main/src/sortLatticeByRow.cpp:643->/home/xiaorang/Documents/ATOMFLOW/sorting-organized-main/src/sortLatticeByRow.cpp:1833]   --->   Operation 37 'store' 'store_ln643' <Predicate = (!or_ln643)> <Delay = 0.42>
ST_2 : Operation 38 [1/1] (0.42ns)   --->   "%store_ln642 = store i9 %writeIdx_2, i9 %writeIdx" [/home/xiaorang/Documents/ATOMFLOW/sorting-organized-main/src/sortLatticeByRow.cpp:642->/home/xiaorang/Documents/ATOMFLOW/sorting-organized-main/src/sortLatticeByRow.cpp:1833]   --->   Operation 38 'store' 'store_ln642' <Predicate = (!or_ln643)> <Delay = 0.42>
ST_2 : Operation 49 [1/1] (0.00ns)   --->   "%write_ln648 = write void @_ssdm_op_Write.ap_auto.i9P0A, i9 %writeIdx_out, i9 %writeIdx_1" [/home/xiaorang/Documents/ATOMFLOW/sorting-organized-main/src/sortLatticeByRow.cpp:648->/home/xiaorang/Documents/ATOMFLOW/sorting-organized-main/src/sortLatticeByRow.cpp:1833]   --->   Operation 49 'write' 'write_ln648' <Predicate = (or_ln643)> <Delay = 0.00>
ST_2 : Operation 50 [1/1] (0.42ns)   --->   "%ret_ln0 = ret"   --->   Operation 50 'ret' 'ret_ln0' <Predicate = (or_ln643)> <Delay = 0.42>

State 3 <SV = 2> <Delay = 2.92>
ST_3 : Operation 39 [1/1] (0.00ns)   --->   "%specpipeline_ln645 = specpipeline void @_ssdm_op_SpecPipeline, i32 1, i32 0, i32 0, i32 0, void @empty_18" [/home/xiaorang/Documents/ATOMFLOW/sorting-organized-main/src/sortLatticeByRow.cpp:645->/home/xiaorang/Documents/ATOMFLOW/sorting-organized-main/src/sortLatticeByRow.cpp:1833]   --->   Operation 39 'specpipeline' 'specpipeline_ln645' <Predicate = true> <Delay = 0.00>
ST_3 : Operation 40 [1/1] (0.00ns)   --->   "%speclooptripcount_ln646 = speclooptripcount void @_ssdm_op_SpecLoopTripCount, i64 0, i64 256, i64 128" [/home/xiaorang/Documents/ATOMFLOW/sorting-organized-main/src/sortLatticeByRow.cpp:646->/home/xiaorang/Documents/ATOMFLOW/sorting-organized-main/src/sortLatticeByRow.cpp:1833]   --->   Operation 40 'speclooptripcount' 'speclooptripcount_ln646' <Predicate = true> <Delay = 0.00>
ST_3 : Operation 41 [1/1] (0.00ns)   --->   "%specloopname_ln643 = specloopname void @_ssdm_op_SpecLoopName, void @empty_101" [/home/xiaorang/Documents/ATOMFLOW/sorting-organized-main/src/sortLatticeByRow.cpp:643->/home/xiaorang/Documents/ATOMFLOW/sorting-organized-main/src/sortLatticeByRow.cpp:1833]   --->   Operation 41 'specloopname' 'specloopname_ln643' <Predicate = true> <Delay = 0.00>
ST_3 : Operation 42 [1/1] (0.00ns)   --->   "%reuse_reg_load = load i32 %reuse_reg"   --->   Operation 42 'load' 'reuse_reg_load' <Predicate = (addr_cmp)> <Delay = 0.00>
ST_3 : Operation 43 [1/2] ( I:1.23ns O:1.23ns )   --->   "%unusableInfo_usableAtoms_data_load = load i16 %unusableInfo_usableAtoms_data_addr" [/home/xiaorang/Documents/ATOMFLOW/sorting-organized-main/src/sortLatticeByRow.cpp:648->/home/xiaorang/Documents/ATOMFLOW/sorting-organized-main/src/sortLatticeByRow.cpp:1833]   --->   Operation 43 'load' 'unusableInfo_usableAtoms_data_load' <Predicate = true> <Delay = 1.23> <CoreInst = "RAM_2P_BRAM">   --->   Core 93 'RAM_2P_BRAM' <Latency = 1> <II = 1> <Delay = 1.23> <Storage> <Opcode : 'load' 'store'> <Ports = 2> <Width = 32> <Depth = 65536> <RAM>
ST_3 : Operation 44 [1/1] (0.44ns)   --->   "%reuse_select = select i1 %addr_cmp, i32 %reuse_reg_load, i32 %unusableInfo_usableAtoms_data_load" [/home/xiaorang/Documents/ATOMFLOW/sorting-organized-main/src/sortLatticeByRow.cpp:648->/home/xiaorang/Documents/ATOMFLOW/sorting-organized-main/src/sortLatticeByRow.cpp:1833]   --->   Operation 44 'select' 'reuse_select' <Predicate = true> <Delay = 0.44> <CoreInst = "Sel">   --->   Core 73 'Sel' <Latency = 0> <II = 1> <Delay = 0.44> <FuncUnit> <Opcode : 'select'> <InPorts = 3> <OutPorts = 1>
ST_3 : Operation 45 [1/1] (0.00ns)   --->   "%unusableInfo_usableAtoms_data_addr_1 = getelementptr i32 %unusableInfo_usableAtoms_data, i64 0, i64 %zext_ln648_2" [/home/xiaorang/Documents/ATOMFLOW/sorting-organized-main/src/sortLatticeByRow.cpp:648->/home/xiaorang/Documents/ATOMFLOW/sorting-organized-main/src/sortLatticeByRow.cpp:1833]   --->   Operation 45 'getelementptr' 'unusableInfo_usableAtoms_data_addr_1' <Predicate = true> <Delay = 0.00>
ST_3 : Operation 46 [1/1] ( I:1.23ns O:1.23ns )   --->   "%store_ln648 = store i32 %reuse_select, i16 %unusableInfo_usableAtoms_data_addr_1" [/home/xiaorang/Documents/ATOMFLOW/sorting-organized-main/src/sortLatticeByRow.cpp:648->/home/xiaorang/Documents/ATOMFLOW/sorting-organized-main/src/sortLatticeByRow.cpp:1833]   --->   Operation 46 'store' 'store_ln648' <Predicate = true> <Delay = 1.23> <CoreInst = "RAM_2P_BRAM">   --->   Core 93 'RAM_2P_BRAM' <Latency = 1> <II = 1> <Delay = 1.23> <Storage> <Opcode : 'load' 'store'> <Ports = 2> <Width = 32> <Depth = 65536> <RAM>
ST_3 : Operation 47 [1/1] (0.42ns)   --->   "%store_ln648 = store i32 %reuse_select, i32 %reuse_reg" [/home/xiaorang/Documents/ATOMFLOW/sorting-organized-main/src/sortLatticeByRow.cpp:648->/home/xiaorang/Documents/ATOMFLOW/sorting-organized-main/src/sortLatticeByRow.cpp:1833]   --->   Operation 47 'store' 'store_ln648' <Predicate = true> <Delay = 0.42>
ST_3 : Operation 48 [1/1] (0.00ns)   --->   "%br_ln643 = br void %for.cond147.i" [/home/xiaorang/Documents/ATOMFLOW/sorting-organized-main/src/sortLatticeByRow.cpp:643->/home/xiaorang/Documents/ATOMFLOW/sorting-organized-main/src/sortLatticeByRow.cpp:1833]   --->   Operation 48 'br' 'br_ln643' <Predicate = true> <Delay = 0.00>


============================================================
+ Verbose Summary: Binding
============================================================
STG Binding: 
---------------- STG Properties BEGIN ----------------
- Is combinational: 0
- Is one-state seq: 0
- Is datapath-only: 0
- Is pipelined: 0
- Is top level: 0
Port [ Return ] is wired: 1; IO mode=ap_ctrl_hs:ce=0
Port [ frontIdx_reload]:  wired=1; compound=0; hidden=0; nouse=0; global=0; static=0; extern=0; dir=0; type=0; pingpong=0; private_global=0; IO mode=ap_none:ce=0
Port [ backIdx_1_reload]:  wired=1; compound=0; hidden=0; nouse=0; global=0; static=0; extern=0; dir=0; type=0; pingpong=0; private_global=0; IO mode=ap_none:ce=0
Port [ zext_ln620_1]:  wired=1; compound=0; hidden=0; nouse=0; global=0; static=0; extern=0; dir=0; type=0; pingpong=0; private_global=0; IO mode=ap_none:ce=0
Port [ unusableInfo_usableAtoms_data]:  wired=1; compound=1; hidden=0; nouse=0; global=0; static=0; extern=0; dir=2; type=1; pingpong=0; private_global=0; MemPort=[10]; IO mode=ap_memory:ce=0
Port [ writeIdx_out]:  wired=1; compound=0; hidden=0; nouse=0; global=0; static=0; extern=0; dir=1; type=0; pingpong=0; private_global=0; IO mode=ap_vld:ce=0
---------------- STG Properties END ------------------

---------------- Datapath Model BEGIN ----------------

<LifeTime>
<method=bitvector/>
reuse_addr_reg                       (alloca           ) [ 0110]
reuse_reg                            (alloca           ) [ 0111]
writeIdx                             (alloca           ) [ 0110]
readIdx                              (alloca           ) [ 0110]
specmemcore_ln0                      (specmemcore      ) [ 0000]
zext_ln620_1_read                    (read             ) [ 0110]
backIdx_1_reload_read                (read             ) [ 0110]
frontIdx_reload_read                 (read             ) [ 0000]
store_ln643                          (store            ) [ 0000]
store_ln642                          (store            ) [ 0000]
store_ln0                            (store            ) [ 0000]
store_ln0                            (store            ) [ 0000]
br_ln0                               (br               ) [ 0000]
writeIdx_1                           (load             ) [ 0000]
readIdx_2                            (load             ) [ 0000]
icmp_ln643                           (icmp             ) [ 0000]
tmp                                  (partselect       ) [ 0000]
icmp_ln643_1                         (icmp             ) [ 0000]
or_ln643                             (or               ) [ 0110]
writeIdx_2                           (add              ) [ 0000]
br_ln643                             (br               ) [ 0000]
add_ln648                            (add              ) [ 0000]
zext_ln648                           (zext             ) [ 0000]
unusableInfo_usableAtoms_data_addr   (getelementptr    ) [ 0101]
reuse_addr_reg_load                  (load             ) [ 0000]
addr_cmp                             (icmp             ) [ 0101]
zext_ln648_1                         (zext             ) [ 0000]
add_ln648_2                          (add              ) [ 0000]
zext_ln648_2                         (zext             ) [ 0101]
store_ln648                          (store            ) [ 0000]
readIdx_3                            (add              ) [ 0000]
store_ln643                          (store            ) [ 0000]
store_ln642                          (store            ) [ 0000]
specpipeline_ln645                   (specpipeline     ) [ 0000]
speclooptripcount_ln646              (speclooptripcount) [ 0000]
specloopname_ln643                   (specloopname     ) [ 0000]
reuse_reg_load                       (load             ) [ 0000]
unusableInfo_usableAtoms_data_load   (load             ) [ 0000]
reuse_select                         (select           ) [ 0000]
unusableInfo_usableAtoms_data_addr_1 (getelementptr    ) [ 0000]
store_ln648                          (store            ) [ 0000]
store_ln648                          (store            ) [ 0000]
br_ln643                             (br               ) [ 0000]
write_ln648                          (write            ) [ 0000]
ret_ln0                              (ret              ) [ 0000]
</LifeTime>

<model>

<comp_list>
<comp id="0" class="1000" name="frontIdx_reload">
<pin_list>
<pin id="1" dir="1" index="0" bw="1" slack="0"/>
</pin_list>
<bind>
<StgValue><ssdm name="frontIdx_reload"/></StgValue>
</bind>
</comp>

<comp id="2" class="1000" name="backIdx_1_reload">
<pin_list>
<pin id="3" dir="1" index="0" bw="1" slack="0"/>
</pin_list>
<bind>
<StgValue><ssdm name="backIdx_1_reload"/></StgValue>
</bind>
</comp>

<comp id="4" class="1000" name="zext_ln620_1">
<pin_list>
<pin id="5" dir="1" index="0" bw="1" slack="0"/>
</pin_list>
<bind>
<StgValue><ssdm name="zext_ln620_1"/></StgValue>
</bind>
</comp>

<comp id="6" class="1000" name="unusableInfo_usableAtoms_data">
<pin_list>
<pin id="7" dir="1" index="0" bw="1" slack="0"/>
</pin_list>
<bind>
<StgValue><ssdm name="unusableInfo_usableAtoms_data"/><MemPortTyVec>1 0 </MemPortTyVec>
</StgValue>
</bind>
</comp>

<comp id="8" class="1000" name="writeIdx_out">
<pin_list>
<pin id="9" dir="1" index="0" bw="1" slack="0"/>
</pin_list>
<bind>
<StgValue><ssdm name="writeIdx_out"/></StgValue>
</bind>
</comp>

<comp id="10" class="1001" name="const_10">
<pin_list>
<pin id="11" dir="1" index="0" bw="1" slack="0"/>
</pin_list>
<bind>
<StgValue><ssdm name=""/></StgValue>
</bind>
</comp>

<comp id="12" class="1001" name="const_12">
<pin_list>
<pin id="13" dir="1" index="0" bw="1" slack="2147483647"/>
</pin_list>
<bind>
<StgValue><ssdm name="_ssdm_op_SpecMemCore"/></StgValue>
</bind>
</comp>

<comp id="14" class="1001" name="const_14">
<pin_list>
<pin id="15" dir="1" index="0" bw="1" slack="2147483647"/>
</pin_list>
<bind>
<StgValue><ssdm name=""/></StgValue>
</bind>
</comp>

<comp id="16" class="1001" name="const_16">
<pin_list>
<pin id="17" dir="1" index="0" bw="1" slack="2147483647"/>
</pin_list>
<bind>
<StgValue><ssdm name=""/></StgValue>
</bind>
</comp>

<comp id="18" class="1001" name="const_18">
<pin_list>
<pin id="19" dir="1" index="0" bw="1" slack="0"/>
</pin_list>
<bind>
<StgValue><ssdm name=""/></StgValue>
</bind>
</comp>

<comp id="20" class="1001" name="const_20">
<pin_list>
<pin id="21" dir="1" index="0" bw="1" slack="0"/>
</pin_list>
<bind>
<StgValue><ssdm name="_ssdm_op_Read.ap_auto.i16"/></StgValue>
</bind>
</comp>

<comp id="22" class="1001" name="const_22">
<pin_list>
<pin id="23" dir="1" index="0" bw="1" slack="0"/>
</pin_list>
<bind>
<StgValue><ssdm name=""/></StgValue>
</bind>
</comp>

<comp id="24" class="1001" name="const_24">
<pin_list>
<pin id="25" dir="1" index="0" bw="1" slack="0"/>
</pin_list>
<bind>
<StgValue><ssdm name=""/></StgValue>
</bind>
</comp>

<comp id="26" class="1001" name="const_26">
<pin_list>
<pin id="27" dir="1" index="0" bw="1" slack="0"/>
</pin_list>
<bind>
<StgValue><ssdm name="_ssdm_op_PartSelect.i8.i16.i32.i32"/></StgValue>
</bind>
</comp>

<comp id="28" class="1001" name="const_28">
<pin_list>
<pin id="29" dir="1" index="0" bw="1" slack="0"/>
</pin_list>
<bind>
<StgValue><ssdm name=""/></StgValue>
</bind>
</comp>

<comp id="30" class="1001" name="const_30">
<pin_list>
<pin id="31" dir="1" index="0" bw="1" slack="0"/>
</pin_list>
<bind>
<StgValue><ssdm name=""/></StgValue>
</bind>
</comp>

<comp id="32" class="1001" name="const_32">
<pin_list>
<pin id="33" dir="1" index="0" bw="1" slack="0"/>
</pin_list>
<bind>
<StgValue><ssdm name=""/></StgValue>
</bind>
</comp>

<comp id="34" class="1001" name="const_34">
<pin_list>
<pin id="35" dir="1" index="0" bw="1" slack="0"/>
</pin_list>
<bind>
<StgValue><ssdm name=""/></StgValue>
</bind>
</comp>

<comp id="36" class="1001" name="const_36">
<pin_list>
<pin id="37" dir="1" index="0" bw="1" slack="0"/>
</pin_list>
<bind>
<StgValue><ssdm name=""/></StgValue>
</bind>
</comp>

<comp id="38" class="1001" name="const_38">
<pin_list>
<pin id="39" dir="1" index="0" bw="1" slack="0"/>
</pin_list>
<bind>
<StgValue><ssdm name=""/></StgValue>
</bind>
</comp>

<comp id="40" class="1001" name="const_40">
<pin_list>
<pin id="41" dir="1" index="0" bw="1" slack="2147483647"/>
</pin_list>
<bind>
<StgValue><ssdm name="_ssdm_op_SpecPipeline"/></StgValue>
</bind>
</comp>

<comp id="42" class="1001" name="const_42">
<pin_list>
<pin id="43" dir="1" index="0" bw="1" slack="2147483647"/>
</pin_list>
<bind>
<StgValue><ssdm name="empty_18"/></StgValue>
</bind>
</comp>

<comp id="44" class="1001" name="const_44">
<pin_list>
<pin id="45" dir="1" index="0" bw="1" slack="2147483647"/>
</pin_list>
<bind>
<StgValue><ssdm name="_ssdm_op_SpecLoopTripCount"/></StgValue>
</bind>
</comp>

<comp id="46" class="1001" name="const_46">
<pin_list>
<pin id="47" dir="1" index="0" bw="1" slack="2147483647"/>
</pin_list>
<bind>
<StgValue><ssdm name=""/></StgValue>
</bind>
</comp>

<comp id="48" class="1001" name="const_48">
<pin_list>
<pin id="49" dir="1" index="0" bw="1" slack="2147483647"/>
</pin_list>
<bind>
<StgValue><ssdm name=""/></StgValue>
</bind>
</comp>

<comp id="50" class="1001" name="const_50">
<pin_list>
<pin id="51" dir="1" index="0" bw="1" slack="2147483647"/>
</pin_list>
<bind>
<StgValue><ssdm name="_ssdm_op_SpecLoopName"/></StgValue>
</bind>
</comp>

<comp id="52" class="1001" name="const_52">
<pin_list>
<pin id="53" dir="1" index="0" bw="1" slack="2147483647"/>
</pin_list>
<bind>
<StgValue><ssdm name="empty_101"/></StgValue>
</bind>
</comp>

<comp id="54" class="1001" name="const_54">
<pin_list>
<pin id="55" dir="1" index="0" bw="1" slack="0"/>
</pin_list>
<bind>
<StgValue><ssdm name="_ssdm_op_Write.ap_auto.i9P0A"/></StgValue>
</bind>
</comp>

<comp id="56" class="1004" name="reuse_addr_reg_fu_56">
<pin_list>
<pin id="57" dir="0" index="0" bw="1" slack="0"/>
<pin id="58" dir="1" index="1" bw="64" slack="0"/>
</pin_list>
<bind>
<opcode="alloca(26) " fcode="alloca"/>
<opset="reuse_addr_reg/1 "/>
</bind>
</comp>

<comp id="60" class="1004" name="reuse_reg_fu_60">
<pin_list>
<pin id="61" dir="0" index="0" bw="1" slack="0"/>
<pin id="62" dir="1" index="1" bw="32" slack="0"/>
</pin_list>
<bind>
<opcode="alloca(26) " fcode="alloca"/>
<opset="reuse_reg/1 "/>
</bind>
</comp>

<comp id="64" class="1004" name="writeIdx_fu_64">
<pin_list>
<pin id="65" dir="0" index="0" bw="1" slack="0"/>
<pin id="66" dir="1" index="1" bw="9" slack="0"/>
</pin_list>
<bind>
<opcode="alloca(26) " fcode="alloca"/>
<opset="writeIdx/1 "/>
</bind>
</comp>

<comp id="68" class="1004" name="readIdx_fu_68">
<pin_list>
<pin id="69" dir="0" index="0" bw="1" slack="0"/>
<pin id="70" dir="1" index="1" bw="16" slack="0"/>
</pin_list>
<bind>
<opcode="alloca(26) " fcode="alloca"/>
<opset="readIdx/1 "/>
</bind>
</comp>

<comp id="72" class="1004" name="zext_ln620_1_read_read_fu_72">
<pin_list>
<pin id="73" dir="0" index="0" bw="16" slack="0"/>
<pin id="74" dir="0" index="1" bw="16" slack="0"/>
<pin id="75" dir="1" index="2" bw="16" slack="1"/>
</pin_list>
<bind>
<opcode="read(1150) " fcode="read"/>
<opset="zext_ln620_1_read/1 "/>
</bind>
</comp>

<comp id="78" class="1004" name="backIdx_1_reload_read_read_fu_78">
<pin_list>
<pin id="79" dir="0" index="0" bw="16" slack="0"/>
<pin id="80" dir="0" index="1" bw="16" slack="0"/>
<pin id="81" dir="1" index="2" bw="16" slack="1"/>
</pin_list>
<bind>
<opcode="read(1150) " fcode="read"/>
<opset="backIdx_1_reload_read/1 "/>
</bind>
</comp>

<comp id="84" class="1004" name="frontIdx_reload_read_read_fu_84">
<pin_list>
<pin id="85" dir="0" index="0" bw="16" slack="0"/>
<pin id="86" dir="0" index="1" bw="16" slack="0"/>
<pin id="87" dir="1" index="2" bw="16" slack="0"/>
</pin_list>
<bind>
<opcode="read(1150) " fcode="read"/>
<opset="frontIdx_reload_read/1 "/>
</bind>
</comp>

<comp id="90" class="1004" name="write_ln648_write_fu_90">
<pin_list>
<pin id="91" dir="0" index="0" bw="0" slack="0"/>
<pin id="92" dir="0" index="1" bw="9" slack="0"/>
<pin id="93" dir="0" index="2" bw="9" slack="0"/>
<pin id="94" dir="1" index="3" bw="0" slack="2147483647"/>
</pin_list>
<bind>
<opcode="write(1151) " fcode="write"/>
<opset="write_ln648/2 "/>
</bind>
</comp>

<comp id="97" class="1004" name="unusableInfo_usableAtoms_data_addr_gep_fu_97">
<pin_list>
<pin id="98" dir="0" index="0" bw="32" slack="0"/>
<pin id="99" dir="0" index="1" bw="1" slack="0"/>
<pin id="100" dir="0" index="2" bw="16" slack="0"/>
<pin id="101" dir="1" index="3" bw="16" slack="0"/>
</pin_list>
<bind>
<opcode="getelementptr(29) " fcode="getelementptr"/>
<opset="unusableInfo_usableAtoms_data_addr/2 "/>
</bind>
</comp>

<comp id="104" class="1004" name="grp_access_fu_104">
<pin_list>
<pin id="105" dir="0" index="0" bw="16" slack="0"/>
<pin id="106" dir="0" index="1" bw="32" slack="2147483647"/>
<pin id="107" dir="0" index="2" bw="0" slack="0"/>
<pin id="117" dir="0" index="4" bw="16" slack="0"/>
<pin id="118" dir="0" index="5" bw="32" slack="2147483647"/>
<pin id="119" dir="0" index="6" bw="0" slack="2147483647"/>
<pin id="108" dir="1" index="3" bw="32" slack="0"/>
<pin id="120" dir="1" index="7" bw="32" slack="2147483647"/>
</pin_list>
<bind>
<opcode="load(27) store(28) " fcode="store"/>
<opset="unusableInfo_usableAtoms_data_load/2 store_ln648/3 "/>
</bind>
</comp>

<comp id="110" class="1004" name="unusableInfo_usableAtoms_data_addr_1_gep_fu_110">
<pin_list>
<pin id="111" dir="0" index="0" bw="32" slack="0"/>
<pin id="112" dir="0" index="1" bw="1" slack="0"/>
<pin id="113" dir="0" index="2" bw="16" slack="1"/>
<pin id="114" dir="1" index="3" bw="16" slack="0"/>
</pin_list>
<bind>
<opcode="getelementptr(29) " fcode="getelementptr"/>
<opset="unusableInfo_usableAtoms_data_addr_1/3 "/>
</bind>
</comp>

<comp id="122" class="1004" name="store_ln643_store_fu_122">
<pin_list>
<pin id="123" dir="0" index="0" bw="16" slack="0"/>
<pin id="124" dir="0" index="1" bw="16" slack="0"/>
<pin id="125" dir="1" index="2" bw="0" slack="2147483647"/>
</pin_list>
<bind>
<opcode="store(28) " fcode="store"/>
<opset="store_ln643/1 "/>
</bind>
</comp>

<comp id="127" class="1004" name="store_ln642_store_fu_127">
<pin_list>
<pin id="128" dir="0" index="0" bw="1" slack="0"/>
<pin id="129" dir="0" index="1" bw="9" slack="0"/>
<pin id="130" dir="1" index="2" bw="0" slack="2147483647"/>
</pin_list>
<bind>
<opcode="store(28) " fcode="store"/>
<opset="store_ln642/1 "/>
</bind>
</comp>

<comp id="132" class="1004" name="store_ln0_store_fu_132">
<pin_list>
<pin id="133" dir="0" index="0" bw="1" slack="0"/>
<pin id="134" dir="0" index="1" bw="32" slack="0"/>
<pin id="135" dir="1" index="2" bw="0" slack="2147483647"/>
</pin_list>
<bind>
<opcode="store(28) " fcode="store"/>
<opset="store_ln0/1 "/>
</bind>
</comp>

<comp id="137" class="1004" name="store_ln0_store_fu_137">
<pin_list>
<pin id="138" dir="0" index="0" bw="1" slack="0"/>
<pin id="139" dir="0" index="1" bw="64" slack="0"/>
<pin id="140" dir="1" index="2" bw="0" slack="2147483647"/>
</pin_list>
<bind>
<opcode="store(28) " fcode="store"/>
<opset="store_ln0/1 "/>
</bind>
</comp>

<comp id="142" class="1004" name="writeIdx_1_load_fu_142">
<pin_list>
<pin id="143" dir="0" index="0" bw="9" slack="1"/>
<pin id="144" dir="1" index="1" bw="9" slack="0"/>
</pin_list>
<bind>
<opcode="load(27) " fcode="load"/>
<opset="writeIdx_1/2 "/>
</bind>
</comp>

<comp id="146" class="1004" name="readIdx_2_load_fu_146">
<pin_list>
<pin id="147" dir="0" index="0" bw="16" slack="1"/>
<pin id="148" dir="1" index="1" bw="16" slack="0"/>
</pin_list>
<bind>
<opcode="load(27) " fcode="load"/>
<opset="readIdx_2/2 "/>
</bind>
</comp>

<comp id="149" class="1004" name="icmp_ln643_fu_149">
<pin_list>
<pin id="150" dir="0" index="0" bw="16" slack="1"/>
<pin id="151" dir="0" index="1" bw="16" slack="0"/>
<pin id="152" dir="1" index="2" bw="1" slack="0"/>
</pin_list>
<bind>
<opcode="icmp(45) " fcode="icmp"/>
<opset="icmp_ln643/2 "/>
</bind>
</comp>

<comp id="154" class="1004" name="tmp_fu_154">
<pin_list>
<pin id="155" dir="0" index="0" bw="8" slack="0"/>
<pin id="156" dir="0" index="1" bw="16" slack="0"/>
<pin id="157" dir="0" index="2" bw="5" slack="0"/>
<pin id="158" dir="0" index="3" bw="5" slack="0"/>
<pin id="159" dir="1" index="4" bw="8" slack="0"/>
</pin_list>
<bind>
<opcode="partselect(1002) " fcode="partselect"/>
<opset="tmp/2 "/>
</bind>
</comp>

<comp id="164" class="1004" name="icmp_ln643_1_fu_164">
<pin_list>
<pin id="165" dir="0" index="0" bw="8" slack="0"/>
<pin id="166" dir="0" index="1" bw="8" slack="0"/>
<pin id="167" dir="1" index="2" bw="1" slack="0"/>
</pin_list>
<bind>
<opcode="icmp(45) " fcode="icmp"/>
<opset="icmp_ln643_1/2 "/>
</bind>
</comp>

<comp id="170" class="1004" name="or_ln643_fu_170">
<pin_list>
<pin id="171" dir="0" index="0" bw="1" slack="0"/>
<pin id="172" dir="0" index="1" bw="1" slack="0"/>
<pin id="173" dir="1" index="2" bw="1" slack="2147483647"/>
</pin_list>
<bind>
<opcode="or(24) " fcode="or"/>
<opset="or_ln643/2 "/>
</bind>
</comp>

<comp id="176" class="1004" name="writeIdx_2_fu_176">
<pin_list>
<pin id="177" dir="0" index="0" bw="9" slack="0"/>
<pin id="178" dir="0" index="1" bw="1" slack="0"/>
<pin id="179" dir="1" index="2" bw="9" slack="0"/>
</pin_list>
<bind>
<opcode="add(8) " fcode="add"/>
<opset="writeIdx_2/2 "/>
</bind>
</comp>

<comp id="182" class="1004" name="add_ln648_fu_182">
<pin_list>
<pin id="183" dir="0" index="0" bw="16" slack="1"/>
<pin id="184" dir="0" index="1" bw="16" slack="0"/>
<pin id="185" dir="1" index="2" bw="16" slack="0"/>
</pin_list>
<bind>
<opcode="add(8) " fcode="add"/>
<opset="add_ln648/2 "/>
</bind>
</comp>

<comp id="187" class="1004" name="zext_ln648_fu_187">
<pin_list>
<pin id="188" dir="0" index="0" bw="16" slack="0"/>
<pin id="189" dir="1" index="1" bw="64" slack="0"/>
</pin_list>
<bind>
<opcode="zext(34) " fcode="zext"/>
<opset="zext_ln648/2 "/>
</bind>
</comp>

<comp id="192" class="1004" name="reuse_addr_reg_load_load_fu_192">
<pin_list>
<pin id="193" dir="0" index="0" bw="64" slack="1"/>
<pin id="194" dir="1" index="1" bw="64" slack="0"/>
</pin_list>
<bind>
<opcode="load(27) " fcode="load"/>
<opset="reuse_addr_reg_load/2 "/>
</bind>
</comp>

<comp id="195" class="1004" name="addr_cmp_fu_195">
<pin_list>
<pin id="196" dir="0" index="0" bw="64" slack="0"/>
<pin id="197" dir="0" index="1" bw="64" slack="0"/>
<pin id="198" dir="1" index="2" bw="1" slack="1"/>
</pin_list>
<bind>
<opcode="icmp(45) " fcode="icmp"/>
<opset="addr_cmp/2 "/>
</bind>
</comp>

<comp id="201" class="1004" name="zext_ln648_1_fu_201">
<pin_list>
<pin id="202" dir="0" index="0" bw="9" slack="0"/>
<pin id="203" dir="1" index="1" bw="16" slack="0"/>
</pin_list>
<bind>
<opcode="zext(34) " fcode="zext"/>
<opset="zext_ln648_1/2 "/>
</bind>
</comp>

<comp id="205" class="1004" name="add_ln648_2_fu_205">
<pin_list>
<pin id="206" dir="0" index="0" bw="16" slack="1"/>
<pin id="207" dir="0" index="1" bw="9" slack="0"/>
<pin id="208" dir="1" index="2" bw="16" slack="0"/>
</pin_list>
<bind>
<opcode="add(8) " fcode="add"/>
<opset="add_ln648_2/2 "/>
</bind>
</comp>

<comp id="210" class="1004" name="zext_ln648_2_fu_210">
<pin_list>
<pin id="211" dir="0" index="0" bw="16" slack="0"/>
<pin id="212" dir="1" index="1" bw="64" slack="0"/>
</pin_list>
<bind>
<opcode="zext(34) " fcode="zext"/>
<opset="zext_ln648_2/2 "/>
</bind>
</comp>

<comp id="214" class="1004" name="store_ln648_store_fu_214">
<pin_list>
<pin id="215" dir="0" index="0" bw="16" slack="0"/>
<pin id="216" dir="0" index="1" bw="64" slack="1"/>
<pin id="217" dir="1" index="2" bw="0" slack="2147483647"/>
</pin_list>
<bind>
<opcode="store(28) " fcode="store"/>
<opset="store_ln648/2 "/>
</bind>
</comp>

<comp id="219" class="1004" name="readIdx_3_fu_219">
<pin_list>
<pin id="220" dir="0" index="0" bw="16" slack="0"/>
<pin id="221" dir="0" index="1" bw="1" slack="0"/>
<pin id="222" dir="1" index="2" bw="16" slack="0"/>
</pin_list>
<bind>
<opcode="add(8) " fcode="add"/>
<opset="readIdx_3/2 "/>
</bind>
</comp>

<comp id="225" class="1004" name="store_ln643_store_fu_225">
<pin_list>
<pin id="226" dir="0" index="0" bw="16" slack="0"/>
<pin id="227" dir="0" index="1" bw="16" slack="1"/>
<pin id="228" dir="1" index="2" bw="0" slack="2147483647"/>
</pin_list>
<bind>
<opcode="store(28) " fcode="store"/>
<opset="store_ln643/2 "/>
</bind>
</comp>

<comp id="230" class="1004" name="store_ln642_store_fu_230">
<pin_list>
<pin id="231" dir="0" index="0" bw="9" slack="0"/>
<pin id="232" dir="0" index="1" bw="9" slack="1"/>
<pin id="233" dir="1" index="2" bw="0" slack="2147483647"/>
</pin_list>
<bind>
<opcode="store(28) " fcode="store"/>
<opset="store_ln642/2 "/>
</bind>
</comp>

<comp id="235" class="1004" name="reuse_reg_load_load_fu_235">
<pin_list>
<pin id="236" dir="0" index="0" bw="32" slack="2"/>
<pin id="237" dir="1" index="1" bw="32" slack="0"/>
</pin_list>
<bind>
<opcode="load(27) " fcode="load"/>
<opset="reuse_reg_load/3 "/>
</bind>
</comp>

<comp id="238" class="1004" name="reuse_select_fu_238">
<pin_list>
<pin id="239" dir="0" index="0" bw="1" slack="1"/>
<pin id="240" dir="0" index="1" bw="32" slack="0"/>
<pin id="241" dir="0" index="2" bw="32" slack="0"/>
<pin id="242" dir="1" index="3" bw="32" slack="0"/>
</pin_list>
<bind>
<opcode="select(49) " fcode="select"/>
<opset="reuse_select/3 "/>
</bind>
</comp>

<comp id="246" class="1004" name="store_ln648_store_fu_246">
<pin_list>
<pin id="247" dir="0" index="0" bw="32" slack="0"/>
<pin id="248" dir="0" index="1" bw="32" slack="2"/>
<pin id="249" dir="1" index="2" bw="0" slack="2147483647"/>
</pin_list>
<bind>
<opcode="store(28) " fcode="store"/>
<opset="store_ln648/3 "/>
</bind>
</comp>

<comp id="251" class="1005" name="reuse_addr_reg_reg_251">
<pin_list>
<pin id="252" dir="0" index="0" bw="64" slack="0"/>
<pin id="253" dir="1" index="1" bw="64" slack="0"/>
</pin_list>
<bind>
<opset="reuse_addr_reg "/>
</bind>
</comp>

<comp id="258" class="1005" name="reuse_reg_reg_258">
<pin_list>
<pin id="259" dir="0" index="0" bw="32" slack="0"/>
<pin id="260" dir="1" index="1" bw="32" slack="0"/>
</pin_list>
<bind>
<opset="reuse_reg "/>
</bind>
</comp>

<comp id="265" class="1005" name="writeIdx_reg_265">
<pin_list>
<pin id="266" dir="0" index="0" bw="9" slack="0"/>
<pin id="267" dir="1" index="1" bw="9" slack="0"/>
</pin_list>
<bind>
<opset="writeIdx "/>
</bind>
</comp>

<comp id="272" class="1005" name="readIdx_reg_272">
<pin_list>
<pin id="273" dir="0" index="0" bw="16" slack="0"/>
<pin id="274" dir="1" index="1" bw="16" slack="0"/>
</pin_list>
<bind>
<opset="readIdx "/>
</bind>
</comp>

<comp id="279" class="1005" name="zext_ln620_1_read_reg_279">
<pin_list>
<pin id="280" dir="0" index="0" bw="16" slack="1"/>
<pin id="281" dir="1" index="1" bw="16" slack="1"/>
</pin_list>
<bind>
<opset="zext_ln620_1_read "/>
</bind>
</comp>

<comp id="285" class="1005" name="backIdx_1_reload_read_reg_285">
<pin_list>
<pin id="286" dir="0" index="0" bw="16" slack="1"/>
<pin id="287" dir="1" index="1" bw="16" slack="1"/>
</pin_list>
<bind>
<opset="backIdx_1_reload_read "/>
</bind>
</comp>

<comp id="293" class="1005" name="unusableInfo_usableAtoms_data_addr_reg_293">
<pin_list>
<pin id="294" dir="0" index="0" bw="16" slack="1"/>
<pin id="295" dir="1" index="1" bw="16" slack="1"/>
</pin_list>
<bind>
<opset="unusableInfo_usableAtoms_data_addr "/>
</bind>
</comp>

<comp id="298" class="1005" name="addr_cmp_reg_298">
<pin_list>
<pin id="299" dir="0" index="0" bw="1" slack="1"/>
<pin id="300" dir="1" index="1" bw="1" slack="1"/>
</pin_list>
<bind>
<opset="addr_cmp "/>
</bind>
</comp>

<comp id="303" class="1005" name="zext_ln648_2_reg_303">
<pin_list>
<pin id="304" dir="0" index="0" bw="64" slack="1"/>
<pin id="305" dir="1" index="1" bw="64" slack="1"/>
</pin_list>
<bind>
<opset="zext_ln648_2 "/>
</bind>
</comp>

</comp_list>

<net_list>
<net id="59"><net_src comp="10" pin="0"/><net_sink comp="56" pin=0"/></net>

<net id="63"><net_src comp="10" pin="0"/><net_sink comp="60" pin=0"/></net>

<net id="67"><net_src comp="10" pin="0"/><net_sink comp="64" pin=0"/></net>

<net id="71"><net_src comp="10" pin="0"/><net_sink comp="68" pin=0"/></net>

<net id="76"><net_src comp="20" pin="0"/><net_sink comp="72" pin=0"/></net>

<net id="77"><net_src comp="4" pin="0"/><net_sink comp="72" pin=1"/></net>

<net id="82"><net_src comp="20" pin="0"/><net_sink comp="78" pin=0"/></net>

<net id="83"><net_src comp="2" pin="0"/><net_sink comp="78" pin=1"/></net>

<net id="88"><net_src comp="20" pin="0"/><net_sink comp="84" pin=0"/></net>

<net id="89"><net_src comp="0" pin="0"/><net_sink comp="84" pin=1"/></net>

<net id="95"><net_src comp="54" pin="0"/><net_sink comp="90" pin=0"/></net>

<net id="96"><net_src comp="8" pin="0"/><net_sink comp="90" pin=1"/></net>

<net id="102"><net_src comp="6" pin="0"/><net_sink comp="97" pin=0"/></net>

<net id="103"><net_src comp="36" pin="0"/><net_sink comp="97" pin=1"/></net>

<net id="109"><net_src comp="97" pin="3"/><net_sink comp="104" pin=0"/></net>

<net id="115"><net_src comp="6" pin="0"/><net_sink comp="110" pin=0"/></net>

<net id="116"><net_src comp="36" pin="0"/><net_sink comp="110" pin=1"/></net>

<net id="121"><net_src comp="110" pin="3"/><net_sink comp="104" pin=2"/></net>

<net id="126"><net_src comp="84" pin="2"/><net_sink comp="122" pin=0"/></net>

<net id="131"><net_src comp="22" pin="0"/><net_sink comp="127" pin=0"/></net>

<net id="136"><net_src comp="24" pin="0"/><net_sink comp="132" pin=0"/></net>

<net id="141"><net_src comp="18" pin="0"/><net_sink comp="137" pin=0"/></net>

<net id="145"><net_src comp="142" pin="1"/><net_sink comp="90" pin=2"/></net>

<net id="153"><net_src comp="146" pin="1"/><net_sink comp="149" pin=1"/></net>

<net id="160"><net_src comp="26" pin="0"/><net_sink comp="154" pin=0"/></net>

<net id="161"><net_src comp="146" pin="1"/><net_sink comp="154" pin=1"/></net>

<net id="162"><net_src comp="28" pin="0"/><net_sink comp="154" pin=2"/></net>

<net id="163"><net_src comp="30" pin="0"/><net_sink comp="154" pin=3"/></net>

<net id="168"><net_src comp="154" pin="4"/><net_sink comp="164" pin=0"/></net>

<net id="169"><net_src comp="32" pin="0"/><net_sink comp="164" pin=1"/></net>

<net id="174"><net_src comp="149" pin="2"/><net_sink comp="170" pin=0"/></net>

<net id="175"><net_src comp="164" pin="2"/><net_sink comp="170" pin=1"/></net>

<net id="180"><net_src comp="142" pin="1"/><net_sink comp="176" pin=0"/></net>

<net id="181"><net_src comp="34" pin="0"/><net_sink comp="176" pin=1"/></net>

<net id="186"><net_src comp="146" pin="1"/><net_sink comp="182" pin=1"/></net>

<net id="190"><net_src comp="182" pin="2"/><net_sink comp="187" pin=0"/></net>

<net id="191"><net_src comp="187" pin="1"/><net_sink comp="97" pin=2"/></net>

<net id="199"><net_src comp="192" pin="1"/><net_sink comp="195" pin=0"/></net>

<net id="200"><net_src comp="187" pin="1"/><net_sink comp="195" pin=1"/></net>

<net id="204"><net_src comp="142" pin="1"/><net_sink comp="201" pin=0"/></net>

<net id="209"><net_src comp="201" pin="1"/><net_sink comp="205" pin=1"/></net>

<net id="213"><net_src comp="205" pin="2"/><net_sink comp="210" pin=0"/></net>

<net id="218"><net_src comp="210" pin="1"/><net_sink comp="214" pin=0"/></net>

<net id="223"><net_src comp="146" pin="1"/><net_sink comp="219" pin=0"/></net>

<net id="224"><net_src comp="38" pin="0"/><net_sink comp="219" pin=1"/></net>

<net id="229"><net_src comp="219" pin="2"/><net_sink comp="225" pin=0"/></net>

<net id="234"><net_src comp="176" pin="2"/><net_sink comp="230" pin=0"/></net>

<net id="243"><net_src comp="235" pin="1"/><net_sink comp="238" pin=1"/></net>

<net id="244"><net_src comp="104" pin="3"/><net_sink comp="238" pin=2"/></net>

<net id="245"><net_src comp="238" pin="3"/><net_sink comp="104" pin=4"/></net>

<net id="250"><net_src comp="238" pin="3"/><net_sink comp="246" pin=0"/></net>

<net id="254"><net_src comp="56" pin="1"/><net_sink comp="251" pin=0"/></net>

<net id="255"><net_src comp="251" pin="1"/><net_sink comp="137" pin=1"/></net>

<net id="256"><net_src comp="251" pin="1"/><net_sink comp="192" pin=0"/></net>

<net id="257"><net_src comp="251" pin="1"/><net_sink comp="214" pin=1"/></net>

<net id="261"><net_src comp="60" pin="1"/><net_sink comp="258" pin=0"/></net>

<net id="262"><net_src comp="258" pin="1"/><net_sink comp="132" pin=1"/></net>

<net id="263"><net_src comp="258" pin="1"/><net_sink comp="235" pin=0"/></net>

<net id="264"><net_src comp="258" pin="1"/><net_sink comp="246" pin=1"/></net>

<net id="268"><net_src comp="64" pin="1"/><net_sink comp="265" pin=0"/></net>

<net id="269"><net_src comp="265" pin="1"/><net_sink comp="127" pin=1"/></net>

<net id="270"><net_src comp="265" pin="1"/><net_sink comp="142" pin=0"/></net>

<net id="271"><net_src comp="265" pin="1"/><net_sink comp="230" pin=1"/></net>

<net id="275"><net_src comp="68" pin="1"/><net_sink comp="272" pin=0"/></net>

<net id="276"><net_src comp="272" pin="1"/><net_sink comp="122" pin=1"/></net>

<net id="277"><net_src comp="272" pin="1"/><net_sink comp="146" pin=0"/></net>

<net id="278"><net_src comp="272" pin="1"/><net_sink comp="225" pin=1"/></net>

<net id="282"><net_src comp="72" pin="2"/><net_sink comp="279" pin=0"/></net>

<net id="283"><net_src comp="279" pin="1"/><net_sink comp="182" pin=0"/></net>

<net id="284"><net_src comp="279" pin="1"/><net_sink comp="205" pin=0"/></net>

<net id="288"><net_src comp="78" pin="2"/><net_sink comp="285" pin=0"/></net>

<net id="289"><net_src comp="285" pin="1"/><net_sink comp="149" pin=0"/></net>

<net id="296"><net_src comp="97" pin="3"/><net_sink comp="293" pin=0"/></net>

<net id="297"><net_src comp="293" pin="1"/><net_sink comp="104" pin=0"/></net>

<net id="301"><net_src comp="195" pin="2"/><net_sink comp="298" pin=0"/></net>

<net id="302"><net_src comp="298" pin="1"/><net_sink comp="238" pin=0"/></net>

<net id="306"><net_src comp="210" pin="1"/><net_sink comp="303" pin=0"/></net>

<net id="307"><net_src comp="303" pin="1"/><net_sink comp="110" pin=2"/></net>

</net_list>

</model> 
---------------- Datapath Model END ------------------

* FSMD analyzer results:
  - Output states:
	Port: unusableInfo_usableAtoms_data | {3 }
	Port: writeIdx_out | {2 }
 - Input state : 
	Port: sortRemainingRowsOrCols<HLSMoveStream>_Pipeline_VITIS_LOOP_643_6 : frontIdx_reload | {1 }
	Port: sortRemainingRowsOrCols<HLSMoveStream>_Pipeline_VITIS_LOOP_643_6 : backIdx_1_reload | {1 }
	Port: sortRemainingRowsOrCols<HLSMoveStream>_Pipeline_VITIS_LOOP_643_6 : zext_ln620_1 | {1 }
	Port: sortRemainingRowsOrCols<HLSMoveStream>_Pipeline_VITIS_LOOP_643_6 : unusableInfo_usableAtoms_data | {2 3 }
  - Chain level:
	State 1
		store_ln642 : 1
		store_ln0 : 1
		store_ln0 : 1
	State 2
		icmp_ln643 : 1
		tmp : 1
		icmp_ln643_1 : 2
		or_ln643 : 3
		writeIdx_2 : 1
		br_ln643 : 3
		add_ln648 : 1
		zext_ln648 : 2
		unusableInfo_usableAtoms_data_addr : 3
		unusableInfo_usableAtoms_data_load : 4
		addr_cmp : 3
		zext_ln648_1 : 1
		add_ln648_2 : 2
		zext_ln648_2 : 3
		store_ln648 : 4
		readIdx_3 : 1
		store_ln643 : 2
		store_ln642 : 2
		write_ln648 : 1
	State 3
		reuse_select : 1
		store_ln648 : 2
		store_ln648 : 2


============================================================
+ Verbose Summary: Datapath Resource usage 
============================================================

* Functional unit list:
|----------|----------------------------------|---------|---------|
| Operation|          Functional Unit         |    FF   |   LUT   |
|----------|----------------------------------|---------|---------|
|          |         icmp_ln643_fu_149        |    0    |    23   |
|   icmp   |        icmp_ln643_1_fu_164       |    0    |    15   |
|          |          addr_cmp_fu_195         |    0    |    71   |
|----------|----------------------------------|---------|---------|
|          |         writeIdx_2_fu_176        |    0    |    16   |
|    add   |         add_ln648_fu_182         |    0    |    23   |
|          |        add_ln648_2_fu_205        |    0    |    23   |
|          |         readIdx_3_fu_219         |    0    |    23   |
|----------|----------------------------------|---------|---------|
|  select  |        reuse_select_fu_238       |    0    |    32   |
|----------|----------------------------------|---------|---------|
|    or    |          or_ln643_fu_170         |    0    |    2    |
|----------|----------------------------------|---------|---------|
|          |   zext_ln620_1_read_read_fu_72   |    0    |    0    |
|   read   | backIdx_1_reload_read_read_fu_78 |    0    |    0    |
|          |  frontIdx_reload_read_read_fu_84 |    0    |    0    |
|----------|----------------------------------|---------|---------|
|   write  |      write_ln648_write_fu_90     |    0    |    0    |
|----------|----------------------------------|---------|---------|
|partselect|            tmp_fu_154            |    0    |    0    |
|----------|----------------------------------|---------|---------|
|          |         zext_ln648_fu_187        |    0    |    0    |
|   zext   |        zext_ln648_1_fu_201       |    0    |    0    |
|          |        zext_ln648_2_fu_210       |    0    |    0    |
|----------|----------------------------------|---------|---------|
|   Total  |                                  |    0    |   228   |
|----------|----------------------------------|---------|---------|

Memories:
N/A

* Register list:
+------------------------------------------+--------+
|                                          |   FF   |
+------------------------------------------+--------+
|             addr_cmp_reg_298             |    1   |
|       backIdx_1_reload_read_reg_285      |   16   |
|              readIdx_reg_272             |   16   |
|          reuse_addr_reg_reg_251          |   64   |
|             reuse_reg_reg_258            |   32   |
|unusableInfo_usableAtoms_data_addr_reg_293|   16   |
|             writeIdx_reg_265             |    9   |
|         zext_ln620_1_read_reg_279        |   16   |
|           zext_ln648_2_reg_303           |   64   |
+------------------------------------------+--------+
|                   Total                  |   234  |
+------------------------------------------+--------+

* Multiplexer (MUX) list: 
|-------------------|------|------|------|--------||---------||---------||---------|
|        Comp       |  Pin | Size |  BW  | S x BW ||  Delay  ||    FF   ||   LUT   |
|-------------------|------|------|------|--------||---------||---------||---------|
| grp_access_fu_104 |  p0  |   2  |  16  |   32   ||    0    ||    9    |
|-------------------|------|------|------|--------||---------||---------||---------|
|       Total       |      |      |      |   32   ||  0.427  ||    0    ||    9    |
|-------------------|------|------|------|--------||---------||---------||---------|



* Summary:
+-----------+--------+--------+--------+
|           |  Delay |   FF   |   LUT  |
+-----------+--------+--------+--------+
|  Function |    -   |    0   |   228  |
|   Memory  |    -   |    -   |    -   |
|Multiplexer|    0   |    0   |    9   |
|  Register |    -   |   234  |    -   |
+-----------+--------+--------+--------+
|   Total   |    0   |   234  |   237  |
+-----------+--------+--------+--------+
