

================================================================
== Vitis HLS Report for 'sortRemainingRowsOrCols_HLSMoveStream_Pipeline_VITIS_LOOP_549_3'
================================================================
* Date:           Sat Mar 28 14:02:28 2026

* Version:        2024.2 (Build 5238294 on Nov  8 2024)
* Project:        atomflow_controller_2024_2
* Solution:       hls (Vivado IP Flow Target)
* Product family: zynquplusRFSOC
* Target device:  xczu49dr-ffvf1760-2-e


================================================================
== Performance Estimates
================================================================
+ Timing: 
    * Summary: 
    +--------+----------+----------+------------+
    |  Clock |  Target  | Estimated| Uncertainty|
    +--------+----------+----------+------------+
    |ap_clk  |  10.00 ns|  3.401 ns|     2.70 ns|
    +--------+----------+----------+------------+

+ Latency: 
    * Summary: 
    +---------+---------+-----------+----------+-----+-----+------------------------------------------------+
    |  Latency (cycles) |  Latency (absolute)  |  Interval |                    Pipeline                    |
    |   min   |   max   |    min    |    max   | min | max |                      Type                      |
    +---------+---------+-----------+----------+-----+-----+------------------------------------------------+
    |        3|      258|  30.000 ns|  2.580 us|    2|  257|  loop auto-rewind stp (delay=0 clock cycles(s))|
    +---------+---------+-----------+----------+-----+-----+------------------------------------------------+

    + Detail: 
        * Instance: 
        N/A

        * Loop: 
        +--------------------+---------+---------+----------+-----------+-----------+---------+----------+
        |                    |  Latency (cycles) | Iteration|  Initiation Interval  |   Trip  |          |
        |      Loop Name     |   min   |   max   |  Latency |  achieved |   target  |  Count  | Pipelined|
        +--------------------+---------+---------+----------+-----------+-----------+---------+----------+
        |- VITIS_LOOP_549_3  |        1|      256|         2|          1|          1|  1 ~ 256|       yes|
        +--------------------+---------+---------+----------+-----------+-----------+---------+----------+

============================================================
+ Verbose Summary: Synthesis Manager
============================================================
InlineROM: 1
ExposeGlobal: 0
============================================================
+ Verbose Summary: CDFG Model
============================================================
IsTopModel: 0
ResetActiveHigh: 1
IsCombinational: 0
IsDatapathOnly: 0
HasWiredReturn: 1
HasMFsm: 2
HasVarLatency: 1
IsPipeline: 0
IsRtlPipelined: 0
IsInstanceOverlapped: 0
IsDontTouch: 0
HasImplIP: 0
IsGatedGlobalClock: 0

+ Individual pipeline summary: 
  * Pipeline-0: initiation interval (II) = 1, depth = 2


============================================================
+ Verbose Summary: Schedule
============================================================
* Number of FSM states : 2
* Pipeline : 1
  Pipeline-0 : II = 1, D = 2, States = { 1 2 }
* Dataflow Pipeline: 0

* FSM state transitions: 
1 --> 2 
2 --> 

* FSM state operations: 

State 1 <SV = 0> <Delay = 1.87>
ST_1 : Operation 5 [1/1] (0.00ns)   --->   "%i_1 = alloca i32 1" [/home/xiaorang/Documents/ATOMFLOW/sorting-organized-main/src/sortLatticeByRow.cpp:549->/home/xiaorang/Documents/ATOMFLOW/sorting-organized-main/src/sortLatticeByRow.cpp:1833]   --->   Operation 5 'alloca' 'i_1' <Predicate = true> <Delay = 0.00>
ST_1 : Operation 6 [1/1] (0.00ns)   --->   "%totalRequiredAtoms = alloca i32 1" [/home/xiaorang/Documents/ATOMFLOW/sorting-organized-main/src/sortLatticeByRow.cpp:547->/home/xiaorang/Documents/ATOMFLOW/sorting-organized-main/src/sortLatticeByRow.cpp:1833]   --->   Operation 6 'alloca' 'totalRequiredAtoms' <Predicate = true> <Delay = 0.00>
ST_1 : Operation 7 [1/1] (0.00ns)   --->   "%specmemcore_ln0 = specmemcore void @_ssdm_op_SpecMemCore, i16 %unusableInfo_targetSites_count_7, i64 666, i64 22, i64 18446744073709551615"   --->   Operation 7 'specmemcore' 'specmemcore_ln0' <Predicate = true> <Delay = 0.00>
ST_1 : Operation 8 [1/1] (0.00ns)   --->   "%specmemcore_ln0 = specmemcore void @_ssdm_op_SpecMemCore, i16 %unusableInfo_targetSites_count_6, i64 666, i64 22, i64 18446744073709551615"   --->   Operation 8 'specmemcore' 'specmemcore_ln0' <Predicate = true> <Delay = 0.00>
ST_1 : Operation 9 [1/1] (0.00ns)   --->   "%specmemcore_ln0 = specmemcore void @_ssdm_op_SpecMemCore, i16 %unusableInfo_targetSites_count_5, i64 666, i64 22, i64 18446744073709551615"   --->   Operation 9 'specmemcore' 'specmemcore_ln0' <Predicate = true> <Delay = 0.00>
ST_1 : Operation 10 [1/1] (0.00ns)   --->   "%specmemcore_ln0 = specmemcore void @_ssdm_op_SpecMemCore, i16 %unusableInfo_targetSites_count_4, i64 666, i64 22, i64 18446744073709551615"   --->   Operation 10 'specmemcore' 'specmemcore_ln0' <Predicate = true> <Delay = 0.00>
ST_1 : Operation 11 [1/1] (0.00ns)   --->   "%specmemcore_ln0 = specmemcore void @_ssdm_op_SpecMemCore, i16 %unusableInfo_targetSites_count_3, i64 666, i64 22, i64 18446744073709551615"   --->   Operation 11 'specmemcore' 'specmemcore_ln0' <Predicate = true> <Delay = 0.00>
ST_1 : Operation 12 [1/1] (0.00ns)   --->   "%specmemcore_ln0 = specmemcore void @_ssdm_op_SpecMemCore, i16 %unusableInfo_targetSites_count_2, i64 666, i64 22, i64 18446744073709551615"   --->   Operation 12 'specmemcore' 'specmemcore_ln0' <Predicate = true> <Delay = 0.00>
ST_1 : Operation 13 [1/1] (0.00ns)   --->   "%specmemcore_ln0 = specmemcore void @_ssdm_op_SpecMemCore, i16 %unusableInfo_targetSites_count_1, i64 666, i64 22, i64 18446744073709551615"   --->   Operation 13 'specmemcore' 'specmemcore_ln0' <Predicate = true> <Delay = 0.00>
ST_1 : Operation 14 [1/1] (0.00ns)   --->   "%specmemcore_ln0 = specmemcore void @_ssdm_op_SpecMemCore, i16 %unusableInfo_targetSites_count_0, i64 666, i64 22, i64 18446744073709551615"   --->   Operation 14 'specmemcore' 'specmemcore_ln0' <Predicate = true> <Delay = 0.00>
ST_1 : Operation 15 [1/1] (0.00ns)   --->   "%conv6_read = read i32 @_ssdm_op_Read.ap_auto.i32, i32 %conv6"   --->   Operation 15 'read' 'conv6_read' <Predicate = true> <Delay = 0.00>
ST_1 : Operation 16 [1/1] (0.42ns)   --->   "%store_ln547 = store i32 0, i32 %totalRequiredAtoms" [/home/xiaorang/Documents/ATOMFLOW/sorting-organized-main/src/sortLatticeByRow.cpp:547->/home/xiaorang/Documents/ATOMFLOW/sorting-organized-main/src/sortLatticeByRow.cpp:1833]   --->   Operation 16 'store' 'store_ln547' <Predicate = true> <Delay = 0.42>
ST_1 : Operation 17 [1/1] (0.42ns)   --->   "%store_ln549 = store i32 0, i32 %i_1" [/home/xiaorang/Documents/ATOMFLOW/sorting-organized-main/src/sortLatticeByRow.cpp:549->/home/xiaorang/Documents/ATOMFLOW/sorting-organized-main/src/sortLatticeByRow.cpp:1833]   --->   Operation 17 'store' 'store_ln549' <Predicate = true> <Delay = 0.42>
ST_1 : Operation 18 [1/1] (0.00ns)   --->   "%br_ln0 = br void %for.inc26.i"   --->   Operation 18 'br' 'br_ln0' <Predicate = true> <Delay = 0.00>
ST_1 : Operation 19 [1/1] (0.00ns)   --->   "%i = load i32 %i_1" [/home/xiaorang/Documents/ATOMFLOW/sorting-organized-main/src/sortLatticeByRow.cpp:549->/home/xiaorang/Documents/ATOMFLOW/sorting-organized-main/src/sortLatticeByRow.cpp:1833]   --->   Operation 19 'load' 'i' <Predicate = true> <Delay = 0.00>
ST_1 : Operation 20 [1/1] (1.01ns)   --->   "%icmp_ln549 = icmp_eq  i32 %i, i32 %conv6_read" [/home/xiaorang/Documents/ATOMFLOW/sorting-organized-main/src/sortLatticeByRow.cpp:549->/home/xiaorang/Documents/ATOMFLOW/sorting-organized-main/src/sortLatticeByRow.cpp:1833]   --->   Operation 20 'icmp' 'icmp_ln549' <Predicate = true> <Delay = 1.01> <CoreInst = "Cmp">   --->   Core 9 'Cmp' <Latency = 0> <II = 1> <Delay = 1.01> <FuncUnit> <Opcode : 'seteq' 'setne' 'setle' 'setge' 'setlt' 'setgt'> <InPorts = 2> <OutPorts = 1>
ST_1 : Operation 21 [1/1] (1.01ns)   --->   "%i_7 = add i32 %i, i32 1" [/home/xiaorang/Documents/ATOMFLOW/sorting-organized-main/src/sortLatticeByRow.cpp:549->/home/xiaorang/Documents/ATOMFLOW/sorting-organized-main/src/sortLatticeByRow.cpp:1833]   --->   Operation 21 'add' 'i_7' <Predicate = true> <Delay = 1.01> <CoreInst = "Adder">   --->   Core 1 'Adder' <Latency = 0> <II = 1> <Delay = 1.01> <FuncUnit> <Opcode : 'add' 'sub'> <InPorts = 2> <OutPorts = 1>
ST_1 : Operation 22 [1/1] (0.00ns)   --->   "%br_ln549 = br i1 %icmp_ln549, void %for.inc26.i.split, void %VITIS_LOOP_559_4.i.loopexit.exitStub" [/home/xiaorang/Documents/ATOMFLOW/sorting-organized-main/src/sortLatticeByRow.cpp:549->/home/xiaorang/Documents/ATOMFLOW/sorting-organized-main/src/sortLatticeByRow.cpp:1833]   --->   Operation 22 'br' 'br_ln549' <Predicate = true> <Delay = 0.00>
ST_1 : Operation 23 [1/1] (0.00ns)   --->   "%trunc_ln549 = trunc i32 %i" [/home/xiaorang/Documents/ATOMFLOW/sorting-organized-main/src/sortLatticeByRow.cpp:549->/home/xiaorang/Documents/ATOMFLOW/sorting-organized-main/src/sortLatticeByRow.cpp:1833]   --->   Operation 23 'trunc' 'trunc_ln549' <Predicate = (!icmp_ln549)> <Delay = 0.00>
ST_1 : Operation 24 [1/1] (0.00ns)   --->   "%lshr_ln = partselect i5 @_ssdm_op_PartSelect.i5.i32.i32.i32, i32 %i, i32 3, i32 7" [/home/xiaorang/Documents/ATOMFLOW/sorting-organized-main/src/sortLatticeByRow.cpp:549->/home/xiaorang/Documents/ATOMFLOW/sorting-organized-main/src/sortLatticeByRow.cpp:1833]   --->   Operation 24 'partselect' 'lshr_ln' <Predicate = (!icmp_ln549)> <Delay = 0.00>
ST_1 : Operation 25 [1/1] (0.00ns)   --->   "%zext_ln549 = zext i5 %lshr_ln" [/home/xiaorang/Documents/ATOMFLOW/sorting-organized-main/src/sortLatticeByRow.cpp:549->/home/xiaorang/Documents/ATOMFLOW/sorting-organized-main/src/sortLatticeByRow.cpp:1833]   --->   Operation 25 'zext' 'zext_ln549' <Predicate = (!icmp_ln549)> <Delay = 0.00>
ST_1 : Operation 26 [1/1] (0.00ns)   --->   "%unusableInfo_targetSites_count_0_addr = getelementptr i16 %unusableInfo_targetSites_count_0, i64 0, i64 %zext_ln549" [/home/xiaorang/Documents/ATOMFLOW/sorting-organized-main/src/sortLatticeByRow.cpp:159->/home/xiaorang/Documents/ATOMFLOW/sorting-organized-main/src/sortLatticeByRow.cpp:554->/home/xiaorang/Documents/ATOMFLOW/sorting-organized-main/src/sortLatticeByRow.cpp:1833]   --->   Operation 26 'getelementptr' 'unusableInfo_targetSites_count_0_addr' <Predicate = (!icmp_ln549)> <Delay = 0.00>
ST_1 : Operation 27 [1/1] (0.00ns)   --->   "%unusableInfo_targetSites_count_1_addr = getelementptr i16 %unusableInfo_targetSites_count_1, i64 0, i64 %zext_ln549" [/home/xiaorang/Documents/ATOMFLOW/sorting-organized-main/src/sortLatticeByRow.cpp:159->/home/xiaorang/Documents/ATOMFLOW/sorting-organized-main/src/sortLatticeByRow.cpp:554->/home/xiaorang/Documents/ATOMFLOW/sorting-organized-main/src/sortLatticeByRow.cpp:1833]   --->   Operation 27 'getelementptr' 'unusableInfo_targetSites_count_1_addr' <Predicate = (!icmp_ln549)> <Delay = 0.00>
ST_1 : Operation 28 [1/1] (0.00ns)   --->   "%unusableInfo_targetSites_count_2_addr = getelementptr i16 %unusableInfo_targetSites_count_2, i64 0, i64 %zext_ln549" [/home/xiaorang/Documents/ATOMFLOW/sorting-organized-main/src/sortLatticeByRow.cpp:159->/home/xiaorang/Documents/ATOMFLOW/sorting-organized-main/src/sortLatticeByRow.cpp:554->/home/xiaorang/Documents/ATOMFLOW/sorting-organized-main/src/sortLatticeByRow.cpp:1833]   --->   Operation 28 'getelementptr' 'unusableInfo_targetSites_count_2_addr' <Predicate = (!icmp_ln549)> <Delay = 0.00>
ST_1 : Operation 29 [1/1] (0.00ns)   --->   "%unusableInfo_targetSites_count_3_addr = getelementptr i16 %unusableInfo_targetSites_count_3, i64 0, i64 %zext_ln549" [/home/xiaorang/Documents/ATOMFLOW/sorting-organized-main/src/sortLatticeByRow.cpp:159->/home/xiaorang/Documents/ATOMFLOW/sorting-organized-main/src/sortLatticeByRow.cpp:554->/home/xiaorang/Documents/ATOMFLOW/sorting-organized-main/src/sortLatticeByRow.cpp:1833]   --->   Operation 29 'getelementptr' 'unusableInfo_targetSites_count_3_addr' <Predicate = (!icmp_ln549)> <Delay = 0.00>
ST_1 : Operation 30 [1/1] (0.00ns)   --->   "%unusableInfo_targetSites_count_4_addr = getelementptr i16 %unusableInfo_targetSites_count_4, i64 0, i64 %zext_ln549" [/home/xiaorang/Documents/ATOMFLOW/sorting-organized-main/src/sortLatticeByRow.cpp:159->/home/xiaorang/Documents/ATOMFLOW/sorting-organized-main/src/sortLatticeByRow.cpp:554->/home/xiaorang/Documents/ATOMFLOW/sorting-organized-main/src/sortLatticeByRow.cpp:1833]   --->   Operation 30 'getelementptr' 'unusableInfo_targetSites_count_4_addr' <Predicate = (!icmp_ln549)> <Delay = 0.00>
ST_1 : Operation 31 [1/1] (0.00ns)   --->   "%unusableInfo_targetSites_count_5_addr = getelementptr i16 %unusableInfo_targetSites_count_5, i64 0, i64 %zext_ln549" [/home/xiaorang/Documents/ATOMFLOW/sorting-organized-main/src/sortLatticeByRow.cpp:159->/home/xiaorang/Documents/ATOMFLOW/sorting-organized-main/src/sortLatticeByRow.cpp:554->/home/xiaorang/Documents/ATOMFLOW/sorting-organized-main/src/sortLatticeByRow.cpp:1833]   --->   Operation 31 'getelementptr' 'unusableInfo_targetSites_count_5_addr' <Predicate = (!icmp_ln549)> <Delay = 0.00>
ST_1 : Operation 32 [1/1] (0.00ns)   --->   "%unusableInfo_targetSites_count_6_addr = getelementptr i16 %unusableInfo_targetSites_count_6, i64 0, i64 %zext_ln549" [/home/xiaorang/Documents/ATOMFLOW/sorting-organized-main/src/sortLatticeByRow.cpp:159->/home/xiaorang/Documents/ATOMFLOW/sorting-organized-main/src/sortLatticeByRow.cpp:554->/home/xiaorang/Documents/ATOMFLOW/sorting-organized-main/src/sortLatticeByRow.cpp:1833]   --->   Operation 32 'getelementptr' 'unusableInfo_targetSites_count_6_addr' <Predicate = (!icmp_ln549)> <Delay = 0.00>
ST_1 : Operation 33 [1/1] (0.00ns)   --->   "%unusableInfo_targetSites_count_7_addr = getelementptr i16 %unusableInfo_targetSites_count_7, i64 0, i64 %zext_ln549" [/home/xiaorang/Documents/ATOMFLOW/sorting-organized-main/src/sortLatticeByRow.cpp:159->/home/xiaorang/Documents/ATOMFLOW/sorting-organized-main/src/sortLatticeByRow.cpp:554->/home/xiaorang/Documents/ATOMFLOW/sorting-organized-main/src/sortLatticeByRow.cpp:1833]   --->   Operation 33 'getelementptr' 'unusableInfo_targetSites_count_7_addr' <Predicate = (!icmp_ln549)> <Delay = 0.00>
ST_1 : Operation 34 [2/2] (1.23ns)   --->   "%unusableInfo_targetSites_count_0_load = load i5 %unusableInfo_targetSites_count_0_addr" [/home/xiaorang/Documents/ATOMFLOW/sorting-organized-main/src/sortLatticeByRow.cpp:159->/home/xiaorang/Documents/ATOMFLOW/sorting-organized-main/src/sortLatticeByRow.cpp:554->/home/xiaorang/Documents/ATOMFLOW/sorting-organized-main/src/sortLatticeByRow.cpp:1833]   --->   Operation 34 'load' 'unusableInfo_targetSites_count_0_load' <Predicate = (!icmp_ln549)> <Delay = 1.23> <CoreInst = "RAM_2P_BRAM">   --->   Core 93 'RAM_2P_BRAM' <Latency = 1> <II = 1> <Delay = 1.23> <Storage> <Opcode : 'load' 'store'> <Ports = 2> <Width = 16> <Depth = 32> <RAM>
ST_1 : Operation 35 [2/2] (1.23ns)   --->   "%unusableInfo_targetSites_count_1_load = load i5 %unusableInfo_targetSites_count_1_addr" [/home/xiaorang/Documents/ATOMFLOW/sorting-organized-main/src/sortLatticeByRow.cpp:159->/home/xiaorang/Documents/ATOMFLOW/sorting-organized-main/src/sortLatticeByRow.cpp:554->/home/xiaorang/Documents/ATOMFLOW/sorting-organized-main/src/sortLatticeByRow.cpp:1833]   --->   Operation 35 'load' 'unusableInfo_targetSites_count_1_load' <Predicate = (!icmp_ln549)> <Delay = 1.23> <CoreInst = "RAM_2P_BRAM">   --->   Core 93 'RAM_2P_BRAM' <Latency = 1> <II = 1> <Delay = 1.23> <Storage> <Opcode : 'load' 'store'> <Ports = 2> <Width = 16> <Depth = 32> <RAM>
ST_1 : Operation 36 [2/2] (1.23ns)   --->   "%unusableInfo_targetSites_count_2_load = load i5 %unusableInfo_targetSites_count_2_addr" [/home/xiaorang/Documents/ATOMFLOW/sorting-organized-main/src/sortLatticeByRow.cpp:159->/home/xiaorang/Documents/ATOMFLOW/sorting-organized-main/src/sortLatticeByRow.cpp:554->/home/xiaorang/Documents/ATOMFLOW/sorting-organized-main/src/sortLatticeByRow.cpp:1833]   --->   Operation 36 'load' 'unusableInfo_targetSites_count_2_load' <Predicate = (!icmp_ln549)> <Delay = 1.23> <CoreInst = "RAM_2P_BRAM">   --->   Core 93 'RAM_2P_BRAM' <Latency = 1> <II = 1> <Delay = 1.23> <Storage> <Opcode : 'load' 'store'> <Ports = 2> <Width = 16> <Depth = 32> <RAM>
ST_1 : Operation 37 [2/2] (1.23ns)   --->   "%unusableInfo_targetSites_count_3_load = load i5 %unusableInfo_targetSites_count_3_addr" [/home/xiaorang/Documents/ATOMFLOW/sorting-organized-main/src/sortLatticeByRow.cpp:159->/home/xiaorang/Documents/ATOMFLOW/sorting-organized-main/src/sortLatticeByRow.cpp:554->/home/xiaorang/Documents/ATOMFLOW/sorting-organized-main/src/sortLatticeByRow.cpp:1833]   --->   Operation 37 'load' 'unusableInfo_targetSites_count_3_load' <Predicate = (!icmp_ln549)> <Delay = 1.23> <CoreInst = "RAM_2P_BRAM">   --->   Core 93 'RAM_2P_BRAM' <Latency = 1> <II = 1> <Delay = 1.23> <Storage> <Opcode : 'load' 'store'> <Ports = 2> <Width = 16> <Depth = 32> <RAM>
ST_1 : Operation 38 [2/2] (1.23ns)   --->   "%unusableInfo_targetSites_count_4_load = load i5 %unusableInfo_targetSites_count_4_addr" [/home/xiaorang/Documents/ATOMFLOW/sorting-organized-main/src/sortLatticeByRow.cpp:159->/home/xiaorang/Documents/ATOMFLOW/sorting-organized-main/src/sortLatticeByRow.cpp:554->/home/xiaorang/Documents/ATOMFLOW/sorting-organized-main/src/sortLatticeByRow.cpp:1833]   --->   Operation 38 'load' 'unusableInfo_targetSites_count_4_load' <Predicate = (!icmp_ln549)> <Delay = 1.23> <CoreInst = "RAM_2P_BRAM">   --->   Core 93 'RAM_2P_BRAM' <Latency = 1> <II = 1> <Delay = 1.23> <Storage> <Opcode : 'load' 'store'> <Ports = 2> <Width = 16> <Depth = 32> <RAM>
ST_1 : Operation 39 [2/2] (1.23ns)   --->   "%unusableInfo_targetSites_count_5_load = load i5 %unusableInfo_targetSites_count_5_addr" [/home/xiaorang/Documents/ATOMFLOW/sorting-organized-main/src/sortLatticeByRow.cpp:159->/home/xiaorang/Documents/ATOMFLOW/sorting-organized-main/src/sortLatticeByRow.cpp:554->/home/xiaorang/Documents/ATOMFLOW/sorting-organized-main/src/sortLatticeByRow.cpp:1833]   --->   Operation 39 'load' 'unusableInfo_targetSites_count_5_load' <Predicate = (!icmp_ln549)> <Delay = 1.23> <CoreInst = "RAM_2P_BRAM">   --->   Core 93 'RAM_2P_BRAM' <Latency = 1> <II = 1> <Delay = 1.23> <Storage> <Opcode : 'load' 'store'> <Ports = 2> <Width = 16> <Depth = 32> <RAM>
ST_1 : Operation 40 [2/2] (1.23ns)   --->   "%unusableInfo_targetSites_count_6_load = load i5 %unusableInfo_targetSites_count_6_addr" [/home/xiaorang/Documents/ATOMFLOW/sorting-organized-main/src/sortLatticeByRow.cpp:159->/home/xiaorang/Documents/ATOMFLOW/sorting-organized-main/src/sortLatticeByRow.cpp:554->/home/xiaorang/Documents/ATOMFLOW/sorting-organized-main/src/sortLatticeByRow.cpp:1833]   --->   Operation 40 'load' 'unusableInfo_targetSites_count_6_load' <Predicate = (!icmp_ln549)> <Delay = 1.23> <CoreInst = "RAM_2P_BRAM">   --->   Core 93 'RAM_2P_BRAM' <Latency = 1> <II = 1> <Delay = 1.23> <Storage> <Opcode : 'load' 'store'> <Ports = 2> <Width = 16> <Depth = 32> <RAM>
ST_1 : Operation 41 [2/2] (1.23ns)   --->   "%unusableInfo_targetSites_count_7_load = load i5 %unusableInfo_targetSites_count_7_addr" [/home/xiaorang/Documents/ATOMFLOW/sorting-organized-main/src/sortLatticeByRow.cpp:159->/home/xiaorang/Documents/ATOMFLOW/sorting-organized-main/src/sortLatticeByRow.cpp:554->/home/xiaorang/Documents/ATOMFLOW/sorting-organized-main/src/sortLatticeByRow.cpp:1833]   --->   Operation 41 'load' 'unusableInfo_targetSites_count_7_load' <Predicate = (!icmp_ln549)> <Delay = 1.23> <CoreInst = "RAM_2P_BRAM">   --->   Core 93 'RAM_2P_BRAM' <Latency = 1> <II = 1> <Delay = 1.23> <Storage> <Opcode : 'load' 'store'> <Ports = 2> <Width = 16> <Depth = 32> <RAM>
ST_1 : Operation 42 [1/1] (0.42ns)   --->   "%store_ln549 = store i32 %i_7, i32 %i_1" [/home/xiaorang/Documents/ATOMFLOW/sorting-organized-main/src/sortLatticeByRow.cpp:549->/home/xiaorang/Documents/ATOMFLOW/sorting-organized-main/src/sortLatticeByRow.cpp:1833]   --->   Operation 42 'store' 'store_ln549' <Predicate = (!icmp_ln549)> <Delay = 0.42>
ST_1 : Operation 60 [1/1] (0.00ns)   --->   "%totalRequiredAtoms_load_1 = load i32 %totalRequiredAtoms"   --->   Operation 60 'load' 'totalRequiredAtoms_load_1' <Predicate = (icmp_ln549)> <Delay = 0.00>
ST_1 : Operation 61 [1/1] (0.00ns)   --->   "%write_ln0 = write void @_ssdm_op_Write.ap_auto.i32P0A, i32 %totalRequiredAtoms_out, i32 %totalRequiredAtoms_load_1"   --->   Operation 61 'write' 'write_ln0' <Predicate = (icmp_ln549)> <Delay = 0.00>
ST_1 : Operation 62 [1/1] (0.42ns)   --->   "%ret_ln0 = ret"   --->   Operation 62 'ret' 'ret_ln0' <Predicate = (icmp_ln549)> <Delay = 0.42>

State 2 <SV = 1> <Delay = 3.40>
ST_2 : Operation 43 [1/1] (0.00ns)   --->   "%totalRequiredAtoms_load = load i32 %totalRequiredAtoms" [/home/xiaorang/Documents/ATOMFLOW/sorting-organized-main/src/sortLatticeByRow.cpp:554->/home/xiaorang/Documents/ATOMFLOW/sorting-organized-main/src/sortLatticeByRow.cpp:1833]   --->   Operation 43 'load' 'totalRequiredAtoms_load' <Predicate = true> <Delay = 0.00>
ST_2 : Operation 44 [1/1] (0.00ns)   --->   "%specpipeline_ln551 = specpipeline void @_ssdm_op_SpecPipeline, i32 1, i32 0, i32 0, i32 0, void @empty_18" [/home/xiaorang/Documents/ATOMFLOW/sorting-organized-main/src/sortLatticeByRow.cpp:551->/home/xiaorang/Documents/ATOMFLOW/sorting-organized-main/src/sortLatticeByRow.cpp:1833]   --->   Operation 44 'specpipeline' 'specpipeline_ln551' <Predicate = true> <Delay = 0.00>
ST_2 : Operation 45 [1/1] (0.00ns)   --->   "%speclooptripcount_ln552 = speclooptripcount void @_ssdm_op_SpecLoopTripCount, i64 1, i64 256, i64 128" [/home/xiaorang/Documents/ATOMFLOW/sorting-organized-main/src/sortLatticeByRow.cpp:552->/home/xiaorang/Documents/ATOMFLOW/sorting-organized-main/src/sortLatticeByRow.cpp:1833]   --->   Operation 45 'speclooptripcount' 'speclooptripcount_ln552' <Predicate = true> <Delay = 0.00>
ST_2 : Operation 46 [1/1] (0.00ns)   --->   "%specloopname_ln549 = specloopname void @_ssdm_op_SpecLoopName, void @empty_77" [/home/xiaorang/Documents/ATOMFLOW/sorting-organized-main/src/sortLatticeByRow.cpp:549->/home/xiaorang/Documents/ATOMFLOW/sorting-organized-main/src/sortLatticeByRow.cpp:1833]   --->   Operation 46 'specloopname' 'specloopname_ln549' <Predicate = true> <Delay = 0.00>
ST_2 : Operation 47 [1/2] ( I:1.23ns O:1.23ns )   --->   "%unusableInfo_targetSites_count_0_load = load i5 %unusableInfo_targetSites_count_0_addr" [/home/xiaorang/Documents/ATOMFLOW/sorting-organized-main/src/sortLatticeByRow.cpp:159->/home/xiaorang/Documents/ATOMFLOW/sorting-organized-main/src/sortLatticeByRow.cpp:554->/home/xiaorang/Documents/ATOMFLOW/sorting-organized-main/src/sortLatticeByRow.cpp:1833]   --->   Operation 47 'load' 'unusableInfo_targetSites_count_0_load' <Predicate = true> <Delay = 1.23> <CoreInst = "RAM_2P_BRAM">   --->   Core 93 'RAM_2P_BRAM' <Latency = 1> <II = 1> <Delay = 1.23> <Storage> <Opcode : 'load' 'store'> <Ports = 2> <Width = 16> <Depth = 32> <RAM>
ST_2 : Operation 48 [1/2] ( I:1.23ns O:1.23ns )   --->   "%unusableInfo_targetSites_count_1_load = load i5 %unusableInfo_targetSites_count_1_addr" [/home/xiaorang/Documents/ATOMFLOW/sorting-organized-main/src/sortLatticeByRow.cpp:159->/home/xiaorang/Documents/ATOMFLOW/sorting-organized-main/src/sortLatticeByRow.cpp:554->/home/xiaorang/Documents/ATOMFLOW/sorting-organized-main/src/sortLatticeByRow.cpp:1833]   --->   Operation 48 'load' 'unusableInfo_targetSites_count_1_load' <Predicate = true> <Delay = 1.23> <CoreInst = "RAM_2P_BRAM">   --->   Core 93 'RAM_2P_BRAM' <Latency = 1> <II = 1> <Delay = 1.23> <Storage> <Opcode : 'load' 'store'> <Ports = 2> <Width = 16> <Depth = 32> <RAM>
ST_2 : Operation 49 [1/2] ( I:1.23ns O:1.23ns )   --->   "%unusableInfo_targetSites_count_2_load = load i5 %unusableInfo_targetSites_count_2_addr" [/home/xiaorang/Documents/ATOMFLOW/sorting-organized-main/src/sortLatticeByRow.cpp:159->/home/xiaorang/Documents/ATOMFLOW/sorting-organized-main/src/sortLatticeByRow.cpp:554->/home/xiaorang/Documents/ATOMFLOW/sorting-organized-main/src/sortLatticeByRow.cpp:1833]   --->   Operation 49 'load' 'unusableInfo_targetSites_count_2_load' <Predicate = true> <Delay = 1.23> <CoreInst = "RAM_2P_BRAM">   --->   Core 93 'RAM_2P_BRAM' <Latency = 1> <II = 1> <Delay = 1.23> <Storage> <Opcode : 'load' 'store'> <Ports = 2> <Width = 16> <Depth = 32> <RAM>
ST_2 : Operation 50 [1/2] ( I:1.23ns O:1.23ns )   --->   "%unusableInfo_targetSites_count_3_load = load i5 %unusableInfo_targetSites_count_3_addr" [/home/xiaorang/Documents/ATOMFLOW/sorting-organized-main/src/sortLatticeByRow.cpp:159->/home/xiaorang/Documents/ATOMFLOW/sorting-organized-main/src/sortLatticeByRow.cpp:554->/home/xiaorang/Documents/ATOMFLOW/sorting-organized-main/src/sortLatticeByRow.cpp:1833]   --->   Operation 50 'load' 'unusableInfo_targetSites_count_3_load' <Predicate = true> <Delay = 1.23> <CoreInst = "RAM_2P_BRAM">   --->   Core 93 'RAM_2P_BRAM' <Latency = 1> <II = 1> <Delay = 1.23> <Storage> <Opcode : 'load' 'store'> <Ports = 2> <Width = 16> <Depth = 32> <RAM>
ST_2 : Operation 51 [1/2] ( I:1.23ns O:1.23ns )   --->   "%unusableInfo_targetSites_count_4_load = load i5 %unusableInfo_targetSites_count_4_addr" [/home/xiaorang/Documents/ATOMFLOW/sorting-organized-main/src/sortLatticeByRow.cpp:159->/home/xiaorang/Documents/ATOMFLOW/sorting-organized-main/src/sortLatticeByRow.cpp:554->/home/xiaorang/Documents/ATOMFLOW/sorting-organized-main/src/sortLatticeByRow.cpp:1833]   --->   Operation 51 'load' 'unusableInfo_targetSites_count_4_load' <Predicate = true> <Delay = 1.23> <CoreInst = "RAM_2P_BRAM">   --->   Core 93 'RAM_2P_BRAM' <Latency = 1> <II = 1> <Delay = 1.23> <Storage> <Opcode : 'load' 'store'> <Ports = 2> <Width = 16> <Depth = 32> <RAM>
ST_2 : Operation 52 [1/2] ( I:1.23ns O:1.23ns )   --->   "%unusableInfo_targetSites_count_5_load = load i5 %unusableInfo_targetSites_count_5_addr" [/home/xiaorang/Documents/ATOMFLOW/sorting-organized-main/src/sortLatticeByRow.cpp:159->/home/xiaorang/Documents/ATOMFLOW/sorting-organized-main/src/sortLatticeByRow.cpp:554->/home/xiaorang/Documents/ATOMFLOW/sorting-organized-main/src/sortLatticeByRow.cpp:1833]   --->   Operation 52 'load' 'unusableInfo_targetSites_count_5_load' <Predicate = true> <Delay = 1.23> <CoreInst = "RAM_2P_BRAM">   --->   Core 93 'RAM_2P_BRAM' <Latency = 1> <II = 1> <Delay = 1.23> <Storage> <Opcode : 'load' 'store'> <Ports = 2> <Width = 16> <Depth = 32> <RAM>
ST_2 : Operation 53 [1/2] ( I:1.23ns O:1.23ns )   --->   "%unusableInfo_targetSites_count_6_load = load i5 %unusableInfo_targetSites_count_6_addr" [/home/xiaorang/Documents/ATOMFLOW/sorting-organized-main/src/sortLatticeByRow.cpp:159->/home/xiaorang/Documents/ATOMFLOW/sorting-organized-main/src/sortLatticeByRow.cpp:554->/home/xiaorang/Documents/ATOMFLOW/sorting-organized-main/src/sortLatticeByRow.cpp:1833]   --->   Operation 53 'load' 'unusableInfo_targetSites_count_6_load' <Predicate = true> <Delay = 1.23> <CoreInst = "RAM_2P_BRAM">   --->   Core 93 'RAM_2P_BRAM' <Latency = 1> <II = 1> <Delay = 1.23> <Storage> <Opcode : 'load' 'store'> <Ports = 2> <Width = 16> <Depth = 32> <RAM>
ST_2 : Operation 54 [1/2] ( I:1.23ns O:1.23ns )   --->   "%unusableInfo_targetSites_count_7_load = load i5 %unusableInfo_targetSites_count_7_addr" [/home/xiaorang/Documents/ATOMFLOW/sorting-organized-main/src/sortLatticeByRow.cpp:159->/home/xiaorang/Documents/ATOMFLOW/sorting-organized-main/src/sortLatticeByRow.cpp:554->/home/xiaorang/Documents/ATOMFLOW/sorting-organized-main/src/sortLatticeByRow.cpp:1833]   --->   Operation 54 'load' 'unusableInfo_targetSites_count_7_load' <Predicate = true> <Delay = 1.23> <CoreInst = "RAM_2P_BRAM">   --->   Core 93 'RAM_2P_BRAM' <Latency = 1> <II = 1> <Delay = 1.23> <Storage> <Opcode : 'load' 'store'> <Ports = 2> <Width = 16> <Depth = 32> <RAM>
ST_2 : Operation 55 [1/1] (0.72ns)   --->   "%tmp = sparsemux i16 @_ssdm_op_SparseMux.ap_auto.8i16.i16.i3, i3 0, i16 %unusableInfo_targetSites_count_0_load, i3 1, i16 %unusableInfo_targetSites_count_1_load, i3 2, i16 %unusableInfo_targetSites_count_2_load, i3 3, i16 %unusableInfo_targetSites_count_3_load, i3 4, i16 %unusableInfo_targetSites_count_4_load, i3 5, i16 %unusableInfo_targetSites_count_5_load, i3 6, i16 %unusableInfo_targetSites_count_6_load, i3 7, i16 %unusableInfo_targetSites_count_7_load, i16 0, i3 %trunc_ln549" [/home/xiaorang/Documents/ATOMFLOW/sorting-organized-main/src/sortLatticeByRow.cpp:159->/home/xiaorang/Documents/ATOMFLOW/sorting-organized-main/src/sortLatticeByRow.cpp:554->/home/xiaorang/Documents/ATOMFLOW/sorting-organized-main/src/sortLatticeByRow.cpp:1833]   --->   Operation 55 'sparsemux' 'tmp' <Predicate = true> <Delay = 0.72> <CoreInst = "BinarySparseMux_DontCare">   --->   Core 149 'BinarySparseMux_DontCare' <Latency = 0> <II = 1> <Delay = 0.72> <FuncUnit> <Opcode : 'sparsemux'> <InPorts = 2> <OutPorts = 1>
ST_2 : Operation 56 [1/1] (0.00ns)   --->   "%zext_ln554 = zext i16 %tmp" [/home/xiaorang/Documents/ATOMFLOW/sorting-organized-main/src/sortLatticeByRow.cpp:554->/home/xiaorang/Documents/ATOMFLOW/sorting-organized-main/src/sortLatticeByRow.cpp:1833]   --->   Operation 56 'zext' 'zext_ln554' <Predicate = true> <Delay = 0.00>
ST_2 : Operation 57 [1/1] (1.01ns)   --->   "%totalRequiredAtoms_1 = add i32 %zext_ln554, i32 %totalRequiredAtoms_load" [/home/xiaorang/Documents/ATOMFLOW/sorting-organized-main/src/sortLatticeByRow.cpp:554->/home/xiaorang/Documents/ATOMFLOW/sorting-organized-main/src/sortLatticeByRow.cpp:1833]   --->   Operation 57 'add' 'totalRequiredAtoms_1' <Predicate = true> <Delay = 1.01> <CoreInst = "Adder">   --->   Core 1 'Adder' <Latency = 0> <II = 1> <Delay = 1.01> <FuncUnit> <Opcode : 'add' 'sub'> <InPorts = 2> <OutPorts = 1>
ST_2 : Operation 58 [1/1] (0.42ns)   --->   "%store_ln547 = store i32 %totalRequiredAtoms_1, i32 %totalRequiredAtoms" [/home/xiaorang/Documents/ATOMFLOW/sorting-organized-main/src/sortLatticeByRow.cpp:547->/home/xiaorang/Documents/ATOMFLOW/sorting-organized-main/src/sortLatticeByRow.cpp:1833]   --->   Operation 58 'store' 'store_ln547' <Predicate = true> <Delay = 0.42>
ST_2 : Operation 59 [1/1] (0.00ns)   --->   "%br_ln549 = br void %for.inc26.i" [/home/xiaorang/Documents/ATOMFLOW/sorting-organized-main/src/sortLatticeByRow.cpp:549->/home/xiaorang/Documents/ATOMFLOW/sorting-organized-main/src/sortLatticeByRow.cpp:1833]   --->   Operation 59 'br' 'br_ln549' <Predicate = true> <Delay = 0.00>


============================================================
+ Verbose Summary: Binding
============================================================
STG Binding: 
---------------- STG Properties BEGIN ----------------
- Is combinational: 0
- Is one-state seq: 0
- Is datapath-only: 0
- Is pipelined: 0
- Is top level: 0
Port [ Return ] is wired: 1; IO mode=ap_ctrl_hs:ce=0
Port [ conv6]:  wired=1; compound=0; hidden=0; nouse=0; global=0; static=0; extern=0; dir=0; type=0; pingpong=0; private_global=0; IO mode=ap_none:ce=0
Port [ unusableInfo_targetSites_count_0]:  wired=1; compound=1; hidden=0; nouse=0; global=0; static=0; extern=0; dir=0; type=1; pingpong=0; private_global=0; MemPort=[13]; IO mode=ap_memory:ce=0
Port [ unusableInfo_targetSites_count_1]:  wired=1; compound=1; hidden=0; nouse=0; global=0; static=0; extern=0; dir=0; type=1; pingpong=0; private_global=0; MemPort=[13]; IO mode=ap_memory:ce=0
Port [ unusableInfo_targetSites_count_2]:  wired=1; compound=1; hidden=0; nouse=0; global=0; static=0; extern=0; dir=0; type=1; pingpong=0; private_global=0; MemPort=[13]; IO mode=ap_memory:ce=0
Port [ unusableInfo_targetSites_count_3]:  wired=1; compound=1; hidden=0; nouse=0; global=0; static=0; extern=0; dir=0; type=1; pingpong=0; private_global=0; MemPort=[13]; IO mode=ap_memory:ce=0
Port [ unusableInfo_targetSites_count_4]:  wired=1; compound=1; hidden=0; nouse=0; global=0; static=0; extern=0; dir=0; type=1; pingpong=0; private_global=0; MemPort=[13]; IO mode=ap_memory:ce=0
Port [ unusableInfo_targetSites_count_5]:  wired=1; compound=1; hidden=0; nouse=0; global=0; static=0; extern=0; dir=0; type=1; pingpong=0; private_global=0; MemPort=[13]; IO mode=ap_memory:ce=0
Port [ unusableInfo_targetSites_count_6]:  wired=1; compound=1; hidden=0; nouse=0; global=0; static=0; extern=0; dir=0; type=1; pingpong=0; private_global=0; MemPort=[13]; IO mode=ap_memory:ce=0
Port [ unusableInfo_targetSites_count_7]:  wired=1; compound=1; hidden=0; nouse=0; global=0; static=0; extern=0; dir=0; type=1; pingpong=0; private_global=0; MemPort=[13]; IO mode=ap_memory:ce=0
Port [ totalRequiredAtoms_out]:  wired=1; compound=0; hidden=0; nouse=0; global=0; static=0; extern=0; dir=1; type=0; pingpong=0; private_global=0; IO mode=ap_vld:ce=0
---------------- STG Properties END ------------------

---------------- Datapath Model BEGIN ----------------

<LifeTime>
<method=bitvector/>
i_1                                   (alloca           ) [ 010]
totalRequiredAtoms                    (alloca           ) [ 011]
specmemcore_ln0                       (specmemcore      ) [ 000]
specmemcore_ln0                       (specmemcore      ) [ 000]
specmemcore_ln0                       (specmemcore      ) [ 000]
specmemcore_ln0                       (specmemcore      ) [ 000]
specmemcore_ln0                       (specmemcore      ) [ 000]
specmemcore_ln0                       (specmemcore      ) [ 000]
specmemcore_ln0                       (specmemcore      ) [ 000]
specmemcore_ln0                       (specmemcore      ) [ 000]
conv6_read                            (read             ) [ 000]
store_ln547                           (store            ) [ 000]
store_ln549                           (store            ) [ 000]
br_ln0                                (br               ) [ 000]
i                                     (load             ) [ 000]
icmp_ln549                            (icmp             ) [ 010]
i_7                                   (add              ) [ 000]
br_ln549                              (br               ) [ 000]
trunc_ln549                           (trunc            ) [ 011]
lshr_ln                               (partselect       ) [ 000]
zext_ln549                            (zext             ) [ 000]
unusableInfo_targetSites_count_0_addr (getelementptr    ) [ 011]
unusableInfo_targetSites_count_1_addr (getelementptr    ) [ 011]
unusableInfo_targetSites_count_2_addr (getelementptr    ) [ 011]
unusableInfo_targetSites_count_3_addr (getelementptr    ) [ 011]
unusableInfo_targetSites_count_4_addr (getelementptr    ) [ 011]
unusableInfo_targetSites_count_5_addr (getelementptr    ) [ 011]
unusableInfo_targetSites_count_6_addr (getelementptr    ) [ 011]
unusableInfo_targetSites_count_7_addr (getelementptr    ) [ 011]
store_ln549                           (store            ) [ 000]
totalRequiredAtoms_load               (load             ) [ 000]
specpipeline_ln551                    (specpipeline     ) [ 000]
speclooptripcount_ln552               (speclooptripcount) [ 000]
specloopname_ln549                    (specloopname     ) [ 000]
unusableInfo_targetSites_count_0_load (load             ) [ 000]
unusableInfo_targetSites_count_1_load (load             ) [ 000]
unusableInfo_targetSites_count_2_load (load             ) [ 000]
unusableInfo_targetSites_count_3_load (load             ) [ 000]
unusableInfo_targetSites_count_4_load (load             ) [ 000]
unusableInfo_targetSites_count_5_load (load             ) [ 000]
unusableInfo_targetSites_count_6_load (load             ) [ 000]
unusableInfo_targetSites_count_7_load (load             ) [ 000]
tmp                                   (sparsemux        ) [ 000]
zext_ln554                            (zext             ) [ 000]
totalRequiredAtoms_1                  (add              ) [ 000]
store_ln547                           (store            ) [ 000]
br_ln549                              (br               ) [ 000]
totalRequiredAtoms_load_1             (load             ) [ 000]
write_ln0                             (write            ) [ 000]
ret_ln0                               (ret              ) [ 000]
</LifeTime>

<model>

<comp_list>
<comp id="0" class="1000" name="conv6">
<pin_list>
<pin id="1" dir="1" index="0" bw="1" slack="0"/>
</pin_list>
<bind>
<StgValue><ssdm name="conv6"/></StgValue>
</bind>
</comp>

<comp id="2" class="1000" name="unusableInfo_targetSites_count_0">
<pin_list>
<pin id="3" dir="1" index="0" bw="1" slack="0"/>
</pin_list>
<bind>
<StgValue><ssdm name="unusableInfo_targetSites_count_0"/><MemPortTyVec>1 3 </MemPortTyVec>
</StgValue>
</bind>
</comp>

<comp id="4" class="1000" name="unusableInfo_targetSites_count_1">
<pin_list>
<pin id="5" dir="1" index="0" bw="1" slack="0"/>
</pin_list>
<bind>
<StgValue><ssdm name="unusableInfo_targetSites_count_1"/><MemPortTyVec>1 3 </MemPortTyVec>
</StgValue>
</bind>
</comp>

<comp id="6" class="1000" name="unusableInfo_targetSites_count_2">
<pin_list>
<pin id="7" dir="1" index="0" bw="1" slack="0"/>
</pin_list>
<bind>
<StgValue><ssdm name="unusableInfo_targetSites_count_2"/><MemPortTyVec>1 3 </MemPortTyVec>
</StgValue>
</bind>
</comp>

<comp id="8" class="1000" name="unusableInfo_targetSites_count_3">
<pin_list>
<pin id="9" dir="1" index="0" bw="1" slack="0"/>
</pin_list>
<bind>
<StgValue><ssdm name="unusableInfo_targetSites_count_3"/><MemPortTyVec>1 3 </MemPortTyVec>
</StgValue>
</bind>
</comp>

<comp id="10" class="1000" name="unusableInfo_targetSites_count_4">
<pin_list>
<pin id="11" dir="1" index="0" bw="1" slack="0"/>
</pin_list>
<bind>
<StgValue><ssdm name="unusableInfo_targetSites_count_4"/><MemPortTyVec>1 3 </MemPortTyVec>
</StgValue>
</bind>
</comp>

<comp id="12" class="1000" name="unusableInfo_targetSites_count_5">
<pin_list>
<pin id="13" dir="1" index="0" bw="1" slack="0"/>
</pin_list>
<bind>
<StgValue><ssdm name="unusableInfo_targetSites_count_5"/><MemPortTyVec>1 3 </MemPortTyVec>
</StgValue>
</bind>
</comp>

<comp id="14" class="1000" name="unusableInfo_targetSites_count_6">
<pin_list>
<pin id="15" dir="1" index="0" bw="1" slack="0"/>
</pin_list>
<bind>
<StgValue><ssdm name="unusableInfo_targetSites_count_6"/><MemPortTyVec>1 3 </MemPortTyVec>
</StgValue>
</bind>
</comp>

<comp id="16" class="1000" name="unusableInfo_targetSites_count_7">
<pin_list>
<pin id="17" dir="1" index="0" bw="1" slack="0"/>
</pin_list>
<bind>
<StgValue><ssdm name="unusableInfo_targetSites_count_7"/><MemPortTyVec>1 3 </MemPortTyVec>
</StgValue>
</bind>
</comp>

<comp id="18" class="1000" name="totalRequiredAtoms_out">
<pin_list>
<pin id="19" dir="1" index="0" bw="1" slack="0"/>
</pin_list>
<bind>
<StgValue><ssdm name="totalRequiredAtoms_out"/></StgValue>
</bind>
</comp>

<comp id="20" class="1001" name="const_20">
<pin_list>
<pin id="21" dir="1" index="0" bw="1" slack="0"/>
</pin_list>
<bind>
<StgValue><ssdm name=""/></StgValue>
</bind>
</comp>

<comp id="22" class="1001" name="const_22">
<pin_list>
<pin id="23" dir="1" index="0" bw="1" slack="2147483647"/>
</pin_list>
<bind>
<StgValue><ssdm name="_ssdm_op_SpecMemCore"/></StgValue>
</bind>
</comp>

<comp id="24" class="1001" name="const_24">
<pin_list>
<pin id="25" dir="1" index="0" bw="1" slack="2147483647"/>
</pin_list>
<bind>
<StgValue><ssdm name=""/></StgValue>
</bind>
</comp>

<comp id="26" class="1001" name="const_26">
<pin_list>
<pin id="27" dir="1" index="0" bw="1" slack="2147483647"/>
</pin_list>
<bind>
<StgValue><ssdm name=""/></StgValue>
</bind>
</comp>

<comp id="28" class="1001" name="const_28">
<pin_list>
<pin id="29" dir="1" index="0" bw="1" slack="2147483647"/>
</pin_list>
<bind>
<StgValue><ssdm name=""/></StgValue>
</bind>
</comp>

<comp id="30" class="1001" name="const_30">
<pin_list>
<pin id="31" dir="1" index="0" bw="1" slack="0"/>
</pin_list>
<bind>
<StgValue><ssdm name="_ssdm_op_Read.ap_auto.i32"/></StgValue>
</bind>
</comp>

<comp id="32" class="1001" name="const_32">
<pin_list>
<pin id="33" dir="1" index="0" bw="1" slack="0"/>
</pin_list>
<bind>
<StgValue><ssdm name=""/></StgValue>
</bind>
</comp>

<comp id="34" class="1001" name="const_34">
<pin_list>
<pin id="35" dir="1" index="0" bw="1" slack="0"/>
</pin_list>
<bind>
<StgValue><ssdm name="_ssdm_op_PartSelect.i5.i32.i32.i32"/></StgValue>
</bind>
</comp>

<comp id="36" class="1001" name="const_36">
<pin_list>
<pin id="37" dir="1" index="0" bw="1" slack="0"/>
</pin_list>
<bind>
<StgValue><ssdm name=""/></StgValue>
</bind>
</comp>

<comp id="38" class="1001" name="const_38">
<pin_list>
<pin id="39" dir="1" index="0" bw="1" slack="0"/>
</pin_list>
<bind>
<StgValue><ssdm name=""/></StgValue>
</bind>
</comp>

<comp id="40" class="1001" name="const_40">
<pin_list>
<pin id="41" dir="1" index="0" bw="1" slack="0"/>
</pin_list>
<bind>
<StgValue><ssdm name=""/></StgValue>
</bind>
</comp>

<comp id="42" class="1001" name="const_42">
<pin_list>
<pin id="43" dir="1" index="0" bw="1" slack="2147483647"/>
</pin_list>
<bind>
<StgValue><ssdm name="_ssdm_op_SpecPipeline"/></StgValue>
</bind>
</comp>

<comp id="44" class="1001" name="const_44">
<pin_list>
<pin id="45" dir="1" index="0" bw="1" slack="2147483647"/>
</pin_list>
<bind>
<StgValue><ssdm name="empty_18"/></StgValue>
</bind>
</comp>

<comp id="46" class="1001" name="const_46">
<pin_list>
<pin id="47" dir="1" index="0" bw="1" slack="2147483647"/>
</pin_list>
<bind>
<StgValue><ssdm name="_ssdm_op_SpecLoopTripCount"/></StgValue>
</bind>
</comp>

<comp id="48" class="1001" name="const_48">
<pin_list>
<pin id="49" dir="1" index="0" bw="1" slack="2147483647"/>
</pin_list>
<bind>
<StgValue><ssdm name=""/></StgValue>
</bind>
</comp>

<comp id="50" class="1001" name="const_50">
<pin_list>
<pin id="51" dir="1" index="0" bw="1" slack="2147483647"/>
</pin_list>
<bind>
<StgValue><ssdm name=""/></StgValue>
</bind>
</comp>

<comp id="52" class="1001" name="const_52">
<pin_list>
<pin id="53" dir="1" index="0" bw="1" slack="2147483647"/>
</pin_list>
<bind>
<StgValue><ssdm name=""/></StgValue>
</bind>
</comp>

<comp id="54" class="1001" name="const_54">
<pin_list>
<pin id="55" dir="1" index="0" bw="1" slack="2147483647"/>
</pin_list>
<bind>
<StgValue><ssdm name="_ssdm_op_SpecLoopName"/></StgValue>
</bind>
</comp>

<comp id="56" class="1001" name="const_56">
<pin_list>
<pin id="57" dir="1" index="0" bw="1" slack="2147483647"/>
</pin_list>
<bind>
<StgValue><ssdm name="empty_77"/></StgValue>
</bind>
</comp>

<comp id="58" class="1001" name="const_58">
<pin_list>
<pin id="59" dir="1" index="0" bw="1" slack="0"/>
</pin_list>
<bind>
<StgValue><ssdm name="_ssdm_op_SparseMux.ap_auto.8i16.i16.i3"/></StgValue>
</bind>
</comp>

<comp id="60" class="1001" name="const_60">
<pin_list>
<pin id="61" dir="1" index="0" bw="1" slack="0"/>
</pin_list>
<bind>
<StgValue><ssdm name=""/></StgValue>
</bind>
</comp>

<comp id="62" class="1001" name="const_62">
<pin_list>
<pin id="63" dir="1" index="0" bw="1" slack="0"/>
</pin_list>
<bind>
<StgValue><ssdm name=""/></StgValue>
</bind>
</comp>

<comp id="64" class="1001" name="const_64">
<pin_list>
<pin id="65" dir="1" index="0" bw="1" slack="0"/>
</pin_list>
<bind>
<StgValue><ssdm name=""/></StgValue>
</bind>
</comp>

<comp id="66" class="1001" name="const_66">
<pin_list>
<pin id="67" dir="1" index="0" bw="1" slack="0"/>
</pin_list>
<bind>
<StgValue><ssdm name=""/></StgValue>
</bind>
</comp>

<comp id="68" class="1001" name="const_68">
<pin_list>
<pin id="69" dir="1" index="0" bw="1" slack="0"/>
</pin_list>
<bind>
<StgValue><ssdm name=""/></StgValue>
</bind>
</comp>

<comp id="70" class="1001" name="const_70">
<pin_list>
<pin id="71" dir="1" index="0" bw="1" slack="0"/>
</pin_list>
<bind>
<StgValue><ssdm name=""/></StgValue>
</bind>
</comp>

<comp id="72" class="1001" name="const_72">
<pin_list>
<pin id="73" dir="1" index="0" bw="1" slack="0"/>
</pin_list>
<bind>
<StgValue><ssdm name=""/></StgValue>
</bind>
</comp>

<comp id="74" class="1001" name="const_74">
<pin_list>
<pin id="75" dir="1" index="0" bw="1" slack="0"/>
</pin_list>
<bind>
<StgValue><ssdm name=""/></StgValue>
</bind>
</comp>

<comp id="76" class="1001" name="const_76">
<pin_list>
<pin id="77" dir="1" index="0" bw="1" slack="0"/>
</pin_list>
<bind>
<StgValue><ssdm name=""/></StgValue>
</bind>
</comp>

<comp id="78" class="1001" name="const_78">
<pin_list>
<pin id="79" dir="1" index="0" bw="1" slack="0"/>
</pin_list>
<bind>
<StgValue><ssdm name="_ssdm_op_Write.ap_auto.i32P0A"/></StgValue>
</bind>
</comp>

<comp id="80" class="1004" name="i_1_fu_80">
<pin_list>
<pin id="81" dir="0" index="0" bw="1" slack="0"/>
<pin id="82" dir="1" index="1" bw="32" slack="0"/>
</pin_list>
<bind>
<opcode="alloca(26) " fcode="alloca"/>
<opset="i_1/1 "/>
</bind>
</comp>

<comp id="84" class="1004" name="totalRequiredAtoms_fu_84">
<pin_list>
<pin id="85" dir="0" index="0" bw="1" slack="0"/>
<pin id="86" dir="1" index="1" bw="32" slack="0"/>
</pin_list>
<bind>
<opcode="alloca(26) " fcode="alloca"/>
<opset="totalRequiredAtoms/1 "/>
</bind>
</comp>

<comp id="88" class="1004" name="conv6_read_read_fu_88">
<pin_list>
<pin id="89" dir="0" index="0" bw="32" slack="0"/>
<pin id="90" dir="0" index="1" bw="32" slack="0"/>
<pin id="91" dir="1" index="2" bw="32" slack="0"/>
</pin_list>
<bind>
<opcode="read(1150) " fcode="read"/>
<opset="conv6_read/1 "/>
</bind>
</comp>

<comp id="94" class="1004" name="write_ln0_write_fu_94">
<pin_list>
<pin id="95" dir="0" index="0" bw="0" slack="0"/>
<pin id="96" dir="0" index="1" bw="32" slack="0"/>
<pin id="97" dir="0" index="2" bw="32" slack="0"/>
<pin id="98" dir="1" index="3" bw="0" slack="2147483647"/>
</pin_list>
<bind>
<opcode="write(1151) " fcode="write"/>
<opset="write_ln0/1 "/>
</bind>
</comp>

<comp id="101" class="1004" name="unusableInfo_targetSites_count_0_addr_gep_fu_101">
<pin_list>
<pin id="102" dir="0" index="0" bw="16" slack="0"/>
<pin id="103" dir="0" index="1" bw="1" slack="0"/>
<pin id="104" dir="0" index="2" bw="5" slack="0"/>
<pin id="105" dir="1" index="3" bw="5" slack="0"/>
</pin_list>
<bind>
<opcode="getelementptr(29) " fcode="getelementptr"/>
<opset="unusableInfo_targetSites_count_0_addr/1 "/>
</bind>
</comp>

<comp id="108" class="1004" name="unusableInfo_targetSites_count_1_addr_gep_fu_108">
<pin_list>
<pin id="109" dir="0" index="0" bw="16" slack="0"/>
<pin id="110" dir="0" index="1" bw="1" slack="0"/>
<pin id="111" dir="0" index="2" bw="5" slack="0"/>
<pin id="112" dir="1" index="3" bw="5" slack="0"/>
</pin_list>
<bind>
<opcode="getelementptr(29) " fcode="getelementptr"/>
<opset="unusableInfo_targetSites_count_1_addr/1 "/>
</bind>
</comp>

<comp id="115" class="1004" name="unusableInfo_targetSites_count_2_addr_gep_fu_115">
<pin_list>
<pin id="116" dir="0" index="0" bw="16" slack="0"/>
<pin id="117" dir="0" index="1" bw="1" slack="0"/>
<pin id="118" dir="0" index="2" bw="5" slack="0"/>
<pin id="119" dir="1" index="3" bw="5" slack="0"/>
</pin_list>
<bind>
<opcode="getelementptr(29) " fcode="getelementptr"/>
<opset="unusableInfo_targetSites_count_2_addr/1 "/>
</bind>
</comp>

<comp id="122" class="1004" name="unusableInfo_targetSites_count_3_addr_gep_fu_122">
<pin_list>
<pin id="123" dir="0" index="0" bw="16" slack="0"/>
<pin id="124" dir="0" index="1" bw="1" slack="0"/>
<pin id="125" dir="0" index="2" bw="5" slack="0"/>
<pin id="126" dir="1" index="3" bw="5" slack="0"/>
</pin_list>
<bind>
<opcode="getelementptr(29) " fcode="getelementptr"/>
<opset="unusableInfo_targetSites_count_3_addr/1 "/>
</bind>
</comp>

<comp id="129" class="1004" name="unusableInfo_targetSites_count_4_addr_gep_fu_129">
<pin_list>
<pin id="130" dir="0" index="0" bw="16" slack="0"/>
<pin id="131" dir="0" index="1" bw="1" slack="0"/>
<pin id="132" dir="0" index="2" bw="5" slack="0"/>
<pin id="133" dir="1" index="3" bw="5" slack="0"/>
</pin_list>
<bind>
<opcode="getelementptr(29) " fcode="getelementptr"/>
<opset="unusableInfo_targetSites_count_4_addr/1 "/>
</bind>
</comp>

<comp id="136" class="1004" name="unusableInfo_targetSites_count_5_addr_gep_fu_136">
<pin_list>
<pin id="137" dir="0" index="0" bw="16" slack="0"/>
<pin id="138" dir="0" index="1" bw="1" slack="0"/>
<pin id="139" dir="0" index="2" bw="5" slack="0"/>
<pin id="140" dir="1" index="3" bw="5" slack="0"/>
</pin_list>
<bind>
<opcode="getelementptr(29) " fcode="getelementptr"/>
<opset="unusableInfo_targetSites_count_5_addr/1 "/>
</bind>
</comp>

<comp id="143" class="1004" name="unusableInfo_targetSites_count_6_addr_gep_fu_143">
<pin_list>
<pin id="144" dir="0" index="0" bw="16" slack="0"/>
<pin id="145" dir="0" index="1" bw="1" slack="0"/>
<pin id="146" dir="0" index="2" bw="5" slack="0"/>
<pin id="147" dir="1" index="3" bw="5" slack="0"/>
</pin_list>
<bind>
<opcode="getelementptr(29) " fcode="getelementptr"/>
<opset="unusableInfo_targetSites_count_6_addr/1 "/>
</bind>
</comp>

<comp id="150" class="1004" name="unusableInfo_targetSites_count_7_addr_gep_fu_150">
<pin_list>
<pin id="151" dir="0" index="0" bw="16" slack="0"/>
<pin id="152" dir="0" index="1" bw="1" slack="0"/>
<pin id="153" dir="0" index="2" bw="5" slack="0"/>
<pin id="154" dir="1" index="3" bw="5" slack="0"/>
</pin_list>
<bind>
<opcode="getelementptr(29) " fcode="getelementptr"/>
<opset="unusableInfo_targetSites_count_7_addr/1 "/>
</bind>
</comp>

<comp id="157" class="1004" name="grp_access_fu_157">
<pin_list>
<pin id="158" dir="0" index="0" bw="5" slack="0"/>
<pin id="159" dir="0" index="1" bw="16" slack="2147483647"/>
<pin id="160" dir="0" index="2" bw="0" slack="2147483647"/>
<pin id="161" dir="1" index="3" bw="16" slack="0"/>
</pin_list>
<bind>
<opcode="load(27) " fcode="load"/>
<opset="unusableInfo_targetSites_count_0_load/1 "/>
</bind>
</comp>

<comp id="163" class="1004" name="grp_access_fu_163">
<pin_list>
<pin id="164" dir="0" index="0" bw="5" slack="0"/>
<pin id="165" dir="0" index="1" bw="16" slack="2147483647"/>
<pin id="166" dir="0" index="2" bw="0" slack="2147483647"/>
<pin id="167" dir="1" index="3" bw="16" slack="0"/>
</pin_list>
<bind>
<opcode="load(27) " fcode="load"/>
<opset="unusableInfo_targetSites_count_1_load/1 "/>
</bind>
</comp>

<comp id="169" class="1004" name="grp_access_fu_169">
<pin_list>
<pin id="170" dir="0" index="0" bw="5" slack="0"/>
<pin id="171" dir="0" index="1" bw="16" slack="2147483647"/>
<pin id="172" dir="0" index="2" bw="0" slack="2147483647"/>
<pin id="173" dir="1" index="3" bw="16" slack="0"/>
</pin_list>
<bind>
<opcode="load(27) " fcode="load"/>
<opset="unusableInfo_targetSites_count_2_load/1 "/>
</bind>
</comp>

<comp id="175" class="1004" name="grp_access_fu_175">
<pin_list>
<pin id="176" dir="0" index="0" bw="5" slack="0"/>
<pin id="177" dir="0" index="1" bw="16" slack="2147483647"/>
<pin id="178" dir="0" index="2" bw="0" slack="2147483647"/>
<pin id="179" dir="1" index="3" bw="16" slack="0"/>
</pin_list>
<bind>
<opcode="load(27) " fcode="load"/>
<opset="unusableInfo_targetSites_count_3_load/1 "/>
</bind>
</comp>

<comp id="181" class="1004" name="grp_access_fu_181">
<pin_list>
<pin id="182" dir="0" index="0" bw="5" slack="0"/>
<pin id="183" dir="0" index="1" bw="16" slack="2147483647"/>
<pin id="184" dir="0" index="2" bw="0" slack="2147483647"/>
<pin id="185" dir="1" index="3" bw="16" slack="0"/>
</pin_list>
<bind>
<opcode="load(27) " fcode="load"/>
<opset="unusableInfo_targetSites_count_4_load/1 "/>
</bind>
</comp>

<comp id="187" class="1004" name="grp_access_fu_187">
<pin_list>
<pin id="188" dir="0" index="0" bw="5" slack="0"/>
<pin id="189" dir="0" index="1" bw="16" slack="2147483647"/>
<pin id="190" dir="0" index="2" bw="0" slack="2147483647"/>
<pin id="191" dir="1" index="3" bw="16" slack="0"/>
</pin_list>
<bind>
<opcode="load(27) " fcode="load"/>
<opset="unusableInfo_targetSites_count_5_load/1 "/>
</bind>
</comp>

<comp id="193" class="1004" name="grp_access_fu_193">
<pin_list>
<pin id="194" dir="0" index="0" bw="5" slack="0"/>
<pin id="195" dir="0" index="1" bw="16" slack="2147483647"/>
<pin id="196" dir="0" index="2" bw="0" slack="2147483647"/>
<pin id="197" dir="1" index="3" bw="16" slack="0"/>
</pin_list>
<bind>
<opcode="load(27) " fcode="load"/>
<opset="unusableInfo_targetSites_count_6_load/1 "/>
</bind>
</comp>

<comp id="199" class="1004" name="grp_access_fu_199">
<pin_list>
<pin id="200" dir="0" index="0" bw="5" slack="0"/>
<pin id="201" dir="0" index="1" bw="16" slack="2147483647"/>
<pin id="202" dir="0" index="2" bw="0" slack="2147483647"/>
<pin id="203" dir="1" index="3" bw="16" slack="0"/>
</pin_list>
<bind>
<opcode="load(27) " fcode="load"/>
<opset="unusableInfo_targetSites_count_7_load/1 "/>
</bind>
</comp>

<comp id="205" class="1004" name="store_ln547_store_fu_205">
<pin_list>
<pin id="206" dir="0" index="0" bw="1" slack="0"/>
<pin id="207" dir="0" index="1" bw="32" slack="0"/>
<pin id="208" dir="1" index="2" bw="0" slack="2147483647"/>
</pin_list>
<bind>
<opcode="store(28) " fcode="store"/>
<opset="store_ln547/1 "/>
</bind>
</comp>

<comp id="210" class="1004" name="store_ln549_store_fu_210">
<pin_list>
<pin id="211" dir="0" index="0" bw="1" slack="0"/>
<pin id="212" dir="0" index="1" bw="32" slack="0"/>
<pin id="213" dir="1" index="2" bw="0" slack="2147483647"/>
</pin_list>
<bind>
<opcode="store(28) " fcode="store"/>
<opset="store_ln549/1 "/>
</bind>
</comp>

<comp id="215" class="1004" name="i_load_fu_215">
<pin_list>
<pin id="216" dir="0" index="0" bw="32" slack="0"/>
<pin id="217" dir="1" index="1" bw="32" slack="0"/>
</pin_list>
<bind>
<opcode="load(27) " fcode="load"/>
<opset="i/1 "/>
</bind>
</comp>

<comp id="218" class="1004" name="icmp_ln549_fu_218">
<pin_list>
<pin id="219" dir="0" index="0" bw="32" slack="0"/>
<pin id="220" dir="0" index="1" bw="32" slack="0"/>
<pin id="221" dir="1" index="2" bw="1" slack="2147483647"/>
</pin_list>
<bind>
<opcode="icmp(45) " fcode="icmp"/>
<opset="icmp_ln549/1 "/>
</bind>
</comp>

<comp id="224" class="1004" name="i_7_fu_224">
<pin_list>
<pin id="225" dir="0" index="0" bw="32" slack="0"/>
<pin id="226" dir="0" index="1" bw="1" slack="0"/>
<pin id="227" dir="1" index="2" bw="32" slack="0"/>
</pin_list>
<bind>
<opcode="add(8) " fcode="add"/>
<opset="i_7/1 "/>
</bind>
</comp>

<comp id="230" class="1004" name="trunc_ln549_fu_230">
<pin_list>
<pin id="231" dir="0" index="0" bw="32" slack="0"/>
<pin id="232" dir="1" index="1" bw="3" slack="1"/>
</pin_list>
<bind>
<opcode="trunc(33) " fcode="trunc"/>
<opset="trunc_ln549/1 "/>
</bind>
</comp>

<comp id="234" class="1004" name="lshr_ln_fu_234">
<pin_list>
<pin id="235" dir="0" index="0" bw="5" slack="0"/>
<pin id="236" dir="0" index="1" bw="32" slack="0"/>
<pin id="237" dir="0" index="2" bw="3" slack="0"/>
<pin id="238" dir="0" index="3" bw="4" slack="0"/>
<pin id="239" dir="1" index="4" bw="5" slack="0"/>
</pin_list>
<bind>
<opcode="partselect(1002) " fcode="partselect"/>
<opset="lshr_ln/1 "/>
</bind>
</comp>

<comp id="244" class="1004" name="zext_ln549_fu_244">
<pin_list>
<pin id="245" dir="0" index="0" bw="5" slack="0"/>
<pin id="246" dir="1" index="1" bw="64" slack="0"/>
</pin_list>
<bind>
<opcode="zext(34) " fcode="zext"/>
<opset="zext_ln549/1 "/>
</bind>
</comp>

<comp id="256" class="1004" name="store_ln549_store_fu_256">
<pin_list>
<pin id="257" dir="0" index="0" bw="32" slack="0"/>
<pin id="258" dir="0" index="1" bw="32" slack="0"/>
<pin id="259" dir="1" index="2" bw="0" slack="2147483647"/>
</pin_list>
<bind>
<opcode="store(28) " fcode="store"/>
<opset="store_ln549/1 "/>
</bind>
</comp>

<comp id="261" class="1004" name="totalRequiredAtoms_load_load_fu_261">
<pin_list>
<pin id="262" dir="0" index="0" bw="32" slack="1"/>
<pin id="263" dir="1" index="1" bw="32" slack="0"/>
</pin_list>
<bind>
<opcode="load(27) " fcode="load"/>
<opset="totalRequiredAtoms_load/2 "/>
</bind>
</comp>

<comp id="264" class="1004" name="tmp_fu_264">
<pin_list>
<pin id="265" dir="0" index="0" bw="16" slack="0"/>
<pin id="266" dir="0" index="1" bw="3" slack="0"/>
<pin id="267" dir="0" index="2" bw="16" slack="0"/>
<pin id="268" dir="0" index="3" bw="3" slack="0"/>
<pin id="269" dir="0" index="4" bw="16" slack="0"/>
<pin id="270" dir="0" index="5" bw="3" slack="0"/>
<pin id="271" dir="0" index="6" bw="16" slack="0"/>
<pin id="272" dir="0" index="7" bw="3" slack="0"/>
<pin id="273" dir="0" index="8" bw="16" slack="0"/>
<pin id="274" dir="0" index="9" bw="3" slack="0"/>
<pin id="275" dir="0" index="10" bw="16" slack="0"/>
<pin id="276" dir="0" index="11" bw="3" slack="0"/>
<pin id="277" dir="0" index="12" bw="16" slack="0"/>
<pin id="278" dir="0" index="13" bw="3" slack="0"/>
<pin id="279" dir="0" index="14" bw="16" slack="0"/>
<pin id="280" dir="0" index="15" bw="3" slack="0"/>
<pin id="281" dir="0" index="16" bw="16" slack="0"/>
<pin id="282" dir="0" index="17" bw="16" slack="0"/>
<pin id="283" dir="0" index="18" bw="3" slack="1"/>
<pin id="284" dir="1" index="19" bw="16" slack="0"/>
</pin_list>
<bind>
<opcode="sparsemux(1197) " fcode="sparsemux"/>
<opset="tmp/2 "/>
</bind>
</comp>

<comp id="303" class="1004" name="zext_ln554_fu_303">
<pin_list>
<pin id="304" dir="0" index="0" bw="16" slack="0"/>
<pin id="305" dir="1" index="1" bw="32" slack="0"/>
</pin_list>
<bind>
<opcode="zext(34) " fcode="zext"/>
<opset="zext_ln554/2 "/>
</bind>
</comp>

<comp id="307" class="1004" name="totalRequiredAtoms_1_fu_307">
<pin_list>
<pin id="308" dir="0" index="0" bw="16" slack="0"/>
<pin id="309" dir="0" index="1" bw="32" slack="0"/>
<pin id="310" dir="1" index="2" bw="32" slack="0"/>
</pin_list>
<bind>
<opcode="add(8) " fcode="add"/>
<opset="totalRequiredAtoms_1/2 "/>
</bind>
</comp>

<comp id="313" class="1004" name="store_ln547_store_fu_313">
<pin_list>
<pin id="314" dir="0" index="0" bw="32" slack="0"/>
<pin id="315" dir="0" index="1" bw="32" slack="1"/>
<pin id="316" dir="1" index="2" bw="0" slack="2147483647"/>
</pin_list>
<bind>
<opcode="store(28) " fcode="store"/>
<opset="store_ln547/2 "/>
</bind>
</comp>

<comp id="318" class="1004" name="totalRequiredAtoms_load_1_load_fu_318">
<pin_list>
<pin id="319" dir="0" index="0" bw="32" slack="0"/>
<pin id="320" dir="1" index="1" bw="32" slack="0"/>
</pin_list>
<bind>
<opcode="load(27) " fcode="load"/>
<opset="totalRequiredAtoms_load_1/1 "/>
</bind>
</comp>

<comp id="322" class="1005" name="i_1_reg_322">
<pin_list>
<pin id="323" dir="0" index="0" bw="32" slack="0"/>
<pin id="324" dir="1" index="1" bw="32" slack="0"/>
</pin_list>
<bind>
<opset="i_1 "/>
</bind>
</comp>

<comp id="329" class="1005" name="totalRequiredAtoms_reg_329">
<pin_list>
<pin id="330" dir="0" index="0" bw="32" slack="0"/>
<pin id="331" dir="1" index="1" bw="32" slack="0"/>
</pin_list>
<bind>
<opset="totalRequiredAtoms "/>
</bind>
</comp>

<comp id="340" class="1005" name="trunc_ln549_reg_340">
<pin_list>
<pin id="341" dir="0" index="0" bw="3" slack="1"/>
<pin id="342" dir="1" index="1" bw="3" slack="1"/>
</pin_list>
<bind>
<opset="trunc_ln549 "/>
</bind>
</comp>

<comp id="345" class="1005" name="unusableInfo_targetSites_count_0_addr_reg_345">
<pin_list>
<pin id="346" dir="0" index="0" bw="5" slack="1"/>
<pin id="347" dir="1" index="1" bw="5" slack="1"/>
</pin_list>
<bind>
<opset="unusableInfo_targetSites_count_0_addr "/>
</bind>
</comp>

<comp id="350" class="1005" name="unusableInfo_targetSites_count_1_addr_reg_350">
<pin_list>
<pin id="351" dir="0" index="0" bw="5" slack="1"/>
<pin id="352" dir="1" index="1" bw="5" slack="1"/>
</pin_list>
<bind>
<opset="unusableInfo_targetSites_count_1_addr "/>
</bind>
</comp>

<comp id="355" class="1005" name="unusableInfo_targetSites_count_2_addr_reg_355">
<pin_list>
<pin id="356" dir="0" index="0" bw="5" slack="1"/>
<pin id="357" dir="1" index="1" bw="5" slack="1"/>
</pin_list>
<bind>
<opset="unusableInfo_targetSites_count_2_addr "/>
</bind>
</comp>

<comp id="360" class="1005" name="unusableInfo_targetSites_count_3_addr_reg_360">
<pin_list>
<pin id="361" dir="0" index="0" bw="5" slack="1"/>
<pin id="362" dir="1" index="1" bw="5" slack="1"/>
</pin_list>
<bind>
<opset="unusableInfo_targetSites_count_3_addr "/>
</bind>
</comp>

<comp id="365" class="1005" name="unusableInfo_targetSites_count_4_addr_reg_365">
<pin_list>
<pin id="366" dir="0" index="0" bw="5" slack="1"/>
<pin id="367" dir="1" index="1" bw="5" slack="1"/>
</pin_list>
<bind>
<opset="unusableInfo_targetSites_count_4_addr "/>
</bind>
</comp>

<comp id="370" class="1005" name="unusableInfo_targetSites_count_5_addr_reg_370">
<pin_list>
<pin id="371" dir="0" index="0" bw="5" slack="1"/>
<pin id="372" dir="1" index="1" bw="5" slack="1"/>
</pin_list>
<bind>
<opset="unusableInfo_targetSites_count_5_addr "/>
</bind>
</comp>

<comp id="375" class="1005" name="unusableInfo_targetSites_count_6_addr_reg_375">
<pin_list>
<pin id="376" dir="0" index="0" bw="5" slack="1"/>
<pin id="377" dir="1" index="1" bw="5" slack="1"/>
</pin_list>
<bind>
<opset="unusableInfo_targetSites_count_6_addr "/>
</bind>
</comp>

<comp id="380" class="1005" name="unusableInfo_targetSites_count_7_addr_reg_380">
<pin_list>
<pin id="381" dir="0" index="0" bw="5" slack="1"/>
<pin id="382" dir="1" index="1" bw="5" slack="1"/>
</pin_list>
<bind>
<opset="unusableInfo_targetSites_count_7_addr "/>
</bind>
</comp>

</comp_list>

<net_list>
<net id="83"><net_src comp="20" pin="0"/><net_sink comp="80" pin=0"/></net>

<net id="87"><net_src comp="20" pin="0"/><net_sink comp="84" pin=0"/></net>

<net id="92"><net_src comp="30" pin="0"/><net_sink comp="88" pin=0"/></net>

<net id="93"><net_src comp="0" pin="0"/><net_sink comp="88" pin=1"/></net>

<net id="99"><net_src comp="78" pin="0"/><net_sink comp="94" pin=0"/></net>

<net id="100"><net_src comp="18" pin="0"/><net_sink comp="94" pin=1"/></net>

<net id="106"><net_src comp="2" pin="0"/><net_sink comp="101" pin=0"/></net>

<net id="107"><net_src comp="40" pin="0"/><net_sink comp="101" pin=1"/></net>

<net id="113"><net_src comp="4" pin="0"/><net_sink comp="108" pin=0"/></net>

<net id="114"><net_src comp="40" pin="0"/><net_sink comp="108" pin=1"/></net>

<net id="120"><net_src comp="6" pin="0"/><net_sink comp="115" pin=0"/></net>

<net id="121"><net_src comp="40" pin="0"/><net_sink comp="115" pin=1"/></net>

<net id="127"><net_src comp="8" pin="0"/><net_sink comp="122" pin=0"/></net>

<net id="128"><net_src comp="40" pin="0"/><net_sink comp="122" pin=1"/></net>

<net id="134"><net_src comp="10" pin="0"/><net_sink comp="129" pin=0"/></net>

<net id="135"><net_src comp="40" pin="0"/><net_sink comp="129" pin=1"/></net>

<net id="141"><net_src comp="12" pin="0"/><net_sink comp="136" pin=0"/></net>

<net id="142"><net_src comp="40" pin="0"/><net_sink comp="136" pin=1"/></net>

<net id="148"><net_src comp="14" pin="0"/><net_sink comp="143" pin=0"/></net>

<net id="149"><net_src comp="40" pin="0"/><net_sink comp="143" pin=1"/></net>

<net id="155"><net_src comp="16" pin="0"/><net_sink comp="150" pin=0"/></net>

<net id="156"><net_src comp="40" pin="0"/><net_sink comp="150" pin=1"/></net>

<net id="162"><net_src comp="101" pin="3"/><net_sink comp="157" pin=0"/></net>

<net id="168"><net_src comp="108" pin="3"/><net_sink comp="163" pin=0"/></net>

<net id="174"><net_src comp="115" pin="3"/><net_sink comp="169" pin=0"/></net>

<net id="180"><net_src comp="122" pin="3"/><net_sink comp="175" pin=0"/></net>

<net id="186"><net_src comp="129" pin="3"/><net_sink comp="181" pin=0"/></net>

<net id="192"><net_src comp="136" pin="3"/><net_sink comp="187" pin=0"/></net>

<net id="198"><net_src comp="143" pin="3"/><net_sink comp="193" pin=0"/></net>

<net id="204"><net_src comp="150" pin="3"/><net_sink comp="199" pin=0"/></net>

<net id="209"><net_src comp="32" pin="0"/><net_sink comp="205" pin=0"/></net>

<net id="214"><net_src comp="32" pin="0"/><net_sink comp="210" pin=0"/></net>

<net id="222"><net_src comp="215" pin="1"/><net_sink comp="218" pin=0"/></net>

<net id="223"><net_src comp="88" pin="2"/><net_sink comp="218" pin=1"/></net>

<net id="228"><net_src comp="215" pin="1"/><net_sink comp="224" pin=0"/></net>

<net id="229"><net_src comp="20" pin="0"/><net_sink comp="224" pin=1"/></net>

<net id="233"><net_src comp="215" pin="1"/><net_sink comp="230" pin=0"/></net>

<net id="240"><net_src comp="34" pin="0"/><net_sink comp="234" pin=0"/></net>

<net id="241"><net_src comp="215" pin="1"/><net_sink comp="234" pin=1"/></net>

<net id="242"><net_src comp="36" pin="0"/><net_sink comp="234" pin=2"/></net>

<net id="243"><net_src comp="38" pin="0"/><net_sink comp="234" pin=3"/></net>

<net id="247"><net_src comp="234" pin="4"/><net_sink comp="244" pin=0"/></net>

<net id="248"><net_src comp="244" pin="1"/><net_sink comp="101" pin=2"/></net>

<net id="249"><net_src comp="244" pin="1"/><net_sink comp="108" pin=2"/></net>

<net id="250"><net_src comp="244" pin="1"/><net_sink comp="115" pin=2"/></net>

<net id="251"><net_src comp="244" pin="1"/><net_sink comp="122" pin=2"/></net>

<net id="252"><net_src comp="244" pin="1"/><net_sink comp="129" pin=2"/></net>

<net id="253"><net_src comp="244" pin="1"/><net_sink comp="136" pin=2"/></net>

<net id="254"><net_src comp="244" pin="1"/><net_sink comp="143" pin=2"/></net>

<net id="255"><net_src comp="244" pin="1"/><net_sink comp="150" pin=2"/></net>

<net id="260"><net_src comp="224" pin="2"/><net_sink comp="256" pin=0"/></net>

<net id="285"><net_src comp="58" pin="0"/><net_sink comp="264" pin=0"/></net>

<net id="286"><net_src comp="60" pin="0"/><net_sink comp="264" pin=1"/></net>

<net id="287"><net_src comp="157" pin="3"/><net_sink comp="264" pin=2"/></net>

<net id="288"><net_src comp="62" pin="0"/><net_sink comp="264" pin=3"/></net>

<net id="289"><net_src comp="163" pin="3"/><net_sink comp="264" pin=4"/></net>

<net id="290"><net_src comp="64" pin="0"/><net_sink comp="264" pin=5"/></net>

<net id="291"><net_src comp="169" pin="3"/><net_sink comp="264" pin=6"/></net>

<net id="292"><net_src comp="66" pin="0"/><net_sink comp="264" pin=7"/></net>

<net id="293"><net_src comp="175" pin="3"/><net_sink comp="264" pin=8"/></net>

<net id="294"><net_src comp="68" pin="0"/><net_sink comp="264" pin=9"/></net>

<net id="295"><net_src comp="181" pin="3"/><net_sink comp="264" pin=10"/></net>

<net id="296"><net_src comp="70" pin="0"/><net_sink comp="264" pin=11"/></net>

<net id="297"><net_src comp="187" pin="3"/><net_sink comp="264" pin=12"/></net>

<net id="298"><net_src comp="72" pin="0"/><net_sink comp="264" pin=13"/></net>

<net id="299"><net_src comp="193" pin="3"/><net_sink comp="264" pin=14"/></net>

<net id="300"><net_src comp="74" pin="0"/><net_sink comp="264" pin=15"/></net>

<net id="301"><net_src comp="199" pin="3"/><net_sink comp="264" pin=16"/></net>

<net id="302"><net_src comp="76" pin="0"/><net_sink comp="264" pin=17"/></net>

<net id="306"><net_src comp="264" pin="19"/><net_sink comp="303" pin=0"/></net>

<net id="311"><net_src comp="303" pin="1"/><net_sink comp="307" pin=0"/></net>

<net id="312"><net_src comp="261" pin="1"/><net_sink comp="307" pin=1"/></net>

<net id="317"><net_src comp="307" pin="2"/><net_sink comp="313" pin=0"/></net>

<net id="321"><net_src comp="318" pin="1"/><net_sink comp="94" pin=2"/></net>

<net id="325"><net_src comp="80" pin="1"/><net_sink comp="322" pin=0"/></net>

<net id="326"><net_src comp="322" pin="1"/><net_sink comp="210" pin=1"/></net>

<net id="327"><net_src comp="322" pin="1"/><net_sink comp="215" pin=0"/></net>

<net id="328"><net_src comp="322" pin="1"/><net_sink comp="256" pin=1"/></net>

<net id="332"><net_src comp="84" pin="1"/><net_sink comp="329" pin=0"/></net>

<net id="333"><net_src comp="329" pin="1"/><net_sink comp="205" pin=1"/></net>

<net id="334"><net_src comp="329" pin="1"/><net_sink comp="261" pin=0"/></net>

<net id="335"><net_src comp="329" pin="1"/><net_sink comp="313" pin=1"/></net>

<net id="336"><net_src comp="329" pin="1"/><net_sink comp="318" pin=0"/></net>

<net id="343"><net_src comp="230" pin="1"/><net_sink comp="340" pin=0"/></net>

<net id="344"><net_src comp="340" pin="1"/><net_sink comp="264" pin=18"/></net>

<net id="348"><net_src comp="101" pin="3"/><net_sink comp="345" pin=0"/></net>

<net id="349"><net_src comp="345" pin="1"/><net_sink comp="157" pin=0"/></net>

<net id="353"><net_src comp="108" pin="3"/><net_sink comp="350" pin=0"/></net>

<net id="354"><net_src comp="350" pin="1"/><net_sink comp="163" pin=0"/></net>

<net id="358"><net_src comp="115" pin="3"/><net_sink comp="355" pin=0"/></net>

<net id="359"><net_src comp="355" pin="1"/><net_sink comp="169" pin=0"/></net>

<net id="363"><net_src comp="122" pin="3"/><net_sink comp="360" pin=0"/></net>

<net id="364"><net_src comp="360" pin="1"/><net_sink comp="175" pin=0"/></net>

<net id="368"><net_src comp="129" pin="3"/><net_sink comp="365" pin=0"/></net>

<net id="369"><net_src comp="365" pin="1"/><net_sink comp="181" pin=0"/></net>

<net id="373"><net_src comp="136" pin="3"/><net_sink comp="370" pin=0"/></net>

<net id="374"><net_src comp="370" pin="1"/><net_sink comp="187" pin=0"/></net>

<net id="378"><net_src comp="143" pin="3"/><net_sink comp="375" pin=0"/></net>

<net id="379"><net_src comp="375" pin="1"/><net_sink comp="193" pin=0"/></net>

<net id="383"><net_src comp="150" pin="3"/><net_sink comp="380" pin=0"/></net>

<net id="384"><net_src comp="380" pin="1"/><net_sink comp="199" pin=0"/></net>

</net_list>

</model> 
---------------- Datapath Model END ------------------

* FSMD analyzer results:
  - Output states:
	Port: totalRequiredAtoms_out | {1 }
 - Input state : 
	Port: sortRemainingRowsOrCols<HLSMoveStream>_Pipeline_VITIS_LOOP_549_3 : conv6 | {1 }
	Port: sortRemainingRowsOrCols<HLSMoveStream>_Pipeline_VITIS_LOOP_549_3 : unusableInfo_targetSites_count_0 | {1 2 }
	Port: sortRemainingRowsOrCols<HLSMoveStream>_Pipeline_VITIS_LOOP_549_3 : unusableInfo_targetSites_count_1 | {1 2 }
	Port: sortRemainingRowsOrCols<HLSMoveStream>_Pipeline_VITIS_LOOP_549_3 : unusableInfo_targetSites_count_2 | {1 2 }
	Port: sortRemainingRowsOrCols<HLSMoveStream>_Pipeline_VITIS_LOOP_549_3 : unusableInfo_targetSites_count_3 | {1 2 }
	Port: sortRemainingRowsOrCols<HLSMoveStream>_Pipeline_VITIS_LOOP_549_3 : unusableInfo_targetSites_count_4 | {1 2 }
	Port: sortRemainingRowsOrCols<HLSMoveStream>_Pipeline_VITIS_LOOP_549_3 : unusableInfo_targetSites_count_5 | {1 2 }
	Port: sortRemainingRowsOrCols<HLSMoveStream>_Pipeline_VITIS_LOOP_549_3 : unusableInfo_targetSites_count_6 | {1 2 }
	Port: sortRemainingRowsOrCols<HLSMoveStream>_Pipeline_VITIS_LOOP_549_3 : unusableInfo_targetSites_count_7 | {1 2 }
  - Chain level:
	State 1
		store_ln547 : 1
		store_ln549 : 1
		i : 1
		icmp_ln549 : 2
		i_7 : 2
		br_ln549 : 3
		trunc_ln549 : 2
		lshr_ln : 2
		zext_ln549 : 3
		unusableInfo_targetSites_count_0_addr : 4
		unusableInfo_targetSites_count_1_addr : 4
		unusableInfo_targetSites_count_2_addr : 4
		unusableInfo_targetSites_count_3_addr : 4
		unusableInfo_targetSites_count_4_addr : 4
		unusableInfo_targetSites_count_5_addr : 4
		unusableInfo_targetSites_count_6_addr : 4
		unusableInfo_targetSites_count_7_addr : 4
		unusableInfo_targetSites_count_0_load : 5
		unusableInfo_targetSites_count_1_load : 5
		unusableInfo_targetSites_count_2_load : 5
		unusableInfo_targetSites_count_3_load : 5
		unusableInfo_targetSites_count_4_load : 5
		unusableInfo_targetSites_count_5_load : 5
		unusableInfo_targetSites_count_6_load : 5
		unusableInfo_targetSites_count_7_load : 5
		store_ln549 : 3
		totalRequiredAtoms_load_1 : 1
		write_ln0 : 2
	State 2
		tmp : 1
		zext_ln554 : 2
		totalRequiredAtoms_1 : 3
		store_ln547 : 4


============================================================
+ Verbose Summary: Datapath Resource usage 
============================================================

* Functional unit list:
|----------|-----------------------------|---------|---------|
| Operation|       Functional Unit       |    FF   |   LUT   |
|----------|-----------------------------|---------|---------|
|    add   |          i_7_fu_224         |    0    |    39   |
|          | totalRequiredAtoms_1_fu_307 |    0    |    39   |
|----------|-----------------------------|---------|---------|
| sparsemux|          tmp_fu_264         |    0    |    43   |
|----------|-----------------------------|---------|---------|
|   icmp   |      icmp_ln549_fu_218      |    0    |    39   |
|----------|-----------------------------|---------|---------|
|   read   |    conv6_read_read_fu_88    |    0    |    0    |
|----------|-----------------------------|---------|---------|
|   write  |    write_ln0_write_fu_94    |    0    |    0    |
|----------|-----------------------------|---------|---------|
|   trunc  |      trunc_ln549_fu_230     |    0    |    0    |
|----------|-----------------------------|---------|---------|
|partselect|        lshr_ln_fu_234       |    0    |    0    |
|----------|-----------------------------|---------|---------|
|   zext   |      zext_ln549_fu_244      |    0    |    0    |
|          |      zext_ln554_fu_303      |    0    |    0    |
|----------|-----------------------------|---------|---------|
|   Total  |                             |    0    |   160   |
|----------|-----------------------------|---------|---------|

Memories:
N/A

* Register list:
+---------------------------------------------+--------+
|                                             |   FF   |
+---------------------------------------------+--------+
|                 i_1_reg_322                 |   32   |
|          totalRequiredAtoms_reg_329         |   32   |
|             trunc_ln549_reg_340             |    3   |
|unusableInfo_targetSites_count_0_addr_reg_345|    5   |
|unusableInfo_targetSites_count_1_addr_reg_350|    5   |
|unusableInfo_targetSites_count_2_addr_reg_355|    5   |
|unusableInfo_targetSites_count_3_addr_reg_360|    5   |
|unusableInfo_targetSites_count_4_addr_reg_365|    5   |
|unusableInfo_targetSites_count_5_addr_reg_370|    5   |
|unusableInfo_targetSites_count_6_addr_reg_375|    5   |
|unusableInfo_targetSites_count_7_addr_reg_380|    5   |
+---------------------------------------------+--------+
|                    Total                    |   107  |
+---------------------------------------------+--------+

* Multiplexer (MUX) list: 
|-------------------|------|------|------|--------||---------||---------||---------|
|        Comp       |  Pin | Size |  BW  | S x BW ||  Delay  ||    FF   ||   LUT   |
|-------------------|------|------|------|--------||---------||---------||---------|
| grp_access_fu_157 |  p0  |   2  |   5  |   10   ||    0    ||    9    |
| grp_access_fu_163 |  p0  |   2  |   5  |   10   ||    0    ||    9    |
| grp_access_fu_169 |  p0  |   2  |   5  |   10   ||    0    ||    9    |
| grp_access_fu_175 |  p0  |   2  |   5  |   10   ||    0    ||    9    |
| grp_access_fu_181 |  p0  |   2  |   5  |   10   ||    0    ||    9    |
| grp_access_fu_187 |  p0  |   2  |   5  |   10   ||    0    ||    9    |
| grp_access_fu_193 |  p0  |   2  |   5  |   10   ||    0    ||    9    |
| grp_access_fu_199 |  p0  |   2  |   5  |   10   ||    0    ||    9    |
|-------------------|------|------|------|--------||---------||---------||---------|
|       Total       |      |      |      |   80   ||  3.416  ||    0    ||    72   |
|-------------------|------|------|------|--------||---------||---------||---------|



* Summary:
+-----------+--------+--------+--------+
|           |  Delay |   FF   |   LUT  |
+-----------+--------+--------+--------+
|  Function |    -   |    0   |   160  |
|   Memory  |    -   |    -   |    -   |
|Multiplexer|    3   |    0   |   72   |
|  Register |    -   |   107  |    -   |
+-----------+--------+--------+--------+
|   Total   |    3   |   107  |   232  |
+-----------+--------+--------+--------+
