

================================================================
== Vitis HLS Report for 'sortRemainingRowsOrCols_HLSMoveStream_Pipeline_VITIS_LOOP_841_18'
================================================================
* Date:           Sat Mar 28 14:02:46 2026

* Version:        2024.2 (Build 5238294 on Nov  8 2024)
* Project:        atomflow_controller_2024_2
* Solution:       hls (Vivado IP Flow Target)
* Product family: zynquplusRFSOC
* Target device:  xczu49dr-ffvf1760-2-e


================================================================
== Performance Estimates
================================================================
+ Timing: 
    * Summary: 
    +--------+----------+----------+------------+
    |  Clock |  Target  | Estimated| Uncertainty|
    +--------+----------+----------+------------+
    |ap_clk  |  10.00 ns|  2.517 ns|     2.70 ns|
    +--------+----------+----------+------------+

+ Latency: 
    * Summary: 
    +---------+---------+-----------+----------+-----+-----+------------------------------------------------+
    |  Latency (cycles) |  Latency (absolute)  |  Interval |                    Pipeline                    |
    |   min   |   max   |    min    |    max   | min | max |                      Type                      |
    +---------+---------+-----------+----------+-----+-----+------------------------------------------------+
    |        3|       18|  30.000 ns|  0.180 us|    2|   17|  loop auto-rewind stp (delay=0 clock cycles(s))|
    +---------+---------+-----------+----------+-----+-----+------------------------------------------------+

    + Detail: 
        * Instance: 
        N/A

        * Loop: 
        +---------------------+---------+---------+----------+-----------+-----------+--------+----------+
        |                     |  Latency (cycles) | Iteration|  Initiation Interval  |  Trip  |          |
        |      Loop Name      |   min   |   max   |  Latency |  achieved |   target  |  Count | Pipelined|
        +---------------------+---------+---------+----------+-----------+-----------+--------+----------+
        |- VITIS_LOOP_841_18  |        1|       16|         2|          1|          1|  1 ~ 16|       yes|
        +---------------------+---------+---------+----------+-----------+-----------+--------+----------+



================================================================
== Utilization Estimates
================================================================
* Summary: 
+-----------------+---------+------+--------+--------+-----+
|       Name      | BRAM_18K|  DSP |   FF   |   LUT  | URAM|
+-----------------+---------+------+--------+--------+-----+
|DSP              |        -|     -|       -|       -|    -|
|Expression       |        -|     -|       0|      85|    -|
|FIFO             |        -|     -|       -|       -|    -|
|Instance         |        -|     -|       -|       -|    -|
|Memory           |        -|     -|       -|       -|    -|
|Multiplexer      |        -|     -|       0|      54|    -|
|Register         |        -|     -|      30|       -|    -|
+-----------------+---------+------+--------+--------+-----+
|Total            |        0|     0|      30|     139|    0|
+-----------------+---------+------+--------+--------+-----+
|Available        |     2160|  4272|  850560|  425280|   80|
+-----------------+---------+------+--------+--------+-----+
|Utilization (%)  |        0|     0|      ~0|      ~0|    0|
+-----------------+---------+------+--------+--------+-----+

+ Detail: 
    * Instance: 
    N/A

    * DSP: 
    N/A

    * Memory: 
    N/A

    * FIFO: 
    N/A

    * Expression: 
    +-------------------------------------+----------+----+---+----+------------+------------+
    |            Variable Name            | Operation| DSP| FF| LUT| Bitwidth P0| Bitwidth P1|
    +-------------------------------------+----------+----+---+----+------------+------------+
    |add_ln147_fu_153_p2                  |         +|   0|  0|  23|          16|          16|
    |indexAC_idx2_5_fu_164_p2             |         +|   0|  0|  24|          17|           1|
    |start_colSelectionCount_1_fu_143_p2  |         +|   0|  0|  12|           5|           1|
    |icmp_ln841_fu_137_p2                 |      icmp|   0|  0|  24|          17|          17|
    |ap_enable_pp0                        |       xor|   0|  0|   2|           1|           2|
    +-------------------------------------+----------+----+---+----+------------+------------+
    |Total                                |          |   0|  0|  85|          56|          37|
    +-------------------------------------+----------+----+---+----+------------+------------+

    * Multiplexer: 
    +------------------------------------------+----+-----------+-----+-----------+
    |                   Name                   | LUT| Input Size| Bits| Total Bits|
    +------------------------------------------+----+-----------+-----+-----------+
    |ap_done_int                               |   9|          2|    1|          2|
    |ap_enable_reg_pp0_iter1                   |   9|          2|    1|          2|
    |ap_sig_allocacmp_indexAC_idx2_4           |   9|          2|   17|         34|
    |ap_sig_allocacmp_start_colSelectionCount  |   9|          2|    5|         10|
    |end_colSelectionCount_fu_56               |   9|          2|    5|         10|
    |indexAC_idx2_2_fu_52                      |   9|          2|   17|         34|
    +------------------------------------------+----+-----------+-----+-----------+
    |Total                                     |  54|         12|   46|         92|
    +------------------------------------------+----+-----------+-----+-----------+

    * Register: 
    +---------------------------------+----+----+-----+-----------+
    |               Name              | FF | LUT| Bits| Const Bits|
    +---------------------------------+----+----+-----+-----------+
    |ap_CS_fsm                        |   1|   0|    1|          0|
    |ap_done_reg                      |   1|   0|    1|          0|
    |ap_enable_reg_pp0_iter1          |   1|   0|    1|          0|
    |end_colSelectionCount_fu_56      |   5|   0|    5|          0|
    |indexAC_idx2_2_fu_52             |  17|   0|   17|          0|
    |start_colSelectionCount_reg_205  |   5|   0|    5|          0|
    +---------------------------------+----+----+-----+-----------+
    |Total                            |  30|   0|   30|          0|
    +---------------------------------+----+----+-----+-----------+



================================================================
== Interface
================================================================
* Summary: 
+----------------------------------------+-----+-----+------------+-------------------------------------------------------------------+--------------+
|                RTL Ports               | Dir | Bits|  Protocol  |                           Source Object                           |    C Type    |
+----------------------------------------+-----+-----+------------+-------------------------------------------------------------------+--------------+
|ap_clk                                  |   in|    1|  ap_ctrl_hs|  sortRemainingRowsOrCols<HLSMoveStream>_Pipeline_VITIS_LOOP_841_18|  return value|
|ap_rst                                  |   in|    1|  ap_ctrl_hs|  sortRemainingRowsOrCols<HLSMoveStream>_Pipeline_VITIS_LOOP_841_18|  return value|
|ap_start                                |   in|    1|  ap_ctrl_hs|  sortRemainingRowsOrCols<HLSMoveStream>_Pipeline_VITIS_LOOP_841_18|  return value|
|ap_done                                 |  out|    1|  ap_ctrl_hs|  sortRemainingRowsOrCols<HLSMoveStream>_Pipeline_VITIS_LOOP_841_18|  return value|
|ap_idle                                 |  out|    1|  ap_ctrl_hs|  sortRemainingRowsOrCols<HLSMoveStream>_Pipeline_VITIS_LOOP_841_18|  return value|
|ap_ready                                |  out|    1|  ap_ctrl_hs|  sortRemainingRowsOrCols<HLSMoveStream>_Pipeline_VITIS_LOOP_841_18|  return value|
|indexAC_idx2                            |   in|   16|     ap_none|                                                       indexAC_idx2|        scalar|
|indexAC_idx2_1                          |   in|   17|     ap_none|                                                     indexAC_idx2_1|        scalar|
|zext_ln620_1                            |   in|   16|     ap_none|                                                       zext_ln620_1|        scalar|
|unusableInfo_usableAtoms_data_address0  |  out|   16|   ap_memory|                                      unusableInfo_usableAtoms_data|         array|
|unusableInfo_usableAtoms_data_ce0       |  out|    1|   ap_memory|                                      unusableInfo_usableAtoms_data|         array|
|unusableInfo_usableAtoms_data_q0        |   in|   32|   ap_memory|                                      unusableInfo_usableAtoms_data|         array|
|start_colSelection_1_address0           |  out|    4|   ap_memory|                                               start_colSelection_1|         array|
|start_colSelection_1_ce0                |  out|    1|   ap_memory|                                               start_colSelection_1|         array|
|start_colSelection_1_we0                |  out|    1|   ap_memory|                                               start_colSelection_1|         array|
|start_colSelection_1_d0                 |  out|   16|   ap_memory|                                               start_colSelection_1|         array|
|end_colSelection_1_address0             |  out|    4|   ap_memory|                                                 end_colSelection_1|         array|
|end_colSelection_1_ce0                  |  out|    1|   ap_memory|                                                 end_colSelection_1|         array|
|end_colSelection_1_we0                  |  out|    1|   ap_memory|                                                 end_colSelection_1|         array|
|end_colSelection_1_d0                   |  out|   16|   ap_memory|                                                 end_colSelection_1|         array|
+----------------------------------------+-----+-----+------------+-------------------------------------------------------------------+--------------+

============================================================
+ Verbose Summary: Synthesis Manager
============================================================
InlineROM: 1
ExposeGlobal: 0
============================================================
+ Verbose Summary: CDFG Model
============================================================
IsTopModel: 0
ResetActiveHigh: 1
IsCombinational: 2
IsDatapathOnly: 2
HasWiredReturn: 1
HasMFsm: 2
HasVarLatency: 1
IsPipeline: 0
IsRtlPipelined: 0
IsInstanceOverlapped: 0
IsDontTouch: 0
HasImplIP: 0
IsGatedGlobalClock: 0

+ Individual pipeline summary: 
  * Pipeline-0: initiation interval (II) = 1, depth = 2


============================================================
+ Verbose Summary: Schedule
============================================================
* Number of FSM states : 2
* Pipeline : 1
  Pipeline-0 : II = 1, D = 2, States = { 1 2 }
* Dataflow Pipeline: 0

* FSM state transitions: 
1 --> 2 
2 --> 

* FSM state operations: 

State 1 <SV = 0> <Delay = 2.51>
ST_1 : Operation 5 [1/1] (0.00ns)   --->   "%indexAC_idx2_2 = alloca i32 1" [/home/xiaorang/Documents/ATOMFLOW/sorting-organized-main/src/sortLatticeByRow.cpp:143->/home/xiaorang/Documents/ATOMFLOW/sorting-organized-main/src/sortLatticeByRow.cpp:847->/home/xiaorang/Documents/ATOMFLOW/sorting-organized-main/src/sortLatticeByRow.cpp:1833]   --->   Operation 5 'alloca' 'indexAC_idx2_2' <Predicate = true> <Delay = 0.00>
ST_1 : Operation 6 [1/1] (0.00ns)   --->   "%end_colSelectionCount = alloca i32 1" [/home/xiaorang/Documents/ATOMFLOW/sorting-organized-main/src/sortLatticeByRow.cpp:815->/home/xiaorang/Documents/ATOMFLOW/sorting-organized-main/src/sortLatticeByRow.cpp:1833]   --->   Operation 6 'alloca' 'end_colSelectionCount' <Predicate = true> <Delay = 0.00>
ST_1 : Operation 7 [1/1] (0.00ns)   --->   "%zext_ln620_1_read = read i16 @_ssdm_op_Read.ap_auto.i16, i16 %zext_ln620_1"   --->   Operation 7 'read' 'zext_ln620_1_read' <Predicate = true> <Delay = 0.00>
ST_1 : Operation 8 [1/1] (0.00ns)   --->   "%indexAC_idx2_1_read = read i17 @_ssdm_op_Read.ap_auto.i17, i17 %indexAC_idx2_1"   --->   Operation 8 'read' 'indexAC_idx2_1_read' <Predicate = true> <Delay = 0.00>
ST_1 : Operation 9 [1/1] (0.00ns)   --->   "%indexAC_idx2_read = read i16 @_ssdm_op_Read.ap_auto.i16, i16 %indexAC_idx2"   --->   Operation 9 'read' 'indexAC_idx2_read' <Predicate = true> <Delay = 0.00>
ST_1 : Operation 10 [1/1] (0.00ns)   --->   "%indexAC_idx2_cast = zext i16 %indexAC_idx2_read"   --->   Operation 10 'zext' 'indexAC_idx2_cast' <Predicate = true> <Delay = 0.00>
ST_1 : Operation 11 [1/1] (0.00ns)   --->   "%specmemcore_ln0 = specmemcore void @_ssdm_op_SpecMemCore, i32 %unusableInfo_usableAtoms_data, i64 666, i64 22, i64 18446744073709551615"   --->   Operation 11 'specmemcore' 'specmemcore_ln0' <Predicate = true> <Delay = 0.00>
ST_1 : Operation 12 [1/1] (0.42ns)   --->   "%store_ln815 = store i5 0, i5 %end_colSelectionCount" [/home/xiaorang/Documents/ATOMFLOW/sorting-organized-main/src/sortLatticeByRow.cpp:815->/home/xiaorang/Documents/ATOMFLOW/sorting-organized-main/src/sortLatticeByRow.cpp:1833]   --->   Operation 12 'store' 'store_ln815' <Predicate = true> <Delay = 0.42>
ST_1 : Operation 13 [1/1] (0.42ns)   --->   "%store_ln143 = store i17 %indexAC_idx2_cast, i17 %indexAC_idx2_2" [/home/xiaorang/Documents/ATOMFLOW/sorting-organized-main/src/sortLatticeByRow.cpp:143->/home/xiaorang/Documents/ATOMFLOW/sorting-organized-main/src/sortLatticeByRow.cpp:847->/home/xiaorang/Documents/ATOMFLOW/sorting-organized-main/src/sortLatticeByRow.cpp:1833]   --->   Operation 13 'store' 'store_ln143' <Predicate = true> <Delay = 0.42>
ST_1 : Operation 14 [1/1] (0.00ns)   --->   "%br_ln0 = br void %while.cond496.i"   --->   Operation 14 'br' 'br_ln0' <Predicate = true> <Delay = 0.00>
ST_1 : Operation 15 [1/1] (0.00ns)   --->   "%indexAC_idx2_4 = load i17 %indexAC_idx2_2" [/home/xiaorang/Documents/ATOMFLOW/sorting-organized-main/src/sortLatticeByRow.cpp:147->/home/xiaorang/Documents/ATOMFLOW/sorting-organized-main/src/sortLatticeByRow.cpp:847->/home/xiaorang/Documents/ATOMFLOW/sorting-organized-main/src/sortLatticeByRow.cpp:1833]   --->   Operation 15 'load' 'indexAC_idx2_4' <Predicate = true> <Delay = 0.00>
ST_1 : Operation 16 [1/1] (0.00ns)   --->   "%start_colSelectionCount = load i5 %end_colSelectionCount" [/home/xiaorang/Documents/ATOMFLOW/sorting-organized-main/src/sortLatticeByRow.cpp:849->/home/xiaorang/Documents/ATOMFLOW/sorting-organized-main/src/sortLatticeByRow.cpp:1833]   --->   Operation 16 'load' 'start_colSelectionCount' <Predicate = true> <Delay = 0.00>
ST_1 : Operation 17 [1/1] (0.86ns)   --->   "%icmp_ln841 = icmp_eq  i17 %indexAC_idx2_4, i17 %indexAC_idx2_1_read" [/home/xiaorang/Documents/ATOMFLOW/sorting-organized-main/src/sortLatticeByRow.cpp:841->/home/xiaorang/Documents/ATOMFLOW/sorting-organized-main/src/sortLatticeByRow.cpp:1833]   --->   Operation 17 'icmp' 'icmp_ln841' <Predicate = true> <Delay = 0.86> <CoreInst = "Cmp">   --->   Core 9 'Cmp' <Latency = 0> <II = 1> <Delay = 0.86> <FuncUnit> <Opcode : 'seteq' 'setne' 'setle' 'setge' 'setlt' 'setgt'> <InPorts = 2> <OutPorts = 1>
ST_1 : Operation 18 [1/1] (0.78ns)   --->   "%start_colSelectionCount_1 = add i5 %start_colSelectionCount, i5 1" [/home/xiaorang/Documents/ATOMFLOW/sorting-organized-main/src/sortLatticeByRow.cpp:849->/home/xiaorang/Documents/ATOMFLOW/sorting-organized-main/src/sortLatticeByRow.cpp:1833]   --->   Operation 18 'add' 'start_colSelectionCount_1' <Predicate = true> <Delay = 0.78> <CoreInst = "Adder">   --->   Core 1 'Adder' <Latency = 0> <II = 1> <Delay = 0.78> <FuncUnit> <Opcode : 'add' 'sub'> <InPorts = 2> <OutPorts = 1>
ST_1 : Operation 19 [1/1] (0.00ns)   --->   "%br_ln841 = br i1 %icmp_ln841, void %while.body503.i, void %if.end521.i.exitStub" [/home/xiaorang/Documents/ATOMFLOW/sorting-organized-main/src/sortLatticeByRow.cpp:841->/home/xiaorang/Documents/ATOMFLOW/sorting-organized-main/src/sortLatticeByRow.cpp:1833]   --->   Operation 19 'br' 'br_ln841' <Predicate = true> <Delay = 0.00>
ST_1 : Operation 20 [1/1] (0.00ns)   --->   "%trunc_ln147 = trunc i17 %indexAC_idx2_4" [/home/xiaorang/Documents/ATOMFLOW/sorting-organized-main/src/sortLatticeByRow.cpp:147->/home/xiaorang/Documents/ATOMFLOW/sorting-organized-main/src/sortLatticeByRow.cpp:847->/home/xiaorang/Documents/ATOMFLOW/sorting-organized-main/src/sortLatticeByRow.cpp:1833]   --->   Operation 20 'trunc' 'trunc_ln147' <Predicate = (!icmp_ln841)> <Delay = 0.00>
ST_1 : Operation 21 [1/1] (0.85ns)   --->   "%add_ln147 = add i16 %zext_ln620_1_read, i16 %trunc_ln147" [/home/xiaorang/Documents/ATOMFLOW/sorting-organized-main/src/sortLatticeByRow.cpp:147->/home/xiaorang/Documents/ATOMFLOW/sorting-organized-main/src/sortLatticeByRow.cpp:847->/home/xiaorang/Documents/ATOMFLOW/sorting-organized-main/src/sortLatticeByRow.cpp:1833]   --->   Operation 21 'add' 'add_ln147' <Predicate = (!icmp_ln841)> <Delay = 0.85> <CoreInst = "Adder">   --->   Core 1 'Adder' <Latency = 0> <II = 1> <Delay = 0.85> <FuncUnit> <Opcode : 'add' 'sub'> <InPorts = 2> <OutPorts = 1>
ST_1 : Operation 22 [1/1] (0.00ns)   --->   "%zext_ln147 = zext i16 %add_ln147" [/home/xiaorang/Documents/ATOMFLOW/sorting-organized-main/src/sortLatticeByRow.cpp:147->/home/xiaorang/Documents/ATOMFLOW/sorting-organized-main/src/sortLatticeByRow.cpp:847->/home/xiaorang/Documents/ATOMFLOW/sorting-organized-main/src/sortLatticeByRow.cpp:1833]   --->   Operation 22 'zext' 'zext_ln147' <Predicate = (!icmp_ln841)> <Delay = 0.00>
ST_1 : Operation 23 [1/1] (0.00ns)   --->   "%unusableInfo_usableAtoms_data_addr = getelementptr i32 %unusableInfo_usableAtoms_data, i64 0, i64 %zext_ln147" [/home/xiaorang/Documents/ATOMFLOW/sorting-organized-main/src/sortLatticeByRow.cpp:147->/home/xiaorang/Documents/ATOMFLOW/sorting-organized-main/src/sortLatticeByRow.cpp:847->/home/xiaorang/Documents/ATOMFLOW/sorting-organized-main/src/sortLatticeByRow.cpp:1833]   --->   Operation 23 'getelementptr' 'unusableInfo_usableAtoms_data_addr' <Predicate = (!icmp_ln841)> <Delay = 0.00>
ST_1 : Operation 24 [2/2] (1.23ns)   --->   "%indexAC_val = load i16 %unusableInfo_usableAtoms_data_addr" [/home/xiaorang/Documents/ATOMFLOW/sorting-organized-main/src/sortLatticeByRow.cpp:847->/home/xiaorang/Documents/ATOMFLOW/sorting-organized-main/src/sortLatticeByRow.cpp:1833]   --->   Operation 24 'load' 'indexAC_val' <Predicate = (!icmp_ln841)> <Delay = 1.23> <CoreInst = "RAM_2P_BRAM">   --->   Core 93 'RAM_2P_BRAM' <Latency = 1> <II = 1> <Delay = 1.23> <Storage> <Opcode : 'load' 'store'> <Ports = 2> <Width = 32> <Depth = 65536> <RAM>
ST_1 : Operation 25 [1/1] (0.86ns)   --->   "%indexAC_idx2_5 = add i17 %indexAC_idx2_4, i17 1" [/home/xiaorang/Documents/ATOMFLOW/sorting-organized-main/src/sortLatticeByRow.cpp:850->/home/xiaorang/Documents/ATOMFLOW/sorting-organized-main/src/sortLatticeByRow.cpp:1833]   --->   Operation 25 'add' 'indexAC_idx2_5' <Predicate = (!icmp_ln841)> <Delay = 0.86> <CoreInst = "Adder">   --->   Core 1 'Adder' <Latency = 0> <II = 1> <Delay = 0.86> <FuncUnit> <Opcode : 'add' 'sub'> <InPorts = 2> <OutPorts = 1>
ST_1 : Operation 26 [1/1] (0.42ns)   --->   "%store_ln815 = store i5 %start_colSelectionCount_1, i5 %end_colSelectionCount" [/home/xiaorang/Documents/ATOMFLOW/sorting-organized-main/src/sortLatticeByRow.cpp:815->/home/xiaorang/Documents/ATOMFLOW/sorting-organized-main/src/sortLatticeByRow.cpp:1833]   --->   Operation 26 'store' 'store_ln815' <Predicate = (!icmp_ln841)> <Delay = 0.42>
ST_1 : Operation 27 [1/1] (0.42ns)   --->   "%store_ln143 = store i17 %indexAC_idx2_5, i17 %indexAC_idx2_2" [/home/xiaorang/Documents/ATOMFLOW/sorting-organized-main/src/sortLatticeByRow.cpp:143->/home/xiaorang/Documents/ATOMFLOW/sorting-organized-main/src/sortLatticeByRow.cpp:847->/home/xiaorang/Documents/ATOMFLOW/sorting-organized-main/src/sortLatticeByRow.cpp:1833]   --->   Operation 27 'store' 'store_ln143' <Predicate = (!icmp_ln841)> <Delay = 0.42>
ST_1 : Operation 39 [1/1] (0.42ns)   --->   "%ret_ln0 = ret"   --->   Operation 39 'ret' 'ret_ln0' <Predicate = (icmp_ln841)> <Delay = 0.42>

State 2 <SV = 1> <Delay = 1.91>
ST_2 : Operation 28 [1/1] (0.00ns)   --->   "%specpipeline_ln844 = specpipeline void @_ssdm_op_SpecPipeline, i32 1, i32 0, i32 0, i32 0, void @empty_18" [/home/xiaorang/Documents/ATOMFLOW/sorting-organized-main/src/sortLatticeByRow.cpp:844->/home/xiaorang/Documents/ATOMFLOW/sorting-organized-main/src/sortLatticeByRow.cpp:1833]   --->   Operation 28 'specpipeline' 'specpipeline_ln844' <Predicate = true> <Delay = 0.00>
ST_2 : Operation 29 [1/1] (0.00ns)   --->   "%speclooptripcount_ln845 = speclooptripcount void @_ssdm_op_SpecLoopTripCount, i64 1, i64 16, i64 8" [/home/xiaorang/Documents/ATOMFLOW/sorting-organized-main/src/sortLatticeByRow.cpp:845->/home/xiaorang/Documents/ATOMFLOW/sorting-organized-main/src/sortLatticeByRow.cpp:1833]   --->   Operation 29 'speclooptripcount' 'speclooptripcount_ln845' <Predicate = true> <Delay = 0.00>
ST_2 : Operation 30 [1/1] (0.00ns)   --->   "%specloopname_ln841 = specloopname void @_ssdm_op_SpecLoopName, void @empty_55" [/home/xiaorang/Documents/ATOMFLOW/sorting-organized-main/src/sortLatticeByRow.cpp:841->/home/xiaorang/Documents/ATOMFLOW/sorting-organized-main/src/sortLatticeByRow.cpp:1833]   --->   Operation 30 'specloopname' 'specloopname_ln841' <Predicate = true> <Delay = 0.00>
ST_2 : Operation 31 [1/2] ( I:1.23ns O:1.23ns )   --->   "%indexAC_val = load i16 %unusableInfo_usableAtoms_data_addr" [/home/xiaorang/Documents/ATOMFLOW/sorting-organized-main/src/sortLatticeByRow.cpp:847->/home/xiaorang/Documents/ATOMFLOW/sorting-organized-main/src/sortLatticeByRow.cpp:1833]   --->   Operation 31 'load' 'indexAC_val' <Predicate = true> <Delay = 1.23> <CoreInst = "RAM_2P_BRAM">   --->   Core 93 'RAM_2P_BRAM' <Latency = 1> <II = 1> <Delay = 1.23> <Storage> <Opcode : 'load' 'store'> <Ports = 2> <Width = 32> <Depth = 65536> <RAM>
ST_2 : Operation 32 [1/1] (0.00ns)   --->   "%trunc_ln848 = trunc i32 %indexAC_val" [/home/xiaorang/Documents/ATOMFLOW/sorting-organized-main/src/sortLatticeByRow.cpp:848->/home/xiaorang/Documents/ATOMFLOW/sorting-organized-main/src/sortLatticeByRow.cpp:1833]   --->   Operation 32 'trunc' 'trunc_ln848' <Predicate = true> <Delay = 0.00>
ST_2 : Operation 33 [1/1] (0.00ns)   --->   "%zext_ln848 = zext i5 %start_colSelectionCount" [/home/xiaorang/Documents/ATOMFLOW/sorting-organized-main/src/sortLatticeByRow.cpp:848->/home/xiaorang/Documents/ATOMFLOW/sorting-organized-main/src/sortLatticeByRow.cpp:1833]   --->   Operation 33 'zext' 'zext_ln848' <Predicate = true> <Delay = 0.00>
ST_2 : Operation 34 [1/1] (0.00ns)   --->   "%start_colSelection_1_addr = getelementptr i16 %start_colSelection_1, i64 0, i64 %zext_ln848" [/home/xiaorang/Documents/ATOMFLOW/sorting-organized-main/src/sortLatticeByRow.cpp:848->/home/xiaorang/Documents/ATOMFLOW/sorting-organized-main/src/sortLatticeByRow.cpp:1833]   --->   Operation 34 'getelementptr' 'start_colSelection_1_addr' <Predicate = true> <Delay = 0.00>
ST_2 : Operation 35 [1/1] ( I:0.67ns O:0.67ns )   --->   "%store_ln848 = store i16 %trunc_ln848, i4 %start_colSelection_1_addr" [/home/xiaorang/Documents/ATOMFLOW/sorting-organized-main/src/sortLatticeByRow.cpp:848->/home/xiaorang/Documents/ATOMFLOW/sorting-organized-main/src/sortLatticeByRow.cpp:1833]   --->   Operation 35 'store' 'store_ln848' <Predicate = true> <Delay = 0.67> <CoreInst = "RAM">   --->   Core 82 'RAM' <Latency = 1> <II = 1> <Delay = 0.67> <Storage> <Opcode : 'load' 'store'> <Ports = 2> <Width = 16> <Depth = 16> <RAM>
ST_2 : Operation 36 [1/1] (0.00ns)   --->   "%end_colSelection_1_addr = getelementptr i16 %end_colSelection_1, i64 0, i64 %zext_ln848" [/home/xiaorang/Documents/ATOMFLOW/sorting-organized-main/src/sortLatticeByRow.cpp:849->/home/xiaorang/Documents/ATOMFLOW/sorting-organized-main/src/sortLatticeByRow.cpp:1833]   --->   Operation 36 'getelementptr' 'end_colSelection_1_addr' <Predicate = true> <Delay = 0.00>
ST_2 : Operation 37 [1/1] ( I:0.67ns O:0.67ns )   --->   "%store_ln849 = store i16 %trunc_ln848, i4 %end_colSelection_1_addr" [/home/xiaorang/Documents/ATOMFLOW/sorting-organized-main/src/sortLatticeByRow.cpp:849->/home/xiaorang/Documents/ATOMFLOW/sorting-organized-main/src/sortLatticeByRow.cpp:1833]   --->   Operation 37 'store' 'store_ln849' <Predicate = true> <Delay = 0.67> <CoreInst = "RAM">   --->   Core 82 'RAM' <Latency = 1> <II = 1> <Delay = 0.67> <Storage> <Opcode : 'load' 'store'> <Ports = 2> <Width = 16> <Depth = 16> <RAM>
ST_2 : Operation 38 [1/1] (0.00ns)   --->   "%br_ln841 = br void %while.cond496.i" [/home/xiaorang/Documents/ATOMFLOW/sorting-organized-main/src/sortLatticeByRow.cpp:841->/home/xiaorang/Documents/ATOMFLOW/sorting-organized-main/src/sortLatticeByRow.cpp:1833]   --->   Operation 38 'br' 'br_ln841' <Predicate = true> <Delay = 0.00>


============================================================
+ Verbose Summary: Binding
============================================================
STG Binding: 
---------------- STG Properties BEGIN ----------------
- Is combinational: 0
- Is one-state seq: 0
- Is datapath-only: 0
- Is pipelined: 0
- Is top level: 0
Port [ Return ] is wired: 1; IO mode=ap_ctrl_hs:ce=0
Port [ indexAC_idx2]:  wired=1; compound=0; hidden=0; nouse=0; global=0; static=0; extern=0; dir=0; type=0; pingpong=0; private_global=0; IO mode=ap_none:ce=0
Port [ indexAC_idx2_1]:  wired=1; compound=0; hidden=0; nouse=0; global=0; static=0; extern=0; dir=0; type=0; pingpong=0; private_global=0; IO mode=ap_none:ce=0
Port [ zext_ln620_1]:  wired=1; compound=0; hidden=0; nouse=0; global=0; static=0; extern=0; dir=0; type=0; pingpong=0; private_global=0; IO mode=ap_none:ce=0
Port [ unusableInfo_usableAtoms_data]:  wired=1; compound=1; hidden=0; nouse=0; global=0; static=0; extern=0; dir=0; type=1; pingpong=0; private_global=0; MemPort=[13]; IO mode=ap_memory:ce=0
Port [ start_colSelection_1]:  wired=1; compound=1; hidden=0; nouse=0; global=0; static=0; extern=0; dir=1; type=1; pingpong=0; private_global=0; MemPort=[03]; IO mode=ap_memory:ce=0
Port [ end_colSelection_1]:  wired=1; compound=1; hidden=0; nouse=0; global=0; static=0; extern=0; dir=1; type=1; pingpong=0; private_global=0; MemPort=[03]; IO mode=ap_memory:ce=0
---------------- STG Properties END ------------------

---------------- Datapath Model BEGIN ----------------

<LifeTime>
<method=bitvector/>
indexAC_idx2_2                     (alloca           ) [ 010]
end_colSelectionCount              (alloca           ) [ 010]
zext_ln620_1_read                  (read             ) [ 000]
indexAC_idx2_1_read                (read             ) [ 000]
indexAC_idx2_read                  (read             ) [ 000]
indexAC_idx2_cast                  (zext             ) [ 000]
specmemcore_ln0                    (specmemcore      ) [ 000]
store_ln815                        (store            ) [ 000]
store_ln143                        (store            ) [ 000]
br_ln0                             (br               ) [ 000]
indexAC_idx2_4                     (load             ) [ 000]
start_colSelectionCount            (load             ) [ 011]
icmp_ln841                         (icmp             ) [ 010]
start_colSelectionCount_1          (add              ) [ 000]
br_ln841                           (br               ) [ 000]
trunc_ln147                        (trunc            ) [ 000]
add_ln147                          (add              ) [ 000]
zext_ln147                         (zext             ) [ 000]
unusableInfo_usableAtoms_data_addr (getelementptr    ) [ 011]
indexAC_idx2_5                     (add              ) [ 000]
store_ln815                        (store            ) [ 000]
store_ln143                        (store            ) [ 000]
specpipeline_ln844                 (specpipeline     ) [ 000]
speclooptripcount_ln845            (speclooptripcount) [ 000]
specloopname_ln841                 (specloopname     ) [ 000]
indexAC_val                        (load             ) [ 000]
trunc_ln848                        (trunc            ) [ 000]
zext_ln848                         (zext             ) [ 000]
start_colSelection_1_addr          (getelementptr    ) [ 000]
store_ln848                        (store            ) [ 000]
end_colSelection_1_addr            (getelementptr    ) [ 000]
store_ln849                        (store            ) [ 000]
br_ln841                           (br               ) [ 000]
ret_ln0                            (ret              ) [ 000]
</LifeTime>

<model>

<comp_list>
<comp id="0" class="1000" name="indexAC_idx2">
<pin_list>
<pin id="1" dir="1" index="0" bw="1" slack="0"/>
</pin_list>
<bind>
<StgValue><ssdm name="indexAC_idx2"/></StgValue>
</bind>
</comp>

<comp id="2" class="1000" name="indexAC_idx2_1">
<pin_list>
<pin id="3" dir="1" index="0" bw="1" slack="0"/>
</pin_list>
<bind>
<StgValue><ssdm name="indexAC_idx2_1"/></StgValue>
</bind>
</comp>

<comp id="4" class="1000" name="zext_ln620_1">
<pin_list>
<pin id="5" dir="1" index="0" bw="1" slack="0"/>
</pin_list>
<bind>
<StgValue><ssdm name="zext_ln620_1"/></StgValue>
</bind>
</comp>

<comp id="6" class="1000" name="unusableInfo_usableAtoms_data">
<pin_list>
<pin id="7" dir="1" index="0" bw="1" slack="0"/>
</pin_list>
<bind>
<StgValue><ssdm name="unusableInfo_usableAtoms_data"/><MemPortTyVec>1 3 </MemPortTyVec>
</StgValue>
</bind>
</comp>

<comp id="8" class="1000" name="start_colSelection_1">
<pin_list>
<pin id="9" dir="1" index="0" bw="1" slack="0"/>
</pin_list>
<bind>
<StgValue><ssdm name="start_colSelection_1"/><MemPortTyVec>0 3 </MemPortTyVec>
</StgValue>
</bind>
</comp>

<comp id="10" class="1000" name="end_colSelection_1">
<pin_list>
<pin id="11" dir="1" index="0" bw="1" slack="0"/>
</pin_list>
<bind>
<StgValue><ssdm name="end_colSelection_1"/><MemPortTyVec>0 3 </MemPortTyVec>
</StgValue>
</bind>
</comp>

<comp id="12" class="1001" name="const_12">
<pin_list>
<pin id="13" dir="1" index="0" bw="1" slack="0"/>
</pin_list>
<bind>
<StgValue><ssdm name=""/></StgValue>
</bind>
</comp>

<comp id="14" class="1001" name="const_14">
<pin_list>
<pin id="15" dir="1" index="0" bw="1" slack="0"/>
</pin_list>
<bind>
<StgValue><ssdm name="_ssdm_op_Read.ap_auto.i16"/></StgValue>
</bind>
</comp>

<comp id="16" class="1001" name="const_16">
<pin_list>
<pin id="17" dir="1" index="0" bw="1" slack="0"/>
</pin_list>
<bind>
<StgValue><ssdm name="_ssdm_op_Read.ap_auto.i17"/></StgValue>
</bind>
</comp>

<comp id="18" class="1001" name="const_18">
<pin_list>
<pin id="19" dir="1" index="0" bw="1" slack="2147483647"/>
</pin_list>
<bind>
<StgValue><ssdm name="_ssdm_op_SpecMemCore"/></StgValue>
</bind>
</comp>

<comp id="20" class="1001" name="const_20">
<pin_list>
<pin id="21" dir="1" index="0" bw="1" slack="2147483647"/>
</pin_list>
<bind>
<StgValue><ssdm name=""/></StgValue>
</bind>
</comp>

<comp id="22" class="1001" name="const_22">
<pin_list>
<pin id="23" dir="1" index="0" bw="1" slack="2147483647"/>
</pin_list>
<bind>
<StgValue><ssdm name=""/></StgValue>
</bind>
</comp>

<comp id="24" class="1001" name="const_24">
<pin_list>
<pin id="25" dir="1" index="0" bw="1" slack="2147483647"/>
</pin_list>
<bind>
<StgValue><ssdm name=""/></StgValue>
</bind>
</comp>

<comp id="26" class="1001" name="const_26">
<pin_list>
<pin id="27" dir="1" index="0" bw="1" slack="0"/>
</pin_list>
<bind>
<StgValue><ssdm name=""/></StgValue>
</bind>
</comp>

<comp id="28" class="1001" name="const_28">
<pin_list>
<pin id="29" dir="1" index="0" bw="1" slack="0"/>
</pin_list>
<bind>
<StgValue><ssdm name=""/></StgValue>
</bind>
</comp>

<comp id="30" class="1001" name="const_30">
<pin_list>
<pin id="31" dir="1" index="0" bw="1" slack="0"/>
</pin_list>
<bind>
<StgValue><ssdm name=""/></StgValue>
</bind>
</comp>

<comp id="32" class="1001" name="const_32">
<pin_list>
<pin id="33" dir="1" index="0" bw="1" slack="0"/>
</pin_list>
<bind>
<StgValue><ssdm name=""/></StgValue>
</bind>
</comp>

<comp id="34" class="1001" name="const_34">
<pin_list>
<pin id="35" dir="1" index="0" bw="1" slack="2147483647"/>
</pin_list>
<bind>
<StgValue><ssdm name="_ssdm_op_SpecPipeline"/></StgValue>
</bind>
</comp>

<comp id="36" class="1001" name="const_36">
<pin_list>
<pin id="37" dir="1" index="0" bw="1" slack="2147483647"/>
</pin_list>
<bind>
<StgValue><ssdm name=""/></StgValue>
</bind>
</comp>

<comp id="38" class="1001" name="const_38">
<pin_list>
<pin id="39" dir="1" index="0" bw="1" slack="2147483647"/>
</pin_list>
<bind>
<StgValue><ssdm name="empty_18"/></StgValue>
</bind>
</comp>

<comp id="40" class="1001" name="const_40">
<pin_list>
<pin id="41" dir="1" index="0" bw="1" slack="2147483647"/>
</pin_list>
<bind>
<StgValue><ssdm name="_ssdm_op_SpecLoopTripCount"/></StgValue>
</bind>
</comp>

<comp id="42" class="1001" name="const_42">
<pin_list>
<pin id="43" dir="1" index="0" bw="1" slack="2147483647"/>
</pin_list>
<bind>
<StgValue><ssdm name=""/></StgValue>
</bind>
</comp>

<comp id="44" class="1001" name="const_44">
<pin_list>
<pin id="45" dir="1" index="0" bw="1" slack="2147483647"/>
</pin_list>
<bind>
<StgValue><ssdm name=""/></StgValue>
</bind>
</comp>

<comp id="46" class="1001" name="const_46">
<pin_list>
<pin id="47" dir="1" index="0" bw="1" slack="2147483647"/>
</pin_list>
<bind>
<StgValue><ssdm name=""/></StgValue>
</bind>
</comp>

<comp id="48" class="1001" name="const_48">
<pin_list>
<pin id="49" dir="1" index="0" bw="1" slack="2147483647"/>
</pin_list>
<bind>
<StgValue><ssdm name="_ssdm_op_SpecLoopName"/></StgValue>
</bind>
</comp>

<comp id="50" class="1001" name="const_50">
<pin_list>
<pin id="51" dir="1" index="0" bw="1" slack="2147483647"/>
</pin_list>
<bind>
<StgValue><ssdm name="empty_55"/></StgValue>
</bind>
</comp>

<comp id="52" class="1004" name="indexAC_idx2_2_fu_52">
<pin_list>
<pin id="53" dir="0" index="0" bw="1" slack="0"/>
<pin id="54" dir="1" index="1" bw="17" slack="0"/>
</pin_list>
<bind>
<opcode="alloca(26) " fcode="alloca"/>
<opset="indexAC_idx2_2/1 "/>
</bind>
</comp>

<comp id="56" class="1004" name="end_colSelectionCount_fu_56">
<pin_list>
<pin id="57" dir="0" index="0" bw="1" slack="0"/>
<pin id="58" dir="1" index="1" bw="5" slack="0"/>
</pin_list>
<bind>
<opcode="alloca(26) " fcode="alloca"/>
<opset="end_colSelectionCount/1 "/>
</bind>
</comp>

<comp id="60" class="1004" name="zext_ln620_1_read_read_fu_60">
<pin_list>
<pin id="61" dir="0" index="0" bw="16" slack="0"/>
<pin id="62" dir="0" index="1" bw="16" slack="0"/>
<pin id="63" dir="1" index="2" bw="16" slack="0"/>
</pin_list>
<bind>
<opcode="read(1150) " fcode="read"/>
<opset="zext_ln620_1_read/1 "/>
</bind>
</comp>

<comp id="66" class="1004" name="indexAC_idx2_1_read_read_fu_66">
<pin_list>
<pin id="67" dir="0" index="0" bw="17" slack="0"/>
<pin id="68" dir="0" index="1" bw="17" slack="0"/>
<pin id="69" dir="1" index="2" bw="17" slack="0"/>
</pin_list>
<bind>
<opcode="read(1150) " fcode="read"/>
<opset="indexAC_idx2_1_read/1 "/>
</bind>
</comp>

<comp id="72" class="1004" name="indexAC_idx2_read_read_fu_72">
<pin_list>
<pin id="73" dir="0" index="0" bw="16" slack="0"/>
<pin id="74" dir="0" index="1" bw="16" slack="0"/>
<pin id="75" dir="1" index="2" bw="16" slack="0"/>
</pin_list>
<bind>
<opcode="read(1150) " fcode="read"/>
<opset="indexAC_idx2_read/1 "/>
</bind>
</comp>

<comp id="78" class="1004" name="unusableInfo_usableAtoms_data_addr_gep_fu_78">
<pin_list>
<pin id="79" dir="0" index="0" bw="32" slack="0"/>
<pin id="80" dir="0" index="1" bw="1" slack="0"/>
<pin id="81" dir="0" index="2" bw="16" slack="0"/>
<pin id="82" dir="1" index="3" bw="16" slack="0"/>
</pin_list>
<bind>
<opcode="getelementptr(29) " fcode="getelementptr"/>
<opset="unusableInfo_usableAtoms_data_addr/1 "/>
</bind>
</comp>

<comp id="85" class="1004" name="grp_access_fu_85">
<pin_list>
<pin id="86" dir="0" index="0" bw="16" slack="0"/>
<pin id="87" dir="0" index="1" bw="32" slack="2147483647"/>
<pin id="88" dir="0" index="2" bw="0" slack="2147483647"/>
<pin id="89" dir="1" index="3" bw="32" slack="0"/>
</pin_list>
<bind>
<opcode="load(27) " fcode="load"/>
<opset="indexAC_val/1 "/>
</bind>
</comp>

<comp id="91" class="1004" name="start_colSelection_1_addr_gep_fu_91">
<pin_list>
<pin id="92" dir="0" index="0" bw="16" slack="0"/>
<pin id="93" dir="0" index="1" bw="1" slack="0"/>
<pin id="94" dir="0" index="2" bw="5" slack="0"/>
<pin id="95" dir="1" index="3" bw="4" slack="0"/>
</pin_list>
<bind>
<opcode="getelementptr(29) " fcode="getelementptr"/>
<opset="start_colSelection_1_addr/2 "/>
</bind>
</comp>

<comp id="98" class="1004" name="store_ln848_access_fu_98">
<pin_list>
<pin id="99" dir="0" index="0" bw="4" slack="0"/>
<pin id="100" dir="0" index="1" bw="16" slack="0"/>
<pin id="101" dir="0" index="2" bw="0" slack="2147483647"/>
<pin id="102" dir="1" index="3" bw="16" slack="2147483647"/>
</pin_list>
<bind>
<opcode="store(28) " fcode="store"/>
<opset="store_ln848/2 "/>
</bind>
</comp>

<comp id="104" class="1004" name="end_colSelection_1_addr_gep_fu_104">
<pin_list>
<pin id="105" dir="0" index="0" bw="16" slack="0"/>
<pin id="106" dir="0" index="1" bw="1" slack="0"/>
<pin id="107" dir="0" index="2" bw="5" slack="0"/>
<pin id="108" dir="1" index="3" bw="4" slack="0"/>
</pin_list>
<bind>
<opcode="getelementptr(29) " fcode="getelementptr"/>
<opset="end_colSelection_1_addr/2 "/>
</bind>
</comp>

<comp id="111" class="1004" name="store_ln849_access_fu_111">
<pin_list>
<pin id="112" dir="0" index="0" bw="4" slack="0"/>
<pin id="113" dir="0" index="1" bw="16" slack="0"/>
<pin id="114" dir="0" index="2" bw="0" slack="2147483647"/>
<pin id="115" dir="1" index="3" bw="16" slack="2147483647"/>
</pin_list>
<bind>
<opcode="store(28) " fcode="store"/>
<opset="store_ln849/2 "/>
</bind>
</comp>

<comp id="117" class="1004" name="indexAC_idx2_cast_fu_117">
<pin_list>
<pin id="118" dir="0" index="0" bw="16" slack="0"/>
<pin id="119" dir="1" index="1" bw="17" slack="0"/>
</pin_list>
<bind>
<opcode="zext(34) " fcode="zext"/>
<opset="indexAC_idx2_cast/1 "/>
</bind>
</comp>

<comp id="121" class="1004" name="store_ln815_store_fu_121">
<pin_list>
<pin id="122" dir="0" index="0" bw="1" slack="0"/>
<pin id="123" dir="0" index="1" bw="5" slack="0"/>
<pin id="124" dir="1" index="2" bw="0" slack="2147483647"/>
</pin_list>
<bind>
<opcode="store(28) " fcode="store"/>
<opset="store_ln815/1 "/>
</bind>
</comp>

<comp id="126" class="1004" name="store_ln143_store_fu_126">
<pin_list>
<pin id="127" dir="0" index="0" bw="16" slack="0"/>
<pin id="128" dir="0" index="1" bw="17" slack="0"/>
<pin id="129" dir="1" index="2" bw="0" slack="2147483647"/>
</pin_list>
<bind>
<opcode="store(28) " fcode="store"/>
<opset="store_ln143/1 "/>
</bind>
</comp>

<comp id="131" class="1004" name="indexAC_idx2_4_load_fu_131">
<pin_list>
<pin id="132" dir="0" index="0" bw="17" slack="0"/>
<pin id="133" dir="1" index="1" bw="17" slack="0"/>
</pin_list>
<bind>
<opcode="load(27) " fcode="load"/>
<opset="indexAC_idx2_4/1 "/>
</bind>
</comp>

<comp id="134" class="1004" name="start_colSelectionCount_load_fu_134">
<pin_list>
<pin id="135" dir="0" index="0" bw="5" slack="0"/>
<pin id="136" dir="1" index="1" bw="5" slack="0"/>
</pin_list>
<bind>
<opcode="load(27) " fcode="load"/>
<opset="start_colSelectionCount/1 "/>
</bind>
</comp>

<comp id="137" class="1004" name="icmp_ln841_fu_137">
<pin_list>
<pin id="138" dir="0" index="0" bw="17" slack="0"/>
<pin id="139" dir="0" index="1" bw="17" slack="0"/>
<pin id="140" dir="1" index="2" bw="1" slack="2147483647"/>
</pin_list>
<bind>
<opcode="icmp(45) " fcode="icmp"/>
<opset="icmp_ln841/1 "/>
</bind>
</comp>

<comp id="143" class="1004" name="start_colSelectionCount_1_fu_143">
<pin_list>
<pin id="144" dir="0" index="0" bw="5" slack="0"/>
<pin id="145" dir="0" index="1" bw="1" slack="0"/>
<pin id="146" dir="1" index="2" bw="5" slack="0"/>
</pin_list>
<bind>
<opcode="add(8) " fcode="add"/>
<opset="start_colSelectionCount_1/1 "/>
</bind>
</comp>

<comp id="149" class="1004" name="trunc_ln147_fu_149">
<pin_list>
<pin id="150" dir="0" index="0" bw="17" slack="0"/>
<pin id="151" dir="1" index="1" bw="16" slack="0"/>
</pin_list>
<bind>
<opcode="trunc(33) " fcode="trunc"/>
<opset="trunc_ln147/1 "/>
</bind>
</comp>

<comp id="153" class="1004" name="add_ln147_fu_153">
<pin_list>
<pin id="154" dir="0" index="0" bw="16" slack="0"/>
<pin id="155" dir="0" index="1" bw="16" slack="0"/>
<pin id="156" dir="1" index="2" bw="16" slack="0"/>
</pin_list>
<bind>
<opcode="add(8) " fcode="add"/>
<opset="add_ln147/1 "/>
</bind>
</comp>

<comp id="159" class="1004" name="zext_ln147_fu_159">
<pin_list>
<pin id="160" dir="0" index="0" bw="16" slack="0"/>
<pin id="161" dir="1" index="1" bw="64" slack="0"/>
</pin_list>
<bind>
<opcode="zext(34) " fcode="zext"/>
<opset="zext_ln147/1 "/>
</bind>
</comp>

<comp id="164" class="1004" name="indexAC_idx2_5_fu_164">
<pin_list>
<pin id="165" dir="0" index="0" bw="17" slack="0"/>
<pin id="166" dir="0" index="1" bw="1" slack="0"/>
<pin id="167" dir="1" index="2" bw="17" slack="0"/>
</pin_list>
<bind>
<opcode="add(8) " fcode="add"/>
<opset="indexAC_idx2_5/1 "/>
</bind>
</comp>

<comp id="170" class="1004" name="store_ln815_store_fu_170">
<pin_list>
<pin id="171" dir="0" index="0" bw="5" slack="0"/>
<pin id="172" dir="0" index="1" bw="5" slack="0"/>
<pin id="173" dir="1" index="2" bw="0" slack="2147483647"/>
</pin_list>
<bind>
<opcode="store(28) " fcode="store"/>
<opset="store_ln815/1 "/>
</bind>
</comp>

<comp id="175" class="1004" name="store_ln143_store_fu_175">
<pin_list>
<pin id="176" dir="0" index="0" bw="17" slack="0"/>
<pin id="177" dir="0" index="1" bw="17" slack="0"/>
<pin id="178" dir="1" index="2" bw="0" slack="2147483647"/>
</pin_list>
<bind>
<opcode="store(28) " fcode="store"/>
<opset="store_ln143/1 "/>
</bind>
</comp>

<comp id="180" class="1004" name="trunc_ln848_fu_180">
<pin_list>
<pin id="181" dir="0" index="0" bw="32" slack="0"/>
<pin id="182" dir="1" index="1" bw="16" slack="0"/>
</pin_list>
<bind>
<opcode="trunc(33) " fcode="trunc"/>
<opset="trunc_ln848/2 "/>
</bind>
</comp>

<comp id="186" class="1004" name="zext_ln848_fu_186">
<pin_list>
<pin id="187" dir="0" index="0" bw="5" slack="1"/>
<pin id="188" dir="1" index="1" bw="64" slack="0"/>
</pin_list>
<bind>
<opcode="zext(34) " fcode="zext"/>
<opset="zext_ln848/2 "/>
</bind>
</comp>

<comp id="191" class="1005" name="indexAC_idx2_2_reg_191">
<pin_list>
<pin id="192" dir="0" index="0" bw="17" slack="0"/>
<pin id="193" dir="1" index="1" bw="17" slack="0"/>
</pin_list>
<bind>
<opset="indexAC_idx2_2 "/>
</bind>
</comp>

<comp id="198" class="1005" name="end_colSelectionCount_reg_198">
<pin_list>
<pin id="199" dir="0" index="0" bw="5" slack="0"/>
<pin id="200" dir="1" index="1" bw="5" slack="0"/>
</pin_list>
<bind>
<opset="end_colSelectionCount "/>
</bind>
</comp>

<comp id="205" class="1005" name="start_colSelectionCount_reg_205">
<pin_list>
<pin id="206" dir="0" index="0" bw="5" slack="1"/>
<pin id="207" dir="1" index="1" bw="5" slack="1"/>
</pin_list>
<bind>
<opset="start_colSelectionCount "/>
</bind>
</comp>

<comp id="213" class="1005" name="unusableInfo_usableAtoms_data_addr_reg_213">
<pin_list>
<pin id="214" dir="0" index="0" bw="16" slack="1"/>
<pin id="215" dir="1" index="1" bw="16" slack="1"/>
</pin_list>
<bind>
<opset="unusableInfo_usableAtoms_data_addr "/>
</bind>
</comp>

</comp_list>

<net_list>
<net id="55"><net_src comp="12" pin="0"/><net_sink comp="52" pin=0"/></net>

<net id="59"><net_src comp="12" pin="0"/><net_sink comp="56" pin=0"/></net>

<net id="64"><net_src comp="14" pin="0"/><net_sink comp="60" pin=0"/></net>

<net id="65"><net_src comp="4" pin="0"/><net_sink comp="60" pin=1"/></net>

<net id="70"><net_src comp="16" pin="0"/><net_sink comp="66" pin=0"/></net>

<net id="71"><net_src comp="2" pin="0"/><net_sink comp="66" pin=1"/></net>

<net id="76"><net_src comp="14" pin="0"/><net_sink comp="72" pin=0"/></net>

<net id="77"><net_src comp="0" pin="0"/><net_sink comp="72" pin=1"/></net>

<net id="83"><net_src comp="6" pin="0"/><net_sink comp="78" pin=0"/></net>

<net id="84"><net_src comp="30" pin="0"/><net_sink comp="78" pin=1"/></net>

<net id="90"><net_src comp="78" pin="3"/><net_sink comp="85" pin=0"/></net>

<net id="96"><net_src comp="8" pin="0"/><net_sink comp="91" pin=0"/></net>

<net id="97"><net_src comp="30" pin="0"/><net_sink comp="91" pin=1"/></net>

<net id="103"><net_src comp="91" pin="3"/><net_sink comp="98" pin=0"/></net>

<net id="109"><net_src comp="10" pin="0"/><net_sink comp="104" pin=0"/></net>

<net id="110"><net_src comp="30" pin="0"/><net_sink comp="104" pin=1"/></net>

<net id="116"><net_src comp="104" pin="3"/><net_sink comp="111" pin=0"/></net>

<net id="120"><net_src comp="72" pin="2"/><net_sink comp="117" pin=0"/></net>

<net id="125"><net_src comp="26" pin="0"/><net_sink comp="121" pin=0"/></net>

<net id="130"><net_src comp="117" pin="1"/><net_sink comp="126" pin=0"/></net>

<net id="141"><net_src comp="131" pin="1"/><net_sink comp="137" pin=0"/></net>

<net id="142"><net_src comp="66" pin="2"/><net_sink comp="137" pin=1"/></net>

<net id="147"><net_src comp="134" pin="1"/><net_sink comp="143" pin=0"/></net>

<net id="148"><net_src comp="28" pin="0"/><net_sink comp="143" pin=1"/></net>

<net id="152"><net_src comp="131" pin="1"/><net_sink comp="149" pin=0"/></net>

<net id="157"><net_src comp="60" pin="2"/><net_sink comp="153" pin=0"/></net>

<net id="158"><net_src comp="149" pin="1"/><net_sink comp="153" pin=1"/></net>

<net id="162"><net_src comp="153" pin="2"/><net_sink comp="159" pin=0"/></net>

<net id="163"><net_src comp="159" pin="1"/><net_sink comp="78" pin=2"/></net>

<net id="168"><net_src comp="131" pin="1"/><net_sink comp="164" pin=0"/></net>

<net id="169"><net_src comp="32" pin="0"/><net_sink comp="164" pin=1"/></net>

<net id="174"><net_src comp="143" pin="2"/><net_sink comp="170" pin=0"/></net>

<net id="179"><net_src comp="164" pin="2"/><net_sink comp="175" pin=0"/></net>

<net id="183"><net_src comp="85" pin="3"/><net_sink comp="180" pin=0"/></net>

<net id="184"><net_src comp="180" pin="1"/><net_sink comp="98" pin=1"/></net>

<net id="185"><net_src comp="180" pin="1"/><net_sink comp="111" pin=1"/></net>

<net id="189"><net_src comp="186" pin="1"/><net_sink comp="91" pin=2"/></net>

<net id="190"><net_src comp="186" pin="1"/><net_sink comp="104" pin=2"/></net>

<net id="194"><net_src comp="52" pin="1"/><net_sink comp="191" pin=0"/></net>

<net id="195"><net_src comp="191" pin="1"/><net_sink comp="126" pin=1"/></net>

<net id="196"><net_src comp="191" pin="1"/><net_sink comp="131" pin=0"/></net>

<net id="197"><net_src comp="191" pin="1"/><net_sink comp="175" pin=1"/></net>

<net id="201"><net_src comp="56" pin="1"/><net_sink comp="198" pin=0"/></net>

<net id="202"><net_src comp="198" pin="1"/><net_sink comp="121" pin=1"/></net>

<net id="203"><net_src comp="198" pin="1"/><net_sink comp="134" pin=0"/></net>

<net id="204"><net_src comp="198" pin="1"/><net_sink comp="170" pin=1"/></net>

<net id="208"><net_src comp="134" pin="1"/><net_sink comp="205" pin=0"/></net>

<net id="209"><net_src comp="205" pin="1"/><net_sink comp="186" pin=0"/></net>

<net id="216"><net_src comp="78" pin="3"/><net_sink comp="213" pin=0"/></net>

<net id="217"><net_src comp="213" pin="1"/><net_sink comp="85" pin=0"/></net>

</net_list>

</model> 
---------------- Datapath Model END ------------------

* FSMD analyzer results:
  - Output states:
	Port: unusableInfo_usableAtoms_data | {}
	Port: start_colSelection_1 | {2 }
	Port: end_colSelection_1 | {2 }
 - Input state : 
	Port: sortRemainingRowsOrCols<HLSMoveStream>_Pipeline_VITIS_LOOP_841_18 : indexAC_idx2 | {1 }
	Port: sortRemainingRowsOrCols<HLSMoveStream>_Pipeline_VITIS_LOOP_841_18 : indexAC_idx2_1 | {1 }
	Port: sortRemainingRowsOrCols<HLSMoveStream>_Pipeline_VITIS_LOOP_841_18 : zext_ln620_1 | {1 }
	Port: sortRemainingRowsOrCols<HLSMoveStream>_Pipeline_VITIS_LOOP_841_18 : unusableInfo_usableAtoms_data | {1 2 }
  - Chain level:
	State 1
		store_ln815 : 1
		store_ln143 : 1
		indexAC_idx2_4 : 1
		start_colSelectionCount : 1
		icmp_ln841 : 2
		start_colSelectionCount_1 : 2
		br_ln841 : 3
		trunc_ln147 : 2
		add_ln147 : 3
		zext_ln147 : 4
		unusableInfo_usableAtoms_data_addr : 5
		indexAC_val : 6
		indexAC_idx2_5 : 2
		store_ln815 : 3
		store_ln143 : 3
	State 2
		trunc_ln848 : 1
		start_colSelection_1_addr : 1
		store_ln848 : 2
		end_colSelection_1_addr : 1
		store_ln849 : 2


============================================================
+ Verbose Summary: Datapath Resource usage 
============================================================

* Functional unit list:
|----------|----------------------------------|---------|---------|
| Operation|          Functional Unit         |    FF   |   LUT   |
|----------|----------------------------------|---------|---------|
|          | start_colSelectionCount_1_fu_143 |    0    |    12   |
|    add   |         add_ln147_fu_153         |    0    |    23   |
|          |       indexAC_idx2_5_fu_164      |    0    |    24   |
|----------|----------------------------------|---------|---------|
|   icmp   |         icmp_ln841_fu_137        |    0    |    24   |
|----------|----------------------------------|---------|---------|
|          |   zext_ln620_1_read_read_fu_60   |    0    |    0    |
|   read   |  indexAC_idx2_1_read_read_fu_66  |    0    |    0    |
|          |   indexAC_idx2_read_read_fu_72   |    0    |    0    |
|----------|----------------------------------|---------|---------|
|          |     indexAC_idx2_cast_fu_117     |    0    |    0    |
|   zext   |         zext_ln147_fu_159        |    0    |    0    |
|          |         zext_ln848_fu_186        |    0    |    0    |
|----------|----------------------------------|---------|---------|
|   trunc  |        trunc_ln147_fu_149        |    0    |    0    |
|          |        trunc_ln848_fu_180        |    0    |    0    |
|----------|----------------------------------|---------|---------|
|   Total  |                                  |    0    |    83   |
|----------|----------------------------------|---------|---------|

Memories:
N/A

* Register list:
+------------------------------------------+--------+
|                                          |   FF   |
+------------------------------------------+--------+
|       end_colSelectionCount_reg_198      |    5   |
|          indexAC_idx2_2_reg_191          |   17   |
|      start_colSelectionCount_reg_205     |    5   |
|unusableInfo_usableAtoms_data_addr_reg_213|   16   |
+------------------------------------------+--------+
|                   Total                  |   43   |
+------------------------------------------+--------+

* Multiplexer (MUX) list: 
|------------------|------|------|------|--------||---------||---------||---------|
|       Comp       |  Pin | Size |  BW  | S x BW ||  Delay  ||    FF   ||   LUT   |
|------------------|------|------|------|--------||---------||---------||---------|
| grp_access_fu_85 |  p0  |   2  |  16  |   32   ||    0    ||    9    |
|------------------|------|------|------|--------||---------||---------||---------|
|       Total      |      |      |      |   32   ||  0.427  ||    0    ||    9    |
|------------------|------|------|------|--------||---------||---------||---------|



* Summary:
+-----------+--------+--------+--------+
|           |  Delay |   FF   |   LUT  |
+-----------+--------+--------+--------+
|  Function |    -   |    0   |   83   |
|   Memory  |    -   |    -   |    -   |
|Multiplexer|    0   |    0   |    9   |
|  Register |    -   |   43   |    -   |
+-----------+--------+--------+--------+
|   Total   |    0   |   43   |   92   |
+-----------+--------+--------+--------+
