

================================================================
== Vitis HLS Report for 'sortRemainingRowsOrCols_HLSMoveStream_Pipeline_VITIS_LOOP_533_2'
================================================================
* Date:           Sat Mar 28 14:02:44 2026

* Version:        2024.2 (Build 5238294 on Nov  8 2024)
* Project:        atomflow_controller_2024_2
* Solution:       hls (Vivado IP Flow Target)
* Product family: zynquplusRFSOC
* Target device:  xczu49dr-ffvf1760-2-e


================================================================
== Performance Estimates
================================================================
+ Timing: 
    * Summary: 
    +--------+----------+----------+------------+
    |  Clock |  Target  | Estimated| Uncertainty|
    +--------+----------+----------+------------+
    |ap_clk  |  10.00 ns|  2.322 ns|     2.70 ns|
    +--------+----------+----------+------------+

+ Latency: 
    * Summary: 
    +---------+---------+-----------+----------+-----+-----+------------------------------------------------+
    |  Latency (cycles) |  Latency (absolute)  |  Interval |                    Pipeline                    |
    |   min   |   max   |    min    |    max   | min | max |                      Type                      |
    +---------+---------+-----------+----------+-----+-----+------------------------------------------------+
    |        3|      258|  30.000 ns|  2.580 us|    2|  257|  loop auto-rewind stp (delay=0 clock cycles(s))|
    +---------+---------+-----------+----------+-----+-----+------------------------------------------------+

    + Detail: 
        * Instance: 
        N/A

        * Loop: 
        +--------------------+---------+---------+----------+-----------+-----------+---------+----------+
        |                    |  Latency (cycles) | Iteration|  Initiation Interval  |   Trip  |          |
        |      Loop Name     |   min   |   max   |  Latency |  achieved |   target  |  Count  | Pipelined|
        +--------------------+---------+---------+----------+-----------+-----------+---------+----------+
        |- VITIS_LOOP_533_2  |        1|      256|         1|          1|          1|  1 ~ 256|       yes|
        +--------------------+---------+---------+----------+-----------+-----------+---------+----------+



================================================================
== Utilization Estimates
================================================================
* Summary: 
+-----------------+---------+------+--------+--------+-----+
|       Name      | BRAM_18K|  DSP |   FF   |   LUT  | URAM|
+-----------------+---------+------+--------+--------+-----+
|DSP              |        -|     -|       -|       -|    -|
|Expression       |        -|     -|       0|     184|    -|
|FIFO             |        -|     -|       -|       -|    -|
|Instance         |        -|     -|       -|       -|    -|
|Memory           |        -|     -|       -|       -|    -|
|Multiplexer      |        -|     -|       0|      36|    -|
|Register         |        -|     -|     115|       -|    -|
+-----------------+---------+------+--------+--------+-----+
|Total            |        0|     0|     115|     220|    0|
+-----------------+---------+------+--------+--------+-----+
|Available        |     2160|  4272|  850560|  425280|   80|
+-----------------+---------+------+--------+--------+-----+
|Utilization (%)  |        0|     0|      ~0|      ~0|    0|
+-----------------+---------+------+--------+--------+-----+

+ Detail: 
    * Instance: 
    N/A

    * DSP: 
    N/A

    * Memory: 
    N/A

    * FIFO: 
    N/A

    * Expression: 
    +--------------------------------------------------+----------+----+---+----+------------+------------+
    |                   Variable Name                  | Operation| DSP| FF| LUT| Bitwidth P0| Bitwidth P1|
    +--------------------------------------------------+----------+----+---+----+------------+------------+
    |i_fu_159_p2                                       |         +|   0|  0|  71|          64|           2|
    |parkingSpotsPerSuitableIndexXC_count_2_fu_143_p2  |         +|   0|  0|  23|          16|           1|
    |ap_condition_178                                  |       and|   0|  0|   2|           1|           1|
    |icmp_ln295_fu_137_p2                              |      icmp|   0|  0|  15|           8|           1|
    |icmp_ln533_fu_122_p2                              |      icmp|   0|  0|  71|          64|          64|
    |ap_enable_pp0                                     |       xor|   0|  0|   2|           1|           2|
    +--------------------------------------------------+----------+----+---+----+------------+------------+
    |Total                                             |          |   0|  0| 184|         154|          71|
    +--------------------------------------------------+----------+----+---+----+------------+------------+

    * Multiplexer: 
    +--------------------------------------------+----+-----------+-----+-----------+
    |                    Name                    | LUT| Input Size| Bits| Total Bits|
    +--------------------------------------------+----+-----------+-----+-----------+
    |ap_done_int                                 |   9|          2|    1|          2|
    |ap_enable_reg_pp0_iter1                     |   9|          2|    1|          2|
    |i_4_fu_50                                   |   9|          2|   64|        128|
    |parkingSpotsPerSuitableIndexXC_count_fu_54  |   9|          2|   16|         32|
    +--------------------------------------------+----+-----------+-----+-----------+
    |Total                                       |  36|          8|   82|        164|
    +--------------------------------------------+----+-----------+-----+-----------+

    * Register: 
    +--------------------------------------------+----+----+-----+-----------+
    |                    Name                    | FF | LUT| Bits| Const Bits|
    +--------------------------------------------+----+----+-----+-----------+
    |ap_CS_fsm                                   |   1|   0|    1|          0|
    |ap_done_reg                                 |   1|   0|    1|          0|
    |ap_enable_reg_pp0_iter1                     |   1|   0|    1|          0|
    |compZoneColEnd_cast46_cast_reg_184          |  32|   0|   64|         32|
    |i_4_fu_50                                   |  64|   0|   64|          0|
    |parkingSpotsPerSuitableIndexXC_count_fu_54  |  16|   0|   16|          0|
    +--------------------------------------------+----+----+-----+-----------+
    |Total                                       | 115|   0|  147|         32|
    +--------------------------------------------+----+----+-----+-----------+



================================================================
== Interface
================================================================
* Summary: 
+---------------------------------------------------+-----+-----+------------+------------------------------------------------------------------+--------------+
|                     RTL Ports                     | Dir | Bits|  Protocol  |                           Source Object                          |    C Type    |
+---------------------------------------------------+-----+-----+------------+------------------------------------------------------------------+--------------+
|ap_clk                                             |   in|    1|  ap_ctrl_hs|  sortRemainingRowsOrCols<HLSMoveStream>_Pipeline_VITIS_LOOP_533_2|  return value|
|ap_rst                                             |   in|    1|  ap_ctrl_hs|  sortRemainingRowsOrCols<HLSMoveStream>_Pipeline_VITIS_LOOP_533_2|  return value|
|ap_start                                           |   in|    1|  ap_ctrl_hs|  sortRemainingRowsOrCols<HLSMoveStream>_Pipeline_VITIS_LOOP_533_2|  return value|
|ap_done                                            |  out|    1|  ap_ctrl_hs|  sortRemainingRowsOrCols<HLSMoveStream>_Pipeline_VITIS_LOOP_533_2|  return value|
|ap_idle                                            |  out|    1|  ap_ctrl_hs|  sortRemainingRowsOrCols<HLSMoveStream>_Pipeline_VITIS_LOOP_533_2|  return value|
|ap_ready                                           |  out|    1|  ap_ctrl_hs|  sortRemainingRowsOrCols<HLSMoveStream>_Pipeline_VITIS_LOOP_533_2|  return value|
|parkingSpotsPerSuitableIndexXC_count_reload        |   in|   16|     ap_none|                       parkingSpotsPerSuitableIndexXC_count_reload|        scalar|
|zext_ln533                                         |   in|   32|     ap_none|                                                        zext_ln533|        scalar|
|compZoneColEnd_cast46                              |   in|   32|     ap_none|                                             compZoneColEnd_cast46|        scalar|
|parkingSpotsPerSuitableIndexXC_data_address0       |  out|    8|   ap_memory|                               parkingSpotsPerSuitableIndexXC_data|         array|
|parkingSpotsPerSuitableIndexXC_data_ce0            |  out|    1|   ap_memory|                               parkingSpotsPerSuitableIndexXC_data|         array|
|parkingSpotsPerSuitableIndexXC_data_we0            |  out|    1|   ap_memory|                               parkingSpotsPerSuitableIndexXC_data|         array|
|parkingSpotsPerSuitableIndexXC_data_d0             |  out|   64|   ap_memory|                               parkingSpotsPerSuitableIndexXC_data|         array|
|parkingSpotsPerSuitableIndexXC_count_6_out         |  out|   16|      ap_vld|                        parkingSpotsPerSuitableIndexXC_count_6_out|       pointer|
|parkingSpotsPerSuitableIndexXC_count_6_out_ap_vld  |  out|    1|      ap_vld|                        parkingSpotsPerSuitableIndexXC_count_6_out|       pointer|
+---------------------------------------------------+-----+-----+------------+------------------------------------------------------------------+--------------+

============================================================
+ Verbose Summary: Synthesis Manager
============================================================
InlineROM: 1
ExposeGlobal: 0
============================================================
+ Verbose Summary: CDFG Model
============================================================
IsTopModel: 0
ResetActiveHigh: 1
IsCombinational: 2
IsDatapathOnly: 2
HasWiredReturn: 1
HasMFsm: 2
HasVarLatency: 1
IsPipeline: 0
IsRtlPipelined: 0
IsInstanceOverlapped: 0
IsDontTouch: 0
HasImplIP: 0
IsGatedGlobalClock: 0

+ Individual pipeline summary: 
  * Pipeline-0: initiation interval (II) = 1, depth = 2


============================================================
+ Verbose Summary: Schedule
============================================================
* Number of FSM states : 2
* Pipeline : 1
  Pipeline-0 : II = 1, D = 2, States = { 1 2 }
* Dataflow Pipeline: 0

* FSM state transitions: 
1 --> 2 
2 --> 

* FSM state operations: 

State 1 <SV = 0> <Delay = 0.42>
ST_1 : Operation 4 [1/1] (0.00ns)   --->   "%i_4 = alloca i32 1" [/home/xiaorang/Documents/ATOMFLOW/sorting-organized-main/src/sortLatticeByRow.cpp:291->/home/xiaorang/Documents/ATOMFLOW/sorting-organized-main/src/sortLatticeByRow.cpp:539->/home/xiaorang/Documents/ATOMFLOW/sorting-organized-main/src/sortLatticeByRow.cpp:1833]   --->   Operation 4 'alloca' 'i_4' <Predicate = true> <Delay = 0.00>
ST_1 : Operation 5 [1/1] (0.00ns)   --->   "%parkingSpotsPerSuitableIndexXC_count = alloca i32 1" [/home/xiaorang/Documents/ATOMFLOW/sorting-organized-main/src/sortLatticeByRow.cpp:523->/home/xiaorang/Documents/ATOMFLOW/sorting-organized-main/src/sortLatticeByRow.cpp:1833]   --->   Operation 5 'alloca' 'parkingSpotsPerSuitableIndexXC_count' <Predicate = true> <Delay = 0.00>
ST_1 : Operation 6 [1/1] (0.00ns)   --->   "%compZoneColEnd_cast46_read = read i32 @_ssdm_op_Read.ap_auto.i32, i32 %compZoneColEnd_cast46"   --->   Operation 6 'read' 'compZoneColEnd_cast46_read' <Predicate = true> <Delay = 0.00>
ST_1 : Operation 7 [1/1] (0.00ns)   --->   "%zext_ln533_read = read i32 @_ssdm_op_Read.ap_auto.i32, i32 %zext_ln533"   --->   Operation 7 'read' 'zext_ln533_read' <Predicate = true> <Delay = 0.00>
ST_1 : Operation 8 [1/1] (0.00ns)   --->   "%parkingSpotsPerSuitableIndexXC_count_reload_read = read i16 @_ssdm_op_Read.ap_auto.i16, i16 %parkingSpotsPerSuitableIndexXC_count_reload"   --->   Operation 8 'read' 'parkingSpotsPerSuitableIndexXC_count_reload_read' <Predicate = true> <Delay = 0.00>
ST_1 : Operation 9 [1/1] (0.00ns)   --->   "%compZoneColEnd_cast46_cast = zext i32 %compZoneColEnd_cast46_read"   --->   Operation 9 'zext' 'compZoneColEnd_cast46_cast' <Predicate = true> <Delay = 0.00>
ST_1 : Operation 10 [1/1] (0.00ns)   --->   "%zext_ln533_cast = zext i32 %zext_ln533_read"   --->   Operation 10 'zext' 'zext_ln533_cast' <Predicate = true> <Delay = 0.00>
ST_1 : Operation 11 [1/1] (0.42ns)   --->   "%store_ln523 = store i16 %parkingSpotsPerSuitableIndexXC_count_reload_read, i16 %parkingSpotsPerSuitableIndexXC_count" [/home/xiaorang/Documents/ATOMFLOW/sorting-organized-main/src/sortLatticeByRow.cpp:523->/home/xiaorang/Documents/ATOMFLOW/sorting-organized-main/src/sortLatticeByRow.cpp:1833]   --->   Operation 11 'store' 'store_ln523' <Predicate = true> <Delay = 0.42>
ST_1 : Operation 12 [1/1] (0.42ns)   --->   "%store_ln291 = store i64 %zext_ln533_cast, i64 %i_4" [/home/xiaorang/Documents/ATOMFLOW/sorting-organized-main/src/sortLatticeByRow.cpp:291->/home/xiaorang/Documents/ATOMFLOW/sorting-organized-main/src/sortLatticeByRow.cpp:539->/home/xiaorang/Documents/ATOMFLOW/sorting-organized-main/src/sortLatticeByRow.cpp:1833]   --->   Operation 12 'store' 'store_ln291' <Predicate = true> <Delay = 0.42>
ST_1 : Operation 13 [1/1] (0.00ns)   --->   "%br_ln0 = br void %for.cond6.i"   --->   Operation 13 'br' 'br_ln0' <Predicate = true> <Delay = 0.00>

State 2 <SV = 1> <Delay = 2.32>
ST_2 : Operation 14 [1/1] (0.00ns)   --->   "%i_8 = load i64 %i_4" [/home/xiaorang/Documents/ATOMFLOW/sorting-organized-main/src/sortLatticeByRow.cpp:533->/home/xiaorang/Documents/ATOMFLOW/sorting-organized-main/src/sortLatticeByRow.cpp:1833]   --->   Operation 14 'load' 'i_8' <Predicate = true> <Delay = 0.00>
ST_2 : Operation 15 [1/1] (0.00ns)   --->   "%parkingSpotsPerSuitableIndexXC_count_1 = load i16 %parkingSpotsPerSuitableIndexXC_count" [/home/xiaorang/Documents/ATOMFLOW/sorting-organized-main/src/sortLatticeByRow.cpp:295->/home/xiaorang/Documents/ATOMFLOW/sorting-organized-main/src/sortLatticeByRow.cpp:539->/home/xiaorang/Documents/ATOMFLOW/sorting-organized-main/src/sortLatticeByRow.cpp:1833]   --->   Operation 15 'load' 'parkingSpotsPerSuitableIndexXC_count_1' <Predicate = true> <Delay = 0.00>
ST_2 : Operation 16 [1/1] (1.08ns)   --->   "%icmp_ln533 = icmp_ult  i64 %i_8, i64 %compZoneColEnd_cast46_cast" [/home/xiaorang/Documents/ATOMFLOW/sorting-organized-main/src/sortLatticeByRow.cpp:533->/home/xiaorang/Documents/ATOMFLOW/sorting-organized-main/src/sortLatticeByRow.cpp:1833]   --->   Operation 16 'icmp' 'icmp_ln533' <Predicate = true> <Delay = 1.08> <CoreInst = "Cmp">   --->   Core 9 'Cmp' <Latency = 0> <II = 1> <Delay = 1.08> <FuncUnit> <Opcode : 'seteq' 'setne' 'setle' 'setge' 'setlt' 'setgt'> <InPorts = 2> <OutPorts = 1>
ST_2 : Operation 17 [1/1] (0.00ns)   --->   "%br_ln533 = br i1 %icmp_ln533, void %for.body12.i, void %for.inc26.i.preheader.exitStub" [/home/xiaorang/Documents/ATOMFLOW/sorting-organized-main/src/sortLatticeByRow.cpp:533->/home/xiaorang/Documents/ATOMFLOW/sorting-organized-main/src/sortLatticeByRow.cpp:1833]   --->   Operation 17 'br' 'br_ln533' <Predicate = true> <Delay = 0.00>
ST_2 : Operation 18 [1/1] (0.00ns)   --->   "%specpipeline_ln536 = specpipeline void @_ssdm_op_SpecPipeline, i32 1, i32 0, i32 0, i32 0, void @empty_18" [/home/xiaorang/Documents/ATOMFLOW/sorting-organized-main/src/sortLatticeByRow.cpp:536->/home/xiaorang/Documents/ATOMFLOW/sorting-organized-main/src/sortLatticeByRow.cpp:1833]   --->   Operation 18 'specpipeline' 'specpipeline_ln536' <Predicate = (!icmp_ln533)> <Delay = 0.00>
ST_2 : Operation 19 [1/1] (0.00ns)   --->   "%speclooptripcount_ln537 = speclooptripcount void @_ssdm_op_SpecLoopTripCount, i64 1, i64 256, i64 128" [/home/xiaorang/Documents/ATOMFLOW/sorting-organized-main/src/sortLatticeByRow.cpp:537->/home/xiaorang/Documents/ATOMFLOW/sorting-organized-main/src/sortLatticeByRow.cpp:1833]   --->   Operation 19 'speclooptripcount' 'speclooptripcount_ln537' <Predicate = (!icmp_ln533)> <Delay = 0.00>
ST_2 : Operation 20 [1/1] (0.00ns)   --->   "%specloopname_ln533 = specloopname void @_ssdm_op_SpecLoopName, void @empty_78" [/home/xiaorang/Documents/ATOMFLOW/sorting-organized-main/src/sortLatticeByRow.cpp:533->/home/xiaorang/Documents/ATOMFLOW/sorting-organized-main/src/sortLatticeByRow.cpp:1833]   --->   Operation 20 'specloopname' 'specloopname_ln533' <Predicate = (!icmp_ln533)> <Delay = 0.00>
ST_2 : Operation 21 [1/1] (0.00ns)   --->   "%tmp = partselect i8 @_ssdm_op_PartSelect.i8.i16.i32.i32, i16 %parkingSpotsPerSuitableIndexXC_count_1, i32 8, i32 15" [/home/xiaorang/Documents/ATOMFLOW/sorting-organized-main/src/sortLatticeByRow.cpp:295->/home/xiaorang/Documents/ATOMFLOW/sorting-organized-main/src/sortLatticeByRow.cpp:539->/home/xiaorang/Documents/ATOMFLOW/sorting-organized-main/src/sortLatticeByRow.cpp:1833]   --->   Operation 21 'partselect' 'tmp' <Predicate = (!icmp_ln533)> <Delay = 0.00>
ST_2 : Operation 22 [1/1] (0.76ns)   --->   "%icmp_ln295 = icmp_eq  i8 %tmp, i8 0" [/home/xiaorang/Documents/ATOMFLOW/sorting-organized-main/src/sortLatticeByRow.cpp:295->/home/xiaorang/Documents/ATOMFLOW/sorting-organized-main/src/sortLatticeByRow.cpp:539->/home/xiaorang/Documents/ATOMFLOW/sorting-organized-main/src/sortLatticeByRow.cpp:1833]   --->   Operation 22 'icmp' 'icmp_ln295' <Predicate = (!icmp_ln533)> <Delay = 0.76> <CoreInst = "Cmp">   --->   Core 9 'Cmp' <Latency = 0> <II = 1> <Delay = 0.76> <FuncUnit> <Opcode : 'seteq' 'setne' 'setle' 'setge' 'setlt' 'setgt'> <InPorts = 2> <OutPorts = 1>
ST_2 : Operation 23 [1/1] (0.00ns)   --->   "%br_ln295 = br i1 %icmp_ln295, void %for.inc13.i, void %if.then.i185.i" [/home/xiaorang/Documents/ATOMFLOW/sorting-organized-main/src/sortLatticeByRow.cpp:295->/home/xiaorang/Documents/ATOMFLOW/sorting-organized-main/src/sortLatticeByRow.cpp:539->/home/xiaorang/Documents/ATOMFLOW/sorting-organized-main/src/sortLatticeByRow.cpp:1833]   --->   Operation 23 'br' 'br_ln295' <Predicate = (!icmp_ln533)> <Delay = 0.00>
ST_2 : Operation 24 [1/1] (0.85ns)   --->   "%parkingSpotsPerSuitableIndexXC_count_2 = add i16 %parkingSpotsPerSuitableIndexXC_count_1, i16 1" [/home/xiaorang/Documents/ATOMFLOW/sorting-organized-main/src/sortLatticeByRow.cpp:295->/home/xiaorang/Documents/ATOMFLOW/sorting-organized-main/src/sortLatticeByRow.cpp:539->/home/xiaorang/Documents/ATOMFLOW/sorting-organized-main/src/sortLatticeByRow.cpp:1833]   --->   Operation 24 'add' 'parkingSpotsPerSuitableIndexXC_count_2' <Predicate = (!icmp_ln533 & icmp_ln295)> <Delay = 0.85> <CoreInst = "Adder">   --->   Core 1 'Adder' <Latency = 0> <II = 1> <Delay = 0.85> <FuncUnit> <Opcode : 'add' 'sub'> <InPorts = 2> <OutPorts = 1>
ST_2 : Operation 25 [1/1] (0.00ns)   --->   "%zext_ln295 = zext i16 %parkingSpotsPerSuitableIndexXC_count_1" [/home/xiaorang/Documents/ATOMFLOW/sorting-organized-main/src/sortLatticeByRow.cpp:295->/home/xiaorang/Documents/ATOMFLOW/sorting-organized-main/src/sortLatticeByRow.cpp:539->/home/xiaorang/Documents/ATOMFLOW/sorting-organized-main/src/sortLatticeByRow.cpp:1833]   --->   Operation 25 'zext' 'zext_ln295' <Predicate = (!icmp_ln533 & icmp_ln295)> <Delay = 0.00>
ST_2 : Operation 26 [1/1] (0.00ns)   --->   "%parkingSpotsPerSuitableIndexXC_data_addr = getelementptr i64 %parkingSpotsPerSuitableIndexXC_data, i64 0, i64 %zext_ln295" [/home/xiaorang/Documents/ATOMFLOW/sorting-organized-main/src/sortLatticeByRow.cpp:295->/home/xiaorang/Documents/ATOMFLOW/sorting-organized-main/src/sortLatticeByRow.cpp:539->/home/xiaorang/Documents/ATOMFLOW/sorting-organized-main/src/sortLatticeByRow.cpp:1833]   --->   Operation 26 'getelementptr' 'parkingSpotsPerSuitableIndexXC_data_addr' <Predicate = (!icmp_ln533 & icmp_ln295)> <Delay = 0.00>
ST_2 : Operation 27 [1/1] ( I:1.23ns O:1.23ns )   --->   "%store_ln295 = store i64 %i_8, i8 %parkingSpotsPerSuitableIndexXC_data_addr" [/home/xiaorang/Documents/ATOMFLOW/sorting-organized-main/src/sortLatticeByRow.cpp:295->/home/xiaorang/Documents/ATOMFLOW/sorting-organized-main/src/sortLatticeByRow.cpp:539->/home/xiaorang/Documents/ATOMFLOW/sorting-organized-main/src/sortLatticeByRow.cpp:1833]   --->   Operation 27 'store' 'store_ln295' <Predicate = (!icmp_ln533 & icmp_ln295)> <Delay = 1.23> <CoreInst = "RAM">   --->   Core 82 'RAM' <Latency = 1> <II = 1> <Delay = 1.23> <Storage> <Opcode : 'load' 'store'> <Ports = 2> <Width = 64> <Depth = 256> <RAM>
ST_2 : Operation 28 [1/1] (0.42ns)   --->   "%store_ln523 = store i16 %parkingSpotsPerSuitableIndexXC_count_2, i16 %parkingSpotsPerSuitableIndexXC_count" [/home/xiaorang/Documents/ATOMFLOW/sorting-organized-main/src/sortLatticeByRow.cpp:523->/home/xiaorang/Documents/ATOMFLOW/sorting-organized-main/src/sortLatticeByRow.cpp:1833]   --->   Operation 28 'store' 'store_ln523' <Predicate = (!icmp_ln533 & icmp_ln295)> <Delay = 0.42>
ST_2 : Operation 29 [1/1] (0.00ns)   --->   "%br_ln295 = br void %for.inc13.i" [/home/xiaorang/Documents/ATOMFLOW/sorting-organized-main/src/sortLatticeByRow.cpp:295->/home/xiaorang/Documents/ATOMFLOW/sorting-organized-main/src/sortLatticeByRow.cpp:539->/home/xiaorang/Documents/ATOMFLOW/sorting-organized-main/src/sortLatticeByRow.cpp:1833]   --->   Operation 29 'br' 'br_ln295' <Predicate = (!icmp_ln533 & icmp_ln295)> <Delay = 0.00>
ST_2 : Operation 30 [1/1] (1.08ns)   --->   "%i = add i64 %i_8, i64 18446744073709551615" [/home/xiaorang/Documents/ATOMFLOW/sorting-organized-main/src/sortLatticeByRow.cpp:533->/home/xiaorang/Documents/ATOMFLOW/sorting-organized-main/src/sortLatticeByRow.cpp:1833]   --->   Operation 30 'add' 'i' <Predicate = (!icmp_ln533)> <Delay = 1.08> <CoreInst = "Adder">   --->   Core 1 'Adder' <Latency = 0> <II = 1> <Delay = 1.08> <FuncUnit> <Opcode : 'add' 'sub'> <InPorts = 2> <OutPorts = 1>
ST_2 : Operation 31 [1/1] (0.42ns)   --->   "%store_ln291 = store i64 %i, i64 %i_4" [/home/xiaorang/Documents/ATOMFLOW/sorting-organized-main/src/sortLatticeByRow.cpp:291->/home/xiaorang/Documents/ATOMFLOW/sorting-organized-main/src/sortLatticeByRow.cpp:539->/home/xiaorang/Documents/ATOMFLOW/sorting-organized-main/src/sortLatticeByRow.cpp:1833]   --->   Operation 31 'store' 'store_ln291' <Predicate = (!icmp_ln533)> <Delay = 0.42>
ST_2 : Operation 32 [1/1] (0.00ns)   --->   "%br_ln533 = br void %for.cond6.i" [/home/xiaorang/Documents/ATOMFLOW/sorting-organized-main/src/sortLatticeByRow.cpp:533->/home/xiaorang/Documents/ATOMFLOW/sorting-organized-main/src/sortLatticeByRow.cpp:1833]   --->   Operation 32 'br' 'br_ln533' <Predicate = (!icmp_ln533)> <Delay = 0.00>
ST_2 : Operation 33 [1/1] (0.00ns)   --->   "%write_ln295 = write void @_ssdm_op_Write.ap_auto.i16P0A, i16 %parkingSpotsPerSuitableIndexXC_count_6_out, i16 %parkingSpotsPerSuitableIndexXC_count_1" [/home/xiaorang/Documents/ATOMFLOW/sorting-organized-main/src/sortLatticeByRow.cpp:295->/home/xiaorang/Documents/ATOMFLOW/sorting-organized-main/src/sortLatticeByRow.cpp:539->/home/xiaorang/Documents/ATOMFLOW/sorting-organized-main/src/sortLatticeByRow.cpp:1833]   --->   Operation 33 'write' 'write_ln295' <Predicate = (icmp_ln533)> <Delay = 0.00>
ST_2 : Operation 34 [1/1] (0.42ns)   --->   "%ret_ln0 = ret"   --->   Operation 34 'ret' 'ret_ln0' <Predicate = (icmp_ln533)> <Delay = 0.42>


============================================================
+ Verbose Summary: Binding
============================================================
STG Binding: 
---------------- STG Properties BEGIN ----------------
- Is combinational: 0
- Is one-state seq: 0
- Is datapath-only: 0
- Is pipelined: 0
- Is top level: 0
Port [ Return ] is wired: 1; IO mode=ap_ctrl_hs:ce=0
Port [ parkingSpotsPerSuitableIndexXC_count_reload]:  wired=1; compound=0; hidden=0; nouse=0; global=0; static=0; extern=0; dir=0; type=0; pingpong=0; private_global=0; IO mode=ap_none:ce=0
Port [ zext_ln533]:  wired=1; compound=0; hidden=0; nouse=0; global=0; static=0; extern=0; dir=0; type=0; pingpong=0; private_global=0; IO mode=ap_none:ce=0
Port [ compZoneColEnd_cast46]:  wired=1; compound=0; hidden=0; nouse=0; global=0; static=0; extern=0; dir=0; type=0; pingpong=0; private_global=0; IO mode=ap_none:ce=0
Port [ parkingSpotsPerSuitableIndexXC_data]:  wired=1; compound=1; hidden=0; nouse=0; global=0; static=0; extern=0; dir=1; type=1; pingpong=0; private_global=0; MemPort=[03]; IO mode=ap_memory:ce=0
Port [ parkingSpotsPerSuitableIndexXC_count_6_out]:  wired=1; compound=0; hidden=0; nouse=0; global=0; static=0; extern=0; dir=1; type=0; pingpong=0; private_global=0; IO mode=ap_vld:ce=0
---------------- STG Properties END ------------------

---------------- Datapath Model BEGIN ----------------

<LifeTime>
<method=bitvector/>
i_4                                              (alloca           ) [ 011]
parkingSpotsPerSuitableIndexXC_count             (alloca           ) [ 011]
compZoneColEnd_cast46_read                       (read             ) [ 000]
zext_ln533_read                                  (read             ) [ 000]
parkingSpotsPerSuitableIndexXC_count_reload_read (read             ) [ 000]
compZoneColEnd_cast46_cast                       (zext             ) [ 011]
zext_ln533_cast                                  (zext             ) [ 000]
store_ln523                                      (store            ) [ 000]
store_ln291                                      (store            ) [ 000]
br_ln0                                           (br               ) [ 000]
i_8                                              (load             ) [ 000]
parkingSpotsPerSuitableIndexXC_count_1           (load             ) [ 000]
icmp_ln533                                       (icmp             ) [ 011]
br_ln533                                         (br               ) [ 000]
specpipeline_ln536                               (specpipeline     ) [ 000]
speclooptripcount_ln537                          (speclooptripcount) [ 000]
specloopname_ln533                               (specloopname     ) [ 000]
tmp                                              (partselect       ) [ 000]
icmp_ln295                                       (icmp             ) [ 011]
br_ln295                                         (br               ) [ 000]
parkingSpotsPerSuitableIndexXC_count_2           (add              ) [ 000]
zext_ln295                                       (zext             ) [ 000]
parkingSpotsPerSuitableIndexXC_data_addr         (getelementptr    ) [ 000]
store_ln295                                      (store            ) [ 000]
store_ln523                                      (store            ) [ 000]
br_ln295                                         (br               ) [ 000]
i                                                (add              ) [ 000]
store_ln291                                      (store            ) [ 000]
br_ln533                                         (br               ) [ 000]
write_ln295                                      (write            ) [ 000]
ret_ln0                                          (ret              ) [ 000]
</LifeTime>

<model>

<comp_list>
<comp id="0" class="1000" name="parkingSpotsPerSuitableIndexXC_count_reload">
<pin_list>
<pin id="1" dir="1" index="0" bw="1" slack="0"/>
</pin_list>
<bind>
<StgValue><ssdm name="parkingSpotsPerSuitableIndexXC_count_reload"/></StgValue>
</bind>
</comp>

<comp id="2" class="1000" name="zext_ln533">
<pin_list>
<pin id="3" dir="1" index="0" bw="1" slack="0"/>
</pin_list>
<bind>
<StgValue><ssdm name="zext_ln533"/></StgValue>
</bind>
</comp>

<comp id="4" class="1000" name="compZoneColEnd_cast46">
<pin_list>
<pin id="5" dir="1" index="0" bw="1" slack="0"/>
</pin_list>
<bind>
<StgValue><ssdm name="compZoneColEnd_cast46"/></StgValue>
</bind>
</comp>

<comp id="6" class="1000" name="parkingSpotsPerSuitableIndexXC_data">
<pin_list>
<pin id="7" dir="1" index="0" bw="1" slack="0"/>
</pin_list>
<bind>
<StgValue><ssdm name="parkingSpotsPerSuitableIndexXC_data"/><MemPortTyVec>0 3 </MemPortTyVec>
</StgValue>
</bind>
</comp>

<comp id="8" class="1000" name="parkingSpotsPerSuitableIndexXC_count_6_out">
<pin_list>
<pin id="9" dir="1" index="0" bw="1" slack="0"/>
</pin_list>
<bind>
<StgValue><ssdm name="parkingSpotsPerSuitableIndexXC_count_6_out"/></StgValue>
</bind>
</comp>

<comp id="10" class="1001" name="const_10">
<pin_list>
<pin id="11" dir="1" index="0" bw="1" slack="0"/>
</pin_list>
<bind>
<StgValue><ssdm name=""/></StgValue>
</bind>
</comp>

<comp id="12" class="1001" name="const_12">
<pin_list>
<pin id="13" dir="1" index="0" bw="1" slack="0"/>
</pin_list>
<bind>
<StgValue><ssdm name="_ssdm_op_Read.ap_auto.i32"/></StgValue>
</bind>
</comp>

<comp id="14" class="1001" name="const_14">
<pin_list>
<pin id="15" dir="1" index="0" bw="1" slack="0"/>
</pin_list>
<bind>
<StgValue><ssdm name="_ssdm_op_Read.ap_auto.i16"/></StgValue>
</bind>
</comp>

<comp id="16" class="1001" name="const_16">
<pin_list>
<pin id="17" dir="1" index="0" bw="1" slack="2147483647"/>
</pin_list>
<bind>
<StgValue><ssdm name="_ssdm_op_SpecPipeline"/></StgValue>
</bind>
</comp>

<comp id="18" class="1001" name="const_18">
<pin_list>
<pin id="19" dir="1" index="0" bw="1" slack="2147483647"/>
</pin_list>
<bind>
<StgValue><ssdm name=""/></StgValue>
</bind>
</comp>

<comp id="20" class="1001" name="const_20">
<pin_list>
<pin id="21" dir="1" index="0" bw="1" slack="2147483647"/>
</pin_list>
<bind>
<StgValue><ssdm name="empty_18"/></StgValue>
</bind>
</comp>

<comp id="22" class="1001" name="const_22">
<pin_list>
<pin id="23" dir="1" index="0" bw="1" slack="2147483647"/>
</pin_list>
<bind>
<StgValue><ssdm name="_ssdm_op_SpecLoopTripCount"/></StgValue>
</bind>
</comp>

<comp id="24" class="1001" name="const_24">
<pin_list>
<pin id="25" dir="1" index="0" bw="1" slack="2147483647"/>
</pin_list>
<bind>
<StgValue><ssdm name=""/></StgValue>
</bind>
</comp>

<comp id="26" class="1001" name="const_26">
<pin_list>
<pin id="27" dir="1" index="0" bw="1" slack="2147483647"/>
</pin_list>
<bind>
<StgValue><ssdm name=""/></StgValue>
</bind>
</comp>

<comp id="28" class="1001" name="const_28">
<pin_list>
<pin id="29" dir="1" index="0" bw="1" slack="2147483647"/>
</pin_list>
<bind>
<StgValue><ssdm name=""/></StgValue>
</bind>
</comp>

<comp id="30" class="1001" name="const_30">
<pin_list>
<pin id="31" dir="1" index="0" bw="1" slack="2147483647"/>
</pin_list>
<bind>
<StgValue><ssdm name="_ssdm_op_SpecLoopName"/></StgValue>
</bind>
</comp>

<comp id="32" class="1001" name="const_32">
<pin_list>
<pin id="33" dir="1" index="0" bw="1" slack="2147483647"/>
</pin_list>
<bind>
<StgValue><ssdm name="empty_78"/></StgValue>
</bind>
</comp>

<comp id="34" class="1001" name="const_34">
<pin_list>
<pin id="35" dir="1" index="0" bw="1" slack="0"/>
</pin_list>
<bind>
<StgValue><ssdm name="_ssdm_op_PartSelect.i8.i16.i32.i32"/></StgValue>
</bind>
</comp>

<comp id="36" class="1001" name="const_36">
<pin_list>
<pin id="37" dir="1" index="0" bw="1" slack="0"/>
</pin_list>
<bind>
<StgValue><ssdm name=""/></StgValue>
</bind>
</comp>

<comp id="38" class="1001" name="const_38">
<pin_list>
<pin id="39" dir="1" index="0" bw="1" slack="0"/>
</pin_list>
<bind>
<StgValue><ssdm name=""/></StgValue>
</bind>
</comp>

<comp id="40" class="1001" name="const_40">
<pin_list>
<pin id="41" dir="1" index="0" bw="1" slack="0"/>
</pin_list>
<bind>
<StgValue><ssdm name=""/></StgValue>
</bind>
</comp>

<comp id="42" class="1001" name="const_42">
<pin_list>
<pin id="43" dir="1" index="0" bw="1" slack="0"/>
</pin_list>
<bind>
<StgValue><ssdm name=""/></StgValue>
</bind>
</comp>

<comp id="44" class="1001" name="const_44">
<pin_list>
<pin id="45" dir="1" index="0" bw="1" slack="0"/>
</pin_list>
<bind>
<StgValue><ssdm name=""/></StgValue>
</bind>
</comp>

<comp id="46" class="1001" name="const_46">
<pin_list>
<pin id="47" dir="1" index="0" bw="1" slack="0"/>
</pin_list>
<bind>
<StgValue><ssdm name=""/></StgValue>
</bind>
</comp>

<comp id="48" class="1001" name="const_48">
<pin_list>
<pin id="49" dir="1" index="0" bw="1" slack="0"/>
</pin_list>
<bind>
<StgValue><ssdm name="_ssdm_op_Write.ap_auto.i16P0A"/></StgValue>
</bind>
</comp>

<comp id="50" class="1004" name="i_4_fu_50">
<pin_list>
<pin id="51" dir="0" index="0" bw="1" slack="0"/>
<pin id="52" dir="1" index="1" bw="64" slack="0"/>
</pin_list>
<bind>
<opcode="alloca(26) " fcode="alloca"/>
<opset="i_4/1 "/>
</bind>
</comp>

<comp id="54" class="1004" name="parkingSpotsPerSuitableIndexXC_count_fu_54">
<pin_list>
<pin id="55" dir="0" index="0" bw="1" slack="0"/>
<pin id="56" dir="1" index="1" bw="16" slack="0"/>
</pin_list>
<bind>
<opcode="alloca(26) " fcode="alloca"/>
<opset="parkingSpotsPerSuitableIndexXC_count/1 "/>
</bind>
</comp>

<comp id="58" class="1004" name="compZoneColEnd_cast46_read_read_fu_58">
<pin_list>
<pin id="59" dir="0" index="0" bw="32" slack="0"/>
<pin id="60" dir="0" index="1" bw="32" slack="0"/>
<pin id="61" dir="1" index="2" bw="32" slack="0"/>
</pin_list>
<bind>
<opcode="read(1150) " fcode="read"/>
<opset="compZoneColEnd_cast46_read/1 "/>
</bind>
</comp>

<comp id="64" class="1004" name="zext_ln533_read_read_fu_64">
<pin_list>
<pin id="65" dir="0" index="0" bw="32" slack="0"/>
<pin id="66" dir="0" index="1" bw="32" slack="0"/>
<pin id="67" dir="1" index="2" bw="32" slack="0"/>
</pin_list>
<bind>
<opcode="read(1150) " fcode="read"/>
<opset="zext_ln533_read/1 "/>
</bind>
</comp>

<comp id="70" class="1004" name="parkingSpotsPerSuitableIndexXC_count_reload_read_read_fu_70">
<pin_list>
<pin id="71" dir="0" index="0" bw="16" slack="0"/>
<pin id="72" dir="0" index="1" bw="16" slack="0"/>
<pin id="73" dir="1" index="2" bw="16" slack="0"/>
</pin_list>
<bind>
<opcode="read(1150) " fcode="read"/>
<opset="parkingSpotsPerSuitableIndexXC_count_reload_read/1 "/>
</bind>
</comp>

<comp id="76" class="1004" name="write_ln295_write_fu_76">
<pin_list>
<pin id="77" dir="0" index="0" bw="0" slack="0"/>
<pin id="78" dir="0" index="1" bw="16" slack="0"/>
<pin id="79" dir="0" index="2" bw="16" slack="0"/>
<pin id="80" dir="1" index="3" bw="0" slack="2147483647"/>
</pin_list>
<bind>
<opcode="write(1151) " fcode="write"/>
<opset="write_ln295/2 "/>
</bind>
</comp>

<comp id="83" class="1004" name="parkingSpotsPerSuitableIndexXC_data_addr_gep_fu_83">
<pin_list>
<pin id="84" dir="0" index="0" bw="64" slack="0"/>
<pin id="85" dir="0" index="1" bw="1" slack="0"/>
<pin id="86" dir="0" index="2" bw="16" slack="0"/>
<pin id="87" dir="1" index="3" bw="8" slack="0"/>
</pin_list>
<bind>
<opcode="getelementptr(29) " fcode="getelementptr"/>
<opset="parkingSpotsPerSuitableIndexXC_data_addr/2 "/>
</bind>
</comp>

<comp id="90" class="1004" name="store_ln295_access_fu_90">
<pin_list>
<pin id="91" dir="0" index="0" bw="8" slack="0"/>
<pin id="92" dir="0" index="1" bw="64" slack="0"/>
<pin id="93" dir="0" index="2" bw="0" slack="2147483647"/>
<pin id="94" dir="1" index="3" bw="64" slack="2147483647"/>
</pin_list>
<bind>
<opcode="store(28) " fcode="store"/>
<opset="store_ln295/2 "/>
</bind>
</comp>

<comp id="96" class="1004" name="compZoneColEnd_cast46_cast_fu_96">
<pin_list>
<pin id="97" dir="0" index="0" bw="32" slack="0"/>
<pin id="98" dir="1" index="1" bw="64" slack="1"/>
</pin_list>
<bind>
<opcode="zext(34) " fcode="zext"/>
<opset="compZoneColEnd_cast46_cast/1 "/>
</bind>
</comp>

<comp id="100" class="1004" name="zext_ln533_cast_fu_100">
<pin_list>
<pin id="101" dir="0" index="0" bw="32" slack="0"/>
<pin id="102" dir="1" index="1" bw="64" slack="0"/>
</pin_list>
<bind>
<opcode="zext(34) " fcode="zext"/>
<opset="zext_ln533_cast/1 "/>
</bind>
</comp>

<comp id="104" class="1004" name="store_ln523_store_fu_104">
<pin_list>
<pin id="105" dir="0" index="0" bw="16" slack="0"/>
<pin id="106" dir="0" index="1" bw="16" slack="0"/>
<pin id="107" dir="1" index="2" bw="0" slack="2147483647"/>
</pin_list>
<bind>
<opcode="store(28) " fcode="store"/>
<opset="store_ln523/1 "/>
</bind>
</comp>

<comp id="109" class="1004" name="store_ln291_store_fu_109">
<pin_list>
<pin id="110" dir="0" index="0" bw="32" slack="0"/>
<pin id="111" dir="0" index="1" bw="64" slack="0"/>
<pin id="112" dir="1" index="2" bw="0" slack="2147483647"/>
</pin_list>
<bind>
<opcode="store(28) " fcode="store"/>
<opset="store_ln291/1 "/>
</bind>
</comp>

<comp id="114" class="1004" name="i_8_load_fu_114">
<pin_list>
<pin id="115" dir="0" index="0" bw="64" slack="1"/>
<pin id="116" dir="1" index="1" bw="64" slack="0"/>
</pin_list>
<bind>
<opcode="load(27) " fcode="load"/>
<opset="i_8/2 "/>
</bind>
</comp>

<comp id="118" class="1004" name="parkingSpotsPerSuitableIndexXC_count_1_load_fu_118">
<pin_list>
<pin id="119" dir="0" index="0" bw="16" slack="1"/>
<pin id="120" dir="1" index="1" bw="16" slack="0"/>
</pin_list>
<bind>
<opcode="load(27) " fcode="load"/>
<opset="parkingSpotsPerSuitableIndexXC_count_1/2 "/>
</bind>
</comp>

<comp id="122" class="1004" name="icmp_ln533_fu_122">
<pin_list>
<pin id="123" dir="0" index="0" bw="64" slack="0"/>
<pin id="124" dir="0" index="1" bw="64" slack="1"/>
<pin id="125" dir="1" index="2" bw="1" slack="2147483647"/>
</pin_list>
<bind>
<opcode="icmp(45) " fcode="icmp"/>
<opset="icmp_ln533/2 "/>
</bind>
</comp>

<comp id="127" class="1004" name="tmp_fu_127">
<pin_list>
<pin id="128" dir="0" index="0" bw="8" slack="0"/>
<pin id="129" dir="0" index="1" bw="16" slack="0"/>
<pin id="130" dir="0" index="2" bw="5" slack="0"/>
<pin id="131" dir="0" index="3" bw="5" slack="0"/>
<pin id="132" dir="1" index="4" bw="8" slack="0"/>
</pin_list>
<bind>
<opcode="partselect(1002) " fcode="partselect"/>
<opset="tmp/2 "/>
</bind>
</comp>

<comp id="137" class="1004" name="icmp_ln295_fu_137">
<pin_list>
<pin id="138" dir="0" index="0" bw="8" slack="0"/>
<pin id="139" dir="0" index="1" bw="8" slack="0"/>
<pin id="140" dir="1" index="2" bw="1" slack="2147483647"/>
</pin_list>
<bind>
<opcode="icmp(45) " fcode="icmp"/>
<opset="icmp_ln295/2 "/>
</bind>
</comp>

<comp id="143" class="1004" name="parkingSpotsPerSuitableIndexXC_count_2_fu_143">
<pin_list>
<pin id="144" dir="0" index="0" bw="16" slack="0"/>
<pin id="145" dir="0" index="1" bw="1" slack="0"/>
<pin id="146" dir="1" index="2" bw="16" slack="0"/>
</pin_list>
<bind>
<opcode="add(8) " fcode="add"/>
<opset="parkingSpotsPerSuitableIndexXC_count_2/2 "/>
</bind>
</comp>

<comp id="149" class="1004" name="zext_ln295_fu_149">
<pin_list>
<pin id="150" dir="0" index="0" bw="16" slack="0"/>
<pin id="151" dir="1" index="1" bw="64" slack="0"/>
</pin_list>
<bind>
<opcode="zext(34) " fcode="zext"/>
<opset="zext_ln295/2 "/>
</bind>
</comp>

<comp id="154" class="1004" name="store_ln523_store_fu_154">
<pin_list>
<pin id="155" dir="0" index="0" bw="16" slack="0"/>
<pin id="156" dir="0" index="1" bw="16" slack="1"/>
<pin id="157" dir="1" index="2" bw="0" slack="2147483647"/>
</pin_list>
<bind>
<opcode="store(28) " fcode="store"/>
<opset="store_ln523/2 "/>
</bind>
</comp>

<comp id="159" class="1004" name="i_fu_159">
<pin_list>
<pin id="160" dir="0" index="0" bw="64" slack="0"/>
<pin id="161" dir="0" index="1" bw="1" slack="0"/>
<pin id="162" dir="1" index="2" bw="64" slack="0"/>
</pin_list>
<bind>
<opcode="add(8) " fcode="add"/>
<opset="i/2 "/>
</bind>
</comp>

<comp id="165" class="1004" name="store_ln291_store_fu_165">
<pin_list>
<pin id="166" dir="0" index="0" bw="64" slack="0"/>
<pin id="167" dir="0" index="1" bw="64" slack="1"/>
<pin id="168" dir="1" index="2" bw="0" slack="2147483647"/>
</pin_list>
<bind>
<opcode="store(28) " fcode="store"/>
<opset="store_ln291/2 "/>
</bind>
</comp>

<comp id="170" class="1005" name="i_4_reg_170">
<pin_list>
<pin id="171" dir="0" index="0" bw="64" slack="0"/>
<pin id="172" dir="1" index="1" bw="64" slack="0"/>
</pin_list>
<bind>
<opset="i_4 "/>
</bind>
</comp>

<comp id="177" class="1005" name="parkingSpotsPerSuitableIndexXC_count_reg_177">
<pin_list>
<pin id="178" dir="0" index="0" bw="16" slack="0"/>
<pin id="179" dir="1" index="1" bw="16" slack="0"/>
</pin_list>
<bind>
<opset="parkingSpotsPerSuitableIndexXC_count "/>
</bind>
</comp>

<comp id="184" class="1005" name="compZoneColEnd_cast46_cast_reg_184">
<pin_list>
<pin id="185" dir="0" index="0" bw="64" slack="1"/>
<pin id="186" dir="1" index="1" bw="64" slack="1"/>
</pin_list>
<bind>
<opset="compZoneColEnd_cast46_cast "/>
</bind>
</comp>

</comp_list>

<net_list>
<net id="53"><net_src comp="10" pin="0"/><net_sink comp="50" pin=0"/></net>

<net id="57"><net_src comp="10" pin="0"/><net_sink comp="54" pin=0"/></net>

<net id="62"><net_src comp="12" pin="0"/><net_sink comp="58" pin=0"/></net>

<net id="63"><net_src comp="4" pin="0"/><net_sink comp="58" pin=1"/></net>

<net id="68"><net_src comp="12" pin="0"/><net_sink comp="64" pin=0"/></net>

<net id="69"><net_src comp="2" pin="0"/><net_sink comp="64" pin=1"/></net>

<net id="74"><net_src comp="14" pin="0"/><net_sink comp="70" pin=0"/></net>

<net id="75"><net_src comp="0" pin="0"/><net_sink comp="70" pin=1"/></net>

<net id="81"><net_src comp="48" pin="0"/><net_sink comp="76" pin=0"/></net>

<net id="82"><net_src comp="8" pin="0"/><net_sink comp="76" pin=1"/></net>

<net id="88"><net_src comp="6" pin="0"/><net_sink comp="83" pin=0"/></net>

<net id="89"><net_src comp="44" pin="0"/><net_sink comp="83" pin=1"/></net>

<net id="95"><net_src comp="83" pin="3"/><net_sink comp="90" pin=0"/></net>

<net id="99"><net_src comp="58" pin="2"/><net_sink comp="96" pin=0"/></net>

<net id="103"><net_src comp="64" pin="2"/><net_sink comp="100" pin=0"/></net>

<net id="108"><net_src comp="70" pin="2"/><net_sink comp="104" pin=0"/></net>

<net id="113"><net_src comp="100" pin="1"/><net_sink comp="109" pin=0"/></net>

<net id="117"><net_src comp="114" pin="1"/><net_sink comp="90" pin=1"/></net>

<net id="121"><net_src comp="118" pin="1"/><net_sink comp="76" pin=2"/></net>

<net id="126"><net_src comp="114" pin="1"/><net_sink comp="122" pin=0"/></net>

<net id="133"><net_src comp="34" pin="0"/><net_sink comp="127" pin=0"/></net>

<net id="134"><net_src comp="118" pin="1"/><net_sink comp="127" pin=1"/></net>

<net id="135"><net_src comp="36" pin="0"/><net_sink comp="127" pin=2"/></net>

<net id="136"><net_src comp="38" pin="0"/><net_sink comp="127" pin=3"/></net>

<net id="141"><net_src comp="127" pin="4"/><net_sink comp="137" pin=0"/></net>

<net id="142"><net_src comp="40" pin="0"/><net_sink comp="137" pin=1"/></net>

<net id="147"><net_src comp="118" pin="1"/><net_sink comp="143" pin=0"/></net>

<net id="148"><net_src comp="42" pin="0"/><net_sink comp="143" pin=1"/></net>

<net id="152"><net_src comp="118" pin="1"/><net_sink comp="149" pin=0"/></net>

<net id="153"><net_src comp="149" pin="1"/><net_sink comp="83" pin=2"/></net>

<net id="158"><net_src comp="143" pin="2"/><net_sink comp="154" pin=0"/></net>

<net id="163"><net_src comp="114" pin="1"/><net_sink comp="159" pin=0"/></net>

<net id="164"><net_src comp="46" pin="0"/><net_sink comp="159" pin=1"/></net>

<net id="169"><net_src comp="159" pin="2"/><net_sink comp="165" pin=0"/></net>

<net id="173"><net_src comp="50" pin="1"/><net_sink comp="170" pin=0"/></net>

<net id="174"><net_src comp="170" pin="1"/><net_sink comp="109" pin=1"/></net>

<net id="175"><net_src comp="170" pin="1"/><net_sink comp="114" pin=0"/></net>

<net id="176"><net_src comp="170" pin="1"/><net_sink comp="165" pin=1"/></net>

<net id="180"><net_src comp="54" pin="1"/><net_sink comp="177" pin=0"/></net>

<net id="181"><net_src comp="177" pin="1"/><net_sink comp="104" pin=1"/></net>

<net id="182"><net_src comp="177" pin="1"/><net_sink comp="118" pin=0"/></net>

<net id="183"><net_src comp="177" pin="1"/><net_sink comp="154" pin=1"/></net>

<net id="187"><net_src comp="96" pin="1"/><net_sink comp="184" pin=0"/></net>

<net id="188"><net_src comp="184" pin="1"/><net_sink comp="122" pin=1"/></net>

</net_list>

</model> 
---------------- Datapath Model END ------------------

* FSMD analyzer results:
  - Output states:
	Port: parkingSpotsPerSuitableIndexXC_data | {2 }
	Port: parkingSpotsPerSuitableIndexXC_count_6_out | {2 }
 - Input state : 
	Port: sortRemainingRowsOrCols<HLSMoveStream>_Pipeline_VITIS_LOOP_533_2 : parkingSpotsPerSuitableIndexXC_count_reload | {1 }
	Port: sortRemainingRowsOrCols<HLSMoveStream>_Pipeline_VITIS_LOOP_533_2 : zext_ln533 | {1 }
	Port: sortRemainingRowsOrCols<HLSMoveStream>_Pipeline_VITIS_LOOP_533_2 : compZoneColEnd_cast46 | {1 }
  - Chain level:
	State 1
		store_ln291 : 1
	State 2
		icmp_ln533 : 1
		br_ln533 : 2
		tmp : 1
		icmp_ln295 : 2
		br_ln295 : 3
		parkingSpotsPerSuitableIndexXC_count_2 : 1
		zext_ln295 : 1
		parkingSpotsPerSuitableIndexXC_data_addr : 2
		store_ln295 : 3
		store_ln523 : 2
		i : 1
		store_ln291 : 2
		write_ln295 : 1


============================================================
+ Verbose Summary: Datapath Resource usage 
============================================================

* Functional unit list:
|----------|-------------------------------------------------------------|---------|---------|
| Operation|                       Functional Unit                       |    FF   |   LUT   |
|----------|-------------------------------------------------------------|---------|---------|
|    add   |        parkingSpotsPerSuitableIndexXC_count_2_fu_143        |    0    |    23   |
|          |                           i_fu_159                          |    0    |    71   |
|----------|-------------------------------------------------------------|---------|---------|
|   icmp   |                      icmp_ln533_fu_122                      |    0    |    71   |
|          |                      icmp_ln295_fu_137                      |    0    |    15   |
|----------|-------------------------------------------------------------|---------|---------|
|          |            compZoneColEnd_cast46_read_read_fu_58            |    0    |    0    |
|   read   |                  zext_ln533_read_read_fu_64                 |    0    |    0    |
|          | parkingSpotsPerSuitableIndexXC_count_reload_read_read_fu_70 |    0    |    0    |
|----------|-------------------------------------------------------------|---------|---------|
|   write  |                   write_ln295_write_fu_76                   |    0    |    0    |
|----------|-------------------------------------------------------------|---------|---------|
|          |               compZoneColEnd_cast46_cast_fu_96              |    0    |    0    |
|   zext   |                    zext_ln533_cast_fu_100                   |    0    |    0    |
|          |                      zext_ln295_fu_149                      |    0    |    0    |
|----------|-------------------------------------------------------------|---------|---------|
|partselect|                          tmp_fu_127                         |    0    |    0    |
|----------|-------------------------------------------------------------|---------|---------|
|   Total  |                                                             |    0    |   180   |
|----------|-------------------------------------------------------------|---------|---------|

Memories:
N/A

* Register list:
+--------------------------------------------+--------+
|                                            |   FF   |
+--------------------------------------------+--------+
|     compZoneColEnd_cast46_cast_reg_184     |   64   |
|                 i_4_reg_170                |   64   |
|parkingSpotsPerSuitableIndexXC_count_reg_177|   16   |
+--------------------------------------------+--------+
|                    Total                   |   144  |
+--------------------------------------------+--------+

* Multiplexer (MUX) list: 
|--------|------|------|------|--------|
|  Comp  |  Pin | Size |  BW  | S x BW |
|--------|------|------|------|--------|
|  Total |      |      |      |    0   |
|--------|------|------|------|--------|



* Summary:
+-----------+--------+--------+
|           |   FF   |   LUT  |
+-----------+--------+--------+
|  Function |    0   |   180  |
|   Memory  |    -   |    -   |
|Multiplexer|    -   |    -   |
|  Register |   144  |    -   |
+-----------+--------+--------+
|   Total   |   144  |   180  |
+-----------+--------+--------+
