

================================================================
== Vitis HLS Report for 'atomflow_controller'
================================================================
* Date:           Thu Mar 26 11:03:28 2026

* Version:        2024.2 (Build 5238294 on Nov  8 2024)
* Project:        atomflow_controller_2024_2
* Solution:       hls (Vivado IP Flow Target)
* Product family: zynquplusRFSOC
* Target device:  xczu49dr-ffvf1760-2-e


================================================================
== Performance Estimates
================================================================
+ Timing: 
    * Summary: 
    +--------+----------+----------+------------+
    |  Clock |  Target  | Estimated| Uncertainty|
    +--------+----------+----------+------------+
    |ap_clk  |  10.00 ns|  7.419 ns|     2.70 ns|
    +--------+----------+----------+------------+

+ Latency: 
    * Summary: 
    +---------+----------+----------+-----------+--------+----------+---------+
    |  Latency (cycles)  |  Latency (absolute)  |      Interval     | Pipeline|
    |   min   |    max   |    min   |    max    |   min  |    max   |   Type  |
    +---------+----------+----------+-----------+--------+----------+---------+
    |   182519|  10528550|  1.825 ms|  0.105 sec|  182520|  10528551|       no|
    +---------+----------+----------+-----------+--------+----------+---------+

    + Detail: 
        * Instance: 
        N/A

        * Loop: 
        N/A

============================================================
+ Verbose Summary: Synthesis Manager
============================================================
InlineROM: 1
ExposeGlobal: 0
============================================================
+ Verbose Summary: CDFG Model
============================================================
IsTopModel: 1
ResetActiveHigh: 1
IsCombinational: 0
IsDatapathOnly: 0
HasWiredReturn: 1
HasMFsm: 0
HasVarLatency: 1
IsPipeline: 0
IsRtlPipelined: 0
IsInstanceOverlapped: 0
IsDontTouch: 0
HasImplIP: 0
IsGatedGlobalClock: 0


============================================================
+ Verbose Summary: Schedule
============================================================
* Number of FSM states : 25
* Pipeline : 0
* Dataflow Pipeline: 0

* FSM state transitions: 
1 --> 2 
2 --> 3 
3 --> 4 
4 --> 5 
5 --> 6 
6 --> 7 
7 --> 8 
8 --> 9 
9 --> 10 
10 --> 11 
11 --> 12 
12 --> 13 
13 --> 14 
14 --> 15 
15 --> 16 
16 --> 17 
17 --> 18 
18 --> 19 
19 --> 20 25 
20 --> 21 
21 --> 22 
22 --> 25 23 
23 --> 24 
24 --> 25 
25 --> 

* FSM state operations: 

State 1 <SV = 0> <Delay = 1.76>
ST_1 : Operation 26 [1/1] (1.00ns)   --->   "%compZoneColEnd_read = read i32 @_ssdm_op_Read.s_axilite.i32, i32 %compZoneColEnd"   --->   Operation 26 'read' 'compZoneColEnd_read' <Predicate = true> <Delay = 1.00> <CoreInst = "s_axilite">   --->   Core 120 's_axilite' <Latency = 0> <II = 1> <Delay = 1.00> <Adapter> <Opcode : 'read' 'write'>
ST_1 : Operation 27 [1/1] (1.00ns)   --->   "%compZoneColStart_read = read i32 @_ssdm_op_Read.s_axilite.i32, i32 %compZoneColStart"   --->   Operation 27 'read' 'compZoneColStart_read' <Predicate = true> <Delay = 1.00> <CoreInst = "s_axilite">   --->   Core 120 's_axilite' <Latency = 0> <II = 1> <Delay = 1.00> <Adapter> <Opcode : 'read' 'write'>
ST_1 : Operation 28 [1/1] (1.00ns)   --->   "%compZoneRowEnd_read = read i32 @_ssdm_op_Read.s_axilite.i32, i32 %compZoneRowEnd"   --->   Operation 28 'read' 'compZoneRowEnd_read' <Predicate = true> <Delay = 1.00> <CoreInst = "s_axilite">   --->   Core 120 's_axilite' <Latency = 0> <II = 1> <Delay = 1.00> <Adapter> <Opcode : 'read' 'write'>
ST_1 : Operation 29 [1/1] (1.00ns)   --->   "%compZoneRowStart_read = read i32 @_ssdm_op_Read.s_axilite.i32, i32 %compZoneRowStart"   --->   Operation 29 'read' 'compZoneRowStart_read' <Predicate = true> <Delay = 1.00> <CoreInst = "s_axilite">   --->   Core 120 's_axilite' <Latency = 0> <II = 1> <Delay = 1.00> <Adapter> <Opcode : 'read' 'write'>
ST_1 : Operation 30 [1/1] (1.00ns)   --->   "%targetGeometry_mem_read = read i64 @_ssdm_op_Read.s_axilite.i64, i64 %targetGeometry_mem"   --->   Operation 30 'read' 'targetGeometry_mem_read' <Predicate = true> <Delay = 1.00> <CoreInst = "s_axilite">   --->   Core 120 's_axilite' <Latency = 0> <II = 1> <Delay = 1.00> <Adapter> <Opcode : 'read' 'write'>
ST_1 : Operation 31 [1/1] (1.00ns)   --->   "%grid_cols_read = read i32 @_ssdm_op_Read.s_axilite.i32, i32 %grid_cols"   --->   Operation 31 'read' 'grid_cols_read' <Predicate = true> <Delay = 1.00> <CoreInst = "s_axilite">   --->   Core 120 's_axilite' <Latency = 0> <II = 1> <Delay = 1.00> <Adapter> <Opcode : 'read' 'write'>
ST_1 : Operation 32 [1/1] (1.00ns)   --->   "%grid_rows_read = read i32 @_ssdm_op_Read.s_axilite.i32, i32 %grid_rows"   --->   Operation 32 'read' 'grid_rows_read' <Predicate = true> <Delay = 1.00> <CoreInst = "s_axilite">   --->   Core 120 's_axilite' <Latency = 0> <II = 1> <Delay = 1.00> <Adapter> <Opcode : 'read' 'write'>
ST_1 : Operation 33 [1/1] (1.00ns)   --->   "%emissions_read = read i64 @_ssdm_op_Read.s_axilite.i64, i64 %emissions"   --->   Operation 33 'read' 'emissions_read' <Predicate = true> <Delay = 1.00> <CoreInst = "s_axilite">   --->   Core 120 's_axilite' <Latency = 0> <II = 1> <Delay = 1.00> <Adapter> <Opcode : 'read' 'write'>
ST_1 : Operation 34 [1/1] (1.00ns)   --->   "%fullImage_read = read i64 @_ssdm_op_Read.s_axilite.i64, i64 %fullImage"   --->   Operation 34 'read' 'fullImage_read' <Predicate = true> <Delay = 1.00> <CoreInst = "s_axilite">   --->   Core 120 's_axilite' <Latency = 0> <II = 1> <Delay = 1.00> <Adapter> <Opcode : 'read' 'write'>
ST_1 : Operation 35 [1/1] (1.00ns)   --->   "%imageProjs_read = read i64 @_ssdm_op_Read.s_axilite.i64, i64 %imageProjs"   --->   Operation 35 'read' 'imageProjs_read' <Predicate = true> <Delay = 1.00> <CoreInst = "s_axilite">   --->   Core 120 's_axilite' <Latency = 0> <II = 1> <Delay = 1.00> <Adapter> <Opcode : 'read' 'write'>
ST_1 : Operation 36 [1/1] (1.00ns)   --->   "%imageProjs_local_read = read i64 @_ssdm_op_Read.s_axilite.i64, i64 %imageProjs_local"   --->   Operation 36 'read' 'imageProjs_local_read' <Predicate = true> <Delay = 1.00> <CoreInst = "s_axilite">   --->   Core 120 's_axilite' <Latency = 0> <II = 1> <Delay = 1.00> <Adapter> <Opcode : 'read' 'write'>
ST_1 : Operation 37 [1/1] (1.00ns)   --->   "%psfSupersample_read = read i32 @_ssdm_op_Read.s_axilite.i32, i32 %psfSupersample"   --->   Operation 37 'read' 'psfSupersample_read' <Predicate = true> <Delay = 1.00> <CoreInst = "s_axilite">   --->   Core 120 's_axilite' <Latency = 0> <II = 1> <Delay = 1.00> <Adapter> <Opcode : 'read' 'write'>
ST_1 : Operation 38 [1/1] (1.00ns)   --->   "%atomLocations_read = read i64 @_ssdm_op_Read.s_axilite.i64, i64 %atomLocations"   --->   Operation 38 'read' 'atomLocations_read' <Predicate = true> <Delay = 1.00> <CoreInst = "s_axilite">   --->   Core 120 's_axilite' <Latency = 0> <II = 1> <Delay = 1.00> <Adapter> <Opcode : 'read' 'write'>
ST_1 : Operation 39 [1/1] (1.00ns)   --->   "%projShape1_read = read i32 @_ssdm_op_Read.s_axilite.i32, i32 %projShape1"   --->   Operation 39 'read' 'projShape1_read' <Predicate = true> <Delay = 1.00> <CoreInst = "s_axilite">   --->   Core 120 's_axilite' <Latency = 0> <II = 1> <Delay = 1.00> <Adapter> <Opcode : 'read' 'write'>
ST_1 : Operation 40 [1/1] (1.00ns)   --->   "%projShape0_read = read i32 @_ssdm_op_Read.s_axilite.i32, i32 %projShape0"   --->   Operation 40 'read' 'projShape0_read' <Predicate = true> <Delay = 1.00> <CoreInst = "s_axilite">   --->   Core 120 's_axilite' <Latency = 0> <II = 1> <Delay = 1.00> <Adapter> <Opcode : 'read' 'write'>
ST_1 : Operation 41 [1/1] (1.00ns)   --->   "%atomLocationsSize_read = read i32 @_ssdm_op_Read.s_axilite.i32, i32 %atomLocationsSize"   --->   Operation 41 'read' 'atomLocationsSize_read' <Predicate = true> <Delay = 1.00> <CoreInst = "s_axilite">   --->   Core 120 's_axilite' <Latency = 0> <II = 1> <Delay = 1.00> <Adapter> <Opcode : 'read' 'write'>
ST_1 : Operation 42 [1/1] (1.00ns)   --->   "%emission_threshold_read = read i32 @_ssdm_op_Read.s_axilite.float, i32 %emission_threshold"   --->   Operation 42 'read' 'emission_threshold_read' <Predicate = true> <Delay = 1.00> <CoreInst = "s_axilite">   --->   Core 120 's_axilite' <Latency = 0> <II = 1> <Delay = 1.00> <Adapter> <Opcode : 'read' 'write'>
ST_1 : Operation 43 [1/1] (1.00ns)   --->   "%mode_read = read i8 @_ssdm_op_Read.s_axilite.i8, i8 %mode"   --->   Operation 43 'read' 'mode_read' <Predicate = true> <Delay = 1.00> <CoreInst = "s_axilite">   --->   Core 120 's_axilite' <Latency = 0> <II = 1> <Delay = 1.00> <Adapter> <Opcode : 'read' 'write'>
ST_1 : Operation 44 [1/1] (0.00ns)   --->   "%emissions_local = alloca i64 1" [/home/xiaorang/Documents/ATOMFLOW/atomflow_controller/atomflow_controller.cpp:120]   --->   Operation 44 'alloca' 'emissions_local' <Predicate = true> <Delay = 0.00>
ST_1 : Operation 45 [1/1] (0.00ns)   --->   "%emissions_local_1 = alloca i64 1" [/home/xiaorang/Documents/ATOMFLOW/atomflow_controller/atomflow_controller.cpp:120]   --->   Operation 45 'alloca' 'emissions_local_1' <Predicate = true> <Delay = 0.00>
ST_1 : Operation 46 [1/1] (0.00ns)   --->   "%emissions_local_2 = alloca i64 1" [/home/xiaorang/Documents/ATOMFLOW/atomflow_controller/atomflow_controller.cpp:120]   --->   Operation 46 'alloca' 'emissions_local_2' <Predicate = true> <Delay = 0.00>
ST_1 : Operation 47 [1/1] (0.00ns)   --->   "%emissions_local_3 = alloca i64 1" [/home/xiaorang/Documents/ATOMFLOW/atomflow_controller/atomflow_controller.cpp:120]   --->   Operation 47 'alloca' 'emissions_local_3' <Predicate = true> <Delay = 0.00>
ST_1 : Operation 48 [1/1] (0.00ns)   --->   "%emissions_local_4 = alloca i64 1" [/home/xiaorang/Documents/ATOMFLOW/atomflow_controller/atomflow_controller.cpp:120]   --->   Operation 48 'alloca' 'emissions_local_4' <Predicate = true> <Delay = 0.00>
ST_1 : Operation 49 [1/1] (0.00ns)   --->   "%emissions_local_5 = alloca i64 1" [/home/xiaorang/Documents/ATOMFLOW/atomflow_controller/atomflow_controller.cpp:120]   --->   Operation 49 'alloca' 'emissions_local_5' <Predicate = true> <Delay = 0.00>
ST_1 : Operation 50 [1/1] (0.00ns)   --->   "%emissions_local_6 = alloca i64 1" [/home/xiaorang/Documents/ATOMFLOW/atomflow_controller/atomflow_controller.cpp:120]   --->   Operation 50 'alloca' 'emissions_local_6' <Predicate = true> <Delay = 0.00>
ST_1 : Operation 51 [1/1] (0.00ns)   --->   "%emissions_local_7 = alloca i64 1" [/home/xiaorang/Documents/ATOMFLOW/atomflow_controller/atomflow_controller.cpp:120]   --->   Operation 51 'alloca' 'emissions_local_7' <Predicate = true> <Delay = 0.00>
ST_1 : Operation 52 [1/1] (0.00ns)   --->   "%stateArray_data_s = alloca i64 1" [/home/xiaorang/Documents/ATOMFLOW/atomflow_controller/atomflow_controller.cpp:147]   --->   Operation 52 'alloca' 'stateArray_data_s' <Predicate = true> <Delay = 0.00> <CoreInst = "RAM_2P_BRAM">   --->   Core 93 'RAM_2P_BRAM' <Latency = 1> <II = 1> <Delay = 1.23> <Storage> <Opcode : 'load' 'store'> <Ports = 2> <Width = 1> <Depth = 25000> <RAM>
ST_1 : Operation 53 [1/1] (0.00ns)   --->   "%targetGeometry_data_s = alloca i64 1" [/home/xiaorang/Documents/ATOMFLOW/atomflow_controller/atomflow_controller.cpp:155]   --->   Operation 53 'alloca' 'targetGeometry_data_s' <Predicate = true> <Delay = 0.00> <CoreInst = "RAM_2P_BRAM">   --->   Core 93 'RAM_2P_BRAM' <Latency = 1> <II = 1> <Delay = 1.23> <Storage> <Opcode : 'load' 'store'> <Ports = 2> <Width = 1> <Depth = 25000> <RAM>
ST_1 : Operation 54 [1/1] (0.00ns)   --->   "%p_cast = partselect i62 @_ssdm_op_PartSelect.i62.i64.i32.i32, i64 %imageProjs_read, i32 2, i32 63"   --->   Operation 54 'partselect' 'p_cast' <Predicate = true> <Delay = 0.00>
ST_1 : Operation 55 [1/1] (0.00ns)   --->   "%p_cast_cast = sext i62 %p_cast"   --->   Operation 55 'sext' 'p_cast_cast' <Predicate = true> <Delay = 0.00>
ST_1 : Operation 56 [1/1] (0.00ns)   --->   "%gmem1_addr = getelementptr i32 %gmem1, i64 %p_cast_cast"   --->   Operation 56 'getelementptr' 'gmem1_addr' <Predicate = true> <Delay = 0.00>
ST_1 : Operation 57 [1/1] (0.00ns)   --->   "%trunc_ln136 = trunc i32 %atomLocationsSize_read" [/home/xiaorang/Documents/ATOMFLOW/atomflow_controller/atomflow_controller.cpp:136]   --->   Operation 57 'trunc' 'trunc_ln136' <Predicate = true> <Delay = 0.00>
ST_1 : Operation 58 [1/1] (0.00ns)   --->   "%trunc_ln = partselect i62 @_ssdm_op_PartSelect.i62.i64.i32.i32, i64 %emissions_read, i32 2, i32 63" [/home/xiaorang/Documents/ATOMFLOW/atomflow_controller/atomflow_controller.cpp:136]   --->   Operation 58 'partselect' 'trunc_ln' <Predicate = true> <Delay = 0.00>
ST_1 : Operation 59 [1/1] (0.76ns)   --->   "%icmp_ln145 = icmp_eq  i8 %mode_read, i8 1" [/home/xiaorang/Documents/ATOMFLOW/atomflow_controller/atomflow_controller.cpp:145]   --->   Operation 59 'icmp' 'icmp_ln145' <Predicate = true> <Delay = 0.76> <CoreInst = "Cmp">   --->   Core 9 'Cmp' <Latency = 0> <II = 1> <Delay = 0.76> <FuncUnit> <Opcode : 'seteq' 'setne' 'setle' 'setge' 'setlt' 'setgt'> <InPorts = 2> <OutPorts = 1>

State 2 <SV = 1> <Delay = 7.30>
ST_2 : Operation 60 [8/8] (7.30ns)   --->   "%gmem1_load_req = readreq i1 @_ssdm_op_ReadReq.m_axi.i32P1A, i32 %gmem1_addr, i64 1"   --->   Operation 60 'readreq' 'gmem1_load_req' <Predicate = true> <Delay = 7.30> <CoreInst = "m_axi">   --->   Core 119 'm_axi' <Latency = 6> <II = 1> <Delay = 1.00> <Adapter> <Opcode : 'read' 'write' 'readreq' 'writereq' 'writeresp'>

State 3 <SV = 2> <Delay = 7.30>
ST_3 : Operation 61 [7/8] (7.30ns)   --->   "%gmem1_load_req = readreq i1 @_ssdm_op_ReadReq.m_axi.i32P1A, i32 %gmem1_addr, i64 1"   --->   Operation 61 'readreq' 'gmem1_load_req' <Predicate = true> <Delay = 7.30> <CoreInst = "m_axi">   --->   Core 119 'm_axi' <Latency = 6> <II = 1> <Delay = 1.00> <Adapter> <Opcode : 'read' 'write' 'readreq' 'writereq' 'writeresp'>

State 4 <SV = 3> <Delay = 7.30>
ST_4 : Operation 62 [6/8] (7.30ns)   --->   "%gmem1_load_req = readreq i1 @_ssdm_op_ReadReq.m_axi.i32P1A, i32 %gmem1_addr, i64 1"   --->   Operation 62 'readreq' 'gmem1_load_req' <Predicate = true> <Delay = 7.30> <CoreInst = "m_axi">   --->   Core 119 'm_axi' <Latency = 6> <II = 1> <Delay = 1.00> <Adapter> <Opcode : 'read' 'write' 'readreq' 'writereq' 'writeresp'>

State 5 <SV = 4> <Delay = 7.30>
ST_5 : Operation 63 [5/8] (7.30ns)   --->   "%gmem1_load_req = readreq i1 @_ssdm_op_ReadReq.m_axi.i32P1A, i32 %gmem1_addr, i64 1"   --->   Operation 63 'readreq' 'gmem1_load_req' <Predicate = true> <Delay = 7.30> <CoreInst = "m_axi">   --->   Core 119 'm_axi' <Latency = 6> <II = 1> <Delay = 1.00> <Adapter> <Opcode : 'read' 'write' 'readreq' 'writereq' 'writeresp'>

State 6 <SV = 5> <Delay = 7.30>
ST_6 : Operation 64 [4/8] (7.30ns)   --->   "%gmem1_load_req = readreq i1 @_ssdm_op_ReadReq.m_axi.i32P1A, i32 %gmem1_addr, i64 1"   --->   Operation 64 'readreq' 'gmem1_load_req' <Predicate = true> <Delay = 7.30> <CoreInst = "m_axi">   --->   Core 119 'm_axi' <Latency = 6> <II = 1> <Delay = 1.00> <Adapter> <Opcode : 'read' 'write' 'readreq' 'writereq' 'writeresp'>

State 7 <SV = 6> <Delay = 7.30>
ST_7 : Operation 65 [3/8] (7.30ns)   --->   "%gmem1_load_req = readreq i1 @_ssdm_op_ReadReq.m_axi.i32P1A, i32 %gmem1_addr, i64 1"   --->   Operation 65 'readreq' 'gmem1_load_req' <Predicate = true> <Delay = 7.30> <CoreInst = "m_axi">   --->   Core 119 'm_axi' <Latency = 6> <II = 1> <Delay = 1.00> <Adapter> <Opcode : 'read' 'write' 'readreq' 'writereq' 'writeresp'>

State 8 <SV = 7> <Delay = 7.30>
ST_8 : Operation 66 [2/8] (7.30ns)   --->   "%gmem1_load_req = readreq i1 @_ssdm_op_ReadReq.m_axi.i32P1A, i32 %gmem1_addr, i64 1"   --->   Operation 66 'readreq' 'gmem1_load_req' <Predicate = true> <Delay = 7.30> <CoreInst = "m_axi">   --->   Core 119 'm_axi' <Latency = 6> <II = 1> <Delay = 1.00> <Adapter> <Opcode : 'read' 'write' 'readreq' 'writereq' 'writeresp'>

State 9 <SV = 8> <Delay = 7.30>
ST_9 : Operation 67 [1/8] (7.30ns)   --->   "%gmem1_load_req = readreq i1 @_ssdm_op_ReadReq.m_axi.i32P1A, i32 %gmem1_addr, i64 1"   --->   Operation 67 'readreq' 'gmem1_load_req' <Predicate = true> <Delay = 7.30> <CoreInst = "m_axi">   --->   Core 119 'm_axi' <Latency = 6> <II = 1> <Delay = 1.00> <Adapter> <Opcode : 'read' 'write' 'readreq' 'writereq' 'writeresp'>

State 10 <SV = 9> <Delay = 7.30>
ST_10 : Operation 68 [1/1] (7.30ns)   --->   "%gmem1_addr_read = read i32 @_ssdm_op_Read.m_axi.i32P1A, i32 %gmem1_addr"   --->   Operation 68 'read' 'gmem1_addr_read' <Predicate = true> <Delay = 7.30> <CoreInst = "m_axi">   --->   Core 119 'm_axi' <Latency = 3> <II = 1> <Delay = 1.00> <Adapter> <Opcode : 'read' 'write' 'readreq' 'writereq' 'writeresp'>
ST_10 : Operation 69 [1/1] (0.00ns)   --->   "%empty = bitcast i32 %gmem1_addr_read"   --->   Operation 69 'bitcast' 'empty' <Predicate = true> <Delay = 0.00>
ST_10 : Operation 70 [2/2] (0.00ns)   --->   "%call_ln123 = call void @reconstruct, i32 %atomLocationsSize_read, i32 %projShape0_read, i32 %projShape1_read, i64 %gmem0, i64 %atomLocations_read, i32 %psfSupersample_read, i512 %gmem5, i64 %imageProjs_local_read, i32 %empty, i512 %gmem6, i64 %fullImage_read, i32 %emissions_local, i32 %emissions_local_1, i32 %emissions_local_2, i32 %emissions_local_3, i32 %emissions_local_4, i32 %emissions_local_5, i32 %emissions_local_6, i32 %emissions_local_7, i23 %mask_table, i24 %one_half_table" [/home/xiaorang/Documents/ATOMFLOW/atomflow_controller/atomflow_controller.cpp:123]   --->   Operation 70 'call' 'call_ln123' <Predicate = true> <Delay = 0.00> <CoreType = "Generic">   --->   Generic Core

State 11 <SV = 10> <Delay = 1.43>
ST_11 : Operation 71 [1/2] (1.01ns)   --->   "%call_ln123 = call void @reconstruct, i32 %atomLocationsSize_read, i32 %projShape0_read, i32 %projShape1_read, i64 %gmem0, i64 %atomLocations_read, i32 %psfSupersample_read, i512 %gmem5, i64 %imageProjs_local_read, i32 %empty, i512 %gmem6, i64 %fullImage_read, i32 %emissions_local, i32 %emissions_local_1, i32 %emissions_local_2, i32 %emissions_local_3, i32 %emissions_local_4, i32 %emissions_local_5, i32 %emissions_local_6, i32 %emissions_local_7, i23 %mask_table, i24 %one_half_table" [/home/xiaorang/Documents/ATOMFLOW/atomflow_controller/atomflow_controller.cpp:123]   --->   Operation 71 'call' 'call_ln123' <Predicate = true> <Delay = 1.01> <CoreType = "Generic">   --->   Generic Core
ST_11 : Operation 72 [1/1] (1.01ns)   --->   "%icmp_ln136 = icmp_sgt  i32 %atomLocationsSize_read, i32 0" [/home/xiaorang/Documents/ATOMFLOW/atomflow_controller/atomflow_controller.cpp:136]   --->   Operation 72 'icmp' 'icmp_ln136' <Predicate = true> <Delay = 1.01> <CoreInst = "Cmp">   --->   Core 9 'Cmp' <Latency = 0> <II = 1> <Delay = 1.01> <FuncUnit> <Opcode : 'seteq' 'setne' 'setle' 'setge' 'setlt' 'setgt'> <InPorts = 2> <OutPorts = 1>
ST_11 : Operation 73 [1/1] (0.41ns)   --->   "%empty_211 = select i1 %icmp_ln136, i31 %trunc_ln136, i31 0" [/home/xiaorang/Documents/ATOMFLOW/atomflow_controller/atomflow_controller.cpp:136]   --->   Operation 73 'select' 'empty_211' <Predicate = true> <Delay = 0.41> <CoreInst = "Sel">   --->   Core 73 'Sel' <Latency = 0> <II = 1> <Delay = 0.41> <FuncUnit> <Opcode : 'select'> <InPorts = 3> <OutPorts = 1>

State 12 <SV = 11> <Delay = 7.30>
ST_12 : Operation 74 [1/1] (0.00ns)   --->   "%sext_ln136 = sext i62 %trunc_ln" [/home/xiaorang/Documents/ATOMFLOW/atomflow_controller/atomflow_controller.cpp:136]   --->   Operation 74 'sext' 'sext_ln136' <Predicate = true> <Delay = 0.00>
ST_12 : Operation 75 [1/1] (0.00ns)   --->   "%gmem3_addr = getelementptr i32 %gmem3, i64 %sext_ln136" [/home/xiaorang/Documents/ATOMFLOW/atomflow_controller/atomflow_controller.cpp:136]   --->   Operation 75 'getelementptr' 'gmem3_addr' <Predicate = true> <Delay = 0.00>
ST_12 : Operation 76 [1/1] (0.00ns)   --->   "%zext_ln136 = zext i31 %empty_211" [/home/xiaorang/Documents/ATOMFLOW/atomflow_controller/atomflow_controller.cpp:136]   --->   Operation 76 'zext' 'zext_ln136' <Predicate = true> <Delay = 0.00>
ST_12 : Operation 77 [1/1] (7.30ns)   --->   "%empty_212 = writereq i1 @_ssdm_op_WriteReq.m_axi.p1i32, i32 %gmem3_addr, i64 %zext_ln136" [/home/xiaorang/Documents/ATOMFLOW/atomflow_controller/atomflow_controller.cpp:136]   --->   Operation 77 'writereq' 'empty_212' <Predicate = true> <Delay = 7.30> <CoreInst = "m_axi">   --->   Core 119 'm_axi' <Latency = 9> <II = 1> <Delay = 1.00> <Adapter> <Opcode : 'read' 'write' 'readreq' 'writereq' 'writeresp'>

State 13 <SV = 12> <Delay = 1.44>
ST_13 : Operation 78 [2/2] (1.44ns)   --->   "%call_ln136 = call void @atomflow_controller_Pipeline_VITIS_LOOP_136_1, i32 %gmem3, i32 %atomLocationsSize_read, i62 %trunc_ln, i32 %emissions_local, i32 %emissions_local_1, i32 %emissions_local_2, i32 %emissions_local_3, i32 %emissions_local_4, i32 %emissions_local_5, i32 %emissions_local_6, i32 %emissions_local_7" [/home/xiaorang/Documents/ATOMFLOW/atomflow_controller/atomflow_controller.cpp:136]   --->   Operation 78 'call' 'call_ln136' <Predicate = true> <Delay = 1.44> <CoreType = "Generic">   --->   Generic Core

State 14 <SV = 13> <Delay = 0.00>
ST_14 : Operation 79 [1/2] (0.00ns)   --->   "%call_ln136 = call void @atomflow_controller_Pipeline_VITIS_LOOP_136_1, i32 %gmem3, i32 %atomLocationsSize_read, i62 %trunc_ln, i32 %emissions_local, i32 %emissions_local_1, i32 %emissions_local_2, i32 %emissions_local_3, i32 %emissions_local_4, i32 %emissions_local_5, i32 %emissions_local_6, i32 %emissions_local_7" [/home/xiaorang/Documents/ATOMFLOW/atomflow_controller/atomflow_controller.cpp:136]   --->   Operation 79 'call' 'call_ln136' <Predicate = true> <Delay = 0.00> <CoreType = "Generic">   --->   Generic Core

State 15 <SV = 14> <Delay = 7.30>
ST_15 : Operation 80 [5/5] (7.30ns)   --->   "%empty_213 = writeresp i1 @_ssdm_op_WriteResp.m_axi.p1i32, i32 %gmem3_addr" [/home/xiaorang/Documents/ATOMFLOW/atomflow_controller/atomflow_controller.cpp:145]   --->   Operation 80 'writeresp' 'empty_213' <Predicate = true> <Delay = 7.30> <CoreInst = "m_axi">   --->   Core 119 'm_axi' <Latency = 3> <II = 1> <Delay = 1.00> <Adapter> <Opcode : 'read' 'write' 'readreq' 'writereq' 'writeresp'>

State 16 <SV = 15> <Delay = 7.30>
ST_16 : Operation 81 [4/5] (7.30ns)   --->   "%empty_213 = writeresp i1 @_ssdm_op_WriteResp.m_axi.p1i32, i32 %gmem3_addr" [/home/xiaorang/Documents/ATOMFLOW/atomflow_controller/atomflow_controller.cpp:145]   --->   Operation 81 'writeresp' 'empty_213' <Predicate = true> <Delay = 7.30> <CoreInst = "m_axi">   --->   Core 119 'm_axi' <Latency = 3> <II = 1> <Delay = 1.00> <Adapter> <Opcode : 'read' 'write' 'readreq' 'writereq' 'writeresp'>

State 17 <SV = 16> <Delay = 7.30>
ST_17 : Operation 82 [3/5] (7.30ns)   --->   "%empty_213 = writeresp i1 @_ssdm_op_WriteResp.m_axi.p1i32, i32 %gmem3_addr" [/home/xiaorang/Documents/ATOMFLOW/atomflow_controller/atomflow_controller.cpp:145]   --->   Operation 82 'writeresp' 'empty_213' <Predicate = true> <Delay = 7.30> <CoreInst = "m_axi">   --->   Core 119 'm_axi' <Latency = 3> <II = 1> <Delay = 1.00> <Adapter> <Opcode : 'read' 'write' 'readreq' 'writereq' 'writeresp'>

State 18 <SV = 17> <Delay = 7.30>
ST_18 : Operation 83 [2/5] (7.30ns)   --->   "%empty_213 = writeresp i1 @_ssdm_op_WriteResp.m_axi.p1i32, i32 %gmem3_addr" [/home/xiaorang/Documents/ATOMFLOW/atomflow_controller/atomflow_controller.cpp:145]   --->   Operation 83 'writeresp' 'empty_213' <Predicate = true> <Delay = 7.30> <CoreInst = "m_axi">   --->   Core 119 'm_axi' <Latency = 3> <II = 1> <Delay = 1.00> <Adapter> <Opcode : 'read' 'write' 'readreq' 'writereq' 'writeresp'>

State 19 <SV = 18> <Delay = 7.30>
ST_19 : Operation 84 [1/1] (0.00ns)   --->   "%spectopmodule_ln60 = spectopmodule void @_ssdm_op_SpecTopModule, void @empty_43" [/home/xiaorang/Documents/ATOMFLOW/atomflow_controller/atomflow_controller.cpp:60]   --->   Operation 84 'spectopmodule' 'spectopmodule_ln60' <Predicate = true> <Delay = 0.00>
ST_19 : Operation 85 [1/1] (0.00ns)   --->   "%specinterface_ln0 = specinterface void @_ssdm_op_SpecInterface, i64 %gmem0, void @empty_41, i32 0, i32 0, void @empty_18, i32 0, i32 0, void @empty_23, void @empty_4, void @empty_18, i32 16, i32 16, i32 16, i32 16, void @empty_18, void @empty_18, i32 4294967295, i32 0, i32 0"   --->   Operation 85 'specinterface' 'specinterface_ln0' <Predicate = true> <Delay = 0.00>
ST_19 : Operation 86 [1/1] (0.00ns)   --->   "%specbitsmap_ln0 = specbitsmap void @_ssdm_op_SpecBitsMap, i64 %gmem0"   --->   Operation 86 'specbitsmap' 'specbitsmap_ln0' <Predicate = true> <Delay = 0.00>
ST_19 : Operation 87 [1/1] (0.00ns)   --->   "%specinterface_ln0 = specinterface void @_ssdm_op_SpecInterface, i512 %gmem5, void @empty_41, i32 0, i32 0, void @empty_18, i32 0, i32 0, void @empty_60, void @empty_4, void @empty_18, i32 16, i32 16, i32 16, i32 16, void @empty_18, void @empty_18, i32 4294967295, i32 0, i32 0"   --->   Operation 87 'specinterface' 'specinterface_ln0' <Predicate = true> <Delay = 0.00>
ST_19 : Operation 88 [1/1] (0.00ns)   --->   "%specbitsmap_ln0 = specbitsmap void @_ssdm_op_SpecBitsMap, i512 %gmem5"   --->   Operation 88 'specbitsmap' 'specbitsmap_ln0' <Predicate = true> <Delay = 0.00>
ST_19 : Operation 89 [1/1] (0.00ns)   --->   "%specinterface_ln0 = specinterface void @_ssdm_op_SpecInterface, i32 %gmem1, void @empty_41, i32 0, i32 0, void @empty_18, i32 0, i32 0, void @empty_5, void @empty_4, void @empty_18, i32 16, i32 16, i32 16, i32 16, void @empty_18, void @empty_18, i32 4294967295, i32 0, i32 0"   --->   Operation 89 'specinterface' 'specinterface_ln0' <Predicate = true> <Delay = 0.00>
ST_19 : Operation 90 [1/1] (0.00ns)   --->   "%specbitsmap_ln0 = specbitsmap void @_ssdm_op_SpecBitsMap, i32 %gmem1"   --->   Operation 90 'specbitsmap' 'specbitsmap_ln0' <Predicate = true> <Delay = 0.00>
ST_19 : Operation 91 [1/1] (0.00ns)   --->   "%specinterface_ln0 = specinterface void @_ssdm_op_SpecInterface, i32 %gmem2, void @empty_41, i32 0, i32 0, void @empty_18, i32 0, i32 0, void @empty_6, void @empty_4, void @empty_18, i32 16, i32 16, i32 16, i32 16, void @empty_18, void @empty_18, i32 4294967295, i32 0, i32 0"   --->   Operation 91 'specinterface' 'specinterface_ln0' <Predicate = true> <Delay = 0.00>
ST_19 : Operation 92 [1/1] (0.00ns)   --->   "%specbitsmap_ln0 = specbitsmap void @_ssdm_op_SpecBitsMap, i32 %gmem2"   --->   Operation 92 'specbitsmap' 'specbitsmap_ln0' <Predicate = true> <Delay = 0.00>
ST_19 : Operation 93 [1/1] (0.00ns)   --->   "%specinterface_ln0 = specinterface void @_ssdm_op_SpecInterface, i512 %gmem6, void @empty_41, i32 0, i32 0, void @empty_18, i32 0, i32 0, void @empty_7, void @empty_4, void @empty_18, i32 16, i32 16, i32 16, i32 16, void @empty_18, void @empty_18, i32 4294967295, i32 0, i32 0"   --->   Operation 93 'specinterface' 'specinterface_ln0' <Predicate = true> <Delay = 0.00>
ST_19 : Operation 94 [1/1] (0.00ns)   --->   "%specbitsmap_ln0 = specbitsmap void @_ssdm_op_SpecBitsMap, i512 %gmem6"   --->   Operation 94 'specbitsmap' 'specbitsmap_ln0' <Predicate = true> <Delay = 0.00>
ST_19 : Operation 95 [1/1] (0.00ns)   --->   "%specinterface_ln0 = specinterface void @_ssdm_op_SpecInterface, i32 %gmem3, void @empty_41, i32 0, i32 0, void @empty_18, i32 0, i32 0, void @empty_21, void @empty_4, void @empty_18, i32 16, i32 16, i32 16, i32 16, void @empty_18, void @empty_18, i32 4294967295, i32 0, i32 0"   --->   Operation 95 'specinterface' 'specinterface_ln0' <Predicate = true> <Delay = 0.00>
ST_19 : Operation 96 [1/1] (0.00ns)   --->   "%specbitsmap_ln0 = specbitsmap void @_ssdm_op_SpecBitsMap, i32 %gmem3"   --->   Operation 96 'specbitsmap' 'specbitsmap_ln0' <Predicate = true> <Delay = 0.00>
ST_19 : Operation 97 [1/1] (0.00ns)   --->   "%specinterface_ln0 = specinterface void @_ssdm_op_SpecInterface, i8 %gmem4, void @empty_41, i32 0, i32 0, void @empty_18, i32 0, i32 0, void @empty_8, void @empty_4, void @empty_18, i32 16, i32 16, i32 16, i32 16, void @empty_18, void @empty_18, i32 4294967295, i32 0, i32 0"   --->   Operation 97 'specinterface' 'specinterface_ln0' <Predicate = true> <Delay = 0.00>
ST_19 : Operation 98 [1/1] (0.00ns)   --->   "%specbitsmap_ln0 = specbitsmap void @_ssdm_op_SpecBitsMap, i8 %gmem4"   --->   Operation 98 'specbitsmap' 'specbitsmap_ln0' <Predicate = true> <Delay = 0.00>
ST_19 : Operation 99 [1/1] (0.00ns)   --->   "%specbitsmap_ln0 = specbitsmap void @_ssdm_op_SpecBitsMap, i8 %mode"   --->   Operation 99 'specbitsmap' 'specbitsmap_ln0' <Predicate = true> <Delay = 0.00>
ST_19 : Operation 100 [1/1] (0.00ns)   --->   "%specinterface_ln0 = specinterface void @_ssdm_op_SpecInterface, i8 %mode, void @empty_0, i32 4294967295, i32 4294967295, void @empty_58, i32 0, i32 0, void @empty_45, void @empty_30, void @empty_18, i32 0, i32 0, i32 0, i32 0, void @empty_18, void @empty_18, i32 4294967295, i32 0, i32 0"   --->   Operation 100 'specinterface' 'specinterface_ln0' <Predicate = true> <Delay = 0.00>
ST_19 : Operation 101 [1/1] (0.00ns)   --->   "%specinterface_ln0 = specinterface void @_ssdm_op_SpecInterface, i8 %mode, void @empty_44, i32 4294967295, i32 4294967295, void @empty_18, i32 0, i32 0, void @empty_18, void @empty_18, void @empty_18, i32 0, i32 0, i32 0, i32 0, void @empty_18, void @empty_18, i32 4294967295, i32 0, i32 0"   --->   Operation 101 'specinterface' 'specinterface_ln0' <Predicate = true> <Delay = 0.00>
ST_19 : Operation 102 [1/1] (0.00ns)   --->   "%specbitsmap_ln0 = specbitsmap void @_ssdm_op_SpecBitsMap, i32 %emission_threshold"   --->   Operation 102 'specbitsmap' 'specbitsmap_ln0' <Predicate = true> <Delay = 0.00>
ST_19 : Operation 103 [1/1] (0.00ns)   --->   "%specinterface_ln0 = specinterface void @_ssdm_op_SpecInterface, i32 %emission_threshold, void @empty_0, i32 4294967295, i32 4294967295, void @empty_58, i32 0, i32 0, void @empty_45, void @empty_100, void @empty_18, i32 0, i32 0, i32 0, i32 0, void @empty_18, void @empty_18, i32 4294967295, i32 0, i32 0"   --->   Operation 103 'specinterface' 'specinterface_ln0' <Predicate = true> <Delay = 0.00>
ST_19 : Operation 104 [1/1] (0.00ns)   --->   "%specinterface_ln0 = specinterface void @_ssdm_op_SpecInterface, i32 %emission_threshold, void @empty_44, i32 4294967295, i32 4294967295, void @empty_18, i32 0, i32 0, void @empty_18, void @empty_18, void @empty_18, i32 0, i32 0, i32 0, i32 0, void @empty_18, void @empty_18, i32 4294967295, i32 0, i32 0"   --->   Operation 104 'specinterface' 'specinterface_ln0' <Predicate = true> <Delay = 0.00>
ST_19 : Operation 105 [1/1] (0.00ns)   --->   "%specbitsmap_ln0 = specbitsmap void @_ssdm_op_SpecBitsMap, i32 %atomLocationsSize"   --->   Operation 105 'specbitsmap' 'specbitsmap_ln0' <Predicate = true> <Delay = 0.00>
ST_19 : Operation 106 [1/1] (0.00ns)   --->   "%specinterface_ln0 = specinterface void @_ssdm_op_SpecInterface, i32 %atomLocationsSize, void @empty_0, i32 4294967295, i32 4294967295, void @empty_58, i32 0, i32 0, void @empty_45, void @empty_3, void @empty_18, i32 0, i32 0, i32 0, i32 0, void @empty_18, void @empty_18, i32 4294967295, i32 0, i32 0"   --->   Operation 106 'specinterface' 'specinterface_ln0' <Predicate = true> <Delay = 0.00>
ST_19 : Operation 107 [1/1] (0.00ns)   --->   "%specinterface_ln0 = specinterface void @_ssdm_op_SpecInterface, i32 %atomLocationsSize, void @empty_44, i32 4294967295, i32 4294967295, void @empty_18, i32 0, i32 0, void @empty_18, void @empty_18, void @empty_18, i32 0, i32 0, i32 0, i32 0, void @empty_18, void @empty_18, i32 4294967295, i32 0, i32 0"   --->   Operation 107 'specinterface' 'specinterface_ln0' <Predicate = true> <Delay = 0.00>
ST_19 : Operation 108 [1/1] (0.00ns)   --->   "%specbitsmap_ln0 = specbitsmap void @_ssdm_op_SpecBitsMap, i32 %projShape0"   --->   Operation 108 'specbitsmap' 'specbitsmap_ln0' <Predicate = true> <Delay = 0.00>
ST_19 : Operation 109 [1/1] (0.00ns)   --->   "%specinterface_ln0 = specinterface void @_ssdm_op_SpecInterface, i32 %projShape0, void @empty_0, i32 4294967295, i32 4294967295, void @empty_58, i32 0, i32 0, void @empty_45, void @empty_72, void @empty_18, i32 0, i32 0, i32 0, i32 0, void @empty_18, void @empty_18, i32 4294967295, i32 0, i32 0"   --->   Operation 109 'specinterface' 'specinterface_ln0' <Predicate = true> <Delay = 0.00>
ST_19 : Operation 110 [1/1] (0.00ns)   --->   "%specinterface_ln0 = specinterface void @_ssdm_op_SpecInterface, i32 %projShape0, void @empty_44, i32 4294967295, i32 4294967295, void @empty_18, i32 0, i32 0, void @empty_18, void @empty_18, void @empty_18, i32 0, i32 0, i32 0, i32 0, void @empty_18, void @empty_18, i32 4294967295, i32 0, i32 0"   --->   Operation 110 'specinterface' 'specinterface_ln0' <Predicate = true> <Delay = 0.00>
ST_19 : Operation 111 [1/1] (0.00ns)   --->   "%specbitsmap_ln0 = specbitsmap void @_ssdm_op_SpecBitsMap, i32 %projShape1"   --->   Operation 111 'specbitsmap' 'specbitsmap_ln0' <Predicate = true> <Delay = 0.00>
ST_19 : Operation 112 [1/1] (0.00ns)   --->   "%specinterface_ln0 = specinterface void @_ssdm_op_SpecInterface, i32 %projShape1, void @empty_0, i32 4294967295, i32 4294967295, void @empty_58, i32 0, i32 0, void @empty_45, void @empty, void @empty_18, i32 0, i32 0, i32 0, i32 0, void @empty_18, void @empty_18, i32 4294967295, i32 0, i32 0"   --->   Operation 112 'specinterface' 'specinterface_ln0' <Predicate = true> <Delay = 0.00>
ST_19 : Operation 113 [1/1] (0.00ns)   --->   "%specinterface_ln0 = specinterface void @_ssdm_op_SpecInterface, i32 %projShape1, void @empty_44, i32 4294967295, i32 4294967295, void @empty_18, i32 0, i32 0, void @empty_18, void @empty_18, void @empty_18, i32 0, i32 0, i32 0, i32 0, void @empty_18, void @empty_18, i32 4294967295, i32 0, i32 0"   --->   Operation 113 'specinterface' 'specinterface_ln0' <Predicate = true> <Delay = 0.00>
ST_19 : Operation 114 [1/1] (0.00ns)   --->   "%specinterface_ln0 = specinterface void @_ssdm_op_SpecInterface, i64 %atomLocations, void @empty_0, i32 0, i32 0, void @empty_18, i32 0, i32 0, void @empty_45, void @empty_10, void @empty_18, i32 0, i32 0, i32 0, i32 0, void @empty_18, void @empty_11, i32 4294967295, i32 0, i32 0"   --->   Operation 114 'specinterface' 'specinterface_ln0' <Predicate = true> <Delay = 0.00>
ST_19 : Operation 115 [1/1] (0.00ns)   --->   "%specinterface_ln0 = specinterface void @_ssdm_op_SpecInterface, i64 %atomLocations, void @empty_44, i32 0, i32 0, void @empty_18, i32 0, i32 0, void @empty_18, void @empty_18, void @empty_18, i32 0, i32 0, i32 0, i32 0, void @empty_18, void @empty_11, i32 4294967295, i32 0, i32 0"   --->   Operation 115 'specinterface' 'specinterface_ln0' <Predicate = true> <Delay = 0.00>
ST_19 : Operation 116 [1/1] (0.00ns)   --->   "%specbitsmap_ln0 = specbitsmap void @_ssdm_op_SpecBitsMap, i32 %psfSupersample"   --->   Operation 116 'specbitsmap' 'specbitsmap_ln0' <Predicate = true> <Delay = 0.00>
ST_19 : Operation 117 [1/1] (0.00ns)   --->   "%specinterface_ln0 = specinterface void @_ssdm_op_SpecInterface, i32 %psfSupersample, void @empty_0, i32 4294967295, i32 4294967295, void @empty_58, i32 0, i32 0, void @empty_45, void @empty_12, void @empty_18, i32 0, i32 0, i32 0, i32 0, void @empty_18, void @empty_18, i32 4294967295, i32 0, i32 0"   --->   Operation 117 'specinterface' 'specinterface_ln0' <Predicate = true> <Delay = 0.00>
ST_19 : Operation 118 [1/1] (0.00ns)   --->   "%specinterface_ln0 = specinterface void @_ssdm_op_SpecInterface, i32 %psfSupersample, void @empty_44, i32 4294967295, i32 4294967295, void @empty_18, i32 0, i32 0, void @empty_18, void @empty_18, void @empty_18, i32 0, i32 0, i32 0, i32 0, void @empty_18, void @empty_18, i32 4294967295, i32 0, i32 0"   --->   Operation 118 'specinterface' 'specinterface_ln0' <Predicate = true> <Delay = 0.00>
ST_19 : Operation 119 [1/1] (0.00ns)   --->   "%specbitsmap_ln0 = specbitsmap void @_ssdm_op_SpecBitsMap, i32 %imageProjectionSize"   --->   Operation 119 'specbitsmap' 'specbitsmap_ln0' <Predicate = true> <Delay = 0.00>
ST_19 : Operation 120 [1/1] (0.00ns)   --->   "%specinterface_ln0 = specinterface void @_ssdm_op_SpecInterface, i32 %imageProjectionSize, void @empty_0, i32 4294967295, i32 4294967295, void @empty_58, i32 0, i32 0, void @empty_45, void @empty_13, void @empty_18, i32 0, i32 0, i32 0, i32 0, void @empty_18, void @empty_18, i32 4294967295, i32 0, i32 0"   --->   Operation 120 'specinterface' 'specinterface_ln0' <Predicate = true> <Delay = 0.00>
ST_19 : Operation 121 [1/1] (0.00ns)   --->   "%specinterface_ln0 = specinterface void @_ssdm_op_SpecInterface, i32 %imageProjectionSize, void @empty_44, i32 4294967295, i32 4294967295, void @empty_18, i32 0, i32 0, void @empty_18, void @empty_18, void @empty_18, i32 0, i32 0, i32 0, i32 0, void @empty_18, void @empty_18, i32 4294967295, i32 0, i32 0"   --->   Operation 121 'specinterface' 'specinterface_ln0' <Predicate = true> <Delay = 0.00>
ST_19 : Operation 122 [1/1] (0.00ns)   --->   "%specinterface_ln0 = specinterface void @_ssdm_op_SpecInterface, i64 %imageProjs_local, void @empty_0, i32 0, i32 0, void @empty_18, i32 0, i32 0, void @empty_45, void @empty_14, void @empty_18, i32 0, i32 0, i32 0, i32 0, void @empty_18, void @empty_18, i32 4294967295, i32 0, i32 0"   --->   Operation 122 'specinterface' 'specinterface_ln0' <Predicate = true> <Delay = 0.00>
ST_19 : Operation 123 [1/1] (0.00ns)   --->   "%specinterface_ln0 = specinterface void @_ssdm_op_SpecInterface, i64 %imageProjs_local, void @empty_44, i32 0, i32 0, void @empty_18, i32 0, i32 0, void @empty_18, void @empty_18, void @empty_18, i32 0, i32 0, i32 0, i32 0, void @empty_18, void @empty_18, i32 4294967295, i32 0, i32 0"   --->   Operation 123 'specinterface' 'specinterface_ln0' <Predicate = true> <Delay = 0.00>
ST_19 : Operation 124 [1/1] (0.00ns)   --->   "%specinterface_ln0 = specinterface void @_ssdm_op_SpecInterface, i64 %imageProjs, void @empty_0, i32 0, i32 0, void @empty_18, i32 0, i32 0, void @empty_45, void @empty_15, void @empty_18, i32 0, i32 0, i32 0, i32 0, void @empty_18, void @empty_11, i32 4294967295, i32 0, i32 0"   --->   Operation 124 'specinterface' 'specinterface_ln0' <Predicate = true> <Delay = 0.00>
ST_19 : Operation 125 [1/1] (0.00ns)   --->   "%specinterface_ln0 = specinterface void @_ssdm_op_SpecInterface, i64 %imageProjs, void @empty_44, i32 0, i32 0, void @empty_18, i32 0, i32 0, void @empty_18, void @empty_18, void @empty_18, i32 0, i32 0, i32 0, i32 0, void @empty_18, void @empty_11, i32 4294967295, i32 0, i32 0"   --->   Operation 125 'specinterface' 'specinterface_ln0' <Predicate = true> <Delay = 0.00>
ST_19 : Operation 126 [1/1] (0.00ns)   --->   "%specinterface_ln0 = specinterface void @_ssdm_op_SpecInterface, i64 %imageProjs_local_size, void @empty_0, i32 0, i32 0, void @empty_18, i32 0, i32 0, void @empty_45, void @empty_16, void @empty_18, i32 0, i32 0, i32 0, i32 0, void @empty_18, void @empty_11, i32 4294967295, i32 0, i32 0"   --->   Operation 126 'specinterface' 'specinterface_ln0' <Predicate = true> <Delay = 0.00>
ST_19 : Operation 127 [1/1] (0.00ns)   --->   "%specinterface_ln0 = specinterface void @_ssdm_op_SpecInterface, i64 %imageProjs_local_size, void @empty_44, i32 0, i32 0, void @empty_18, i32 0, i32 0, void @empty_18, void @empty_18, void @empty_18, i32 0, i32 0, i32 0, i32 0, void @empty_18, void @empty_11, i32 4294967295, i32 0, i32 0"   --->   Operation 127 'specinterface' 'specinterface_ln0' <Predicate = true> <Delay = 0.00>
ST_19 : Operation 128 [1/1] (0.00ns)   --->   "%specinterface_ln0 = specinterface void @_ssdm_op_SpecInterface, i64 %fullImage, void @empty_0, i32 0, i32 0, void @empty_18, i32 0, i32 0, void @empty_45, void @empty_17, void @empty_18, i32 0, i32 0, i32 0, i32 0, void @empty_18, void @empty_18, i32 4294967295, i32 0, i32 0"   --->   Operation 128 'specinterface' 'specinterface_ln0' <Predicate = true> <Delay = 0.00>
ST_19 : Operation 129 [1/1] (0.00ns)   --->   "%specinterface_ln0 = specinterface void @_ssdm_op_SpecInterface, i64 %fullImage, void @empty_44, i32 0, i32 0, void @empty_18, i32 0, i32 0, void @empty_18, void @empty_18, void @empty_18, i32 0, i32 0, i32 0, i32 0, void @empty_18, void @empty_18, i32 4294967295, i32 0, i32 0"   --->   Operation 129 'specinterface' 'specinterface_ln0' <Predicate = true> <Delay = 0.00>
ST_19 : Operation 130 [1/1] (0.00ns)   --->   "%specbitsmap_ln0 = specbitsmap void @_ssdm_op_SpecBitsMap, i32 %fullImage_rows"   --->   Operation 130 'specbitsmap' 'specbitsmap_ln0' <Predicate = true> <Delay = 0.00>
ST_19 : Operation 131 [1/1] (0.00ns)   --->   "%specinterface_ln0 = specinterface void @_ssdm_op_SpecInterface, i32 %fullImage_rows, void @empty_0, i32 4294967295, i32 4294967295, void @empty_58, i32 0, i32 0, void @empty_45, void @empty_56, void @empty_18, i32 0, i32 0, i32 0, i32 0, void @empty_18, void @empty_18, i32 4294967295, i32 0, i32 0"   --->   Operation 131 'specinterface' 'specinterface_ln0' <Predicate = true> <Delay = 0.00>
ST_19 : Operation 132 [1/1] (0.00ns)   --->   "%specinterface_ln0 = specinterface void @_ssdm_op_SpecInterface, i32 %fullImage_rows, void @empty_44, i32 4294967295, i32 4294967295, void @empty_18, i32 0, i32 0, void @empty_18, void @empty_18, void @empty_18, i32 0, i32 0, i32 0, i32 0, void @empty_18, void @empty_18, i32 4294967295, i32 0, i32 0"   --->   Operation 132 'specinterface' 'specinterface_ln0' <Predicate = true> <Delay = 0.00>
ST_19 : Operation 133 [1/1] (0.00ns)   --->   "%specbitsmap_ln0 = specbitsmap void @_ssdm_op_SpecBitsMap, i32 %fullImage_cols"   --->   Operation 133 'specbitsmap' 'specbitsmap_ln0' <Predicate = true> <Delay = 0.00>
ST_19 : Operation 134 [1/1] (0.00ns)   --->   "%specinterface_ln0 = specinterface void @_ssdm_op_SpecInterface, i32 %fullImage_cols, void @empty_0, i32 4294967295, i32 4294967295, void @empty_58, i32 0, i32 0, void @empty_45, void @empty_37, void @empty_18, i32 0, i32 0, i32 0, i32 0, void @empty_18, void @empty_18, i32 4294967295, i32 0, i32 0"   --->   Operation 134 'specinterface' 'specinterface_ln0' <Predicate = true> <Delay = 0.00>
ST_19 : Operation 135 [1/1] (0.00ns)   --->   "%specinterface_ln0 = specinterface void @_ssdm_op_SpecInterface, i32 %fullImage_cols, void @empty_44, i32 4294967295, i32 4294967295, void @empty_18, i32 0, i32 0, void @empty_18, void @empty_18, void @empty_18, i32 0, i32 0, i32 0, i32 0, void @empty_18, void @empty_18, i32 4294967295, i32 0, i32 0"   --->   Operation 135 'specinterface' 'specinterface_ln0' <Predicate = true> <Delay = 0.00>
ST_19 : Operation 136 [1/1] (0.00ns)   --->   "%specinterface_ln0 = specinterface void @_ssdm_op_SpecInterface, i64 %emissions, void @empty_0, i32 0, i32 0, void @empty_18, i32 0, i32 0, void @empty_45, void @empty_38, void @empty_18, i32 0, i32 0, i32 0, i32 0, void @empty_18, void @empty_11, i32 4294967295, i32 0, i32 0"   --->   Operation 136 'specinterface' 'specinterface_ln0' <Predicate = true> <Delay = 0.00>
ST_19 : Operation 137 [1/1] (0.00ns)   --->   "%specinterface_ln0 = specinterface void @_ssdm_op_SpecInterface, i64 %emissions, void @empty_44, i32 0, i32 0, void @empty_18, i32 0, i32 0, void @empty_18, void @empty_18, void @empty_18, i32 0, i32 0, i32 0, i32 0, void @empty_18, void @empty_11, i32 4294967295, i32 0, i32 0"   --->   Operation 137 'specinterface' 'specinterface_ln0' <Predicate = true> <Delay = 0.00>
ST_19 : Operation 138 [1/1] (0.00ns)   --->   "%specbitsmap_ln0 = specbitsmap void @_ssdm_op_SpecBitsMap, i32 %grid_rows"   --->   Operation 138 'specbitsmap' 'specbitsmap_ln0' <Predicate = true> <Delay = 0.00>
ST_19 : Operation 139 [1/1] (0.00ns)   --->   "%specinterface_ln0 = specinterface void @_ssdm_op_SpecInterface, i32 %grid_rows, void @empty_0, i32 4294967295, i32 4294967295, void @empty_58, i32 0, i32 0, void @empty_45, void @empty_2, void @empty_18, i32 0, i32 0, i32 0, i32 0, void @empty_18, void @empty_18, i32 4294967295, i32 0, i32 0"   --->   Operation 139 'specinterface' 'specinterface_ln0' <Predicate = true> <Delay = 0.00>
ST_19 : Operation 140 [1/1] (0.00ns)   --->   "%specinterface_ln0 = specinterface void @_ssdm_op_SpecInterface, i32 %grid_rows, void @empty_44, i32 4294967295, i32 4294967295, void @empty_18, i32 0, i32 0, void @empty_18, void @empty_18, void @empty_18, i32 0, i32 0, i32 0, i32 0, void @empty_18, void @empty_18, i32 4294967295, i32 0, i32 0"   --->   Operation 140 'specinterface' 'specinterface_ln0' <Predicate = true> <Delay = 0.00>
ST_19 : Operation 141 [1/1] (0.00ns)   --->   "%specbitsmap_ln0 = specbitsmap void @_ssdm_op_SpecBitsMap, i32 %grid_cols"   --->   Operation 141 'specbitsmap' 'specbitsmap_ln0' <Predicate = true> <Delay = 0.00>
ST_19 : Operation 142 [1/1] (0.00ns)   --->   "%specinterface_ln0 = specinterface void @_ssdm_op_SpecInterface, i32 %grid_cols, void @empty_0, i32 4294967295, i32 4294967295, void @empty_58, i32 0, i32 0, void @empty_45, void @empty_40, void @empty_18, i32 0, i32 0, i32 0, i32 0, void @empty_18, void @empty_18, i32 4294967295, i32 0, i32 0"   --->   Operation 142 'specinterface' 'specinterface_ln0' <Predicate = true> <Delay = 0.00>
ST_19 : Operation 143 [1/1] (0.00ns)   --->   "%specinterface_ln0 = specinterface void @_ssdm_op_SpecInterface, i32 %grid_cols, void @empty_44, i32 4294967295, i32 4294967295, void @empty_18, i32 0, i32 0, void @empty_18, void @empty_18, void @empty_18, i32 0, i32 0, i32 0, i32 0, void @empty_18, void @empty_18, i32 4294967295, i32 0, i32 0"   --->   Operation 143 'specinterface' 'specinterface_ln0' <Predicate = true> <Delay = 0.00>
ST_19 : Operation 144 [1/1] (0.00ns)   --->   "%specinterface_ln0 = specinterface void @_ssdm_op_SpecInterface, i64 %targetGeometry_mem, void @empty_0, i32 0, i32 0, void @empty_18, i32 0, i32 0, void @empty_45, void @empty_32, void @empty_18, i32 0, i32 0, i32 0, i32 0, void @empty_18, void @empty_11, i32 4294967295, i32 0, i32 0"   --->   Operation 144 'specinterface' 'specinterface_ln0' <Predicate = true> <Delay = 0.00>
ST_19 : Operation 145 [1/1] (0.00ns)   --->   "%specinterface_ln0 = specinterface void @_ssdm_op_SpecInterface, i64 %targetGeometry_mem, void @empty_44, i32 0, i32 0, void @empty_18, i32 0, i32 0, void @empty_18, void @empty_18, void @empty_18, i32 0, i32 0, i32 0, i32 0, void @empty_18, void @empty_11, i32 4294967295, i32 0, i32 0"   --->   Operation 145 'specinterface' 'specinterface_ln0' <Predicate = true> <Delay = 0.00>
ST_19 : Operation 146 [1/1] (0.00ns)   --->   "%specbitsmap_ln0 = specbitsmap void @_ssdm_op_SpecBitsMap, i32 %compZoneRowStart"   --->   Operation 146 'specbitsmap' 'specbitsmap_ln0' <Predicate = true> <Delay = 0.00>
ST_19 : Operation 147 [1/1] (0.00ns)   --->   "%specinterface_ln0 = specinterface void @_ssdm_op_SpecInterface, i32 %compZoneRowStart, void @empty_0, i32 4294967295, i32 4294967295, void @empty_58, i32 0, i32 0, void @empty_45, void @empty_24, void @empty_18, i32 0, i32 0, i32 0, i32 0, void @empty_18, void @empty_18, i32 4294967295, i32 0, i32 0"   --->   Operation 147 'specinterface' 'specinterface_ln0' <Predicate = true> <Delay = 0.00>
ST_19 : Operation 148 [1/1] (0.00ns)   --->   "%specinterface_ln0 = specinterface void @_ssdm_op_SpecInterface, i32 %compZoneRowStart, void @empty_44, i32 4294967295, i32 4294967295, void @empty_18, i32 0, i32 0, void @empty_18, void @empty_18, void @empty_18, i32 0, i32 0, i32 0, i32 0, void @empty_18, void @empty_18, i32 4294967295, i32 0, i32 0"   --->   Operation 148 'specinterface' 'specinterface_ln0' <Predicate = true> <Delay = 0.00>
ST_19 : Operation 149 [1/1] (0.00ns)   --->   "%specbitsmap_ln0 = specbitsmap void @_ssdm_op_SpecBitsMap, i32 %compZoneRowEnd"   --->   Operation 149 'specbitsmap' 'specbitsmap_ln0' <Predicate = true> <Delay = 0.00>
ST_19 : Operation 150 [1/1] (0.00ns)   --->   "%specinterface_ln0 = specinterface void @_ssdm_op_SpecInterface, i32 %compZoneRowEnd, void @empty_0, i32 4294967295, i32 4294967295, void @empty_58, i32 0, i32 0, void @empty_45, void @empty_33, void @empty_18, i32 0, i32 0, i32 0, i32 0, void @empty_18, void @empty_18, i32 4294967295, i32 0, i32 0"   --->   Operation 150 'specinterface' 'specinterface_ln0' <Predicate = true> <Delay = 0.00>
ST_19 : Operation 151 [1/1] (0.00ns)   --->   "%specinterface_ln0 = specinterface void @_ssdm_op_SpecInterface, i32 %compZoneRowEnd, void @empty_44, i32 4294967295, i32 4294967295, void @empty_18, i32 0, i32 0, void @empty_18, void @empty_18, void @empty_18, i32 0, i32 0, i32 0, i32 0, void @empty_18, void @empty_18, i32 4294967295, i32 0, i32 0"   --->   Operation 151 'specinterface' 'specinterface_ln0' <Predicate = true> <Delay = 0.00>
ST_19 : Operation 152 [1/1] (0.00ns)   --->   "%specbitsmap_ln0 = specbitsmap void @_ssdm_op_SpecBitsMap, i32 %compZoneColStart"   --->   Operation 152 'specbitsmap' 'specbitsmap_ln0' <Predicate = true> <Delay = 0.00>
ST_19 : Operation 153 [1/1] (0.00ns)   --->   "%specinterface_ln0 = specinterface void @_ssdm_op_SpecInterface, i32 %compZoneColStart, void @empty_0, i32 4294967295, i32 4294967295, void @empty_58, i32 0, i32 0, void @empty_45, void @empty_25, void @empty_18, i32 0, i32 0, i32 0, i32 0, void @empty_18, void @empty_18, i32 4294967295, i32 0, i32 0"   --->   Operation 153 'specinterface' 'specinterface_ln0' <Predicate = true> <Delay = 0.00>
ST_19 : Operation 154 [1/1] (0.00ns)   --->   "%specinterface_ln0 = specinterface void @_ssdm_op_SpecInterface, i32 %compZoneColStart, void @empty_44, i32 4294967295, i32 4294967295, void @empty_18, i32 0, i32 0, void @empty_18, void @empty_18, void @empty_18, i32 0, i32 0, i32 0, i32 0, void @empty_18, void @empty_18, i32 4294967295, i32 0, i32 0"   --->   Operation 154 'specinterface' 'specinterface_ln0' <Predicate = true> <Delay = 0.00>
ST_19 : Operation 155 [1/1] (0.00ns)   --->   "%specbitsmap_ln0 = specbitsmap void @_ssdm_op_SpecBitsMap, i32 %compZoneColEnd"   --->   Operation 155 'specbitsmap' 'specbitsmap_ln0' <Predicate = true> <Delay = 0.00>
ST_19 : Operation 156 [1/1] (0.00ns)   --->   "%specinterface_ln0 = specinterface void @_ssdm_op_SpecInterface, i32 %compZoneColEnd, void @empty_0, i32 4294967295, i32 4294967295, void @empty_58, i32 0, i32 0, void @empty_45, void @empty_26, void @empty_18, i32 0, i32 0, i32 0, i32 0, void @empty_18, void @empty_18, i32 4294967295, i32 0, i32 0"   --->   Operation 156 'specinterface' 'specinterface_ln0' <Predicate = true> <Delay = 0.00>
ST_19 : Operation 157 [1/1] (0.00ns)   --->   "%specinterface_ln0 = specinterface void @_ssdm_op_SpecInterface, i32 %compZoneColEnd, void @empty_44, i32 4294967295, i32 4294967295, void @empty_18, i32 0, i32 0, void @empty_18, void @empty_18, void @empty_18, i32 0, i32 0, i32 0, i32 0, void @empty_18, void @empty_18, i32 4294967295, i32 0, i32 0"   --->   Operation 157 'specinterface' 'specinterface_ln0' <Predicate = true> <Delay = 0.00>
ST_19 : Operation 158 [1/1] (0.00ns)   --->   "%specinterface_ln0 = specinterface void @_ssdm_op_SpecInterface, i512 %moveStream, void @empty_27, i32 1, i32 1, void @empty_58, i32 0, i32 0, void @empty_18, void @empty_18, void @empty_18, i32 0, i32 0, i32 0, i32 0, void @empty_18, void @empty_18, i32 4294967295, i32 0, i32 0"   --->   Operation 158 'specinterface' 'specinterface_ln0' <Predicate = true> <Delay = 0.00>
ST_19 : Operation 159 [1/1] (0.00ns)   --->   "%specbitsmap_ln0 = specbitsmap void @_ssdm_op_SpecBitsMap, i512 %moveStream"   --->   Operation 159 'specbitsmap' 'specbitsmap_ln0' <Predicate = true> <Delay = 0.00>
ST_19 : Operation 160 [1/1] (0.00ns)   --->   "%specbitsmap_ln0 = specbitsmap void @_ssdm_op_SpecBitsMap, i32 %moveCount"   --->   Operation 160 'specbitsmap' 'specbitsmap_ln0' <Predicate = true> <Delay = 0.00>
ST_19 : Operation 161 [1/1] (0.00ns)   --->   "%specinterface_ln0 = specinterface void @_ssdm_op_SpecInterface, i32 %moveCount, void @empty_0, i32 4294967295, i32 4294967295, void @empty_58, i32 0, i32 0, void @empty_45, void @empty_28, void @empty_18, i32 0, i32 0, i32 0, i32 0, void @empty_18, void @empty_18, i32 4294967295, i32 0, i32 0"   --->   Operation 161 'specinterface' 'specinterface_ln0' <Predicate = true> <Delay = 0.00>
ST_19 : Operation 162 [1/1] (0.00ns)   --->   "%specinterface_ln0 = specinterface void @_ssdm_op_SpecInterface, i32 %moveCount, void @empty_44, i32 4294967295, i32 4294967295, void @empty_18, i32 0, i32 0, void @empty_18, void @empty_18, void @empty_18, i32 0, i32 0, i32 0, i32 0, void @empty_18, void @empty_18, i32 4294967295, i32 0, i32 0"   --->   Operation 162 'specinterface' 'specinterface_ln0' <Predicate = true> <Delay = 0.00>
ST_19 : Operation 163 [1/1] (0.00ns)   --->   "%specinterface_ln0 = specinterface void @_ssdm_op_SpecInterface, i32 0, void @empty_0, i32 0, i32 0, void @empty_18, i32 0, i32 0, void @empty_45, void @empty_18, void @empty_18, i32 0, i32 0, i32 0, i32 0, void @empty_18, void @empty_18, i32 4294967295, i32 0, i32 0"   --->   Operation 163 'specinterface' 'specinterface_ln0' <Predicate = true> <Delay = 0.00>
ST_19 : Operation 164 [1/5] (7.30ns)   --->   "%empty_213 = writeresp i1 @_ssdm_op_WriteResp.m_axi.p1i32, i32 %gmem3_addr" [/home/xiaorang/Documents/ATOMFLOW/atomflow_controller/atomflow_controller.cpp:145]   --->   Operation 164 'writeresp' 'empty_213' <Predicate = true> <Delay = 7.30> <CoreInst = "m_axi">   --->   Core 119 'm_axi' <Latency = 3> <II = 1> <Delay = 1.00> <Adapter> <Opcode : 'read' 'write' 'readreq' 'writereq' 'writeresp'>
ST_19 : Operation 165 [1/1] (0.42ns)   --->   "%br_ln145 = br i1 %icmp_ln145, void %if.end, void %for.inc.i.preheader" [/home/xiaorang/Documents/ATOMFLOW/atomflow_controller/atomflow_controller.cpp:145]   --->   Operation 165 'br' 'br_ln145' <Predicate = true> <Delay = 0.42>
ST_19 : Operation 166 [2/2] (0.00ns)   --->   "%call_ln0 = call void @atomflow_controller_Pipeline_VITIS_LOOP_231_1, i1 %stateArray_data_s"   --->   Operation 166 'call' 'call_ln0' <Predicate = (icmp_ln145)> <Delay = 0.00> <CoreType = "Generic">   --->   Generic Core
ST_19 : Operation 167 [2/2] (0.00ns)   --->   "%call_ln0 = call void @atomflow_controller_Pipeline_VITIS_LOOP_231_17, i1 %targetGeometry_data_s"   --->   Operation 167 'call' 'call_ln0' <Predicate = (icmp_ln145)> <Delay = 0.00> <CoreType = "Generic">   --->   Generic Core

State 20 <SV = 19> <Delay = 1.69>
ST_20 : Operation 168 [1/2] (1.69ns)   --->   "%call_ln0 = call void @atomflow_controller_Pipeline_VITIS_LOOP_231_1, i1 %stateArray_data_s"   --->   Operation 168 'call' 'call_ln0' <Predicate = true> <Delay = 1.69> <CoreType = "Generic">   --->   Generic Core
ST_20 : Operation 169 [1/2] (1.69ns)   --->   "%call_ln0 = call void @atomflow_controller_Pipeline_VITIS_LOOP_231_17, i1 %targetGeometry_data_s"   --->   Operation 169 'call' 'call_ln0' <Predicate = true> <Delay = 1.69> <CoreType = "Generic">   --->   Generic Core

State 21 <SV = 20> <Delay = 5.74>
ST_21 : Operation 170 [2/2] (5.74ns)   --->   "%call_ret6 = call i128 @emissions_to_statearray, i32 %emissions_local, i32 %emissions_local_1, i32 %emissions_local_2, i32 %emissions_local_3, i32 %emissions_local_4, i32 %emissions_local_5, i32 %emissions_local_6, i32 %emissions_local_7, i32 %atomLocationsSize_read, i32 %grid_rows_read, i32 %grid_cols_read, i32 %emission_threshold_read, i1 %stateArray_data_s" [/home/xiaorang/Documents/ATOMFLOW/atomflow_controller/atomflow_controller.cpp:148]   --->   Operation 170 'call' 'call_ret6' <Predicate = true> <Delay = 5.74> <CoreType = "Generic">   --->   Generic Core
ST_21 : Operation 171 [2/2] (5.74ns)   --->   "%call_ret = call i128 @load_target_geometry, i8 %gmem4, i64 %targetGeometry_mem_read, i32 %grid_rows_read, i32 %grid_cols_read, i1 %targetGeometry_data_s" [/home/xiaorang/Documents/ATOMFLOW/atomflow_controller/atomflow_controller.cpp:156]   --->   Operation 171 'call' 'call_ret' <Predicate = true> <Delay = 5.74> <CoreType = "Generic">   --->   Generic Core

State 22 <SV = 21> <Delay = 2.52>
ST_22 : Operation 172 [1/2] (0.00ns)   --->   "%call_ret6 = call i128 @emissions_to_statearray, i32 %emissions_local, i32 %emissions_local_1, i32 %emissions_local_2, i32 %emissions_local_3, i32 %emissions_local_4, i32 %emissions_local_5, i32 %emissions_local_6, i32 %emissions_local_7, i32 %atomLocationsSize_read, i32 %grid_rows_read, i32 %grid_cols_read, i32 %emission_threshold_read, i1 %stateArray_data_s" [/home/xiaorang/Documents/ATOMFLOW/atomflow_controller/atomflow_controller.cpp:148]   --->   Operation 172 'call' 'call_ret6' <Predicate = true> <Delay = 0.00> <CoreType = "Generic">   --->   Generic Core
ST_22 : Operation 173 [1/1] (0.00ns)   --->   "%stateArray_rows_s = extractvalue i128 %call_ret6" [/home/xiaorang/Documents/ATOMFLOW/atomflow_controller/atomflow_controller.cpp:148]   --->   Operation 173 'extractvalue' 'stateArray_rows_s' <Predicate = true> <Delay = 0.00>
ST_22 : Operation 174 [1/1] (0.00ns)   --->   "%trunc_ln148 = trunc i64 %stateArray_rows_s" [/home/xiaorang/Documents/ATOMFLOW/atomflow_controller/atomflow_controller.cpp:148]   --->   Operation 174 'trunc' 'trunc_ln148' <Predicate = true> <Delay = 0.00>
ST_22 : Operation 175 [1/1] (0.00ns)   --->   "%stateArray_cols_s = extractvalue i128 %call_ret6" [/home/xiaorang/Documents/ATOMFLOW/atomflow_controller/atomflow_controller.cpp:148]   --->   Operation 175 'extractvalue' 'stateArray_cols_s' <Predicate = true> <Delay = 0.00>
ST_22 : Operation 176 [1/1] (0.00ns)   --->   "%trunc_ln148_1 = trunc i64 %stateArray_cols_s" [/home/xiaorang/Documents/ATOMFLOW/atomflow_controller/atomflow_controller.cpp:148]   --->   Operation 176 'trunc' 'trunc_ln148_1' <Predicate = true> <Delay = 0.00>
ST_22 : Operation 177 [1/2] (0.00ns)   --->   "%call_ret = call i128 @load_target_geometry, i8 %gmem4, i64 %targetGeometry_mem_read, i32 %grid_rows_read, i32 %grid_cols_read, i1 %targetGeometry_data_s" [/home/xiaorang/Documents/ATOMFLOW/atomflow_controller/atomflow_controller.cpp:156]   --->   Operation 177 'call' 'call_ret' <Predicate = true> <Delay = 0.00> <CoreType = "Generic">   --->   Generic Core
ST_22 : Operation 178 [1/1] (0.00ns) (grouped into LUT with out node icmp_ln1888)   --->   "%targetGeometry_rows_s = extractvalue i128 %call_ret" [/home/xiaorang/Documents/ATOMFLOW/atomflow_controller/atomflow_controller.cpp:156]   --->   Operation 178 'extractvalue' 'targetGeometry_rows_s' <Predicate = true> <Delay = 0.00>
ST_22 : Operation 179 [1/1] (0.00ns)   --->   "%targetGeometry_cols_s = extractvalue i128 %call_ret" [/home/xiaorang/Documents/ATOMFLOW/atomflow_controller/atomflow_controller.cpp:156]   --->   Operation 179 'extractvalue' 'targetGeometry_cols_s' <Predicate = true> <Delay = 0.00>
ST_22 : Operation 180 [1/1] (0.00ns)   --->   "%trunc_ln156 = trunc i64 %targetGeometry_cols_s" [/home/xiaorang/Documents/ATOMFLOW/atomflow_controller/atomflow_controller.cpp:156]   --->   Operation 180 'trunc' 'trunc_ln156' <Predicate = true> <Delay = 0.00>
ST_22 : Operation 181 [1/1] (0.00ns)   --->   "%zext_ln165 = zext i32 %compZoneRowStart_read" [/home/xiaorang/Documents/ATOMFLOW/atomflow_controller/atomflow_controller.cpp:165]   --->   Operation 181 'zext' 'zext_ln165' <Predicate = true> <Delay = 0.00>
ST_22 : Operation 182 [1/1] (0.00ns)   --->   "%zext_ln166 = zext i32 %compZoneRowEnd_read" [/home/xiaorang/Documents/ATOMFLOW/atomflow_controller/atomflow_controller.cpp:166]   --->   Operation 182 'zext' 'zext_ln166' <Predicate = true> <Delay = 0.00>
ST_22 : Operation 183 [1/1] (0.00ns)   --->   "%zext_ln166_1 = zext i32 %compZoneColStart_read" [/home/xiaorang/Documents/ATOMFLOW/atomflow_controller/atomflow_controller.cpp:166]   --->   Operation 183 'zext' 'zext_ln166_1' <Predicate = true> <Delay = 0.00>
ST_22 : Operation 184 [1/1] (0.00ns)   --->   "%zext_ln163 = zext i32 %compZoneColEnd_read" [/home/xiaorang/Documents/ATOMFLOW/atomflow_controller/atomflow_controller.cpp:163]   --->   Operation 184 'zext' 'zext_ln163' <Predicate = true> <Delay = 0.00>
ST_22 : Operation 185 [1/1] (0.00ns)   --->   "%specmemcore_ln163 = specmemcore void @_ssdm_op_SpecMemCore, i1 %stateArray_data_s, i64 666, i64 22, i64 18446744073709551615" [/home/xiaorang/Documents/ATOMFLOW/atomflow_controller/atomflow_controller.cpp:163]   --->   Operation 185 'specmemcore' 'specmemcore_ln163' <Predicate = true> <Delay = 0.00>
ST_22 : Operation 186 [1/1] (0.00ns)   --->   "%specmemcore_ln163 = specmemcore void @_ssdm_op_SpecMemCore, i1 %targetGeometry_data_s, i64 666, i64 22, i64 18446744073709551615" [/home/xiaorang/Documents/ATOMFLOW/atomflow_controller/atomflow_controller.cpp:163]   --->   Operation 186 'specmemcore' 'specmemcore_ln163' <Predicate = true> <Delay = 0.00>
ST_22 : Operation 187 [1/1] (1.01ns)   --->   "%sub_ln1888 = sub i33 %zext_ln166, i33 %zext_ln165" [/home/xiaorang/Documents/ATOMFLOW/sorting-organized-main/src/sortLatticeByRow.cpp:1888->/home/xiaorang/Documents/ATOMFLOW/atomflow_controller/atomflow_controller.cpp:163]   --->   Operation 187 'sub' 'sub_ln1888' <Predicate = true> <Delay = 1.01> <CoreInst = "Adder">   --->   Core 1 'Adder' <Latency = 0> <II = 1> <Delay = 1.01> <FuncUnit> <Opcode : 'add' 'sub'> <InPorts = 2> <OutPorts = 1>
ST_22 : Operation 188 [1/1] (0.00ns) (grouped into LUT with out node icmp_ln1888)   --->   "%sext_ln0 = sext i33 %sub_ln1888" [/home/xiaorang/Documents/ATOMFLOW/atomflow_controller/../sorting-organized-main/src/sortLatticeByRow.hpp:0->/home/xiaorang/Documents/ATOMFLOW/sorting-organized-main/src/sortLatticeByRow.cpp:1888->/home/xiaorang/Documents/ATOMFLOW/atomflow_controller/atomflow_controller.cpp:163]   --->   Operation 188 'sext' 'sext_ln0' <Predicate = true> <Delay = 0.00>
ST_22 : Operation 189 [1/1] (1.08ns) (out node of the LUT)   --->   "%icmp_ln1888 = icmp_eq  i64 %sext_ln0, i64 %targetGeometry_rows_s" [/home/xiaorang/Documents/ATOMFLOW/sorting-organized-main/src/sortLatticeByRow.cpp:1888->/home/xiaorang/Documents/ATOMFLOW/atomflow_controller/atomflow_controller.cpp:163]   --->   Operation 189 'icmp' 'icmp_ln1888' <Predicate = true> <Delay = 1.08> <CoreInst = "Cmp">   --->   Core 9 'Cmp' <Latency = 0> <II = 1> <Delay = 1.08> <FuncUnit> <Opcode : 'seteq' 'setne' 'setle' 'setge' 'setlt' 'setgt'> <InPorts = 2> <OutPorts = 1>
ST_22 : Operation 190 [1/1] (0.42ns)   --->   "%br_ln1888 = br i1 %icmp_ln1888, void %if.end, void %if.end.i" [/home/xiaorang/Documents/ATOMFLOW/sorting-organized-main/src/sortLatticeByRow.cpp:1888->/home/xiaorang/Documents/ATOMFLOW/atomflow_controller/atomflow_controller.cpp:163]   --->   Operation 190 'br' 'br_ln1888' <Predicate = true> <Delay = 0.42>
ST_22 : Operation 191 [1/1] (1.01ns)   --->   "%sub_ln1890 = sub i33 %zext_ln163, i33 %zext_ln166_1" [/home/xiaorang/Documents/ATOMFLOW/sorting-organized-main/src/sortLatticeByRow.cpp:1890->/home/xiaorang/Documents/ATOMFLOW/atomflow_controller/atomflow_controller.cpp:163]   --->   Operation 191 'sub' 'sub_ln1890' <Predicate = (icmp_ln1888)> <Delay = 1.01> <CoreInst = "Adder">   --->   Core 1 'Adder' <Latency = 0> <II = 1> <Delay = 1.01> <FuncUnit> <Opcode : 'add' 'sub'> <InPorts = 2> <OutPorts = 1>
ST_22 : Operation 192 [1/1] (0.00ns)   --->   "%sext_ln0_1 = sext i33 %sub_ln1890" [/home/xiaorang/Documents/ATOMFLOW/atomflow_controller/../sorting-organized-main/src/sortLatticeByRow.hpp:0->/home/xiaorang/Documents/ATOMFLOW/sorting-organized-main/src/sortLatticeByRow.cpp:1890->/home/xiaorang/Documents/ATOMFLOW/atomflow_controller/atomflow_controller.cpp:163]   --->   Operation 192 'sext' 'sext_ln0_1' <Predicate = (icmp_ln1888)> <Delay = 0.00>
ST_22 : Operation 193 [1/1] (1.08ns)   --->   "%icmp_ln1890 = icmp_eq  i64 %sext_ln0_1, i64 %targetGeometry_cols_s" [/home/xiaorang/Documents/ATOMFLOW/sorting-organized-main/src/sortLatticeByRow.cpp:1890->/home/xiaorang/Documents/ATOMFLOW/atomflow_controller/atomflow_controller.cpp:163]   --->   Operation 193 'icmp' 'icmp_ln1890' <Predicate = (icmp_ln1888)> <Delay = 1.08> <CoreInst = "Cmp">   --->   Core 9 'Cmp' <Latency = 0> <II = 1> <Delay = 1.08> <FuncUnit> <Opcode : 'seteq' 'setne' 'setle' 'setge' 'setlt' 'setgt'> <InPorts = 2> <OutPorts = 1>
ST_22 : Operation 194 [1/1] (0.42ns)   --->   "%br_ln1890 = br i1 %icmp_ln1890, void %if.end, void %if.end5.i" [/home/xiaorang/Documents/ATOMFLOW/sorting-organized-main/src/sortLatticeByRow.cpp:1890->/home/xiaorang/Documents/ATOMFLOW/atomflow_controller/atomflow_controller.cpp:163]   --->   Operation 194 'br' 'br_ln1890' <Predicate = (icmp_ln1888)> <Delay = 0.42>

State 23 <SV = 22> <Delay = 3.31>
ST_23 : Operation 195 [2/2] (3.31ns)   --->   "%moveStreamWrapper_count = call i32 @sortArray_impl_state_accessor<HLSMoveStream>, i1 %stateArray_data_s, i32 %trunc_ln148, i32 %trunc_ln148_1, i32 %compZoneRowStart_read, i32 %compZoneRowEnd_read, i32 %compZoneColStart_read, i32 %compZoneColEnd_read, i1 %targetGeometry_data_s, i33 %trunc_ln156, i512 %moveStream" [/home/xiaorang/Documents/ATOMFLOW/sorting-organized-main/src/sortLatticeByRow.cpp:1893->/home/xiaorang/Documents/ATOMFLOW/atomflow_controller/atomflow_controller.cpp:163]   --->   Operation 195 'call' 'moveStreamWrapper_count' <Predicate = true> <Delay = 3.31> <CoreType = "Generic">   --->   Generic Core

State 24 <SV = 23> <Delay = 0.47>
ST_24 : Operation 196 [1/2] (0.47ns)   --->   "%moveStreamWrapper_count = call i32 @sortArray_impl_state_accessor<HLSMoveStream>, i1 %stateArray_data_s, i32 %trunc_ln148, i32 %trunc_ln148_1, i32 %compZoneRowStart_read, i32 %compZoneRowEnd_read, i32 %compZoneColStart_read, i32 %compZoneColEnd_read, i1 %targetGeometry_data_s, i33 %trunc_ln156, i512 %moveStream" [/home/xiaorang/Documents/ATOMFLOW/sorting-organized-main/src/sortLatticeByRow.cpp:1893->/home/xiaorang/Documents/ATOMFLOW/atomflow_controller/atomflow_controller.cpp:163]   --->   Operation 196 'call' 'moveStreamWrapper_count' <Predicate = true> <Delay = 0.47> <CoreType = "Generic">   --->   Generic Core
ST_24 : Operation 197 [1/1] (0.42ns)   --->   "%br_ln1893 = br void %if.end" [/home/xiaorang/Documents/ATOMFLOW/sorting-organized-main/src/sortLatticeByRow.cpp:1893->/home/xiaorang/Documents/ATOMFLOW/atomflow_controller/atomflow_controller.cpp:163]   --->   Operation 197 'br' 'br_ln1893' <Predicate = true> <Delay = 0.42>

State 25 <SV = 24> <Delay = 1.00>
ST_25 : Operation 198 [1/1] (0.00ns)   --->   "%storemerge = phi i32 0, void %entry, i32 %moveStreamWrapper_count, void %if.end5.i, i32 0, void %if.end.i, i32 0, void %for.inc.i.preheader"   --->   Operation 198 'phi' 'storemerge' <Predicate = true> <Delay = 0.00>
ST_25 : Operation 199 [1/1] (1.00ns)   --->   "%write_ln1893 = write void @_ssdm_op_Write.s_axilite.i32P0A, i32 %moveCount, i32 %storemerge" [/home/xiaorang/Documents/ATOMFLOW/sorting-organized-main/src/sortLatticeByRow.cpp:1893->/home/xiaorang/Documents/ATOMFLOW/atomflow_controller/atomflow_controller.cpp:163]   --->   Operation 199 'write' 'write_ln1893' <Predicate = true> <Delay = 1.00> <CoreInst = "s_axilite">   --->   Core 120 's_axilite' <Latency = 0> <II = 1> <Delay = 1.00> <Adapter> <Opcode : 'read' 'write'>
ST_25 : Operation 200 [1/1] (0.00ns)   --->   "%ret_ln175 = ret" [/home/xiaorang/Documents/ATOMFLOW/atomflow_controller/atomflow_controller.cpp:175]   --->   Operation 200 'ret' 'ret_ln175' <Predicate = true> <Delay = 0.00>


============================================================
+ Verbose Summary: Timing violations
============================================================
Target clock period: 10.000ns, clock uncertainty: 2.700ns.

 <State 1>: 1.765ns
The critical path consists of the following:
	s_axi read operation ('mode_read') on port 'mode' [131]  (1.000 ns)
	'icmp' operation 1 bit ('icmp_ln145', /home/xiaorang/Documents/ATOMFLOW/atomflow_controller/atomflow_controller.cpp:145) [159]  (0.765 ns)

 <State 2>: 7.300ns
The critical path consists of the following:
	bus request operation ('gmem1_load_req') on port 'gmem1' [145]  (7.300 ns)

 <State 3>: 7.300ns
The critical path consists of the following:
	bus request operation ('gmem1_load_req') on port 'gmem1' [145]  (7.300 ns)

 <State 4>: 7.300ns
The critical path consists of the following:
	bus request operation ('gmem1_load_req') on port 'gmem1' [145]  (7.300 ns)

 <State 5>: 7.300ns
The critical path consists of the following:
	bus request operation ('gmem1_load_req') on port 'gmem1' [145]  (7.300 ns)

 <State 6>: 7.300ns
The critical path consists of the following:
	bus request operation ('gmem1_load_req') on port 'gmem1' [145]  (7.300 ns)

 <State 7>: 7.300ns
The critical path consists of the following:
	bus request operation ('gmem1_load_req') on port 'gmem1' [145]  (7.300 ns)

 <State 8>: 7.300ns
The critical path consists of the following:
	bus request operation ('gmem1_load_req') on port 'gmem1' [145]  (7.300 ns)

 <State 9>: 7.300ns
The critical path consists of the following:
	bus request operation ('gmem1_load_req') on port 'gmem1' [145]  (7.300 ns)

 <State 10>: 7.300ns
The critical path consists of the following:
	bus read operation ('gmem1_addr_read') on port 'gmem1' [146]  (7.300 ns)

 <State 11>: 1.434ns
The critical path consists of the following:
	'icmp' operation 1 bit ('icmp_ln136', /home/xiaorang/Documents/ATOMFLOW/atomflow_controller/atomflow_controller.cpp:136) [149]  (1.016 ns)
	'select' operation 31 bit ('empty_211', /home/xiaorang/Documents/ATOMFLOW/atomflow_controller/atomflow_controller.cpp:136) [154]  (0.418 ns)

 <State 12>: 7.300ns
The critical path consists of the following:
	'getelementptr' operation 32 bit ('gmem3_addr', /home/xiaorang/Documents/ATOMFLOW/atomflow_controller/atomflow_controller.cpp:136) [153]  (0.000 ns)
	bus request operation ('empty_212', /home/xiaorang/Documents/ATOMFLOW/atomflow_controller/atomflow_controller.cpp:136) on port 'gmem3' (/home/xiaorang/Documents/ATOMFLOW/atomflow_controller/atomflow_controller.cpp:136) [156]  (7.300 ns)

 <State 13>: 1.443ns
The critical path consists of the following:
	'call' operation 0 bit ('call_ln136', /home/xiaorang/Documents/ATOMFLOW/atomflow_controller/atomflow_controller.cpp:136) to 'atomflow_controller_Pipeline_VITIS_LOOP_136_1' [157]  (1.443 ns)

 <State 14>: 0.000ns
The critical path consists of the following:

 <State 15>: 7.300ns
The critical path consists of the following:
	bus response operation ('empty_213', /home/xiaorang/Documents/ATOMFLOW/atomflow_controller/atomflow_controller.cpp:145) on port 'gmem3' (/home/xiaorang/Documents/ATOMFLOW/atomflow_controller/atomflow_controller.cpp:145) [158]  (7.300 ns)

 <State 16>: 7.300ns
The critical path consists of the following:
	bus response operation ('empty_213', /home/xiaorang/Documents/ATOMFLOW/atomflow_controller/atomflow_controller.cpp:145) on port 'gmem3' (/home/xiaorang/Documents/ATOMFLOW/atomflow_controller/atomflow_controller.cpp:145) [158]  (7.300 ns)

 <State 17>: 7.300ns
The critical path consists of the following:
	bus response operation ('empty_213', /home/xiaorang/Documents/ATOMFLOW/atomflow_controller/atomflow_controller.cpp:145) on port 'gmem3' (/home/xiaorang/Documents/ATOMFLOW/atomflow_controller/atomflow_controller.cpp:145) [158]  (7.300 ns)

 <State 18>: 7.300ns
The critical path consists of the following:
	bus response operation ('empty_213', /home/xiaorang/Documents/ATOMFLOW/atomflow_controller/atomflow_controller.cpp:145) on port 'gmem3' (/home/xiaorang/Documents/ATOMFLOW/atomflow_controller/atomflow_controller.cpp:145) [158]  (7.300 ns)

 <State 19>: 7.300ns
The critical path consists of the following:
	bus response operation ('empty_213', /home/xiaorang/Documents/ATOMFLOW/atomflow_controller/atomflow_controller.cpp:145) on port 'gmem3' (/home/xiaorang/Documents/ATOMFLOW/atomflow_controller/atomflow_controller.cpp:145) [158]  (7.300 ns)

 <State 20>: 1.696ns
The critical path consists of the following:
	'call' operation 0 bit ('call_ln0') to 'atomflow_controller_Pipeline_VITIS_LOOP_231_1' [162]  (1.696 ns)

 <State 21>: 5.742ns
The critical path consists of the following:
	'call' operation 128 bit ('call_ret6', /home/xiaorang/Documents/ATOMFLOW/atomflow_controller/atomflow_controller.cpp:148) to 'emissions_to_statearray' [163]  (5.742 ns)

 <State 22>: 2.528ns
The critical path consists of the following:
	'sub' operation 33 bit ('sub_ln1888', /home/xiaorang/Documents/ATOMFLOW/sorting-organized-main/src/sortLatticeByRow.cpp:1888->/home/xiaorang/Documents/ATOMFLOW/atomflow_controller/atomflow_controller.cpp:163) [179]  (1.016 ns)
	'icmp' operation 1 bit ('icmp_ln1888', /home/xiaorang/Documents/ATOMFLOW/sorting-organized-main/src/sortLatticeByRow.cpp:1888->/home/xiaorang/Documents/ATOMFLOW/atomflow_controller/atomflow_controller.cpp:163) [181]  (1.085 ns)
	multiplexor before 'phi' operation 32 bit ('moveStreamWrapper.count') with incoming values : ('moveStreamWrapper.count', /home/xiaorang/Documents/ATOMFLOW/sorting-organized-main/src/sortLatticeByRow.cpp:1893->/home/xiaorang/Documents/ATOMFLOW/atomflow_controller/atomflow_controller.cpp:163) [192]  (0.427 ns)

 <State 23>: 3.316ns
The critical path consists of the following:
	'call' operation 32 bit ('moveStreamWrapper.count', /home/xiaorang/Documents/ATOMFLOW/sorting-organized-main/src/sortLatticeByRow.cpp:1893->/home/xiaorang/Documents/ATOMFLOW/atomflow_controller/atomflow_controller.cpp:163) to 'sortArray_impl_state_accessor<HLSMoveStream>' [189]  (3.316 ns)

 <State 24>: 0.476ns
The critical path consists of the following:
	'call' operation 32 bit ('moveStreamWrapper.count', /home/xiaorang/Documents/ATOMFLOW/sorting-organized-main/src/sortLatticeByRow.cpp:1893->/home/xiaorang/Documents/ATOMFLOW/atomflow_controller/atomflow_controller.cpp:163) to 'sortArray_impl_state_accessor<HLSMoveStream>' [189]  (0.476 ns)

 <State 25>: 1.000ns
The critical path consists of the following:
	'phi' operation 32 bit ('moveStreamWrapper.count') with incoming values : ('moveStreamWrapper.count', /home/xiaorang/Documents/ATOMFLOW/sorting-organized-main/src/sortLatticeByRow.cpp:1893->/home/xiaorang/Documents/ATOMFLOW/atomflow_controller/atomflow_controller.cpp:163) [192]  (0.000 ns)
	s_axi write operation ('write_ln1893', /home/xiaorang/Documents/ATOMFLOW/sorting-organized-main/src/sortLatticeByRow.cpp:1893->/home/xiaorang/Documents/ATOMFLOW/atomflow_controller/atomflow_controller.cpp:163) on port 'moveCount' (/home/xiaorang/Documents/ATOMFLOW/sorting-organized-main/src/sortLatticeByRow.cpp:1893->/home/xiaorang/Documents/ATOMFLOW/atomflow_controller/atomflow_controller.cpp:163) [193]  (1.000 ns)


============================================================
+ Verbose Summary: Binding
============================================================
N/A
* FSMD analyzer results:
  - Output states:
 - Input state : 
  - Chain level:
	State 1
	State 2
	State 3
	State 4
	State 5
	State 6
	State 7
	State 8
	State 9
	State 10
	State 11
	State 12
	State 13
	State 14
	State 15
	State 16
	State 17
	State 18
	State 19
	State 20
	State 21
	State 22
	State 23
	State 24
	State 25


============================================================
+ Verbose Summary: Datapath Resource usage 
============================================================
N/A
