/home/xiaorang/Documents/ATOMFLOW/atomflow_controller/.vitis_ws_atomflow_mpl4mjhg/atomflow_controller_2024_2/atomflow_controller_2024_2/hls/.autopilot/db/atomflow_controller.pp.0.cpp:2645:5: warning: Added loop label VITIS_LOOP_676_1:   [xilinx-label-all-loops]
    for (unsigned i = low; i != high+1; ++i) {
    ^~~
    VITIS_LOOP_676_1: 
/home/xiaorang/Documents/ATOMFLOW/atomflow_controller/.vitis_ws_atomflow_mpl4mjhg/atomflow_controller_2024_2/atomflow_controller_2024_2/hls/.autopilot/db/atomflow_controller.pp.0.cpp:2645:5: note: FIX-IT applied suggested code changes
/home/xiaorang/Documents/ATOMFLOW/atomflow_controller/.vitis_ws_atomflow_mpl4mjhg/atomflow_controller_2024_2/atomflow_controller_2024_2/hls/.autopilot/db/atomflow_controller.pp.0.cpp:2659:5: warning: Added loop label VITIS_LOOP_690_1:   [xilinx-label-all-loops]
    for (unsigned i = low; i != high+1; ++i) {
    ^~~
    VITIS_LOOP_690_1: 
/home/xiaorang/Documents/ATOMFLOW/atomflow_controller/.vitis_ws_atomflow_mpl4mjhg/atomflow_controller_2024_2/atomflow_controller_2024_2/hls/.autopilot/db/atomflow_controller.pp.0.cpp:2659:5: note: FIX-IT applied suggested code changes
/home/xiaorang/Documents/ATOMFLOW/atomflow_controller/.vitis_ws_atomflow_mpl4mjhg/atomflow_controller_2024_2/atomflow_controller_2024_2/hls/.autopilot/db/atomflow_controller.pp.0.cpp:2673:5: warning: Added loop label VITIS_LOOP_704_1:   [xilinx-label-all-loops]
    for (unsigned i = low; i != high+1; ++i) {
    ^~~
    VITIS_LOOP_704_1: 
/home/xiaorang/Documents/ATOMFLOW/atomflow_controller/.vitis_ws_atomflow_mpl4mjhg/atomflow_controller_2024_2/atomflow_controller_2024_2/hls/.autopilot/db/atomflow_controller.pp.0.cpp:2673:5: note: FIX-IT applied suggested code changes
/home/xiaorang/Documents/ATOMFLOW/atomflow_controller/.vitis_ws_atomflow_mpl4mjhg/atomflow_controller_2024_2/atomflow_controller_2024_2/hls/.autopilot/db/atomflow_controller.pp.0.cpp:4307:7: warning: Added loop label VITIS_LOOP_1248_1:   [xilinx-label-all-loops]
      for (i = 0; i < __N - 1; ++i) {
      ^~~
      VITIS_LOOP_1248_1: 
/home/xiaorang/Documents/ATOMFLOW/atomflow_controller/.vitis_ws_atomflow_mpl4mjhg/atomflow_controller_2024_2/atomflow_controller_2024_2/hls/.autopilot/db/atomflow_controller.pp.0.cpp:4307:7: note: FIX-IT applied suggested code changes
/home/xiaorang/Documents/ATOMFLOW/atomflow_controller/.vitis_ws_atomflow_mpl4mjhg/atomflow_controller_2024_2/atomflow_controller_2024_2/hls/.autopilot/db/atomflow_controller.pp.0.cpp:48515:9: warning: Added loop label VITIS_LOOP_231_1:   [xilinx-label-all-loops]
        for (size_t i = 0; i < 25000; ++i) {
        ^~~
        VITIS_LOOP_231_1: 
/home/xiaorang/Documents/ATOMFLOW/atomflow_controller/.vitis_ws_atomflow_mpl4mjhg/atomflow_controller_2024_2/atomflow_controller_2024_2/hls/.autopilot/db/atomflow_controller.pp.0.cpp:48515:9: note: FIX-IT applied suggested code changes
/home/xiaorang/Documents/ATOMFLOW/atomflow_controller/.vitis_ws_atomflow_mpl4mjhg/atomflow_controller_2024_2/atomflow_controller_2024_2/hls/.autopilot/db/atomflow_controller.pp.0.cpp:48530:9: warning: Added loop label VITIS_LOOP_246_1:   [xilinx-label-all-loops]
        for (size_t i = 0; i < total; ++i) {
        ^~~
        VITIS_LOOP_246_1: 
/home/xiaorang/Documents/ATOMFLOW/atomflow_controller/.vitis_ws_atomflow_mpl4mjhg/atomflow_controller_2024_2/atomflow_controller_2024_2/hls/.autopilot/db/atomflow_controller.pp.0.cpp:48530:9: note: FIX-IT applied suggested code changes
/home/xiaorang/Documents/ATOMFLOW/atomflow_controller/.vitis_ws_atomflow_mpl4mjhg/atomflow_controller_2024_2/atomflow_controller_2024_2/hls/.autopilot/db/atomflow_controller.pp.0.cpp:48536:9: warning: Added loop label VITIS_LOOP_252_2:   [xilinx-label-all-loops]
        for (size_t i = total; i < 25000; ++i) {
        ^~~
        VITIS_LOOP_252_2: 
/home/xiaorang/Documents/ATOMFLOW/atomflow_controller/.vitis_ws_atomflow_mpl4mjhg/atomflow_controller_2024_2/atomflow_controller_2024_2/hls/.autopilot/db/atomflow_controller.pp.0.cpp:48536:9: note: FIX-IT applied suggested code changes
/home/xiaorang/Documents/ATOMFLOW/atomflow_controller/.vitis_ws_atomflow_mpl4mjhg/atomflow_controller_2024_2/atomflow_controller_2024_2/hls/.autopilot/db/atomflow_controller.pp.0.cpp:48547:9: warning: Added loop label VITIS_LOOP_263_1:   [xilinx-label-all-loops]
        for (size_t i = 0; i < 25000; ++i) {
        ^~~
        VITIS_LOOP_263_1: 
/home/xiaorang/Documents/ATOMFLOW/atomflow_controller/.vitis_ws_atomflow_mpl4mjhg/atomflow_controller_2024_2/atomflow_controller_2024_2/hls/.autopilot/db/atomflow_controller.pp.0.cpp:48547:9: note: FIX-IT applied suggested code changes
/home/xiaorang/Documents/ATOMFLOW/atomflow_controller/.vitis_ws_atomflow_mpl4mjhg/atomflow_controller_2024_2/atomflow_controller_2024_2/hls/.autopilot/db/atomflow_controller.pp.0.cpp:48558:9: warning: Added loop label VITIS_LOOP_274_1:   [xilinx-label-all-loops]
        for (size_t i = 0; i < 25000; ++i) {
        ^~~
        VITIS_LOOP_274_1: 
/home/xiaorang/Documents/ATOMFLOW/atomflow_controller/.vitis_ws_atomflow_mpl4mjhg/atomflow_controller_2024_2/atomflow_controller_2024_2/hls/.autopilot/db/atomflow_controller.pp.0.cpp:48558:9: note: FIX-IT applied suggested code changes
/home/xiaorang/Documents/ATOMFLOW/atomflow_controller/.vitis_ws_atomflow_mpl4mjhg/atomflow_controller_2024_2/atomflow_controller_2024_2/hls/.autopilot/db/atomflow_controller.pp.0.cpp:48570:9: warning: Added loop label VITIS_LOOP_286_1:   [xilinx-label-all-loops]
        for (size_t i = 0; i < 25000; ++i) {
        ^~~
        VITIS_LOOP_286_1: 
/home/xiaorang/Documents/ATOMFLOW/atomflow_controller/.vitis_ws_atomflow_mpl4mjhg/atomflow_controller_2024_2/atomflow_controller_2024_2/hls/.autopilot/db/atomflow_controller.pp.0.cpp:48570:9: note: FIX-IT applied suggested code changes
/home/xiaorang/Documents/ATOMFLOW/atomflow_controller/.vitis_ws_atomflow_mpl4mjhg/atomflow_controller_2024_2/atomflow_controller_2024_2/hls/.autopilot/db/atomflow_controller.pp.0.cpp:48583:9: warning: Added loop label VITIS_LOOP_299_1:   [xilinx-label-all-loops]
        for (size_t i = 0; i < 25000; ++i) {
        ^~~
        VITIS_LOOP_299_1: 
/home/xiaorang/Documents/ATOMFLOW/atomflow_controller/.vitis_ws_atomflow_mpl4mjhg/atomflow_controller_2024_2/atomflow_controller_2024_2/hls/.autopilot/db/atomflow_controller.pp.0.cpp:48583:9: note: FIX-IT applied suggested code changes
/home/xiaorang/Documents/ATOMFLOW/atomflow_controller/.vitis_ws_atomflow_mpl4mjhg/atomflow_controller_2024_2/atomflow_controller_2024_2/hls/.autopilot/db/atomflow_controller.pp.0.cpp:48626:9: warning: Added loop label VITIS_LOOP_342_1:   [xilinx-label-all-loops]
        for (size_t i = 0; i < total; ++i) {
        ^~~
        VITIS_LOOP_342_1: 
/home/xiaorang/Documents/ATOMFLOW/atomflow_controller/.vitis_ws_atomflow_mpl4mjhg/atomflow_controller_2024_2/atomflow_controller_2024_2/hls/.autopilot/db/atomflow_controller.pp.0.cpp:48626:9: note: FIX-IT applied suggested code changes
/home/xiaorang/Documents/ATOMFLOW/atomflow_controller/.vitis_ws_atomflow_mpl4mjhg/atomflow_controller_2024_2/atomflow_controller_2024_2/hls/.autopilot/db/atomflow_controller.pp.0.cpp:48632:9: warning: Added loop label VITIS_LOOP_348_2:   [xilinx-label-all-loops]
        for (size_t i = total; i < 25000; ++i) {
        ^~~
        VITIS_LOOP_348_2: 
/home/xiaorang/Documents/ATOMFLOW/atomflow_controller/.vitis_ws_atomflow_mpl4mjhg/atomflow_controller_2024_2/atomflow_controller_2024_2/hls/.autopilot/db/atomflow_controller.pp.0.cpp:48632:9: note: FIX-IT applied suggested code changes
/home/xiaorang/Documents/ATOMFLOW/atomflow_controller/.vitis_ws_atomflow_mpl4mjhg/atomflow_controller_2024_2/atomflow_controller_2024_2/hls/.autopilot/db/atomflow_controller.pp.0.cpp:48644:9: warning: Added loop label VITIS_LOOP_360_1:   [xilinx-label-all-loops]
        for (size_t i = 0; i < total; ++i) {
        ^~~
        VITIS_LOOP_360_1: 
/home/xiaorang/Documents/ATOMFLOW/atomflow_controller/.vitis_ws_atomflow_mpl4mjhg/atomflow_controller_2024_2/atomflow_controller_2024_2/hls/.autopilot/db/atomflow_controller.pp.0.cpp:48644:9: note: FIX-IT applied suggested code changes
/home/xiaorang/Documents/ATOMFLOW/atomflow_controller/.vitis_ws_atomflow_mpl4mjhg/atomflow_controller_2024_2/atomflow_controller_2024_2/hls/.autopilot/db/atomflow_controller.pp.0.cpp:48656:9: warning: Added loop label VITIS_LOOP_372_1:   [xilinx-label-all-loops]
        for (size_t i = 0; i < 25000; ++i) {
        ^~~
        VITIS_LOOP_372_1: 
/home/xiaorang/Documents/ATOMFLOW/atomflow_controller/.vitis_ws_atomflow_mpl4mjhg/atomflow_controller_2024_2/atomflow_controller_2024_2/hls/.autopilot/db/atomflow_controller.pp.0.cpp:48656:9: note: FIX-IT applied suggested code changes
/home/xiaorang/Documents/ATOMFLOW/atomflow_controller/.vitis_ws_atomflow_mpl4mjhg/atomflow_controller_2024_2/atomflow_controller_2024_2/hls/.autopilot/db/atomflow_controller.pp.0.cpp:48711:2: warning: Added loop label VITIS_LOOP_434_1:   [xilinx-label-all-loops]
 for(size_t i = 0; i < 16; i++) {
 ^~~
 VITIS_LOOP_434_1: 
/home/xiaorang/Documents/ATOMFLOW/atomflow_controller/.vitis_ws_atomflow_mpl4mjhg/atomflow_controller_2024_2/atomflow_controller_2024_2/hls/.autopilot/db/atomflow_controller.pp.0.cpp:48711:2: note: FIX-IT applied suggested code changes
/home/xiaorang/Documents/ATOMFLOW/atomflow_controller/.vitis_ws_atomflow_mpl4mjhg/atomflow_controller_2024_2/atomflow_controller_2024_2/hls/.autopilot/db/atomflow_controller.pp.0.cpp:48731:2: warning: Added loop label VITIS_LOOP_454_1:   [xilinx-label-all-loops]
 for(size_t i = 0; i < 20; i++) {
 ^~~
 VITIS_LOOP_454_1: 
/home/xiaorang/Documents/ATOMFLOW/atomflow_controller/.vitis_ws_atomflow_mpl4mjhg/atomflow_controller_2024_2/atomflow_controller_2024_2/hls/.autopilot/db/atomflow_controller.pp.0.cpp:48731:2: note: FIX-IT applied suggested code changes
/home/xiaorang/Documents/ATOMFLOW/atomflow_controller/.vitis_ws_atomflow_mpl4mjhg/atomflow_controller_2024_2/atomflow_controller_2024_2/hls/.autopilot/db/atomflow_controller.pp.0.cpp:48794:3: warning: Added loop label VITIS_LOOP_517_1:   [xilinx-label-all-loops]
  for(size_t i = 0; i < 200; i++) bits[i] = false;
  ^~~
  VITIS_LOOP_517_1: 
/home/xiaorang/Documents/ATOMFLOW/atomflow_controller/.vitis_ws_atomflow_mpl4mjhg/atomflow_controller_2024_2/atomflow_controller_2024_2/hls/.autopilot/db/atomflow_controller.pp.0.cpp:48794:3: note: FIX-IT applied suggested code changes
/home/xiaorang/Documents/ATOMFLOW/atomflow_controller/.vitis_ws_atomflow_mpl4mjhg/atomflow_controller_2024_2/atomflow_controller_2024_2/hls/.autopilot/db/atomflow_controller.pp.0.cpp:48797:3: warning: Added loop label VITIS_LOOP_520_1:   [xilinx-label-all-loops]
  for(size_t i = 0; i < 200; i++) bits[i] = false;
  ^~~
  VITIS_LOOP_520_1: 
/home/xiaorang/Documents/ATOMFLOW/atomflow_controller/.vitis_ws_atomflow_mpl4mjhg/atomflow_controller_2024_2/atomflow_controller_2024_2/hls/.autopilot/db/atomflow_controller.pp.0.cpp:48797:3: note: FIX-IT applied suggested code changes
/home/xiaorang/Documents/ATOMFLOW/atomflow_controller/.vitis_ws_atomflow_mpl4mjhg/atomflow_controller_2024_2/atomflow_controller_2024_2/hls/.autopilot/db/atomflow_controller.pp.0.cpp:48823:45: error: Invalid Directive: for current device, RAM_2P + BRAM is invalid combination for BIND_STORAGE's option 'type + impl' [clang-diagnostic-error]
#pragma HLS BIND_STORAGE variable=data type=RAM_2P impl=BRAM
                                            ^
/home/xiaorang/Documents/ATOMFLOW/atomflow_controller/.vitis_ws_atomflow_mpl4mjhg/atomflow_controller_2024_2/atomflow_controller_2024_2/hls/.autopilot/db/atomflow_controller.pp.0.cpp:48829:45: error: Invalid Directive: for current device, RAM_2P + BRAM is invalid combination for BIND_STORAGE's option 'type + impl' [clang-diagnostic-error]
#pragma HLS BIND_STORAGE variable=data type=RAM_2P impl=BRAM
                                            ^
/home/xiaorang/Documents/ATOMFLOW/atomflow_controller/.vitis_ws_atomflow_mpl4mjhg/atomflow_controller_2024_2/atomflow_controller_2024_2/hls/.autopilot/db/atomflow_controller.pp.0.cpp:48871:9: warning: Added loop label VITIS_LOOP_601_1:   [xilinx-label-all-loops]
        for (unsigned int w = 0; w < N; ++w) {
        ^~~
        VITIS_LOOP_601_1: 
/home/xiaorang/Documents/ATOMFLOW/atomflow_controller/.vitis_ws_atomflow_mpl4mjhg/atomflow_controller_2024_2/atomflow_controller_2024_2/hls/.autopilot/db/atomflow_controller.pp.0.cpp:48871:9: note: FIX-IT applied suggested code changes
/home/xiaorang/Documents/ATOMFLOW/atomflow_controller/.vitis_ws_atomflow_mpl4mjhg/atomflow_controller_2024_2/atomflow_controller_2024_2/hls/.autopilot/db/atomflow_controller.pp.0.cpp:48875:13: warning: Added loop label VITIS_LOOP_605_2:   [xilinx-label-all-loops]
            for (int b = 0; b < 64; ++b) {
            ^~~
            VITIS_LOOP_605_2: 
/home/xiaorang/Documents/ATOMFLOW/atomflow_controller/.vitis_ws_atomflow_mpl4mjhg/atomflow_controller_2024_2/atomflow_controller_2024_2/hls/.autopilot/db/atomflow_controller.pp.0.cpp:48875:13: note: FIX-IT applied suggested code changes
/home/xiaorang/Documents/ATOMFLOW/atomflow_controller/.vitis_ws_atomflow_mpl4mjhg/atomflow_controller_2024_2/atomflow_controller_2024_2/hls/.autopilot/db/atomflow_controller.pp.0.cpp:48972:5: warning: Added loop label VITIS_LOOP_20_1:   [xilinx-label-all-loops]
    for (int i = 0; i < atomLocationsSize; i++) {
    ^~~
    VITIS_LOOP_20_1: 
/home/xiaorang/Documents/ATOMFLOW/atomflow_controller/.vitis_ws_atomflow_mpl4mjhg/atomflow_controller_2024_2/atomflow_controller_2024_2/hls/.autopilot/db/atomflow_controller.pp.0.cpp:48972:5: note: FIX-IT applied suggested code changes
/home/xiaorang/Documents/ATOMFLOW/atomflow_controller/.vitis_ws_atomflow_mpl4mjhg/atomflow_controller_2024_2/atomflow_controller_2024_2/hls/.autopilot/db/atomflow_controller.pp.0.cpp:48994:5: warning: Added loop label VITIS_LOOP_42_1:   [xilinx-label-all-loops]
    for (int r = 0; r < grid_rows; r++) {
    ^~~
    VITIS_LOOP_42_1: 
/home/xiaorang/Documents/ATOMFLOW/atomflow_controller/.vitis_ws_atomflow_mpl4mjhg/atomflow_controller_2024_2/atomflow_controller_2024_2/hls/.autopilot/db/atomflow_controller.pp.0.cpp:48994:5: note: FIX-IT applied suggested code changes
/home/xiaorang/Documents/ATOMFLOW/atomflow_controller/.vitis_ws_atomflow_mpl4mjhg/atomflow_controller_2024_2/atomflow_controller_2024_2/hls/.autopilot/db/atomflow_controller.pp.0.cpp:48996:2: warning: Added loop label VITIS_LOOP_44_2:   [xilinx-label-all-loops]
 for (int c = 0; c < grid_cols; c++) {
 ^~~
 VITIS_LOOP_44_2: 
/home/xiaorang/Documents/ATOMFLOW/atomflow_controller/.vitis_ws_atomflow_mpl4mjhg/atomflow_controller_2024_2/atomflow_controller_2024_2/hls/.autopilot/db/atomflow_controller.pp.0.cpp:48996:2: note: FIX-IT applied suggested code changes
/home/xiaorang/Documents/ATOMFLOW/atomflow_controller/.vitis_ws_atomflow_mpl4mjhg/atomflow_controller_2024_2/atomflow_controller_2024_2/hls/.autopilot/db/atomflow_controller.pp.0.cpp:49076:5: warning: Added loop label VITIS_LOOP_136_1:   [xilinx-label-all-loops]
    for (int i = 0; i < atomLocationsSize; i++) {
    ^~~
    VITIS_LOOP_136_1: 
/home/xiaorang/Documents/ATOMFLOW/atomflow_controller/.vitis_ws_atomflow_mpl4mjhg/atomflow_controller_2024_2/atomflow_controller_2024_2/hls/.autopilot/db/atomflow_controller.pp.0.cpp:49076:5: note: FIX-IT applied suggested code changes
