

================================================================
== Vitis HLS Report for 'atomflow_controller_Pipeline_VITIS_LOOP_231_1'
================================================================
* Date:           Thu Mar 26 11:03:15 2026

* Version:        2024.2 (Build 5238294 on Nov  8 2024)
* Project:        atomflow_controller_2024_2
* Solution:       hls (Vivado IP Flow Target)
* Product family: zynquplusRFSOC
* Target device:  xczu49dr-ffvf1760-2-e


================================================================
== Performance Estimates
================================================================
+ Timing: 
    * Summary: 
    +--------+----------+----------+------------+
    |  Clock |  Target  | Estimated| Uncertainty|
    +--------+----------+----------+------------+
    |ap_clk  |  10.00 ns|  2.506 ns|     2.70 ns|
    +--------+----------+----------+------------+

+ Latency: 
    * Summary: 
    +---------+---------+----------+----------+-------+-------+------------------------------------------------+
    |  Latency (cycles) |  Latency (absolute) |    Interval   |                    Pipeline                    |
    |   min   |   max   |    min   |    max   |  min  |  max  |                      Type                      |
    +---------+---------+----------+----------+-------+-------+------------------------------------------------+
    |    25002|    25002|  0.250 ms|  0.250 ms|  25001|  25001|  loop auto-rewind stp (delay=0 clock cycles(s))|
    +---------+---------+----------+----------+-------+-------+------------------------------------------------+

    + Detail: 
        * Instance: 
        N/A

        * Loop: 
        +--------------------+---------+---------+----------+-----------+-----------+-------+----------+
        |                    |  Latency (cycles) | Iteration|  Initiation Interval  |  Trip |          |
        |      Loop Name     |   min   |   max   |  Latency |  achieved |   target  | Count | Pipelined|
        +--------------------+---------+---------+----------+-----------+-----------+-------+----------+
        |- VITIS_LOOP_231_1  |    25000|    25000|         1|          1|          1|  25000|       yes|
        +--------------------+---------+---------+----------+-----------+-----------+-------+----------+

============================================================
+ Verbose Summary: Synthesis Manager
============================================================
InlineROM: 1
ExposeGlobal: 0
============================================================
+ Verbose Summary: CDFG Model
============================================================
IsTopModel: 0
ResetActiveHigh: 1
IsCombinational: 0
IsDatapathOnly: 0
HasWiredReturn: 1
HasMFsm: 2
HasVarLatency: 1
IsPipeline: 0
IsRtlPipelined: 0
IsInstanceOverlapped: 0
IsDontTouch: 0
HasImplIP: 0
IsGatedGlobalClock: 0

+ Individual pipeline summary: 
  * Pipeline-0: initiation interval (II) = 1, depth = 1


============================================================
+ Verbose Summary: Schedule
============================================================
* Number of FSM states : 1
* Pipeline : 1
  Pipeline-0 : II = 1, D = 1, States = { 1 }
* Dataflow Pipeline: 0

* FSM state transitions: 
1 --> 

* FSM state operations: 

State 1 <SV = 0> <Delay = 2.50>
ST_1 : Operation 4 [1/1] (0.00ns)   --->   "%i = alloca i32 1" [/home/xiaorang/Documents/ATOMFLOW/atomflow_controller/src/../../sorting-organized-main/src/sortLatticeByRow.hpp:231->/home/xiaorang/Documents/ATOMFLOW/atomflow_controller/atomflow_controller.cpp:147]   --->   Operation 4 'alloca' 'i' <Predicate = true> <Delay = 0.00>
ST_1 : Operation 5 [1/1] (0.00ns)   --->   "%specmemcore_ln0 = specmemcore void @_ssdm_op_SpecMemCore, i1 %stateArray_data_s, i64 666, i64 22, i64 18446744073709551615"   --->   Operation 5 'specmemcore' 'specmemcore_ln0' <Predicate = true> <Delay = 0.00>
ST_1 : Operation 6 [1/1] (0.42ns)   --->   "%store_ln231 = store i15 0, i15 %i" [/home/xiaorang/Documents/ATOMFLOW/atomflow_controller/src/../../sorting-organized-main/src/sortLatticeByRow.hpp:231->/home/xiaorang/Documents/ATOMFLOW/atomflow_controller/atomflow_controller.cpp:147]   --->   Operation 6 'store' 'store_ln231' <Predicate = true> <Delay = 0.42>
ST_1 : Operation 7 [1/1] (0.00ns)   --->   "%br_ln0 = br void %for.inc.i"   --->   Operation 7 'br' 'br_ln0' <Predicate = true> <Delay = 0.00>
ST_1 : Operation 8 [1/1] (0.00ns)   --->   "%i_150 = load i15 %i" [/home/xiaorang/Documents/ATOMFLOW/atomflow_controller/src/../../sorting-organized-main/src/sortLatticeByRow.hpp:231->/home/xiaorang/Documents/ATOMFLOW/atomflow_controller/atomflow_controller.cpp:147]   --->   Operation 8 'load' 'i_150' <Predicate = true> <Delay = 0.00>
ST_1 : Operation 9 [1/1] (0.84ns)   --->   "%icmp_ln231 = icmp_eq  i15 %i_150, i15 25000" [/home/xiaorang/Documents/ATOMFLOW/atomflow_controller/src/../../sorting-organized-main/src/sortLatticeByRow.hpp:231->/home/xiaorang/Documents/ATOMFLOW/atomflow_controller/atomflow_controller.cpp:147]   --->   Operation 9 'icmp' 'icmp_ln231' <Predicate = true> <Delay = 0.84> <CoreInst = "Cmp">   --->   Core 9 'Cmp' <Latency = 0> <II = 1> <Delay = 0.84> <FuncUnit> <Opcode : 'seteq' 'setne' 'setle' 'setge' 'setlt' 'setgt'> <InPorts = 2> <OutPorts = 1>
ST_1 : Operation 10 [1/1] (0.84ns)   --->   "%i_151 = add i15 %i_150, i15 1" [/home/xiaorang/Documents/ATOMFLOW/atomflow_controller/src/../../sorting-organized-main/src/sortLatticeByRow.hpp:231->/home/xiaorang/Documents/ATOMFLOW/atomflow_controller/atomflow_controller.cpp:147]   --->   Operation 10 'add' 'i_151' <Predicate = true> <Delay = 0.84> <CoreInst = "Adder">   --->   Core 1 'Adder' <Latency = 0> <II = 1> <Delay = 0.84> <FuncUnit> <Opcode : 'add' 'sub'> <InPorts = 2> <OutPorts = 1>
ST_1 : Operation 11 [1/1] (0.00ns)   --->   "%br_ln231 = br i1 %icmp_ln231, void %for.inc.i.split, void %_ZN7Array2DC2Ev.exit.exitStub" [/home/xiaorang/Documents/ATOMFLOW/atomflow_controller/src/../../sorting-organized-main/src/sortLatticeByRow.hpp:231->/home/xiaorang/Documents/ATOMFLOW/atomflow_controller/atomflow_controller.cpp:147]   --->   Operation 11 'br' 'br_ln231' <Predicate = true> <Delay = 0.00>
ST_1 : Operation 12 [1/1] (0.00ns)   --->   "%zext_ln231 = zext i15 %i_150" [/home/xiaorang/Documents/ATOMFLOW/atomflow_controller/src/../../sorting-organized-main/src/sortLatticeByRow.hpp:231->/home/xiaorang/Documents/ATOMFLOW/atomflow_controller/atomflow_controller.cpp:147]   --->   Operation 12 'zext' 'zext_ln231' <Predicate = (!icmp_ln231)> <Delay = 0.00>
ST_1 : Operation 13 [1/1] (0.00ns)   --->   "%specpipeline_ln231 = specpipeline void @_ssdm_op_SpecPipeline, i32 4294967295, i32 0, i32 0, i32 0, void @empty_18" [/home/xiaorang/Documents/ATOMFLOW/atomflow_controller/src/../../sorting-organized-main/src/sortLatticeByRow.hpp:231->/home/xiaorang/Documents/ATOMFLOW/atomflow_controller/atomflow_controller.cpp:147]   --->   Operation 13 'specpipeline' 'specpipeline_ln231' <Predicate = (!icmp_ln231)> <Delay = 0.00>
ST_1 : Operation 14 [1/1] (0.00ns)   --->   "%speclooptripcount_ln233 = speclooptripcount void @_ssdm_op_SpecLoopTripCount, i64 25000, i64 25000, i64 25000" [/home/xiaorang/Documents/ATOMFLOW/atomflow_controller/src/../../sorting-organized-main/src/sortLatticeByRow.hpp:233->/home/xiaorang/Documents/ATOMFLOW/atomflow_controller/atomflow_controller.cpp:147]   --->   Operation 14 'speclooptripcount' 'speclooptripcount_ln233' <Predicate = (!icmp_ln231)> <Delay = 0.00>
ST_1 : Operation 15 [1/1] (0.00ns)   --->   "%specloopname_ln231 = specloopname void @_ssdm_op_SpecLoopName, void @empty_1" [/home/xiaorang/Documents/ATOMFLOW/atomflow_controller/src/../../sorting-organized-main/src/sortLatticeByRow.hpp:231->/home/xiaorang/Documents/ATOMFLOW/atomflow_controller/atomflow_controller.cpp:147]   --->   Operation 15 'specloopname' 'specloopname_ln231' <Predicate = (!icmp_ln231)> <Delay = 0.00>
ST_1 : Operation 16 [1/1] (0.00ns)   --->   "%stateArray_data_addr = getelementptr i1 %stateArray_data_s, i64 0, i64 %zext_ln231" [/home/xiaorang/Documents/ATOMFLOW/atomflow_controller/src/../../sorting-organized-main/src/sortLatticeByRow.hpp:235->/home/xiaorang/Documents/ATOMFLOW/atomflow_controller/atomflow_controller.cpp:147]   --->   Operation 16 'getelementptr' 'stateArray_data_addr' <Predicate = (!icmp_ln231)> <Delay = 0.00>
ST_1 : Operation 17 [1/1] ( I:1.23ns O:1.23ns )   --->   "%store_ln235 = store i1 0, i15 %stateArray_data_addr" [/home/xiaorang/Documents/ATOMFLOW/atomflow_controller/src/../../sorting-organized-main/src/sortLatticeByRow.hpp:235->/home/xiaorang/Documents/ATOMFLOW/atomflow_controller/atomflow_controller.cpp:147]   --->   Operation 17 'store' 'store_ln235' <Predicate = (!icmp_ln231)> <Delay = 1.23> <CoreInst = "RAM_2P_BRAM">   --->   Core 93 'RAM_2P_BRAM' <Latency = 1> <II = 1> <Delay = 1.23> <Storage> <Opcode : 'load' 'store'> <Ports = 2> <Width = 1> <Depth = 25000> <RAM>
ST_1 : Operation 18 [1/1] (0.42ns)   --->   "%store_ln231 = store i15 %i_151, i15 %i" [/home/xiaorang/Documents/ATOMFLOW/atomflow_controller/src/../../sorting-organized-main/src/sortLatticeByRow.hpp:231->/home/xiaorang/Documents/ATOMFLOW/atomflow_controller/atomflow_controller.cpp:147]   --->   Operation 18 'store' 'store_ln231' <Predicate = (!icmp_ln231)> <Delay = 0.42>
ST_1 : Operation 19 [1/1] (0.00ns)   --->   "%br_ln231 = br void %for.inc.i" [/home/xiaorang/Documents/ATOMFLOW/atomflow_controller/src/../../sorting-organized-main/src/sortLatticeByRow.hpp:231->/home/xiaorang/Documents/ATOMFLOW/atomflow_controller/atomflow_controller.cpp:147]   --->   Operation 19 'br' 'br_ln231' <Predicate = (!icmp_ln231)> <Delay = 0.00>
ST_1 : Operation 20 [1/1] (0.42ns)   --->   "%ret_ln0 = ret"   --->   Operation 20 'ret' 'ret_ln0' <Predicate = (icmp_ln231)> <Delay = 0.42>


============================================================
+ Verbose Summary: Binding
============================================================
STG Binding: 
---------------- STG Properties BEGIN ----------------
- Is combinational: 0
- Is one-state seq: 0
- Is datapath-only: 0
- Is pipelined: 0
- Is top level: 0
Port [ Return ] is wired: 1; IO mode=ap_ctrl_hs:ce=0
Port [ stateArray_data_s]:  wired=1; compound=1; hidden=0; nouse=0; global=0; static=0; extern=0; dir=1; type=1; pingpong=0; private_global=0; MemPort=[30]; IO mode=ap_memory:ce=0
---------------- STG Properties END ------------------

---------------- Datapath Model BEGIN ----------------

<LifeTime>
<method=bitvector/>
i                       (alloca           ) [ 01]
specmemcore_ln0         (specmemcore      ) [ 00]
store_ln231             (store            ) [ 00]
br_ln0                  (br               ) [ 00]
i_150                   (load             ) [ 00]
icmp_ln231              (icmp             ) [ 01]
i_151                   (add              ) [ 00]
br_ln231                (br               ) [ 00]
zext_ln231              (zext             ) [ 00]
specpipeline_ln231      (specpipeline     ) [ 00]
speclooptripcount_ln233 (speclooptripcount) [ 00]
specloopname_ln231      (specloopname     ) [ 00]
stateArray_data_addr    (getelementptr    ) [ 00]
store_ln235             (store            ) [ 00]
store_ln231             (store            ) [ 00]
br_ln231                (br               ) [ 00]
ret_ln0                 (ret              ) [ 00]
</LifeTime>

<model>

<comp_list>
<comp id="0" class="1000" name="stateArray_data_s">
<pin_list>
<pin id="1" dir="1" index="0" bw="1" slack="0"/>
</pin_list>
<bind>
<StgValue><ssdm name="stateArray_data_s"/><MemPortTyVec>3 0 </MemPortTyVec>
</StgValue>
</bind>
</comp>

<comp id="2" class="1001" name="const_2">
<pin_list>
<pin id="3" dir="1" index="0" bw="1" slack="0"/>
</pin_list>
<bind>
<StgValue><ssdm name=""/></StgValue>
</bind>
</comp>

<comp id="4" class="1001" name="const_4">
<pin_list>
<pin id="5" dir="1" index="0" bw="1" slack="2147483647"/>
</pin_list>
<bind>
<StgValue><ssdm name="_ssdm_op_SpecMemCore"/></StgValue>
</bind>
</comp>

<comp id="6" class="1001" name="const_6">
<pin_list>
<pin id="7" dir="1" index="0" bw="1" slack="2147483647"/>
</pin_list>
<bind>
<StgValue><ssdm name=""/></StgValue>
</bind>
</comp>

<comp id="8" class="1001" name="const_8">
<pin_list>
<pin id="9" dir="1" index="0" bw="1" slack="2147483647"/>
</pin_list>
<bind>
<StgValue><ssdm name=""/></StgValue>
</bind>
</comp>

<comp id="10" class="1001" name="const_10">
<pin_list>
<pin id="11" dir="1" index="0" bw="1" slack="2147483647"/>
</pin_list>
<bind>
<StgValue><ssdm name=""/></StgValue>
</bind>
</comp>

<comp id="12" class="1001" name="const_12">
<pin_list>
<pin id="13" dir="1" index="0" bw="1" slack="0"/>
</pin_list>
<bind>
<StgValue><ssdm name=""/></StgValue>
</bind>
</comp>

<comp id="14" class="1001" name="const_14">
<pin_list>
<pin id="15" dir="1" index="0" bw="1" slack="0"/>
</pin_list>
<bind>
<StgValue><ssdm name=""/></StgValue>
</bind>
</comp>

<comp id="16" class="1001" name="const_16">
<pin_list>
<pin id="17" dir="1" index="0" bw="1" slack="0"/>
</pin_list>
<bind>
<StgValue><ssdm name=""/></StgValue>
</bind>
</comp>

<comp id="18" class="1001" name="const_18">
<pin_list>
<pin id="19" dir="1" index="0" bw="1" slack="2147483647"/>
</pin_list>
<bind>
<StgValue><ssdm name="_ssdm_op_SpecPipeline"/></StgValue>
</bind>
</comp>

<comp id="20" class="1001" name="const_20">
<pin_list>
<pin id="21" dir="1" index="0" bw="1" slack="2147483647"/>
</pin_list>
<bind>
<StgValue><ssdm name=""/></StgValue>
</bind>
</comp>

<comp id="22" class="1001" name="const_22">
<pin_list>
<pin id="23" dir="1" index="0" bw="1" slack="2147483647"/>
</pin_list>
<bind>
<StgValue><ssdm name=""/></StgValue>
</bind>
</comp>

<comp id="24" class="1001" name="const_24">
<pin_list>
<pin id="25" dir="1" index="0" bw="1" slack="2147483647"/>
</pin_list>
<bind>
<StgValue><ssdm name="empty_18"/></StgValue>
</bind>
</comp>

<comp id="26" class="1001" name="const_26">
<pin_list>
<pin id="27" dir="1" index="0" bw="1" slack="2147483647"/>
</pin_list>
<bind>
<StgValue><ssdm name="_ssdm_op_SpecLoopTripCount"/></StgValue>
</bind>
</comp>

<comp id="28" class="1001" name="const_28">
<pin_list>
<pin id="29" dir="1" index="0" bw="1" slack="2147483647"/>
</pin_list>
<bind>
<StgValue><ssdm name=""/></StgValue>
</bind>
</comp>

<comp id="30" class="1001" name="const_30">
<pin_list>
<pin id="31" dir="1" index="0" bw="1" slack="2147483647"/>
</pin_list>
<bind>
<StgValue><ssdm name="_ssdm_op_SpecLoopName"/></StgValue>
</bind>
</comp>

<comp id="32" class="1001" name="const_32">
<pin_list>
<pin id="33" dir="1" index="0" bw="1" slack="2147483647"/>
</pin_list>
<bind>
<StgValue><ssdm name="empty_1"/></StgValue>
</bind>
</comp>

<comp id="34" class="1001" name="const_34">
<pin_list>
<pin id="35" dir="1" index="0" bw="1" slack="0"/>
</pin_list>
<bind>
<StgValue><ssdm name=""/></StgValue>
</bind>
</comp>

<comp id="36" class="1001" name="const_36">
<pin_list>
<pin id="37" dir="1" index="0" bw="1" slack="0"/>
</pin_list>
<bind>
<StgValue><ssdm name=""/></StgValue>
</bind>
</comp>

<comp id="38" class="1004" name="i_fu_38">
<pin_list>
<pin id="39" dir="0" index="0" bw="1" slack="0"/>
<pin id="40" dir="1" index="1" bw="15" slack="0"/>
</pin_list>
<bind>
<opcode="alloca(26) " fcode="alloca"/>
<opset="i/1 "/>
</bind>
</comp>

<comp id="42" class="1004" name="stateArray_data_addr_gep_fu_42">
<pin_list>
<pin id="43" dir="0" index="0" bw="1" slack="0"/>
<pin id="44" dir="0" index="1" bw="1" slack="0"/>
<pin id="45" dir="0" index="2" bw="15" slack="0"/>
<pin id="46" dir="1" index="3" bw="15" slack="0"/>
</pin_list>
<bind>
<opcode="getelementptr(29) " fcode="getelementptr"/>
<opset="stateArray_data_addr/1 "/>
</bind>
</comp>

<comp id="49" class="1004" name="store_ln235_access_fu_49">
<pin_list>
<pin id="50" dir="0" index="0" bw="15" slack="2147483647"/>
<pin id="51" dir="0" index="1" bw="1" slack="2147483647"/>
<pin id="52" dir="0" index="2" bw="0" slack="0"/>
<pin id="54" dir="0" index="4" bw="15" slack="0"/>
<pin id="55" dir="0" index="5" bw="1" slack="2147483647"/>
<pin id="56" dir="0" index="6" bw="0" slack="2147483647"/>
<pin id="53" dir="1" index="3" bw="1" slack="2147483647"/>
<pin id="57" dir="1" index="7" bw="1" slack="2147483647"/>
</pin_list>
<bind>
<opcode="store(28) " fcode="store"/>
<opset="store_ln235/1 "/>
</bind>
</comp>

<comp id="60" class="1004" name="store_ln231_store_fu_60">
<pin_list>
<pin id="61" dir="0" index="0" bw="1" slack="0"/>
<pin id="62" dir="0" index="1" bw="15" slack="0"/>
<pin id="63" dir="1" index="2" bw="0" slack="2147483647"/>
</pin_list>
<bind>
<opcode="store(28) " fcode="store"/>
<opset="store_ln231/1 "/>
</bind>
</comp>

<comp id="65" class="1004" name="i_150_load_fu_65">
<pin_list>
<pin id="66" dir="0" index="0" bw="15" slack="0"/>
<pin id="67" dir="1" index="1" bw="15" slack="0"/>
</pin_list>
<bind>
<opcode="load(27) " fcode="load"/>
<opset="i_150/1 "/>
</bind>
</comp>

<comp id="68" class="1004" name="icmp_ln231_fu_68">
<pin_list>
<pin id="69" dir="0" index="0" bw="15" slack="0"/>
<pin id="70" dir="0" index="1" bw="14" slack="0"/>
<pin id="71" dir="1" index="2" bw="1" slack="2147483647"/>
</pin_list>
<bind>
<opcode="icmp(45) " fcode="icmp"/>
<opset="icmp_ln231/1 "/>
</bind>
</comp>

<comp id="74" class="1004" name="i_151_fu_74">
<pin_list>
<pin id="75" dir="0" index="0" bw="15" slack="0"/>
<pin id="76" dir="0" index="1" bw="1" slack="0"/>
<pin id="77" dir="1" index="2" bw="15" slack="0"/>
</pin_list>
<bind>
<opcode="add(8) " fcode="add"/>
<opset="i_151/1 "/>
</bind>
</comp>

<comp id="80" class="1004" name="zext_ln231_fu_80">
<pin_list>
<pin id="81" dir="0" index="0" bw="15" slack="0"/>
<pin id="82" dir="1" index="1" bw="64" slack="0"/>
</pin_list>
<bind>
<opcode="zext(34) " fcode="zext"/>
<opset="zext_ln231/1 "/>
</bind>
</comp>

<comp id="85" class="1004" name="store_ln231_store_fu_85">
<pin_list>
<pin id="86" dir="0" index="0" bw="15" slack="0"/>
<pin id="87" dir="0" index="1" bw="15" slack="0"/>
<pin id="88" dir="1" index="2" bw="0" slack="2147483647"/>
</pin_list>
<bind>
<opcode="store(28) " fcode="store"/>
<opset="store_ln231/1 "/>
</bind>
</comp>

<comp id="90" class="1005" name="i_reg_90">
<pin_list>
<pin id="91" dir="0" index="0" bw="15" slack="0"/>
<pin id="92" dir="1" index="1" bw="15" slack="0"/>
</pin_list>
<bind>
<opset="i "/>
</bind>
</comp>

</comp_list>

<net_list>
<net id="41"><net_src comp="2" pin="0"/><net_sink comp="38" pin=0"/></net>

<net id="47"><net_src comp="0" pin="0"/><net_sink comp="42" pin=0"/></net>

<net id="48"><net_src comp="34" pin="0"/><net_sink comp="42" pin=1"/></net>

<net id="58"><net_src comp="36" pin="0"/><net_sink comp="49" pin=4"/></net>

<net id="59"><net_src comp="42" pin="3"/><net_sink comp="49" pin=2"/></net>

<net id="64"><net_src comp="12" pin="0"/><net_sink comp="60" pin=0"/></net>

<net id="72"><net_src comp="65" pin="1"/><net_sink comp="68" pin=0"/></net>

<net id="73"><net_src comp="14" pin="0"/><net_sink comp="68" pin=1"/></net>

<net id="78"><net_src comp="65" pin="1"/><net_sink comp="74" pin=0"/></net>

<net id="79"><net_src comp="16" pin="0"/><net_sink comp="74" pin=1"/></net>

<net id="83"><net_src comp="65" pin="1"/><net_sink comp="80" pin=0"/></net>

<net id="84"><net_src comp="80" pin="1"/><net_sink comp="42" pin=2"/></net>

<net id="89"><net_src comp="74" pin="2"/><net_sink comp="85" pin=0"/></net>

<net id="93"><net_src comp="38" pin="1"/><net_sink comp="90" pin=0"/></net>

<net id="94"><net_src comp="90" pin="1"/><net_sink comp="60" pin=1"/></net>

<net id="95"><net_src comp="90" pin="1"/><net_sink comp="65" pin=0"/></net>

<net id="96"><net_src comp="90" pin="1"/><net_sink comp="85" pin=1"/></net>

</net_list>

</model> 
---------------- Datapath Model END ------------------

* FSMD analyzer results:
  - Output states:
	Port: stateArray_data_s | {1 }
 - Input state : 
  - Chain level:
	State 1
		store_ln231 : 1
		i_150 : 1
		icmp_ln231 : 2
		i_151 : 2
		br_ln231 : 3
		zext_ln231 : 2
		stateArray_data_addr : 3
		store_ln235 : 4
		store_ln231 : 3


============================================================
+ Verbose Summary: Datapath Resource usage 
============================================================

* Functional unit list:
|----------|------------------|---------|---------|
| Operation|  Functional Unit |    FF   |   LUT   |
|----------|------------------|---------|---------|
|   icmp   | icmp_ln231_fu_68 |    0    |    22   |
|----------|------------------|---------|---------|
|    add   |    i_151_fu_74   |    0    |    22   |
|----------|------------------|---------|---------|
|   zext   | zext_ln231_fu_80 |    0    |    0    |
|----------|------------------|---------|---------|
|   Total  |                  |    0    |    44   |
|----------|------------------|---------|---------|

Memories:
N/A

* Register list:
+--------+--------+
|        |   FF   |
+--------+--------+
|i_reg_90|   15   |
+--------+--------+
|  Total |   15   |
+--------+--------+

* Multiplexer (MUX) list: 
|--------|------|------|------|--------|
|  Comp  |  Pin | Size |  BW  | S x BW |
|--------|------|------|------|--------|
|  Total |      |      |      |    0   |
|--------|------|------|------|--------|



* Summary:
+-----------+--------+--------+
|           |   FF   |   LUT  |
+-----------+--------+--------+
|  Function |    0   |   44   |
|   Memory  |    -   |    -   |
|Multiplexer|    -   |    -   |
|  Register |   15   |    -   |
+-----------+--------+--------+
|   Total   |   15   |   44   |
+-----------+--------+--------+
