

================================================================
== Vitis HLS Report for 'clearFirstNRowsOrCols_HLSMoveStream_Pipeline_VITIS_LOOP_459_4'
================================================================
* Date:           Thu Mar 26 11:03:32 2026

* Version:        2024.2 (Build 5238294 on Nov  8 2024)
* Project:        atomflow_controller_2024_2
* Solution:       hls (Vivado IP Flow Target)
* Product family: zynquplusRFSOC
* Target device:  xczu49dr-ffvf1760-2-e


================================================================
== Performance Estimates
================================================================
+ Timing: 
    * Summary: 
    +--------+----------+----------+------------+
    |  Clock |  Target  | Estimated| Uncertainty|
    +--------+----------+----------+------------+
    |ap_clk  |  10.00 ns|  3.173 ns|     2.70 ns|
    +--------+----------+----------+------------+

+ Latency: 
    * Summary: 
    +---------+---------+-----------+----------+-----+-----+------------------------------------------------+
    |  Latency (cycles) |  Latency (absolute)  |  Interval |                    Pipeline                    |
    |   min   |   max   |    min    |    max   | min | max |                      Type                      |
    +---------+---------+-----------+----------+-----+-----+------------------------------------------------+
    |        4|       11|  40.000 ns|  0.110 us|    2|    9|  loop auto-rewind stp (delay=0 clock cycles(s))|
    +---------+---------+-----------+----------+-----+-----+------------------------------------------------+

    + Detail: 
        * Instance: 
        N/A

        * Loop: 
        +--------------------+---------+---------+----------+-----------+-----------+-------+----------+
        |                    |  Latency (cycles) | Iteration|  Initiation Interval  |  Trip |          |
        |      Loop Name     |   min   |   max   |  Latency |  achieved |   target  | Count | Pipelined|
        +--------------------+---------+---------+----------+-----------+-----------+-------+----------+
        |- VITIS_LOOP_459_4  |        2|        9|         2|          1|          1|  1 ~ 8|       yes|
        +--------------------+---------+---------+----------+-----------+-----------+-------+----------+



================================================================
== Utilization Estimates
================================================================
* Summary: 
+-----------------+---------+------+--------+--------+-----+
|       Name      | BRAM_18K|  DSP |   FF   |   LUT  | URAM|
+-----------------+---------+------+--------+--------+-----+
|DSP              |        -|     -|       -|       -|    -|
|Expression       |        -|     -|       0|     212|    -|
|FIFO             |        -|     -|       -|       -|    -|
|Instance         |        -|     -|       -|       -|    -|
|Memory           |        -|     -|       -|       -|    -|
|Multiplexer      |        -|     -|       0|      73|    -|
|Register         |        -|     -|      25|       -|    -|
+-----------------+---------+------+--------+--------+-----+
|Total            |        0|     0|      25|     285|    0|
+-----------------+---------+------+--------+--------+-----+
|Available        |     2160|  4272|  850560|  425280|   80|
+-----------------+---------+------+--------+--------+-----+
|Utilization (%)  |        0|     0|      ~0|      ~0|    0|
+-----------------+---------+------+--------+--------+-----+

+ Detail: 
    * Instance: 
    N/A

    * DSP: 
    N/A

    * Memory: 
    N/A

    * FIFO: 
    N/A

    * Expression: 
    +-----------------------------------+----------+----+---+----+------------+------------+
    |           Variable Name           | Operation| DSP| FF| LUT| Bitwidth P0| Bitwidth P1|
    +-----------------------------------+----------+----+---+----+------------+------------+
    |add_ln459_159_fu_273_p2            |         +|   0|  0|  39|          32|          32|
    |add_ln459_fu_217_p2                |         +|   0|  0|  39|          32|          32|
    |start_colSelectionCount_fu_301_p2  |         +|   0|  0|  12|           5|           2|
    |and_ln459_fu_229_p2                |       and|   0|  0|   2|           1|           1|
    |ap_condition_343                   |       and|   0|  0|   2|           1|           1|
    |ap_condition_346                   |       and|   0|  0|   2|           1|           1|
    |ap_condition_353                   |       and|   0|  0|   2|           1|           1|
    |icmp_ln459_1_fu_295_p2             |      icmp|   0|  0|  39|          32|          32|
    |icmp_ln459_fu_223_p2               |      icmp|   0|  0|  39|          32|          32|
    |select_ln465_1_fu_330_p3           |    select|   0|  0|  16|           1|          16|
    |select_ln465_fu_312_p3             |    select|   0|  0|  16|           1|          16|
    |ap_enable_pp0                      |       xor|   0|  0|   2|           1|           2|
    |xor_ln459_fu_211_p2                |       xor|   0|  0|   2|           1|           2|
    +-----------------------------------+----------+----+---+----+------------+------------+
    |Total                              |          |   0|  0| 212|         141|         170|
    +-----------------------------------+----------+----+---+----+------------+------------+

    * Multiplexer: 
    +--------------------------------------------+----+-----------+-----+-----------+
    |                    Name                    | LUT| Input Size| Bits| Total Bits|
    +--------------------------------------------+----+-----------+-----+-----------+
    |ap_done_int                                 |   9|          2|    1|          2|
    |ap_loop_exit_ready_pp0_iter1_reg            |   9|          2|    1|          2|
    |ap_sig_allocacmp_end_colSelectionCount      |   9|          2|    5|         10|
    |batchSize_fu_62                             |   9|          2|    5|         10|
    |occupiedIndices_1_address0_local            |  14|          3|    7|         21|
    |occupiedIndices_address0_local              |  14|          3|    7|         21|
    |start_colSelectionCount_0_lcssa_ce_reg_177  |   9|          2|    5|         10|
    +--------------------------------------------+----+-----------+-----+-----------+
    |Total                                       |  73|         16|   31|         76|
    +--------------------------------------------+----+-----------+-----+-----------+

    * Register: 
    +--------------------------------------------+---+----+-----+-----------+
    |                    Name                    | FF| LUT| Bits| Const Bits|
    +--------------------------------------------+---+----+-----+-----------+
    |and_ln459_reg_363                           |  1|   0|    1|          0|
    |ap_CS_fsm                                   |  1|   0|    1|          0|
    |ap_done_reg                                 |  1|   0|    1|          0|
    |ap_enable_reg_pp0_iter1                     |  1|   0|    1|          0|
    |ap_loop_exit_ready_pp0_iter1_reg            |  1|   0|    1|          0|
    |batchSize_fu_62                             |  5|   0|    5|          0|
    |end_colSelectionCount_9_reg_377             |  3|   0|    4|          1|
    |end_colSelectionCount_reg_357               |  5|   0|    5|          0|
    |icmp_ln459_1_reg_383                        |  1|   0|    1|          0|
    |start_colSelectionCount_0_lcssa_ce_reg_177  |  5|   0|    5|          0|
    |trunc_ln434_reg_351                         |  1|   0|    1|          0|
    +--------------------------------------------+---+----+-----+-----------+
    |Total                                       | 25|   0|   26|          1|
    +--------------------------------------------+---+----+-----+-----------+



================================================================
== Interface
================================================================
* Summary: 
+-----------------------------------------------+-----+-----+------------+----------------------------------------------------------------+--------------+
|                   RTL Ports                   | Dir | Bits|  Protocol  |                          Source Object                         |    C Type    |
+-----------------------------------------------+-----+-----+------------+----------------------------------------------------------------+--------------+
|ap_clk                                         |   in|    1|  ap_ctrl_hs|  clearFirstNRowsOrCols<HLSMoveStream>_Pipeline_VITIS_LOOP_459_4|  return value|
|ap_rst                                         |   in|    1|  ap_ctrl_hs|  clearFirstNRowsOrCols<HLSMoveStream>_Pipeline_VITIS_LOOP_459_4|  return value|
|ap_start                                       |   in|    1|  ap_ctrl_hs|  clearFirstNRowsOrCols<HLSMoveStream>_Pipeline_VITIS_LOOP_459_4|  return value|
|ap_done                                        |  out|    1|  ap_ctrl_hs|  clearFirstNRowsOrCols<HLSMoveStream>_Pipeline_VITIS_LOOP_459_4|  return value|
|ap_idle                                        |  out|    1|  ap_ctrl_hs|  clearFirstNRowsOrCols<HLSMoveStream>_Pipeline_VITIS_LOOP_459_4|  return value|
|ap_ready                                       |  out|    1|  ap_ctrl_hs|  clearFirstNRowsOrCols<HLSMoveStream>_Pipeline_VITIS_LOOP_459_4|  return value|
|processedCount                                 |   in|   32|     ap_none|                                                  processedCount|        scalar|
|occupiedCount_reload                           |   in|   32|     ap_none|                                            occupiedCount_reload|        scalar|
|occupiedIndices_address0                       |  out|    7|   ap_memory|                                                 occupiedIndices|         array|
|occupiedIndices_ce0                            |  out|    1|   ap_memory|                                                 occupiedIndices|         array|
|occupiedIndices_q0                             |   in|   16|   ap_memory|                                                 occupiedIndices|         array|
|occupiedIndices_1_address0                     |  out|    7|   ap_memory|                                               occupiedIndices_1|         array|
|occupiedIndices_1_ce0                          |  out|    1|   ap_memory|                                               occupiedIndices_1|         array|
|occupiedIndices_1_q0                           |   in|   16|   ap_memory|                                               occupiedIndices_1|         array|
|start_colSelection_address0                    |  out|    4|   ap_memory|                                              start_colSelection|         array|
|start_colSelection_ce0                         |  out|    1|   ap_memory|                                              start_colSelection|         array|
|start_colSelection_we0                         |  out|    1|   ap_memory|                                              start_colSelection|         array|
|start_colSelection_d0                          |  out|   16|   ap_memory|                                              start_colSelection|         array|
|start_colSelection_address1                    |  out|    4|   ap_memory|                                              start_colSelection|         array|
|start_colSelection_ce1                         |  out|    1|   ap_memory|                                              start_colSelection|         array|
|start_colSelection_we1                         |  out|    1|   ap_memory|                                              start_colSelection|         array|
|start_colSelection_d1                          |  out|   16|   ap_memory|                                              start_colSelection|         array|
|end_colSelection_address0                      |  out|    4|   ap_memory|                                                end_colSelection|         array|
|end_colSelection_ce0                           |  out|    1|   ap_memory|                                                end_colSelection|         array|
|end_colSelection_we0                           |  out|    1|   ap_memory|                                                end_colSelection|         array|
|end_colSelection_d0                            |  out|   16|   ap_memory|                                                end_colSelection|         array|
|end_colSelection_address1                      |  out|    4|   ap_memory|                                                end_colSelection|         array|
|end_colSelection_ce1                           |  out|    1|   ap_memory|                                                end_colSelection|         array|
|end_colSelection_we1                           |  out|    1|   ap_memory|                                                end_colSelection|         array|
|end_colSelection_d1                            |  out|   16|   ap_memory|                                                end_colSelection|         array|
|start_colSelectionCount_0_lcssa_ce_out         |  out|    5|      ap_vld|                          start_colSelectionCount_0_lcssa_ce_out|       pointer|
|start_colSelectionCount_0_lcssa_ce_out_ap_vld  |  out|    1|      ap_vld|                          start_colSelectionCount_0_lcssa_ce_out|       pointer|
+-----------------------------------------------+-----+-----+------------+----------------------------------------------------------------+--------------+

============================================================
+ Verbose Summary: Synthesis Manager
============================================================
InlineROM: 1
ExposeGlobal: 0
============================================================
+ Verbose Summary: CDFG Model
============================================================
IsTopModel: 0
ResetActiveHigh: 1
IsCombinational: 2
IsDatapathOnly: 2
HasWiredReturn: 1
HasMFsm: 2
HasVarLatency: 1
IsPipeline: 0
IsRtlPipelined: 0
IsInstanceOverlapped: 0
IsDontTouch: 0
HasImplIP: 0
IsGatedGlobalClock: 0

+ Individual pipeline summary: 
  * Pipeline-0: initiation interval (II) = 1, depth = 2


============================================================
+ Verbose Summary: Schedule
============================================================
* Number of FSM states : 2
* Pipeline : 1
  Pipeline-0 : II = 1, D = 2, States = { 1 2 }
* Dataflow Pipeline: 0

* FSM state transitions: 
1 --> 2 
2 --> 

* FSM state operations: 

State 1 <SV = 0> <Delay = 3.17>
ST_1 : Operation 5 [1/1] (0.00ns)   --->   "%batchSize = alloca i32 1" [/home/xiaorang/Documents/ATOMFLOW/sorting-organized-main/src/sortLatticeByRow.cpp:458]   --->   Operation 5 'alloca' 'batchSize' <Predicate = true> <Delay = 0.00>
ST_1 : Operation 6 [1/1] (0.00ns)   --->   "%occupiedCount_reload_read = read i32 @_ssdm_op_Read.ap_auto.i32, i32 %occupiedCount_reload" [/home/xiaorang/Documents/ATOMFLOW/sorting-organized-main/src/sortLatticeByRow.cpp:434]   --->   Operation 6 'read' 'occupiedCount_reload_read' <Predicate = true> <Delay = 0.00>
ST_1 : Operation 7 [1/1] (0.00ns)   --->   "%processedCount_read = read i32 @_ssdm_op_Read.ap_auto.i32, i32 %processedCount" [/home/xiaorang/Documents/ATOMFLOW/sorting-organized-main/src/sortLatticeByRow.cpp:434]   --->   Operation 7 'read' 'processedCount_read' <Predicate = true> <Delay = 0.00>
ST_1 : Operation 8 [1/1] (0.00ns)   --->   "%trunc_ln434 = trunc i32 %processedCount_read" [/home/xiaorang/Documents/ATOMFLOW/sorting-organized-main/src/sortLatticeByRow.cpp:434]   --->   Operation 8 'trunc' 'trunc_ln434' <Predicate = true> <Delay = 0.00>
ST_1 : Operation 9 [1/1] (0.42ns)   --->   "%store_ln458 = store i5 0, i5 %batchSize" [/home/xiaorang/Documents/ATOMFLOW/sorting-organized-main/src/sortLatticeByRow.cpp:458]   --->   Operation 9 'store' 'store_ln458' <Predicate = true> <Delay = 0.42>
ST_1 : Operation 10 [1/1] (0.00ns)   --->   "%br_ln459 = br void %for.cond30.0" [/home/xiaorang/Documents/ATOMFLOW/sorting-organized-main/src/sortLatticeByRow.cpp:459]   --->   Operation 10 'br' 'br_ln459' <Predicate = true> <Delay = 0.00>
ST_1 : Operation 11 [1/1] (0.00ns)   --->   "%end_colSelectionCount = load i5 %batchSize" [/home/xiaorang/Documents/ATOMFLOW/sorting-organized-main/src/sortLatticeByRow.cpp:470]   --->   Operation 11 'load' 'end_colSelectionCount' <Predicate = true> <Delay = 0.00>
ST_1 : Operation 12 [1/1] (0.00ns)   --->   "%zext_ln445 = zext i5 %end_colSelectionCount" [/home/xiaorang/Documents/ATOMFLOW/sorting-organized-main/src/sortLatticeByRow.cpp:445]   --->   Operation 12 'zext' 'zext_ln445' <Predicate = true> <Delay = 0.00>
ST_1 : Operation 13 [1/1] (0.00ns) (grouped into LUT with out node and_ln459)   --->   "%tmp = bitselect i1 @_ssdm_op_BitSelect.i1.i5.i32, i5 %end_colSelectionCount, i32 4" [/home/xiaorang/Documents/ATOMFLOW/sorting-organized-main/src/sortLatticeByRow.cpp:459]   --->   Operation 13 'bitselect' 'tmp' <Predicate = true> <Delay = 0.00>
ST_1 : Operation 14 [1/1] (0.00ns) (grouped into LUT with out node and_ln459)   --->   "%xor_ln459 = xor i1 %tmp, i1 1" [/home/xiaorang/Documents/ATOMFLOW/sorting-organized-main/src/sortLatticeByRow.cpp:459]   --->   Operation 14 'xor' 'xor_ln459' <Predicate = true> <Delay = 0.00> <CoreInst = "LogicGate">   --->   Core 74 'LogicGate' <Latency = 0> <II = 1> <Delay = 0.28> <FuncUnit> <Opcode : 'and' 'or' 'xor'> <InPorts = 2> <OutPorts = 1>
ST_1 : Operation 15 [1/1] (1.01ns)   --->   "%add_ln459 = add i32 %processedCount_read, i32 %zext_ln445" [/home/xiaorang/Documents/ATOMFLOW/sorting-organized-main/src/sortLatticeByRow.cpp:459]   --->   Operation 15 'add' 'add_ln459' <Predicate = true> <Delay = 1.01> <CoreInst = "Adder">   --->   Core 1 'Adder' <Latency = 0> <II = 1> <Delay = 1.01> <FuncUnit> <Opcode : 'add' 'sub'> <InPorts = 2> <OutPorts = 1>
ST_1 : Operation 16 [1/1] (1.01ns)   --->   "%icmp_ln459 = icmp_ult  i32 %add_ln459, i32 %occupiedCount_reload_read" [/home/xiaorang/Documents/ATOMFLOW/sorting-organized-main/src/sortLatticeByRow.cpp:459]   --->   Operation 16 'icmp' 'icmp_ln459' <Predicate = true> <Delay = 1.01> <CoreInst = "Cmp">   --->   Core 9 'Cmp' <Latency = 0> <II = 1> <Delay = 1.01> <FuncUnit> <Opcode : 'seteq' 'setne' 'setle' 'setge' 'setlt' 'setgt'> <InPorts = 2> <OutPorts = 1>
ST_1 : Operation 17 [1/1] (0.28ns) (out node of the LUT)   --->   "%and_ln459 = and i1 %icmp_ln459, i1 %xor_ln459" [/home/xiaorang/Documents/ATOMFLOW/sorting-organized-main/src/sortLatticeByRow.cpp:459]   --->   Operation 17 'and' 'and_ln459' <Predicate = true> <Delay = 0.28> <CoreInst = "LogicGate">   --->   Core 74 'LogicGate' <Latency = 0> <II = 1> <Delay = 0.28> <FuncUnit> <Opcode : 'and' 'or' 'xor'> <InPorts = 2> <OutPorts = 1>
ST_1 : Operation 18 [1/1] (0.42ns)   --->   "%br_ln459 = br i1 %and_ln459, void %for.end68.split, void %for.inc66.0" [/home/xiaorang/Documents/ATOMFLOW/sorting-organized-main/src/sortLatticeByRow.cpp:459]   --->   Operation 18 'br' 'br_ln459' <Predicate = true> <Delay = 0.42>
ST_1 : Operation 19 [1/1] (0.00ns)   --->   "%lshr_ln459_s = partselect i7 @_ssdm_op_PartSelect.i7.i32.i32.i32, i32 %add_ln459, i32 1, i32 7" [/home/xiaorang/Documents/ATOMFLOW/sorting-organized-main/src/sortLatticeByRow.cpp:459]   --->   Operation 19 'partselect' 'lshr_ln459_s' <Predicate = (and_ln459)> <Delay = 0.00>
ST_1 : Operation 20 [1/1] (0.00ns)   --->   "%zext_ln459 = zext i7 %lshr_ln459_s" [/home/xiaorang/Documents/ATOMFLOW/sorting-organized-main/src/sortLatticeByRow.cpp:459]   --->   Operation 20 'zext' 'zext_ln459' <Predicate = (and_ln459)> <Delay = 0.00>
ST_1 : Operation 21 [1/1] (0.00ns)   --->   "%occupiedIndices_addr = getelementptr i16 %occupiedIndices, i64 0, i64 %zext_ln459" [/home/xiaorang/Documents/ATOMFLOW/sorting-organized-main/src/sortLatticeByRow.cpp:465]   --->   Operation 21 'getelementptr' 'occupiedIndices_addr' <Predicate = (and_ln459 & !trunc_ln434)> <Delay = 0.00>
ST_1 : Operation 22 [1/1] (0.00ns)   --->   "%occupiedIndices_1_addr = getelementptr i16 %occupiedIndices_1, i64 0, i64 %zext_ln459" [/home/xiaorang/Documents/ATOMFLOW/sorting-organized-main/src/sortLatticeByRow.cpp:465]   --->   Operation 22 'getelementptr' 'occupiedIndices_1_addr' <Predicate = (and_ln459 & trunc_ln434)> <Delay = 0.00>
ST_1 : Operation 23 [2/2] (1.23ns)   --->   "%occupiedIndices_load = load i7 %occupiedIndices_addr" [/home/xiaorang/Documents/ATOMFLOW/sorting-organized-main/src/sortLatticeByRow.cpp:465]   --->   Operation 23 'load' 'occupiedIndices_load' <Predicate = (and_ln459 & !trunc_ln434)> <Delay = 1.23> <CoreInst = "RAM">   --->   Core 82 'RAM' <Latency = 1> <II = 1> <Delay = 1.23> <Storage> <Opcode : 'load' 'store'> <Ports = 2> <Width = 16> <Depth = 128> <RAM>
ST_1 : Operation 24 [2/2] (1.23ns)   --->   "%occupiedIndices_1_load = load i7 %occupiedIndices_1_addr" [/home/xiaorang/Documents/ATOMFLOW/sorting-organized-main/src/sortLatticeByRow.cpp:465]   --->   Operation 24 'load' 'occupiedIndices_1_load' <Predicate = (and_ln459 & trunc_ln434)> <Delay = 1.23> <CoreInst = "RAM">   --->   Core 82 'RAM' <Latency = 1> <II = 1> <Delay = 1.23> <Storage> <Opcode : 'load' 'store'> <Ports = 2> <Width = 16> <Depth = 128> <RAM>
ST_1 : Operation 25 [1/1] (0.00ns)   --->   "%tmp_s = partselect i3 @_ssdm_op_PartSelect.i3.i5.i32.i32, i5 %end_colSelectionCount, i32 1, i32 3" [/home/xiaorang/Documents/ATOMFLOW/sorting-organized-main/src/sortLatticeByRow.cpp:470]   --->   Operation 25 'partselect' 'tmp_s' <Predicate = (and_ln459)> <Delay = 0.00>
ST_1 : Operation 26 [1/1] (0.00ns)   --->   "%end_colSelectionCount_9 = bitconcatenate i4 @_ssdm_op_BitConcatenate.i4.i3.i1, i3 %tmp_s, i1 1" [/home/xiaorang/Documents/ATOMFLOW/sorting-organized-main/src/sortLatticeByRow.cpp:470]   --->   Operation 26 'bitconcatenate' 'end_colSelectionCount_9' <Predicate = (and_ln459)> <Delay = 0.00>
ST_1 : Operation 27 [1/1] (0.00ns)   --->   "%zext_ln445_1 = zext i4 %end_colSelectionCount_9" [/home/xiaorang/Documents/ATOMFLOW/sorting-organized-main/src/sortLatticeByRow.cpp:445]   --->   Operation 27 'zext' 'zext_ln445_1' <Predicate = (and_ln459)> <Delay = 0.00>
ST_1 : Operation 28 [1/1] (1.01ns)   --->   "%add_ln459_159 = add i32 %processedCount_read, i32 %zext_ln445_1" [/home/xiaorang/Documents/ATOMFLOW/sorting-organized-main/src/sortLatticeByRow.cpp:459]   --->   Operation 28 'add' 'add_ln459_159' <Predicate = (and_ln459)> <Delay = 1.01> <CoreInst = "Adder">   --->   Core 1 'Adder' <Latency = 0> <II = 1> <Delay = 1.01> <FuncUnit> <Opcode : 'add' 'sub'> <InPorts = 2> <OutPorts = 1>
ST_1 : Operation 29 [1/1] (0.00ns)   --->   "%lshr_ln459_162 = partselect i7 @_ssdm_op_PartSelect.i7.i32.i32.i32, i32 %add_ln459_159, i32 1, i32 7" [/home/xiaorang/Documents/ATOMFLOW/sorting-organized-main/src/sortLatticeByRow.cpp:459]   --->   Operation 29 'partselect' 'lshr_ln459_162' <Predicate = (and_ln459)> <Delay = 0.00>
ST_1 : Operation 30 [1/1] (0.00ns)   --->   "%zext_ln459_1 = zext i7 %lshr_ln459_162" [/home/xiaorang/Documents/ATOMFLOW/sorting-organized-main/src/sortLatticeByRow.cpp:459]   --->   Operation 30 'zext' 'zext_ln459_1' <Predicate = (and_ln459)> <Delay = 0.00>
ST_1 : Operation 31 [1/1] (1.01ns)   --->   "%icmp_ln459_1 = icmp_ult  i32 %add_ln459_159, i32 %occupiedCount_reload_read" [/home/xiaorang/Documents/ATOMFLOW/sorting-organized-main/src/sortLatticeByRow.cpp:459]   --->   Operation 31 'icmp' 'icmp_ln459_1' <Predicate = (and_ln459)> <Delay = 1.01> <CoreInst = "Cmp">   --->   Core 9 'Cmp' <Latency = 0> <II = 1> <Delay = 1.01> <FuncUnit> <Opcode : 'seteq' 'setne' 'setle' 'setge' 'setlt' 'setgt'> <InPorts = 2> <OutPorts = 1>
ST_1 : Operation 32 [1/1] (0.00ns)   --->   "%occupiedIndices_addr_1 = getelementptr i16 %occupiedIndices, i64 0, i64 %zext_ln459_1" [/home/xiaorang/Documents/ATOMFLOW/sorting-organized-main/src/sortLatticeByRow.cpp:465]   --->   Operation 32 'getelementptr' 'occupiedIndices_addr_1' <Predicate = (and_ln459 & icmp_ln459_1 & trunc_ln434)> <Delay = 0.00>
ST_1 : Operation 33 [1/1] (0.00ns)   --->   "%occupiedIndices_1_addr_1 = getelementptr i16 %occupiedIndices_1, i64 0, i64 %zext_ln459_1" [/home/xiaorang/Documents/ATOMFLOW/sorting-organized-main/src/sortLatticeByRow.cpp:465]   --->   Operation 33 'getelementptr' 'occupiedIndices_1_addr_1' <Predicate = (and_ln459 & icmp_ln459_1 & !trunc_ln434)> <Delay = 0.00>
ST_1 : Operation 34 [2/2] (1.23ns)   --->   "%occupiedIndices_load_1 = load i7 %occupiedIndices_addr_1" [/home/xiaorang/Documents/ATOMFLOW/sorting-organized-main/src/sortLatticeByRow.cpp:465]   --->   Operation 34 'load' 'occupiedIndices_load_1' <Predicate = (and_ln459 & icmp_ln459_1 & trunc_ln434)> <Delay = 1.23> <CoreInst = "RAM">   --->   Core 82 'RAM' <Latency = 1> <II = 1> <Delay = 1.23> <Storage> <Opcode : 'load' 'store'> <Ports = 2> <Width = 16> <Depth = 128> <RAM>
ST_1 : Operation 35 [2/2] (1.23ns)   --->   "%occupiedIndices_1_load_1 = load i7 %occupiedIndices_1_addr_1" [/home/xiaorang/Documents/ATOMFLOW/sorting-organized-main/src/sortLatticeByRow.cpp:465]   --->   Operation 35 'load' 'occupiedIndices_1_load_1' <Predicate = (and_ln459 & icmp_ln459_1 & !trunc_ln434)> <Delay = 1.23> <CoreInst = "RAM">   --->   Core 82 'RAM' <Latency = 1> <II = 1> <Delay = 1.23> <Storage> <Opcode : 'load' 'store'> <Ports = 2> <Width = 16> <Depth = 128> <RAM>
ST_1 : Operation 36 [1/1] (0.78ns)   --->   "%start_colSelectionCount = add i5 %end_colSelectionCount, i5 2" [/home/xiaorang/Documents/ATOMFLOW/sorting-organized-main/src/sortLatticeByRow.cpp:470]   --->   Operation 36 'add' 'start_colSelectionCount' <Predicate = (and_ln459 & icmp_ln459_1)> <Delay = 0.78> <CoreInst = "Adder">   --->   Core 1 'Adder' <Latency = 0> <II = 1> <Delay = 0.78> <FuncUnit> <Opcode : 'add' 'sub'> <InPorts = 2> <OutPorts = 1>
ST_1 : Operation 37 [1/1] (0.42ns)   --->   "%store_ln458 = store i5 %start_colSelectionCount, i5 %batchSize" [/home/xiaorang/Documents/ATOMFLOW/sorting-organized-main/src/sortLatticeByRow.cpp:458]   --->   Operation 37 'store' 'store_ln458' <Predicate = (and_ln459 & icmp_ln459_1)> <Delay = 0.42>

State 2 <SV = 1> <Delay = 2.27>
ST_2 : Operation 38 [1/1] (0.00ns)   --->   "%specpipeline_ln465 = specpipeline void @_ssdm_op_SpecPipeline, i32 4294967295, i32 0, i32 0, i32 0, void @empty_18" [/home/xiaorang/Documents/ATOMFLOW/sorting-organized-main/src/sortLatticeByRow.cpp:465]   --->   Operation 38 'specpipeline' 'specpipeline_ln465' <Predicate = (and_ln459)> <Delay = 0.00>
ST_2 : Operation 39 [1/1] (0.00ns)   --->   "%speclooptripcount_ln462 = speclooptripcount void @_ssdm_op_SpecLoopTripCount, i64 1, i64 8, i64 4" [/home/xiaorang/Documents/ATOMFLOW/sorting-organized-main/src/sortLatticeByRow.cpp:462]   --->   Operation 39 'speclooptripcount' 'speclooptripcount_ln462' <Predicate = (and_ln459)> <Delay = 0.00>
ST_2 : Operation 40 [1/1] (0.00ns)   --->   "%specloopname_ln459 = specloopname void @_ssdm_op_SpecLoopName, void @empty_97" [/home/xiaorang/Documents/ATOMFLOW/sorting-organized-main/src/sortLatticeByRow.cpp:459]   --->   Operation 40 'specloopname' 'specloopname_ln459' <Predicate = (and_ln459)> <Delay = 0.00>
ST_2 : Operation 41 [1/2] ( I:1.23ns O:1.23ns )   --->   "%occupiedIndices_load = load i7 %occupiedIndices_addr" [/home/xiaorang/Documents/ATOMFLOW/sorting-organized-main/src/sortLatticeByRow.cpp:465]   --->   Operation 41 'load' 'occupiedIndices_load' <Predicate = (and_ln459 & !trunc_ln434)> <Delay = 1.23> <CoreInst = "RAM">   --->   Core 82 'RAM' <Latency = 1> <II = 1> <Delay = 1.23> <Storage> <Opcode : 'load' 'store'> <Ports = 2> <Width = 16> <Depth = 128> <RAM>
ST_2 : Operation 42 [1/2] ( I:1.23ns O:1.23ns )   --->   "%occupiedIndices_1_load = load i7 %occupiedIndices_1_addr" [/home/xiaorang/Documents/ATOMFLOW/sorting-organized-main/src/sortLatticeByRow.cpp:465]   --->   Operation 42 'load' 'occupiedIndices_1_load' <Predicate = (and_ln459 & trunc_ln434)> <Delay = 1.23> <CoreInst = "RAM">   --->   Core 82 'RAM' <Latency = 1> <II = 1> <Delay = 1.23> <Storage> <Opcode : 'load' 'store'> <Ports = 2> <Width = 16> <Depth = 128> <RAM>
ST_2 : Operation 43 [1/1] (0.35ns)   --->   "%select_ln465 = select i1 %trunc_ln434, i16 %occupiedIndices_1_load, i16 %occupiedIndices_load" [/home/xiaorang/Documents/ATOMFLOW/sorting-organized-main/src/sortLatticeByRow.cpp:465]   --->   Operation 43 'select' 'select_ln465' <Predicate = (and_ln459)> <Delay = 0.35> <CoreInst = "Sel">   --->   Core 73 'Sel' <Latency = 0> <II = 1> <Delay = 0.35> <FuncUnit> <Opcode : 'select'> <InPorts = 3> <OutPorts = 1>
ST_2 : Operation 44 [1/1] (0.00ns)   --->   "%zext_ln470_2 = zext i4 %end_colSelectionCount_9" [/home/xiaorang/Documents/ATOMFLOW/sorting-organized-main/src/sortLatticeByRow.cpp:470]   --->   Operation 44 'zext' 'zext_ln470_2' <Predicate = (and_ln459)> <Delay = 0.00>
ST_2 : Operation 45 [1/1] (0.00ns)   --->   "%zext_ln470 = zext i5 %end_colSelectionCount" [/home/xiaorang/Documents/ATOMFLOW/sorting-organized-main/src/sortLatticeByRow.cpp:470]   --->   Operation 45 'zext' 'zext_ln470' <Predicate = (and_ln459)> <Delay = 0.00>
ST_2 : Operation 46 [1/1] (0.00ns)   --->   "%start_colSelection_addr = getelementptr i16 %start_colSelection, i64 0, i64 %zext_ln470" [/home/xiaorang/Documents/ATOMFLOW/sorting-organized-main/src/sortLatticeByRow.cpp:470]   --->   Operation 46 'getelementptr' 'start_colSelection_addr' <Predicate = (and_ln459)> <Delay = 0.00>
ST_2 : Operation 47 [1/1] ( I:0.67ns O:0.67ns )   --->   "%store_ln470 = store i16 %select_ln465, i4 %start_colSelection_addr" [/home/xiaorang/Documents/ATOMFLOW/sorting-organized-main/src/sortLatticeByRow.cpp:470]   --->   Operation 47 'store' 'store_ln470' <Predicate = (and_ln459)> <Delay = 0.67> <CoreInst = "RAM">   --->   Core 82 'RAM' <Latency = 1> <II = 1> <Delay = 0.67> <Storage> <Opcode : 'load' 'store'> <Ports = 2> <Width = 16> <Depth = 16> <RAM>
ST_2 : Operation 48 [1/1] (0.00ns)   --->   "%end_colSelection_addr = getelementptr i16 %end_colSelection, i64 0, i64 %zext_ln470" [/home/xiaorang/Documents/ATOMFLOW/sorting-organized-main/src/sortLatticeByRow.cpp:471]   --->   Operation 48 'getelementptr' 'end_colSelection_addr' <Predicate = (and_ln459)> <Delay = 0.00>
ST_2 : Operation 49 [1/1] ( I:0.67ns O:0.67ns )   --->   "%store_ln471 = store i16 %select_ln465, i4 %end_colSelection_addr" [/home/xiaorang/Documents/ATOMFLOW/sorting-organized-main/src/sortLatticeByRow.cpp:471]   --->   Operation 49 'store' 'store_ln471' <Predicate = (and_ln459)> <Delay = 0.67> <CoreInst = "RAM">   --->   Core 82 'RAM' <Latency = 1> <II = 1> <Delay = 0.67> <Storage> <Opcode : 'load' 'store'> <Ports = 2> <Width = 16> <Depth = 16> <RAM>
ST_2 : Operation 50 [1/1] (0.42ns)   --->   "%br_ln459 = br i1 %icmp_ln459_1, void %for.end68.split, void %for.inc66.1" [/home/xiaorang/Documents/ATOMFLOW/sorting-organized-main/src/sortLatticeByRow.cpp:459]   --->   Operation 50 'br' 'br_ln459' <Predicate = (and_ln459)> <Delay = 0.42>
ST_2 : Operation 51 [1/2] ( I:1.23ns O:1.23ns )   --->   "%occupiedIndices_load_1 = load i7 %occupiedIndices_addr_1" [/home/xiaorang/Documents/ATOMFLOW/sorting-organized-main/src/sortLatticeByRow.cpp:465]   --->   Operation 51 'load' 'occupiedIndices_load_1' <Predicate = (and_ln459 & icmp_ln459_1 & trunc_ln434)> <Delay = 1.23> <CoreInst = "RAM">   --->   Core 82 'RAM' <Latency = 1> <II = 1> <Delay = 1.23> <Storage> <Opcode : 'load' 'store'> <Ports = 2> <Width = 16> <Depth = 128> <RAM>
ST_2 : Operation 52 [1/2] ( I:1.23ns O:1.23ns )   --->   "%occupiedIndices_1_load_1 = load i7 %occupiedIndices_1_addr_1" [/home/xiaorang/Documents/ATOMFLOW/sorting-organized-main/src/sortLatticeByRow.cpp:465]   --->   Operation 52 'load' 'occupiedIndices_1_load_1' <Predicate = (and_ln459 & icmp_ln459_1 & !trunc_ln434)> <Delay = 1.23> <CoreInst = "RAM">   --->   Core 82 'RAM' <Latency = 1> <II = 1> <Delay = 1.23> <Storage> <Opcode : 'load' 'store'> <Ports = 2> <Width = 16> <Depth = 128> <RAM>
ST_2 : Operation 53 [1/1] (0.35ns)   --->   "%select_ln465_1 = select i1 %trunc_ln434, i16 %occupiedIndices_load_1, i16 %occupiedIndices_1_load_1" [/home/xiaorang/Documents/ATOMFLOW/sorting-organized-main/src/sortLatticeByRow.cpp:465]   --->   Operation 53 'select' 'select_ln465_1' <Predicate = (and_ln459 & icmp_ln459_1)> <Delay = 0.35> <CoreInst = "Sel">   --->   Core 73 'Sel' <Latency = 0> <II = 1> <Delay = 0.35> <FuncUnit> <Opcode : 'select'> <InPorts = 3> <OutPorts = 1>
ST_2 : Operation 54 [1/1] (0.00ns)   --->   "%zext_ln470_1 = zext i4 %end_colSelectionCount_9" [/home/xiaorang/Documents/ATOMFLOW/sorting-organized-main/src/sortLatticeByRow.cpp:470]   --->   Operation 54 'zext' 'zext_ln470_1' <Predicate = (and_ln459 & icmp_ln459_1)> <Delay = 0.00>
ST_2 : Operation 55 [1/1] (0.00ns)   --->   "%start_colSelection_addr_38 = getelementptr i16 %start_colSelection, i64 0, i64 %zext_ln470_1" [/home/xiaorang/Documents/ATOMFLOW/sorting-organized-main/src/sortLatticeByRow.cpp:470]   --->   Operation 55 'getelementptr' 'start_colSelection_addr_38' <Predicate = (and_ln459 & icmp_ln459_1)> <Delay = 0.00>
ST_2 : Operation 56 [1/1] ( I:0.67ns O:0.67ns )   --->   "%store_ln470 = store i16 %select_ln465_1, i4 %start_colSelection_addr_38" [/home/xiaorang/Documents/ATOMFLOW/sorting-organized-main/src/sortLatticeByRow.cpp:470]   --->   Operation 56 'store' 'store_ln470' <Predicate = (and_ln459 & icmp_ln459_1)> <Delay = 0.67> <CoreInst = "RAM">   --->   Core 82 'RAM' <Latency = 1> <II = 1> <Delay = 0.67> <Storage> <Opcode : 'load' 'store'> <Ports = 2> <Width = 16> <Depth = 16> <RAM>
ST_2 : Operation 57 [1/1] (0.00ns)   --->   "%end_colSelection_addr_38 = getelementptr i16 %end_colSelection, i64 0, i64 %zext_ln470_1" [/home/xiaorang/Documents/ATOMFLOW/sorting-organized-main/src/sortLatticeByRow.cpp:471]   --->   Operation 57 'getelementptr' 'end_colSelection_addr_38' <Predicate = (and_ln459 & icmp_ln459_1)> <Delay = 0.00>
ST_2 : Operation 58 [1/1] ( I:0.67ns O:0.67ns )   --->   "%store_ln471 = store i16 %select_ln465_1, i4 %end_colSelection_addr_38" [/home/xiaorang/Documents/ATOMFLOW/sorting-organized-main/src/sortLatticeByRow.cpp:471]   --->   Operation 58 'store' 'store_ln471' <Predicate = (and_ln459 & icmp_ln459_1)> <Delay = 0.67> <CoreInst = "RAM">   --->   Core 82 'RAM' <Latency = 1> <II = 1> <Delay = 0.67> <Storage> <Opcode : 'load' 'store'> <Ports = 2> <Width = 16> <Depth = 16> <RAM>
ST_2 : Operation 59 [1/1] (0.00ns)   --->   "%br_ln459 = br void %for.cond30.0" [/home/xiaorang/Documents/ATOMFLOW/sorting-organized-main/src/sortLatticeByRow.cpp:459]   --->   Operation 59 'br' 'br_ln459' <Predicate = (and_ln459 & icmp_ln459_1)> <Delay = 0.00>
ST_2 : Operation 60 [1/1] (0.00ns)   --->   "%start_colSelectionCount_0_lcssa_ce = phi i5 %end_colSelectionCount, void %for.cond30.0, i5 %zext_ln470_2, void %for.inc66.0"   --->   Operation 60 'phi' 'start_colSelectionCount_0_lcssa_ce' <Predicate = (!icmp_ln459_1) | (!and_ln459)> <Delay = 0.00>
ST_2 : Operation 61 [1/1] (0.00ns)   --->   "%write_ln470 = write void @_ssdm_op_Write.ap_auto.i5P0A, i5 %start_colSelectionCount_0_lcssa_ce_out, i5 %start_colSelectionCount_0_lcssa_ce" [/home/xiaorang/Documents/ATOMFLOW/sorting-organized-main/src/sortLatticeByRow.cpp:470]   --->   Operation 61 'write' 'write_ln470' <Predicate = (!icmp_ln459_1) | (!and_ln459)> <Delay = 0.00>
ST_2 : Operation 62 [1/1] (0.42ns)   --->   "%ret_ln0 = ret"   --->   Operation 62 'ret' 'ret_ln0' <Predicate = (!icmp_ln459_1) | (!and_ln459)> <Delay = 0.42>


============================================================
+ Verbose Summary: Binding
============================================================
STG Binding: 
---------------- STG Properties BEGIN ----------------
- Is combinational: 0
- Is one-state seq: 0
- Is datapath-only: 0
- Is pipelined: 0
- Is top level: 0
Port [ Return ] is wired: 1; IO mode=ap_ctrl_hs:ce=0
Port [ processedCount]:  wired=1; compound=0; hidden=0; nouse=0; global=0; static=0; extern=0; dir=0; type=0; pingpong=0; private_global=0; IO mode=ap_none:ce=0
Port [ occupiedCount_reload]:  wired=1; compound=0; hidden=0; nouse=0; global=0; static=0; extern=0; dir=0; type=0; pingpong=0; private_global=0; IO mode=ap_none:ce=0
Port [ occupiedIndices]:  wired=1; compound=1; hidden=0; nouse=0; global=0; static=0; extern=0; dir=0; type=1; pingpong=0; private_global=0; MemPort=[13]; IO mode=ap_memory:ce=0
Port [ occupiedIndices_1]:  wired=1; compound=1; hidden=0; nouse=0; global=0; static=0; extern=0; dir=0; type=1; pingpong=0; private_global=0; MemPort=[13]; IO mode=ap_memory:ce=0
Port [ start_colSelection]:  wired=1; compound=1; hidden=0; nouse=0; global=0; static=0; extern=0; dir=1; type=1; pingpong=0; private_global=0; MemPort=[00]; IO mode=ap_memory:ce=0
Port [ end_colSelection]:  wired=1; compound=1; hidden=0; nouse=0; global=0; static=0; extern=0; dir=1; type=1; pingpong=0; private_global=0; MemPort=[00]; IO mode=ap_memory:ce=0
Port [ start_colSelectionCount_0_lcssa_ce_out]:  wired=1; compound=0; hidden=0; nouse=0; global=0; static=0; extern=0; dir=1; type=0; pingpong=0; private_global=0; IO mode=ap_vld:ce=0
---------------- STG Properties END ------------------

---------------- Datapath Model BEGIN ----------------

<LifeTime>
<method=bitvector/>
batchSize                          (alloca           ) [ 010]
occupiedCount_reload_read          (read             ) [ 000]
processedCount_read                (read             ) [ 000]
trunc_ln434                        (trunc            ) [ 011]
store_ln458                        (store            ) [ 000]
br_ln459                           (br               ) [ 000]
end_colSelectionCount              (load             ) [ 011]
zext_ln445                         (zext             ) [ 000]
tmp                                (bitselect        ) [ 000]
xor_ln459                          (xor              ) [ 000]
add_ln459                          (add              ) [ 000]
icmp_ln459                         (icmp             ) [ 000]
and_ln459                          (and              ) [ 011]
br_ln459                           (br               ) [ 011]
lshr_ln459_s                       (partselect       ) [ 000]
zext_ln459                         (zext             ) [ 000]
occupiedIndices_addr               (getelementptr    ) [ 011]
occupiedIndices_1_addr             (getelementptr    ) [ 011]
tmp_s                              (partselect       ) [ 000]
end_colSelectionCount_9            (bitconcatenate   ) [ 011]
zext_ln445_1                       (zext             ) [ 000]
add_ln459_159                      (add              ) [ 000]
lshr_ln459_162                     (partselect       ) [ 000]
zext_ln459_1                       (zext             ) [ 000]
icmp_ln459_1                       (icmp             ) [ 011]
occupiedIndices_addr_1             (getelementptr    ) [ 011]
occupiedIndices_1_addr_1           (getelementptr    ) [ 011]
start_colSelectionCount            (add              ) [ 000]
store_ln458                        (store            ) [ 000]
specpipeline_ln465                 (specpipeline     ) [ 000]
speclooptripcount_ln462            (speclooptripcount) [ 000]
specloopname_ln459                 (specloopname     ) [ 000]
occupiedIndices_load               (load             ) [ 000]
occupiedIndices_1_load             (load             ) [ 000]
select_ln465                       (select           ) [ 000]
zext_ln470_2                       (zext             ) [ 000]
zext_ln470                         (zext             ) [ 000]
start_colSelection_addr            (getelementptr    ) [ 000]
store_ln470                        (store            ) [ 000]
end_colSelection_addr              (getelementptr    ) [ 000]
store_ln471                        (store            ) [ 000]
br_ln459                           (br               ) [ 000]
occupiedIndices_load_1             (load             ) [ 000]
occupiedIndices_1_load_1           (load             ) [ 000]
select_ln465_1                     (select           ) [ 000]
zext_ln470_1                       (zext             ) [ 000]
start_colSelection_addr_38         (getelementptr    ) [ 000]
store_ln470                        (store            ) [ 000]
end_colSelection_addr_38           (getelementptr    ) [ 000]
store_ln471                        (store            ) [ 000]
br_ln459                           (br               ) [ 000]
start_colSelectionCount_0_lcssa_ce (phi              ) [ 011]
write_ln470                        (write            ) [ 000]
ret_ln0                            (ret              ) [ 000]
</LifeTime>

<model>

<comp_list>
<comp id="0" class="1000" name="processedCount">
<pin_list>
<pin id="1" dir="1" index="0" bw="1" slack="0"/>
</pin_list>
<bind>
<StgValue><ssdm name="processedCount"/></StgValue>
</bind>
</comp>

<comp id="2" class="1000" name="occupiedCount_reload">
<pin_list>
<pin id="3" dir="1" index="0" bw="1" slack="0"/>
</pin_list>
<bind>
<StgValue><ssdm name="occupiedCount_reload"/></StgValue>
</bind>
</comp>

<comp id="4" class="1000" name="occupiedIndices">
<pin_list>
<pin id="5" dir="1" index="0" bw="1" slack="0"/>
</pin_list>
<bind>
<StgValue><ssdm name="occupiedIndices"/><MemPortTyVec>1 3 </MemPortTyVec>
</StgValue>
</bind>
</comp>

<comp id="6" class="1000" name="occupiedIndices_1">
<pin_list>
<pin id="7" dir="1" index="0" bw="1" slack="0"/>
</pin_list>
<bind>
<StgValue><ssdm name="occupiedIndices_1"/><MemPortTyVec>1 3 </MemPortTyVec>
</StgValue>
</bind>
</comp>

<comp id="8" class="1000" name="start_colSelection">
<pin_list>
<pin id="9" dir="1" index="0" bw="1" slack="0"/>
</pin_list>
<bind>
<StgValue><ssdm name="start_colSelection"/><MemPortTyVec>0 0 </MemPortTyVec>
</StgValue>
</bind>
</comp>

<comp id="10" class="1000" name="end_colSelection">
<pin_list>
<pin id="11" dir="1" index="0" bw="1" slack="0"/>
</pin_list>
<bind>
<StgValue><ssdm name="end_colSelection"/><MemPortTyVec>0 0 </MemPortTyVec>
</StgValue>
</bind>
</comp>

<comp id="12" class="1000" name="start_colSelectionCount_0_lcssa_ce_out">
<pin_list>
<pin id="13" dir="1" index="0" bw="1" slack="0"/>
</pin_list>
<bind>
<StgValue><ssdm name="start_colSelectionCount_0_lcssa_ce_out"/></StgValue>
</bind>
</comp>

<comp id="14" class="1001" name="const_14">
<pin_list>
<pin id="15" dir="1" index="0" bw="1" slack="0"/>
</pin_list>
<bind>
<StgValue><ssdm name=""/></StgValue>
</bind>
</comp>

<comp id="16" class="1001" name="const_16">
<pin_list>
<pin id="17" dir="1" index="0" bw="1" slack="0"/>
</pin_list>
<bind>
<StgValue><ssdm name="_ssdm_op_Read.ap_auto.i32"/></StgValue>
</bind>
</comp>

<comp id="18" class="1001" name="const_18">
<pin_list>
<pin id="19" dir="1" index="0" bw="1" slack="0"/>
</pin_list>
<bind>
<StgValue><ssdm name=""/></StgValue>
</bind>
</comp>

<comp id="20" class="1001" name="const_20">
<pin_list>
<pin id="21" dir="1" index="0" bw="1" slack="0"/>
</pin_list>
<bind>
<StgValue><ssdm name="_ssdm_op_BitSelect.i1.i5.i32"/></StgValue>
</bind>
</comp>

<comp id="22" class="1001" name="const_22">
<pin_list>
<pin id="23" dir="1" index="0" bw="1" slack="0"/>
</pin_list>
<bind>
<StgValue><ssdm name=""/></StgValue>
</bind>
</comp>

<comp id="24" class="1001" name="const_24">
<pin_list>
<pin id="25" dir="1" index="0" bw="1" slack="0"/>
</pin_list>
<bind>
<StgValue><ssdm name=""/></StgValue>
</bind>
</comp>

<comp id="26" class="1001" name="const_26">
<pin_list>
<pin id="27" dir="1" index="0" bw="1" slack="0"/>
</pin_list>
<bind>
<StgValue><ssdm name="_ssdm_op_PartSelect.i7.i32.i32.i32"/></StgValue>
</bind>
</comp>

<comp id="28" class="1001" name="const_28">
<pin_list>
<pin id="29" dir="1" index="0" bw="1" slack="0"/>
</pin_list>
<bind>
<StgValue><ssdm name=""/></StgValue>
</bind>
</comp>

<comp id="30" class="1001" name="const_30">
<pin_list>
<pin id="31" dir="1" index="0" bw="1" slack="0"/>
</pin_list>
<bind>
<StgValue><ssdm name=""/></StgValue>
</bind>
</comp>

<comp id="32" class="1001" name="const_32">
<pin_list>
<pin id="33" dir="1" index="0" bw="1" slack="0"/>
</pin_list>
<bind>
<StgValue><ssdm name="_ssdm_op_PartSelect.i3.i5.i32.i32"/></StgValue>
</bind>
</comp>

<comp id="34" class="1001" name="const_34">
<pin_list>
<pin id="35" dir="1" index="0" bw="1" slack="0"/>
</pin_list>
<bind>
<StgValue><ssdm name=""/></StgValue>
</bind>
</comp>

<comp id="36" class="1001" name="const_36">
<pin_list>
<pin id="37" dir="1" index="0" bw="1" slack="0"/>
</pin_list>
<bind>
<StgValue><ssdm name="_ssdm_op_BitConcatenate.i4.i3.i1"/></StgValue>
</bind>
</comp>

<comp id="38" class="1001" name="const_38">
<pin_list>
<pin id="39" dir="1" index="0" bw="1" slack="0"/>
</pin_list>
<bind>
<StgValue><ssdm name=""/></StgValue>
</bind>
</comp>

<comp id="40" class="1001" name="const_40">
<pin_list>
<pin id="41" dir="1" index="0" bw="1" slack="2147483647"/>
</pin_list>
<bind>
<StgValue><ssdm name="_ssdm_op_SpecPipeline"/></StgValue>
</bind>
</comp>

<comp id="42" class="1001" name="const_42">
<pin_list>
<pin id="43" dir="1" index="0" bw="1" slack="2147483647"/>
</pin_list>
<bind>
<StgValue><ssdm name=""/></StgValue>
</bind>
</comp>

<comp id="44" class="1001" name="const_44">
<pin_list>
<pin id="45" dir="1" index="0" bw="1" slack="2147483647"/>
</pin_list>
<bind>
<StgValue><ssdm name=""/></StgValue>
</bind>
</comp>

<comp id="46" class="1001" name="const_46">
<pin_list>
<pin id="47" dir="1" index="0" bw="1" slack="2147483647"/>
</pin_list>
<bind>
<StgValue><ssdm name="empty_18"/></StgValue>
</bind>
</comp>

<comp id="48" class="1001" name="const_48">
<pin_list>
<pin id="49" dir="1" index="0" bw="1" slack="2147483647"/>
</pin_list>
<bind>
<StgValue><ssdm name="_ssdm_op_SpecLoopTripCount"/></StgValue>
</bind>
</comp>

<comp id="50" class="1001" name="const_50">
<pin_list>
<pin id="51" dir="1" index="0" bw="1" slack="2147483647"/>
</pin_list>
<bind>
<StgValue><ssdm name=""/></StgValue>
</bind>
</comp>

<comp id="52" class="1001" name="const_52">
<pin_list>
<pin id="53" dir="1" index="0" bw="1" slack="2147483647"/>
</pin_list>
<bind>
<StgValue><ssdm name=""/></StgValue>
</bind>
</comp>

<comp id="54" class="1001" name="const_54">
<pin_list>
<pin id="55" dir="1" index="0" bw="1" slack="2147483647"/>
</pin_list>
<bind>
<StgValue><ssdm name=""/></StgValue>
</bind>
</comp>

<comp id="56" class="1001" name="const_56">
<pin_list>
<pin id="57" dir="1" index="0" bw="1" slack="2147483647"/>
</pin_list>
<bind>
<StgValue><ssdm name="_ssdm_op_SpecLoopName"/></StgValue>
</bind>
</comp>

<comp id="58" class="1001" name="const_58">
<pin_list>
<pin id="59" dir="1" index="0" bw="1" slack="2147483647"/>
</pin_list>
<bind>
<StgValue><ssdm name="empty_97"/></StgValue>
</bind>
</comp>

<comp id="60" class="1001" name="const_60">
<pin_list>
<pin id="61" dir="1" index="0" bw="1" slack="0"/>
</pin_list>
<bind>
<StgValue><ssdm name="_ssdm_op_Write.ap_auto.i5P0A"/></StgValue>
</bind>
</comp>

<comp id="62" class="1004" name="batchSize_fu_62">
<pin_list>
<pin id="63" dir="0" index="0" bw="1" slack="0"/>
<pin id="64" dir="1" index="1" bw="5" slack="0"/>
</pin_list>
<bind>
<opcode="alloca(26) " fcode="alloca"/>
<opset="batchSize/1 "/>
</bind>
</comp>

<comp id="66" class="1004" name="occupiedCount_reload_read_read_fu_66">
<pin_list>
<pin id="67" dir="0" index="0" bw="32" slack="0"/>
<pin id="68" dir="0" index="1" bw="32" slack="0"/>
<pin id="69" dir="1" index="2" bw="32" slack="0"/>
</pin_list>
<bind>
<opcode="read(1150) " fcode="read"/>
<opset="occupiedCount_reload_read/1 "/>
</bind>
</comp>

<comp id="72" class="1004" name="processedCount_read_read_fu_72">
<pin_list>
<pin id="73" dir="0" index="0" bw="32" slack="0"/>
<pin id="74" dir="0" index="1" bw="32" slack="0"/>
<pin id="75" dir="1" index="2" bw="32" slack="0"/>
</pin_list>
<bind>
<opcode="read(1150) " fcode="read"/>
<opset="processedCount_read/1 "/>
</bind>
</comp>

<comp id="78" class="1004" name="write_ln470_write_fu_78">
<pin_list>
<pin id="79" dir="0" index="0" bw="0" slack="0"/>
<pin id="80" dir="0" index="1" bw="5" slack="0"/>
<pin id="81" dir="0" index="2" bw="5" slack="0"/>
<pin id="82" dir="1" index="3" bw="0" slack="2147483647"/>
</pin_list>
<bind>
<opcode="write(1151) " fcode="write"/>
<opset="write_ln470/2 "/>
</bind>
</comp>

<comp id="85" class="1004" name="occupiedIndices_addr_gep_fu_85">
<pin_list>
<pin id="86" dir="0" index="0" bw="16" slack="0"/>
<pin id="87" dir="0" index="1" bw="1" slack="0"/>
<pin id="88" dir="0" index="2" bw="7" slack="0"/>
<pin id="89" dir="1" index="3" bw="7" slack="0"/>
</pin_list>
<bind>
<opcode="getelementptr(29) " fcode="getelementptr"/>
<opset="occupiedIndices_addr/1 "/>
</bind>
</comp>

<comp id="92" class="1004" name="occupiedIndices_1_addr_gep_fu_92">
<pin_list>
<pin id="93" dir="0" index="0" bw="16" slack="0"/>
<pin id="94" dir="0" index="1" bw="1" slack="0"/>
<pin id="95" dir="0" index="2" bw="7" slack="0"/>
<pin id="96" dir="1" index="3" bw="7" slack="0"/>
</pin_list>
<bind>
<opcode="getelementptr(29) " fcode="getelementptr"/>
<opset="occupiedIndices_1_addr/1 "/>
</bind>
</comp>

<comp id="99" class="1004" name="grp_access_fu_99">
<pin_list>
<pin id="100" dir="0" index="0" bw="7" slack="0"/>
<pin id="101" dir="0" index="1" bw="16" slack="2147483647"/>
<pin id="102" dir="0" index="2" bw="0" slack="2147483647"/>
<pin id="103" dir="1" index="3" bw="16" slack="0"/>
</pin_list>
<bind>
<opcode="load(27) " fcode="load"/>
<opset="occupiedIndices_load/1 occupiedIndices_load_1/1 "/>
</bind>
</comp>

<comp id="105" class="1004" name="grp_access_fu_105">
<pin_list>
<pin id="106" dir="0" index="0" bw="7" slack="0"/>
<pin id="107" dir="0" index="1" bw="16" slack="2147483647"/>
<pin id="108" dir="0" index="2" bw="0" slack="2147483647"/>
<pin id="109" dir="1" index="3" bw="16" slack="0"/>
</pin_list>
<bind>
<opcode="load(27) " fcode="load"/>
<opset="occupiedIndices_1_load/1 occupiedIndices_1_load_1/1 "/>
</bind>
</comp>

<comp id="111" class="1004" name="occupiedIndices_addr_1_gep_fu_111">
<pin_list>
<pin id="112" dir="0" index="0" bw="16" slack="0"/>
<pin id="113" dir="0" index="1" bw="1" slack="0"/>
<pin id="114" dir="0" index="2" bw="7" slack="0"/>
<pin id="115" dir="1" index="3" bw="7" slack="0"/>
</pin_list>
<bind>
<opcode="getelementptr(29) " fcode="getelementptr"/>
<opset="occupiedIndices_addr_1/1 "/>
</bind>
</comp>

<comp id="118" class="1004" name="occupiedIndices_1_addr_1_gep_fu_118">
<pin_list>
<pin id="119" dir="0" index="0" bw="16" slack="0"/>
<pin id="120" dir="0" index="1" bw="1" slack="0"/>
<pin id="121" dir="0" index="2" bw="7" slack="0"/>
<pin id="122" dir="1" index="3" bw="7" slack="0"/>
</pin_list>
<bind>
<opcode="getelementptr(29) " fcode="getelementptr"/>
<opset="occupiedIndices_1_addr_1/1 "/>
</bind>
</comp>

<comp id="127" class="1004" name="start_colSelection_addr_gep_fu_127">
<pin_list>
<pin id="128" dir="0" index="0" bw="16" slack="0"/>
<pin id="129" dir="0" index="1" bw="1" slack="0"/>
<pin id="130" dir="0" index="2" bw="5" slack="0"/>
<pin id="131" dir="1" index="3" bw="4" slack="0"/>
</pin_list>
<bind>
<opcode="getelementptr(29) " fcode="getelementptr"/>
<opset="start_colSelection_addr/2 "/>
</bind>
</comp>

<comp id="134" class="1004" name="grp_access_fu_134">
<pin_list>
<pin id="135" dir="0" index="0" bw="4" slack="0"/>
<pin id="136" dir="0" index="1" bw="16" slack="0"/>
<pin id="137" dir="0" index="2" bw="0" slack="0"/>
<pin id="139" dir="0" index="4" bw="4" slack="0"/>
<pin id="140" dir="0" index="5" bw="16" slack="2147483647"/>
<pin id="141" dir="0" index="6" bw="0" slack="2147483647"/>
<pin id="138" dir="1" index="3" bw="16" slack="2147483647"/>
<pin id="142" dir="1" index="7" bw="16" slack="2147483647"/>
</pin_list>
<bind>
<opcode="store(28) " fcode="store"/>
<opset="store_ln470/2 store_ln470/2 "/>
</bind>
</comp>

<comp id="144" class="1004" name="end_colSelection_addr_gep_fu_144">
<pin_list>
<pin id="145" dir="0" index="0" bw="16" slack="0"/>
<pin id="146" dir="0" index="1" bw="1" slack="0"/>
<pin id="147" dir="0" index="2" bw="5" slack="0"/>
<pin id="148" dir="1" index="3" bw="4" slack="0"/>
</pin_list>
<bind>
<opcode="getelementptr(29) " fcode="getelementptr"/>
<opset="end_colSelection_addr/2 "/>
</bind>
</comp>

<comp id="151" class="1004" name="grp_access_fu_151">
<pin_list>
<pin id="152" dir="0" index="0" bw="4" slack="0"/>
<pin id="153" dir="0" index="1" bw="16" slack="0"/>
<pin id="154" dir="0" index="2" bw="0" slack="0"/>
<pin id="156" dir="0" index="4" bw="4" slack="0"/>
<pin id="157" dir="0" index="5" bw="16" slack="2147483647"/>
<pin id="158" dir="0" index="6" bw="0" slack="2147483647"/>
<pin id="155" dir="1" index="3" bw="16" slack="2147483647"/>
<pin id="159" dir="1" index="7" bw="16" slack="2147483647"/>
</pin_list>
<bind>
<opcode="store(28) " fcode="store"/>
<opset="store_ln471/2 store_ln471/2 "/>
</bind>
</comp>

<comp id="161" class="1004" name="start_colSelection_addr_38_gep_fu_161">
<pin_list>
<pin id="162" dir="0" index="0" bw="16" slack="0"/>
<pin id="163" dir="0" index="1" bw="1" slack="0"/>
<pin id="164" dir="0" index="2" bw="4" slack="0"/>
<pin id="165" dir="1" index="3" bw="4" slack="0"/>
</pin_list>
<bind>
<opcode="getelementptr(29) " fcode="getelementptr"/>
<opset="start_colSelection_addr_38/2 "/>
</bind>
</comp>

<comp id="169" class="1004" name="end_colSelection_addr_38_gep_fu_169">
<pin_list>
<pin id="170" dir="0" index="0" bw="16" slack="0"/>
<pin id="171" dir="0" index="1" bw="1" slack="0"/>
<pin id="172" dir="0" index="2" bw="4" slack="0"/>
<pin id="173" dir="1" index="3" bw="4" slack="0"/>
</pin_list>
<bind>
<opcode="getelementptr(29) " fcode="getelementptr"/>
<opset="end_colSelection_addr_38/2 "/>
</bind>
</comp>

<comp id="177" class="1005" name="start_colSelectionCount_0_lcssa_ce_reg_177">
<pin_list>
<pin id="178" dir="0" index="0" bw="5" slack="2147483647"/>
<pin id="179" dir="1" index="1" bw="5" slack="2147483647"/>
</pin_list>
<bind>
<opset="start_colSelectionCount_0_lcssa_ce (phireg) "/>
</bind>
</comp>

<comp id="180" class="1004" name="start_colSelectionCount_0_lcssa_ce_phi_fu_180">
<pin_list>
<pin id="181" dir="0" index="0" bw="5" slack="1"/>
<pin id="182" dir="0" index="1" bw="0" slack="2147483647"/>
<pin id="183" dir="0" index="2" bw="4" slack="0"/>
<pin id="184" dir="0" index="3" bw="0" slack="2147483647"/>
<pin id="185" dir="1" index="4" bw="5" slack="0"/>
</pin_list>
<bind>
<opcode="phi(47) " fcode="phi"/>
<opset="start_colSelectionCount_0_lcssa_ce/2 "/>
</bind>
</comp>

<comp id="187" class="1004" name="trunc_ln434_fu_187">
<pin_list>
<pin id="188" dir="0" index="0" bw="32" slack="0"/>
<pin id="189" dir="1" index="1" bw="1" slack="1"/>
</pin_list>
<bind>
<opcode="trunc(33) " fcode="trunc"/>
<opset="trunc_ln434/1 "/>
</bind>
</comp>

<comp id="191" class="1004" name="store_ln458_store_fu_191">
<pin_list>
<pin id="192" dir="0" index="0" bw="1" slack="0"/>
<pin id="193" dir="0" index="1" bw="5" slack="0"/>
<pin id="194" dir="1" index="2" bw="0" slack="2147483647"/>
</pin_list>
<bind>
<opcode="store(28) " fcode="store"/>
<opset="store_ln458/1 "/>
</bind>
</comp>

<comp id="196" class="1004" name="end_colSelectionCount_load_fu_196">
<pin_list>
<pin id="197" dir="0" index="0" bw="5" slack="0"/>
<pin id="198" dir="1" index="1" bw="5" slack="0"/>
</pin_list>
<bind>
<opcode="load(27) " fcode="load"/>
<opset="end_colSelectionCount/1 "/>
</bind>
</comp>

<comp id="199" class="1004" name="zext_ln445_fu_199">
<pin_list>
<pin id="200" dir="0" index="0" bw="5" slack="0"/>
<pin id="201" dir="1" index="1" bw="32" slack="0"/>
</pin_list>
<bind>
<opcode="zext(34) " fcode="zext"/>
<opset="zext_ln445/1 "/>
</bind>
</comp>

<comp id="203" class="1004" name="tmp_fu_203">
<pin_list>
<pin id="204" dir="0" index="0" bw="1" slack="0"/>
<pin id="205" dir="0" index="1" bw="5" slack="0"/>
<pin id="206" dir="0" index="2" bw="4" slack="0"/>
<pin id="207" dir="1" index="3" bw="1" slack="0"/>
</pin_list>
<bind>
<opcode="bitselect(1000) " fcode="bitselect"/>
<opset="tmp/1 "/>
</bind>
</comp>

<comp id="211" class="1004" name="xor_ln459_fu_211">
<pin_list>
<pin id="212" dir="0" index="0" bw="1" slack="0"/>
<pin id="213" dir="0" index="1" bw="1" slack="0"/>
<pin id="214" dir="1" index="2" bw="1" slack="0"/>
</pin_list>
<bind>
<opcode="xor(25) " fcode="xor"/>
<opset="xor_ln459/1 "/>
</bind>
</comp>

<comp id="217" class="1004" name="add_ln459_fu_217">
<pin_list>
<pin id="218" dir="0" index="0" bw="32" slack="0"/>
<pin id="219" dir="0" index="1" bw="5" slack="0"/>
<pin id="220" dir="1" index="2" bw="32" slack="0"/>
</pin_list>
<bind>
<opcode="add(8) " fcode="add"/>
<opset="add_ln459/1 "/>
</bind>
</comp>

<comp id="223" class="1004" name="icmp_ln459_fu_223">
<pin_list>
<pin id="224" dir="0" index="0" bw="32" slack="0"/>
<pin id="225" dir="0" index="1" bw="32" slack="0"/>
<pin id="226" dir="1" index="2" bw="1" slack="0"/>
</pin_list>
<bind>
<opcode="icmp(45) " fcode="icmp"/>
<opset="icmp_ln459/1 "/>
</bind>
</comp>

<comp id="229" class="1004" name="and_ln459_fu_229">
<pin_list>
<pin id="230" dir="0" index="0" bw="1" slack="0"/>
<pin id="231" dir="0" index="1" bw="1" slack="0"/>
<pin id="232" dir="1" index="2" bw="1" slack="1"/>
</pin_list>
<bind>
<opcode="and(23) " fcode="and"/>
<opset="and_ln459/1 "/>
</bind>
</comp>

<comp id="235" class="1004" name="lshr_ln459_s_fu_235">
<pin_list>
<pin id="236" dir="0" index="0" bw="7" slack="0"/>
<pin id="237" dir="0" index="1" bw="32" slack="0"/>
<pin id="238" dir="0" index="2" bw="1" slack="0"/>
<pin id="239" dir="0" index="3" bw="4" slack="0"/>
<pin id="240" dir="1" index="4" bw="7" slack="0"/>
</pin_list>
<bind>
<opcode="partselect(1002) " fcode="partselect"/>
<opset="lshr_ln459_s/1 "/>
</bind>
</comp>

<comp id="245" class="1004" name="zext_ln459_fu_245">
<pin_list>
<pin id="246" dir="0" index="0" bw="7" slack="0"/>
<pin id="247" dir="1" index="1" bw="64" slack="0"/>
</pin_list>
<bind>
<opcode="zext(34) " fcode="zext"/>
<opset="zext_ln459/1 "/>
</bind>
</comp>

<comp id="251" class="1004" name="tmp_s_fu_251">
<pin_list>
<pin id="252" dir="0" index="0" bw="3" slack="0"/>
<pin id="253" dir="0" index="1" bw="5" slack="0"/>
<pin id="254" dir="0" index="2" bw="1" slack="0"/>
<pin id="255" dir="0" index="3" bw="3" slack="0"/>
<pin id="256" dir="1" index="4" bw="3" slack="0"/>
</pin_list>
<bind>
<opcode="partselect(1002) " fcode="partselect"/>
<opset="tmp_s/1 "/>
</bind>
</comp>

<comp id="261" class="1004" name="end_colSelectionCount_9_fu_261">
<pin_list>
<pin id="262" dir="0" index="0" bw="4" slack="0"/>
<pin id="263" dir="0" index="1" bw="3" slack="0"/>
<pin id="264" dir="0" index="2" bw="1" slack="0"/>
<pin id="265" dir="1" index="3" bw="4" slack="0"/>
</pin_list>
<bind>
<opcode="bitconcatenate(1004) " fcode="bitconcatenate"/>
<opset="end_colSelectionCount_9/1 "/>
</bind>
</comp>

<comp id="269" class="1004" name="zext_ln445_1_fu_269">
<pin_list>
<pin id="270" dir="0" index="0" bw="4" slack="0"/>
<pin id="271" dir="1" index="1" bw="32" slack="0"/>
</pin_list>
<bind>
<opcode="zext(34) " fcode="zext"/>
<opset="zext_ln445_1/1 "/>
</bind>
</comp>

<comp id="273" class="1004" name="add_ln459_159_fu_273">
<pin_list>
<pin id="274" dir="0" index="0" bw="32" slack="0"/>
<pin id="275" dir="0" index="1" bw="4" slack="0"/>
<pin id="276" dir="1" index="2" bw="32" slack="0"/>
</pin_list>
<bind>
<opcode="add(8) " fcode="add"/>
<opset="add_ln459_159/1 "/>
</bind>
</comp>

<comp id="279" class="1004" name="lshr_ln459_162_fu_279">
<pin_list>
<pin id="280" dir="0" index="0" bw="7" slack="0"/>
<pin id="281" dir="0" index="1" bw="32" slack="0"/>
<pin id="282" dir="0" index="2" bw="1" slack="0"/>
<pin id="283" dir="0" index="3" bw="4" slack="0"/>
<pin id="284" dir="1" index="4" bw="7" slack="0"/>
</pin_list>
<bind>
<opcode="partselect(1002) " fcode="partselect"/>
<opset="lshr_ln459_162/1 "/>
</bind>
</comp>

<comp id="289" class="1004" name="zext_ln459_1_fu_289">
<pin_list>
<pin id="290" dir="0" index="0" bw="7" slack="0"/>
<pin id="291" dir="1" index="1" bw="64" slack="0"/>
</pin_list>
<bind>
<opcode="zext(34) " fcode="zext"/>
<opset="zext_ln459_1/1 "/>
</bind>
</comp>

<comp id="295" class="1004" name="icmp_ln459_1_fu_295">
<pin_list>
<pin id="296" dir="0" index="0" bw="32" slack="0"/>
<pin id="297" dir="0" index="1" bw="32" slack="0"/>
<pin id="298" dir="1" index="2" bw="1" slack="1"/>
</pin_list>
<bind>
<opcode="icmp(45) " fcode="icmp"/>
<opset="icmp_ln459_1/1 "/>
</bind>
</comp>

<comp id="301" class="1004" name="start_colSelectionCount_fu_301">
<pin_list>
<pin id="302" dir="0" index="0" bw="5" slack="0"/>
<pin id="303" dir="0" index="1" bw="3" slack="0"/>
<pin id="304" dir="1" index="2" bw="5" slack="0"/>
</pin_list>
<bind>
<opcode="add(8) " fcode="add"/>
<opset="start_colSelectionCount/1 "/>
</bind>
</comp>

<comp id="307" class="1004" name="store_ln458_store_fu_307">
<pin_list>
<pin id="308" dir="0" index="0" bw="5" slack="0"/>
<pin id="309" dir="0" index="1" bw="5" slack="0"/>
<pin id="310" dir="1" index="2" bw="0" slack="2147483647"/>
</pin_list>
<bind>
<opcode="store(28) " fcode="store"/>
<opset="store_ln458/1 "/>
</bind>
</comp>

<comp id="312" class="1004" name="select_ln465_fu_312">
<pin_list>
<pin id="313" dir="0" index="0" bw="1" slack="1"/>
<pin id="314" dir="0" index="1" bw="16" slack="0"/>
<pin id="315" dir="0" index="2" bw="16" slack="0"/>
<pin id="316" dir="1" index="3" bw="16" slack="0"/>
</pin_list>
<bind>
<opcode="select(49) " fcode="select"/>
<opset="select_ln465/2 "/>
</bind>
</comp>

<comp id="321" class="1004" name="zext_ln470_2_fu_321">
<pin_list>
<pin id="322" dir="0" index="0" bw="4" slack="1"/>
<pin id="323" dir="1" index="1" bw="5" slack="0"/>
</pin_list>
<bind>
<opcode="zext(34) " fcode="zext"/>
<opset="zext_ln470_2/2 "/>
</bind>
</comp>

<comp id="325" class="1004" name="zext_ln470_fu_325">
<pin_list>
<pin id="326" dir="0" index="0" bw="5" slack="1"/>
<pin id="327" dir="1" index="1" bw="64" slack="0"/>
</pin_list>
<bind>
<opcode="zext(34) " fcode="zext"/>
<opset="zext_ln470/2 "/>
</bind>
</comp>

<comp id="330" class="1004" name="select_ln465_1_fu_330">
<pin_list>
<pin id="331" dir="0" index="0" bw="1" slack="1"/>
<pin id="332" dir="0" index="1" bw="16" slack="0"/>
<pin id="333" dir="0" index="2" bw="16" slack="0"/>
<pin id="334" dir="1" index="3" bw="16" slack="0"/>
</pin_list>
<bind>
<opcode="select(49) " fcode="select"/>
<opset="select_ln465_1/2 "/>
</bind>
</comp>

<comp id="339" class="1004" name="zext_ln470_1_fu_339">
<pin_list>
<pin id="340" dir="0" index="0" bw="4" slack="1"/>
<pin id="341" dir="1" index="1" bw="64" slack="0"/>
</pin_list>
<bind>
<opcode="zext(34) " fcode="zext"/>
<opset="zext_ln470_1/2 "/>
</bind>
</comp>

<comp id="344" class="1005" name="batchSize_reg_344">
<pin_list>
<pin id="345" dir="0" index="0" bw="5" slack="0"/>
<pin id="346" dir="1" index="1" bw="5" slack="0"/>
</pin_list>
<bind>
<opset="batchSize "/>
</bind>
</comp>

<comp id="351" class="1005" name="trunc_ln434_reg_351">
<pin_list>
<pin id="352" dir="0" index="0" bw="1" slack="1"/>
<pin id="353" dir="1" index="1" bw="1" slack="1"/>
</pin_list>
<bind>
<opset="trunc_ln434 "/>
</bind>
</comp>

<comp id="357" class="1005" name="end_colSelectionCount_reg_357">
<pin_list>
<pin id="358" dir="0" index="0" bw="5" slack="1"/>
<pin id="359" dir="1" index="1" bw="5" slack="1"/>
</pin_list>
<bind>
<opset="end_colSelectionCount "/>
</bind>
</comp>

<comp id="363" class="1005" name="and_ln459_reg_363">
<pin_list>
<pin id="364" dir="0" index="0" bw="1" slack="1"/>
<pin id="365" dir="1" index="1" bw="1" slack="2147483647"/>
</pin_list>
<bind>
<opset="and_ln459 "/>
</bind>
</comp>

<comp id="367" class="1005" name="occupiedIndices_addr_reg_367">
<pin_list>
<pin id="368" dir="0" index="0" bw="7" slack="1"/>
<pin id="369" dir="1" index="1" bw="7" slack="1"/>
</pin_list>
<bind>
<opset="occupiedIndices_addr "/>
</bind>
</comp>

<comp id="372" class="1005" name="occupiedIndices_1_addr_reg_372">
<pin_list>
<pin id="373" dir="0" index="0" bw="7" slack="1"/>
<pin id="374" dir="1" index="1" bw="7" slack="1"/>
</pin_list>
<bind>
<opset="occupiedIndices_1_addr "/>
</bind>
</comp>

<comp id="377" class="1005" name="end_colSelectionCount_9_reg_377">
<pin_list>
<pin id="378" dir="0" index="0" bw="4" slack="1"/>
<pin id="379" dir="1" index="1" bw="4" slack="1"/>
</pin_list>
<bind>
<opset="end_colSelectionCount_9 "/>
</bind>
</comp>

<comp id="383" class="1005" name="icmp_ln459_1_reg_383">
<pin_list>
<pin id="384" dir="0" index="0" bw="1" slack="1"/>
<pin id="385" dir="1" index="1" bw="1" slack="2147483647"/>
</pin_list>
<bind>
<opset="icmp_ln459_1 "/>
</bind>
</comp>

<comp id="387" class="1005" name="occupiedIndices_addr_1_reg_387">
<pin_list>
<pin id="388" dir="0" index="0" bw="7" slack="1"/>
<pin id="389" dir="1" index="1" bw="7" slack="1"/>
</pin_list>
<bind>
<opset="occupiedIndices_addr_1 "/>
</bind>
</comp>

<comp id="392" class="1005" name="occupiedIndices_1_addr_1_reg_392">
<pin_list>
<pin id="393" dir="0" index="0" bw="7" slack="1"/>
<pin id="394" dir="1" index="1" bw="7" slack="1"/>
</pin_list>
<bind>
<opset="occupiedIndices_1_addr_1 "/>
</bind>
</comp>

</comp_list>

<net_list>
<net id="65"><net_src comp="14" pin="0"/><net_sink comp="62" pin=0"/></net>

<net id="70"><net_src comp="16" pin="0"/><net_sink comp="66" pin=0"/></net>

<net id="71"><net_src comp="2" pin="0"/><net_sink comp="66" pin=1"/></net>

<net id="76"><net_src comp="16" pin="0"/><net_sink comp="72" pin=0"/></net>

<net id="77"><net_src comp="0" pin="0"/><net_sink comp="72" pin=1"/></net>

<net id="83"><net_src comp="60" pin="0"/><net_sink comp="78" pin=0"/></net>

<net id="84"><net_src comp="12" pin="0"/><net_sink comp="78" pin=1"/></net>

<net id="90"><net_src comp="4" pin="0"/><net_sink comp="85" pin=0"/></net>

<net id="91"><net_src comp="30" pin="0"/><net_sink comp="85" pin=1"/></net>

<net id="97"><net_src comp="6" pin="0"/><net_sink comp="92" pin=0"/></net>

<net id="98"><net_src comp="30" pin="0"/><net_sink comp="92" pin=1"/></net>

<net id="104"><net_src comp="85" pin="3"/><net_sink comp="99" pin=0"/></net>

<net id="110"><net_src comp="92" pin="3"/><net_sink comp="105" pin=0"/></net>

<net id="116"><net_src comp="4" pin="0"/><net_sink comp="111" pin=0"/></net>

<net id="117"><net_src comp="30" pin="0"/><net_sink comp="111" pin=1"/></net>

<net id="123"><net_src comp="6" pin="0"/><net_sink comp="118" pin=0"/></net>

<net id="124"><net_src comp="30" pin="0"/><net_sink comp="118" pin=1"/></net>

<net id="125"><net_src comp="111" pin="3"/><net_sink comp="99" pin=0"/></net>

<net id="126"><net_src comp="118" pin="3"/><net_sink comp="105" pin=0"/></net>

<net id="132"><net_src comp="8" pin="0"/><net_sink comp="127" pin=0"/></net>

<net id="133"><net_src comp="30" pin="0"/><net_sink comp="127" pin=1"/></net>

<net id="143"><net_src comp="127" pin="3"/><net_sink comp="134" pin=2"/></net>

<net id="149"><net_src comp="10" pin="0"/><net_sink comp="144" pin=0"/></net>

<net id="150"><net_src comp="30" pin="0"/><net_sink comp="144" pin=1"/></net>

<net id="160"><net_src comp="144" pin="3"/><net_sink comp="151" pin=2"/></net>

<net id="166"><net_src comp="8" pin="0"/><net_sink comp="161" pin=0"/></net>

<net id="167"><net_src comp="30" pin="0"/><net_sink comp="161" pin=1"/></net>

<net id="168"><net_src comp="161" pin="3"/><net_sink comp="134" pin=0"/></net>

<net id="174"><net_src comp="10" pin="0"/><net_sink comp="169" pin=0"/></net>

<net id="175"><net_src comp="30" pin="0"/><net_sink comp="169" pin=1"/></net>

<net id="176"><net_src comp="169" pin="3"/><net_sink comp="151" pin=0"/></net>

<net id="186"><net_src comp="180" pin="4"/><net_sink comp="78" pin=2"/></net>

<net id="190"><net_src comp="72" pin="2"/><net_sink comp="187" pin=0"/></net>

<net id="195"><net_src comp="18" pin="0"/><net_sink comp="191" pin=0"/></net>

<net id="202"><net_src comp="196" pin="1"/><net_sink comp="199" pin=0"/></net>

<net id="208"><net_src comp="20" pin="0"/><net_sink comp="203" pin=0"/></net>

<net id="209"><net_src comp="196" pin="1"/><net_sink comp="203" pin=1"/></net>

<net id="210"><net_src comp="22" pin="0"/><net_sink comp="203" pin=2"/></net>

<net id="215"><net_src comp="203" pin="3"/><net_sink comp="211" pin=0"/></net>

<net id="216"><net_src comp="24" pin="0"/><net_sink comp="211" pin=1"/></net>

<net id="221"><net_src comp="72" pin="2"/><net_sink comp="217" pin=0"/></net>

<net id="222"><net_src comp="199" pin="1"/><net_sink comp="217" pin=1"/></net>

<net id="227"><net_src comp="217" pin="2"/><net_sink comp="223" pin=0"/></net>

<net id="228"><net_src comp="66" pin="2"/><net_sink comp="223" pin=1"/></net>

<net id="233"><net_src comp="223" pin="2"/><net_sink comp="229" pin=0"/></net>

<net id="234"><net_src comp="211" pin="2"/><net_sink comp="229" pin=1"/></net>

<net id="241"><net_src comp="26" pin="0"/><net_sink comp="235" pin=0"/></net>

<net id="242"><net_src comp="217" pin="2"/><net_sink comp="235" pin=1"/></net>

<net id="243"><net_src comp="14" pin="0"/><net_sink comp="235" pin=2"/></net>

<net id="244"><net_src comp="28" pin="0"/><net_sink comp="235" pin=3"/></net>

<net id="248"><net_src comp="235" pin="4"/><net_sink comp="245" pin=0"/></net>

<net id="249"><net_src comp="245" pin="1"/><net_sink comp="85" pin=2"/></net>

<net id="250"><net_src comp="245" pin="1"/><net_sink comp="92" pin=2"/></net>

<net id="257"><net_src comp="32" pin="0"/><net_sink comp="251" pin=0"/></net>

<net id="258"><net_src comp="196" pin="1"/><net_sink comp="251" pin=1"/></net>

<net id="259"><net_src comp="14" pin="0"/><net_sink comp="251" pin=2"/></net>

<net id="260"><net_src comp="34" pin="0"/><net_sink comp="251" pin=3"/></net>

<net id="266"><net_src comp="36" pin="0"/><net_sink comp="261" pin=0"/></net>

<net id="267"><net_src comp="251" pin="4"/><net_sink comp="261" pin=1"/></net>

<net id="268"><net_src comp="24" pin="0"/><net_sink comp="261" pin=2"/></net>

<net id="272"><net_src comp="261" pin="3"/><net_sink comp="269" pin=0"/></net>

<net id="277"><net_src comp="72" pin="2"/><net_sink comp="273" pin=0"/></net>

<net id="278"><net_src comp="269" pin="1"/><net_sink comp="273" pin=1"/></net>

<net id="285"><net_src comp="26" pin="0"/><net_sink comp="279" pin=0"/></net>

<net id="286"><net_src comp="273" pin="2"/><net_sink comp="279" pin=1"/></net>

<net id="287"><net_src comp="14" pin="0"/><net_sink comp="279" pin=2"/></net>

<net id="288"><net_src comp="28" pin="0"/><net_sink comp="279" pin=3"/></net>

<net id="292"><net_src comp="279" pin="4"/><net_sink comp="289" pin=0"/></net>

<net id="293"><net_src comp="289" pin="1"/><net_sink comp="111" pin=2"/></net>

<net id="294"><net_src comp="289" pin="1"/><net_sink comp="118" pin=2"/></net>

<net id="299"><net_src comp="273" pin="2"/><net_sink comp="295" pin=0"/></net>

<net id="300"><net_src comp="66" pin="2"/><net_sink comp="295" pin=1"/></net>

<net id="305"><net_src comp="196" pin="1"/><net_sink comp="301" pin=0"/></net>

<net id="306"><net_src comp="38" pin="0"/><net_sink comp="301" pin=1"/></net>

<net id="311"><net_src comp="301" pin="2"/><net_sink comp="307" pin=0"/></net>

<net id="317"><net_src comp="105" pin="3"/><net_sink comp="312" pin=1"/></net>

<net id="318"><net_src comp="99" pin="3"/><net_sink comp="312" pin=2"/></net>

<net id="319"><net_src comp="312" pin="3"/><net_sink comp="134" pin=4"/></net>

<net id="320"><net_src comp="312" pin="3"/><net_sink comp="151" pin=4"/></net>

<net id="324"><net_src comp="321" pin="1"/><net_sink comp="180" pin=2"/></net>

<net id="328"><net_src comp="325" pin="1"/><net_sink comp="127" pin=2"/></net>

<net id="329"><net_src comp="325" pin="1"/><net_sink comp="144" pin=2"/></net>

<net id="335"><net_src comp="99" pin="3"/><net_sink comp="330" pin=1"/></net>

<net id="336"><net_src comp="105" pin="3"/><net_sink comp="330" pin=2"/></net>

<net id="337"><net_src comp="330" pin="3"/><net_sink comp="134" pin=1"/></net>

<net id="338"><net_src comp="330" pin="3"/><net_sink comp="151" pin=1"/></net>

<net id="342"><net_src comp="339" pin="1"/><net_sink comp="161" pin=2"/></net>

<net id="343"><net_src comp="339" pin="1"/><net_sink comp="169" pin=2"/></net>

<net id="347"><net_src comp="62" pin="1"/><net_sink comp="344" pin=0"/></net>

<net id="348"><net_src comp="344" pin="1"/><net_sink comp="191" pin=1"/></net>

<net id="349"><net_src comp="344" pin="1"/><net_sink comp="196" pin=0"/></net>

<net id="350"><net_src comp="344" pin="1"/><net_sink comp="307" pin=1"/></net>

<net id="354"><net_src comp="187" pin="1"/><net_sink comp="351" pin=0"/></net>

<net id="355"><net_src comp="351" pin="1"/><net_sink comp="312" pin=0"/></net>

<net id="356"><net_src comp="351" pin="1"/><net_sink comp="330" pin=0"/></net>

<net id="360"><net_src comp="196" pin="1"/><net_sink comp="357" pin=0"/></net>

<net id="361"><net_src comp="357" pin="1"/><net_sink comp="325" pin=0"/></net>

<net id="362"><net_src comp="357" pin="1"/><net_sink comp="180" pin=0"/></net>

<net id="366"><net_src comp="229" pin="2"/><net_sink comp="363" pin=0"/></net>

<net id="370"><net_src comp="85" pin="3"/><net_sink comp="367" pin=0"/></net>

<net id="371"><net_src comp="367" pin="1"/><net_sink comp="99" pin=0"/></net>

<net id="375"><net_src comp="92" pin="3"/><net_sink comp="372" pin=0"/></net>

<net id="376"><net_src comp="372" pin="1"/><net_sink comp="105" pin=0"/></net>

<net id="380"><net_src comp="261" pin="3"/><net_sink comp="377" pin=0"/></net>

<net id="381"><net_src comp="377" pin="1"/><net_sink comp="321" pin=0"/></net>

<net id="382"><net_src comp="377" pin="1"/><net_sink comp="339" pin=0"/></net>

<net id="386"><net_src comp="295" pin="2"/><net_sink comp="383" pin=0"/></net>

<net id="390"><net_src comp="111" pin="3"/><net_sink comp="387" pin=0"/></net>

<net id="391"><net_src comp="387" pin="1"/><net_sink comp="99" pin=0"/></net>

<net id="395"><net_src comp="118" pin="3"/><net_sink comp="392" pin=0"/></net>

<net id="396"><net_src comp="392" pin="1"/><net_sink comp="105" pin=0"/></net>

</net_list>

</model> 
---------------- Datapath Model END ------------------

* FSMD analyzer results:
  - Output states:
	Port: start_colSelection | {2 }
	Port: end_colSelection | {2 }
	Port: start_colSelectionCount_0_lcssa_ce_out | {2 }
 - Input state : 
	Port: clearFirstNRowsOrCols<HLSMoveStream>_Pipeline_VITIS_LOOP_459_4 : processedCount | {1 }
	Port: clearFirstNRowsOrCols<HLSMoveStream>_Pipeline_VITIS_LOOP_459_4 : occupiedCount_reload | {1 }
	Port: clearFirstNRowsOrCols<HLSMoveStream>_Pipeline_VITIS_LOOP_459_4 : occupiedIndices | {1 2 }
	Port: clearFirstNRowsOrCols<HLSMoveStream>_Pipeline_VITIS_LOOP_459_4 : occupiedIndices_1 | {1 2 }
  - Chain level:
	State 1
		store_ln458 : 1
		end_colSelectionCount : 1
		zext_ln445 : 2
		tmp : 2
		xor_ln459 : 3
		add_ln459 : 3
		icmp_ln459 : 4
		and_ln459 : 5
		br_ln459 : 5
		lshr_ln459_s : 4
		zext_ln459 : 5
		occupiedIndices_addr : 6
		occupiedIndices_1_addr : 6
		occupiedIndices_load : 7
		occupiedIndices_1_load : 7
		tmp_s : 2
		end_colSelectionCount_9 : 3
		zext_ln445_1 : 4
		add_ln459_159 : 5
		lshr_ln459_162 : 6
		zext_ln459_1 : 7
		icmp_ln459_1 : 6
		occupiedIndices_addr_1 : 8
		occupiedIndices_1_addr_1 : 8
		occupiedIndices_load_1 : 9
		occupiedIndices_1_load_1 : 9
		start_colSelectionCount : 2
		store_ln458 : 3
	State 2
		select_ln465 : 1
		start_colSelection_addr : 1
		store_ln470 : 2
		end_colSelection_addr : 1
		store_ln471 : 2
		select_ln465_1 : 1
		start_colSelection_addr_38 : 1
		store_ln470 : 2
		end_colSelection_addr_38 : 1
		store_ln471 : 2
		start_colSelectionCount_0_lcssa_ce : 1
		write_ln470 : 2


============================================================
+ Verbose Summary: Datapath Resource usage 
============================================================

* Functional unit list:
|----------|--------------------------------------|---------|---------|
| Operation|            Functional Unit           |    FF   |   LUT   |
|----------|--------------------------------------|---------|---------|
|          |           add_ln459_fu_217           |    0    |    39   |
|    add   |         add_ln459_159_fu_273         |    0    |    39   |
|          |    start_colSelectionCount_fu_301    |    0    |    12   |
|----------|--------------------------------------|---------|---------|
|   icmp   |           icmp_ln459_fu_223          |    0    |    39   |
|          |          icmp_ln459_1_fu_295         |    0    |    39   |
|----------|--------------------------------------|---------|---------|
|  select  |          select_ln465_fu_312         |    0    |    16   |
|          |         select_ln465_1_fu_330        |    0    |    16   |
|----------|--------------------------------------|---------|---------|
|    xor   |           xor_ln459_fu_211           |    0    |    2    |
|----------|--------------------------------------|---------|---------|
|    and   |           and_ln459_fu_229           |    0    |    2    |
|----------|--------------------------------------|---------|---------|
|   read   | occupiedCount_reload_read_read_fu_66 |    0    |    0    |
|          |    processedCount_read_read_fu_72    |    0    |    0    |
|----------|--------------------------------------|---------|---------|
|   write  |        write_ln470_write_fu_78       |    0    |    0    |
|----------|--------------------------------------|---------|---------|
|   trunc  |          trunc_ln434_fu_187          |    0    |    0    |
|----------|--------------------------------------|---------|---------|
|          |           zext_ln445_fu_199          |    0    |    0    |
|          |           zext_ln459_fu_245          |    0    |    0    |
|          |          zext_ln445_1_fu_269         |    0    |    0    |
|   zext   |          zext_ln459_1_fu_289         |    0    |    0    |
|          |          zext_ln470_2_fu_321         |    0    |    0    |
|          |           zext_ln470_fu_325          |    0    |    0    |
|          |          zext_ln470_1_fu_339         |    0    |    0    |
|----------|--------------------------------------|---------|---------|
| bitselect|              tmp_fu_203              |    0    |    0    |
|----------|--------------------------------------|---------|---------|
|          |          lshr_ln459_s_fu_235         |    0    |    0    |
|partselect|             tmp_s_fu_251             |    0    |    0    |
|          |         lshr_ln459_162_fu_279        |    0    |    0    |
|----------|--------------------------------------|---------|---------|
|bitconcatenate|    end_colSelectionCount_9_fu_261    |    0    |    0    |
|----------|--------------------------------------|---------|---------|
|   Total  |                                      |    0    |   204   |
|----------|--------------------------------------|---------|---------|

Memories:
N/A

* Register list:
+------------------------------------------+--------+
|                                          |   FF   |
+------------------------------------------+--------+
|             and_ln459_reg_363            |    1   |
|             batchSize_reg_344            |    5   |
|      end_colSelectionCount_9_reg_377     |    4   |
|       end_colSelectionCount_reg_357      |    5   |
|           icmp_ln459_1_reg_383           |    1   |
|     occupiedIndices_1_addr_1_reg_392     |    7   |
|      occupiedIndices_1_addr_reg_372      |    7   |
|      occupiedIndices_addr_1_reg_387      |    7   |
|       occupiedIndices_addr_reg_367       |    7   |
|start_colSelectionCount_0_lcssa_ce_reg_177|    5   |
|            trunc_ln434_reg_351           |    1   |
+------------------------------------------+--------+
|                   Total                  |   50   |
+------------------------------------------+--------+

* Multiplexer (MUX) list: 
|-------------------|------|------|------|--------||---------||---------||---------|
|        Comp       |  Pin | Size |  BW  | S x BW ||  Delay  ||    FF   ||   LUT   |
|-------------------|------|------|------|--------||---------||---------||---------|
|  grp_access_fu_99 |  p0  |   4  |   7  |   28   ||    0    ||    20   |
| grp_access_fu_105 |  p0  |   4  |   7  |   28   ||    0    ||    20   |
|-------------------|------|------|------|--------||---------||---------||---------|
|       Total       |      |      |      |   56   ||   1.05  ||    0    ||    40   |
|-------------------|------|------|------|--------||---------||---------||---------|



* Summary:
+-----------+--------+--------+--------+
|           |  Delay |   FF   |   LUT  |
+-----------+--------+--------+--------+
|  Function |    -   |    0   |   204  |
|   Memory  |    -   |    -   |    -   |
|Multiplexer|    1   |    0   |   40   |
|  Register |    -   |   50   |    -   |
+-----------+--------+--------+--------+
|   Total   |    1   |   50   |   244  |
+-----------+--------+--------+--------+
