

================================================================
== Vitis HLS Report for 'clearFirstNRowsOrCols_HLSMoveStream_Pipeline_VITIS_LOOP_421_2'
================================================================
* Date:           Thu Mar 26 11:03:16 2026

* Version:        2024.2 (Build 5238294 on Nov  8 2024)
* Project:        atomflow_controller_2024_2
* Solution:       hls (Vivado IP Flow Target)
* Product family: zynquplusRFSOC
* Target device:  xczu49dr-ffvf1760-2-e


================================================================
== Performance Estimates
================================================================
+ Timing: 
    * Summary: 
    +--------+----------+----------+------------+
    |  Clock |  Target  | Estimated| Uncertainty|
    +--------+----------+----------+------------+
    |ap_clk  |  10.00 ns|  2.761 ns|     2.70 ns|
    +--------+----------+----------+------------+

+ Latency: 
    * Summary: 
    +---------+---------+-----------+----------+-----+-----+------------------------------------------------+
    |  Latency (cycles) |  Latency (absolute)  |  Interval |                    Pipeline                    |
    |   min   |   max   |    min    |    max   | min | max |                      Type                      |
    +---------+---------+-----------+----------+-----+-----+------------------------------------------------+
    |        4|      259|  40.000 ns|  2.590 us|    2|  257|  loop auto-rewind stp (delay=0 clock cycles(s))|
    +---------+---------+-----------+----------+-----+-----+------------------------------------------------+

    + Detail: 
        * Instance: 
        N/A

        * Loop: 
        +--------------------+---------+---------+----------+-----------+-----------+---------+----------+
        |                    |  Latency (cycles) | Iteration|  Initiation Interval  |   Trip  |          |
        |      Loop Name     |   min   |   max   |  Latency |  achieved |   target  |  Count  | Pipelined|
        +--------------------+---------+---------+----------+-----------+-----------+---------+----------+
        |- VITIS_LOOP_421_2  |        2|      257|         2|          1|          1|  1 ~ 256|       yes|
        +--------------------+---------+---------+----------+-----------+-----------+---------+----------+

============================================================
+ Verbose Summary: Synthesis Manager
============================================================
InlineROM: 1
ExposeGlobal: 0
============================================================
+ Verbose Summary: CDFG Model
============================================================
IsTopModel: 0
ResetActiveHigh: 1
IsCombinational: 0
IsDatapathOnly: 0
HasWiredReturn: 1
HasMFsm: 2
HasVarLatency: 1
IsPipeline: 0
IsRtlPipelined: 0
IsInstanceOverlapped: 0
IsDontTouch: 0
HasImplIP: 0
IsGatedGlobalClock: 0

+ Individual pipeline summary: 
  * Pipeline-0: initiation interval (II) = 1, depth = 2


============================================================
+ Verbose Summary: Schedule
============================================================
* Number of FSM states : 2
* Pipeline : 1
  Pipeline-0 : II = 1, D = 2, States = { 1 2 }
* Dataflow Pipeline: 0

* FSM state transitions: 
1 --> 2 
2 --> 

* FSM state operations: 

State 1 <SV = 0> <Delay = 2.50>
ST_1 : Operation 5 [1/1] (0.00ns)   --->   "%col = alloca i32 1" [/home/xiaorang/Documents/ATOMFLOW/atomflow_controller/../sorting-organized-main/src/sortLatticeByRow.hpp:315->/home/xiaorang/Documents/ATOMFLOW/sorting-organized-main/src/sortLatticeByRow.cpp:375->/home/xiaorang/Documents/ATOMFLOW/sorting-organized-main/src/sortLatticeByRow.cpp:426]   --->   Operation 5 'alloca' 'col' <Predicate = true> <Delay = 0.00>
ST_1 : Operation 6 [1/1] (0.00ns)   --->   "%occupiedCount = alloca i32 1" [/home/xiaorang/Documents/ATOMFLOW/sorting-organized-main/src/sortLatticeByRow.cpp:418]   --->   Operation 6 'alloca' 'occupiedCount' <Predicate = true> <Delay = 0.00>
ST_1 : Operation 7 [1/1] (0.00ns)   --->   "%specmemcore_ln0 = specmemcore void @_ssdm_op_SpecMemCore, i1 %stateArray_data_s, i64 666, i64 22, i64 18446744073709551615"   --->   Operation 7 'specmemcore' 'specmemcore_ln0' <Predicate = true> <Delay = 0.00>
ST_1 : Operation 8 [1/1] (0.00ns)   --->   "%mul_i_read = read i15 @_ssdm_op_Read.ap_auto.i15, i15 %mul_i"   --->   Operation 8 'read' 'mul_i_read' <Predicate = true> <Delay = 0.00>
ST_1 : Operation 9 [1/1] (0.00ns)   --->   "%arraySizeAC_read = read i32 @_ssdm_op_Read.ap_auto.i32, i32 %arraySizeAC"   --->   Operation 9 'read' 'arraySizeAC_read' <Predicate = true> <Delay = 0.00>
ST_1 : Operation 10 [1/1] (0.42ns)   --->   "%store_ln418 = store i32 0, i32 %occupiedCount" [/home/xiaorang/Documents/ATOMFLOW/sorting-organized-main/src/sortLatticeByRow.cpp:418]   --->   Operation 10 'store' 'store_ln418' <Predicate = true> <Delay = 0.42>
ST_1 : Operation 11 [1/1] (0.42ns)   --->   "%store_ln315 = store i32 0, i32 %col" [/home/xiaorang/Documents/ATOMFLOW/atomflow_controller/../sorting-organized-main/src/sortLatticeByRow.hpp:315->/home/xiaorang/Documents/ATOMFLOW/sorting-organized-main/src/sortLatticeByRow.cpp:375->/home/xiaorang/Documents/ATOMFLOW/sorting-organized-main/src/sortLatticeByRow.cpp:426]   --->   Operation 11 'store' 'store_ln315' <Predicate = true> <Delay = 0.42>
ST_1 : Operation 12 [1/1] (0.00ns)   --->   "%br_ln0 = br void %_Z29accessStateArrayDimIndepedentR7Array2Dmmb.exit"   --->   Operation 12 'br' 'br_ln0' <Predicate = true> <Delay = 0.00>
ST_1 : Operation 13 [1/1] (0.00ns)   --->   "%indexAC = load i32 %col" [/home/xiaorang/Documents/ATOMFLOW/sorting-organized-main/src/sortLatticeByRow.cpp:428]   --->   Operation 13 'load' 'indexAC' <Predicate = true> <Delay = 0.00>
ST_1 : Operation 14 [1/1] (1.01ns)   --->   "%icmp_ln421 = icmp_eq  i32 %indexAC, i32 %arraySizeAC_read" [/home/xiaorang/Documents/ATOMFLOW/sorting-organized-main/src/sortLatticeByRow.cpp:421]   --->   Operation 14 'icmp' 'icmp_ln421' <Predicate = true> <Delay = 1.01> <CoreInst = "Cmp">   --->   Core 9 'Cmp' <Latency = 0> <II = 1> <Delay = 1.01> <FuncUnit> <Opcode : 'seteq' 'setne' 'setle' 'setge' 'setlt' 'setgt'> <InPorts = 2> <OutPorts = 1>
ST_1 : Operation 15 [1/1] (1.01ns)   --->   "%add_ln421 = add i32 %indexAC, i32 1" [/home/xiaorang/Documents/ATOMFLOW/sorting-organized-main/src/sortLatticeByRow.cpp:421]   --->   Operation 15 'add' 'add_ln421' <Predicate = true> <Delay = 1.01> <CoreInst = "Adder">   --->   Core 1 'Adder' <Latency = 0> <II = 1> <Delay = 1.01> <FuncUnit> <Opcode : 'add' 'sub'> <InPorts = 2> <OutPorts = 1>
ST_1 : Operation 16 [1/1] (0.00ns)   --->   "%br_ln421 = br i1 %icmp_ln421, void %_Z29accessStateArrayDimIndepedentR7Array2Dmmb.exit.split, void %VITIS_LOOP_435_3.loopexit.exitStub" [/home/xiaorang/Documents/ATOMFLOW/sorting-organized-main/src/sortLatticeByRow.cpp:421]   --->   Operation 16 'br' 'br_ln421' <Predicate = true> <Delay = 0.00>
ST_1 : Operation 17 [1/1] (0.00ns)   --->   "%trunc_ln421 = trunc i32 %indexAC" [/home/xiaorang/Documents/ATOMFLOW/sorting-organized-main/src/sortLatticeByRow.cpp:421]   --->   Operation 17 'trunc' 'trunc_ln421' <Predicate = (!icmp_ln421)> <Delay = 0.00>
ST_1 : Operation 18 [1/1] (0.84ns)   --->   "%add_ln316 = add i15 %trunc_ln421, i15 %mul_i_read" [/home/xiaorang/Documents/ATOMFLOW/atomflow_controller/../sorting-organized-main/src/sortLatticeByRow.hpp:316->/home/xiaorang/Documents/ATOMFLOW/sorting-organized-main/src/sortLatticeByRow.cpp:375->/home/xiaorang/Documents/ATOMFLOW/sorting-organized-main/src/sortLatticeByRow.cpp:426]   --->   Operation 18 'add' 'add_ln316' <Predicate = (!icmp_ln421)> <Delay = 0.84> <CoreInst = "Adder">   --->   Core 1 'Adder' <Latency = 0> <II = 1> <Delay = 0.84> <FuncUnit> <Opcode : 'add' 'sub'> <InPorts = 2> <OutPorts = 1>
ST_1 : Operation 19 [1/1] (0.00ns)   --->   "%zext_ln316 = zext i15 %add_ln316" [/home/xiaorang/Documents/ATOMFLOW/atomflow_controller/../sorting-organized-main/src/sortLatticeByRow.hpp:316->/home/xiaorang/Documents/ATOMFLOW/sorting-organized-main/src/sortLatticeByRow.cpp:375->/home/xiaorang/Documents/ATOMFLOW/sorting-organized-main/src/sortLatticeByRow.cpp:426]   --->   Operation 19 'zext' 'zext_ln316' <Predicate = (!icmp_ln421)> <Delay = 0.00>
ST_1 : Operation 20 [1/1] (0.00ns)   --->   "%stateArray_data_addr = getelementptr i1 %stateArray_data_s, i64 0, i64 %zext_ln316" [/home/xiaorang/Documents/ATOMFLOW/atomflow_controller/../sorting-organized-main/src/sortLatticeByRow.hpp:316->/home/xiaorang/Documents/ATOMFLOW/sorting-organized-main/src/sortLatticeByRow.cpp:375->/home/xiaorang/Documents/ATOMFLOW/sorting-organized-main/src/sortLatticeByRow.cpp:426]   --->   Operation 20 'getelementptr' 'stateArray_data_addr' <Predicate = (!icmp_ln421)> <Delay = 0.00>
ST_1 : Operation 21 [2/2] (1.23ns)   --->   "%occupied = load i15 %stateArray_data_addr" [/home/xiaorang/Documents/ATOMFLOW/sorting-organized-main/src/sortLatticeByRow.cpp:426]   --->   Operation 21 'load' 'occupied' <Predicate = (!icmp_ln421)> <Delay = 1.23> <CoreInst = "RAM_2P_BRAM">   --->   Core 93 'RAM_2P_BRAM' <Latency = 1> <II = 1> <Delay = 1.23> <Storage> <Opcode : 'load' 'store'> <Ports = 2> <Width = 1> <Depth = 25000> <RAM>
ST_1 : Operation 22 [1/1] (0.42ns)   --->   "%store_ln315 = store i32 %add_ln421, i32 %col" [/home/xiaorang/Documents/ATOMFLOW/atomflow_controller/../sorting-organized-main/src/sortLatticeByRow.hpp:315->/home/xiaorang/Documents/ATOMFLOW/sorting-organized-main/src/sortLatticeByRow.cpp:375->/home/xiaorang/Documents/ATOMFLOW/sorting-organized-main/src/sortLatticeByRow.cpp:426]   --->   Operation 22 'store' 'store_ln315' <Predicate = (!icmp_ln421)> <Delay = 0.42>
ST_1 : Operation 23 [1/1] (0.00ns)   --->   "%br_ln421 = br void %_Z29accessStateArrayDimIndepedentR7Array2Dmmb.exit" [/home/xiaorang/Documents/ATOMFLOW/sorting-organized-main/src/sortLatticeByRow.cpp:421]   --->   Operation 23 'br' 'br_ln421' <Predicate = (!icmp_ln421)> <Delay = 0.00>

State 2 <SV = 1> <Delay = 2.76>
ST_2 : Operation 24 [1/1] (0.00ns)   --->   "%occupiedCount_1 = load i32 %occupiedCount" [/home/xiaorang/Documents/ATOMFLOW/sorting-organized-main/src/sortLatticeByRow.cpp:421]   --->   Operation 24 'load' 'occupiedCount_1' <Predicate = true> <Delay = 0.00>
ST_2 : Operation 25 [1/1] (0.00ns)   --->   "%trunc_ln421_1 = trunc i32 %occupiedCount_1" [/home/xiaorang/Documents/ATOMFLOW/sorting-organized-main/src/sortLatticeByRow.cpp:421]   --->   Operation 25 'trunc' 'trunc_ln421_1' <Predicate = (!icmp_ln421)> <Delay = 0.00>
ST_2 : Operation 26 [1/1] (0.00ns)   --->   "%specpipeline_ln423 = specpipeline void @_ssdm_op_SpecPipeline, i32 1, i32 0, i32 0, i32 0, void @empty_18" [/home/xiaorang/Documents/ATOMFLOW/sorting-organized-main/src/sortLatticeByRow.cpp:423]   --->   Operation 26 'specpipeline' 'specpipeline_ln423' <Predicate = (!icmp_ln421)> <Delay = 0.00>
ST_2 : Operation 27 [1/1] (0.00ns)   --->   "%speclooptripcount_ln424 = speclooptripcount void @_ssdm_op_SpecLoopTripCount, i64 1, i64 256, i64 128" [/home/xiaorang/Documents/ATOMFLOW/sorting-organized-main/src/sortLatticeByRow.cpp:424]   --->   Operation 27 'speclooptripcount' 'speclooptripcount_ln424' <Predicate = (!icmp_ln421)> <Delay = 0.00>
ST_2 : Operation 28 [1/1] (0.00ns)   --->   "%specloopname_ln421 = specloopname void @_ssdm_op_SpecLoopName, void @empty_94" [/home/xiaorang/Documents/ATOMFLOW/sorting-organized-main/src/sortLatticeByRow.cpp:421]   --->   Operation 28 'specloopname' 'specloopname_ln421' <Predicate = (!icmp_ln421)> <Delay = 0.00>
ST_2 : Operation 29 [1/1] (0.00ns)   --->   "%lshr_ln = partselect i7 @_ssdm_op_PartSelect.i7.i32.i32.i32, i32 %occupiedCount_1, i32 1, i32 7" [/home/xiaorang/Documents/ATOMFLOW/sorting-organized-main/src/sortLatticeByRow.cpp:418]   --->   Operation 29 'partselect' 'lshr_ln' <Predicate = (!icmp_ln421)> <Delay = 0.00>
ST_2 : Operation 30 [1/1] (0.00ns)   --->   "%zext_ln418 = zext i7 %lshr_ln" [/home/xiaorang/Documents/ATOMFLOW/sorting-organized-main/src/sortLatticeByRow.cpp:418]   --->   Operation 30 'zext' 'zext_ln418' <Predicate = (!icmp_ln421)> <Delay = 0.00>
ST_2 : Operation 31 [1/2] ( I:1.23ns O:1.23ns )   --->   "%occupied = load i15 %stateArray_data_addr" [/home/xiaorang/Documents/ATOMFLOW/sorting-organized-main/src/sortLatticeByRow.cpp:426]   --->   Operation 31 'load' 'occupied' <Predicate = (!icmp_ln421)> <Delay = 1.23> <CoreInst = "RAM_2P_BRAM">   --->   Core 93 'RAM_2P_BRAM' <Latency = 1> <II = 1> <Delay = 1.23> <Storage> <Opcode : 'load' 'store'> <Ports = 2> <Width = 1> <Depth = 25000> <RAM>
ST_2 : Operation 32 [1/1] (0.00ns)   --->   "%tmp = partselect i24 @_ssdm_op_PartSelect.i24.i32.i32.i32, i32 %occupiedCount_1, i32 8, i32 31" [/home/xiaorang/Documents/ATOMFLOW/sorting-organized-main/src/sortLatticeByRow.cpp:427]   --->   Operation 32 'partselect' 'tmp' <Predicate = (!icmp_ln421)> <Delay = 0.00>
ST_2 : Operation 33 [1/1] (0.93ns)   --->   "%icmp_ln427 = icmp_eq  i24 %tmp, i24 0" [/home/xiaorang/Documents/ATOMFLOW/sorting-organized-main/src/sortLatticeByRow.cpp:427]   --->   Operation 33 'icmp' 'icmp_ln427' <Predicate = (!icmp_ln421)> <Delay = 0.93> <CoreInst = "Cmp">   --->   Core 9 'Cmp' <Latency = 0> <II = 1> <Delay = 0.93> <FuncUnit> <Opcode : 'seteq' 'setne' 'setle' 'setge' 'setlt' 'setgt'> <InPorts = 2> <OutPorts = 1>
ST_2 : Operation 34 [1/1] (0.28ns)   --->   "%and_ln427 = and i1 %occupied, i1 %icmp_ln427" [/home/xiaorang/Documents/ATOMFLOW/sorting-organized-main/src/sortLatticeByRow.cpp:427]   --->   Operation 34 'and' 'and_ln427' <Predicate = (!icmp_ln421)> <Delay = 0.28> <CoreInst = "LogicGate">   --->   Core 74 'LogicGate' <Latency = 0> <II = 1> <Delay = 0.28> <FuncUnit> <Opcode : 'and' 'or' 'xor'> <InPorts = 2> <OutPorts = 1>
ST_2 : Operation 35 [1/1] (0.00ns)   --->   "%br_ln427 = br i1 %and_ln427, void %for.inc, void %if.then" [/home/xiaorang/Documents/ATOMFLOW/sorting-organized-main/src/sortLatticeByRow.cpp:427]   --->   Operation 35 'br' 'br_ln427' <Predicate = (!icmp_ln421)> <Delay = 0.00>
ST_2 : Operation 36 [1/1] (1.01ns)   --->   "%occupiedCount_2 = add i32 %occupiedCount_1, i32 1" [/home/xiaorang/Documents/ATOMFLOW/sorting-organized-main/src/sortLatticeByRow.cpp:428]   --->   Operation 36 'add' 'occupiedCount_2' <Predicate = (!icmp_ln421 & and_ln427)> <Delay = 1.01> <CoreInst = "Adder">   --->   Core 1 'Adder' <Latency = 0> <II = 1> <Delay = 1.01> <FuncUnit> <Opcode : 'add' 'sub'> <InPorts = 2> <OutPorts = 1>
ST_2 : Operation 37 [1/1] (0.00ns)   --->   "%occupiedIndices_addr = getelementptr i16 %occupiedIndices, i64 0, i64 %zext_ln418" [/home/xiaorang/Documents/ATOMFLOW/sorting-organized-main/src/sortLatticeByRow.cpp:428]   --->   Operation 37 'getelementptr' 'occupiedIndices_addr' <Predicate = (!icmp_ln421 & and_ln427)> <Delay = 0.00>
ST_2 : Operation 38 [1/1] (0.00ns)   --->   "%occupiedIndices_1_addr = getelementptr i16 %occupiedIndices_1, i64 0, i64 %zext_ln418" [/home/xiaorang/Documents/ATOMFLOW/sorting-organized-main/src/sortLatticeByRow.cpp:428]   --->   Operation 38 'getelementptr' 'occupiedIndices_1_addr' <Predicate = (!icmp_ln421 & and_ln427)> <Delay = 0.00>
ST_2 : Operation 39 [1/1] (0.00ns)   --->   "%trunc_ln428 = trunc i32 %indexAC" [/home/xiaorang/Documents/ATOMFLOW/sorting-organized-main/src/sortLatticeByRow.cpp:428]   --->   Operation 39 'trunc' 'trunc_ln428' <Predicate = (!icmp_ln421 & and_ln427)> <Delay = 0.00>
ST_2 : Operation 40 [1/1] (0.00ns)   --->   "%br_ln428 = br i1 %trunc_ln421_1, void %arrayidx.case.0, void %arrayidx.case.1" [/home/xiaorang/Documents/ATOMFLOW/sorting-organized-main/src/sortLatticeByRow.cpp:428]   --->   Operation 40 'br' 'br_ln428' <Predicate = (!icmp_ln421 & and_ln427)> <Delay = 0.00>
ST_2 : Operation 41 [1/1] ( I:1.23ns O:1.23ns )   --->   "%store_ln428 = store i16 %trunc_ln428, i7 %occupiedIndices_addr" [/home/xiaorang/Documents/ATOMFLOW/sorting-organized-main/src/sortLatticeByRow.cpp:428]   --->   Operation 41 'store' 'store_ln428' <Predicate = (!icmp_ln421 & and_ln427 & !trunc_ln421_1)> <Delay = 1.23> <CoreInst = "RAM">   --->   Core 82 'RAM' <Latency = 1> <II = 1> <Delay = 1.23> <Storage> <Opcode : 'load' 'store'> <Ports = 2> <Width = 16> <Depth = 128> <RAM>
ST_2 : Operation 42 [1/1] (0.00ns)   --->   "%br_ln428 = br void %arrayidx.exit" [/home/xiaorang/Documents/ATOMFLOW/sorting-organized-main/src/sortLatticeByRow.cpp:428]   --->   Operation 42 'br' 'br_ln428' <Predicate = (!icmp_ln421 & and_ln427 & !trunc_ln421_1)> <Delay = 0.00>
ST_2 : Operation 43 [1/1] ( I:1.23ns O:1.23ns )   --->   "%store_ln428 = store i16 %trunc_ln428, i7 %occupiedIndices_1_addr" [/home/xiaorang/Documents/ATOMFLOW/sorting-organized-main/src/sortLatticeByRow.cpp:428]   --->   Operation 43 'store' 'store_ln428' <Predicate = (!icmp_ln421 & and_ln427 & trunc_ln421_1)> <Delay = 1.23> <CoreInst = "RAM">   --->   Core 82 'RAM' <Latency = 1> <II = 1> <Delay = 1.23> <Storage> <Opcode : 'load' 'store'> <Ports = 2> <Width = 16> <Depth = 128> <RAM>
ST_2 : Operation 44 [1/1] (0.00ns)   --->   "%br_ln428 = br void %arrayidx.exit" [/home/xiaorang/Documents/ATOMFLOW/sorting-organized-main/src/sortLatticeByRow.cpp:428]   --->   Operation 44 'br' 'br_ln428' <Predicate = (!icmp_ln421 & and_ln427 & trunc_ln421_1)> <Delay = 0.00>
ST_2 : Operation 45 [1/1] (0.42ns)   --->   "%store_ln418 = store i32 %occupiedCount_2, i32 %occupiedCount" [/home/xiaorang/Documents/ATOMFLOW/sorting-organized-main/src/sortLatticeByRow.cpp:418]   --->   Operation 45 'store' 'store_ln418' <Predicate = (!icmp_ln421 & and_ln427)> <Delay = 0.42>
ST_2 : Operation 46 [1/1] (0.00ns)   --->   "%br_ln429 = br void %for.inc" [/home/xiaorang/Documents/ATOMFLOW/sorting-organized-main/src/sortLatticeByRow.cpp:429]   --->   Operation 46 'br' 'br_ln429' <Predicate = (!icmp_ln421 & and_ln427)> <Delay = 0.00>
ST_2 : Operation 47 [1/1] (0.00ns)   --->   "%write_ln421 = write void @_ssdm_op_Write.ap_auto.i32P0A, i32 %occupiedCount_out, i32 %occupiedCount_1" [/home/xiaorang/Documents/ATOMFLOW/sorting-organized-main/src/sortLatticeByRow.cpp:421]   --->   Operation 47 'write' 'write_ln421' <Predicate = (icmp_ln421)> <Delay = 0.00>
ST_2 : Operation 48 [1/1] (0.42ns)   --->   "%ret_ln0 = ret"   --->   Operation 48 'ret' 'ret_ln0' <Predicate = (icmp_ln421)> <Delay = 0.42>


============================================================
+ Verbose Summary: Binding
============================================================
STG Binding: 
---------------- STG Properties BEGIN ----------------
- Is combinational: 0
- Is one-state seq: 0
- Is datapath-only: 0
- Is pipelined: 0
- Is top level: 0
Port [ Return ] is wired: 1; IO mode=ap_ctrl_hs:ce=0
Port [ arraySizeAC]:  wired=1; compound=0; hidden=0; nouse=0; global=0; static=0; extern=0; dir=0; type=0; pingpong=0; private_global=0; IO mode=ap_none:ce=0
Port [ occupiedIndices_1]:  wired=1; compound=1; hidden=0; nouse=0; global=0; static=0; extern=0; dir=1; type=1; pingpong=0; private_global=0; MemPort=[03]; IO mode=ap_memory:ce=0
Port [ occupiedIndices]:  wired=1; compound=1; hidden=0; nouse=0; global=0; static=0; extern=0; dir=1; type=1; pingpong=0; private_global=0; MemPort=[03]; IO mode=ap_memory:ce=0
Port [ mul_i]:  wired=1; compound=0; hidden=0; nouse=0; global=0; static=0; extern=0; dir=0; type=0; pingpong=0; private_global=0; IO mode=ap_none:ce=0
Port [ stateArray_data_s]:  wired=1; compound=1; hidden=0; nouse=0; global=0; static=0; extern=0; dir=0; type=1; pingpong=0; private_global=0; MemPort=[13]; IO mode=ap_memory:ce=0
Port [ occupiedCount_out]:  wired=1; compound=0; hidden=0; nouse=0; global=0; static=0; extern=0; dir=1; type=0; pingpong=0; private_global=0; IO mode=ap_vld:ce=0
---------------- STG Properties END ------------------

---------------- Datapath Model BEGIN ----------------

<LifeTime>
<method=bitvector/>
col                     (alloca           ) [ 010]
occupiedCount           (alloca           ) [ 011]
specmemcore_ln0         (specmemcore      ) [ 000]
mul_i_read              (read             ) [ 000]
arraySizeAC_read        (read             ) [ 000]
store_ln418             (store            ) [ 000]
store_ln315             (store            ) [ 000]
br_ln0                  (br               ) [ 000]
indexAC                 (load             ) [ 011]
icmp_ln421              (icmp             ) [ 011]
add_ln421               (add              ) [ 000]
br_ln421                (br               ) [ 000]
trunc_ln421             (trunc            ) [ 000]
add_ln316               (add              ) [ 000]
zext_ln316              (zext             ) [ 000]
stateArray_data_addr    (getelementptr    ) [ 011]
store_ln315             (store            ) [ 000]
br_ln421                (br               ) [ 000]
occupiedCount_1         (load             ) [ 000]
trunc_ln421_1           (trunc            ) [ 011]
specpipeline_ln423      (specpipeline     ) [ 000]
speclooptripcount_ln424 (speclooptripcount) [ 000]
specloopname_ln421      (specloopname     ) [ 000]
lshr_ln                 (partselect       ) [ 000]
zext_ln418              (zext             ) [ 000]
occupied                (load             ) [ 000]
tmp                     (partselect       ) [ 000]
icmp_ln427              (icmp             ) [ 000]
and_ln427               (and              ) [ 011]
br_ln427                (br               ) [ 000]
occupiedCount_2         (add              ) [ 000]
occupiedIndices_addr    (getelementptr    ) [ 000]
occupiedIndices_1_addr  (getelementptr    ) [ 000]
trunc_ln428             (trunc            ) [ 000]
br_ln428                (br               ) [ 000]
store_ln428             (store            ) [ 000]
br_ln428                (br               ) [ 000]
store_ln428             (store            ) [ 000]
br_ln428                (br               ) [ 000]
store_ln418             (store            ) [ 000]
br_ln429                (br               ) [ 000]
write_ln421             (write            ) [ 000]
ret_ln0                 (ret              ) [ 000]
</LifeTime>

<model>

<comp_list>
<comp id="0" class="1000" name="arraySizeAC">
<pin_list>
<pin id="1" dir="1" index="0" bw="1" slack="0"/>
</pin_list>
<bind>
<StgValue><ssdm name="arraySizeAC"/></StgValue>
</bind>
</comp>

<comp id="2" class="1000" name="occupiedIndices_1">
<pin_list>
<pin id="3" dir="1" index="0" bw="1" slack="0"/>
</pin_list>
<bind>
<StgValue><ssdm name="occupiedIndices_1"/><MemPortTyVec>0 3 </MemPortTyVec>
</StgValue>
</bind>
</comp>

<comp id="4" class="1000" name="occupiedIndices">
<pin_list>
<pin id="5" dir="1" index="0" bw="1" slack="0"/>
</pin_list>
<bind>
<StgValue><ssdm name="occupiedIndices"/><MemPortTyVec>0 3 </MemPortTyVec>
</StgValue>
</bind>
</comp>

<comp id="6" class="1000" name="mul_i">
<pin_list>
<pin id="7" dir="1" index="0" bw="1" slack="0"/>
</pin_list>
<bind>
<StgValue><ssdm name="mul_i"/></StgValue>
</bind>
</comp>

<comp id="8" class="1000" name="stateArray_data_s">
<pin_list>
<pin id="9" dir="1" index="0" bw="1" slack="0"/>
</pin_list>
<bind>
<StgValue><ssdm name="stateArray_data_s"/><MemPortTyVec>1 3 </MemPortTyVec>
</StgValue>
</bind>
</comp>

<comp id="10" class="1000" name="occupiedCount_out">
<pin_list>
<pin id="11" dir="1" index="0" bw="1" slack="0"/>
</pin_list>
<bind>
<StgValue><ssdm name="occupiedCount_out"/></StgValue>
</bind>
</comp>

<comp id="12" class="1001" name="const_12">
<pin_list>
<pin id="13" dir="1" index="0" bw="1" slack="0"/>
</pin_list>
<bind>
<StgValue><ssdm name=""/></StgValue>
</bind>
</comp>

<comp id="14" class="1001" name="const_14">
<pin_list>
<pin id="15" dir="1" index="0" bw="1" slack="2147483647"/>
</pin_list>
<bind>
<StgValue><ssdm name="_ssdm_op_SpecMemCore"/></StgValue>
</bind>
</comp>

<comp id="16" class="1001" name="const_16">
<pin_list>
<pin id="17" dir="1" index="0" bw="1" slack="2147483647"/>
</pin_list>
<bind>
<StgValue><ssdm name=""/></StgValue>
</bind>
</comp>

<comp id="18" class="1001" name="const_18">
<pin_list>
<pin id="19" dir="1" index="0" bw="1" slack="2147483647"/>
</pin_list>
<bind>
<StgValue><ssdm name=""/></StgValue>
</bind>
</comp>

<comp id="20" class="1001" name="const_20">
<pin_list>
<pin id="21" dir="1" index="0" bw="1" slack="2147483647"/>
</pin_list>
<bind>
<StgValue><ssdm name=""/></StgValue>
</bind>
</comp>

<comp id="22" class="1001" name="const_22">
<pin_list>
<pin id="23" dir="1" index="0" bw="1" slack="0"/>
</pin_list>
<bind>
<StgValue><ssdm name="_ssdm_op_Read.ap_auto.i15"/></StgValue>
</bind>
</comp>

<comp id="24" class="1001" name="const_24">
<pin_list>
<pin id="25" dir="1" index="0" bw="1" slack="0"/>
</pin_list>
<bind>
<StgValue><ssdm name="_ssdm_op_Read.ap_auto.i32"/></StgValue>
</bind>
</comp>

<comp id="26" class="1001" name="const_26">
<pin_list>
<pin id="27" dir="1" index="0" bw="1" slack="0"/>
</pin_list>
<bind>
<StgValue><ssdm name=""/></StgValue>
</bind>
</comp>

<comp id="28" class="1001" name="const_28">
<pin_list>
<pin id="29" dir="1" index="0" bw="1" slack="0"/>
</pin_list>
<bind>
<StgValue><ssdm name=""/></StgValue>
</bind>
</comp>

<comp id="30" class="1001" name="const_30">
<pin_list>
<pin id="31" dir="1" index="0" bw="1" slack="2147483647"/>
</pin_list>
<bind>
<StgValue><ssdm name="_ssdm_op_SpecPipeline"/></StgValue>
</bind>
</comp>

<comp id="32" class="1001" name="const_32">
<pin_list>
<pin id="33" dir="1" index="0" bw="1" slack="2147483647"/>
</pin_list>
<bind>
<StgValue><ssdm name="empty_18"/></StgValue>
</bind>
</comp>

<comp id="34" class="1001" name="const_34">
<pin_list>
<pin id="35" dir="1" index="0" bw="1" slack="2147483647"/>
</pin_list>
<bind>
<StgValue><ssdm name="_ssdm_op_SpecLoopTripCount"/></StgValue>
</bind>
</comp>

<comp id="36" class="1001" name="const_36">
<pin_list>
<pin id="37" dir="1" index="0" bw="1" slack="2147483647"/>
</pin_list>
<bind>
<StgValue><ssdm name=""/></StgValue>
</bind>
</comp>

<comp id="38" class="1001" name="const_38">
<pin_list>
<pin id="39" dir="1" index="0" bw="1" slack="2147483647"/>
</pin_list>
<bind>
<StgValue><ssdm name=""/></StgValue>
</bind>
</comp>

<comp id="40" class="1001" name="const_40">
<pin_list>
<pin id="41" dir="1" index="0" bw="1" slack="2147483647"/>
</pin_list>
<bind>
<StgValue><ssdm name=""/></StgValue>
</bind>
</comp>

<comp id="42" class="1001" name="const_42">
<pin_list>
<pin id="43" dir="1" index="0" bw="1" slack="2147483647"/>
</pin_list>
<bind>
<StgValue><ssdm name="_ssdm_op_SpecLoopName"/></StgValue>
</bind>
</comp>

<comp id="44" class="1001" name="const_44">
<pin_list>
<pin id="45" dir="1" index="0" bw="1" slack="2147483647"/>
</pin_list>
<bind>
<StgValue><ssdm name="empty_94"/></StgValue>
</bind>
</comp>

<comp id="46" class="1001" name="const_46">
<pin_list>
<pin id="47" dir="1" index="0" bw="1" slack="0"/>
</pin_list>
<bind>
<StgValue><ssdm name="_ssdm_op_PartSelect.i7.i32.i32.i32"/></StgValue>
</bind>
</comp>

<comp id="48" class="1001" name="const_48">
<pin_list>
<pin id="49" dir="1" index="0" bw="1" slack="0"/>
</pin_list>
<bind>
<StgValue><ssdm name=""/></StgValue>
</bind>
</comp>

<comp id="50" class="1001" name="const_50">
<pin_list>
<pin id="51" dir="1" index="0" bw="1" slack="0"/>
</pin_list>
<bind>
<StgValue><ssdm name="_ssdm_op_PartSelect.i24.i32.i32.i32"/></StgValue>
</bind>
</comp>

<comp id="52" class="1001" name="const_52">
<pin_list>
<pin id="53" dir="1" index="0" bw="1" slack="0"/>
</pin_list>
<bind>
<StgValue><ssdm name=""/></StgValue>
</bind>
</comp>

<comp id="54" class="1001" name="const_54">
<pin_list>
<pin id="55" dir="1" index="0" bw="1" slack="0"/>
</pin_list>
<bind>
<StgValue><ssdm name=""/></StgValue>
</bind>
</comp>

<comp id="56" class="1001" name="const_56">
<pin_list>
<pin id="57" dir="1" index="0" bw="1" slack="0"/>
</pin_list>
<bind>
<StgValue><ssdm name=""/></StgValue>
</bind>
</comp>

<comp id="58" class="1001" name="const_58">
<pin_list>
<pin id="59" dir="1" index="0" bw="1" slack="0"/>
</pin_list>
<bind>
<StgValue><ssdm name="_ssdm_op_Write.ap_auto.i32P0A"/></StgValue>
</bind>
</comp>

<comp id="60" class="1004" name="col_fu_60">
<pin_list>
<pin id="61" dir="0" index="0" bw="1" slack="0"/>
<pin id="62" dir="1" index="1" bw="32" slack="0"/>
</pin_list>
<bind>
<opcode="alloca(26) " fcode="alloca"/>
<opset="col/1 "/>
</bind>
</comp>

<comp id="64" class="1004" name="occupiedCount_fu_64">
<pin_list>
<pin id="65" dir="0" index="0" bw="1" slack="0"/>
<pin id="66" dir="1" index="1" bw="32" slack="0"/>
</pin_list>
<bind>
<opcode="alloca(26) " fcode="alloca"/>
<opset="occupiedCount/1 "/>
</bind>
</comp>

<comp id="68" class="1004" name="mul_i_read_read_fu_68">
<pin_list>
<pin id="69" dir="0" index="0" bw="15" slack="0"/>
<pin id="70" dir="0" index="1" bw="15" slack="0"/>
<pin id="71" dir="1" index="2" bw="15" slack="0"/>
</pin_list>
<bind>
<opcode="read(1150) " fcode="read"/>
<opset="mul_i_read/1 "/>
</bind>
</comp>

<comp id="74" class="1004" name="arraySizeAC_read_read_fu_74">
<pin_list>
<pin id="75" dir="0" index="0" bw="32" slack="0"/>
<pin id="76" dir="0" index="1" bw="32" slack="0"/>
<pin id="77" dir="1" index="2" bw="32" slack="0"/>
</pin_list>
<bind>
<opcode="read(1150) " fcode="read"/>
<opset="arraySizeAC_read/1 "/>
</bind>
</comp>

<comp id="80" class="1004" name="write_ln421_write_fu_80">
<pin_list>
<pin id="81" dir="0" index="0" bw="0" slack="0"/>
<pin id="82" dir="0" index="1" bw="32" slack="0"/>
<pin id="83" dir="0" index="2" bw="32" slack="0"/>
<pin id="84" dir="1" index="3" bw="0" slack="2147483647"/>
</pin_list>
<bind>
<opcode="write(1151) " fcode="write"/>
<opset="write_ln421/2 "/>
</bind>
</comp>

<comp id="87" class="1004" name="stateArray_data_addr_gep_fu_87">
<pin_list>
<pin id="88" dir="0" index="0" bw="1" slack="0"/>
<pin id="89" dir="0" index="1" bw="1" slack="0"/>
<pin id="90" dir="0" index="2" bw="15" slack="0"/>
<pin id="91" dir="1" index="3" bw="15" slack="0"/>
</pin_list>
<bind>
<opcode="getelementptr(29) " fcode="getelementptr"/>
<opset="stateArray_data_addr/1 "/>
</bind>
</comp>

<comp id="94" class="1004" name="grp_access_fu_94">
<pin_list>
<pin id="95" dir="0" index="0" bw="15" slack="0"/>
<pin id="96" dir="0" index="1" bw="1" slack="2147483647"/>
<pin id="97" dir="0" index="2" bw="0" slack="2147483647"/>
<pin id="98" dir="1" index="3" bw="1" slack="0"/>
</pin_list>
<bind>
<opcode="load(27) " fcode="load"/>
<opset="occupied/1 "/>
</bind>
</comp>

<comp id="100" class="1004" name="occupiedIndices_addr_gep_fu_100">
<pin_list>
<pin id="101" dir="0" index="0" bw="16" slack="0"/>
<pin id="102" dir="0" index="1" bw="1" slack="0"/>
<pin id="103" dir="0" index="2" bw="7" slack="0"/>
<pin id="104" dir="1" index="3" bw="7" slack="0"/>
</pin_list>
<bind>
<opcode="getelementptr(29) " fcode="getelementptr"/>
<opset="occupiedIndices_addr/2 "/>
</bind>
</comp>

<comp id="107" class="1004" name="occupiedIndices_1_addr_gep_fu_107">
<pin_list>
<pin id="108" dir="0" index="0" bw="16" slack="0"/>
<pin id="109" dir="0" index="1" bw="1" slack="0"/>
<pin id="110" dir="0" index="2" bw="7" slack="0"/>
<pin id="111" dir="1" index="3" bw="7" slack="0"/>
</pin_list>
<bind>
<opcode="getelementptr(29) " fcode="getelementptr"/>
<opset="occupiedIndices_1_addr/2 "/>
</bind>
</comp>

<comp id="114" class="1004" name="store_ln428_access_fu_114">
<pin_list>
<pin id="115" dir="0" index="0" bw="7" slack="0"/>
<pin id="116" dir="0" index="1" bw="16" slack="0"/>
<pin id="117" dir="0" index="2" bw="0" slack="2147483647"/>
<pin id="118" dir="1" index="3" bw="16" slack="2147483647"/>
</pin_list>
<bind>
<opcode="store(28) " fcode="store"/>
<opset="store_ln428/2 "/>
</bind>
</comp>

<comp id="120" class="1004" name="store_ln428_access_fu_120">
<pin_list>
<pin id="121" dir="0" index="0" bw="7" slack="0"/>
<pin id="122" dir="0" index="1" bw="16" slack="0"/>
<pin id="123" dir="0" index="2" bw="0" slack="2147483647"/>
<pin id="124" dir="1" index="3" bw="16" slack="2147483647"/>
</pin_list>
<bind>
<opcode="store(28) " fcode="store"/>
<opset="store_ln428/2 "/>
</bind>
</comp>

<comp id="126" class="1004" name="store_ln418_store_fu_126">
<pin_list>
<pin id="127" dir="0" index="0" bw="1" slack="0"/>
<pin id="128" dir="0" index="1" bw="32" slack="0"/>
<pin id="129" dir="1" index="2" bw="0" slack="2147483647"/>
</pin_list>
<bind>
<opcode="store(28) " fcode="store"/>
<opset="store_ln418/1 "/>
</bind>
</comp>

<comp id="131" class="1004" name="store_ln315_store_fu_131">
<pin_list>
<pin id="132" dir="0" index="0" bw="1" slack="0"/>
<pin id="133" dir="0" index="1" bw="32" slack="0"/>
<pin id="134" dir="1" index="2" bw="0" slack="2147483647"/>
</pin_list>
<bind>
<opcode="store(28) " fcode="store"/>
<opset="store_ln315/1 "/>
</bind>
</comp>

<comp id="136" class="1004" name="indexAC_load_fu_136">
<pin_list>
<pin id="137" dir="0" index="0" bw="32" slack="0"/>
<pin id="138" dir="1" index="1" bw="32" slack="0"/>
</pin_list>
<bind>
<opcode="load(27) " fcode="load"/>
<opset="indexAC/1 "/>
</bind>
</comp>

<comp id="139" class="1004" name="icmp_ln421_fu_139">
<pin_list>
<pin id="140" dir="0" index="0" bw="32" slack="0"/>
<pin id="141" dir="0" index="1" bw="32" slack="0"/>
<pin id="142" dir="1" index="2" bw="1" slack="1"/>
</pin_list>
<bind>
<opcode="icmp(45) " fcode="icmp"/>
<opset="icmp_ln421/1 "/>
</bind>
</comp>

<comp id="145" class="1004" name="add_ln421_fu_145">
<pin_list>
<pin id="146" dir="0" index="0" bw="32" slack="0"/>
<pin id="147" dir="0" index="1" bw="1" slack="0"/>
<pin id="148" dir="1" index="2" bw="32" slack="0"/>
</pin_list>
<bind>
<opcode="add(8) " fcode="add"/>
<opset="add_ln421/1 "/>
</bind>
</comp>

<comp id="151" class="1004" name="trunc_ln421_fu_151">
<pin_list>
<pin id="152" dir="0" index="0" bw="32" slack="0"/>
<pin id="153" dir="1" index="1" bw="15" slack="0"/>
</pin_list>
<bind>
<opcode="trunc(33) " fcode="trunc"/>
<opset="trunc_ln421/1 "/>
</bind>
</comp>

<comp id="155" class="1004" name="add_ln316_fu_155">
<pin_list>
<pin id="156" dir="0" index="0" bw="15" slack="0"/>
<pin id="157" dir="0" index="1" bw="15" slack="0"/>
<pin id="158" dir="1" index="2" bw="15" slack="0"/>
</pin_list>
<bind>
<opcode="add(8) " fcode="add"/>
<opset="add_ln316/1 "/>
</bind>
</comp>

<comp id="161" class="1004" name="zext_ln316_fu_161">
<pin_list>
<pin id="162" dir="0" index="0" bw="15" slack="0"/>
<pin id="163" dir="1" index="1" bw="64" slack="0"/>
</pin_list>
<bind>
<opcode="zext(34) " fcode="zext"/>
<opset="zext_ln316/1 "/>
</bind>
</comp>

<comp id="166" class="1004" name="store_ln315_store_fu_166">
<pin_list>
<pin id="167" dir="0" index="0" bw="32" slack="0"/>
<pin id="168" dir="0" index="1" bw="32" slack="0"/>
<pin id="169" dir="1" index="2" bw="0" slack="2147483647"/>
</pin_list>
<bind>
<opcode="store(28) " fcode="store"/>
<opset="store_ln315/1 "/>
</bind>
</comp>

<comp id="171" class="1004" name="occupiedCount_1_load_fu_171">
<pin_list>
<pin id="172" dir="0" index="0" bw="32" slack="1"/>
<pin id="173" dir="1" index="1" bw="32" slack="0"/>
</pin_list>
<bind>
<opcode="load(27) " fcode="load"/>
<opset="occupiedCount_1/2 "/>
</bind>
</comp>

<comp id="175" class="1004" name="trunc_ln421_1_fu_175">
<pin_list>
<pin id="176" dir="0" index="0" bw="32" slack="0"/>
<pin id="177" dir="1" index="1" bw="1" slack="2147483647"/>
</pin_list>
<bind>
<opcode="trunc(33) " fcode="trunc"/>
<opset="trunc_ln421_1/2 "/>
</bind>
</comp>

<comp id="179" class="1004" name="lshr_ln_fu_179">
<pin_list>
<pin id="180" dir="0" index="0" bw="7" slack="0"/>
<pin id="181" dir="0" index="1" bw="32" slack="0"/>
<pin id="182" dir="0" index="2" bw="1" slack="0"/>
<pin id="183" dir="0" index="3" bw="4" slack="0"/>
<pin id="184" dir="1" index="4" bw="7" slack="0"/>
</pin_list>
<bind>
<opcode="partselect(1002) " fcode="partselect"/>
<opset="lshr_ln/2 "/>
</bind>
</comp>

<comp id="189" class="1004" name="zext_ln418_fu_189">
<pin_list>
<pin id="190" dir="0" index="0" bw="7" slack="0"/>
<pin id="191" dir="1" index="1" bw="64" slack="0"/>
</pin_list>
<bind>
<opcode="zext(34) " fcode="zext"/>
<opset="zext_ln418/2 "/>
</bind>
</comp>

<comp id="195" class="1004" name="tmp_fu_195">
<pin_list>
<pin id="196" dir="0" index="0" bw="24" slack="0"/>
<pin id="197" dir="0" index="1" bw="32" slack="0"/>
<pin id="198" dir="0" index="2" bw="5" slack="0"/>
<pin id="199" dir="0" index="3" bw="6" slack="0"/>
<pin id="200" dir="1" index="4" bw="24" slack="0"/>
</pin_list>
<bind>
<opcode="partselect(1002) " fcode="partselect"/>
<opset="tmp/2 "/>
</bind>
</comp>

<comp id="205" class="1004" name="icmp_ln427_fu_205">
<pin_list>
<pin id="206" dir="0" index="0" bw="24" slack="0"/>
<pin id="207" dir="0" index="1" bw="1" slack="0"/>
<pin id="208" dir="1" index="2" bw="1" slack="0"/>
</pin_list>
<bind>
<opcode="icmp(45) " fcode="icmp"/>
<opset="icmp_ln427/2 "/>
</bind>
</comp>

<comp id="211" class="1004" name="and_ln427_fu_211">
<pin_list>
<pin id="212" dir="0" index="0" bw="1" slack="0"/>
<pin id="213" dir="0" index="1" bw="1" slack="0"/>
<pin id="214" dir="1" index="2" bw="1" slack="2147483647"/>
</pin_list>
<bind>
<opcode="and(23) " fcode="and"/>
<opset="and_ln427/2 "/>
</bind>
</comp>

<comp id="217" class="1004" name="occupiedCount_2_fu_217">
<pin_list>
<pin id="218" dir="0" index="0" bw="32" slack="0"/>
<pin id="219" dir="0" index="1" bw="1" slack="0"/>
<pin id="220" dir="1" index="2" bw="32" slack="0"/>
</pin_list>
<bind>
<opcode="add(8) " fcode="add"/>
<opset="occupiedCount_2/2 "/>
</bind>
</comp>

<comp id="223" class="1004" name="trunc_ln428_fu_223">
<pin_list>
<pin id="224" dir="0" index="0" bw="32" slack="1"/>
<pin id="225" dir="1" index="1" bw="16" slack="0"/>
</pin_list>
<bind>
<opcode="trunc(33) " fcode="trunc"/>
<opset="trunc_ln428/2 "/>
</bind>
</comp>

<comp id="228" class="1004" name="store_ln418_store_fu_228">
<pin_list>
<pin id="229" dir="0" index="0" bw="32" slack="0"/>
<pin id="230" dir="0" index="1" bw="32" slack="1"/>
<pin id="231" dir="1" index="2" bw="0" slack="2147483647"/>
</pin_list>
<bind>
<opcode="store(28) " fcode="store"/>
<opset="store_ln418/2 "/>
</bind>
</comp>

<comp id="233" class="1005" name="col_reg_233">
<pin_list>
<pin id="234" dir="0" index="0" bw="32" slack="0"/>
<pin id="235" dir="1" index="1" bw="32" slack="0"/>
</pin_list>
<bind>
<opset="col "/>
</bind>
</comp>

<comp id="240" class="1005" name="occupiedCount_reg_240">
<pin_list>
<pin id="241" dir="0" index="0" bw="32" slack="0"/>
<pin id="242" dir="1" index="1" bw="32" slack="0"/>
</pin_list>
<bind>
<opset="occupiedCount "/>
</bind>
</comp>

<comp id="247" class="1005" name="indexAC_reg_247">
<pin_list>
<pin id="248" dir="0" index="0" bw="32" slack="1"/>
<pin id="249" dir="1" index="1" bw="32" slack="1"/>
</pin_list>
<bind>
<opset="indexAC "/>
</bind>
</comp>

<comp id="252" class="1005" name="icmp_ln421_reg_252">
<pin_list>
<pin id="253" dir="0" index="0" bw="1" slack="1"/>
<pin id="254" dir="1" index="1" bw="1" slack="2147483647"/>
</pin_list>
<bind>
<opset="icmp_ln421 "/>
</bind>
</comp>

<comp id="256" class="1005" name="stateArray_data_addr_reg_256">
<pin_list>
<pin id="257" dir="0" index="0" bw="15" slack="1"/>
<pin id="258" dir="1" index="1" bw="15" slack="1"/>
</pin_list>
<bind>
<opset="stateArray_data_addr "/>
</bind>
</comp>

</comp_list>

<net_list>
<net id="63"><net_src comp="12" pin="0"/><net_sink comp="60" pin=0"/></net>

<net id="67"><net_src comp="12" pin="0"/><net_sink comp="64" pin=0"/></net>

<net id="72"><net_src comp="22" pin="0"/><net_sink comp="68" pin=0"/></net>

<net id="73"><net_src comp="6" pin="0"/><net_sink comp="68" pin=1"/></net>

<net id="78"><net_src comp="24" pin="0"/><net_sink comp="74" pin=0"/></net>

<net id="79"><net_src comp="0" pin="0"/><net_sink comp="74" pin=1"/></net>

<net id="85"><net_src comp="58" pin="0"/><net_sink comp="80" pin=0"/></net>

<net id="86"><net_src comp="10" pin="0"/><net_sink comp="80" pin=1"/></net>

<net id="92"><net_src comp="8" pin="0"/><net_sink comp="87" pin=0"/></net>

<net id="93"><net_src comp="28" pin="0"/><net_sink comp="87" pin=1"/></net>

<net id="99"><net_src comp="87" pin="3"/><net_sink comp="94" pin=0"/></net>

<net id="105"><net_src comp="4" pin="0"/><net_sink comp="100" pin=0"/></net>

<net id="106"><net_src comp="28" pin="0"/><net_sink comp="100" pin=1"/></net>

<net id="112"><net_src comp="2" pin="0"/><net_sink comp="107" pin=0"/></net>

<net id="113"><net_src comp="28" pin="0"/><net_sink comp="107" pin=1"/></net>

<net id="119"><net_src comp="100" pin="3"/><net_sink comp="114" pin=0"/></net>

<net id="125"><net_src comp="107" pin="3"/><net_sink comp="120" pin=0"/></net>

<net id="130"><net_src comp="26" pin="0"/><net_sink comp="126" pin=0"/></net>

<net id="135"><net_src comp="26" pin="0"/><net_sink comp="131" pin=0"/></net>

<net id="143"><net_src comp="136" pin="1"/><net_sink comp="139" pin=0"/></net>

<net id="144"><net_src comp="74" pin="2"/><net_sink comp="139" pin=1"/></net>

<net id="149"><net_src comp="136" pin="1"/><net_sink comp="145" pin=0"/></net>

<net id="150"><net_src comp="12" pin="0"/><net_sink comp="145" pin=1"/></net>

<net id="154"><net_src comp="136" pin="1"/><net_sink comp="151" pin=0"/></net>

<net id="159"><net_src comp="151" pin="1"/><net_sink comp="155" pin=0"/></net>

<net id="160"><net_src comp="68" pin="2"/><net_sink comp="155" pin=1"/></net>

<net id="164"><net_src comp="155" pin="2"/><net_sink comp="161" pin=0"/></net>

<net id="165"><net_src comp="161" pin="1"/><net_sink comp="87" pin=2"/></net>

<net id="170"><net_src comp="145" pin="2"/><net_sink comp="166" pin=0"/></net>

<net id="174"><net_src comp="171" pin="1"/><net_sink comp="80" pin=2"/></net>

<net id="178"><net_src comp="171" pin="1"/><net_sink comp="175" pin=0"/></net>

<net id="185"><net_src comp="46" pin="0"/><net_sink comp="179" pin=0"/></net>

<net id="186"><net_src comp="171" pin="1"/><net_sink comp="179" pin=1"/></net>

<net id="187"><net_src comp="12" pin="0"/><net_sink comp="179" pin=2"/></net>

<net id="188"><net_src comp="48" pin="0"/><net_sink comp="179" pin=3"/></net>

<net id="192"><net_src comp="179" pin="4"/><net_sink comp="189" pin=0"/></net>

<net id="193"><net_src comp="189" pin="1"/><net_sink comp="100" pin=2"/></net>

<net id="194"><net_src comp="189" pin="1"/><net_sink comp="107" pin=2"/></net>

<net id="201"><net_src comp="50" pin="0"/><net_sink comp="195" pin=0"/></net>

<net id="202"><net_src comp="171" pin="1"/><net_sink comp="195" pin=1"/></net>

<net id="203"><net_src comp="52" pin="0"/><net_sink comp="195" pin=2"/></net>

<net id="204"><net_src comp="54" pin="0"/><net_sink comp="195" pin=3"/></net>

<net id="209"><net_src comp="195" pin="4"/><net_sink comp="205" pin=0"/></net>

<net id="210"><net_src comp="56" pin="0"/><net_sink comp="205" pin=1"/></net>

<net id="215"><net_src comp="94" pin="3"/><net_sink comp="211" pin=0"/></net>

<net id="216"><net_src comp="205" pin="2"/><net_sink comp="211" pin=1"/></net>

<net id="221"><net_src comp="171" pin="1"/><net_sink comp="217" pin=0"/></net>

<net id="222"><net_src comp="12" pin="0"/><net_sink comp="217" pin=1"/></net>

<net id="226"><net_src comp="223" pin="1"/><net_sink comp="114" pin=1"/></net>

<net id="227"><net_src comp="223" pin="1"/><net_sink comp="120" pin=1"/></net>

<net id="232"><net_src comp="217" pin="2"/><net_sink comp="228" pin=0"/></net>

<net id="236"><net_src comp="60" pin="1"/><net_sink comp="233" pin=0"/></net>

<net id="237"><net_src comp="233" pin="1"/><net_sink comp="131" pin=1"/></net>

<net id="238"><net_src comp="233" pin="1"/><net_sink comp="136" pin=0"/></net>

<net id="239"><net_src comp="233" pin="1"/><net_sink comp="166" pin=1"/></net>

<net id="243"><net_src comp="64" pin="1"/><net_sink comp="240" pin=0"/></net>

<net id="244"><net_src comp="240" pin="1"/><net_sink comp="126" pin=1"/></net>

<net id="245"><net_src comp="240" pin="1"/><net_sink comp="171" pin=0"/></net>

<net id="246"><net_src comp="240" pin="1"/><net_sink comp="228" pin=1"/></net>

<net id="250"><net_src comp="136" pin="1"/><net_sink comp="247" pin=0"/></net>

<net id="251"><net_src comp="247" pin="1"/><net_sink comp="223" pin=0"/></net>

<net id="255"><net_src comp="139" pin="2"/><net_sink comp="252" pin=0"/></net>

<net id="259"><net_src comp="87" pin="3"/><net_sink comp="256" pin=0"/></net>

<net id="260"><net_src comp="256" pin="1"/><net_sink comp="94" pin=0"/></net>

</net_list>

</model> 
---------------- Datapath Model END ------------------

* FSMD analyzer results:
  - Output states:
	Port: occupiedIndices_1 | {2 }
	Port: occupiedIndices | {2 }
	Port: occupiedCount_out | {2 }
 - Input state : 
	Port: clearFirstNRowsOrCols<HLSMoveStream>_Pipeline_VITIS_LOOP_421_2 : arraySizeAC | {1 }
	Port: clearFirstNRowsOrCols<HLSMoveStream>_Pipeline_VITIS_LOOP_421_2 : mul_i | {1 }
	Port: clearFirstNRowsOrCols<HLSMoveStream>_Pipeline_VITIS_LOOP_421_2 : stateArray_data_s | {1 2 }
  - Chain level:
	State 1
		store_ln418 : 1
		store_ln315 : 1
		indexAC : 1
		icmp_ln421 : 2
		add_ln421 : 2
		br_ln421 : 3
		trunc_ln421 : 2
		add_ln316 : 3
		zext_ln316 : 4
		stateArray_data_addr : 5
		occupied : 6
		store_ln315 : 3
	State 2
		trunc_ln421_1 : 1
		lshr_ln : 1
		zext_ln418 : 2
		tmp : 1
		icmp_ln427 : 2
		and_ln427 : 3
		br_ln427 : 3
		occupiedCount_2 : 1
		occupiedIndices_addr : 3
		occupiedIndices_1_addr : 3
		br_ln428 : 2
		store_ln428 : 4
		store_ln428 : 4
		store_ln418 : 2
		write_ln421 : 1


============================================================
+ Verbose Summary: Datapath Resource usage 
============================================================

* Functional unit list:
|----------|-----------------------------|---------|---------|
| Operation|       Functional Unit       |    FF   |   LUT   |
|----------|-----------------------------|---------|---------|
|          |       add_ln421_fu_145      |    0    |    39   |
|    add   |       add_ln316_fu_155      |    0    |    22   |
|          |    occupiedCount_2_fu_217   |    0    |    39   |
|----------|-----------------------------|---------|---------|
|   icmp   |      icmp_ln421_fu_139      |    0    |    39   |
|          |      icmp_ln427_fu_205      |    0    |    31   |
|----------|-----------------------------|---------|---------|
|    and   |       and_ln427_fu_211      |    0    |    2    |
|----------|-----------------------------|---------|---------|
|   read   |    mul_i_read_read_fu_68    |    0    |    0    |
|          | arraySizeAC_read_read_fu_74 |    0    |    0    |
|----------|-----------------------------|---------|---------|
|   write  |   write_ln421_write_fu_80   |    0    |    0    |
|----------|-----------------------------|---------|---------|
|          |      trunc_ln421_fu_151     |    0    |    0    |
|   trunc  |     trunc_ln421_1_fu_175    |    0    |    0    |
|          |      trunc_ln428_fu_223     |    0    |    0    |
|----------|-----------------------------|---------|---------|
|   zext   |      zext_ln316_fu_161      |    0    |    0    |
|          |      zext_ln418_fu_189      |    0    |    0    |
|----------|-----------------------------|---------|---------|
|partselect|        lshr_ln_fu_179       |    0    |    0    |
|          |          tmp_fu_195         |    0    |    0    |
|----------|-----------------------------|---------|---------|
|   Total  |                             |    0    |   172   |
|----------|-----------------------------|---------|---------|

Memories:
N/A

* Register list:
+----------------------------+--------+
|                            |   FF   |
+----------------------------+--------+
|         col_reg_233        |   32   |
|     icmp_ln421_reg_252     |    1   |
|       indexAC_reg_247      |   32   |
|    occupiedCount_reg_240   |   32   |
|stateArray_data_addr_reg_256|   15   |
+----------------------------+--------+
|            Total           |   112  |
+----------------------------+--------+

* Multiplexer (MUX) list: 
|------------------|------|------|------|--------||---------||---------||---------|
|       Comp       |  Pin | Size |  BW  | S x BW ||  Delay  ||    FF   ||   LUT   |
|------------------|------|------|------|--------||---------||---------||---------|
| grp_access_fu_94 |  p0  |   2  |  15  |   30   ||    0    ||    9    |
|------------------|------|------|------|--------||---------||---------||---------|
|       Total      |      |      |      |   30   ||  0.427  ||    0    ||    9    |
|------------------|------|------|------|--------||---------||---------||---------|



* Summary:
+-----------+--------+--------+--------+
|           |  Delay |   FF   |   LUT  |
+-----------+--------+--------+--------+
|  Function |    -   |    0   |   172  |
|   Memory  |    -   |    -   |    -   |
|Multiplexer|    0   |    0   |    9   |
|  Register |    -   |   112  |    -   |
+-----------+--------+--------+--------+
|   Total   |    0   |   112  |   181  |
+-----------+--------+--------+--------+
