

================================================================
== Vitis HLS Report for 'emissions_to_statearray_Pipeline_VITIS_LOOP_348_2'
================================================================
* Date:           Thu Mar 26 11:03:16 2026

* Version:        2024.2 (Build 5238294 on Nov  8 2024)
* Project:        atomflow_controller_2024_2
* Solution:       hls (Vivado IP Flow Target)
* Product family: zynquplusRFSOC
* Target device:  xczu49dr-ffvf1760-2-e


================================================================
== Performance Estimates
================================================================
+ Timing: 
    * Summary: 
    +--------+----------+----------+------------+
    |  Clock |  Target  | Estimated| Uncertainty|
    +--------+----------+----------+------------+
    |ap_clk  |  10.00 ns|  2.506 ns|     2.70 ns|
    +--------+----------+----------+------------+

+ Latency: 
    * Summary: 
    +---------+---------+-----------+----------+-----+-------+------------------------------------------------+
    |  Latency (cycles) |  Latency (absolute)  |   Interval  |                    Pipeline                    |
    |   min   |   max   |    min    |    max   | min |  max  |                      Type                      |
    +---------+---------+-----------+----------+-----+-------+------------------------------------------------+
    |        2|    25002|  20.000 ns|  0.250 ms|    1|  25001|  loop auto-rewind stp (delay=0 clock cycles(s))|
    +---------+---------+-----------+----------+-----+-------+------------------------------------------------+

    + Detail: 
        * Instance: 
        N/A

        * Loop: 
        +--------------------+---------+---------+----------+-----------+-----------+-----------+----------+
        |                    |  Latency (cycles) | Iteration|  Initiation Interval  |    Trip   |          |
        |      Loop Name     |   min   |   max   |  Latency |  achieved |   target  |   Count   | Pipelined|
        +--------------------+---------+---------+----------+-----------+-----------+-----------+----------+
        |- VITIS_LOOP_348_2  |        0|    25000|         1|          1|          1|  0 ~ 25000|       yes|
        +--------------------+---------+---------+----------+-----------+-----------+-----------+----------+

============================================================
+ Verbose Summary: Synthesis Manager
============================================================
InlineROM: 1
ExposeGlobal: 0
============================================================
+ Verbose Summary: CDFG Model
============================================================
IsTopModel: 0
ResetActiveHigh: 1
IsCombinational: 0
IsDatapathOnly: 0
HasWiredReturn: 1
HasMFsm: 2
HasVarLatency: 1
IsPipeline: 0
IsRtlPipelined: 0
IsInstanceOverlapped: 0
IsDontTouch: 0
HasImplIP: 0
IsGatedGlobalClock: 0

+ Individual pipeline summary: 
  * Pipeline-0: initiation interval (II) = 1, depth = 1


============================================================
+ Verbose Summary: Schedule
============================================================
* Number of FSM states : 1
* Pipeline : 1
  Pipeline-0 : II = 1, D = 1, States = { 1 }
* Dataflow Pipeline: 0

* FSM state transitions: 
1 --> 

* FSM state operations: 

State 1 <SV = 0> <Delay = 2.50>
ST_1 : Operation 4 [1/1] (0.00ns)   --->   "%i = alloca i32 1" [/home/xiaorang/Documents/ATOMFLOW/atomflow_controller/src/../../sorting-organized-main/src/sortLatticeByRow.hpp:348->/home/xiaorang/Documents/ATOMFLOW/atomflow_controller/atomflow_controller.cpp:18]   --->   Operation 4 'alloca' 'i' <Predicate = true> <Delay = 0.00>
ST_1 : Operation 5 [1/1] (0.00ns)   --->   "%specmemcore_ln0 = specmemcore void @_ssdm_op_SpecMemCore, i1 %stateArray_data_s, i64 666, i64 22, i64 18446744073709551615"   --->   Operation 5 'specmemcore' 'specmemcore_ln0' <Predicate = true> <Delay = 0.00>
ST_1 : Operation 6 [1/1] (0.00ns)   --->   "%tmp = read i15 @_ssdm_op_Read.ap_auto.i15, i15 %empty"   --->   Operation 6 'read' 'tmp' <Predicate = true> <Delay = 0.00>
ST_1 : Operation 7 [1/1] (0.42ns)   --->   "%store_ln348 = store i15 %tmp, i15 %i" [/home/xiaorang/Documents/ATOMFLOW/atomflow_controller/src/../../sorting-organized-main/src/sortLatticeByRow.hpp:348->/home/xiaorang/Documents/ATOMFLOW/atomflow_controller/atomflow_controller.cpp:18]   --->   Operation 7 'store' 'store_ln348' <Predicate = true> <Delay = 0.42>
ST_1 : Operation 8 [1/1] (0.00ns)   --->   "%br_ln0 = br void %for.inc11.i"   --->   Operation 8 'br' 'br_ln0' <Predicate = true> <Delay = 0.00>
ST_1 : Operation 9 [1/1] (0.00ns)   --->   "%i_132 = load i15 %i" [/home/xiaorang/Documents/ATOMFLOW/atomflow_controller/src/../../sorting-organized-main/src/sortLatticeByRow.hpp:348->/home/xiaorang/Documents/ATOMFLOW/atomflow_controller/atomflow_controller.cpp:18]   --->   Operation 9 'load' 'i_132' <Predicate = true> <Delay = 0.00>
ST_1 : Operation 10 [1/1] (0.84ns)   --->   "%icmp_ln348 = icmp_ult  i15 %i_132, i15 25000" [/home/xiaorang/Documents/ATOMFLOW/atomflow_controller/src/../../sorting-organized-main/src/sortLatticeByRow.hpp:348->/home/xiaorang/Documents/ATOMFLOW/atomflow_controller/atomflow_controller.cpp:18]   --->   Operation 10 'icmp' 'icmp_ln348' <Predicate = true> <Delay = 0.84> <CoreInst = "Cmp">   --->   Core 9 'Cmp' <Latency = 0> <II = 1> <Delay = 0.84> <FuncUnit> <Opcode : 'seteq' 'setne' 'setle' 'setge' 'setlt' 'setgt'> <InPorts = 2> <OutPorts = 1>
ST_1 : Operation 11 [1/1] (0.00ns)   --->   "%br_ln348 = br i1 %icmp_ln348, void %for.body.preheader.exitStub, void %for.inc11.i.split" [/home/xiaorang/Documents/ATOMFLOW/atomflow_controller/src/../../sorting-organized-main/src/sortLatticeByRow.hpp:348->/home/xiaorang/Documents/ATOMFLOW/atomflow_controller/atomflow_controller.cpp:18]   --->   Operation 11 'br' 'br_ln348' <Predicate = true> <Delay = 0.00>
ST_1 : Operation 12 [1/1] (0.00ns)   --->   "%zext_ln348 = zext i15 %i_132" [/home/xiaorang/Documents/ATOMFLOW/atomflow_controller/src/../../sorting-organized-main/src/sortLatticeByRow.hpp:348->/home/xiaorang/Documents/ATOMFLOW/atomflow_controller/atomflow_controller.cpp:18]   --->   Operation 12 'zext' 'zext_ln348' <Predicate = (icmp_ln348)> <Delay = 0.00>
ST_1 : Operation 13 [1/1] (0.00ns)   --->   "%specpipeline_ln348 = specpipeline void @_ssdm_op_SpecPipeline, i32 4294967295, i32 0, i32 0, i32 0, void @empty_18" [/home/xiaorang/Documents/ATOMFLOW/atomflow_controller/src/../../sorting-organized-main/src/sortLatticeByRow.hpp:348->/home/xiaorang/Documents/ATOMFLOW/atomflow_controller/atomflow_controller.cpp:18]   --->   Operation 13 'specpipeline' 'specpipeline_ln348' <Predicate = (icmp_ln348)> <Delay = 0.00>
ST_1 : Operation 14 [1/1] (0.00ns)   --->   "%speclooptripcount_ln350 = speclooptripcount void @_ssdm_op_SpecLoopTripCount, i64 0, i64 25000, i64 12500" [/home/xiaorang/Documents/ATOMFLOW/atomflow_controller/src/../../sorting-organized-main/src/sortLatticeByRow.hpp:350->/home/xiaorang/Documents/ATOMFLOW/atomflow_controller/atomflow_controller.cpp:18]   --->   Operation 14 'speclooptripcount' 'speclooptripcount_ln350' <Predicate = (icmp_ln348)> <Delay = 0.00>
ST_1 : Operation 15 [1/1] (0.00ns)   --->   "%specloopname_ln348 = specloopname void @_ssdm_op_SpecLoopName, void @empty_87" [/home/xiaorang/Documents/ATOMFLOW/atomflow_controller/src/../../sorting-organized-main/src/sortLatticeByRow.hpp:348->/home/xiaorang/Documents/ATOMFLOW/atomflow_controller/atomflow_controller.cpp:18]   --->   Operation 15 'specloopname' 'specloopname_ln348' <Predicate = (icmp_ln348)> <Delay = 0.00>
ST_1 : Operation 16 [1/1] (0.00ns)   --->   "%stateArray_data_addr_1 = getelementptr i1 %stateArray_data_s, i64 0, i64 %zext_ln348" [/home/xiaorang/Documents/ATOMFLOW/atomflow_controller/src/../../sorting-organized-main/src/sortLatticeByRow.hpp:352->/home/xiaorang/Documents/ATOMFLOW/atomflow_controller/atomflow_controller.cpp:18]   --->   Operation 16 'getelementptr' 'stateArray_data_addr_1' <Predicate = (icmp_ln348)> <Delay = 0.00>
ST_1 : Operation 17 [1/1] ( I:1.23ns O:1.23ns )   --->   "%store_ln352 = store i1 0, i15 %stateArray_data_addr_1" [/home/xiaorang/Documents/ATOMFLOW/atomflow_controller/src/../../sorting-organized-main/src/sortLatticeByRow.hpp:352->/home/xiaorang/Documents/ATOMFLOW/atomflow_controller/atomflow_controller.cpp:18]   --->   Operation 17 'store' 'store_ln352' <Predicate = (icmp_ln348)> <Delay = 1.23> <CoreInst = "RAM_2P_BRAM">   --->   Core 93 'RAM_2P_BRAM' <Latency = 1> <II = 1> <Delay = 1.23> <Storage> <Opcode : 'load' 'store'> <Ports = 2> <Width = 1> <Depth = 25000> <RAM>
ST_1 : Operation 18 [1/1] (0.84ns)   --->   "%i_133 = add i15 %i_132, i15 1" [/home/xiaorang/Documents/ATOMFLOW/atomflow_controller/src/../../sorting-organized-main/src/sortLatticeByRow.hpp:348->/home/xiaorang/Documents/ATOMFLOW/atomflow_controller/atomflow_controller.cpp:18]   --->   Operation 18 'add' 'i_133' <Predicate = (icmp_ln348)> <Delay = 0.84> <CoreInst = "Adder">   --->   Core 1 'Adder' <Latency = 0> <II = 1> <Delay = 0.84> <FuncUnit> <Opcode : 'add' 'sub'> <InPorts = 2> <OutPorts = 1>
ST_1 : Operation 19 [1/1] (0.42ns)   --->   "%store_ln348 = store i15 %i_133, i15 %i" [/home/xiaorang/Documents/ATOMFLOW/atomflow_controller/src/../../sorting-organized-main/src/sortLatticeByRow.hpp:348->/home/xiaorang/Documents/ATOMFLOW/atomflow_controller/atomflow_controller.cpp:18]   --->   Operation 19 'store' 'store_ln348' <Predicate = (icmp_ln348)> <Delay = 0.42>
ST_1 : Operation 20 [1/1] (0.00ns)   --->   "%br_ln348 = br void %for.inc11.i" [/home/xiaorang/Documents/ATOMFLOW/atomflow_controller/src/../../sorting-organized-main/src/sortLatticeByRow.hpp:348->/home/xiaorang/Documents/ATOMFLOW/atomflow_controller/atomflow_controller.cpp:18]   --->   Operation 20 'br' 'br_ln348' <Predicate = (icmp_ln348)> <Delay = 0.00>
ST_1 : Operation 21 [1/1] (0.42ns)   --->   "%ret_ln0 = ret"   --->   Operation 21 'ret' 'ret_ln0' <Predicate = (!icmp_ln348)> <Delay = 0.42>


============================================================
+ Verbose Summary: Timing violations
============================================================
Target clock period: 10.000ns, clock uncertainty: 2.700ns.

 <State 1>: 2.506ns
The critical path consists of the following:
	'store' operation 0 bit ('store_ln348', /home/xiaorang/Documents/ATOMFLOW/atomflow_controller/src/../../sorting-organized-main/src/sortLatticeByRow.hpp:348->/home/xiaorang/Documents/ATOMFLOW/atomflow_controller/atomflow_controller.cpp:18) of variable 'tmp' on local variable 'i', /home/xiaorang/Documents/ATOMFLOW/atomflow_controller/src/../../sorting-organized-main/src/sortLatticeByRow.hpp:348->/home/xiaorang/Documents/ATOMFLOW/atomflow_controller/atomflow_controller.cpp:18 [6]  (0.427 ns)
	'load' operation 15 bit ('i', /home/xiaorang/Documents/ATOMFLOW/atomflow_controller/src/../../sorting-organized-main/src/sortLatticeByRow.hpp:348->/home/xiaorang/Documents/ATOMFLOW/atomflow_controller/atomflow_controller.cpp:18) on local variable 'i', /home/xiaorang/Documents/ATOMFLOW/atomflow_controller/src/../../sorting-organized-main/src/sortLatticeByRow.hpp:348->/home/xiaorang/Documents/ATOMFLOW/atomflow_controller/atomflow_controller.cpp:18 [9]  (0.000 ns)
	'icmp' operation 1 bit ('icmp_ln348', /home/xiaorang/Documents/ATOMFLOW/atomflow_controller/src/../../sorting-organized-main/src/sortLatticeByRow.hpp:348->/home/xiaorang/Documents/ATOMFLOW/atomflow_controller/atomflow_controller.cpp:18) [10]  (0.842 ns)
	'store' operation 0 bit ('store_ln352', /home/xiaorang/Documents/ATOMFLOW/atomflow_controller/src/../../sorting-organized-main/src/sortLatticeByRow.hpp:352->/home/xiaorang/Documents/ATOMFLOW/atomflow_controller/atomflow_controller.cpp:18) of constant 0 on array 'stateArray_data_s' [18]  (1.237 ns)


============================================================
+ Verbose Summary: Binding
============================================================
N/A
* FSMD analyzer results:
  - Output states:
 - Input state : 
  - Chain level:
	State 1


============================================================
+ Verbose Summary: Datapath Resource usage 
============================================================
N/A
