

================================================================
== Vitis HLS Report for 'emissions_to_statearray_Pipeline_VITIS_LOOP_20_1'
================================================================
* Date:           Thu Mar 26 11:03:16 2026

* Version:        2024.2 (Build 5238294 on Nov  8 2024)
* Project:        atomflow_controller_2024_2
* Solution:       hls (Vivado IP Flow Target)
* Product family: zynquplusRFSOC
* Target device:  xczu49dr-ffvf1760-2-e


================================================================
== Performance Estimates
================================================================
+ Timing: 
    * Summary: 
    +--------+----------+----------+------------+
    |  Clock |  Target  | Estimated| Uncertainty|
    +--------+----------+----------+------------+
    |ap_clk  |  10.00 ns|  4.740 ns|     2.70 ns|
    +--------+----------+----------+------------+

+ Latency: 
    * Summary: 
    +---------+---------+----------+-----------+-----+------+------------------------------------------------+
    |  Latency (cycles) |  Latency (absolute)  |  Interval  |                    Pipeline                    |
    |   min   |   max   |    min   |    max    | min |  max |                      Type                      |
    +---------+---------+----------+-----------+-----+------+------------------------------------------------+
    |       40|     2039|  0.400 us|  20.390 us|    2|  2001|  loop auto-rewind stp (delay=0 clock cycles(s))|
    +---------+---------+----------+-----------+-----+------+------------------------------------------------+

    + Detail: 
        * Instance: 
        N/A

        * Loop: 
        +-------------------+---------+---------+----------+-----------+-----------+----------+----------+
        |                   |  Latency (cycles) | Iteration|  Initiation Interval  |   Trip   |          |
        |     Loop Name     |   min   |   max   |  Latency |  achieved |   target  |   Count  | Pipelined|
        +-------------------+---------+---------+----------+-----------+-----------+----------+----------+
        |- VITIS_LOOP_20_1  |       38|     2037|        39|          1|          1|  1 ~ 2000|       yes|
        +-------------------+---------+---------+----------+-----------+-----------+----------+----------+

============================================================
+ Verbose Summary: Synthesis Manager
============================================================
InlineROM: 1
ExposeGlobal: 0
============================================================
+ Verbose Summary: CDFG Model
============================================================
IsTopModel: 0
ResetActiveHigh: 1
IsCombinational: 0
IsDatapathOnly: 0
HasWiredReturn: 1
HasMFsm: 2
HasVarLatency: 1
IsPipeline: 0
IsRtlPipelined: 0
IsInstanceOverlapped: 0
IsDontTouch: 0
HasImplIP: 0
IsGatedGlobalClock: 0

+ Individual pipeline summary: 
  * Pipeline-0: initiation interval (II) = 1, depth = 39


============================================================
+ Verbose Summary: Schedule
============================================================
* Number of FSM states : 39
* Pipeline : 1
  Pipeline-0 : II = 1, D = 39, States = { 1 2 3 4 5 6 7 8 9 10 11 12 13 14 15 16 17 18 19 20 21 22 23 24 25 26 27 28 29 30 31 32 33 34 35 36 37 38 39 }
* Dataflow Pipeline: 0

* FSM state transitions: 
1 --> 2 
2 --> 3 
3 --> 4 
4 --> 5 
5 --> 6 
6 --> 7 
7 --> 8 
8 --> 9 
9 --> 10 
10 --> 11 
11 --> 12 
12 --> 13 
13 --> 14 
14 --> 15 
15 --> 16 
16 --> 17 
17 --> 18 
18 --> 19 
19 --> 20 
20 --> 21 
21 --> 22 
22 --> 23 
23 --> 24 
24 --> 25 
25 --> 26 
26 --> 27 
27 --> 28 
28 --> 29 
29 --> 30 
30 --> 31 
31 --> 32 
32 --> 33 
33 --> 34 
34 --> 35 
35 --> 36 
36 --> 37 
37 --> 38 
38 --> 39 
39 --> 

* FSM state operations: 

State 1 <SV = 0> <Delay = 1.88>
ST_1 : Operation 42 [1/1] (0.00ns)   --->   "%i = alloca i32 1" [/home/xiaorang/Documents/ATOMFLOW/atomflow_controller/atomflow_controller.cpp:20]   --->   Operation 42 'alloca' 'i' <Predicate = true> <Delay = 0.00>
ST_1 : Operation 43 [1/1] (0.00ns)   --->   "%tmp_559 = read i15 @_ssdm_op_Read.ap_auto.i15, i15 %empty"   --->   Operation 43 'read' 'tmp_559' <Predicate = true> <Delay = 0.00>
ST_1 : Operation 44 [1/1] (0.00ns)   --->   "%threshold_read = read i32 @_ssdm_op_Read.ap_auto.float, i32 %threshold"   --->   Operation 44 'read' 'threshold_read' <Predicate = true> <Delay = 0.00>
ST_1 : Operation 45 [1/1] (0.00ns)   --->   "%tmp_560 = read i23 @_ssdm_op_Read.ap_auto.i23, i23 %empty_152"   --->   Operation 45 'read' 'tmp_560' <Predicate = true> <Delay = 0.00>
ST_1 : Operation 46 [1/1] (0.00ns)   --->   "%bitcast_ln25_1_read = read i31 @_ssdm_op_Read.ap_auto.i31, i31 %bitcast_ln25_1"   --->   Operation 46 'read' 'bitcast_ln25_1_read' <Predicate = true> <Delay = 0.00>
ST_1 : Operation 47 [1/1] (0.00ns)   --->   "%stateArray_rows_write_read = read i32 @_ssdm_op_Read.ap_auto.i32, i32 %stateArray_rows_write"   --->   Operation 47 'read' 'stateArray_rows_write_read' <Predicate = true> <Delay = 0.00>
ST_1 : Operation 48 [1/1] (0.00ns)   --->   "%stateArray_cols_write_read = read i32 @_ssdm_op_Read.ap_auto.i32, i32 %stateArray_cols_write"   --->   Operation 48 'read' 'stateArray_cols_write_read' <Predicate = true> <Delay = 0.00>
ST_1 : Operation 49 [1/1] (0.00ns)   --->   "%atomLocationsSize_read = read i32 @_ssdm_op_Read.ap_auto.i32, i32 %atomLocationsSize"   --->   Operation 49 'read' 'atomLocationsSize_read' <Predicate = true> <Delay = 0.00>
ST_1 : Operation 50 [1/1] (0.00ns)   --->   "%specmemcore_ln0 = specmemcore void @_ssdm_op_SpecMemCore, i1 %stateArray_data_s, i64 666, i64 22, i64 18446744073709551615"   --->   Operation 50 'specmemcore' 'specmemcore_ln0' <Predicate = true> <Delay = 0.00>
ST_1 : Operation 51 [1/1] (0.42ns)   --->   "%store_ln20 = store i31 0, i31 %i" [/home/xiaorang/Documents/ATOMFLOW/atomflow_controller/atomflow_controller.cpp:20]   --->   Operation 51 'store' 'store_ln20' <Predicate = true> <Delay = 0.42>
ST_1 : Operation 52 [1/1] (0.00ns)   --->   "%br_ln0 = br void %for.body"   --->   Operation 52 'br' 'br_ln0' <Predicate = true> <Delay = 0.00>
ST_1 : Operation 53 [1/1] (0.00ns)   --->   "%i_136 = load i31 %i" [/home/xiaorang/Documents/ATOMFLOW/atomflow_controller/atomflow_controller.cpp:20]   --->   Operation 53 'load' 'i_136' <Predicate = true> <Delay = 0.00>
ST_1 : Operation 54 [1/1] (0.00ns)   --->   "%zext_ln20 = zext i31 %i_136" [/home/xiaorang/Documents/ATOMFLOW/atomflow_controller/atomflow_controller.cpp:20]   --->   Operation 54 'zext' 'zext_ln20' <Predicate = true> <Delay = 0.00>
ST_1 : Operation 55 [1/1] (1.01ns)   --->   "%icmp_ln20 = icmp_slt  i32 %zext_ln20, i32 %atomLocationsSize_read" [/home/xiaorang/Documents/ATOMFLOW/atomflow_controller/atomflow_controller.cpp:20]   --->   Operation 55 'icmp' 'icmp_ln20' <Predicate = true> <Delay = 1.01> <CoreInst = "Cmp">   --->   Core 9 'Cmp' <Latency = 0> <II = 1> <Delay = 1.01> <FuncUnit> <Opcode : 'seteq' 'setne' 'setle' 'setge' 'setlt' 'setgt'> <InPorts = 2> <OutPorts = 1>
ST_1 : Operation 56 [1/1] (1.00ns)   --->   "%add_ln20 = add i31 %i_136, i31 1" [/home/xiaorang/Documents/ATOMFLOW/atomflow_controller/atomflow_controller.cpp:20]   --->   Operation 56 'add' 'add_ln20' <Predicate = true> <Delay = 1.00> <CoreInst = "Adder">   --->   Core 1 'Adder' <Latency = 0> <II = 1> <Delay = 1.00> <FuncUnit> <Opcode : 'add' 'sub'> <InPorts = 2> <OutPorts = 1>
ST_1 : Operation 57 [1/1] (0.00ns)   --->   "%br_ln20 = br i1 %icmp_ln20, void %for.end.loopexit.exitStub, void %for.body.split" [/home/xiaorang/Documents/ATOMFLOW/atomflow_controller/atomflow_controller.cpp:20]   --->   Operation 57 'br' 'br_ln20' <Predicate = true> <Delay = 0.00>
ST_1 : Operation 58 [1/1] (0.00ns)   --->   "%trunc_ln20 = trunc i31 %i_136" [/home/xiaorang/Documents/ATOMFLOW/atomflow_controller/atomflow_controller.cpp:20]   --->   Operation 58 'trunc' 'trunc_ln20' <Predicate = (icmp_ln20)> <Delay = 0.00>
ST_1 : Operation 59 [1/1] (0.00ns)   --->   "%lshr_ln = partselect i8 @_ssdm_op_PartSelect.i8.i31.i32.i32, i31 %i_136, i32 3, i32 10" [/home/xiaorang/Documents/ATOMFLOW/atomflow_controller/atomflow_controller.cpp:20]   --->   Operation 59 'partselect' 'lshr_ln' <Predicate = (icmp_ln20)> <Delay = 0.00>
ST_1 : Operation 60 [36/36] (1.45ns)   --->   "%row = sdiv i32 %zext_ln20, i32 %stateArray_cols_write_read" [/home/xiaorang/Documents/ATOMFLOW/atomflow_controller/atomflow_controller.cpp:22]   --->   Operation 60 'sdiv' 'row' <Predicate = (icmp_ln20)> <Delay = 1.45> <CoreInst = "Divider">   --->   Core 6 'Divider' <Latency = 35> <II = 1> <Delay = 1.45> <FuncUnit> <Opcode : 'udiv' 'sdiv' 'urem' 'srem'> <InPorts = 2> <OutPorts = 1>
ST_1 : Operation 61 [36/36] (1.45ns)   --->   "%col = srem i32 %zext_ln20, i32 %stateArray_cols_write_read" [/home/xiaorang/Documents/ATOMFLOW/atomflow_controller/atomflow_controller.cpp:23]   --->   Operation 61 'srem' 'col' <Predicate = (icmp_ln20)> <Delay = 1.45> <CoreInst = "Divider">   --->   Core 6 'Divider' <Latency = 35> <II = 1> <Delay = 1.45> <FuncUnit> <Opcode : 'udiv' 'sdiv' 'urem' 'srem'> <InPorts = 2> <OutPorts = 1>
ST_1 : Operation 62 [1/1] (0.42ns)   --->   "%store_ln20 = store i31 %add_ln20, i31 %i" [/home/xiaorang/Documents/ATOMFLOW/atomflow_controller/atomflow_controller.cpp:20]   --->   Operation 62 'store' 'store_ln20' <Predicate = (icmp_ln20)> <Delay = 0.42>
ST_1 : Operation 63 [1/1] (0.00ns)   --->   "%br_ln20 = br void %for.body" [/home/xiaorang/Documents/ATOMFLOW/atomflow_controller/atomflow_controller.cpp:20]   --->   Operation 63 'br' 'br_ln20' <Predicate = (icmp_ln20)> <Delay = 0.00>

State 2 <SV = 1> <Delay = 1.45>
ST_2 : Operation 64 [35/36] (1.45ns)   --->   "%row = sdiv i32 %zext_ln20, i32 %stateArray_cols_write_read" [/home/xiaorang/Documents/ATOMFLOW/atomflow_controller/atomflow_controller.cpp:22]   --->   Operation 64 'sdiv' 'row' <Predicate = true> <Delay = 1.45> <CoreInst = "Divider">   --->   Core 6 'Divider' <Latency = 35> <II = 1> <Delay = 1.45> <FuncUnit> <Opcode : 'udiv' 'sdiv' 'urem' 'srem'> <InPorts = 2> <OutPorts = 1>
ST_2 : Operation 65 [35/36] (1.45ns)   --->   "%col = srem i32 %zext_ln20, i32 %stateArray_cols_write_read" [/home/xiaorang/Documents/ATOMFLOW/atomflow_controller/atomflow_controller.cpp:23]   --->   Operation 65 'srem' 'col' <Predicate = true> <Delay = 1.45> <CoreInst = "Divider">   --->   Core 6 'Divider' <Latency = 35> <II = 1> <Delay = 1.45> <FuncUnit> <Opcode : 'udiv' 'sdiv' 'urem' 'srem'> <InPorts = 2> <OutPorts = 1>

State 3 <SV = 2> <Delay = 1.45>
ST_3 : Operation 66 [34/36] (1.45ns)   --->   "%row = sdiv i32 %zext_ln20, i32 %stateArray_cols_write_read" [/home/xiaorang/Documents/ATOMFLOW/atomflow_controller/atomflow_controller.cpp:22]   --->   Operation 66 'sdiv' 'row' <Predicate = true> <Delay = 1.45> <CoreInst = "Divider">   --->   Core 6 'Divider' <Latency = 35> <II = 1> <Delay = 1.45> <FuncUnit> <Opcode : 'udiv' 'sdiv' 'urem' 'srem'> <InPorts = 2> <OutPorts = 1>
ST_3 : Operation 67 [34/36] (1.45ns)   --->   "%col = srem i32 %zext_ln20, i32 %stateArray_cols_write_read" [/home/xiaorang/Documents/ATOMFLOW/atomflow_controller/atomflow_controller.cpp:23]   --->   Operation 67 'srem' 'col' <Predicate = true> <Delay = 1.45> <CoreInst = "Divider">   --->   Core 6 'Divider' <Latency = 35> <II = 1> <Delay = 1.45> <FuncUnit> <Opcode : 'udiv' 'sdiv' 'urem' 'srem'> <InPorts = 2> <OutPorts = 1>

State 4 <SV = 3> <Delay = 1.45>
ST_4 : Operation 68 [33/36] (1.45ns)   --->   "%row = sdiv i32 %zext_ln20, i32 %stateArray_cols_write_read" [/home/xiaorang/Documents/ATOMFLOW/atomflow_controller/atomflow_controller.cpp:22]   --->   Operation 68 'sdiv' 'row' <Predicate = true> <Delay = 1.45> <CoreInst = "Divider">   --->   Core 6 'Divider' <Latency = 35> <II = 1> <Delay = 1.45> <FuncUnit> <Opcode : 'udiv' 'sdiv' 'urem' 'srem'> <InPorts = 2> <OutPorts = 1>
ST_4 : Operation 69 [33/36] (1.45ns)   --->   "%col = srem i32 %zext_ln20, i32 %stateArray_cols_write_read" [/home/xiaorang/Documents/ATOMFLOW/atomflow_controller/atomflow_controller.cpp:23]   --->   Operation 69 'srem' 'col' <Predicate = true> <Delay = 1.45> <CoreInst = "Divider">   --->   Core 6 'Divider' <Latency = 35> <II = 1> <Delay = 1.45> <FuncUnit> <Opcode : 'udiv' 'sdiv' 'urem' 'srem'> <InPorts = 2> <OutPorts = 1>

State 5 <SV = 4> <Delay = 1.45>
ST_5 : Operation 70 [32/36] (1.45ns)   --->   "%row = sdiv i32 %zext_ln20, i32 %stateArray_cols_write_read" [/home/xiaorang/Documents/ATOMFLOW/atomflow_controller/atomflow_controller.cpp:22]   --->   Operation 70 'sdiv' 'row' <Predicate = true> <Delay = 1.45> <CoreInst = "Divider">   --->   Core 6 'Divider' <Latency = 35> <II = 1> <Delay = 1.45> <FuncUnit> <Opcode : 'udiv' 'sdiv' 'urem' 'srem'> <InPorts = 2> <OutPorts = 1>
ST_5 : Operation 71 [32/36] (1.45ns)   --->   "%col = srem i32 %zext_ln20, i32 %stateArray_cols_write_read" [/home/xiaorang/Documents/ATOMFLOW/atomflow_controller/atomflow_controller.cpp:23]   --->   Operation 71 'srem' 'col' <Predicate = true> <Delay = 1.45> <CoreInst = "Divider">   --->   Core 6 'Divider' <Latency = 35> <II = 1> <Delay = 1.45> <FuncUnit> <Opcode : 'udiv' 'sdiv' 'urem' 'srem'> <InPorts = 2> <OutPorts = 1>

State 6 <SV = 5> <Delay = 1.45>
ST_6 : Operation 72 [31/36] (1.45ns)   --->   "%row = sdiv i32 %zext_ln20, i32 %stateArray_cols_write_read" [/home/xiaorang/Documents/ATOMFLOW/atomflow_controller/atomflow_controller.cpp:22]   --->   Operation 72 'sdiv' 'row' <Predicate = true> <Delay = 1.45> <CoreInst = "Divider">   --->   Core 6 'Divider' <Latency = 35> <II = 1> <Delay = 1.45> <FuncUnit> <Opcode : 'udiv' 'sdiv' 'urem' 'srem'> <InPorts = 2> <OutPorts = 1>
ST_6 : Operation 73 [31/36] (1.45ns)   --->   "%col = srem i32 %zext_ln20, i32 %stateArray_cols_write_read" [/home/xiaorang/Documents/ATOMFLOW/atomflow_controller/atomflow_controller.cpp:23]   --->   Operation 73 'srem' 'col' <Predicate = true> <Delay = 1.45> <CoreInst = "Divider">   --->   Core 6 'Divider' <Latency = 35> <II = 1> <Delay = 1.45> <FuncUnit> <Opcode : 'udiv' 'sdiv' 'urem' 'srem'> <InPorts = 2> <OutPorts = 1>

State 7 <SV = 6> <Delay = 1.45>
ST_7 : Operation 74 [30/36] (1.45ns)   --->   "%row = sdiv i32 %zext_ln20, i32 %stateArray_cols_write_read" [/home/xiaorang/Documents/ATOMFLOW/atomflow_controller/atomflow_controller.cpp:22]   --->   Operation 74 'sdiv' 'row' <Predicate = true> <Delay = 1.45> <CoreInst = "Divider">   --->   Core 6 'Divider' <Latency = 35> <II = 1> <Delay = 1.45> <FuncUnit> <Opcode : 'udiv' 'sdiv' 'urem' 'srem'> <InPorts = 2> <OutPorts = 1>
ST_7 : Operation 75 [30/36] (1.45ns)   --->   "%col = srem i32 %zext_ln20, i32 %stateArray_cols_write_read" [/home/xiaorang/Documents/ATOMFLOW/atomflow_controller/atomflow_controller.cpp:23]   --->   Operation 75 'srem' 'col' <Predicate = true> <Delay = 1.45> <CoreInst = "Divider">   --->   Core 6 'Divider' <Latency = 35> <II = 1> <Delay = 1.45> <FuncUnit> <Opcode : 'udiv' 'sdiv' 'urem' 'srem'> <InPorts = 2> <OutPorts = 1>

State 8 <SV = 7> <Delay = 1.45>
ST_8 : Operation 76 [29/36] (1.45ns)   --->   "%row = sdiv i32 %zext_ln20, i32 %stateArray_cols_write_read" [/home/xiaorang/Documents/ATOMFLOW/atomflow_controller/atomflow_controller.cpp:22]   --->   Operation 76 'sdiv' 'row' <Predicate = true> <Delay = 1.45> <CoreInst = "Divider">   --->   Core 6 'Divider' <Latency = 35> <II = 1> <Delay = 1.45> <FuncUnit> <Opcode : 'udiv' 'sdiv' 'urem' 'srem'> <InPorts = 2> <OutPorts = 1>
ST_8 : Operation 77 [29/36] (1.45ns)   --->   "%col = srem i32 %zext_ln20, i32 %stateArray_cols_write_read" [/home/xiaorang/Documents/ATOMFLOW/atomflow_controller/atomflow_controller.cpp:23]   --->   Operation 77 'srem' 'col' <Predicate = true> <Delay = 1.45> <CoreInst = "Divider">   --->   Core 6 'Divider' <Latency = 35> <II = 1> <Delay = 1.45> <FuncUnit> <Opcode : 'udiv' 'sdiv' 'urem' 'srem'> <InPorts = 2> <OutPorts = 1>

State 9 <SV = 8> <Delay = 1.45>
ST_9 : Operation 78 [28/36] (1.45ns)   --->   "%row = sdiv i32 %zext_ln20, i32 %stateArray_cols_write_read" [/home/xiaorang/Documents/ATOMFLOW/atomflow_controller/atomflow_controller.cpp:22]   --->   Operation 78 'sdiv' 'row' <Predicate = true> <Delay = 1.45> <CoreInst = "Divider">   --->   Core 6 'Divider' <Latency = 35> <II = 1> <Delay = 1.45> <FuncUnit> <Opcode : 'udiv' 'sdiv' 'urem' 'srem'> <InPorts = 2> <OutPorts = 1>
ST_9 : Operation 79 [28/36] (1.45ns)   --->   "%col = srem i32 %zext_ln20, i32 %stateArray_cols_write_read" [/home/xiaorang/Documents/ATOMFLOW/atomflow_controller/atomflow_controller.cpp:23]   --->   Operation 79 'srem' 'col' <Predicate = true> <Delay = 1.45> <CoreInst = "Divider">   --->   Core 6 'Divider' <Latency = 35> <II = 1> <Delay = 1.45> <FuncUnit> <Opcode : 'udiv' 'sdiv' 'urem' 'srem'> <InPorts = 2> <OutPorts = 1>

State 10 <SV = 9> <Delay = 1.45>
ST_10 : Operation 80 [27/36] (1.45ns)   --->   "%row = sdiv i32 %zext_ln20, i32 %stateArray_cols_write_read" [/home/xiaorang/Documents/ATOMFLOW/atomflow_controller/atomflow_controller.cpp:22]   --->   Operation 80 'sdiv' 'row' <Predicate = true> <Delay = 1.45> <CoreInst = "Divider">   --->   Core 6 'Divider' <Latency = 35> <II = 1> <Delay = 1.45> <FuncUnit> <Opcode : 'udiv' 'sdiv' 'urem' 'srem'> <InPorts = 2> <OutPorts = 1>
ST_10 : Operation 81 [27/36] (1.45ns)   --->   "%col = srem i32 %zext_ln20, i32 %stateArray_cols_write_read" [/home/xiaorang/Documents/ATOMFLOW/atomflow_controller/atomflow_controller.cpp:23]   --->   Operation 81 'srem' 'col' <Predicate = true> <Delay = 1.45> <CoreInst = "Divider">   --->   Core 6 'Divider' <Latency = 35> <II = 1> <Delay = 1.45> <FuncUnit> <Opcode : 'udiv' 'sdiv' 'urem' 'srem'> <InPorts = 2> <OutPorts = 1>

State 11 <SV = 10> <Delay = 1.45>
ST_11 : Operation 82 [26/36] (1.45ns)   --->   "%row = sdiv i32 %zext_ln20, i32 %stateArray_cols_write_read" [/home/xiaorang/Documents/ATOMFLOW/atomflow_controller/atomflow_controller.cpp:22]   --->   Operation 82 'sdiv' 'row' <Predicate = true> <Delay = 1.45> <CoreInst = "Divider">   --->   Core 6 'Divider' <Latency = 35> <II = 1> <Delay = 1.45> <FuncUnit> <Opcode : 'udiv' 'sdiv' 'urem' 'srem'> <InPorts = 2> <OutPorts = 1>
ST_11 : Operation 83 [26/36] (1.45ns)   --->   "%col = srem i32 %zext_ln20, i32 %stateArray_cols_write_read" [/home/xiaorang/Documents/ATOMFLOW/atomflow_controller/atomflow_controller.cpp:23]   --->   Operation 83 'srem' 'col' <Predicate = true> <Delay = 1.45> <CoreInst = "Divider">   --->   Core 6 'Divider' <Latency = 35> <II = 1> <Delay = 1.45> <FuncUnit> <Opcode : 'udiv' 'sdiv' 'urem' 'srem'> <InPorts = 2> <OutPorts = 1>

State 12 <SV = 11> <Delay = 1.45>
ST_12 : Operation 84 [25/36] (1.45ns)   --->   "%row = sdiv i32 %zext_ln20, i32 %stateArray_cols_write_read" [/home/xiaorang/Documents/ATOMFLOW/atomflow_controller/atomflow_controller.cpp:22]   --->   Operation 84 'sdiv' 'row' <Predicate = true> <Delay = 1.45> <CoreInst = "Divider">   --->   Core 6 'Divider' <Latency = 35> <II = 1> <Delay = 1.45> <FuncUnit> <Opcode : 'udiv' 'sdiv' 'urem' 'srem'> <InPorts = 2> <OutPorts = 1>
ST_12 : Operation 85 [25/36] (1.45ns)   --->   "%col = srem i32 %zext_ln20, i32 %stateArray_cols_write_read" [/home/xiaorang/Documents/ATOMFLOW/atomflow_controller/atomflow_controller.cpp:23]   --->   Operation 85 'srem' 'col' <Predicate = true> <Delay = 1.45> <CoreInst = "Divider">   --->   Core 6 'Divider' <Latency = 35> <II = 1> <Delay = 1.45> <FuncUnit> <Opcode : 'udiv' 'sdiv' 'urem' 'srem'> <InPorts = 2> <OutPorts = 1>

State 13 <SV = 12> <Delay = 1.45>
ST_13 : Operation 86 [24/36] (1.45ns)   --->   "%row = sdiv i32 %zext_ln20, i32 %stateArray_cols_write_read" [/home/xiaorang/Documents/ATOMFLOW/atomflow_controller/atomflow_controller.cpp:22]   --->   Operation 86 'sdiv' 'row' <Predicate = true> <Delay = 1.45> <CoreInst = "Divider">   --->   Core 6 'Divider' <Latency = 35> <II = 1> <Delay = 1.45> <FuncUnit> <Opcode : 'udiv' 'sdiv' 'urem' 'srem'> <InPorts = 2> <OutPorts = 1>
ST_13 : Operation 87 [24/36] (1.45ns)   --->   "%col = srem i32 %zext_ln20, i32 %stateArray_cols_write_read" [/home/xiaorang/Documents/ATOMFLOW/atomflow_controller/atomflow_controller.cpp:23]   --->   Operation 87 'srem' 'col' <Predicate = true> <Delay = 1.45> <CoreInst = "Divider">   --->   Core 6 'Divider' <Latency = 35> <II = 1> <Delay = 1.45> <FuncUnit> <Opcode : 'udiv' 'sdiv' 'urem' 'srem'> <InPorts = 2> <OutPorts = 1>

State 14 <SV = 13> <Delay = 1.45>
ST_14 : Operation 88 [23/36] (1.45ns)   --->   "%row = sdiv i32 %zext_ln20, i32 %stateArray_cols_write_read" [/home/xiaorang/Documents/ATOMFLOW/atomflow_controller/atomflow_controller.cpp:22]   --->   Operation 88 'sdiv' 'row' <Predicate = true> <Delay = 1.45> <CoreInst = "Divider">   --->   Core 6 'Divider' <Latency = 35> <II = 1> <Delay = 1.45> <FuncUnit> <Opcode : 'udiv' 'sdiv' 'urem' 'srem'> <InPorts = 2> <OutPorts = 1>
ST_14 : Operation 89 [23/36] (1.45ns)   --->   "%col = srem i32 %zext_ln20, i32 %stateArray_cols_write_read" [/home/xiaorang/Documents/ATOMFLOW/atomflow_controller/atomflow_controller.cpp:23]   --->   Operation 89 'srem' 'col' <Predicate = true> <Delay = 1.45> <CoreInst = "Divider">   --->   Core 6 'Divider' <Latency = 35> <II = 1> <Delay = 1.45> <FuncUnit> <Opcode : 'udiv' 'sdiv' 'urem' 'srem'> <InPorts = 2> <OutPorts = 1>

State 15 <SV = 14> <Delay = 1.45>
ST_15 : Operation 90 [22/36] (1.45ns)   --->   "%row = sdiv i32 %zext_ln20, i32 %stateArray_cols_write_read" [/home/xiaorang/Documents/ATOMFLOW/atomflow_controller/atomflow_controller.cpp:22]   --->   Operation 90 'sdiv' 'row' <Predicate = true> <Delay = 1.45> <CoreInst = "Divider">   --->   Core 6 'Divider' <Latency = 35> <II = 1> <Delay = 1.45> <FuncUnit> <Opcode : 'udiv' 'sdiv' 'urem' 'srem'> <InPorts = 2> <OutPorts = 1>
ST_15 : Operation 91 [22/36] (1.45ns)   --->   "%col = srem i32 %zext_ln20, i32 %stateArray_cols_write_read" [/home/xiaorang/Documents/ATOMFLOW/atomflow_controller/atomflow_controller.cpp:23]   --->   Operation 91 'srem' 'col' <Predicate = true> <Delay = 1.45> <CoreInst = "Divider">   --->   Core 6 'Divider' <Latency = 35> <II = 1> <Delay = 1.45> <FuncUnit> <Opcode : 'udiv' 'sdiv' 'urem' 'srem'> <InPorts = 2> <OutPorts = 1>

State 16 <SV = 15> <Delay = 1.45>
ST_16 : Operation 92 [21/36] (1.45ns)   --->   "%row = sdiv i32 %zext_ln20, i32 %stateArray_cols_write_read" [/home/xiaorang/Documents/ATOMFLOW/atomflow_controller/atomflow_controller.cpp:22]   --->   Operation 92 'sdiv' 'row' <Predicate = true> <Delay = 1.45> <CoreInst = "Divider">   --->   Core 6 'Divider' <Latency = 35> <II = 1> <Delay = 1.45> <FuncUnit> <Opcode : 'udiv' 'sdiv' 'urem' 'srem'> <InPorts = 2> <OutPorts = 1>
ST_16 : Operation 93 [21/36] (1.45ns)   --->   "%col = srem i32 %zext_ln20, i32 %stateArray_cols_write_read" [/home/xiaorang/Documents/ATOMFLOW/atomflow_controller/atomflow_controller.cpp:23]   --->   Operation 93 'srem' 'col' <Predicate = true> <Delay = 1.45> <CoreInst = "Divider">   --->   Core 6 'Divider' <Latency = 35> <II = 1> <Delay = 1.45> <FuncUnit> <Opcode : 'udiv' 'sdiv' 'urem' 'srem'> <InPorts = 2> <OutPorts = 1>

State 17 <SV = 16> <Delay = 1.45>
ST_17 : Operation 94 [20/36] (1.45ns)   --->   "%row = sdiv i32 %zext_ln20, i32 %stateArray_cols_write_read" [/home/xiaorang/Documents/ATOMFLOW/atomflow_controller/atomflow_controller.cpp:22]   --->   Operation 94 'sdiv' 'row' <Predicate = true> <Delay = 1.45> <CoreInst = "Divider">   --->   Core 6 'Divider' <Latency = 35> <II = 1> <Delay = 1.45> <FuncUnit> <Opcode : 'udiv' 'sdiv' 'urem' 'srem'> <InPorts = 2> <OutPorts = 1>
ST_17 : Operation 95 [20/36] (1.45ns)   --->   "%col = srem i32 %zext_ln20, i32 %stateArray_cols_write_read" [/home/xiaorang/Documents/ATOMFLOW/atomflow_controller/atomflow_controller.cpp:23]   --->   Operation 95 'srem' 'col' <Predicate = true> <Delay = 1.45> <CoreInst = "Divider">   --->   Core 6 'Divider' <Latency = 35> <II = 1> <Delay = 1.45> <FuncUnit> <Opcode : 'udiv' 'sdiv' 'urem' 'srem'> <InPorts = 2> <OutPorts = 1>

State 18 <SV = 17> <Delay = 1.45>
ST_18 : Operation 96 [19/36] (1.45ns)   --->   "%row = sdiv i32 %zext_ln20, i32 %stateArray_cols_write_read" [/home/xiaorang/Documents/ATOMFLOW/atomflow_controller/atomflow_controller.cpp:22]   --->   Operation 96 'sdiv' 'row' <Predicate = true> <Delay = 1.45> <CoreInst = "Divider">   --->   Core 6 'Divider' <Latency = 35> <II = 1> <Delay = 1.45> <FuncUnit> <Opcode : 'udiv' 'sdiv' 'urem' 'srem'> <InPorts = 2> <OutPorts = 1>
ST_18 : Operation 97 [19/36] (1.45ns)   --->   "%col = srem i32 %zext_ln20, i32 %stateArray_cols_write_read" [/home/xiaorang/Documents/ATOMFLOW/atomflow_controller/atomflow_controller.cpp:23]   --->   Operation 97 'srem' 'col' <Predicate = true> <Delay = 1.45> <CoreInst = "Divider">   --->   Core 6 'Divider' <Latency = 35> <II = 1> <Delay = 1.45> <FuncUnit> <Opcode : 'udiv' 'sdiv' 'urem' 'srem'> <InPorts = 2> <OutPorts = 1>

State 19 <SV = 18> <Delay = 1.45>
ST_19 : Operation 98 [18/36] (1.45ns)   --->   "%row = sdiv i32 %zext_ln20, i32 %stateArray_cols_write_read" [/home/xiaorang/Documents/ATOMFLOW/atomflow_controller/atomflow_controller.cpp:22]   --->   Operation 98 'sdiv' 'row' <Predicate = true> <Delay = 1.45> <CoreInst = "Divider">   --->   Core 6 'Divider' <Latency = 35> <II = 1> <Delay = 1.45> <FuncUnit> <Opcode : 'udiv' 'sdiv' 'urem' 'srem'> <InPorts = 2> <OutPorts = 1>
ST_19 : Operation 99 [18/36] (1.45ns)   --->   "%col = srem i32 %zext_ln20, i32 %stateArray_cols_write_read" [/home/xiaorang/Documents/ATOMFLOW/atomflow_controller/atomflow_controller.cpp:23]   --->   Operation 99 'srem' 'col' <Predicate = true> <Delay = 1.45> <CoreInst = "Divider">   --->   Core 6 'Divider' <Latency = 35> <II = 1> <Delay = 1.45> <FuncUnit> <Opcode : 'udiv' 'sdiv' 'urem' 'srem'> <InPorts = 2> <OutPorts = 1>

State 20 <SV = 19> <Delay = 1.45>
ST_20 : Operation 100 [17/36] (1.45ns)   --->   "%row = sdiv i32 %zext_ln20, i32 %stateArray_cols_write_read" [/home/xiaorang/Documents/ATOMFLOW/atomflow_controller/atomflow_controller.cpp:22]   --->   Operation 100 'sdiv' 'row' <Predicate = true> <Delay = 1.45> <CoreInst = "Divider">   --->   Core 6 'Divider' <Latency = 35> <II = 1> <Delay = 1.45> <FuncUnit> <Opcode : 'udiv' 'sdiv' 'urem' 'srem'> <InPorts = 2> <OutPorts = 1>
ST_20 : Operation 101 [17/36] (1.45ns)   --->   "%col = srem i32 %zext_ln20, i32 %stateArray_cols_write_read" [/home/xiaorang/Documents/ATOMFLOW/atomflow_controller/atomflow_controller.cpp:23]   --->   Operation 101 'srem' 'col' <Predicate = true> <Delay = 1.45> <CoreInst = "Divider">   --->   Core 6 'Divider' <Latency = 35> <II = 1> <Delay = 1.45> <FuncUnit> <Opcode : 'udiv' 'sdiv' 'urem' 'srem'> <InPorts = 2> <OutPorts = 1>

State 21 <SV = 20> <Delay = 1.45>
ST_21 : Operation 102 [16/36] (1.45ns)   --->   "%row = sdiv i32 %zext_ln20, i32 %stateArray_cols_write_read" [/home/xiaorang/Documents/ATOMFLOW/atomflow_controller/atomflow_controller.cpp:22]   --->   Operation 102 'sdiv' 'row' <Predicate = true> <Delay = 1.45> <CoreInst = "Divider">   --->   Core 6 'Divider' <Latency = 35> <II = 1> <Delay = 1.45> <FuncUnit> <Opcode : 'udiv' 'sdiv' 'urem' 'srem'> <InPorts = 2> <OutPorts = 1>
ST_21 : Operation 103 [16/36] (1.45ns)   --->   "%col = srem i32 %zext_ln20, i32 %stateArray_cols_write_read" [/home/xiaorang/Documents/ATOMFLOW/atomflow_controller/atomflow_controller.cpp:23]   --->   Operation 103 'srem' 'col' <Predicate = true> <Delay = 1.45> <CoreInst = "Divider">   --->   Core 6 'Divider' <Latency = 35> <II = 1> <Delay = 1.45> <FuncUnit> <Opcode : 'udiv' 'sdiv' 'urem' 'srem'> <InPorts = 2> <OutPorts = 1>

State 22 <SV = 21> <Delay = 1.45>
ST_22 : Operation 104 [15/36] (1.45ns)   --->   "%row = sdiv i32 %zext_ln20, i32 %stateArray_cols_write_read" [/home/xiaorang/Documents/ATOMFLOW/atomflow_controller/atomflow_controller.cpp:22]   --->   Operation 104 'sdiv' 'row' <Predicate = true> <Delay = 1.45> <CoreInst = "Divider">   --->   Core 6 'Divider' <Latency = 35> <II = 1> <Delay = 1.45> <FuncUnit> <Opcode : 'udiv' 'sdiv' 'urem' 'srem'> <InPorts = 2> <OutPorts = 1>
ST_22 : Operation 105 [15/36] (1.45ns)   --->   "%col = srem i32 %zext_ln20, i32 %stateArray_cols_write_read" [/home/xiaorang/Documents/ATOMFLOW/atomflow_controller/atomflow_controller.cpp:23]   --->   Operation 105 'srem' 'col' <Predicate = true> <Delay = 1.45> <CoreInst = "Divider">   --->   Core 6 'Divider' <Latency = 35> <II = 1> <Delay = 1.45> <FuncUnit> <Opcode : 'udiv' 'sdiv' 'urem' 'srem'> <InPorts = 2> <OutPorts = 1>

State 23 <SV = 22> <Delay = 1.45>
ST_23 : Operation 106 [14/36] (1.45ns)   --->   "%row = sdiv i32 %zext_ln20, i32 %stateArray_cols_write_read" [/home/xiaorang/Documents/ATOMFLOW/atomflow_controller/atomflow_controller.cpp:22]   --->   Operation 106 'sdiv' 'row' <Predicate = true> <Delay = 1.45> <CoreInst = "Divider">   --->   Core 6 'Divider' <Latency = 35> <II = 1> <Delay = 1.45> <FuncUnit> <Opcode : 'udiv' 'sdiv' 'urem' 'srem'> <InPorts = 2> <OutPorts = 1>
ST_23 : Operation 107 [14/36] (1.45ns)   --->   "%col = srem i32 %zext_ln20, i32 %stateArray_cols_write_read" [/home/xiaorang/Documents/ATOMFLOW/atomflow_controller/atomflow_controller.cpp:23]   --->   Operation 107 'srem' 'col' <Predicate = true> <Delay = 1.45> <CoreInst = "Divider">   --->   Core 6 'Divider' <Latency = 35> <II = 1> <Delay = 1.45> <FuncUnit> <Opcode : 'udiv' 'sdiv' 'urem' 'srem'> <InPorts = 2> <OutPorts = 1>

State 24 <SV = 23> <Delay = 1.45>
ST_24 : Operation 108 [13/36] (1.45ns)   --->   "%row = sdiv i32 %zext_ln20, i32 %stateArray_cols_write_read" [/home/xiaorang/Documents/ATOMFLOW/atomflow_controller/atomflow_controller.cpp:22]   --->   Operation 108 'sdiv' 'row' <Predicate = true> <Delay = 1.45> <CoreInst = "Divider">   --->   Core 6 'Divider' <Latency = 35> <II = 1> <Delay = 1.45> <FuncUnit> <Opcode : 'udiv' 'sdiv' 'urem' 'srem'> <InPorts = 2> <OutPorts = 1>
ST_24 : Operation 109 [13/36] (1.45ns)   --->   "%col = srem i32 %zext_ln20, i32 %stateArray_cols_write_read" [/home/xiaorang/Documents/ATOMFLOW/atomflow_controller/atomflow_controller.cpp:23]   --->   Operation 109 'srem' 'col' <Predicate = true> <Delay = 1.45> <CoreInst = "Divider">   --->   Core 6 'Divider' <Latency = 35> <II = 1> <Delay = 1.45> <FuncUnit> <Opcode : 'udiv' 'sdiv' 'urem' 'srem'> <InPorts = 2> <OutPorts = 1>

State 25 <SV = 24> <Delay = 1.45>
ST_25 : Operation 110 [12/36] (1.45ns)   --->   "%row = sdiv i32 %zext_ln20, i32 %stateArray_cols_write_read" [/home/xiaorang/Documents/ATOMFLOW/atomflow_controller/atomflow_controller.cpp:22]   --->   Operation 110 'sdiv' 'row' <Predicate = true> <Delay = 1.45> <CoreInst = "Divider">   --->   Core 6 'Divider' <Latency = 35> <II = 1> <Delay = 1.45> <FuncUnit> <Opcode : 'udiv' 'sdiv' 'urem' 'srem'> <InPorts = 2> <OutPorts = 1>
ST_25 : Operation 111 [12/36] (1.45ns)   --->   "%col = srem i32 %zext_ln20, i32 %stateArray_cols_write_read" [/home/xiaorang/Documents/ATOMFLOW/atomflow_controller/atomflow_controller.cpp:23]   --->   Operation 111 'srem' 'col' <Predicate = true> <Delay = 1.45> <CoreInst = "Divider">   --->   Core 6 'Divider' <Latency = 35> <II = 1> <Delay = 1.45> <FuncUnit> <Opcode : 'udiv' 'sdiv' 'urem' 'srem'> <InPorts = 2> <OutPorts = 1>

State 26 <SV = 25> <Delay = 1.45>
ST_26 : Operation 112 [11/36] (1.45ns)   --->   "%row = sdiv i32 %zext_ln20, i32 %stateArray_cols_write_read" [/home/xiaorang/Documents/ATOMFLOW/atomflow_controller/atomflow_controller.cpp:22]   --->   Operation 112 'sdiv' 'row' <Predicate = true> <Delay = 1.45> <CoreInst = "Divider">   --->   Core 6 'Divider' <Latency = 35> <II = 1> <Delay = 1.45> <FuncUnit> <Opcode : 'udiv' 'sdiv' 'urem' 'srem'> <InPorts = 2> <OutPorts = 1>
ST_26 : Operation 113 [11/36] (1.45ns)   --->   "%col = srem i32 %zext_ln20, i32 %stateArray_cols_write_read" [/home/xiaorang/Documents/ATOMFLOW/atomflow_controller/atomflow_controller.cpp:23]   --->   Operation 113 'srem' 'col' <Predicate = true> <Delay = 1.45> <CoreInst = "Divider">   --->   Core 6 'Divider' <Latency = 35> <II = 1> <Delay = 1.45> <FuncUnit> <Opcode : 'udiv' 'sdiv' 'urem' 'srem'> <InPorts = 2> <OutPorts = 1>

State 27 <SV = 26> <Delay = 1.45>
ST_27 : Operation 114 [10/36] (1.45ns)   --->   "%row = sdiv i32 %zext_ln20, i32 %stateArray_cols_write_read" [/home/xiaorang/Documents/ATOMFLOW/atomflow_controller/atomflow_controller.cpp:22]   --->   Operation 114 'sdiv' 'row' <Predicate = true> <Delay = 1.45> <CoreInst = "Divider">   --->   Core 6 'Divider' <Latency = 35> <II = 1> <Delay = 1.45> <FuncUnit> <Opcode : 'udiv' 'sdiv' 'urem' 'srem'> <InPorts = 2> <OutPorts = 1>
ST_27 : Operation 115 [10/36] (1.45ns)   --->   "%col = srem i32 %zext_ln20, i32 %stateArray_cols_write_read" [/home/xiaorang/Documents/ATOMFLOW/atomflow_controller/atomflow_controller.cpp:23]   --->   Operation 115 'srem' 'col' <Predicate = true> <Delay = 1.45> <CoreInst = "Divider">   --->   Core 6 'Divider' <Latency = 35> <II = 1> <Delay = 1.45> <FuncUnit> <Opcode : 'udiv' 'sdiv' 'urem' 'srem'> <InPorts = 2> <OutPorts = 1>

State 28 <SV = 27> <Delay = 1.45>
ST_28 : Operation 116 [9/36] (1.45ns)   --->   "%row = sdiv i32 %zext_ln20, i32 %stateArray_cols_write_read" [/home/xiaorang/Documents/ATOMFLOW/atomflow_controller/atomflow_controller.cpp:22]   --->   Operation 116 'sdiv' 'row' <Predicate = true> <Delay = 1.45> <CoreInst = "Divider">   --->   Core 6 'Divider' <Latency = 35> <II = 1> <Delay = 1.45> <FuncUnit> <Opcode : 'udiv' 'sdiv' 'urem' 'srem'> <InPorts = 2> <OutPorts = 1>
ST_28 : Operation 117 [9/36] (1.45ns)   --->   "%col = srem i32 %zext_ln20, i32 %stateArray_cols_write_read" [/home/xiaorang/Documents/ATOMFLOW/atomflow_controller/atomflow_controller.cpp:23]   --->   Operation 117 'srem' 'col' <Predicate = true> <Delay = 1.45> <CoreInst = "Divider">   --->   Core 6 'Divider' <Latency = 35> <II = 1> <Delay = 1.45> <FuncUnit> <Opcode : 'udiv' 'sdiv' 'urem' 'srem'> <InPorts = 2> <OutPorts = 1>

State 29 <SV = 28> <Delay = 1.45>
ST_29 : Operation 118 [8/36] (1.45ns)   --->   "%row = sdiv i32 %zext_ln20, i32 %stateArray_cols_write_read" [/home/xiaorang/Documents/ATOMFLOW/atomflow_controller/atomflow_controller.cpp:22]   --->   Operation 118 'sdiv' 'row' <Predicate = true> <Delay = 1.45> <CoreInst = "Divider">   --->   Core 6 'Divider' <Latency = 35> <II = 1> <Delay = 1.45> <FuncUnit> <Opcode : 'udiv' 'sdiv' 'urem' 'srem'> <InPorts = 2> <OutPorts = 1>
ST_29 : Operation 119 [8/36] (1.45ns)   --->   "%col = srem i32 %zext_ln20, i32 %stateArray_cols_write_read" [/home/xiaorang/Documents/ATOMFLOW/atomflow_controller/atomflow_controller.cpp:23]   --->   Operation 119 'srem' 'col' <Predicate = true> <Delay = 1.45> <CoreInst = "Divider">   --->   Core 6 'Divider' <Latency = 35> <II = 1> <Delay = 1.45> <FuncUnit> <Opcode : 'udiv' 'sdiv' 'urem' 'srem'> <InPorts = 2> <OutPorts = 1>

State 30 <SV = 29> <Delay = 1.45>
ST_30 : Operation 120 [7/36] (1.45ns)   --->   "%row = sdiv i32 %zext_ln20, i32 %stateArray_cols_write_read" [/home/xiaorang/Documents/ATOMFLOW/atomflow_controller/atomflow_controller.cpp:22]   --->   Operation 120 'sdiv' 'row' <Predicate = true> <Delay = 1.45> <CoreInst = "Divider">   --->   Core 6 'Divider' <Latency = 35> <II = 1> <Delay = 1.45> <FuncUnit> <Opcode : 'udiv' 'sdiv' 'urem' 'srem'> <InPorts = 2> <OutPorts = 1>
ST_30 : Operation 121 [7/36] (1.45ns)   --->   "%col = srem i32 %zext_ln20, i32 %stateArray_cols_write_read" [/home/xiaorang/Documents/ATOMFLOW/atomflow_controller/atomflow_controller.cpp:23]   --->   Operation 121 'srem' 'col' <Predicate = true> <Delay = 1.45> <CoreInst = "Divider">   --->   Core 6 'Divider' <Latency = 35> <II = 1> <Delay = 1.45> <FuncUnit> <Opcode : 'udiv' 'sdiv' 'urem' 'srem'> <InPorts = 2> <OutPorts = 1>

State 31 <SV = 30> <Delay = 1.45>
ST_31 : Operation 122 [6/36] (1.45ns)   --->   "%row = sdiv i32 %zext_ln20, i32 %stateArray_cols_write_read" [/home/xiaorang/Documents/ATOMFLOW/atomflow_controller/atomflow_controller.cpp:22]   --->   Operation 122 'sdiv' 'row' <Predicate = true> <Delay = 1.45> <CoreInst = "Divider">   --->   Core 6 'Divider' <Latency = 35> <II = 1> <Delay = 1.45> <FuncUnit> <Opcode : 'udiv' 'sdiv' 'urem' 'srem'> <InPorts = 2> <OutPorts = 1>
ST_31 : Operation 123 [6/36] (1.45ns)   --->   "%col = srem i32 %zext_ln20, i32 %stateArray_cols_write_read" [/home/xiaorang/Documents/ATOMFLOW/atomflow_controller/atomflow_controller.cpp:23]   --->   Operation 123 'srem' 'col' <Predicate = true> <Delay = 1.45> <CoreInst = "Divider">   --->   Core 6 'Divider' <Latency = 35> <II = 1> <Delay = 1.45> <FuncUnit> <Opcode : 'udiv' 'sdiv' 'urem' 'srem'> <InPorts = 2> <OutPorts = 1>

State 32 <SV = 31> <Delay = 1.45>
ST_32 : Operation 124 [5/36] (1.45ns)   --->   "%row = sdiv i32 %zext_ln20, i32 %stateArray_cols_write_read" [/home/xiaorang/Documents/ATOMFLOW/atomflow_controller/atomflow_controller.cpp:22]   --->   Operation 124 'sdiv' 'row' <Predicate = true> <Delay = 1.45> <CoreInst = "Divider">   --->   Core 6 'Divider' <Latency = 35> <II = 1> <Delay = 1.45> <FuncUnit> <Opcode : 'udiv' 'sdiv' 'urem' 'srem'> <InPorts = 2> <OutPorts = 1>
ST_32 : Operation 125 [5/36] (1.45ns)   --->   "%col = srem i32 %zext_ln20, i32 %stateArray_cols_write_read" [/home/xiaorang/Documents/ATOMFLOW/atomflow_controller/atomflow_controller.cpp:23]   --->   Operation 125 'srem' 'col' <Predicate = true> <Delay = 1.45> <CoreInst = "Divider">   --->   Core 6 'Divider' <Latency = 35> <II = 1> <Delay = 1.45> <FuncUnit> <Opcode : 'udiv' 'sdiv' 'urem' 'srem'> <InPorts = 2> <OutPorts = 1>

State 33 <SV = 32> <Delay = 1.45>
ST_33 : Operation 126 [4/36] (1.45ns)   --->   "%row = sdiv i32 %zext_ln20, i32 %stateArray_cols_write_read" [/home/xiaorang/Documents/ATOMFLOW/atomflow_controller/atomflow_controller.cpp:22]   --->   Operation 126 'sdiv' 'row' <Predicate = true> <Delay = 1.45> <CoreInst = "Divider">   --->   Core 6 'Divider' <Latency = 35> <II = 1> <Delay = 1.45> <FuncUnit> <Opcode : 'udiv' 'sdiv' 'urem' 'srem'> <InPorts = 2> <OutPorts = 1>
ST_33 : Operation 127 [4/36] (1.45ns)   --->   "%col = srem i32 %zext_ln20, i32 %stateArray_cols_write_read" [/home/xiaorang/Documents/ATOMFLOW/atomflow_controller/atomflow_controller.cpp:23]   --->   Operation 127 'srem' 'col' <Predicate = true> <Delay = 1.45> <CoreInst = "Divider">   --->   Core 6 'Divider' <Latency = 35> <II = 1> <Delay = 1.45> <FuncUnit> <Opcode : 'udiv' 'sdiv' 'urem' 'srem'> <InPorts = 2> <OutPorts = 1>

State 34 <SV = 33> <Delay = 1.45>
ST_34 : Operation 128 [3/36] (1.45ns)   --->   "%row = sdiv i32 %zext_ln20, i32 %stateArray_cols_write_read" [/home/xiaorang/Documents/ATOMFLOW/atomflow_controller/atomflow_controller.cpp:22]   --->   Operation 128 'sdiv' 'row' <Predicate = true> <Delay = 1.45> <CoreInst = "Divider">   --->   Core 6 'Divider' <Latency = 35> <II = 1> <Delay = 1.45> <FuncUnit> <Opcode : 'udiv' 'sdiv' 'urem' 'srem'> <InPorts = 2> <OutPorts = 1>
ST_34 : Operation 129 [3/36] (1.45ns)   --->   "%col = srem i32 %zext_ln20, i32 %stateArray_cols_write_read" [/home/xiaorang/Documents/ATOMFLOW/atomflow_controller/atomflow_controller.cpp:23]   --->   Operation 129 'srem' 'col' <Predicate = true> <Delay = 1.45> <CoreInst = "Divider">   --->   Core 6 'Divider' <Latency = 35> <II = 1> <Delay = 1.45> <FuncUnit> <Opcode : 'udiv' 'sdiv' 'urem' 'srem'> <InPorts = 2> <OutPorts = 1>

State 35 <SV = 34> <Delay = 1.45>
ST_35 : Operation 130 [2/36] (1.45ns)   --->   "%row = sdiv i32 %zext_ln20, i32 %stateArray_cols_write_read" [/home/xiaorang/Documents/ATOMFLOW/atomflow_controller/atomflow_controller.cpp:22]   --->   Operation 130 'sdiv' 'row' <Predicate = true> <Delay = 1.45> <CoreInst = "Divider">   --->   Core 6 'Divider' <Latency = 35> <II = 1> <Delay = 1.45> <FuncUnit> <Opcode : 'udiv' 'sdiv' 'urem' 'srem'> <InPorts = 2> <OutPorts = 1>
ST_35 : Operation 131 [2/36] (1.45ns)   --->   "%col = srem i32 %zext_ln20, i32 %stateArray_cols_write_read" [/home/xiaorang/Documents/ATOMFLOW/atomflow_controller/atomflow_controller.cpp:23]   --->   Operation 131 'srem' 'col' <Predicate = true> <Delay = 1.45> <CoreInst = "Divider">   --->   Core 6 'Divider' <Latency = 35> <II = 1> <Delay = 1.45> <FuncUnit> <Opcode : 'udiv' 'sdiv' 'urem' 'srem'> <InPorts = 2> <OutPorts = 1>

State 36 <SV = 35> <Delay = 2.75>
ST_36 : Operation 132 [1/36] (1.45ns)   --->   "%row = sdiv i32 %zext_ln20, i32 %stateArray_cols_write_read" [/home/xiaorang/Documents/ATOMFLOW/atomflow_controller/atomflow_controller.cpp:22]   --->   Operation 132 'sdiv' 'row' <Predicate = true> <Delay = 1.45> <CoreInst = "Divider">   --->   Core 6 'Divider' <Latency = 35> <II = 1> <Delay = 1.45> <FuncUnit> <Opcode : 'udiv' 'sdiv' 'urem' 'srem'> <InPorts = 2> <OutPorts = 1>
ST_36 : Operation 133 [1/36] (1.45ns)   --->   "%col = srem i32 %zext_ln20, i32 %stateArray_cols_write_read" [/home/xiaorang/Documents/ATOMFLOW/atomflow_controller/atomflow_controller.cpp:23]   --->   Operation 133 'srem' 'col' <Predicate = true> <Delay = 1.45> <CoreInst = "Divider">   --->   Core 6 'Divider' <Latency = 35> <II = 1> <Delay = 1.45> <FuncUnit> <Opcode : 'udiv' 'sdiv' 'urem' 'srem'> <InPorts = 2> <OutPorts = 1>
ST_36 : Operation 134 [1/1] (1.01ns)   --->   "%icmp_ln24 = icmp_slt  i32 %row, i32 %stateArray_rows_write_read" [/home/xiaorang/Documents/ATOMFLOW/atomflow_controller/atomflow_controller.cpp:24]   --->   Operation 134 'icmp' 'icmp_ln24' <Predicate = true> <Delay = 1.01> <CoreInst = "Cmp">   --->   Core 9 'Cmp' <Latency = 0> <II = 1> <Delay = 1.01> <FuncUnit> <Opcode : 'seteq' 'setne' 'setle' 'setge' 'setlt' 'setgt'> <InPorts = 2> <OutPorts = 1>
ST_36 : Operation 135 [1/1] (0.00ns) (grouped into LUT with out node and_ln24)   --->   "%tmp_561 = bitselect i1 @_ssdm_op_BitSelect.i1.i32.i32, i32 %stateArray_cols_write_read, i32 31" [/home/xiaorang/Documents/ATOMFLOW/atomflow_controller/atomflow_controller.cpp:24]   --->   Operation 135 'bitselect' 'tmp_561' <Predicate = true> <Delay = 0.00>
ST_36 : Operation 136 [1/1] (0.00ns) (grouped into LUT with out node and_ln24)   --->   "%xor_ln24 = xor i1 %tmp_561, i1 1" [/home/xiaorang/Documents/ATOMFLOW/atomflow_controller/atomflow_controller.cpp:24]   --->   Operation 136 'xor' 'xor_ln24' <Predicate = true> <Delay = 0.00> <CoreInst = "LogicGate">   --->   Core 74 'LogicGate' <Latency = 0> <II = 1> <Delay = 0.28> <FuncUnit> <Opcode : 'and' 'or' 'xor'> <InPorts = 2> <OutPorts = 1>
ST_36 : Operation 137 [1/1] (0.28ns) (out node of the LUT)   --->   "%and_ln24 = and i1 %icmp_ln24, i1 %xor_ln24" [/home/xiaorang/Documents/ATOMFLOW/atomflow_controller/atomflow_controller.cpp:24]   --->   Operation 137 'and' 'and_ln24' <Predicate = true> <Delay = 0.28> <CoreInst = "LogicGate">   --->   Core 74 'LogicGate' <Latency = 0> <II = 1> <Delay = 0.28> <FuncUnit> <Opcode : 'and' 'or' 'xor'> <InPorts = 2> <OutPorts = 1>
ST_36 : Operation 138 [1/1] (0.00ns)   --->   "%br_ln24 = br i1 %and_ln24, void %for.inc, void %if.then" [/home/xiaorang/Documents/ATOMFLOW/atomflow_controller/atomflow_controller.cpp:24]   --->   Operation 138 'br' 'br_ln24' <Predicate = true> <Delay = 0.00>
ST_36 : Operation 139 [1/1] (0.00ns)   --->   "%trunc_ln25_1 = trunc i32 %row" [/home/xiaorang/Documents/ATOMFLOW/atomflow_controller/atomflow_controller.cpp:25]   --->   Operation 139 'trunc' 'trunc_ln25_1' <Predicate = (and_ln24)> <Delay = 0.00>
ST_36 : Operation 140 [3/3] (0.99ns) (grouped into DSP with root node add_ln316)   --->   "%mul_ln316 = mul i15 %trunc_ln25_1, i15 %tmp_559" [/home/xiaorang/Documents/ATOMFLOW/atomflow_controller/../sorting-organized-main/src/sortLatticeByRow.hpp:316->/home/xiaorang/Documents/ATOMFLOW/atomflow_controller/atomflow_controller.cpp:25]   --->   Operation 140 'mul' 'mul_ln316' <Predicate = (and_ln24)> <Delay = 0.99> <CoreInst = "DSP48">   --->   Core 124 'DSP48' <Latency = 3> <II = 1> <Delay = 0.53> <IPBlock> <Opcode : '' 'add' 'sub' 'mul' 'select'> <InPorts = 0> <OutPorts = 1> <Sync> <CReg>

State 37 <SV = 36> <Delay = 1.23>
ST_37 : Operation 141 [1/1] (0.00ns)   --->   "%specpipeline_ln20 = specpipeline void @_ssdm_op_SpecPipeline, i32 4294967295, i32 0, i32 0, i32 0, void @empty_18" [/home/xiaorang/Documents/ATOMFLOW/atomflow_controller/atomflow_controller.cpp:20]   --->   Operation 141 'specpipeline' 'specpipeline_ln20' <Predicate = true> <Delay = 0.00>
ST_37 : Operation 142 [1/1] (0.00ns)   --->   "%speclooptripcount_ln21 = speclooptripcount void @_ssdm_op_SpecLoopTripCount, i64 1, i64 2000, i64 1000" [/home/xiaorang/Documents/ATOMFLOW/atomflow_controller/atomflow_controller.cpp:21]   --->   Operation 142 'speclooptripcount' 'speclooptripcount_ln21' <Predicate = true> <Delay = 0.00>
ST_37 : Operation 143 [1/1] (0.00ns)   --->   "%specloopname_ln20 = specloopname void @_ssdm_op_SpecLoopName, void @empty_20" [/home/xiaorang/Documents/ATOMFLOW/atomflow_controller/atomflow_controller.cpp:20]   --->   Operation 143 'specloopname' 'specloopname_ln20' <Predicate = true> <Delay = 0.00>
ST_37 : Operation 144 [1/1] (0.00ns)   --->   "%zext_ln20_1 = zext i8 %lshr_ln" [/home/xiaorang/Documents/ATOMFLOW/atomflow_controller/atomflow_controller.cpp:20]   --->   Operation 144 'zext' 'zext_ln20_1' <Predicate = true> <Delay = 0.00>
ST_37 : Operation 145 [1/1] (0.00ns)   --->   "%emissions_0_addr = getelementptr i32 %emissions_0, i64 0, i64 %zext_ln20_1" [/home/xiaorang/Documents/ATOMFLOW/atomflow_controller/atomflow_controller.cpp:25]   --->   Operation 145 'getelementptr' 'emissions_0_addr' <Predicate = (and_ln24 & trunc_ln20 == 0)> <Delay = 0.00>
ST_37 : Operation 146 [1/1] (0.00ns)   --->   "%emissions_1_addr = getelementptr i32 %emissions_1, i64 0, i64 %zext_ln20_1" [/home/xiaorang/Documents/ATOMFLOW/atomflow_controller/atomflow_controller.cpp:25]   --->   Operation 146 'getelementptr' 'emissions_1_addr' <Predicate = (and_ln24 & trunc_ln20 == 1)> <Delay = 0.00>
ST_37 : Operation 147 [1/1] (0.00ns)   --->   "%emissions_2_addr = getelementptr i32 %emissions_2, i64 0, i64 %zext_ln20_1" [/home/xiaorang/Documents/ATOMFLOW/atomflow_controller/atomflow_controller.cpp:25]   --->   Operation 147 'getelementptr' 'emissions_2_addr' <Predicate = (and_ln24 & trunc_ln20 == 2)> <Delay = 0.00>
ST_37 : Operation 148 [1/1] (0.00ns)   --->   "%emissions_3_addr = getelementptr i32 %emissions_3, i64 0, i64 %zext_ln20_1" [/home/xiaorang/Documents/ATOMFLOW/atomflow_controller/atomflow_controller.cpp:25]   --->   Operation 148 'getelementptr' 'emissions_3_addr' <Predicate = (and_ln24 & trunc_ln20 == 3)> <Delay = 0.00>
ST_37 : Operation 149 [1/1] (0.00ns)   --->   "%emissions_4_addr = getelementptr i32 %emissions_4, i64 0, i64 %zext_ln20_1" [/home/xiaorang/Documents/ATOMFLOW/atomflow_controller/atomflow_controller.cpp:25]   --->   Operation 149 'getelementptr' 'emissions_4_addr' <Predicate = (and_ln24 & trunc_ln20 == 4)> <Delay = 0.00>
ST_37 : Operation 150 [1/1] (0.00ns)   --->   "%emissions_5_addr = getelementptr i32 %emissions_5, i64 0, i64 %zext_ln20_1" [/home/xiaorang/Documents/ATOMFLOW/atomflow_controller/atomflow_controller.cpp:25]   --->   Operation 150 'getelementptr' 'emissions_5_addr' <Predicate = (and_ln24 & trunc_ln20 == 5)> <Delay = 0.00>
ST_37 : Operation 151 [1/1] (0.00ns)   --->   "%emissions_6_addr = getelementptr i32 %emissions_6, i64 0, i64 %zext_ln20_1" [/home/xiaorang/Documents/ATOMFLOW/atomflow_controller/atomflow_controller.cpp:25]   --->   Operation 151 'getelementptr' 'emissions_6_addr' <Predicate = (and_ln24 & trunc_ln20 == 6)> <Delay = 0.00>
ST_37 : Operation 152 [1/1] (0.00ns)   --->   "%emissions_7_addr = getelementptr i32 %emissions_7, i64 0, i64 %zext_ln20_1" [/home/xiaorang/Documents/ATOMFLOW/atomflow_controller/atomflow_controller.cpp:25]   --->   Operation 152 'getelementptr' 'emissions_7_addr' <Predicate = (and_ln24 & trunc_ln20 == 7)> <Delay = 0.00>
ST_37 : Operation 153 [2/2] (1.23ns)   --->   "%emissions_0_load = load i8 %emissions_0_addr" [/home/xiaorang/Documents/ATOMFLOW/atomflow_controller/atomflow_controller.cpp:25]   --->   Operation 153 'load' 'emissions_0_load' <Predicate = (and_ln24 & trunc_ln20 == 0)> <Delay = 1.23> <CoreInst = "RAM">   --->   Core 82 'RAM' <Latency = 1> <II = 1> <Delay = 1.23> <Storage> <Opcode : 'load' 'store'> <Ports = 2> <Width = 32> <Depth = 250> <RAM>
ST_37 : Operation 154 [2/2] (1.23ns)   --->   "%emissions_1_load = load i8 %emissions_1_addr" [/home/xiaorang/Documents/ATOMFLOW/atomflow_controller/atomflow_controller.cpp:25]   --->   Operation 154 'load' 'emissions_1_load' <Predicate = (and_ln24 & trunc_ln20 == 1)> <Delay = 1.23> <CoreInst = "RAM">   --->   Core 82 'RAM' <Latency = 1> <II = 1> <Delay = 1.23> <Storage> <Opcode : 'load' 'store'> <Ports = 2> <Width = 32> <Depth = 250> <RAM>
ST_37 : Operation 155 [2/2] (1.23ns)   --->   "%emissions_2_load = load i8 %emissions_2_addr" [/home/xiaorang/Documents/ATOMFLOW/atomflow_controller/atomflow_controller.cpp:25]   --->   Operation 155 'load' 'emissions_2_load' <Predicate = (and_ln24 & trunc_ln20 == 2)> <Delay = 1.23> <CoreInst = "RAM">   --->   Core 82 'RAM' <Latency = 1> <II = 1> <Delay = 1.23> <Storage> <Opcode : 'load' 'store'> <Ports = 2> <Width = 32> <Depth = 250> <RAM>
ST_37 : Operation 156 [2/2] (1.23ns)   --->   "%emissions_3_load = load i8 %emissions_3_addr" [/home/xiaorang/Documents/ATOMFLOW/atomflow_controller/atomflow_controller.cpp:25]   --->   Operation 156 'load' 'emissions_3_load' <Predicate = (and_ln24 & trunc_ln20 == 3)> <Delay = 1.23> <CoreInst = "RAM">   --->   Core 82 'RAM' <Latency = 1> <II = 1> <Delay = 1.23> <Storage> <Opcode : 'load' 'store'> <Ports = 2> <Width = 32> <Depth = 250> <RAM>
ST_37 : Operation 157 [2/2] (1.23ns)   --->   "%emissions_4_load = load i8 %emissions_4_addr" [/home/xiaorang/Documents/ATOMFLOW/atomflow_controller/atomflow_controller.cpp:25]   --->   Operation 157 'load' 'emissions_4_load' <Predicate = (and_ln24 & trunc_ln20 == 4)> <Delay = 1.23> <CoreInst = "RAM">   --->   Core 82 'RAM' <Latency = 1> <II = 1> <Delay = 1.23> <Storage> <Opcode : 'load' 'store'> <Ports = 2> <Width = 32> <Depth = 250> <RAM>
ST_37 : Operation 158 [2/2] (1.23ns)   --->   "%emissions_5_load = load i8 %emissions_5_addr" [/home/xiaorang/Documents/ATOMFLOW/atomflow_controller/atomflow_controller.cpp:25]   --->   Operation 158 'load' 'emissions_5_load' <Predicate = (and_ln24 & trunc_ln20 == 5)> <Delay = 1.23> <CoreInst = "RAM">   --->   Core 82 'RAM' <Latency = 1> <II = 1> <Delay = 1.23> <Storage> <Opcode : 'load' 'store'> <Ports = 2> <Width = 32> <Depth = 250> <RAM>
ST_37 : Operation 159 [2/2] (1.23ns)   --->   "%emissions_6_load = load i8 %emissions_6_addr" [/home/xiaorang/Documents/ATOMFLOW/atomflow_controller/atomflow_controller.cpp:25]   --->   Operation 159 'load' 'emissions_6_load' <Predicate = (and_ln24 & trunc_ln20 == 6)> <Delay = 1.23> <CoreInst = "RAM">   --->   Core 82 'RAM' <Latency = 1> <II = 1> <Delay = 1.23> <Storage> <Opcode : 'load' 'store'> <Ports = 2> <Width = 32> <Depth = 250> <RAM>
ST_37 : Operation 160 [2/2] (1.23ns)   --->   "%emissions_7_load = load i8 %emissions_7_addr" [/home/xiaorang/Documents/ATOMFLOW/atomflow_controller/atomflow_controller.cpp:25]   --->   Operation 160 'load' 'emissions_7_load' <Predicate = (and_ln24 & trunc_ln20 == 7)> <Delay = 1.23> <CoreInst = "RAM">   --->   Core 82 'RAM' <Latency = 1> <II = 1> <Delay = 1.23> <Storage> <Opcode : 'load' 'store'> <Ports = 2> <Width = 32> <Depth = 250> <RAM>
ST_37 : Operation 161 [2/3] (0.99ns) (grouped into DSP with root node add_ln316)   --->   "%mul_ln316 = mul i15 %trunc_ln25_1, i15 %tmp_559" [/home/xiaorang/Documents/ATOMFLOW/atomflow_controller/../sorting-organized-main/src/sortLatticeByRow.hpp:316->/home/xiaorang/Documents/ATOMFLOW/atomflow_controller/atomflow_controller.cpp:25]   --->   Operation 161 'mul' 'mul_ln316' <Predicate = (and_ln24)> <Delay = 0.99> <CoreInst = "DSP48">   --->   Core 124 'DSP48' <Latency = 3> <II = 1> <Delay = 0.53> <IPBlock> <Opcode : '' 'add' 'sub' 'mul' 'select'> <InPorts = 0> <OutPorts = 1> <Sync> <CReg>

State 38 <SV = 37> <Delay = 4.74>
ST_38 : Operation 162 [1/2] ( I:1.23ns O:1.23ns )   --->   "%emissions_0_load = load i8 %emissions_0_addr" [/home/xiaorang/Documents/ATOMFLOW/atomflow_controller/atomflow_controller.cpp:25]   --->   Operation 162 'load' 'emissions_0_load' <Predicate = (and_ln24 & trunc_ln20 == 0)> <Delay = 1.23> <CoreInst = "RAM">   --->   Core 82 'RAM' <Latency = 1> <II = 1> <Delay = 1.23> <Storage> <Opcode : 'load' 'store'> <Ports = 2> <Width = 32> <Depth = 250> <RAM>
ST_38 : Operation 163 [1/2] ( I:1.23ns O:1.23ns )   --->   "%emissions_1_load = load i8 %emissions_1_addr" [/home/xiaorang/Documents/ATOMFLOW/atomflow_controller/atomflow_controller.cpp:25]   --->   Operation 163 'load' 'emissions_1_load' <Predicate = (and_ln24 & trunc_ln20 == 1)> <Delay = 1.23> <CoreInst = "RAM">   --->   Core 82 'RAM' <Latency = 1> <II = 1> <Delay = 1.23> <Storage> <Opcode : 'load' 'store'> <Ports = 2> <Width = 32> <Depth = 250> <RAM>
ST_38 : Operation 164 [1/2] ( I:1.23ns O:1.23ns )   --->   "%emissions_2_load = load i8 %emissions_2_addr" [/home/xiaorang/Documents/ATOMFLOW/atomflow_controller/atomflow_controller.cpp:25]   --->   Operation 164 'load' 'emissions_2_load' <Predicate = (and_ln24 & trunc_ln20 == 2)> <Delay = 1.23> <CoreInst = "RAM">   --->   Core 82 'RAM' <Latency = 1> <II = 1> <Delay = 1.23> <Storage> <Opcode : 'load' 'store'> <Ports = 2> <Width = 32> <Depth = 250> <RAM>
ST_38 : Operation 165 [1/2] ( I:1.23ns O:1.23ns )   --->   "%emissions_3_load = load i8 %emissions_3_addr" [/home/xiaorang/Documents/ATOMFLOW/atomflow_controller/atomflow_controller.cpp:25]   --->   Operation 165 'load' 'emissions_3_load' <Predicate = (and_ln24 & trunc_ln20 == 3)> <Delay = 1.23> <CoreInst = "RAM">   --->   Core 82 'RAM' <Latency = 1> <II = 1> <Delay = 1.23> <Storage> <Opcode : 'load' 'store'> <Ports = 2> <Width = 32> <Depth = 250> <RAM>
ST_38 : Operation 166 [1/2] ( I:1.23ns O:1.23ns )   --->   "%emissions_4_load = load i8 %emissions_4_addr" [/home/xiaorang/Documents/ATOMFLOW/atomflow_controller/atomflow_controller.cpp:25]   --->   Operation 166 'load' 'emissions_4_load' <Predicate = (and_ln24 & trunc_ln20 == 4)> <Delay = 1.23> <CoreInst = "RAM">   --->   Core 82 'RAM' <Latency = 1> <II = 1> <Delay = 1.23> <Storage> <Opcode : 'load' 'store'> <Ports = 2> <Width = 32> <Depth = 250> <RAM>
ST_38 : Operation 167 [1/2] ( I:1.23ns O:1.23ns )   --->   "%emissions_5_load = load i8 %emissions_5_addr" [/home/xiaorang/Documents/ATOMFLOW/atomflow_controller/atomflow_controller.cpp:25]   --->   Operation 167 'load' 'emissions_5_load' <Predicate = (and_ln24 & trunc_ln20 == 5)> <Delay = 1.23> <CoreInst = "RAM">   --->   Core 82 'RAM' <Latency = 1> <II = 1> <Delay = 1.23> <Storage> <Opcode : 'load' 'store'> <Ports = 2> <Width = 32> <Depth = 250> <RAM>
ST_38 : Operation 168 [1/2] ( I:1.23ns O:1.23ns )   --->   "%emissions_6_load = load i8 %emissions_6_addr" [/home/xiaorang/Documents/ATOMFLOW/atomflow_controller/atomflow_controller.cpp:25]   --->   Operation 168 'load' 'emissions_6_load' <Predicate = (and_ln24 & trunc_ln20 == 6)> <Delay = 1.23> <CoreInst = "RAM">   --->   Core 82 'RAM' <Latency = 1> <II = 1> <Delay = 1.23> <Storage> <Opcode : 'load' 'store'> <Ports = 2> <Width = 32> <Depth = 250> <RAM>
ST_38 : Operation 169 [1/2] ( I:1.23ns O:1.23ns )   --->   "%emissions_7_load = load i8 %emissions_7_addr" [/home/xiaorang/Documents/ATOMFLOW/atomflow_controller/atomflow_controller.cpp:25]   --->   Operation 169 'load' 'emissions_7_load' <Predicate = (and_ln24 & trunc_ln20 == 7)> <Delay = 1.23> <CoreInst = "RAM">   --->   Core 82 'RAM' <Latency = 1> <II = 1> <Delay = 1.23> <Storage> <Opcode : 'load' 'store'> <Ports = 2> <Width = 32> <Depth = 250> <RAM>
ST_38 : Operation 170 [1/1] (0.72ns)   --->   "%tmp = sparsemux i32 @_ssdm_op_SparseMux.ap_auto.8float.float.i3, i3 0, i32 %emissions_0_load, i3 1, i32 %emissions_1_load, i3 2, i32 %emissions_2_load, i3 3, i32 %emissions_3_load, i3 4, i32 %emissions_4_load, i3 5, i32 %emissions_5_load, i3 6, i32 %emissions_6_load, i3 7, i32 %emissions_7_load, i32 <undef>, i3 %trunc_ln20" [/home/xiaorang/Documents/ATOMFLOW/atomflow_controller/atomflow_controller.cpp:25]   --->   Operation 170 'sparsemux' 'tmp' <Predicate = (and_ln24)> <Delay = 0.72> <CoreInst = "BinarySparseMux_DontCare">   --->   Core 149 'BinarySparseMux_DontCare' <Latency = 0> <II = 1> <Delay = 0.72> <FuncUnit> <Opcode : 'sparsemux'> <InPorts = 2> <OutPorts = 1>
ST_38 : Operation 171 [1/1] (0.00ns)   --->   "%bitcast_ln25 = bitcast i32 %tmp" [/home/xiaorang/Documents/ATOMFLOW/atomflow_controller/atomflow_controller.cpp:25]   --->   Operation 171 'bitcast' 'bitcast_ln25' <Predicate = (and_ln24)> <Delay = 0.00>
ST_38 : Operation 172 [1/1] (0.00ns)   --->   "%tmp_1 = partselect i8 @_ssdm_op_PartSelect.i8.i32.i32.i32, i32 %bitcast_ln25, i32 23, i32 30" [/home/xiaorang/Documents/ATOMFLOW/atomflow_controller/atomflow_controller.cpp:25]   --->   Operation 172 'partselect' 'tmp_1' <Predicate = (and_ln24)> <Delay = 0.00>
ST_38 : Operation 173 [1/1] (0.00ns)   --->   "%trunc_ln25 = trunc i32 %bitcast_ln25" [/home/xiaorang/Documents/ATOMFLOW/atomflow_controller/atomflow_controller.cpp:25]   --->   Operation 173 'trunc' 'trunc_ln25' <Predicate = (and_ln24)> <Delay = 0.00>
ST_38 : Operation 174 [1/1] (0.76ns)   --->   "%icmp_ln25 = icmp_ne  i8 %tmp_1, i8 255" [/home/xiaorang/Documents/ATOMFLOW/atomflow_controller/atomflow_controller.cpp:25]   --->   Operation 174 'icmp' 'icmp_ln25' <Predicate = (and_ln24)> <Delay = 0.76> <CoreInst = "Cmp">   --->   Core 9 'Cmp' <Latency = 0> <II = 1> <Delay = 0.76> <FuncUnit> <Opcode : 'seteq' 'setne' 'setle' 'setge' 'setlt' 'setgt'> <InPorts = 2> <OutPorts = 1>
ST_38 : Operation 175 [1/1] (0.92ns)   --->   "%icmp_ln25_1 = icmp_eq  i23 %trunc_ln25, i23 0" [/home/xiaorang/Documents/ATOMFLOW/atomflow_controller/atomflow_controller.cpp:25]   --->   Operation 175 'icmp' 'icmp_ln25_1' <Predicate = (and_ln24)> <Delay = 0.92> <CoreInst = "Cmp">   --->   Core 9 'Cmp' <Latency = 0> <II = 1> <Delay = 0.92> <FuncUnit> <Opcode : 'seteq' 'setne' 'setle' 'setge' 'setlt' 'setgt'> <InPorts = 2> <OutPorts = 1>
ST_38 : Operation 176 [2/2] (2.78ns)   --->   "%tmp_3 = fcmp_ogt  i32 %tmp, i32 %threshold_read" [/home/xiaorang/Documents/ATOMFLOW/atomflow_controller/atomflow_controller.cpp:25]   --->   Operation 176 'fcmp' 'tmp_3' <Predicate = (and_ln24)> <Delay = 2.78> <CoreInst = "FCompare">   --->   Core 19 'FCompare' <Latency = 1> <II = 1> <Delay = 2.78> <FuncUnit> <Opcode : 'fcmp'> <InPorts = 2> <OutPorts = 1>
ST_38 : Operation 177 [1/1] (0.00ns)   --->   "%trunc_ln0 = trunc i15 %col" [/home/xiaorang/Documents/ATOMFLOW/atomflow_controller/../sorting-organized-main/src/sortLatticeByRow.hpp:0->/home/xiaorang/Documents/ATOMFLOW/atomflow_controller/atomflow_controller.cpp:25]   --->   Operation 177 'trunc' 'trunc_ln0' <Predicate = (and_ln24)> <Delay = 0.00>
ST_38 : Operation 178 [1/3] (0.00ns) (grouped into DSP with root node add_ln316)   --->   "%mul_ln316 = mul i15 %trunc_ln25_1, i15 %tmp_559" [/home/xiaorang/Documents/ATOMFLOW/atomflow_controller/../sorting-organized-main/src/sortLatticeByRow.hpp:316->/home/xiaorang/Documents/ATOMFLOW/atomflow_controller/atomflow_controller.cpp:25]   --->   Operation 178 'mul' 'mul_ln316' <Predicate = (and_ln24)> <Delay = 0.00> <CoreInst = "DSP48">   --->   Core 124 'DSP48' <Latency = 3> <II = 1> <Delay = 0.53> <IPBlock> <Opcode : '' 'add' 'sub' 'mul' 'select'> <InPorts = 0> <OutPorts = 1> <Sync> <CReg>
ST_38 : Operation 179 [2/2] (0.64ns) (root node of the DSP)   --->   "%add_ln316 = add i15 %mul_ln316, i15 %trunc_ln0" [/home/xiaorang/Documents/ATOMFLOW/atomflow_controller/../sorting-organized-main/src/sortLatticeByRow.hpp:316->/home/xiaorang/Documents/ATOMFLOW/atomflow_controller/atomflow_controller.cpp:25]   --->   Operation 179 'add' 'add_ln316' <Predicate = (and_ln24)> <Delay = 0.64> <CoreInst = "DSP48">   --->   Core 124 'DSP48' <Latency = 3> <II = 1> <Delay = 0.53> <IPBlock> <Opcode : '' 'add' 'sub' 'mul' 'select'> <InPorts = 0> <OutPorts = 1> <Sync> <CReg>
ST_38 : Operation 193 [1/1] (0.42ns)   --->   "%ret_ln0 = ret"   --->   Operation 193 'ret' 'ret_ln0' <Predicate = (!icmp_ln20)> <Delay = 0.42>

State 39 <SV = 38> <Delay = 4.30>
ST_39 : Operation 180 [1/1] (0.00ns)   --->   "%tmp_2 = partselect i8 @_ssdm_op_PartSelect.i8.i31.i32.i32, i31 %bitcast_ln25_1_read, i32 23, i32 30" [/home/xiaorang/Documents/ATOMFLOW/atomflow_controller/atomflow_controller.cpp:25]   --->   Operation 180 'partselect' 'tmp_2' <Predicate = (and_ln24)> <Delay = 0.00>
ST_39 : Operation 181 [1/1] (0.00ns) (grouped into LUT with out node and_ln25_1)   --->   "%or_ln25 = or i1 %icmp_ln25_1, i1 %icmp_ln25" [/home/xiaorang/Documents/ATOMFLOW/atomflow_controller/atomflow_controller.cpp:25]   --->   Operation 181 'or' 'or_ln25' <Predicate = (and_ln24)> <Delay = 0.00> <CoreInst = "LogicGate">   --->   Core 74 'LogicGate' <Latency = 0> <II = 1> <Delay = 0.28> <FuncUnit> <Opcode : 'and' 'or' 'xor'> <InPorts = 2> <OutPorts = 1>
ST_39 : Operation 182 [1/1] (0.76ns)   --->   "%icmp_ln25_2 = icmp_ne  i8 %tmp_2, i8 255" [/home/xiaorang/Documents/ATOMFLOW/atomflow_controller/atomflow_controller.cpp:25]   --->   Operation 182 'icmp' 'icmp_ln25_2' <Predicate = (and_ln24)> <Delay = 0.76> <CoreInst = "Cmp">   --->   Core 9 'Cmp' <Latency = 0> <II = 1> <Delay = 0.76> <FuncUnit> <Opcode : 'seteq' 'setne' 'setle' 'setge' 'setlt' 'setgt'> <InPorts = 2> <OutPorts = 1>
ST_39 : Operation 183 [1/1] (0.92ns)   --->   "%icmp_ln25_3 = icmp_eq  i23 %tmp_560, i23 0" [/home/xiaorang/Documents/ATOMFLOW/atomflow_controller/atomflow_controller.cpp:25]   --->   Operation 183 'icmp' 'icmp_ln25_3' <Predicate = (and_ln24)> <Delay = 0.92> <CoreInst = "Cmp">   --->   Core 9 'Cmp' <Latency = 0> <II = 1> <Delay = 0.92> <FuncUnit> <Opcode : 'seteq' 'setne' 'setle' 'setge' 'setlt' 'setgt'> <InPorts = 2> <OutPorts = 1>
ST_39 : Operation 184 [1/1] (0.00ns) (grouped into LUT with out node and_ln25_1)   --->   "%or_ln25_1 = or i1 %icmp_ln25_3, i1 %icmp_ln25_2" [/home/xiaorang/Documents/ATOMFLOW/atomflow_controller/atomflow_controller.cpp:25]   --->   Operation 184 'or' 'or_ln25_1' <Predicate = (and_ln24)> <Delay = 0.00> <CoreInst = "LogicGate">   --->   Core 74 'LogicGate' <Latency = 0> <II = 1> <Delay = 0.28> <FuncUnit> <Opcode : 'and' 'or' 'xor'> <InPorts = 2> <OutPorts = 1>
ST_39 : Operation 185 [1/1] (0.00ns) (grouped into LUT with out node and_ln25_1)   --->   "%and_ln25 = and i1 %or_ln25, i1 %or_ln25_1" [/home/xiaorang/Documents/ATOMFLOW/atomflow_controller/atomflow_controller.cpp:25]   --->   Operation 185 'and' 'and_ln25' <Predicate = (and_ln24)> <Delay = 0.00> <CoreInst = "LogicGate">   --->   Core 74 'LogicGate' <Latency = 0> <II = 1> <Delay = 0.28> <FuncUnit> <Opcode : 'and' 'or' 'xor'> <InPorts = 2> <OutPorts = 1>
ST_39 : Operation 186 [1/2] (2.78ns)   --->   "%tmp_3 = fcmp_ogt  i32 %tmp, i32 %threshold_read" [/home/xiaorang/Documents/ATOMFLOW/atomflow_controller/atomflow_controller.cpp:25]   --->   Operation 186 'fcmp' 'tmp_3' <Predicate = (and_ln24)> <Delay = 2.78> <CoreInst = "FCompare">   --->   Core 19 'FCompare' <Latency = 1> <II = 1> <Delay = 2.78> <FuncUnit> <Opcode : 'fcmp'> <InPorts = 2> <OutPorts = 1>
ST_39 : Operation 187 [1/1] (0.28ns) (out node of the LUT)   --->   "%and_ln25_1 = and i1 %and_ln25, i1 %tmp_3" [/home/xiaorang/Documents/ATOMFLOW/atomflow_controller/atomflow_controller.cpp:25]   --->   Operation 187 'and' 'and_ln25_1' <Predicate = (and_ln24)> <Delay = 0.28> <CoreInst = "LogicGate">   --->   Core 74 'LogicGate' <Latency = 0> <II = 1> <Delay = 0.28> <FuncUnit> <Opcode : 'and' 'or' 'xor'> <InPorts = 2> <OutPorts = 1>
ST_39 : Operation 188 [1/2] (0.64ns) (root node of the DSP)   --->   "%add_ln316 = add i15 %mul_ln316, i15 %trunc_ln0" [/home/xiaorang/Documents/ATOMFLOW/atomflow_controller/../sorting-organized-main/src/sortLatticeByRow.hpp:316->/home/xiaorang/Documents/ATOMFLOW/atomflow_controller/atomflow_controller.cpp:25]   --->   Operation 188 'add' 'add_ln316' <Predicate = (and_ln24)> <Delay = 0.64> <CoreInst = "DSP48">   --->   Core 124 'DSP48' <Latency = 3> <II = 1> <Delay = 0.53> <IPBlock> <Opcode : '' 'add' 'sub' 'mul' 'select'> <InPorts = 0> <OutPorts = 1> <Sync> <CReg>
ST_39 : Operation 189 [1/1] (0.00ns)   --->   "%zext_ln316 = zext i15 %add_ln316" [/home/xiaorang/Documents/ATOMFLOW/atomflow_controller/../sorting-organized-main/src/sortLatticeByRow.hpp:316->/home/xiaorang/Documents/ATOMFLOW/atomflow_controller/atomflow_controller.cpp:25]   --->   Operation 189 'zext' 'zext_ln316' <Predicate = (and_ln24)> <Delay = 0.00>
ST_39 : Operation 190 [1/1] (0.00ns)   --->   "%stateArray_data_addr = getelementptr i1 %stateArray_data_s, i64 0, i64 %zext_ln316" [/home/xiaorang/Documents/ATOMFLOW/atomflow_controller/../sorting-organized-main/src/sortLatticeByRow.hpp:316->/home/xiaorang/Documents/ATOMFLOW/atomflow_controller/atomflow_controller.cpp:25]   --->   Operation 190 'getelementptr' 'stateArray_data_addr' <Predicate = (and_ln24)> <Delay = 0.00>
ST_39 : Operation 191 [1/1] ( I:1.23ns O:1.23ns )   --->   "%store_ln25 = store i1 %and_ln25_1, i15 %stateArray_data_addr" [/home/xiaorang/Documents/ATOMFLOW/atomflow_controller/atomflow_controller.cpp:25]   --->   Operation 191 'store' 'store_ln25' <Predicate = (and_ln24)> <Delay = 1.23> <CoreInst = "RAM_2P_BRAM">   --->   Core 93 'RAM_2P_BRAM' <Latency = 1> <II = 1> <Delay = 1.23> <Storage> <Opcode : 'load' 'store'> <Ports = 2> <Width = 1> <Depth = 25000> <RAM>
ST_39 : Operation 192 [1/1] (0.00ns)   --->   "%br_ln26 = br void %for.inc" [/home/xiaorang/Documents/ATOMFLOW/atomflow_controller/atomflow_controller.cpp:26]   --->   Operation 192 'br' 'br_ln26' <Predicate = (and_ln24)> <Delay = 0.00>


============================================================
+ Verbose Summary: Timing violations
============================================================
Target clock period: 10.000ns, clock uncertainty: 2.700ns.

 <State 1>: 1.880ns
The critical path consists of the following:
	'store' operation 0 bit ('store_ln20', /home/xiaorang/Documents/ATOMFLOW/atomflow_controller/atomflow_controller.cpp:20) of constant 0 on local variable 'i', /home/xiaorang/Documents/ATOMFLOW/atomflow_controller/atomflow_controller.cpp:20 [26]  (0.427 ns)
	'load' operation 31 bit ('i', /home/xiaorang/Documents/ATOMFLOW/atomflow_controller/atomflow_controller.cpp:20) on local variable 'i', /home/xiaorang/Documents/ATOMFLOW/atomflow_controller/atomflow_controller.cpp:20 [29]  (0.000 ns)
	'sdiv' operation 32 bit ('row', /home/xiaorang/Documents/ATOMFLOW/atomflow_controller/atomflow_controller.cpp:22) [41]  (1.453 ns)

 <State 2>: 1.453ns
The critical path consists of the following:
	'sdiv' operation 32 bit ('row', /home/xiaorang/Documents/ATOMFLOW/atomflow_controller/atomflow_controller.cpp:22) [41]  (1.453 ns)

 <State 3>: 1.453ns
The critical path consists of the following:
	'sdiv' operation 32 bit ('row', /home/xiaorang/Documents/ATOMFLOW/atomflow_controller/atomflow_controller.cpp:22) [41]  (1.453 ns)

 <State 4>: 1.453ns
The critical path consists of the following:
	'sdiv' operation 32 bit ('row', /home/xiaorang/Documents/ATOMFLOW/atomflow_controller/atomflow_controller.cpp:22) [41]  (1.453 ns)

 <State 5>: 1.453ns
The critical path consists of the following:
	'sdiv' operation 32 bit ('row', /home/xiaorang/Documents/ATOMFLOW/atomflow_controller/atomflow_controller.cpp:22) [41]  (1.453 ns)

 <State 6>: 1.453ns
The critical path consists of the following:
	'sdiv' operation 32 bit ('row', /home/xiaorang/Documents/ATOMFLOW/atomflow_controller/atomflow_controller.cpp:22) [41]  (1.453 ns)

 <State 7>: 1.453ns
The critical path consists of the following:
	'sdiv' operation 32 bit ('row', /home/xiaorang/Documents/ATOMFLOW/atomflow_controller/atomflow_controller.cpp:22) [41]  (1.453 ns)

 <State 8>: 1.453ns
The critical path consists of the following:
	'sdiv' operation 32 bit ('row', /home/xiaorang/Documents/ATOMFLOW/atomflow_controller/atomflow_controller.cpp:22) [41]  (1.453 ns)

 <State 9>: 1.453ns
The critical path consists of the following:
	'sdiv' operation 32 bit ('row', /home/xiaorang/Documents/ATOMFLOW/atomflow_controller/atomflow_controller.cpp:22) [41]  (1.453 ns)

 <State 10>: 1.453ns
The critical path consists of the following:
	'sdiv' operation 32 bit ('row', /home/xiaorang/Documents/ATOMFLOW/atomflow_controller/atomflow_controller.cpp:22) [41]  (1.453 ns)

 <State 11>: 1.453ns
The critical path consists of the following:
	'sdiv' operation 32 bit ('row', /home/xiaorang/Documents/ATOMFLOW/atomflow_controller/atomflow_controller.cpp:22) [41]  (1.453 ns)

 <State 12>: 1.453ns
The critical path consists of the following:
	'sdiv' operation 32 bit ('row', /home/xiaorang/Documents/ATOMFLOW/atomflow_controller/atomflow_controller.cpp:22) [41]  (1.453 ns)

 <State 13>: 1.453ns
The critical path consists of the following:
	'sdiv' operation 32 bit ('row', /home/xiaorang/Documents/ATOMFLOW/atomflow_controller/atomflow_controller.cpp:22) [41]  (1.453 ns)

 <State 14>: 1.453ns
The critical path consists of the following:
	'sdiv' operation 32 bit ('row', /home/xiaorang/Documents/ATOMFLOW/atomflow_controller/atomflow_controller.cpp:22) [41]  (1.453 ns)

 <State 15>: 1.453ns
The critical path consists of the following:
	'sdiv' operation 32 bit ('row', /home/xiaorang/Documents/ATOMFLOW/atomflow_controller/atomflow_controller.cpp:22) [41]  (1.453 ns)

 <State 16>: 1.453ns
The critical path consists of the following:
	'sdiv' operation 32 bit ('row', /home/xiaorang/Documents/ATOMFLOW/atomflow_controller/atomflow_controller.cpp:22) [41]  (1.453 ns)

 <State 17>: 1.453ns
The critical path consists of the following:
	'sdiv' operation 32 bit ('row', /home/xiaorang/Documents/ATOMFLOW/atomflow_controller/atomflow_controller.cpp:22) [41]  (1.453 ns)

 <State 18>: 1.453ns
The critical path consists of the following:
	'sdiv' operation 32 bit ('row', /home/xiaorang/Documents/ATOMFLOW/atomflow_controller/atomflow_controller.cpp:22) [41]  (1.453 ns)

 <State 19>: 1.453ns
The critical path consists of the following:
	'sdiv' operation 32 bit ('row', /home/xiaorang/Documents/ATOMFLOW/atomflow_controller/atomflow_controller.cpp:22) [41]  (1.453 ns)

 <State 20>: 1.453ns
The critical path consists of the following:
	'sdiv' operation 32 bit ('row', /home/xiaorang/Documents/ATOMFLOW/atomflow_controller/atomflow_controller.cpp:22) [41]  (1.453 ns)

 <State 21>: 1.453ns
The critical path consists of the following:
	'sdiv' operation 32 bit ('row', /home/xiaorang/Documents/ATOMFLOW/atomflow_controller/atomflow_controller.cpp:22) [41]  (1.453 ns)

 <State 22>: 1.453ns
The critical path consists of the following:
	'sdiv' operation 32 bit ('row', /home/xiaorang/Documents/ATOMFLOW/atomflow_controller/atomflow_controller.cpp:22) [41]  (1.453 ns)

 <State 23>: 1.453ns
The critical path consists of the following:
	'sdiv' operation 32 bit ('row', /home/xiaorang/Documents/ATOMFLOW/atomflow_controller/atomflow_controller.cpp:22) [41]  (1.453 ns)

 <State 24>: 1.453ns
The critical path consists of the following:
	'sdiv' operation 32 bit ('row', /home/xiaorang/Documents/ATOMFLOW/atomflow_controller/atomflow_controller.cpp:22) [41]  (1.453 ns)

 <State 25>: 1.453ns
The critical path consists of the following:
	'sdiv' operation 32 bit ('row', /home/xiaorang/Documents/ATOMFLOW/atomflow_controller/atomflow_controller.cpp:22) [41]  (1.453 ns)

 <State 26>: 1.453ns
The critical path consists of the following:
	'sdiv' operation 32 bit ('row', /home/xiaorang/Documents/ATOMFLOW/atomflow_controller/atomflow_controller.cpp:22) [41]  (1.453 ns)

 <State 27>: 1.453ns
The critical path consists of the following:
	'sdiv' operation 32 bit ('row', /home/xiaorang/Documents/ATOMFLOW/atomflow_controller/atomflow_controller.cpp:22) [41]  (1.453 ns)

 <State 28>: 1.453ns
The critical path consists of the following:
	'sdiv' operation 32 bit ('row', /home/xiaorang/Documents/ATOMFLOW/atomflow_controller/atomflow_controller.cpp:22) [41]  (1.453 ns)

 <State 29>: 1.453ns
The critical path consists of the following:
	'sdiv' operation 32 bit ('row', /home/xiaorang/Documents/ATOMFLOW/atomflow_controller/atomflow_controller.cpp:22) [41]  (1.453 ns)

 <State 30>: 1.453ns
The critical path consists of the following:
	'sdiv' operation 32 bit ('row', /home/xiaorang/Documents/ATOMFLOW/atomflow_controller/atomflow_controller.cpp:22) [41]  (1.453 ns)

 <State 31>: 1.453ns
The critical path consists of the following:
	'sdiv' operation 32 bit ('row', /home/xiaorang/Documents/ATOMFLOW/atomflow_controller/atomflow_controller.cpp:22) [41]  (1.453 ns)

 <State 32>: 1.453ns
The critical path consists of the following:
	'sdiv' operation 32 bit ('row', /home/xiaorang/Documents/ATOMFLOW/atomflow_controller/atomflow_controller.cpp:22) [41]  (1.453 ns)

 <State 33>: 1.453ns
The critical path consists of the following:
	'sdiv' operation 32 bit ('row', /home/xiaorang/Documents/ATOMFLOW/atomflow_controller/atomflow_controller.cpp:22) [41]  (1.453 ns)

 <State 34>: 1.453ns
The critical path consists of the following:
	'sdiv' operation 32 bit ('row', /home/xiaorang/Documents/ATOMFLOW/atomflow_controller/atomflow_controller.cpp:22) [41]  (1.453 ns)

 <State 35>: 1.453ns
The critical path consists of the following:
	'sdiv' operation 32 bit ('row', /home/xiaorang/Documents/ATOMFLOW/atomflow_controller/atomflow_controller.cpp:22) [41]  (1.453 ns)

 <State 36>: 2.756ns
The critical path consists of the following:
	'sdiv' operation 32 bit ('row', /home/xiaorang/Documents/ATOMFLOW/atomflow_controller/atomflow_controller.cpp:22) [41]  (1.453 ns)
	'icmp' operation 1 bit ('icmp_ln24', /home/xiaorang/Documents/ATOMFLOW/atomflow_controller/atomflow_controller.cpp:24) [43]  (1.016 ns)
	'and' operation 1 bit ('and_ln24', /home/xiaorang/Documents/ATOMFLOW/atomflow_controller/atomflow_controller.cpp:24) [46]  (0.287 ns)

 <State 37>: 1.237ns
The critical path consists of the following:
	'getelementptr' operation 8 bit ('emissions_0_addr', /home/xiaorang/Documents/ATOMFLOW/atomflow_controller/atomflow_controller.cpp:25) [49]  (0.000 ns)
	'load' operation 32 bit ('emissions_0_load', /home/xiaorang/Documents/ATOMFLOW/atomflow_controller/atomflow_controller.cpp:25) on array 'emissions_0' [57]  (1.237 ns)

 <State 38>: 4.740ns
The critical path consists of the following:
	'load' operation 32 bit ('emissions_0_load', /home/xiaorang/Documents/ATOMFLOW/atomflow_controller/atomflow_controller.cpp:25) on array 'emissions_0' [57]  (1.237 ns)
	'sparsemux' operation 32 bit ('tmp', /home/xiaorang/Documents/ATOMFLOW/atomflow_controller/atomflow_controller.cpp:25) [65]  (0.721 ns)
	'fcmp' operation 1 bit ('tmp_3', /home/xiaorang/Documents/ATOMFLOW/atomflow_controller/atomflow_controller.cpp:25) [77]  (2.782 ns)

 <State 39>: 4.306ns
The critical path consists of the following:
	'fcmp' operation 1 bit ('tmp_3', /home/xiaorang/Documents/ATOMFLOW/atomflow_controller/atomflow_controller.cpp:25) [77]  (2.782 ns)
	'and' operation 1 bit ('and_ln25_1', /home/xiaorang/Documents/ATOMFLOW/atomflow_controller/atomflow_controller.cpp:25) [78]  (0.287 ns)
	'store' operation 0 bit ('store_ln25', /home/xiaorang/Documents/ATOMFLOW/atomflow_controller/atomflow_controller.cpp:25) of variable 'and_ln25_1', /home/xiaorang/Documents/ATOMFLOW/atomflow_controller/atomflow_controller.cpp:25 on array 'stateArray_data_s' [85]  (1.237 ns)


============================================================
+ Verbose Summary: Binding
============================================================
N/A
* FSMD analyzer results:
  - Output states:
 - Input state : 
  - Chain level:
	State 1
	State 2
	State 3
	State 4
	State 5
	State 6
	State 7
	State 8
	State 9
	State 10
	State 11
	State 12
	State 13
	State 14
	State 15
	State 16
	State 17
	State 18
	State 19
	State 20
	State 21
	State 22
	State 23
	State 24
	State 25
	State 26
	State 27
	State 28
	State 29
	State 30
	State 31
	State 32
	State 33
	State 34
	State 35
	State 36
	State 37
	State 38
	State 39


============================================================
+ Verbose Summary: Datapath Resource usage 
============================================================
N/A
