

================================================================
== Vitis HLS Report for 'findUnusableAtoms_Pipeline_VITIS_LOOP_1436_1'
================================================================
* Date:           Thu Mar 26 11:03:16 2026

* Version:        2024.2 (Build 5238294 on Nov  8 2024)
* Project:        atomflow_controller_2024_2
* Solution:       hls (Vivado IP Flow Target)
* Product family: zynquplusRFSOC
* Target device:  xczu49dr-ffvf1760-2-e


================================================================
== Performance Estimates
================================================================
+ Timing: 
    * Summary: 
    +--------+----------+----------+------------+
    |  Clock |  Target  | Estimated| Uncertainty|
    +--------+----------+----------+------------+
    |ap_clk  |  10.00 ns|  2.440 ns|     2.70 ns|
    +--------+----------+----------+------------+

+ Latency: 
    * Summary: 
    +---------+---------+-----------+----------+-----+-----+------------------------------------------------+
    |  Latency (cycles) |  Latency (absolute)  |  Interval |                    Pipeline                    |
    |   min   |   max   |    min    |    max   | min | max |                      Type                      |
    +---------+---------+-----------+----------+-----+-----+------------------------------------------------+
    |        3|       34|  30.000 ns|  0.340 us|    2|   33|  loop auto-rewind stp (delay=0 clock cycles(s))|
    +---------+---------+-----------+----------+-----+-----+------------------------------------------------+

    + Detail: 
        * Instance: 
        N/A

        * Loop: 
        +---------------------+---------+---------+----------+-----------+-----------+--------+----------+
        |                     |  Latency (cycles) | Iteration|  Initiation Interval  |  Trip  |          |
        |      Loop Name      |   min   |   max   |  Latency |  achieved |   target  |  Count | Pipelined|
        +---------------------+---------+---------+----------+-----------+-----------+--------+----------+
        |- VITIS_LOOP_1436_1  |        1|       32|         1|          1|          1|  1 ~ 32|       yes|
        +---------------------+---------+---------+----------+-----------+-----------+--------+----------+

============================================================
+ Verbose Summary: Synthesis Manager
============================================================
InlineROM: 1
ExposeGlobal: 0
============================================================
+ Verbose Summary: CDFG Model
============================================================
IsTopModel: 0
ResetActiveHigh: 1
IsCombinational: 0
IsDatapathOnly: 0
HasWiredReturn: 1
HasMFsm: 2
HasVarLatency: 1
IsPipeline: 0
IsRtlPipelined: 0
IsInstanceOverlapped: 0
IsDontTouch: 0
HasImplIP: 0
IsGatedGlobalClock: 0

+ Individual pipeline summary: 
  * Pipeline-0: initiation interval (II) = 1, depth = 1


============================================================
+ Verbose Summary: Schedule
============================================================
* Number of FSM states : 1
* Pipeline : 1
  Pipeline-0 : II = 1, D = 1, States = { 1 }
* Dataflow Pipeline: 0

* FSM state transitions: 
1 --> 

* FSM state operations: 

State 1 <SV = 0> <Delay = 2.44>
ST_1 : Operation 4 [1/1] (0.00ns)   --->   "%i = alloca i32 1" [/home/xiaorang/Documents/ATOMFLOW/sorting-organized-main/src/sortLatticeByRow.cpp:1436]   --->   Operation 4 'alloca' 'i' <Predicate = true> <Delay = 0.00>
ST_1 : Operation 5 [1/1] (0.00ns)   --->   "%specmemcore_ln0 = specmemcore void @_ssdm_op_SpecMemCore, i16 %usableAtoms_count_7, i64 666, i64 22, i64 18446744073709551615"   --->   Operation 5 'specmemcore' 'specmemcore_ln0' <Predicate = true> <Delay = 0.00>
ST_1 : Operation 6 [1/1] (0.00ns)   --->   "%specmemcore_ln0 = specmemcore void @_ssdm_op_SpecMemCore, i16 %usableAtoms_count_6, i64 666, i64 22, i64 18446744073709551615"   --->   Operation 6 'specmemcore' 'specmemcore_ln0' <Predicate = true> <Delay = 0.00>
ST_1 : Operation 7 [1/1] (0.00ns)   --->   "%specmemcore_ln0 = specmemcore void @_ssdm_op_SpecMemCore, i16 %usableAtoms_count_5, i64 666, i64 22, i64 18446744073709551615"   --->   Operation 7 'specmemcore' 'specmemcore_ln0' <Predicate = true> <Delay = 0.00>
ST_1 : Operation 8 [1/1] (0.00ns)   --->   "%specmemcore_ln0 = specmemcore void @_ssdm_op_SpecMemCore, i16 %usableAtoms_count_4, i64 666, i64 22, i64 18446744073709551615"   --->   Operation 8 'specmemcore' 'specmemcore_ln0' <Predicate = true> <Delay = 0.00>
ST_1 : Operation 9 [1/1] (0.00ns)   --->   "%specmemcore_ln0 = specmemcore void @_ssdm_op_SpecMemCore, i16 %usableAtoms_count_3, i64 666, i64 22, i64 18446744073709551615"   --->   Operation 9 'specmemcore' 'specmemcore_ln0' <Predicate = true> <Delay = 0.00>
ST_1 : Operation 10 [1/1] (0.00ns)   --->   "%specmemcore_ln0 = specmemcore void @_ssdm_op_SpecMemCore, i16 %usableAtoms_count_2, i64 666, i64 22, i64 18446744073709551615"   --->   Operation 10 'specmemcore' 'specmemcore_ln0' <Predicate = true> <Delay = 0.00>
ST_1 : Operation 11 [1/1] (0.00ns)   --->   "%specmemcore_ln0 = specmemcore void @_ssdm_op_SpecMemCore, i16 %usableAtoms_count_1, i64 666, i64 22, i64 18446744073709551615"   --->   Operation 11 'specmemcore' 'specmemcore_ln0' <Predicate = true> <Delay = 0.00>
ST_1 : Operation 12 [1/1] (0.00ns)   --->   "%specmemcore_ln0 = specmemcore void @_ssdm_op_SpecMemCore, i16 %usableAtoms_count_0, i64 666, i64 22, i64 18446744073709551615"   --->   Operation 12 'specmemcore' 'specmemcore_ln0' <Predicate = true> <Delay = 0.00>
ST_1 : Operation 13 [1/1] (0.00ns)   --->   "%specmemcore_ln0 = specmemcore void @_ssdm_op_SpecMemCore, i16 %unusableAtoms_count_7, i64 666, i64 22, i64 18446744073709551615"   --->   Operation 13 'specmemcore' 'specmemcore_ln0' <Predicate = true> <Delay = 0.00>
ST_1 : Operation 14 [1/1] (0.00ns)   --->   "%specmemcore_ln0 = specmemcore void @_ssdm_op_SpecMemCore, i16 %unusableAtoms_count_6, i64 666, i64 22, i64 18446744073709551615"   --->   Operation 14 'specmemcore' 'specmemcore_ln0' <Predicate = true> <Delay = 0.00>
ST_1 : Operation 15 [1/1] (0.00ns)   --->   "%specmemcore_ln0 = specmemcore void @_ssdm_op_SpecMemCore, i16 %unusableAtoms_count_5, i64 666, i64 22, i64 18446744073709551615"   --->   Operation 15 'specmemcore' 'specmemcore_ln0' <Predicate = true> <Delay = 0.00>
ST_1 : Operation 16 [1/1] (0.00ns)   --->   "%specmemcore_ln0 = specmemcore void @_ssdm_op_SpecMemCore, i16 %unusableAtoms_count_4, i64 666, i64 22, i64 18446744073709551615"   --->   Operation 16 'specmemcore' 'specmemcore_ln0' <Predicate = true> <Delay = 0.00>
ST_1 : Operation 17 [1/1] (0.00ns)   --->   "%specmemcore_ln0 = specmemcore void @_ssdm_op_SpecMemCore, i16 %unusableAtoms_count_3, i64 666, i64 22, i64 18446744073709551615"   --->   Operation 17 'specmemcore' 'specmemcore_ln0' <Predicate = true> <Delay = 0.00>
ST_1 : Operation 18 [1/1] (0.00ns)   --->   "%specmemcore_ln0 = specmemcore void @_ssdm_op_SpecMemCore, i16 %unusableAtoms_count_2, i64 666, i64 22, i64 18446744073709551615"   --->   Operation 18 'specmemcore' 'specmemcore_ln0' <Predicate = true> <Delay = 0.00>
ST_1 : Operation 19 [1/1] (0.00ns)   --->   "%specmemcore_ln0 = specmemcore void @_ssdm_op_SpecMemCore, i16 %unusableAtoms_count_1, i64 666, i64 22, i64 18446744073709551615"   --->   Operation 19 'specmemcore' 'specmemcore_ln0' <Predicate = true> <Delay = 0.00>
ST_1 : Operation 20 [1/1] (0.00ns)   --->   "%specmemcore_ln0 = specmemcore void @_ssdm_op_SpecMemCore, i16 %unusableAtoms_count_0, i64 666, i64 22, i64 18446744073709551615"   --->   Operation 20 'specmemcore' 'specmemcore_ln0' <Predicate = true> <Delay = 0.00>
ST_1 : Operation 21 [1/1] (0.00ns)   --->   "%specmemcore_ln0 = specmemcore void @_ssdm_op_SpecMemCore, i16 %targetSites_count_7, i64 666, i64 22, i64 18446744073709551615"   --->   Operation 21 'specmemcore' 'specmemcore_ln0' <Predicate = true> <Delay = 0.00>
ST_1 : Operation 22 [1/1] (0.00ns)   --->   "%specmemcore_ln0 = specmemcore void @_ssdm_op_SpecMemCore, i16 %targetSites_count_6, i64 666, i64 22, i64 18446744073709551615"   --->   Operation 22 'specmemcore' 'specmemcore_ln0' <Predicate = true> <Delay = 0.00>
ST_1 : Operation 23 [1/1] (0.00ns)   --->   "%specmemcore_ln0 = specmemcore void @_ssdm_op_SpecMemCore, i16 %targetSites_count_5, i64 666, i64 22, i64 18446744073709551615"   --->   Operation 23 'specmemcore' 'specmemcore_ln0' <Predicate = true> <Delay = 0.00>
ST_1 : Operation 24 [1/1] (0.00ns)   --->   "%specmemcore_ln0 = specmemcore void @_ssdm_op_SpecMemCore, i16 %targetSites_count_4, i64 666, i64 22, i64 18446744073709551615"   --->   Operation 24 'specmemcore' 'specmemcore_ln0' <Predicate = true> <Delay = 0.00>
ST_1 : Operation 25 [1/1] (0.00ns)   --->   "%specmemcore_ln0 = specmemcore void @_ssdm_op_SpecMemCore, i16 %targetSites_count_3, i64 666, i64 22, i64 18446744073709551615"   --->   Operation 25 'specmemcore' 'specmemcore_ln0' <Predicate = true> <Delay = 0.00>
ST_1 : Operation 26 [1/1] (0.00ns)   --->   "%specmemcore_ln0 = specmemcore void @_ssdm_op_SpecMemCore, i16 %targetSites_count_2, i64 666, i64 22, i64 18446744073709551615"   --->   Operation 26 'specmemcore' 'specmemcore_ln0' <Predicate = true> <Delay = 0.00>
ST_1 : Operation 27 [1/1] (0.00ns)   --->   "%specmemcore_ln0 = specmemcore void @_ssdm_op_SpecMemCore, i16 %targetSites_count_1, i64 666, i64 22, i64 18446744073709551615"   --->   Operation 27 'specmemcore' 'specmemcore_ln0' <Predicate = true> <Delay = 0.00>
ST_1 : Operation 28 [1/1] (0.00ns)   --->   "%specmemcore_ln0 = specmemcore void @_ssdm_op_SpecMemCore, i16 %targetSites_count_0, i64 666, i64 22, i64 18446744073709551615"   --->   Operation 28 'specmemcore' 'specmemcore_ln0' <Predicate = true> <Delay = 0.00>
ST_1 : Operation 29 [1/1] (0.00ns)   --->   "%tmp = read i9 @_ssdm_op_Read.ap_auto.i9, i9 %empty"   --->   Operation 29 'read' 'tmp' <Predicate = true> <Delay = 0.00>
ST_1 : Operation 30 [1/1] (0.42ns)   --->   "%store_ln1436 = store i9 0, i9 %i" [/home/xiaorang/Documents/ATOMFLOW/sorting-organized-main/src/sortLatticeByRow.cpp:1436]   --->   Operation 30 'store' 'store_ln1436' <Predicate = true> <Delay = 0.42>
ST_1 : Operation 31 [1/1] (0.00ns)   --->   "%br_ln0 = br void %for.inc.0"   --->   Operation 31 'br' 'br_ln0' <Predicate = true> <Delay = 0.00>
ST_1 : Operation 32 [1/1] (0.00ns)   --->   "%i_119 = load i9 %i" [/home/xiaorang/Documents/ATOMFLOW/sorting-organized-main/src/sortLatticeByRow.cpp:1436]   --->   Operation 32 'load' 'i_119' <Predicate = true> <Delay = 0.00>
ST_1 : Operation 33 [1/1] (0.77ns)   --->   "%icmp_ln1436 = icmp_ult  i9 %i_119, i9 %tmp" [/home/xiaorang/Documents/ATOMFLOW/sorting-organized-main/src/sortLatticeByRow.cpp:1436]   --->   Operation 33 'icmp' 'icmp_ln1436' <Predicate = true> <Delay = 0.77> <CoreInst = "Cmp">   --->   Core 9 'Cmp' <Latency = 0> <II = 1> <Delay = 0.77> <FuncUnit> <Opcode : 'seteq' 'setne' 'setle' 'setge' 'setlt' 'setgt'> <InPorts = 2> <OutPorts = 1>
ST_1 : Operation 34 [1/1] (0.00ns)   --->   "%br_ln1436 = br i1 %icmp_ln1436, void %for.cond.for.cond.cleanup_crit_edge.exitStub, void %for.inc.0.split" [/home/xiaorang/Documents/ATOMFLOW/sorting-organized-main/src/sortLatticeByRow.cpp:1436]   --->   Operation 34 'br' 'br_ln1436' <Predicate = true> <Delay = 0.00>
ST_1 : Operation 35 [1/1] (0.00ns)   --->   "%specpipeline_ln1436 = specpipeline void @_ssdm_op_SpecPipeline, i32 4294967295, i32 0, i32 0, i32 0, void @empty_18" [/home/xiaorang/Documents/ATOMFLOW/sorting-organized-main/src/sortLatticeByRow.cpp:1436]   --->   Operation 35 'specpipeline' 'specpipeline_ln1436' <Predicate = (icmp_ln1436)> <Delay = 0.00>
ST_1 : Operation 36 [1/1] (0.00ns)   --->   "%speclooptripcount_ln1439 = speclooptripcount void @_ssdm_op_SpecLoopTripCount, i64 1, i64 32, i64 16" [/home/xiaorang/Documents/ATOMFLOW/sorting-organized-main/src/sortLatticeByRow.cpp:1439]   --->   Operation 36 'speclooptripcount' 'speclooptripcount_ln1439' <Predicate = (icmp_ln1436)> <Delay = 0.00>
ST_1 : Operation 37 [1/1] (0.00ns)   --->   "%specloopname_ln1436 = specloopname void @_ssdm_op_SpecLoopName, void @empty_35" [/home/xiaorang/Documents/ATOMFLOW/sorting-organized-main/src/sortLatticeByRow.cpp:1436]   --->   Operation 37 'specloopname' 'specloopname_ln1436' <Predicate = (icmp_ln1436)> <Delay = 0.00>
ST_1 : Operation 38 [1/1] (0.00ns)   --->   "%lshr_ln = partselect i5 @_ssdm_op_PartSelect.i5.i9.i32.i32, i9 %i_119, i32 3, i32 7" [/home/xiaorang/Documents/ATOMFLOW/sorting-organized-main/src/sortLatticeByRow.cpp:1436]   --->   Operation 38 'partselect' 'lshr_ln' <Predicate = (icmp_ln1436)> <Delay = 0.00>
ST_1 : Operation 39 [1/1] (0.00ns)   --->   "%zext_ln1436 = zext i5 %lshr_ln" [/home/xiaorang/Documents/ATOMFLOW/sorting-organized-main/src/sortLatticeByRow.cpp:1436]   --->   Operation 39 'zext' 'zext_ln1436' <Predicate = (icmp_ln1436)> <Delay = 0.00>
ST_1 : Operation 40 [1/1] (0.00ns)   --->   "%unusableAtoms_count_0_addr = getelementptr i16 %unusableAtoms_count_0, i64 0, i64 %zext_ln1436" [/home/xiaorang/Documents/ATOMFLOW/sorting-organized-main/src/sortLatticeByRow.cpp:129->/home/xiaorang/Documents/ATOMFLOW/sorting-organized-main/src/sortLatticeByRow.cpp:1441]   --->   Operation 40 'getelementptr' 'unusableAtoms_count_0_addr' <Predicate = (icmp_ln1436)> <Delay = 0.00>
ST_1 : Operation 41 [1/1] ( I:1.23ns O:1.23ns )   --->   "%store_ln129 = store i16 0, i5 %unusableAtoms_count_0_addr" [/home/xiaorang/Documents/ATOMFLOW/sorting-organized-main/src/sortLatticeByRow.cpp:129->/home/xiaorang/Documents/ATOMFLOW/sorting-organized-main/src/sortLatticeByRow.cpp:1441]   --->   Operation 41 'store' 'store_ln129' <Predicate = (icmp_ln1436)> <Delay = 1.23> <CoreInst = "RAM_2P_BRAM">   --->   Core 93 'RAM_2P_BRAM' <Latency = 1> <II = 1> <Delay = 1.23> <Storage> <Opcode : 'load' 'store'> <Ports = 2> <Width = 16> <Depth = 32> <RAM>
ST_1 : Operation 42 [1/1] (0.00ns)   --->   "%usableAtoms_count_0_addr = getelementptr i16 %usableAtoms_count_0, i64 0, i64 %zext_ln1436" [/home/xiaorang/Documents/ATOMFLOW/sorting-organized-main/src/sortLatticeByRow.cpp:129->/home/xiaorang/Documents/ATOMFLOW/sorting-organized-main/src/sortLatticeByRow.cpp:1442]   --->   Operation 42 'getelementptr' 'usableAtoms_count_0_addr' <Predicate = (icmp_ln1436)> <Delay = 0.00>
ST_1 : Operation 43 [1/1] ( I:1.23ns O:1.23ns )   --->   "%store_ln129 = store i16 0, i5 %usableAtoms_count_0_addr" [/home/xiaorang/Documents/ATOMFLOW/sorting-organized-main/src/sortLatticeByRow.cpp:129->/home/xiaorang/Documents/ATOMFLOW/sorting-organized-main/src/sortLatticeByRow.cpp:1442]   --->   Operation 43 'store' 'store_ln129' <Predicate = (icmp_ln1436)> <Delay = 1.23> <CoreInst = "RAM_2P_BRAM">   --->   Core 93 'RAM_2P_BRAM' <Latency = 1> <II = 1> <Delay = 1.23> <Storage> <Opcode : 'load' 'store'> <Ports = 2> <Width = 16> <Depth = 32> <RAM>
ST_1 : Operation 44 [1/1] (0.00ns)   --->   "%targetSites_count_0_addr = getelementptr i16 %targetSites_count_0, i64 0, i64 %zext_ln1436" [/home/xiaorang/Documents/ATOMFLOW/sorting-organized-main/src/sortLatticeByRow.cpp:129->/home/xiaorang/Documents/ATOMFLOW/sorting-organized-main/src/sortLatticeByRow.cpp:1443]   --->   Operation 44 'getelementptr' 'targetSites_count_0_addr' <Predicate = (icmp_ln1436)> <Delay = 0.00>
ST_1 : Operation 45 [1/1] ( I:1.23ns O:1.23ns )   --->   "%store_ln129 = store i16 0, i5 %targetSites_count_0_addr" [/home/xiaorang/Documents/ATOMFLOW/sorting-organized-main/src/sortLatticeByRow.cpp:129->/home/xiaorang/Documents/ATOMFLOW/sorting-organized-main/src/sortLatticeByRow.cpp:1443]   --->   Operation 45 'store' 'store_ln129' <Predicate = (icmp_ln1436)> <Delay = 1.23> <CoreInst = "RAM_2P_BRAM">   --->   Core 93 'RAM_2P_BRAM' <Latency = 1> <II = 1> <Delay = 1.23> <Storage> <Opcode : 'load' 'store'> <Ports = 2> <Width = 16> <Depth = 32> <RAM>
ST_1 : Operation 46 [1/1] (0.00ns)   --->   "%tmp_s = partselect i7 @_ssdm_op_PartSelect.i7.i9.i32.i32, i9 %i_119, i32 1, i32 7" [/home/xiaorang/Documents/ATOMFLOW/sorting-organized-main/src/sortLatticeByRow.cpp:1436]   --->   Operation 46 'partselect' 'tmp_s' <Predicate = (icmp_ln1436)> <Delay = 0.00>
ST_1 : Operation 47 [1/1] (0.00ns)   --->   "%i_120 = bitconcatenate i8 @_ssdm_op_BitConcatenate.i8.i7.i1, i7 %tmp_s, i1 1" [/home/xiaorang/Documents/ATOMFLOW/sorting-organized-main/src/sortLatticeByRow.cpp:1436]   --->   Operation 47 'bitconcatenate' 'i_120' <Predicate = (icmp_ln1436)> <Delay = 0.00>
ST_1 : Operation 48 [1/1] (0.00ns)   --->   "%zext_ln1436_1 = zext i8 %i_120" [/home/xiaorang/Documents/ATOMFLOW/sorting-organized-main/src/sortLatticeByRow.cpp:1436]   --->   Operation 48 'zext' 'zext_ln1436_1' <Predicate = (icmp_ln1436)> <Delay = 0.00>
ST_1 : Operation 49 [1/1] (0.77ns)   --->   "%icmp_ln1436_1 = icmp_ult  i9 %zext_ln1436_1, i9 %tmp" [/home/xiaorang/Documents/ATOMFLOW/sorting-organized-main/src/sortLatticeByRow.cpp:1436]   --->   Operation 49 'icmp' 'icmp_ln1436_1' <Predicate = (icmp_ln1436)> <Delay = 0.77> <CoreInst = "Cmp">   --->   Core 9 'Cmp' <Latency = 0> <II = 1> <Delay = 0.77> <FuncUnit> <Opcode : 'seteq' 'setne' 'setle' 'setge' 'setlt' 'setgt'> <InPorts = 2> <OutPorts = 1>
ST_1 : Operation 50 [1/1] (0.00ns)   --->   "%br_ln1436 = br i1 %icmp_ln1436_1, void %for.cond.for.cond.cleanup_crit_edge.exitStub, void %for.inc.1" [/home/xiaorang/Documents/ATOMFLOW/sorting-organized-main/src/sortLatticeByRow.cpp:1436]   --->   Operation 50 'br' 'br_ln1436' <Predicate = (icmp_ln1436)> <Delay = 0.00>
ST_1 : Operation 51 [1/1] (0.00ns)   --->   "%unusableAtoms_count_1_addr = getelementptr i16 %unusableAtoms_count_1, i64 0, i64 %zext_ln1436" [/home/xiaorang/Documents/ATOMFLOW/sorting-organized-main/src/sortLatticeByRow.cpp:129->/home/xiaorang/Documents/ATOMFLOW/sorting-organized-main/src/sortLatticeByRow.cpp:1441]   --->   Operation 51 'getelementptr' 'unusableAtoms_count_1_addr' <Predicate = (icmp_ln1436 & icmp_ln1436_1)> <Delay = 0.00>
ST_1 : Operation 52 [1/1] ( I:1.23ns O:1.23ns )   --->   "%store_ln129 = store i16 0, i5 %unusableAtoms_count_1_addr" [/home/xiaorang/Documents/ATOMFLOW/sorting-organized-main/src/sortLatticeByRow.cpp:129->/home/xiaorang/Documents/ATOMFLOW/sorting-organized-main/src/sortLatticeByRow.cpp:1441]   --->   Operation 52 'store' 'store_ln129' <Predicate = (icmp_ln1436 & icmp_ln1436_1)> <Delay = 1.23> <CoreInst = "RAM_2P_BRAM">   --->   Core 93 'RAM_2P_BRAM' <Latency = 1> <II = 1> <Delay = 1.23> <Storage> <Opcode : 'load' 'store'> <Ports = 2> <Width = 16> <Depth = 32> <RAM>
ST_1 : Operation 53 [1/1] (0.00ns)   --->   "%usableAtoms_count_1_addr = getelementptr i16 %usableAtoms_count_1, i64 0, i64 %zext_ln1436" [/home/xiaorang/Documents/ATOMFLOW/sorting-organized-main/src/sortLatticeByRow.cpp:129->/home/xiaorang/Documents/ATOMFLOW/sorting-organized-main/src/sortLatticeByRow.cpp:1442]   --->   Operation 53 'getelementptr' 'usableAtoms_count_1_addr' <Predicate = (icmp_ln1436 & icmp_ln1436_1)> <Delay = 0.00>
ST_1 : Operation 54 [1/1] ( I:1.23ns O:1.23ns )   --->   "%store_ln129 = store i16 0, i5 %usableAtoms_count_1_addr" [/home/xiaorang/Documents/ATOMFLOW/sorting-organized-main/src/sortLatticeByRow.cpp:129->/home/xiaorang/Documents/ATOMFLOW/sorting-organized-main/src/sortLatticeByRow.cpp:1442]   --->   Operation 54 'store' 'store_ln129' <Predicate = (icmp_ln1436 & icmp_ln1436_1)> <Delay = 1.23> <CoreInst = "RAM_2P_BRAM">   --->   Core 93 'RAM_2P_BRAM' <Latency = 1> <II = 1> <Delay = 1.23> <Storage> <Opcode : 'load' 'store'> <Ports = 2> <Width = 16> <Depth = 32> <RAM>
ST_1 : Operation 55 [1/1] (0.00ns)   --->   "%targetSites_count_1_addr = getelementptr i16 %targetSites_count_1, i64 0, i64 %zext_ln1436" [/home/xiaorang/Documents/ATOMFLOW/sorting-organized-main/src/sortLatticeByRow.cpp:129->/home/xiaorang/Documents/ATOMFLOW/sorting-organized-main/src/sortLatticeByRow.cpp:1443]   --->   Operation 55 'getelementptr' 'targetSites_count_1_addr' <Predicate = (icmp_ln1436 & icmp_ln1436_1)> <Delay = 0.00>
ST_1 : Operation 56 [1/1] ( I:1.23ns O:1.23ns )   --->   "%store_ln129 = store i16 0, i5 %targetSites_count_1_addr" [/home/xiaorang/Documents/ATOMFLOW/sorting-organized-main/src/sortLatticeByRow.cpp:129->/home/xiaorang/Documents/ATOMFLOW/sorting-organized-main/src/sortLatticeByRow.cpp:1443]   --->   Operation 56 'store' 'store_ln129' <Predicate = (icmp_ln1436 & icmp_ln1436_1)> <Delay = 1.23> <CoreInst = "RAM_2P_BRAM">   --->   Core 93 'RAM_2P_BRAM' <Latency = 1> <II = 1> <Delay = 1.23> <Storage> <Opcode : 'load' 'store'> <Ports = 2> <Width = 16> <Depth = 32> <RAM>
ST_1 : Operation 57 [1/1] (0.00ns)   --->   "%tmp_524 = partselect i6 @_ssdm_op_PartSelect.i6.i9.i32.i32, i9 %i_119, i32 2, i32 7" [/home/xiaorang/Documents/ATOMFLOW/sorting-organized-main/src/sortLatticeByRow.cpp:1436]   --->   Operation 57 'partselect' 'tmp_524' <Predicate = (icmp_ln1436 & icmp_ln1436_1)> <Delay = 0.00>
ST_1 : Operation 58 [1/1] (0.00ns)   --->   "%i_121 = bitconcatenate i8 @_ssdm_op_BitConcatenate.i8.i6.i2, i6 %tmp_524, i2 2" [/home/xiaorang/Documents/ATOMFLOW/sorting-organized-main/src/sortLatticeByRow.cpp:1436]   --->   Operation 58 'bitconcatenate' 'i_121' <Predicate = (icmp_ln1436 & icmp_ln1436_1)> <Delay = 0.00>
ST_1 : Operation 59 [1/1] (0.00ns)   --->   "%zext_ln1436_2 = zext i8 %i_121" [/home/xiaorang/Documents/ATOMFLOW/sorting-organized-main/src/sortLatticeByRow.cpp:1436]   --->   Operation 59 'zext' 'zext_ln1436_2' <Predicate = (icmp_ln1436 & icmp_ln1436_1)> <Delay = 0.00>
ST_1 : Operation 60 [1/1] (0.77ns)   --->   "%icmp_ln1436_2 = icmp_ult  i9 %zext_ln1436_2, i9 %tmp" [/home/xiaorang/Documents/ATOMFLOW/sorting-organized-main/src/sortLatticeByRow.cpp:1436]   --->   Operation 60 'icmp' 'icmp_ln1436_2' <Predicate = (icmp_ln1436 & icmp_ln1436_1)> <Delay = 0.77> <CoreInst = "Cmp">   --->   Core 9 'Cmp' <Latency = 0> <II = 1> <Delay = 0.77> <FuncUnit> <Opcode : 'seteq' 'setne' 'setle' 'setge' 'setlt' 'setgt'> <InPorts = 2> <OutPorts = 1>
ST_1 : Operation 61 [1/1] (0.00ns)   --->   "%br_ln1436 = br i1 %icmp_ln1436_2, void %for.cond.for.cond.cleanup_crit_edge.exitStub, void %for.inc.2" [/home/xiaorang/Documents/ATOMFLOW/sorting-organized-main/src/sortLatticeByRow.cpp:1436]   --->   Operation 61 'br' 'br_ln1436' <Predicate = (icmp_ln1436 & icmp_ln1436_1)> <Delay = 0.00>
ST_1 : Operation 62 [1/1] (0.00ns)   --->   "%unusableAtoms_count_2_addr = getelementptr i16 %unusableAtoms_count_2, i64 0, i64 %zext_ln1436" [/home/xiaorang/Documents/ATOMFLOW/sorting-organized-main/src/sortLatticeByRow.cpp:129->/home/xiaorang/Documents/ATOMFLOW/sorting-organized-main/src/sortLatticeByRow.cpp:1441]   --->   Operation 62 'getelementptr' 'unusableAtoms_count_2_addr' <Predicate = (icmp_ln1436 & icmp_ln1436_1 & icmp_ln1436_2)> <Delay = 0.00>
ST_1 : Operation 63 [1/1] ( I:1.23ns O:1.23ns )   --->   "%store_ln129 = store i16 0, i5 %unusableAtoms_count_2_addr" [/home/xiaorang/Documents/ATOMFLOW/sorting-organized-main/src/sortLatticeByRow.cpp:129->/home/xiaorang/Documents/ATOMFLOW/sorting-organized-main/src/sortLatticeByRow.cpp:1441]   --->   Operation 63 'store' 'store_ln129' <Predicate = (icmp_ln1436 & icmp_ln1436_1 & icmp_ln1436_2)> <Delay = 1.23> <CoreInst = "RAM_2P_BRAM">   --->   Core 93 'RAM_2P_BRAM' <Latency = 1> <II = 1> <Delay = 1.23> <Storage> <Opcode : 'load' 'store'> <Ports = 2> <Width = 16> <Depth = 32> <RAM>
ST_1 : Operation 64 [1/1] (0.00ns)   --->   "%usableAtoms_count_2_addr = getelementptr i16 %usableAtoms_count_2, i64 0, i64 %zext_ln1436" [/home/xiaorang/Documents/ATOMFLOW/sorting-organized-main/src/sortLatticeByRow.cpp:129->/home/xiaorang/Documents/ATOMFLOW/sorting-organized-main/src/sortLatticeByRow.cpp:1442]   --->   Operation 64 'getelementptr' 'usableAtoms_count_2_addr' <Predicate = (icmp_ln1436 & icmp_ln1436_1 & icmp_ln1436_2)> <Delay = 0.00>
ST_1 : Operation 65 [1/1] ( I:1.23ns O:1.23ns )   --->   "%store_ln129 = store i16 0, i5 %usableAtoms_count_2_addr" [/home/xiaorang/Documents/ATOMFLOW/sorting-organized-main/src/sortLatticeByRow.cpp:129->/home/xiaorang/Documents/ATOMFLOW/sorting-organized-main/src/sortLatticeByRow.cpp:1442]   --->   Operation 65 'store' 'store_ln129' <Predicate = (icmp_ln1436 & icmp_ln1436_1 & icmp_ln1436_2)> <Delay = 1.23> <CoreInst = "RAM_2P_BRAM">   --->   Core 93 'RAM_2P_BRAM' <Latency = 1> <II = 1> <Delay = 1.23> <Storage> <Opcode : 'load' 'store'> <Ports = 2> <Width = 16> <Depth = 32> <RAM>
ST_1 : Operation 66 [1/1] (0.00ns)   --->   "%targetSites_count_2_addr = getelementptr i16 %targetSites_count_2, i64 0, i64 %zext_ln1436" [/home/xiaorang/Documents/ATOMFLOW/sorting-organized-main/src/sortLatticeByRow.cpp:129->/home/xiaorang/Documents/ATOMFLOW/sorting-organized-main/src/sortLatticeByRow.cpp:1443]   --->   Operation 66 'getelementptr' 'targetSites_count_2_addr' <Predicate = (icmp_ln1436 & icmp_ln1436_1 & icmp_ln1436_2)> <Delay = 0.00>
ST_1 : Operation 67 [1/1] ( I:1.23ns O:1.23ns )   --->   "%store_ln129 = store i16 0, i5 %targetSites_count_2_addr" [/home/xiaorang/Documents/ATOMFLOW/sorting-organized-main/src/sortLatticeByRow.cpp:129->/home/xiaorang/Documents/ATOMFLOW/sorting-organized-main/src/sortLatticeByRow.cpp:1443]   --->   Operation 67 'store' 'store_ln129' <Predicate = (icmp_ln1436 & icmp_ln1436_1 & icmp_ln1436_2)> <Delay = 1.23> <CoreInst = "RAM_2P_BRAM">   --->   Core 93 'RAM_2P_BRAM' <Latency = 1> <II = 1> <Delay = 1.23> <Storage> <Opcode : 'load' 'store'> <Ports = 2> <Width = 16> <Depth = 32> <RAM>
ST_1 : Operation 68 [1/1] (0.00ns)   --->   "%i_122 = bitconcatenate i8 @_ssdm_op_BitConcatenate.i8.i6.i2, i6 %tmp_524, i2 3" [/home/xiaorang/Documents/ATOMFLOW/sorting-organized-main/src/sortLatticeByRow.cpp:1436]   --->   Operation 68 'bitconcatenate' 'i_122' <Predicate = (icmp_ln1436 & icmp_ln1436_1 & icmp_ln1436_2)> <Delay = 0.00>
ST_1 : Operation 69 [1/1] (0.00ns)   --->   "%zext_ln1436_3 = zext i8 %i_122" [/home/xiaorang/Documents/ATOMFLOW/sorting-organized-main/src/sortLatticeByRow.cpp:1436]   --->   Operation 69 'zext' 'zext_ln1436_3' <Predicate = (icmp_ln1436 & icmp_ln1436_1 & icmp_ln1436_2)> <Delay = 0.00>
ST_1 : Operation 70 [1/1] (0.77ns)   --->   "%icmp_ln1436_3 = icmp_ult  i9 %zext_ln1436_3, i9 %tmp" [/home/xiaorang/Documents/ATOMFLOW/sorting-organized-main/src/sortLatticeByRow.cpp:1436]   --->   Operation 70 'icmp' 'icmp_ln1436_3' <Predicate = (icmp_ln1436 & icmp_ln1436_1 & icmp_ln1436_2)> <Delay = 0.77> <CoreInst = "Cmp">   --->   Core 9 'Cmp' <Latency = 0> <II = 1> <Delay = 0.77> <FuncUnit> <Opcode : 'seteq' 'setne' 'setle' 'setge' 'setlt' 'setgt'> <InPorts = 2> <OutPorts = 1>
ST_1 : Operation 71 [1/1] (0.00ns)   --->   "%br_ln1436 = br i1 %icmp_ln1436_3, void %for.cond.for.cond.cleanup_crit_edge.exitStub, void %for.inc.3" [/home/xiaorang/Documents/ATOMFLOW/sorting-organized-main/src/sortLatticeByRow.cpp:1436]   --->   Operation 71 'br' 'br_ln1436' <Predicate = (icmp_ln1436 & icmp_ln1436_1 & icmp_ln1436_2)> <Delay = 0.00>
ST_1 : Operation 72 [1/1] (0.00ns)   --->   "%unusableAtoms_count_3_addr = getelementptr i16 %unusableAtoms_count_3, i64 0, i64 %zext_ln1436" [/home/xiaorang/Documents/ATOMFLOW/sorting-organized-main/src/sortLatticeByRow.cpp:129->/home/xiaorang/Documents/ATOMFLOW/sorting-organized-main/src/sortLatticeByRow.cpp:1441]   --->   Operation 72 'getelementptr' 'unusableAtoms_count_3_addr' <Predicate = (icmp_ln1436 & icmp_ln1436_1 & icmp_ln1436_2 & icmp_ln1436_3)> <Delay = 0.00>
ST_1 : Operation 73 [1/1] ( I:1.23ns O:1.23ns )   --->   "%store_ln129 = store i16 0, i5 %unusableAtoms_count_3_addr" [/home/xiaorang/Documents/ATOMFLOW/sorting-organized-main/src/sortLatticeByRow.cpp:129->/home/xiaorang/Documents/ATOMFLOW/sorting-organized-main/src/sortLatticeByRow.cpp:1441]   --->   Operation 73 'store' 'store_ln129' <Predicate = (icmp_ln1436 & icmp_ln1436_1 & icmp_ln1436_2 & icmp_ln1436_3)> <Delay = 1.23> <CoreInst = "RAM_2P_BRAM">   --->   Core 93 'RAM_2P_BRAM' <Latency = 1> <II = 1> <Delay = 1.23> <Storage> <Opcode : 'load' 'store'> <Ports = 2> <Width = 16> <Depth = 32> <RAM>
ST_1 : Operation 74 [1/1] (0.00ns)   --->   "%usableAtoms_count_3_addr = getelementptr i16 %usableAtoms_count_3, i64 0, i64 %zext_ln1436" [/home/xiaorang/Documents/ATOMFLOW/sorting-organized-main/src/sortLatticeByRow.cpp:129->/home/xiaorang/Documents/ATOMFLOW/sorting-organized-main/src/sortLatticeByRow.cpp:1442]   --->   Operation 74 'getelementptr' 'usableAtoms_count_3_addr' <Predicate = (icmp_ln1436 & icmp_ln1436_1 & icmp_ln1436_2 & icmp_ln1436_3)> <Delay = 0.00>
ST_1 : Operation 75 [1/1] ( I:1.23ns O:1.23ns )   --->   "%store_ln129 = store i16 0, i5 %usableAtoms_count_3_addr" [/home/xiaorang/Documents/ATOMFLOW/sorting-organized-main/src/sortLatticeByRow.cpp:129->/home/xiaorang/Documents/ATOMFLOW/sorting-organized-main/src/sortLatticeByRow.cpp:1442]   --->   Operation 75 'store' 'store_ln129' <Predicate = (icmp_ln1436 & icmp_ln1436_1 & icmp_ln1436_2 & icmp_ln1436_3)> <Delay = 1.23> <CoreInst = "RAM_2P_BRAM">   --->   Core 93 'RAM_2P_BRAM' <Latency = 1> <II = 1> <Delay = 1.23> <Storage> <Opcode : 'load' 'store'> <Ports = 2> <Width = 16> <Depth = 32> <RAM>
ST_1 : Operation 76 [1/1] (0.00ns)   --->   "%targetSites_count_3_addr = getelementptr i16 %targetSites_count_3, i64 0, i64 %zext_ln1436" [/home/xiaorang/Documents/ATOMFLOW/sorting-organized-main/src/sortLatticeByRow.cpp:129->/home/xiaorang/Documents/ATOMFLOW/sorting-organized-main/src/sortLatticeByRow.cpp:1443]   --->   Operation 76 'getelementptr' 'targetSites_count_3_addr' <Predicate = (icmp_ln1436 & icmp_ln1436_1 & icmp_ln1436_2 & icmp_ln1436_3)> <Delay = 0.00>
ST_1 : Operation 77 [1/1] ( I:1.23ns O:1.23ns )   --->   "%store_ln129 = store i16 0, i5 %targetSites_count_3_addr" [/home/xiaorang/Documents/ATOMFLOW/sorting-organized-main/src/sortLatticeByRow.cpp:129->/home/xiaorang/Documents/ATOMFLOW/sorting-organized-main/src/sortLatticeByRow.cpp:1443]   --->   Operation 77 'store' 'store_ln129' <Predicate = (icmp_ln1436 & icmp_ln1436_1 & icmp_ln1436_2 & icmp_ln1436_3)> <Delay = 1.23> <CoreInst = "RAM_2P_BRAM">   --->   Core 93 'RAM_2P_BRAM' <Latency = 1> <II = 1> <Delay = 1.23> <Storage> <Opcode : 'load' 'store'> <Ports = 2> <Width = 16> <Depth = 32> <RAM>
ST_1 : Operation 78 [1/1] (0.00ns)   --->   "%i_123 = bitconcatenate i8 @_ssdm_op_BitConcatenate.i8.i5.i3, i5 %lshr_ln, i3 4" [/home/xiaorang/Documents/ATOMFLOW/sorting-organized-main/src/sortLatticeByRow.cpp:1436]   --->   Operation 78 'bitconcatenate' 'i_123' <Predicate = (icmp_ln1436 & icmp_ln1436_1 & icmp_ln1436_2 & icmp_ln1436_3)> <Delay = 0.00>
ST_1 : Operation 79 [1/1] (0.00ns)   --->   "%zext_ln1436_4 = zext i8 %i_123" [/home/xiaorang/Documents/ATOMFLOW/sorting-organized-main/src/sortLatticeByRow.cpp:1436]   --->   Operation 79 'zext' 'zext_ln1436_4' <Predicate = (icmp_ln1436 & icmp_ln1436_1 & icmp_ln1436_2 & icmp_ln1436_3)> <Delay = 0.00>
ST_1 : Operation 80 [1/1] (0.77ns)   --->   "%icmp_ln1436_4 = icmp_ult  i9 %zext_ln1436_4, i9 %tmp" [/home/xiaorang/Documents/ATOMFLOW/sorting-organized-main/src/sortLatticeByRow.cpp:1436]   --->   Operation 80 'icmp' 'icmp_ln1436_4' <Predicate = (icmp_ln1436 & icmp_ln1436_1 & icmp_ln1436_2 & icmp_ln1436_3)> <Delay = 0.77> <CoreInst = "Cmp">   --->   Core 9 'Cmp' <Latency = 0> <II = 1> <Delay = 0.77> <FuncUnit> <Opcode : 'seteq' 'setne' 'setle' 'setge' 'setlt' 'setgt'> <InPorts = 2> <OutPorts = 1>
ST_1 : Operation 81 [1/1] (0.00ns)   --->   "%br_ln1436 = br i1 %icmp_ln1436_4, void %for.cond.for.cond.cleanup_crit_edge.exitStub, void %for.inc.4" [/home/xiaorang/Documents/ATOMFLOW/sorting-organized-main/src/sortLatticeByRow.cpp:1436]   --->   Operation 81 'br' 'br_ln1436' <Predicate = (icmp_ln1436 & icmp_ln1436_1 & icmp_ln1436_2 & icmp_ln1436_3)> <Delay = 0.00>
ST_1 : Operation 82 [1/1] (0.00ns)   --->   "%unusableAtoms_count_4_addr = getelementptr i16 %unusableAtoms_count_4, i64 0, i64 %zext_ln1436" [/home/xiaorang/Documents/ATOMFLOW/sorting-organized-main/src/sortLatticeByRow.cpp:129->/home/xiaorang/Documents/ATOMFLOW/sorting-organized-main/src/sortLatticeByRow.cpp:1441]   --->   Operation 82 'getelementptr' 'unusableAtoms_count_4_addr' <Predicate = (icmp_ln1436 & icmp_ln1436_1 & icmp_ln1436_2 & icmp_ln1436_3 & icmp_ln1436_4)> <Delay = 0.00>
ST_1 : Operation 83 [1/1] ( I:1.23ns O:1.23ns )   --->   "%store_ln129 = store i16 0, i5 %unusableAtoms_count_4_addr" [/home/xiaorang/Documents/ATOMFLOW/sorting-organized-main/src/sortLatticeByRow.cpp:129->/home/xiaorang/Documents/ATOMFLOW/sorting-organized-main/src/sortLatticeByRow.cpp:1441]   --->   Operation 83 'store' 'store_ln129' <Predicate = (icmp_ln1436 & icmp_ln1436_1 & icmp_ln1436_2 & icmp_ln1436_3 & icmp_ln1436_4)> <Delay = 1.23> <CoreInst = "RAM_2P_BRAM">   --->   Core 93 'RAM_2P_BRAM' <Latency = 1> <II = 1> <Delay = 1.23> <Storage> <Opcode : 'load' 'store'> <Ports = 2> <Width = 16> <Depth = 32> <RAM>
ST_1 : Operation 84 [1/1] (0.00ns)   --->   "%usableAtoms_count_4_addr = getelementptr i16 %usableAtoms_count_4, i64 0, i64 %zext_ln1436" [/home/xiaorang/Documents/ATOMFLOW/sorting-organized-main/src/sortLatticeByRow.cpp:129->/home/xiaorang/Documents/ATOMFLOW/sorting-organized-main/src/sortLatticeByRow.cpp:1442]   --->   Operation 84 'getelementptr' 'usableAtoms_count_4_addr' <Predicate = (icmp_ln1436 & icmp_ln1436_1 & icmp_ln1436_2 & icmp_ln1436_3 & icmp_ln1436_4)> <Delay = 0.00>
ST_1 : Operation 85 [1/1] ( I:1.23ns O:1.23ns )   --->   "%store_ln129 = store i16 0, i5 %usableAtoms_count_4_addr" [/home/xiaorang/Documents/ATOMFLOW/sorting-organized-main/src/sortLatticeByRow.cpp:129->/home/xiaorang/Documents/ATOMFLOW/sorting-organized-main/src/sortLatticeByRow.cpp:1442]   --->   Operation 85 'store' 'store_ln129' <Predicate = (icmp_ln1436 & icmp_ln1436_1 & icmp_ln1436_2 & icmp_ln1436_3 & icmp_ln1436_4)> <Delay = 1.23> <CoreInst = "RAM_2P_BRAM">   --->   Core 93 'RAM_2P_BRAM' <Latency = 1> <II = 1> <Delay = 1.23> <Storage> <Opcode : 'load' 'store'> <Ports = 2> <Width = 16> <Depth = 32> <RAM>
ST_1 : Operation 86 [1/1] (0.00ns)   --->   "%targetSites_count_4_addr = getelementptr i16 %targetSites_count_4, i64 0, i64 %zext_ln1436" [/home/xiaorang/Documents/ATOMFLOW/sorting-organized-main/src/sortLatticeByRow.cpp:129->/home/xiaorang/Documents/ATOMFLOW/sorting-organized-main/src/sortLatticeByRow.cpp:1443]   --->   Operation 86 'getelementptr' 'targetSites_count_4_addr' <Predicate = (icmp_ln1436 & icmp_ln1436_1 & icmp_ln1436_2 & icmp_ln1436_3 & icmp_ln1436_4)> <Delay = 0.00>
ST_1 : Operation 87 [1/1] ( I:1.23ns O:1.23ns )   --->   "%store_ln129 = store i16 0, i5 %targetSites_count_4_addr" [/home/xiaorang/Documents/ATOMFLOW/sorting-organized-main/src/sortLatticeByRow.cpp:129->/home/xiaorang/Documents/ATOMFLOW/sorting-organized-main/src/sortLatticeByRow.cpp:1443]   --->   Operation 87 'store' 'store_ln129' <Predicate = (icmp_ln1436 & icmp_ln1436_1 & icmp_ln1436_2 & icmp_ln1436_3 & icmp_ln1436_4)> <Delay = 1.23> <CoreInst = "RAM_2P_BRAM">   --->   Core 93 'RAM_2P_BRAM' <Latency = 1> <II = 1> <Delay = 1.23> <Storage> <Opcode : 'load' 'store'> <Ports = 2> <Width = 16> <Depth = 32> <RAM>
ST_1 : Operation 88 [1/1] (0.00ns)   --->   "%tmp_550 = bitselect i1 @_ssdm_op_BitSelect.i1.i9.i32, i9 %i_119, i32 1" [/home/xiaorang/Documents/ATOMFLOW/sorting-organized-main/src/sortLatticeByRow.cpp:1436]   --->   Operation 88 'bitselect' 'tmp_550' <Predicate = (icmp_ln1436 & icmp_ln1436_1 & icmp_ln1436_2 & icmp_ln1436_3 & icmp_ln1436_4)> <Delay = 0.00>
ST_1 : Operation 89 [1/1] (0.00ns)   --->   "%i_124 = bitconcatenate i8 @_ssdm_op_BitConcatenate.i8.i5.i1.i1.i1, i5 %lshr_ln, i1 1, i1 %tmp_550, i1 1" [/home/xiaorang/Documents/ATOMFLOW/sorting-organized-main/src/sortLatticeByRow.cpp:1436]   --->   Operation 89 'bitconcatenate' 'i_124' <Predicate = (icmp_ln1436 & icmp_ln1436_1 & icmp_ln1436_2 & icmp_ln1436_3 & icmp_ln1436_4)> <Delay = 0.00>
ST_1 : Operation 90 [1/1] (0.00ns)   --->   "%zext_ln1436_5 = zext i8 %i_124" [/home/xiaorang/Documents/ATOMFLOW/sorting-organized-main/src/sortLatticeByRow.cpp:1436]   --->   Operation 90 'zext' 'zext_ln1436_5' <Predicate = (icmp_ln1436 & icmp_ln1436_1 & icmp_ln1436_2 & icmp_ln1436_3 & icmp_ln1436_4)> <Delay = 0.00>
ST_1 : Operation 91 [1/1] (0.77ns)   --->   "%icmp_ln1436_5 = icmp_ult  i9 %zext_ln1436_5, i9 %tmp" [/home/xiaorang/Documents/ATOMFLOW/sorting-organized-main/src/sortLatticeByRow.cpp:1436]   --->   Operation 91 'icmp' 'icmp_ln1436_5' <Predicate = (icmp_ln1436 & icmp_ln1436_1 & icmp_ln1436_2 & icmp_ln1436_3 & icmp_ln1436_4)> <Delay = 0.77> <CoreInst = "Cmp">   --->   Core 9 'Cmp' <Latency = 0> <II = 1> <Delay = 0.77> <FuncUnit> <Opcode : 'seteq' 'setne' 'setle' 'setge' 'setlt' 'setgt'> <InPorts = 2> <OutPorts = 1>
ST_1 : Operation 92 [1/1] (0.00ns)   --->   "%br_ln1436 = br i1 %icmp_ln1436_5, void %for.cond.for.cond.cleanup_crit_edge.exitStub, void %for.inc.5" [/home/xiaorang/Documents/ATOMFLOW/sorting-organized-main/src/sortLatticeByRow.cpp:1436]   --->   Operation 92 'br' 'br_ln1436' <Predicate = (icmp_ln1436 & icmp_ln1436_1 & icmp_ln1436_2 & icmp_ln1436_3 & icmp_ln1436_4)> <Delay = 0.00>
ST_1 : Operation 93 [1/1] (0.00ns)   --->   "%unusableAtoms_count_5_addr = getelementptr i16 %unusableAtoms_count_5, i64 0, i64 %zext_ln1436" [/home/xiaorang/Documents/ATOMFLOW/sorting-organized-main/src/sortLatticeByRow.cpp:129->/home/xiaorang/Documents/ATOMFLOW/sorting-organized-main/src/sortLatticeByRow.cpp:1441]   --->   Operation 93 'getelementptr' 'unusableAtoms_count_5_addr' <Predicate = (icmp_ln1436 & icmp_ln1436_1 & icmp_ln1436_2 & icmp_ln1436_3 & icmp_ln1436_4 & icmp_ln1436_5)> <Delay = 0.00>
ST_1 : Operation 94 [1/1] ( I:1.23ns O:1.23ns )   --->   "%store_ln129 = store i16 0, i5 %unusableAtoms_count_5_addr" [/home/xiaorang/Documents/ATOMFLOW/sorting-organized-main/src/sortLatticeByRow.cpp:129->/home/xiaorang/Documents/ATOMFLOW/sorting-organized-main/src/sortLatticeByRow.cpp:1441]   --->   Operation 94 'store' 'store_ln129' <Predicate = (icmp_ln1436 & icmp_ln1436_1 & icmp_ln1436_2 & icmp_ln1436_3 & icmp_ln1436_4 & icmp_ln1436_5)> <Delay = 1.23> <CoreInst = "RAM_2P_BRAM">   --->   Core 93 'RAM_2P_BRAM' <Latency = 1> <II = 1> <Delay = 1.23> <Storage> <Opcode : 'load' 'store'> <Ports = 2> <Width = 16> <Depth = 32> <RAM>
ST_1 : Operation 95 [1/1] (0.00ns)   --->   "%usableAtoms_count_5_addr = getelementptr i16 %usableAtoms_count_5, i64 0, i64 %zext_ln1436" [/home/xiaorang/Documents/ATOMFLOW/sorting-organized-main/src/sortLatticeByRow.cpp:129->/home/xiaorang/Documents/ATOMFLOW/sorting-organized-main/src/sortLatticeByRow.cpp:1442]   --->   Operation 95 'getelementptr' 'usableAtoms_count_5_addr' <Predicate = (icmp_ln1436 & icmp_ln1436_1 & icmp_ln1436_2 & icmp_ln1436_3 & icmp_ln1436_4 & icmp_ln1436_5)> <Delay = 0.00>
ST_1 : Operation 96 [1/1] ( I:1.23ns O:1.23ns )   --->   "%store_ln129 = store i16 0, i5 %usableAtoms_count_5_addr" [/home/xiaorang/Documents/ATOMFLOW/sorting-organized-main/src/sortLatticeByRow.cpp:129->/home/xiaorang/Documents/ATOMFLOW/sorting-organized-main/src/sortLatticeByRow.cpp:1442]   --->   Operation 96 'store' 'store_ln129' <Predicate = (icmp_ln1436 & icmp_ln1436_1 & icmp_ln1436_2 & icmp_ln1436_3 & icmp_ln1436_4 & icmp_ln1436_5)> <Delay = 1.23> <CoreInst = "RAM_2P_BRAM">   --->   Core 93 'RAM_2P_BRAM' <Latency = 1> <II = 1> <Delay = 1.23> <Storage> <Opcode : 'load' 'store'> <Ports = 2> <Width = 16> <Depth = 32> <RAM>
ST_1 : Operation 97 [1/1] (0.00ns)   --->   "%targetSites_count_5_addr = getelementptr i16 %targetSites_count_5, i64 0, i64 %zext_ln1436" [/home/xiaorang/Documents/ATOMFLOW/sorting-organized-main/src/sortLatticeByRow.cpp:129->/home/xiaorang/Documents/ATOMFLOW/sorting-organized-main/src/sortLatticeByRow.cpp:1443]   --->   Operation 97 'getelementptr' 'targetSites_count_5_addr' <Predicate = (icmp_ln1436 & icmp_ln1436_1 & icmp_ln1436_2 & icmp_ln1436_3 & icmp_ln1436_4 & icmp_ln1436_5)> <Delay = 0.00>
ST_1 : Operation 98 [1/1] ( I:1.23ns O:1.23ns )   --->   "%store_ln129 = store i16 0, i5 %targetSites_count_5_addr" [/home/xiaorang/Documents/ATOMFLOW/sorting-organized-main/src/sortLatticeByRow.cpp:129->/home/xiaorang/Documents/ATOMFLOW/sorting-organized-main/src/sortLatticeByRow.cpp:1443]   --->   Operation 98 'store' 'store_ln129' <Predicate = (icmp_ln1436 & icmp_ln1436_1 & icmp_ln1436_2 & icmp_ln1436_3 & icmp_ln1436_4 & icmp_ln1436_5)> <Delay = 1.23> <CoreInst = "RAM_2P_BRAM">   --->   Core 93 'RAM_2P_BRAM' <Latency = 1> <II = 1> <Delay = 1.23> <Storage> <Opcode : 'load' 'store'> <Ports = 2> <Width = 16> <Depth = 32> <RAM>
ST_1 : Operation 99 [1/1] (0.00ns)   --->   "%i_125 = bitconcatenate i8 @_ssdm_op_BitConcatenate.i8.i5.i3, i5 %lshr_ln, i3 6" [/home/xiaorang/Documents/ATOMFLOW/sorting-organized-main/src/sortLatticeByRow.cpp:1436]   --->   Operation 99 'bitconcatenate' 'i_125' <Predicate = (icmp_ln1436 & icmp_ln1436_1 & icmp_ln1436_2 & icmp_ln1436_3 & icmp_ln1436_4 & icmp_ln1436_5)> <Delay = 0.00>
ST_1 : Operation 100 [1/1] (0.00ns)   --->   "%zext_ln1436_6 = zext i8 %i_125" [/home/xiaorang/Documents/ATOMFLOW/sorting-organized-main/src/sortLatticeByRow.cpp:1436]   --->   Operation 100 'zext' 'zext_ln1436_6' <Predicate = (icmp_ln1436 & icmp_ln1436_1 & icmp_ln1436_2 & icmp_ln1436_3 & icmp_ln1436_4 & icmp_ln1436_5)> <Delay = 0.00>
ST_1 : Operation 101 [1/1] (0.77ns)   --->   "%icmp_ln1436_6 = icmp_ult  i9 %zext_ln1436_6, i9 %tmp" [/home/xiaorang/Documents/ATOMFLOW/sorting-organized-main/src/sortLatticeByRow.cpp:1436]   --->   Operation 101 'icmp' 'icmp_ln1436_6' <Predicate = (icmp_ln1436 & icmp_ln1436_1 & icmp_ln1436_2 & icmp_ln1436_3 & icmp_ln1436_4 & icmp_ln1436_5)> <Delay = 0.77> <CoreInst = "Cmp">   --->   Core 9 'Cmp' <Latency = 0> <II = 1> <Delay = 0.77> <FuncUnit> <Opcode : 'seteq' 'setne' 'setle' 'setge' 'setlt' 'setgt'> <InPorts = 2> <OutPorts = 1>
ST_1 : Operation 102 [1/1] (0.00ns)   --->   "%br_ln1436 = br i1 %icmp_ln1436_6, void %for.cond.for.cond.cleanup_crit_edge.exitStub, void %for.inc.6" [/home/xiaorang/Documents/ATOMFLOW/sorting-organized-main/src/sortLatticeByRow.cpp:1436]   --->   Operation 102 'br' 'br_ln1436' <Predicate = (icmp_ln1436 & icmp_ln1436_1 & icmp_ln1436_2 & icmp_ln1436_3 & icmp_ln1436_4 & icmp_ln1436_5)> <Delay = 0.00>
ST_1 : Operation 103 [1/1] (0.00ns)   --->   "%unusableAtoms_count_6_addr = getelementptr i16 %unusableAtoms_count_6, i64 0, i64 %zext_ln1436" [/home/xiaorang/Documents/ATOMFLOW/sorting-organized-main/src/sortLatticeByRow.cpp:129->/home/xiaorang/Documents/ATOMFLOW/sorting-organized-main/src/sortLatticeByRow.cpp:1441]   --->   Operation 103 'getelementptr' 'unusableAtoms_count_6_addr' <Predicate = (icmp_ln1436 & icmp_ln1436_1 & icmp_ln1436_2 & icmp_ln1436_3 & icmp_ln1436_4 & icmp_ln1436_5 & icmp_ln1436_6)> <Delay = 0.00>
ST_1 : Operation 104 [1/1] ( I:1.23ns O:1.23ns )   --->   "%store_ln129 = store i16 0, i5 %unusableAtoms_count_6_addr" [/home/xiaorang/Documents/ATOMFLOW/sorting-organized-main/src/sortLatticeByRow.cpp:129->/home/xiaorang/Documents/ATOMFLOW/sorting-organized-main/src/sortLatticeByRow.cpp:1441]   --->   Operation 104 'store' 'store_ln129' <Predicate = (icmp_ln1436 & icmp_ln1436_1 & icmp_ln1436_2 & icmp_ln1436_3 & icmp_ln1436_4 & icmp_ln1436_5 & icmp_ln1436_6)> <Delay = 1.23> <CoreInst = "RAM_2P_BRAM">   --->   Core 93 'RAM_2P_BRAM' <Latency = 1> <II = 1> <Delay = 1.23> <Storage> <Opcode : 'load' 'store'> <Ports = 2> <Width = 16> <Depth = 32> <RAM>
ST_1 : Operation 105 [1/1] (0.00ns)   --->   "%usableAtoms_count_6_addr = getelementptr i16 %usableAtoms_count_6, i64 0, i64 %zext_ln1436" [/home/xiaorang/Documents/ATOMFLOW/sorting-organized-main/src/sortLatticeByRow.cpp:129->/home/xiaorang/Documents/ATOMFLOW/sorting-organized-main/src/sortLatticeByRow.cpp:1442]   --->   Operation 105 'getelementptr' 'usableAtoms_count_6_addr' <Predicate = (icmp_ln1436 & icmp_ln1436_1 & icmp_ln1436_2 & icmp_ln1436_3 & icmp_ln1436_4 & icmp_ln1436_5 & icmp_ln1436_6)> <Delay = 0.00>
ST_1 : Operation 106 [1/1] ( I:1.23ns O:1.23ns )   --->   "%store_ln129 = store i16 0, i5 %usableAtoms_count_6_addr" [/home/xiaorang/Documents/ATOMFLOW/sorting-organized-main/src/sortLatticeByRow.cpp:129->/home/xiaorang/Documents/ATOMFLOW/sorting-organized-main/src/sortLatticeByRow.cpp:1442]   --->   Operation 106 'store' 'store_ln129' <Predicate = (icmp_ln1436 & icmp_ln1436_1 & icmp_ln1436_2 & icmp_ln1436_3 & icmp_ln1436_4 & icmp_ln1436_5 & icmp_ln1436_6)> <Delay = 1.23> <CoreInst = "RAM_2P_BRAM">   --->   Core 93 'RAM_2P_BRAM' <Latency = 1> <II = 1> <Delay = 1.23> <Storage> <Opcode : 'load' 'store'> <Ports = 2> <Width = 16> <Depth = 32> <RAM>
ST_1 : Operation 107 [1/1] (0.00ns)   --->   "%targetSites_count_6_addr = getelementptr i16 %targetSites_count_6, i64 0, i64 %zext_ln1436" [/home/xiaorang/Documents/ATOMFLOW/sorting-organized-main/src/sortLatticeByRow.cpp:129->/home/xiaorang/Documents/ATOMFLOW/sorting-organized-main/src/sortLatticeByRow.cpp:1443]   --->   Operation 107 'getelementptr' 'targetSites_count_6_addr' <Predicate = (icmp_ln1436 & icmp_ln1436_1 & icmp_ln1436_2 & icmp_ln1436_3 & icmp_ln1436_4 & icmp_ln1436_5 & icmp_ln1436_6)> <Delay = 0.00>
ST_1 : Operation 108 [1/1] ( I:1.23ns O:1.23ns )   --->   "%store_ln129 = store i16 0, i5 %targetSites_count_6_addr" [/home/xiaorang/Documents/ATOMFLOW/sorting-organized-main/src/sortLatticeByRow.cpp:129->/home/xiaorang/Documents/ATOMFLOW/sorting-organized-main/src/sortLatticeByRow.cpp:1443]   --->   Operation 108 'store' 'store_ln129' <Predicate = (icmp_ln1436 & icmp_ln1436_1 & icmp_ln1436_2 & icmp_ln1436_3 & icmp_ln1436_4 & icmp_ln1436_5 & icmp_ln1436_6)> <Delay = 1.23> <CoreInst = "RAM_2P_BRAM">   --->   Core 93 'RAM_2P_BRAM' <Latency = 1> <II = 1> <Delay = 1.23> <Storage> <Opcode : 'load' 'store'> <Ports = 2> <Width = 16> <Depth = 32> <RAM>
ST_1 : Operation 109 [1/1] (0.00ns)   --->   "%i_126 = bitconcatenate i8 @_ssdm_op_BitConcatenate.i8.i5.i3, i5 %lshr_ln, i3 7" [/home/xiaorang/Documents/ATOMFLOW/sorting-organized-main/src/sortLatticeByRow.cpp:1436]   --->   Operation 109 'bitconcatenate' 'i_126' <Predicate = (icmp_ln1436 & icmp_ln1436_1 & icmp_ln1436_2 & icmp_ln1436_3 & icmp_ln1436_4 & icmp_ln1436_5 & icmp_ln1436_6)> <Delay = 0.00>
ST_1 : Operation 110 [1/1] (0.00ns)   --->   "%zext_ln1436_7 = zext i8 %i_126" [/home/xiaorang/Documents/ATOMFLOW/sorting-organized-main/src/sortLatticeByRow.cpp:1436]   --->   Operation 110 'zext' 'zext_ln1436_7' <Predicate = (icmp_ln1436 & icmp_ln1436_1 & icmp_ln1436_2 & icmp_ln1436_3 & icmp_ln1436_4 & icmp_ln1436_5 & icmp_ln1436_6)> <Delay = 0.00>
ST_1 : Operation 111 [1/1] (0.77ns)   --->   "%icmp_ln1436_7 = icmp_ult  i9 %zext_ln1436_7, i9 %tmp" [/home/xiaorang/Documents/ATOMFLOW/sorting-organized-main/src/sortLatticeByRow.cpp:1436]   --->   Operation 111 'icmp' 'icmp_ln1436_7' <Predicate = (icmp_ln1436 & icmp_ln1436_1 & icmp_ln1436_2 & icmp_ln1436_3 & icmp_ln1436_4 & icmp_ln1436_5 & icmp_ln1436_6)> <Delay = 0.77> <CoreInst = "Cmp">   --->   Core 9 'Cmp' <Latency = 0> <II = 1> <Delay = 0.77> <FuncUnit> <Opcode : 'seteq' 'setne' 'setle' 'setge' 'setlt' 'setgt'> <InPorts = 2> <OutPorts = 1>
ST_1 : Operation 112 [1/1] (0.00ns)   --->   "%br_ln1436 = br i1 %icmp_ln1436_7, void %for.cond.for.cond.cleanup_crit_edge.exitStub, void %for.inc.7" [/home/xiaorang/Documents/ATOMFLOW/sorting-organized-main/src/sortLatticeByRow.cpp:1436]   --->   Operation 112 'br' 'br_ln1436' <Predicate = (icmp_ln1436 & icmp_ln1436_1 & icmp_ln1436_2 & icmp_ln1436_3 & icmp_ln1436_4 & icmp_ln1436_5 & icmp_ln1436_6)> <Delay = 0.00>
ST_1 : Operation 113 [1/1] (0.00ns)   --->   "%unusableAtoms_count_7_addr = getelementptr i16 %unusableAtoms_count_7, i64 0, i64 %zext_ln1436" [/home/xiaorang/Documents/ATOMFLOW/sorting-organized-main/src/sortLatticeByRow.cpp:129->/home/xiaorang/Documents/ATOMFLOW/sorting-organized-main/src/sortLatticeByRow.cpp:1441]   --->   Operation 113 'getelementptr' 'unusableAtoms_count_7_addr' <Predicate = (icmp_ln1436 & icmp_ln1436_1 & icmp_ln1436_2 & icmp_ln1436_3 & icmp_ln1436_4 & icmp_ln1436_5 & icmp_ln1436_6 & icmp_ln1436_7)> <Delay = 0.00>
ST_1 : Operation 114 [1/1] ( I:1.23ns O:1.23ns )   --->   "%store_ln129 = store i16 0, i5 %unusableAtoms_count_7_addr" [/home/xiaorang/Documents/ATOMFLOW/sorting-organized-main/src/sortLatticeByRow.cpp:129->/home/xiaorang/Documents/ATOMFLOW/sorting-organized-main/src/sortLatticeByRow.cpp:1441]   --->   Operation 114 'store' 'store_ln129' <Predicate = (icmp_ln1436 & icmp_ln1436_1 & icmp_ln1436_2 & icmp_ln1436_3 & icmp_ln1436_4 & icmp_ln1436_5 & icmp_ln1436_6 & icmp_ln1436_7)> <Delay = 1.23> <CoreInst = "RAM_2P_BRAM">   --->   Core 93 'RAM_2P_BRAM' <Latency = 1> <II = 1> <Delay = 1.23> <Storage> <Opcode : 'load' 'store'> <Ports = 2> <Width = 16> <Depth = 32> <RAM>
ST_1 : Operation 115 [1/1] (0.00ns)   --->   "%usableAtoms_count_7_addr = getelementptr i16 %usableAtoms_count_7, i64 0, i64 %zext_ln1436" [/home/xiaorang/Documents/ATOMFLOW/sorting-organized-main/src/sortLatticeByRow.cpp:129->/home/xiaorang/Documents/ATOMFLOW/sorting-organized-main/src/sortLatticeByRow.cpp:1442]   --->   Operation 115 'getelementptr' 'usableAtoms_count_7_addr' <Predicate = (icmp_ln1436 & icmp_ln1436_1 & icmp_ln1436_2 & icmp_ln1436_3 & icmp_ln1436_4 & icmp_ln1436_5 & icmp_ln1436_6 & icmp_ln1436_7)> <Delay = 0.00>
ST_1 : Operation 116 [1/1] ( I:1.23ns O:1.23ns )   --->   "%store_ln129 = store i16 0, i5 %usableAtoms_count_7_addr" [/home/xiaorang/Documents/ATOMFLOW/sorting-organized-main/src/sortLatticeByRow.cpp:129->/home/xiaorang/Documents/ATOMFLOW/sorting-organized-main/src/sortLatticeByRow.cpp:1442]   --->   Operation 116 'store' 'store_ln129' <Predicate = (icmp_ln1436 & icmp_ln1436_1 & icmp_ln1436_2 & icmp_ln1436_3 & icmp_ln1436_4 & icmp_ln1436_5 & icmp_ln1436_6 & icmp_ln1436_7)> <Delay = 1.23> <CoreInst = "RAM_2P_BRAM">   --->   Core 93 'RAM_2P_BRAM' <Latency = 1> <II = 1> <Delay = 1.23> <Storage> <Opcode : 'load' 'store'> <Ports = 2> <Width = 16> <Depth = 32> <RAM>
ST_1 : Operation 117 [1/1] (0.00ns)   --->   "%targetSites_count_7_addr = getelementptr i16 %targetSites_count_7, i64 0, i64 %zext_ln1436" [/home/xiaorang/Documents/ATOMFLOW/sorting-organized-main/src/sortLatticeByRow.cpp:129->/home/xiaorang/Documents/ATOMFLOW/sorting-organized-main/src/sortLatticeByRow.cpp:1443]   --->   Operation 117 'getelementptr' 'targetSites_count_7_addr' <Predicate = (icmp_ln1436 & icmp_ln1436_1 & icmp_ln1436_2 & icmp_ln1436_3 & icmp_ln1436_4 & icmp_ln1436_5 & icmp_ln1436_6 & icmp_ln1436_7)> <Delay = 0.00>
ST_1 : Operation 118 [1/1] ( I:1.23ns O:1.23ns )   --->   "%store_ln129 = store i16 0, i5 %targetSites_count_7_addr" [/home/xiaorang/Documents/ATOMFLOW/sorting-organized-main/src/sortLatticeByRow.cpp:129->/home/xiaorang/Documents/ATOMFLOW/sorting-organized-main/src/sortLatticeByRow.cpp:1443]   --->   Operation 118 'store' 'store_ln129' <Predicate = (icmp_ln1436 & icmp_ln1436_1 & icmp_ln1436_2 & icmp_ln1436_3 & icmp_ln1436_4 & icmp_ln1436_5 & icmp_ln1436_6 & icmp_ln1436_7)> <Delay = 1.23> <CoreInst = "RAM_2P_BRAM">   --->   Core 93 'RAM_2P_BRAM' <Latency = 1> <II = 1> <Delay = 1.23> <Storage> <Opcode : 'load' 'store'> <Ports = 2> <Width = 16> <Depth = 32> <RAM>
ST_1 : Operation 119 [1/1] (0.77ns)   --->   "%i_127 = add i9 %i_119, i9 8" [/home/xiaorang/Documents/ATOMFLOW/sorting-organized-main/src/sortLatticeByRow.cpp:1436]   --->   Operation 119 'add' 'i_127' <Predicate = (icmp_ln1436 & icmp_ln1436_1 & icmp_ln1436_2 & icmp_ln1436_3 & icmp_ln1436_4 & icmp_ln1436_5 & icmp_ln1436_6 & icmp_ln1436_7)> <Delay = 0.77> <CoreInst = "Adder">   --->   Core 1 'Adder' <Latency = 0> <II = 1> <Delay = 0.77> <FuncUnit> <Opcode : 'add' 'sub'> <InPorts = 2> <OutPorts = 1>
ST_1 : Operation 120 [1/1] (0.42ns)   --->   "%store_ln1436 = store i9 %i_127, i9 %i" [/home/xiaorang/Documents/ATOMFLOW/sorting-organized-main/src/sortLatticeByRow.cpp:1436]   --->   Operation 120 'store' 'store_ln1436' <Predicate = (icmp_ln1436 & icmp_ln1436_1 & icmp_ln1436_2 & icmp_ln1436_3 & icmp_ln1436_4 & icmp_ln1436_5 & icmp_ln1436_6 & icmp_ln1436_7)> <Delay = 0.42>
ST_1 : Operation 121 [1/1] (0.00ns)   --->   "%br_ln1436 = br void %for.inc.0" [/home/xiaorang/Documents/ATOMFLOW/sorting-organized-main/src/sortLatticeByRow.cpp:1436]   --->   Operation 121 'br' 'br_ln1436' <Predicate = (icmp_ln1436 & icmp_ln1436_1 & icmp_ln1436_2 & icmp_ln1436_3 & icmp_ln1436_4 & icmp_ln1436_5 & icmp_ln1436_6 & icmp_ln1436_7)> <Delay = 0.00>
ST_1 : Operation 122 [1/1] (0.42ns)   --->   "%ret_ln0 = ret"   --->   Operation 122 'ret' 'ret_ln0' <Predicate = (!icmp_ln1436_7) | (!icmp_ln1436_6) | (!icmp_ln1436_5) | (!icmp_ln1436_4) | (!icmp_ln1436_3) | (!icmp_ln1436_2) | (!icmp_ln1436_1) | (!icmp_ln1436)> <Delay = 0.42>


============================================================
+ Verbose Summary: Timing violations
============================================================
Target clock period: 10.000ns, clock uncertainty: 2.700ns.

 <State 1>: 2.440ns
The critical path consists of the following:
	'store' operation 0 bit ('store_ln1436', /home/xiaorang/Documents/ATOMFLOW/sorting-organized-main/src/sortLatticeByRow.cpp:1436) of constant 0 on local variable 'i', /home/xiaorang/Documents/ATOMFLOW/sorting-organized-main/src/sortLatticeByRow.cpp:1436 [52]  (0.427 ns)
	'load' operation 9 bit ('i', /home/xiaorang/Documents/ATOMFLOW/sorting-organized-main/src/sortLatticeByRow.cpp:1436) on local variable 'i', /home/xiaorang/Documents/ATOMFLOW/sorting-organized-main/src/sortLatticeByRow.cpp:1436 [55]  (0.000 ns)
	'icmp' operation 1 bit ('icmp_ln1436', /home/xiaorang/Documents/ATOMFLOW/sorting-organized-main/src/sortLatticeByRow.cpp:1436) [56]  (0.776 ns)
	'store' operation 0 bit ('store_ln129', /home/xiaorang/Documents/ATOMFLOW/sorting-organized-main/src/sortLatticeByRow.cpp:129->/home/xiaorang/Documents/ATOMFLOW/sorting-organized-main/src/sortLatticeByRow.cpp:1441) of constant 0 on array 'unusableAtoms_count_4' [111]  (1.237 ns)


============================================================
+ Verbose Summary: Binding
============================================================
N/A
* FSMD analyzer results:
  - Output states:
 - Input state : 
  - Chain level:
	State 1


============================================================
+ Verbose Summary: Datapath Resource usage 
============================================================
N/A
