

================================================================
== Vitis HLS Report for 'findUnusableAtoms'
================================================================
* Date:           Thu Mar 26 11:03:16 2026

* Version:        2024.2 (Build 5238294 on Nov  8 2024)
* Project:        atomflow_controller_2024_2
* Solution:       hls (Vivado IP Flow Target)
* Product family: zynquplusRFSOC
* Target device:  xczu49dr-ffvf1760-2-e


================================================================
== Performance Estimates
================================================================
+ Timing: 
    * Summary: 
    +--------+----------+----------+------------+
    |  Clock |  Target  | Estimated| Uncertainty|
    +--------+----------+----------+------------+
    |ap_clk  |  10.00 ns|  4.048 ns|     2.70 ns|
    +--------+----------+----------+------------+

+ Latency: 
    * Summary: 
    +---------+---------+-----------+-----------+-----+------+---------+
    |  Latency (cycles) |   Latency (absolute)  |  Interval  | Pipeline|
    |   min   |   max   |    min    |    max    | min |  max |   Type  |
    +---------+---------+-----------+-----------+-----+------+---------+
    |        1|     5387|  10.000 ns|  53.870 us|    1|  5387|       no|
    +---------+---------+-----------+-----------+-----+------+---------+

    + Detail: 
        * Instance: 
        N/A

        * Loop: 
        +---------------------+---------+---------+----------+-----------+-----------+--------+----------+
        |                     |  Latency (cycles) | Iteration|  Initiation Interval  |  Trip  |          |
        |      Loop Name      |   min   |   max   |  Latency |  achieved |   target  |  Count | Pipelined|
        +---------------------+---------+---------+----------+-----------+-----------+--------+----------+
        |- VITIS_LOOP_1446_2  |        9|     5350|   9 ~ 107|          -|          -|  1 ~ 50|        no|
        +---------------------+---------+---------+----------+-----------+-----------+--------+----------+

============================================================
+ Verbose Summary: Synthesis Manager
============================================================
InlineROM: 1
ExposeGlobal: 0
============================================================
+ Verbose Summary: CDFG Model
============================================================
IsTopModel: 0
ResetActiveHigh: 1
IsCombinational: 0
IsDatapathOnly: 0
HasWiredReturn: 1
HasMFsm: 0
HasVarLatency: 1
IsPipeline: 0
IsRtlPipelined: 0
IsInstanceOverlapped: 0
IsDontTouch: 0
HasImplIP: 0
IsGatedGlobalClock: 0


============================================================
+ Verbose Summary: Schedule
============================================================
* Number of FSM states : 8
* Pipeline : 0
* Dataflow Pipeline: 0

* FSM state transitions: 
1 --> 2 8 
2 --> 3 
3 --> 4 8 
4 --> 5 
5 --> 6 
6 --> 7 
7 --> 3 
8 --> 

* FSM state operations: 

State 1 <SV = 0> <Delay = 3.31>
ST_1 : Operation 9 [1/1] (0.00ns)   --->   "%targetGeometry_cols_val_read = read i33 @_ssdm_op_Read.ap_auto.i33, i33 %targetGeometry_cols_val"   --->   Operation 9 'read' 'targetGeometry_cols_val_read' <Predicate = true> <Delay = 0.00>
ST_1 : Operation 10 [1/1] (0.00ns)   --->   "%compZoneColEnd_read = read i32 @_ssdm_op_Read.ap_auto.i32, i32 %compZoneColEnd"   --->   Operation 10 'read' 'compZoneColEnd_read' <Predicate = true> <Delay = 0.00>
ST_1 : Operation 11 [1/1] (0.00ns)   --->   "%compZoneColStart_read = read i32 @_ssdm_op_Read.ap_auto.i32, i32 %compZoneColStart"   --->   Operation 11 'read' 'compZoneColStart_read' <Predicate = true> <Delay = 0.00>
ST_1 : Operation 12 [1/1] (0.00ns)   --->   "%compZoneRowEnd_read = read i32 @_ssdm_op_Read.ap_auto.i32, i32 %compZoneRowEnd"   --->   Operation 12 'read' 'compZoneRowEnd_read' <Predicate = true> <Delay = 0.00>
ST_1 : Operation 13 [1/1] (0.00ns)   --->   "%compZoneRowStart_read = read i32 @_ssdm_op_Read.ap_auto.i32, i32 %compZoneRowStart"   --->   Operation 13 'read' 'compZoneRowStart_read' <Predicate = true> <Delay = 0.00>
ST_1 : Operation 14 [1/1] (0.00ns)   --->   "%arraySizeAC_read = read i32 @_ssdm_op_Read.ap_auto.i32, i32 %arraySizeAC"   --->   Operation 14 'read' 'arraySizeAC_read' <Predicate = true> <Delay = 0.00>
ST_1 : Operation 15 [1/1] (0.00ns)   --->   "%arraySizeXC_read = read i32 @_ssdm_op_Read.ap_auto.i32, i32 %arraySizeXC"   --->   Operation 15 'read' 'arraySizeXC_read' <Predicate = true> <Delay = 0.00>
ST_1 : Operation 16 [1/1] (0.00ns)   --->   "%stateArray_cols_val_read = read i15 @_ssdm_op_Read.ap_auto.i15, i15 %stateArray_cols_val"   --->   Operation 16 'read' 'stateArray_cols_val_read' <Predicate = true> <Delay = 0.00>
ST_1 : Operation 17 [1/1] (0.00ns)   --->   "%empty = trunc i32 %compZoneColStart_read"   --->   Operation 17 'trunc' 'empty' <Predicate = true> <Delay = 0.00>
ST_1 : Operation 18 [1/1] (0.00ns)   --->   "%empty_177 = trunc i33 %targetGeometry_cols_val_read"   --->   Operation 18 'trunc' 'empty_177' <Predicate = true> <Delay = 0.00>
ST_1 : Operation 19 [1/1] (0.00ns)   --->   "%empty_178 = trunc i32 %compZoneRowStart_read"   --->   Operation 19 'trunc' 'empty_178' <Predicate = true> <Delay = 0.00>
ST_1 : Operation 20 [1/1] (0.00ns)   --->   "%specmemcore_ln0 = specmemcore void @_ssdm_op_SpecMemCore, i16 %targetSites_count_0, i64 666, i64 22, i64 18446744073709551615"   --->   Operation 20 'specmemcore' 'specmemcore_ln0' <Predicate = true> <Delay = 0.00>
ST_1 : Operation 21 [1/1] (0.00ns)   --->   "%specmemcore_ln0 = specmemcore void @_ssdm_op_SpecMemCore, i16 %targetSites_count_1, i64 666, i64 22, i64 18446744073709551615"   --->   Operation 21 'specmemcore' 'specmemcore_ln0' <Predicate = true> <Delay = 0.00>
ST_1 : Operation 22 [1/1] (0.00ns)   --->   "%specmemcore_ln0 = specmemcore void @_ssdm_op_SpecMemCore, i16 %targetSites_count_2, i64 666, i64 22, i64 18446744073709551615"   --->   Operation 22 'specmemcore' 'specmemcore_ln0' <Predicate = true> <Delay = 0.00>
ST_1 : Operation 23 [1/1] (0.00ns)   --->   "%specmemcore_ln0 = specmemcore void @_ssdm_op_SpecMemCore, i16 %targetSites_count_3, i64 666, i64 22, i64 18446744073709551615"   --->   Operation 23 'specmemcore' 'specmemcore_ln0' <Predicate = true> <Delay = 0.00>
ST_1 : Operation 24 [1/1] (0.00ns)   --->   "%specmemcore_ln0 = specmemcore void @_ssdm_op_SpecMemCore, i16 %targetSites_count_4, i64 666, i64 22, i64 18446744073709551615"   --->   Operation 24 'specmemcore' 'specmemcore_ln0' <Predicate = true> <Delay = 0.00>
ST_1 : Operation 25 [1/1] (0.00ns)   --->   "%specmemcore_ln0 = specmemcore void @_ssdm_op_SpecMemCore, i16 %targetSites_count_5, i64 666, i64 22, i64 18446744073709551615"   --->   Operation 25 'specmemcore' 'specmemcore_ln0' <Predicate = true> <Delay = 0.00>
ST_1 : Operation 26 [1/1] (0.00ns)   --->   "%specmemcore_ln0 = specmemcore void @_ssdm_op_SpecMemCore, i16 %targetSites_count_6, i64 666, i64 22, i64 18446744073709551615"   --->   Operation 26 'specmemcore' 'specmemcore_ln0' <Predicate = true> <Delay = 0.00>
ST_1 : Operation 27 [1/1] (0.00ns)   --->   "%specmemcore_ln0 = specmemcore void @_ssdm_op_SpecMemCore, i16 %targetSites_count_7, i64 666, i64 22, i64 18446744073709551615"   --->   Operation 27 'specmemcore' 'specmemcore_ln0' <Predicate = true> <Delay = 0.00>
ST_1 : Operation 28 [1/1] (0.00ns)   --->   "%specmemcore_ln0 = specmemcore void @_ssdm_op_SpecMemCore, i8 %targetSites_data, i64 666, i64 22, i64 18446744073709551615"   --->   Operation 28 'specmemcore' 'specmemcore_ln0' <Predicate = true> <Delay = 0.00>
ST_1 : Operation 29 [1/1] (0.00ns)   --->   "%specmemcore_ln0 = specmemcore void @_ssdm_op_SpecMemCore, i16 %unusableAtoms_count_0, i64 666, i64 22, i64 18446744073709551615"   --->   Operation 29 'specmemcore' 'specmemcore_ln0' <Predicate = true> <Delay = 0.00>
ST_1 : Operation 30 [1/1] (0.00ns)   --->   "%specmemcore_ln0 = specmemcore void @_ssdm_op_SpecMemCore, i16 %unusableAtoms_count_1, i64 666, i64 22, i64 18446744073709551615"   --->   Operation 30 'specmemcore' 'specmemcore_ln0' <Predicate = true> <Delay = 0.00>
ST_1 : Operation 31 [1/1] (0.00ns)   --->   "%specmemcore_ln0 = specmemcore void @_ssdm_op_SpecMemCore, i16 %unusableAtoms_count_2, i64 666, i64 22, i64 18446744073709551615"   --->   Operation 31 'specmemcore' 'specmemcore_ln0' <Predicate = true> <Delay = 0.00>
ST_1 : Operation 32 [1/1] (0.00ns)   --->   "%specmemcore_ln0 = specmemcore void @_ssdm_op_SpecMemCore, i16 %unusableAtoms_count_3, i64 666, i64 22, i64 18446744073709551615"   --->   Operation 32 'specmemcore' 'specmemcore_ln0' <Predicate = true> <Delay = 0.00>
ST_1 : Operation 33 [1/1] (0.00ns)   --->   "%specmemcore_ln0 = specmemcore void @_ssdm_op_SpecMemCore, i16 %unusableAtoms_count_4, i64 666, i64 22, i64 18446744073709551615"   --->   Operation 33 'specmemcore' 'specmemcore_ln0' <Predicate = true> <Delay = 0.00>
ST_1 : Operation 34 [1/1] (0.00ns)   --->   "%specmemcore_ln0 = specmemcore void @_ssdm_op_SpecMemCore, i16 %unusableAtoms_count_5, i64 666, i64 22, i64 18446744073709551615"   --->   Operation 34 'specmemcore' 'specmemcore_ln0' <Predicate = true> <Delay = 0.00>
ST_1 : Operation 35 [1/1] (0.00ns)   --->   "%specmemcore_ln0 = specmemcore void @_ssdm_op_SpecMemCore, i16 %unusableAtoms_count_6, i64 666, i64 22, i64 18446744073709551615"   --->   Operation 35 'specmemcore' 'specmemcore_ln0' <Predicate = true> <Delay = 0.00>
ST_1 : Operation 36 [1/1] (0.00ns)   --->   "%specmemcore_ln0 = specmemcore void @_ssdm_op_SpecMemCore, i16 %unusableAtoms_count_7, i64 666, i64 22, i64 18446744073709551615"   --->   Operation 36 'specmemcore' 'specmemcore_ln0' <Predicate = true> <Delay = 0.00>
ST_1 : Operation 37 [1/1] (0.00ns)   --->   "%specmemcore_ln0 = specmemcore void @_ssdm_op_SpecMemCore, i16 %usableAtoms_count_0, i64 666, i64 22, i64 18446744073709551615"   --->   Operation 37 'specmemcore' 'specmemcore_ln0' <Predicate = true> <Delay = 0.00>
ST_1 : Operation 38 [1/1] (0.00ns)   --->   "%specmemcore_ln0 = specmemcore void @_ssdm_op_SpecMemCore, i16 %usableAtoms_count_1, i64 666, i64 22, i64 18446744073709551615"   --->   Operation 38 'specmemcore' 'specmemcore_ln0' <Predicate = true> <Delay = 0.00>
ST_1 : Operation 39 [1/1] (0.00ns)   --->   "%specmemcore_ln0 = specmemcore void @_ssdm_op_SpecMemCore, i16 %usableAtoms_count_2, i64 666, i64 22, i64 18446744073709551615"   --->   Operation 39 'specmemcore' 'specmemcore_ln0' <Predicate = true> <Delay = 0.00>
ST_1 : Operation 40 [1/1] (0.00ns)   --->   "%specmemcore_ln0 = specmemcore void @_ssdm_op_SpecMemCore, i16 %usableAtoms_count_3, i64 666, i64 22, i64 18446744073709551615"   --->   Operation 40 'specmemcore' 'specmemcore_ln0' <Predicate = true> <Delay = 0.00>
ST_1 : Operation 41 [1/1] (0.00ns)   --->   "%specmemcore_ln0 = specmemcore void @_ssdm_op_SpecMemCore, i16 %usableAtoms_count_4, i64 666, i64 22, i64 18446744073709551615"   --->   Operation 41 'specmemcore' 'specmemcore_ln0' <Predicate = true> <Delay = 0.00>
ST_1 : Operation 42 [1/1] (0.00ns)   --->   "%specmemcore_ln0 = specmemcore void @_ssdm_op_SpecMemCore, i16 %usableAtoms_count_5, i64 666, i64 22, i64 18446744073709551615"   --->   Operation 42 'specmemcore' 'specmemcore_ln0' <Predicate = true> <Delay = 0.00>
ST_1 : Operation 43 [1/1] (0.00ns)   --->   "%specmemcore_ln0 = specmemcore void @_ssdm_op_SpecMemCore, i16 %usableAtoms_count_6, i64 666, i64 22, i64 18446744073709551615"   --->   Operation 43 'specmemcore' 'specmemcore_ln0' <Predicate = true> <Delay = 0.00>
ST_1 : Operation 44 [1/1] (0.00ns)   --->   "%specmemcore_ln0 = specmemcore void @_ssdm_op_SpecMemCore, i16 %usableAtoms_count_7, i64 666, i64 22, i64 18446744073709551615"   --->   Operation 44 'specmemcore' 'specmemcore_ln0' <Predicate = true> <Delay = 0.00>
ST_1 : Operation 45 [1/1] (0.00ns)   --->   "%specmemcore_ln0 = specmemcore void @_ssdm_op_SpecMemCore, i32 %usableAtoms_data, i64 666, i64 22, i64 18446744073709551615"   --->   Operation 45 'specmemcore' 'specmemcore_ln0' <Predicate = true> <Delay = 0.00>
ST_1 : Operation 46 [1/1] (0.00ns)   --->   "%specmemcore_ln0 = specmemcore void @_ssdm_op_SpecMemCore, i1 %stateArray_data_s, i64 666, i64 22, i64 18446744073709551615"   --->   Operation 46 'specmemcore' 'specmemcore_ln0' <Predicate = true> <Delay = 0.00>
ST_1 : Operation 47 [1/1] (0.00ns)   --->   "%specmemcore_ln0 = specmemcore void @_ssdm_op_SpecMemCore, i1 %targetGeometry_data_s, i64 666, i64 22, i64 18446744073709551615"   --->   Operation 47 'specmemcore' 'specmemcore_ln0' <Predicate = true> <Delay = 0.00>
ST_1 : Operation 48 [1/1] (1.01ns)   --->   "%icmp_ln1430 = icmp_ugt  i32 %arraySizeXC_read, i32 256" [/home/xiaorang/Documents/ATOMFLOW/sorting-organized-main/src/sortLatticeByRow.cpp:1430]   --->   Operation 48 'icmp' 'icmp_ln1430' <Predicate = true> <Delay = 1.01> <CoreInst = "Cmp">   --->   Core 9 'Cmp' <Latency = 0> <II = 1> <Delay = 1.01> <FuncUnit> <Opcode : 'seteq' 'setne' 'setle' 'setge' 'setlt' 'setgt'> <InPorts = 2> <OutPorts = 1>
ST_1 : Operation 49 [1/1] (1.01ns)   --->   "%icmp_ln1430_1 = icmp_ugt  i32 %arraySizeAC_read, i32 256" [/home/xiaorang/Documents/ATOMFLOW/sorting-organized-main/src/sortLatticeByRow.cpp:1430]   --->   Operation 49 'icmp' 'icmp_ln1430_1' <Predicate = true> <Delay = 1.01> <CoreInst = "Cmp">   --->   Core 9 'Cmp' <Latency = 0> <II = 1> <Delay = 1.01> <FuncUnit> <Opcode : 'seteq' 'setne' 'setle' 'setge' 'setlt' 'setgt'> <InPorts = 2> <OutPorts = 1>
ST_1 : Operation 50 [1/1] (0.28ns)   --->   "%or_ln1430 = or i1 %icmp_ln1430, i1 %icmp_ln1430_1" [/home/xiaorang/Documents/ATOMFLOW/sorting-organized-main/src/sortLatticeByRow.cpp:1430]   --->   Operation 50 'or' 'or_ln1430' <Predicate = true> <Delay = 0.28> <CoreInst = "LogicGate">   --->   Core 74 'LogicGate' <Latency = 0> <II = 1> <Delay = 0.28> <FuncUnit> <Opcode : 'and' 'or' 'xor'> <InPorts = 2> <OutPorts = 1>
ST_1 : Operation 51 [1/1] (0.42ns)   --->   "%br_ln1430 = br i1 %or_ln1430, void %VITIS_LOOP_1436_1, void %cleanup" [/home/xiaorang/Documents/ATOMFLOW/sorting-organized-main/src/sortLatticeByRow.cpp:1430]   --->   Operation 51 'br' 'br_ln1430' <Predicate = true> <Delay = 0.42>
ST_1 : Operation 52 [1/1] (0.00ns)   --->   "%phi_mul = alloca i32 1"   --->   Operation 52 'alloca' 'phi_mul' <Predicate = (!or_ln1430)> <Delay = 0.00>
ST_1 : Operation 53 [1/1] (0.00ns)   --->   "%indexXC = alloca i32 1" [/home/xiaorang/Documents/ATOMFLOW/sorting-organized-main/src/sortLatticeByRow.cpp:1446]   --->   Operation 53 'alloca' 'indexXC' <Predicate = (!or_ln1430)> <Delay = 0.00>
ST_1 : Operation 54 [1/1] (0.00ns)   --->   "%trunc_ln1436 = trunc i32 %arraySizeXC_read" [/home/xiaorang/Documents/ATOMFLOW/sorting-organized-main/src/sortLatticeByRow.cpp:1436]   --->   Operation 54 'trunc' 'trunc_ln1436' <Predicate = (!or_ln1430)> <Delay = 0.00>
ST_1 : Operation 55 [2/2] (2.01ns)   --->   "%call_ln1436 = call void @findUnusableAtoms_Pipeline_VITIS_LOOP_1436_1, i9 %trunc_ln1436, i16 %unusableAtoms_count_7, i16 %usableAtoms_count_7, i16 %targetSites_count_7, i16 %unusableAtoms_count_6, i16 %usableAtoms_count_6, i16 %targetSites_count_6, i16 %unusableAtoms_count_5, i16 %usableAtoms_count_5, i16 %targetSites_count_5, i16 %unusableAtoms_count_4, i16 %usableAtoms_count_4, i16 %targetSites_count_4, i16 %unusableAtoms_count_3, i16 %usableAtoms_count_3, i16 %targetSites_count_3, i16 %unusableAtoms_count_2, i16 %usableAtoms_count_2, i16 %targetSites_count_2, i16 %unusableAtoms_count_1, i16 %usableAtoms_count_1, i16 %targetSites_count_1, i16 %targetSites_count_0, i16 %usableAtoms_count_0, i16 %unusableAtoms_count_0" [/home/xiaorang/Documents/ATOMFLOW/sorting-organized-main/src/sortLatticeByRow.cpp:1436]   --->   Operation 55 'call' 'call_ln1436' <Predicate = (!or_ln1430)> <Delay = 2.01> <CoreType = "Generic">   --->   Generic Core
ST_1 : Operation 56 [1/1] (0.00ns)   --->   "%trunc_ln1446 = trunc i32 %arraySizeAC_read" [/home/xiaorang/Documents/ATOMFLOW/sorting-organized-main/src/sortLatticeByRow.cpp:1446]   --->   Operation 56 'trunc' 'trunc_ln1446' <Predicate = (!or_ln1430)> <Delay = 0.00>
ST_1 : Operation 57 [1/1] (0.42ns)   --->   "%store_ln1446 = store i9 0, i9 %indexXC" [/home/xiaorang/Documents/ATOMFLOW/sorting-organized-main/src/sortLatticeByRow.cpp:1446]   --->   Operation 57 'store' 'store_ln1446' <Predicate = (!or_ln1430)> <Delay = 0.42>
ST_1 : Operation 58 [1/1] (0.42ns)   --->   "%store_ln0 = store i15 0, i15 %phi_mul"   --->   Operation 58 'store' 'store_ln0' <Predicate = (!or_ln1430)> <Delay = 0.42>

State 2 <SV = 1> <Delay = 1.63>
ST_2 : Operation 59 [1/2] (1.63ns)   --->   "%call_ln1436 = call void @findUnusableAtoms_Pipeline_VITIS_LOOP_1436_1, i9 %trunc_ln1436, i16 %unusableAtoms_count_7, i16 %usableAtoms_count_7, i16 %targetSites_count_7, i16 %unusableAtoms_count_6, i16 %usableAtoms_count_6, i16 %targetSites_count_6, i16 %unusableAtoms_count_5, i16 %usableAtoms_count_5, i16 %targetSites_count_5, i16 %unusableAtoms_count_4, i16 %usableAtoms_count_4, i16 %targetSites_count_4, i16 %unusableAtoms_count_3, i16 %usableAtoms_count_3, i16 %targetSites_count_3, i16 %unusableAtoms_count_2, i16 %usableAtoms_count_2, i16 %targetSites_count_2, i16 %unusableAtoms_count_1, i16 %usableAtoms_count_1, i16 %targetSites_count_1, i16 %targetSites_count_0, i16 %usableAtoms_count_0, i16 %unusableAtoms_count_0" [/home/xiaorang/Documents/ATOMFLOW/sorting-organized-main/src/sortLatticeByRow.cpp:1436]   --->   Operation 59 'call' 'call_ln1436' <Predicate = true> <Delay = 1.63> <CoreType = "Generic">   --->   Generic Core
ST_2 : Operation 60 [1/1] (0.00ns)   --->   "%br_ln1446 = br void %VITIS_LOOP_1453_3" [/home/xiaorang/Documents/ATOMFLOW/sorting-organized-main/src/sortLatticeByRow.cpp:1446]   --->   Operation 60 'br' 'br_ln1446' <Predicate = true> <Delay = 0.00>

State 3 <SV = 2> <Delay = 3.39>
ST_3 : Operation 61 [1/1] (0.00ns)   --->   "%phi_mul_load = load i15 %phi_mul" [/home/xiaorang/Documents/ATOMFLOW/sorting-organized-main/src/sortLatticeByRow.cpp:1446]   --->   Operation 61 'load' 'phi_mul_load' <Predicate = true> <Delay = 0.00>
ST_3 : Operation 62 [1/1] (0.00ns)   --->   "%indexXC_4 = load i9 %indexXC" [/home/xiaorang/Documents/ATOMFLOW/sorting-organized-main/src/sortLatticeByRow.cpp:1446]   --->   Operation 62 'load' 'indexXC_4' <Predicate = true> <Delay = 0.00>
ST_3 : Operation 63 [1/1] (0.84ns)   --->   "%add_ln1446 = add i15 %phi_mul_load, i15 %stateArray_cols_val_read" [/home/xiaorang/Documents/ATOMFLOW/sorting-organized-main/src/sortLatticeByRow.cpp:1446]   --->   Operation 63 'add' 'add_ln1446' <Predicate = true> <Delay = 0.84> <CoreInst = "Adder">   --->   Core 1 'Adder' <Latency = 0> <II = 1> <Delay = 0.84> <FuncUnit> <Opcode : 'add' 'sub'> <InPorts = 2> <OutPorts = 1>
ST_3 : Operation 64 [1/1] (0.77ns)   --->   "%icmp_ln1446 = icmp_eq  i9 %indexXC_4, i9 %trunc_ln1436" [/home/xiaorang/Documents/ATOMFLOW/sorting-organized-main/src/sortLatticeByRow.cpp:1446]   --->   Operation 64 'icmp' 'icmp_ln1446' <Predicate = true> <Delay = 0.77> <CoreInst = "Cmp">   --->   Core 9 'Cmp' <Latency = 0> <II = 1> <Delay = 0.77> <FuncUnit> <Opcode : 'seteq' 'setne' 'setle' 'setge' 'setlt' 'setgt'> <InPorts = 2> <OutPorts = 1>
ST_3 : Operation 65 [1/1] (0.77ns)   --->   "%indexXC_5 = add i9 %indexXC_4, i9 1" [/home/xiaorang/Documents/ATOMFLOW/sorting-organized-main/src/sortLatticeByRow.cpp:1446]   --->   Operation 65 'add' 'indexXC_5' <Predicate = true> <Delay = 0.77> <CoreInst = "Adder">   --->   Core 1 'Adder' <Latency = 0> <II = 1> <Delay = 0.77> <FuncUnit> <Opcode : 'add' 'sub'> <InPorts = 2> <OutPorts = 1>
ST_3 : Operation 66 [1/1] (0.00ns)   --->   "%br_ln1446 = br i1 %icmp_ln1446, void %VITIS_LOOP_1453_3.split, void %cleanup.loopexit" [/home/xiaorang/Documents/ATOMFLOW/sorting-organized-main/src/sortLatticeByRow.cpp:1446]   --->   Operation 66 'br' 'br_ln1446' <Predicate = true> <Delay = 0.00>
ST_3 : Operation 67 [1/1] (0.00ns)   --->   "%zext_ln1446 = zext i9 %indexXC_4" [/home/xiaorang/Documents/ATOMFLOW/sorting-organized-main/src/sortLatticeByRow.cpp:1446]   --->   Operation 67 'zext' 'zext_ln1446' <Predicate = (!icmp_ln1446)> <Delay = 0.00>
ST_3 : Operation 68 [1/1] (0.00ns)   --->   "%zext_ln1446_1 = zext i9 %indexXC_4" [/home/xiaorang/Documents/ATOMFLOW/sorting-organized-main/src/sortLatticeByRow.cpp:1446]   --->   Operation 68 'zext' 'zext_ln1446_1' <Predicate = (!icmp_ln1446)> <Delay = 0.00>
ST_3 : Operation 69 [1/1] (1.01ns)   --->   "%ult = icmp_ult  i32 %zext_ln1446_1, i32 %compZoneRowStart_read" [/home/xiaorang/Documents/ATOMFLOW/sorting-organized-main/src/sortLatticeByRow.cpp:1446]   --->   Operation 69 'icmp' 'ult' <Predicate = (!icmp_ln1446)> <Delay = 1.01> <CoreInst = "Cmp">   --->   Core 9 'Cmp' <Latency = 0> <II = 1> <Delay = 1.01> <FuncUnit> <Opcode : 'seteq' 'setne' 'setle' 'setge' 'setlt' 'setgt'> <InPorts = 2> <OutPorts = 1>
ST_3 : Operation 70 [1/1] (1.01ns)   --->   "%cmp22 = icmp_ult  i32 %zext_ln1446_1, i32 %compZoneRowEnd_read" [/home/xiaorang/Documents/ATOMFLOW/sorting-organized-main/src/sortLatticeByRow.cpp:1446]   --->   Operation 70 'icmp' 'cmp22' <Predicate = (!icmp_ln1446)> <Delay = 1.01> <CoreInst = "Cmp">   --->   Core 9 'Cmp' <Latency = 0> <II = 1> <Delay = 1.01> <FuncUnit> <Opcode : 'seteq' 'setne' 'setle' 'setge' 'setlt' 'setgt'> <InPorts = 2> <OutPorts = 1>
ST_3 : Operation 71 [1/1] (2.39ns) (grouped into DSP with root node mul_i)   --->   "%row_1 = sub i15 %zext_ln1446, i15 %empty_178" [/home/xiaorang/Documents/ATOMFLOW/sorting-organized-main/src/sortLatticeByRow.cpp:1446]   --->   Operation 71 'sub' 'row_1' <Predicate = (!icmp_ln1446)> <Delay = 2.39> <CoreInst = "DSP48">   --->   Core 124 'DSP48' <Latency = 3> <II = 1> <Delay = 0.53> <IPBlock> <Opcode : '' 'add' 'sub' 'mul' 'select'> <InPorts = 0> <OutPorts = 1> <Sync> <CReg>
ST_3 : Operation 72 [4/4] (0.99ns) (root node of the DSP)   --->   "%mul_i = mul i15 %row_1, i15 %empty_177" [/home/xiaorang/Documents/ATOMFLOW/sorting-organized-main/src/sortLatticeByRow.cpp:1446]   --->   Operation 72 'mul' 'mul_i' <Predicate = (!icmp_ln1446)> <Delay = 0.99> <CoreInst = "DSP48">   --->   Core 124 'DSP48' <Latency = 3> <II = 1> <Delay = 0.53> <IPBlock> <Opcode : '' 'add' 'sub' 'mul' 'select'> <InPorts = 0> <OutPorts = 1> <Sync> <CReg>
ST_3 : Operation 73 [1/1] (0.42ns)   --->   "%store_ln1446 = store i9 %indexXC_5, i9 %indexXC" [/home/xiaorang/Documents/ATOMFLOW/sorting-organized-main/src/sortLatticeByRow.cpp:1446]   --->   Operation 73 'store' 'store_ln1446' <Predicate = (!icmp_ln1446)> <Delay = 0.42>
ST_3 : Operation 74 [1/1] (0.42ns)   --->   "%store_ln1446 = store i15 %add_ln1446, i15 %phi_mul" [/home/xiaorang/Documents/ATOMFLOW/sorting-organized-main/src/sortLatticeByRow.cpp:1446]   --->   Operation 74 'store' 'store_ln1446' <Predicate = (!icmp_ln1446)> <Delay = 0.42>
ST_3 : Operation 75 [1/1] (0.42ns)   --->   "%br_ln0 = br void %cleanup"   --->   Operation 75 'br' 'br_ln0' <Predicate = (icmp_ln1446)> <Delay = 0.42>

State 4 <SV = 3> <Delay = 0.99>
ST_4 : Operation 76 [3/4] (0.99ns) (root node of the DSP)   --->   "%mul_i = mul i15 %row_1, i15 %empty_177" [/home/xiaorang/Documents/ATOMFLOW/sorting-organized-main/src/sortLatticeByRow.cpp:1446]   --->   Operation 76 'mul' 'mul_i' <Predicate = true> <Delay = 0.99> <CoreInst = "DSP48">   --->   Core 124 'DSP48' <Latency = 3> <II = 1> <Delay = 0.53> <IPBlock> <Opcode : '' 'add' 'sub' 'mul' 'select'> <InPorts = 0> <OutPorts = 1> <Sync> <CReg>

State 5 <SV = 4> <Delay = 0.99>
ST_5 : Operation 77 [2/4] (0.99ns) (root node of the DSP)   --->   "%mul_i = mul i15 %row_1, i15 %empty_177" [/home/xiaorang/Documents/ATOMFLOW/sorting-organized-main/src/sortLatticeByRow.cpp:1446]   --->   Operation 77 'mul' 'mul_i' <Predicate = true> <Delay = 0.99> <CoreInst = "DSP48">   --->   Core 124 'DSP48' <Latency = 3> <II = 1> <Delay = 0.53> <IPBlock> <Opcode : '' 'add' 'sub' 'mul' 'select'> <InPorts = 0> <OutPorts = 1> <Sync> <CReg>

State 6 <SV = 5> <Delay = 2.36>
ST_6 : Operation 78 [1/1] (0.00ns)   --->   "%trunc_ln1446_1 = trunc i9 %indexXC_4" [/home/xiaorang/Documents/ATOMFLOW/sorting-organized-main/src/sortLatticeByRow.cpp:1446]   --->   Operation 78 'trunc' 'trunc_ln1446_1' <Predicate = true> <Delay = 0.00>
ST_6 : Operation 79 [1/1] (0.00ns)   --->   "%trunc_ln1446_2 = trunc i9 %indexXC_4" [/home/xiaorang/Documents/ATOMFLOW/sorting-organized-main/src/sortLatticeByRow.cpp:1446]   --->   Operation 79 'trunc' 'trunc_ln1446_2' <Predicate = true> <Delay = 0.00>
ST_6 : Operation 80 [1/1] (0.00ns)   --->   "%tmp_s = bitconcatenate i16 @_ssdm_op_BitConcatenate.i16.i8.i8, i8 %trunc_ln1446_2, i8 0" [/home/xiaorang/Documents/ATOMFLOW/sorting-organized-main/src/sortLatticeByRow.cpp:135->/home/xiaorang/Documents/ATOMFLOW/sorting-organized-main/src/sortLatticeByRow.cpp:1522]   --->   Operation 80 'bitconcatenate' 'tmp_s' <Predicate = true> <Delay = 0.00>
ST_6 : Operation 81 [1/1] (0.00ns)   --->   "%lshr_ln = partselect i5 @_ssdm_op_PartSelect.i5.i9.i32.i32, i9 %indexXC_4, i32 3, i32 7" [/home/xiaorang/Documents/ATOMFLOW/sorting-organized-main/src/sortLatticeByRow.cpp:1446]   --->   Operation 81 'partselect' 'lshr_ln' <Predicate = true> <Delay = 0.00>
ST_6 : Operation 82 [1/1] (0.28ns)   --->   "%rev = xor i1 %ult, i1 1" [/home/xiaorang/Documents/ATOMFLOW/sorting-organized-main/src/sortLatticeByRow.cpp:1446]   --->   Operation 82 'xor' 'rev' <Predicate = true> <Delay = 0.28> <CoreInst = "LogicGate">   --->   Core 74 'LogicGate' <Latency = 0> <II = 1> <Delay = 0.28> <FuncUnit> <Opcode : 'and' 'or' 'xor'> <InPorts = 2> <OutPorts = 1>
ST_6 : Operation 83 [1/4] (0.00ns) (root node of the DSP)   --->   "%mul_i = mul i15 %row_1, i15 %empty_177" [/home/xiaorang/Documents/ATOMFLOW/sorting-organized-main/src/sortLatticeByRow.cpp:1446]   --->   Operation 83 'mul' 'mul_i' <Predicate = true> <Delay = 0.00> <CoreInst = "DSP48">   --->   Core 124 'DSP48' <Latency = 3> <II = 1> <Delay = 0.53> <IPBlock> <Opcode : '' 'add' 'sub' 'mul' 'select'> <InPorts = 0> <OutPorts = 1> <Sync> <CReg>
ST_6 : Operation 84 [2/2] (2.07ns)   --->   "%call_ln1446 = call void @findUnusableAtoms_Pipeline_VITIS_LOOP_1453_3, i9 %trunc_ln1446, i15 %phi_mul_load, i1 %stateArray_data_s, i16 %targetSites_count_0, i5 %lshr_ln, i16 %targetSites_count_1, i16 %targetSites_count_2, i16 %targetSites_count_3, i16 %targetSites_count_4, i16 %targetSites_count_5, i16 %targetSites_count_6, i16 %targetSites_count_7, i16 %usableAtoms_count_0, i16 %usableAtoms_count_1, i16 %usableAtoms_count_2, i16 %usableAtoms_count_3, i16 %usableAtoms_count_4, i16 %usableAtoms_count_5, i16 %usableAtoms_count_6, i16 %usableAtoms_count_7, i32 %compZoneColStart_read, i32 %compZoneColEnd_read, i1 %cmp22, i1 %rev, i15 %mul_i, i15 %empty, i1 %targetGeometry_data_s, i16 %tmp_s, i8 %targetSites_data, i32 %usableAtoms_data, i3 %trunc_ln1446_1" [/home/xiaorang/Documents/ATOMFLOW/sorting-organized-main/src/sortLatticeByRow.cpp:1446]   --->   Operation 84 'call' 'call_ln1446' <Predicate = true> <Delay = 2.07> <CoreType = "Generic">   --->   Generic Core

State 7 <SV = 6> <Delay = 1.63>
ST_7 : Operation 85 [1/1] (0.00ns)   --->   "%specpipeline_ln1450 = specpipeline void @_ssdm_op_SpecPipeline, i32 0, i32 0, i32 1, i32 0, void @empty_18" [/home/xiaorang/Documents/ATOMFLOW/sorting-organized-main/src/sortLatticeByRow.cpp:1450]   --->   Operation 85 'specpipeline' 'specpipeline_ln1450' <Predicate = true> <Delay = 0.00>
ST_7 : Operation 86 [1/1] (0.00ns)   --->   "%speclooptripcount_ln1451 = speclooptripcount void @_ssdm_op_SpecLoopTripCount, i64 1, i64 50, i64 25" [/home/xiaorang/Documents/ATOMFLOW/sorting-organized-main/src/sortLatticeByRow.cpp:1451]   --->   Operation 86 'speclooptripcount' 'speclooptripcount_ln1451' <Predicate = true> <Delay = 0.00>
ST_7 : Operation 87 [1/1] (0.00ns)   --->   "%specloopname_ln1446 = specloopname void @_ssdm_op_SpecLoopName, void @empty_34" [/home/xiaorang/Documents/ATOMFLOW/sorting-organized-main/src/sortLatticeByRow.cpp:1446]   --->   Operation 87 'specloopname' 'specloopname_ln1446' <Predicate = true> <Delay = 0.00>
ST_7 : Operation 88 [1/2] (1.63ns)   --->   "%call_ln1446 = call void @findUnusableAtoms_Pipeline_VITIS_LOOP_1453_3, i9 %trunc_ln1446, i15 %phi_mul_load, i1 %stateArray_data_s, i16 %targetSites_count_0, i5 %lshr_ln, i16 %targetSites_count_1, i16 %targetSites_count_2, i16 %targetSites_count_3, i16 %targetSites_count_4, i16 %targetSites_count_5, i16 %targetSites_count_6, i16 %targetSites_count_7, i16 %usableAtoms_count_0, i16 %usableAtoms_count_1, i16 %usableAtoms_count_2, i16 %usableAtoms_count_3, i16 %usableAtoms_count_4, i16 %usableAtoms_count_5, i16 %usableAtoms_count_6, i16 %usableAtoms_count_7, i32 %compZoneColStart_read, i32 %compZoneColEnd_read, i1 %cmp22, i1 %rev, i15 %mul_i, i15 %empty, i1 %targetGeometry_data_s, i16 %tmp_s, i8 %targetSites_data, i32 %usableAtoms_data, i3 %trunc_ln1446_1" [/home/xiaorang/Documents/ATOMFLOW/sorting-organized-main/src/sortLatticeByRow.cpp:1446]   --->   Operation 88 'call' 'call_ln1446' <Predicate = true> <Delay = 1.63> <CoreType = "Generic">   --->   Generic Core
ST_7 : Operation 89 [1/1] (0.00ns)   --->   "%br_ln1446 = br void %VITIS_LOOP_1453_3" [/home/xiaorang/Documents/ATOMFLOW/sorting-organized-main/src/sortLatticeByRow.cpp:1446]   --->   Operation 89 'br' 'br_ln1446' <Predicate = true> <Delay = 0.00>

State 8 <SV = 3> <Delay = 0.00>
ST_8 : Operation 90 [1/1] (0.00ns)   --->   "%retval_0 = phi i1 0, void %entry, i1 1, void %cleanup.loopexit"   --->   Operation 90 'phi' 'retval_0' <Predicate = true> <Delay = 0.00>
ST_8 : Operation 91 [1/1] (0.00ns)   --->   "%ret_ln1533 = ret i1 %retval_0" [/home/xiaorang/Documents/ATOMFLOW/sorting-organized-main/src/sortLatticeByRow.cpp:1533]   --->   Operation 91 'ret' 'ret_ln1533' <Predicate = true> <Delay = 0.00>


============================================================
+ Verbose Summary: Timing violations
============================================================
Target clock period: 10.000ns, clock uncertainty: 2.700ns.

 <State 1>: 3.316ns
The critical path consists of the following:
	wire read operation ('arraySizeAC_read') on port 'arraySizeAC' [42]  (0.000 ns)
	'icmp' operation 1 bit ('icmp_ln1430_1', /home/xiaorang/Documents/ATOMFLOW/sorting-organized-main/src/sortLatticeByRow.cpp:1430) [77]  (1.016 ns)
	'or' operation 1 bit ('or_ln1430', /home/xiaorang/Documents/ATOMFLOW/sorting-organized-main/src/sortLatticeByRow.cpp:1430) [78]  (0.287 ns)
	'call' operation 0 bit ('call_ln1436', /home/xiaorang/Documents/ATOMFLOW/sorting-organized-main/src/sortLatticeByRow.cpp:1436) to 'findUnusableAtoms_Pipeline_VITIS_LOOP_1436_1' [84]  (2.013 ns)

 <State 2>: 1.630ns
The critical path consists of the following:
	'call' operation 0 bit ('call_ln1436', /home/xiaorang/Documents/ATOMFLOW/sorting-organized-main/src/sortLatticeByRow.cpp:1436) to 'findUnusableAtoms_Pipeline_VITIS_LOOP_1436_1' [84]  (1.630 ns)

 <State 3>: 3.392ns
The critical path consists of the following:
	'load' operation 9 bit ('indexXC', /home/xiaorang/Documents/ATOMFLOW/sorting-organized-main/src/sortLatticeByRow.cpp:1446) on local variable 'indexXC', /home/xiaorang/Documents/ATOMFLOW/sorting-organized-main/src/sortLatticeByRow.cpp:1446 [91]  (0.000 ns)
	'sub' operation 15 bit of DSP[110] ('row_1', /home/xiaorang/Documents/ATOMFLOW/sorting-organized-main/src/sortLatticeByRow.cpp:1446) [109]  (2.396 ns)
	'mul' operation 15 bit of DSP[110] ('mul_i', /home/xiaorang/Documents/ATOMFLOW/sorting-organized-main/src/sortLatticeByRow.cpp:1446) [110]  (0.996 ns)

 <State 4>: 0.996ns
The critical path consists of the following:
	'mul' operation 15 bit of DSP[110] ('mul_i', /home/xiaorang/Documents/ATOMFLOW/sorting-organized-main/src/sortLatticeByRow.cpp:1446) [110]  (0.996 ns)

 <State 5>: 0.996ns
The critical path consists of the following:
	'mul' operation 15 bit of DSP[110] ('mul_i', /home/xiaorang/Documents/ATOMFLOW/sorting-organized-main/src/sortLatticeByRow.cpp:1446) [110]  (0.996 ns)

 <State 6>: 2.366ns
The critical path consists of the following:
	'xor' operation 1 bit ('rev', /home/xiaorang/Documents/ATOMFLOW/sorting-organized-main/src/sortLatticeByRow.cpp:1446) [107]  (0.287 ns)
	'call' operation 0 bit ('call_ln1446', /home/xiaorang/Documents/ATOMFLOW/sorting-organized-main/src/sortLatticeByRow.cpp:1446) to 'findUnusableAtoms_Pipeline_VITIS_LOOP_1453_3' [111]  (2.079 ns)

 <State 7>: 1.630ns
The critical path consists of the following:
	'call' operation 0 bit ('call_ln1446', /home/xiaorang/Documents/ATOMFLOW/sorting-organized-main/src/sortLatticeByRow.cpp:1446) to 'findUnusableAtoms_Pipeline_VITIS_LOOP_1453_3' [111]  (1.630 ns)

 <State 8>: 0.000ns
The critical path consists of the following:


============================================================
+ Verbose Summary: Binding
============================================================
N/A
* FSMD analyzer results:
  - Output states:
 - Input state : 
  - Chain level:
	State 1
	State 2
	State 3
	State 4
	State 5
	State 6
	State 7
	State 8


============================================================
+ Verbose Summary: Datapath Resource usage 
============================================================
N/A
