

================================================================
== Vitis HLS Report for 'hlsSort'
================================================================
* Date:           Thu Mar 26 11:03:18 2026

* Version:        2024.2 (Build 5238294 on Nov  8 2024)
* Project:        atomflow_controller_2024_2
* Solution:       hls (Vivado IP Flow Target)
* Product family: zynquplusRFSOC
* Target device:  xczu49dr-ffvf1760-2-e


================================================================
== Performance Estimates
================================================================
+ Timing: 
    * Summary: 
    +--------+----------+----------+------------+
    |  Clock |  Target  | Estimated| Uncertainty|
    +--------+----------+----------+------------+
    |ap_clk  |  10.00 ns|  2.207 ns|     2.70 ns|
    +--------+----------+----------+------------+

+ Latency: 
    * Summary: 
    +---------+---------+----------+----------+-----+-----+---------+
    |  Latency (cycles) |  Latency (absolute) |  Interval | Pipeline|
    |   min   |   max   |    min   |    max   | min | max |   Type  |
    +---------+---------+----------+----------+-----+-----+---------+
    |       33|      545|  0.330 us|  5.450 us|   33|  545|       no|
    +---------+---------+----------+----------+-----+-----+---------+

    + Detail: 
        * Instance: 
        N/A

        * Loop: 
        +----------------------+---------+---------+----------+-----------+-----------+------+----------+
        |                      |  Latency (cycles) | Iteration|  Initiation Interval  | Trip |          |
        |       Loop Name      |   min   |   max   |  Latency |  achieved |   target  | Count| Pipelined|
        +----------------------+---------+---------+----------+-----------+-----------+------+----------+
        |- VITIS_LOOP_2060_1   |       32|      544|    2 ~ 34|          -|          -|    16|        no|
        | + VITIS_LOOP_2070_2  |       32|       32|         2|          -|          -|    16|        no|
        +----------------------+---------+---------+----------+-----------+-----------+------+----------+

============================================================
+ Verbose Summary: Synthesis Manager
============================================================
InlineROM: 1
ExposeGlobal: 0
============================================================
+ Verbose Summary: CDFG Model
============================================================
IsTopModel: 0
ResetActiveHigh: 1
IsCombinational: 0
IsDatapathOnly: 0
HasWiredReturn: 1
HasMFsm: 0
HasVarLatency: 1
IsPipeline: 0
IsRtlPipelined: 0
IsInstanceOverlapped: 0
IsDontTouch: 0
HasImplIP: 0
IsGatedGlobalClock: 0


============================================================
+ Verbose Summary: Schedule
============================================================
* Number of FSM states : 4
* Pipeline : 0
* Dataflow Pipeline: 0

* FSM state transitions: 
1 --> 2 
2 --> 3 
3 --> 4 2 
4 --> 3 

* FSM state operations: 

State 1 <SV = 0> <Delay = 0.42>
ST_1 : Operation 5 [1/1] (0.00ns)   --->   "%pass = alloca i32 1" [/home/xiaorang/Documents/ATOMFLOW/sorting-organized-main/src/sortLatticeByRow.cpp:2060]   --->   Operation 5 'alloca' 'pass' <Predicate = true> <Delay = 0.00>
ST_1 : Operation 6 [1/1] (0.00ns)   --->   "%end_offset_read = read i5 @_ssdm_op_Read.ap_auto.i5, i5 %end_offset" [/home/xiaorang/Documents/ATOMFLOW/sorting-organized-main/src/sortLatticeByRow.cpp:2050]   --->   Operation 6 'read' 'end_offset_read' <Predicate = true> <Delay = 0.00>
ST_1 : Operation 7 [1/1] (0.00ns)   --->   "%zext_ln2055 = zext i5 %end_offset_read" [/home/xiaorang/Documents/ATOMFLOW/sorting-organized-main/src/sortLatticeByRow.cpp:2055]   --->   Operation 7 'zext' 'zext_ln2055' <Predicate = true> <Delay = 0.00>
ST_1 : Operation 8 [1/1] (0.42ns)   --->   "%store_ln2060 = store i5 0, i5 %pass" [/home/xiaorang/Documents/ATOMFLOW/sorting-organized-main/src/sortLatticeByRow.cpp:2060]   --->   Operation 8 'store' 'store_ln2060' <Predicate = true> <Delay = 0.42>
ST_1 : Operation 9 [1/1] (0.00ns)   --->   "%br_ln2060 = br void %for.body" [/home/xiaorang/Documents/ATOMFLOW/sorting-organized-main/src/sortLatticeByRow.cpp:2060]   --->   Operation 9 'br' 'br_ln2060' <Predicate = true> <Delay = 0.00>

State 2 <SV = 1> <Delay = 1.21>
ST_2 : Operation 10 [1/1] (0.00ns)   --->   "%pass_1 = load i5 %pass" [/home/xiaorang/Documents/ATOMFLOW/sorting-organized-main/src/sortLatticeByRow.cpp:2060]   --->   Operation 10 'load' 'pass_1' <Predicate = true> <Delay = 0.00>
ST_2 : Operation 11 [1/1] (0.78ns)   --->   "%icmp_ln2060 = icmp_eq  i5 %pass_1, i5 16" [/home/xiaorang/Documents/ATOMFLOW/sorting-organized-main/src/sortLatticeByRow.cpp:2060]   --->   Operation 11 'icmp' 'icmp_ln2060' <Predicate = true> <Delay = 0.78> <CoreInst = "Cmp">   --->   Core 9 'Cmp' <Latency = 0> <II = 1> <Delay = 0.78> <FuncUnit> <Opcode : 'seteq' 'setne' 'setle' 'setge' 'setlt' 'setgt'> <InPorts = 2> <OutPorts = 1>
ST_2 : Operation 12 [1/1] (0.78ns)   --->   "%pass_2 = add i5 %pass_1, i5 1" [/home/xiaorang/Documents/ATOMFLOW/sorting-organized-main/src/sortLatticeByRow.cpp:2060]   --->   Operation 12 'add' 'pass_2' <Predicate = true> <Delay = 0.78> <CoreInst = "Adder">   --->   Core 1 'Adder' <Latency = 0> <II = 1> <Delay = 0.78> <FuncUnit> <Opcode : 'add' 'sub'> <InPorts = 2> <OutPorts = 1>
ST_2 : Operation 13 [1/1] (0.00ns)   --->   "%br_ln2060 = br i1 %icmp_ln2060, void %for.body.split, void %for.end25" [/home/xiaorang/Documents/ATOMFLOW/sorting-organized-main/src/sortLatticeByRow.cpp:2060]   --->   Operation 13 'br' 'br_ln2060' <Predicate = true> <Delay = 0.00>
ST_2 : Operation 14 [1/1] (0.00ns)   --->   "%zext_ln2060 = zext i5 %pass_1" [/home/xiaorang/Documents/ATOMFLOW/sorting-organized-main/src/sortLatticeByRow.cpp:2060]   --->   Operation 14 'zext' 'zext_ln2060' <Predicate = (!icmp_ln2060)> <Delay = 0.00>
ST_2 : Operation 15 [1/1] (0.00ns)   --->   "%specpipeline_ln2063 = specpipeline void @_ssdm_op_SpecPipeline, i32 0, i32 0, i32 1, i32 0, void @empty_18" [/home/xiaorang/Documents/ATOMFLOW/sorting-organized-main/src/sortLatticeByRow.cpp:2063]   --->   Operation 15 'specpipeline' 'specpipeline_ln2063' <Predicate = (!icmp_ln2060)> <Delay = 0.00>
ST_2 : Operation 16 [1/1] (0.00ns)   --->   "%speclooptripcount_ln2060 = speclooptripcount void @_ssdm_op_SpecLoopTripCount, i64 16, i64 16, i64 16" [/home/xiaorang/Documents/ATOMFLOW/sorting-organized-main/src/sortLatticeByRow.cpp:2060]   --->   Operation 16 'speclooptripcount' 'speclooptripcount_ln2060' <Predicate = (!icmp_ln2060)> <Delay = 0.00>
ST_2 : Operation 17 [1/1] (0.00ns)   --->   "%specloopname_ln2060 = specloopname void @_ssdm_op_SpecLoopName, void @empty_31" [/home/xiaorang/Documents/ATOMFLOW/sorting-organized-main/src/sortLatticeByRow.cpp:2060]   --->   Operation 17 'specloopname' 'specloopname_ln2060' <Predicate = (!icmp_ln2060)> <Delay = 0.00>
ST_2 : Operation 18 [1/1] (0.78ns)   --->   "%icmp_ln2067 = icmp_ult  i5 %pass_1, i5 %end_offset_read" [/home/xiaorang/Documents/ATOMFLOW/sorting-organized-main/src/sortLatticeByRow.cpp:2067]   --->   Operation 18 'icmp' 'icmp_ln2067' <Predicate = (!icmp_ln2060)> <Delay = 0.78> <CoreInst = "Cmp">   --->   Core 9 'Cmp' <Latency = 0> <II = 1> <Delay = 0.78> <FuncUnit> <Opcode : 'seteq' 'setne' 'setle' 'setge' 'setlt' 'setgt'> <InPorts = 2> <OutPorts = 1>
ST_2 : Operation 19 [1/1] (0.00ns)   --->   "%br_ln2067 = br i1 %icmp_ln2067, void %for.inc23, void %VITIS_LOOP_2070_2" [/home/xiaorang/Documents/ATOMFLOW/sorting-organized-main/src/sortLatticeByRow.cpp:2067]   --->   Operation 19 'br' 'br_ln2067' <Predicate = (!icmp_ln2060)> <Delay = 0.00>
ST_2 : Operation 20 [1/1] (0.78ns)   --->   "%sub = sub i6 %zext_ln2055, i6 %zext_ln2060" [/home/xiaorang/Documents/ATOMFLOW/sorting-organized-main/src/sortLatticeByRow.cpp:2055]   --->   Operation 20 'sub' 'sub' <Predicate = (!icmp_ln2060 & icmp_ln2067)> <Delay = 0.78> <CoreInst = "Adder">   --->   Core 1 'Adder' <Latency = 0> <II = 1> <Delay = 0.78> <FuncUnit> <Opcode : 'add' 'sub'> <InPorts = 2> <OutPorts = 1>
ST_2 : Operation 21 [1/1] (0.42ns)   --->   "%br_ln2070 = br void %for.body5" [/home/xiaorang/Documents/ATOMFLOW/sorting-organized-main/src/sortLatticeByRow.cpp:2070]   --->   Operation 21 'br' 'br_ln2070' <Predicate = (!icmp_ln2060 & icmp_ln2067)> <Delay = 0.42>
ST_2 : Operation 22 [1/1] (0.00ns)   --->   "%ret_ln2085 = ret" [/home/xiaorang/Documents/ATOMFLOW/sorting-organized-main/src/sortLatticeByRow.cpp:2085]   --->   Operation 22 'ret' 'ret_ln2085' <Predicate = (icmp_ln2060)> <Delay = 0.00>

State 3 <SV = 2> <Delay = 1.86>
ST_3 : Operation 23 [1/1] (0.00ns)   --->   "%i_01 = phi i5 0, void %VITIS_LOOP_2070_2, i5 %i, void %for.inc"   --->   Operation 23 'phi' 'i_01' <Predicate = (icmp_ln2067)> <Delay = 0.00>
ST_3 : Operation 24 [1/1] (0.78ns)   --->   "%icmp_ln2070 = icmp_eq  i5 %i_01, i5 16" [/home/xiaorang/Documents/ATOMFLOW/sorting-organized-main/src/sortLatticeByRow.cpp:2070]   --->   Operation 24 'icmp' 'icmp_ln2070' <Predicate = (icmp_ln2067)> <Delay = 0.78> <CoreInst = "Cmp">   --->   Core 9 'Cmp' <Latency = 0> <II = 1> <Delay = 0.78> <FuncUnit> <Opcode : 'seteq' 'setne' 'setle' 'setge' 'setlt' 'setgt'> <InPorts = 2> <OutPorts = 1>
ST_3 : Operation 25 [1/1] (0.78ns)   --->   "%i = add i5 %i_01, i5 1" [/home/xiaorang/Documents/ATOMFLOW/sorting-organized-main/src/sortLatticeByRow.cpp:2076]   --->   Operation 25 'add' 'i' <Predicate = (icmp_ln2067)> <Delay = 0.78> <CoreInst = "Adder">   --->   Core 1 'Adder' <Latency = 0> <II = 1> <Delay = 0.78> <FuncUnit> <Opcode : 'add' 'sub'> <InPorts = 2> <OutPorts = 1>
ST_3 : Operation 26 [1/1] (0.00ns)   --->   "%br_ln2070 = br i1 %icmp_ln2070, void %for.body5.split, void %for.inc23.loopexit" [/home/xiaorang/Documents/ATOMFLOW/sorting-organized-main/src/sortLatticeByRow.cpp:2070]   --->   Operation 26 'br' 'br_ln2070' <Predicate = (icmp_ln2067)> <Delay = 0.00>
ST_3 : Operation 27 [1/1] (0.00ns)   --->   "%zext_ln2070 = zext i5 %i_01" [/home/xiaorang/Documents/ATOMFLOW/sorting-organized-main/src/sortLatticeByRow.cpp:2070]   --->   Operation 27 'zext' 'zext_ln2070' <Predicate = (icmp_ln2067 & !icmp_ln2070)> <Delay = 0.00>
ST_3 : Operation 28 [1/1] (0.00ns)   --->   "%specpipeline_ln2073 = specpipeline void @_ssdm_op_SpecPipeline, i32 0, i32 0, i32 1, i32 0, void @empty_18" [/home/xiaorang/Documents/ATOMFLOW/sorting-organized-main/src/sortLatticeByRow.cpp:2073]   --->   Operation 28 'specpipeline' 'specpipeline_ln2073' <Predicate = (icmp_ln2067 & !icmp_ln2070)> <Delay = 0.00>
ST_3 : Operation 29 [1/1] (0.00ns)   --->   "%speclooptripcount_ln2070 = speclooptripcount void @_ssdm_op_SpecLoopTripCount, i64 16, i64 16, i64 16" [/home/xiaorang/Documents/ATOMFLOW/sorting-organized-main/src/sortLatticeByRow.cpp:2070]   --->   Operation 29 'speclooptripcount' 'speclooptripcount_ln2070' <Predicate = (icmp_ln2067 & !icmp_ln2070)> <Delay = 0.00>
ST_3 : Operation 30 [1/1] (0.00ns)   --->   "%specloopname_ln2070 = specloopname void @_ssdm_op_SpecLoopName, void @empty_39" [/home/xiaorang/Documents/ATOMFLOW/sorting-organized-main/src/sortLatticeByRow.cpp:2070]   --->   Operation 30 'specloopname' 'specloopname_ln2070' <Predicate = (icmp_ln2067 & !icmp_ln2070)> <Delay = 0.00>
ST_3 : Operation 31 [1/1] (0.00ns)   --->   "%zext_ln2076 = zext i5 %i" [/home/xiaorang/Documents/ATOMFLOW/sorting-organized-main/src/sortLatticeByRow.cpp:2076]   --->   Operation 31 'zext' 'zext_ln2076' <Predicate = (icmp_ln2067 & !icmp_ln2070)> <Delay = 0.00>
ST_3 : Operation 32 [1/1] (0.00ns)   --->   "%zext_ln2076_1 = zext i5 %i" [/home/xiaorang/Documents/ATOMFLOW/sorting-organized-main/src/sortLatticeByRow.cpp:2076]   --->   Operation 32 'zext' 'zext_ln2076_1' <Predicate = (icmp_ln2067 & !icmp_ln2070)> <Delay = 0.00>
ST_3 : Operation 33 [1/1] (0.78ns)   --->   "%icmp_ln2076 = icmp_ult  i6 %zext_ln2076_1, i6 %sub" [/home/xiaorang/Documents/ATOMFLOW/sorting-organized-main/src/sortLatticeByRow.cpp:2076]   --->   Operation 33 'icmp' 'icmp_ln2076' <Predicate = (icmp_ln2067 & !icmp_ln2070)> <Delay = 0.78> <CoreInst = "Cmp">   --->   Core 9 'Cmp' <Latency = 0> <II = 1> <Delay = 0.78> <FuncUnit> <Opcode : 'seteq' 'setne' 'setle' 'setge' 'setlt' 'setgt'> <InPorts = 2> <OutPorts = 1>
ST_3 : Operation 34 [1/1] (0.78ns)   --->   "%icmp_ln2076_1 = icmp_ult  i5 %i, i5 %end_offset_read" [/home/xiaorang/Documents/ATOMFLOW/sorting-organized-main/src/sortLatticeByRow.cpp:2076]   --->   Operation 34 'icmp' 'icmp_ln2076_1' <Predicate = (icmp_ln2067 & !icmp_ln2070)> <Delay = 0.78> <CoreInst = "Cmp">   --->   Core 9 'Cmp' <Latency = 0> <II = 1> <Delay = 0.78> <FuncUnit> <Opcode : 'seteq' 'setne' 'setle' 'setge' 'setlt' 'setgt'> <InPorts = 2> <OutPorts = 1>
ST_3 : Operation 35 [1/1] (0.28ns)   --->   "%and_ln2076 = and i1 %icmp_ln2076, i1 %icmp_ln2076_1" [/home/xiaorang/Documents/ATOMFLOW/sorting-organized-main/src/sortLatticeByRow.cpp:2076]   --->   Operation 35 'and' 'and_ln2076' <Predicate = (icmp_ln2067 & !icmp_ln2070)> <Delay = 0.28> <CoreInst = "LogicGate">   --->   Core 74 'LogicGate' <Latency = 0> <II = 1> <Delay = 0.28> <FuncUnit> <Opcode : 'and' 'or' 'xor'> <InPorts = 2> <OutPorts = 1>
ST_3 : Operation 36 [1/1] (0.00ns)   --->   "%br_ln2076 = br i1 %and_ln2076, void %for.inc, void %if.then9" [/home/xiaorang/Documents/ATOMFLOW/sorting-organized-main/src/sortLatticeByRow.cpp:2076]   --->   Operation 36 'br' 'br_ln2076' <Predicate = (icmp_ln2067 & !icmp_ln2070)> <Delay = 0.00>
ST_3 : Operation 37 [1/1] (0.00ns)   --->   "%end_addr = getelementptr i16 %begin_r, i64 0, i64 %zext_ln2070" [/home/xiaorang/Documents/ATOMFLOW/sorting-organized-main/src/sortLatticeByRow.cpp:2077]   --->   Operation 37 'getelementptr' 'end_addr' <Predicate = (icmp_ln2067 & !icmp_ln2070 & and_ln2076)> <Delay = 0.00>
ST_3 : Operation 38 [2/2] (0.67ns)   --->   "%temp = load i4 %end_addr" [/home/xiaorang/Documents/ATOMFLOW/sorting-organized-main/src/sortLatticeByRow.cpp:2077]   --->   Operation 38 'load' 'temp' <Predicate = (icmp_ln2067 & !icmp_ln2070 & and_ln2076)> <Delay = 0.67> <CoreInst = "RAM">   --->   Core 82 'RAM' <Latency = 1> <II = 1> <Delay = 0.67> <Storage> <Opcode : 'load' 'store'> <Ports = 2> <Width = 16> <Depth = 16> <RAM>
ST_3 : Operation 39 [1/1] (0.00ns)   --->   "%end_addr_1 = getelementptr i16 %begin_r, i64 0, i64 %zext_ln2076" [/home/xiaorang/Documents/ATOMFLOW/sorting-organized-main/src/sortLatticeByRow.cpp:2077]   --->   Operation 39 'getelementptr' 'end_addr_1' <Predicate = (icmp_ln2067 & !icmp_ln2070 & and_ln2076)> <Delay = 0.00>
ST_3 : Operation 40 [2/2] (0.67ns)   --->   "%end_load_1 = load i4 %end_addr_1" [/home/xiaorang/Documents/ATOMFLOW/sorting-organized-main/src/sortLatticeByRow.cpp:2077]   --->   Operation 40 'load' 'end_load_1' <Predicate = (icmp_ln2067 & !icmp_ln2070 & and_ln2076)> <Delay = 0.67> <CoreInst = "RAM">   --->   Core 82 'RAM' <Latency = 1> <II = 1> <Delay = 0.67> <Storage> <Opcode : 'load' 'store'> <Ports = 2> <Width = 16> <Depth = 16> <RAM>
ST_3 : Operation 41 [1/1] (0.00ns)   --->   "%br_ln0 = br void %for.inc23"   --->   Operation 41 'br' 'br_ln0' <Predicate = (icmp_ln2067 & icmp_ln2070)> <Delay = 0.00>
ST_3 : Operation 42 [1/1] (0.42ns)   --->   "%store_ln2060 = store i5 %pass_2, i5 %pass" [/home/xiaorang/Documents/ATOMFLOW/sorting-organized-main/src/sortLatticeByRow.cpp:2060]   --->   Operation 42 'store' 'store_ln2060' <Predicate = (icmp_ln2070) | (!icmp_ln2067)> <Delay = 0.42>
ST_3 : Operation 43 [1/1] (0.00ns)   --->   "%br_ln2060 = br void %for.body" [/home/xiaorang/Documents/ATOMFLOW/sorting-organized-main/src/sortLatticeByRow.cpp:2060]   --->   Operation 43 'br' 'br_ln2060' <Predicate = (icmp_ln2070) | (!icmp_ln2067)> <Delay = 0.00>

State 4 <SV = 3> <Delay = 2.20>
ST_4 : Operation 44 [1/2] ( I:0.67ns O:0.67ns )   --->   "%temp = load i4 %end_addr" [/home/xiaorang/Documents/ATOMFLOW/sorting-organized-main/src/sortLatticeByRow.cpp:2077]   --->   Operation 44 'load' 'temp' <Predicate = (and_ln2076)> <Delay = 0.67> <CoreInst = "RAM">   --->   Core 82 'RAM' <Latency = 1> <II = 1> <Delay = 0.67> <Storage> <Opcode : 'load' 'store'> <Ports = 2> <Width = 16> <Depth = 16> <RAM>
ST_4 : Operation 45 [1/2] ( I:0.67ns O:0.67ns )   --->   "%end_load_1 = load i4 %end_addr_1" [/home/xiaorang/Documents/ATOMFLOW/sorting-organized-main/src/sortLatticeByRow.cpp:2077]   --->   Operation 45 'load' 'end_load_1' <Predicate = (and_ln2076)> <Delay = 0.67> <CoreInst = "RAM">   --->   Core 82 'RAM' <Latency = 1> <II = 1> <Delay = 0.67> <Storage> <Opcode : 'load' 'store'> <Ports = 2> <Width = 16> <Depth = 16> <RAM>
ST_4 : Operation 46 [1/1] (0.85ns)   --->   "%icmp_ln2077 = icmp_sgt  i16 %temp, i16 %end_load_1" [/home/xiaorang/Documents/ATOMFLOW/sorting-organized-main/src/sortLatticeByRow.cpp:2077]   --->   Operation 46 'icmp' 'icmp_ln2077' <Predicate = (and_ln2076)> <Delay = 0.85> <CoreInst = "Cmp">   --->   Core 9 'Cmp' <Latency = 0> <II = 1> <Delay = 0.85> <FuncUnit> <Opcode : 'seteq' 'setne' 'setle' 'setge' 'setlt' 'setgt'> <InPorts = 2> <OutPorts = 1>
ST_4 : Operation 47 [1/1] (0.00ns)   --->   "%br_ln2077 = br i1 %icmp_ln2077, void %if.end21, void %if.then14" [/home/xiaorang/Documents/ATOMFLOW/sorting-organized-main/src/sortLatticeByRow.cpp:2077]   --->   Operation 47 'br' 'br_ln2077' <Predicate = (and_ln2076)> <Delay = 0.00>
ST_4 : Operation 48 [1/1] ( I:0.67ns O:0.67ns )   --->   "%store_ln2079 = store i16 %end_load_1, i4 %end_addr" [/home/xiaorang/Documents/ATOMFLOW/sorting-organized-main/src/sortLatticeByRow.cpp:2079]   --->   Operation 48 'store' 'store_ln2079' <Predicate = (and_ln2076 & icmp_ln2077)> <Delay = 0.67> <CoreInst = "RAM">   --->   Core 82 'RAM' <Latency = 1> <II = 1> <Delay = 0.67> <Storage> <Opcode : 'load' 'store'> <Ports = 2> <Width = 16> <Depth = 16> <RAM>
ST_4 : Operation 49 [1/1] ( I:0.67ns O:0.67ns )   --->   "%store_ln2080 = store i16 %temp, i4 %end_addr_1" [/home/xiaorang/Documents/ATOMFLOW/sorting-organized-main/src/sortLatticeByRow.cpp:2080]   --->   Operation 49 'store' 'store_ln2080' <Predicate = (and_ln2076 & icmp_ln2077)> <Delay = 0.67> <CoreInst = "RAM">   --->   Core 82 'RAM' <Latency = 1> <II = 1> <Delay = 0.67> <Storage> <Opcode : 'load' 'store'> <Ports = 2> <Width = 16> <Depth = 16> <RAM>
ST_4 : Operation 50 [1/1] (0.00ns)   --->   "%br_ln2081 = br void %if.end21" [/home/xiaorang/Documents/ATOMFLOW/sorting-organized-main/src/sortLatticeByRow.cpp:2081]   --->   Operation 50 'br' 'br_ln2081' <Predicate = (and_ln2076 & icmp_ln2077)> <Delay = 0.00>
ST_4 : Operation 51 [1/1] (0.00ns)   --->   "%br_ln2082 = br void %for.inc" [/home/xiaorang/Documents/ATOMFLOW/sorting-organized-main/src/sortLatticeByRow.cpp:2082]   --->   Operation 51 'br' 'br_ln2082' <Predicate = (and_ln2076)> <Delay = 0.00>
ST_4 : Operation 52 [1/1] (0.00ns)   --->   "%br_ln2070 = br void %for.body5" [/home/xiaorang/Documents/ATOMFLOW/sorting-organized-main/src/sortLatticeByRow.cpp:2070]   --->   Operation 52 'br' 'br_ln2070' <Predicate = true> <Delay = 0.00>


============================================================
+ Verbose Summary: Binding
============================================================
STG Binding: 
---------------- STG Properties BEGIN ----------------
- Is combinational: 0
- Is one-state seq: 0
- Is datapath-only: 0
- Is pipelined: 0
- Is top level: 0
Port [ Return ] is wired: 1; IO mode=ap_ctrl_hs:ce=0
Port [ begin_r]:  wired=1; compound=1; hidden=0; nouse=0; global=0; static=0; extern=0; dir=2; type=1; pingpong=0; private_global=0; MemPort=[22]; IO mode=ap_memory:ce=0
Port [ end_offset]:  wired=1; compound=0; hidden=0; nouse=0; global=0; static=0; extern=0; dir=0; type=0; pingpong=0; private_global=0; IO mode=ap_none:ce=0
---------------- STG Properties END ------------------

---------------- Datapath Model BEGIN ----------------

<LifeTime>
<method=bitvector/>
pass                     (alloca           ) [ 01111]
end_offset_read          (read             ) [ 00111]
zext_ln2055              (zext             ) [ 00111]
store_ln2060             (store            ) [ 00000]
br_ln2060                (br               ) [ 00000]
pass_1                   (load             ) [ 00000]
icmp_ln2060              (icmp             ) [ 00111]
pass_2                   (add              ) [ 00011]
br_ln2060                (br               ) [ 00000]
zext_ln2060              (zext             ) [ 00000]
specpipeline_ln2063      (specpipeline     ) [ 00000]
speclooptripcount_ln2060 (speclooptripcount) [ 00000]
specloopname_ln2060      (specloopname     ) [ 00000]
icmp_ln2067              (icmp             ) [ 00111]
br_ln2067                (br               ) [ 00000]
sub                      (sub              ) [ 00011]
br_ln2070                (br               ) [ 00111]
ret_ln2085               (ret              ) [ 00000]
i_01                     (phi              ) [ 00010]
icmp_ln2070              (icmp             ) [ 00111]
i                        (add              ) [ 00111]
br_ln2070                (br               ) [ 00000]
zext_ln2070              (zext             ) [ 00000]
specpipeline_ln2073      (specpipeline     ) [ 00000]
speclooptripcount_ln2070 (speclooptripcount) [ 00000]
specloopname_ln2070      (specloopname     ) [ 00000]
zext_ln2076              (zext             ) [ 00000]
zext_ln2076_1            (zext             ) [ 00000]
icmp_ln2076              (icmp             ) [ 00000]
icmp_ln2076_1            (icmp             ) [ 00000]
and_ln2076               (and              ) [ 00111]
br_ln2076                (br               ) [ 00000]
end_addr                 (getelementptr    ) [ 00001]
end_addr_1               (getelementptr    ) [ 00001]
br_ln0                   (br               ) [ 00000]
store_ln2060             (store            ) [ 00000]
br_ln2060                (br               ) [ 00000]
temp                     (load             ) [ 00000]
end_load_1               (load             ) [ 00000]
icmp_ln2077              (icmp             ) [ 00111]
br_ln2077                (br               ) [ 00000]
store_ln2079             (store            ) [ 00000]
store_ln2080             (store            ) [ 00000]
br_ln2081                (br               ) [ 00000]
br_ln2082                (br               ) [ 00000]
br_ln2070                (br               ) [ 00111]
</LifeTime>

<model>

<comp_list>
<comp id="0" class="1000" name="begin_r">
<pin_list>
<pin id="1" dir="1" index="0" bw="1" slack="0"/>
</pin_list>
<bind>
<StgValue><ssdm name="begin_r"/><MemPortTyVec>2 2 </MemPortTyVec>
</StgValue>
</bind>
</comp>

<comp id="2" class="1000" name="end_offset">
<pin_list>
<pin id="3" dir="1" index="0" bw="1" slack="0"/>
</pin_list>
<bind>
<StgValue><ssdm name="end_offset"/></StgValue>
</bind>
</comp>

<comp id="4" class="1001" name="const_4">
<pin_list>
<pin id="5" dir="1" index="0" bw="1" slack="0"/>
</pin_list>
<bind>
<StgValue><ssdm name=""/></StgValue>
</bind>
</comp>

<comp id="6" class="1001" name="const_6">
<pin_list>
<pin id="7" dir="1" index="0" bw="1" slack="0"/>
</pin_list>
<bind>
<StgValue><ssdm name="_ssdm_op_Read.ap_auto.i5"/></StgValue>
</bind>
</comp>

<comp id="8" class="1001" name="const_8">
<pin_list>
<pin id="9" dir="1" index="0" bw="1" slack="0"/>
</pin_list>
<bind>
<StgValue><ssdm name=""/></StgValue>
</bind>
</comp>

<comp id="10" class="1001" name="const_10">
<pin_list>
<pin id="11" dir="1" index="0" bw="1" slack="0"/>
</pin_list>
<bind>
<StgValue><ssdm name=""/></StgValue>
</bind>
</comp>

<comp id="12" class="1001" name="const_12">
<pin_list>
<pin id="13" dir="1" index="0" bw="1" slack="0"/>
</pin_list>
<bind>
<StgValue><ssdm name=""/></StgValue>
</bind>
</comp>

<comp id="14" class="1001" name="const_14">
<pin_list>
<pin id="15" dir="1" index="0" bw="1" slack="2147483647"/>
</pin_list>
<bind>
<StgValue><ssdm name="_ssdm_op_SpecPipeline"/></StgValue>
</bind>
</comp>

<comp id="16" class="1001" name="const_16">
<pin_list>
<pin id="17" dir="1" index="0" bw="1" slack="2147483647"/>
</pin_list>
<bind>
<StgValue><ssdm name=""/></StgValue>
</bind>
</comp>

<comp id="18" class="1001" name="const_18">
<pin_list>
<pin id="19" dir="1" index="0" bw="1" slack="2147483647"/>
</pin_list>
<bind>
<StgValue><ssdm name="empty_18"/></StgValue>
</bind>
</comp>

<comp id="20" class="1001" name="const_20">
<pin_list>
<pin id="21" dir="1" index="0" bw="1" slack="2147483647"/>
</pin_list>
<bind>
<StgValue><ssdm name="_ssdm_op_SpecLoopTripCount"/></StgValue>
</bind>
</comp>

<comp id="22" class="1001" name="const_22">
<pin_list>
<pin id="23" dir="1" index="0" bw="1" slack="2147483647"/>
</pin_list>
<bind>
<StgValue><ssdm name=""/></StgValue>
</bind>
</comp>

<comp id="24" class="1001" name="const_24">
<pin_list>
<pin id="25" dir="1" index="0" bw="1" slack="2147483647"/>
</pin_list>
<bind>
<StgValue><ssdm name="_ssdm_op_SpecLoopName"/></StgValue>
</bind>
</comp>

<comp id="26" class="1001" name="const_26">
<pin_list>
<pin id="27" dir="1" index="0" bw="1" slack="2147483647"/>
</pin_list>
<bind>
<StgValue><ssdm name="empty_31"/></StgValue>
</bind>
</comp>

<comp id="28" class="1001" name="const_28">
<pin_list>
<pin id="29" dir="1" index="0" bw="1" slack="2147483647"/>
</pin_list>
<bind>
<StgValue><ssdm name="empty_39"/></StgValue>
</bind>
</comp>

<comp id="30" class="1001" name="const_30">
<pin_list>
<pin id="31" dir="1" index="0" bw="1" slack="0"/>
</pin_list>
<bind>
<StgValue><ssdm name=""/></StgValue>
</bind>
</comp>

<comp id="32" class="1004" name="pass_fu_32">
<pin_list>
<pin id="33" dir="0" index="0" bw="1" slack="0"/>
<pin id="34" dir="1" index="1" bw="5" slack="0"/>
</pin_list>
<bind>
<opcode="alloca(26) " fcode="alloca"/>
<opset="pass/1 "/>
</bind>
</comp>

<comp id="36" class="1004" name="end_offset_read_read_fu_36">
<pin_list>
<pin id="37" dir="0" index="0" bw="5" slack="0"/>
<pin id="38" dir="0" index="1" bw="5" slack="0"/>
<pin id="39" dir="1" index="2" bw="5" slack="0"/>
</pin_list>
<bind>
<opcode="read(1150) " fcode="read"/>
<opset="end_offset_read/1 "/>
</bind>
</comp>

<comp id="42" class="1004" name="end_addr_gep_fu_42">
<pin_list>
<pin id="43" dir="0" index="0" bw="16" slack="0"/>
<pin id="44" dir="0" index="1" bw="1" slack="0"/>
<pin id="45" dir="0" index="2" bw="5" slack="0"/>
<pin id="46" dir="1" index="3" bw="4" slack="0"/>
</pin_list>
<bind>
<opcode="getelementptr(29) " fcode="getelementptr"/>
<opset="end_addr/3 "/>
</bind>
</comp>

<comp id="49" class="1004" name="grp_access_fu_49">
<pin_list>
<pin id="50" dir="0" index="0" bw="4" slack="0"/>
<pin id="51" dir="0" index="1" bw="16" slack="0"/>
<pin id="52" dir="0" index="2" bw="0" slack="0"/>
<pin id="54" dir="0" index="4" bw="4" slack="0"/>
<pin id="55" dir="0" index="5" bw="16" slack="2147483647"/>
<pin id="56" dir="0" index="6" bw="0" slack="2147483647"/>
<pin id="53" dir="1" index="3" bw="16" slack="0"/>
<pin id="57" dir="1" index="7" bw="16" slack="0"/>
</pin_list>
<bind>
<opcode="load(27) store(28) " fcode="store"/>
<opset="temp/3 end_load_1/3 store_ln2079/4 store_ln2080/4 "/>
</bind>
</comp>

<comp id="59" class="1004" name="end_addr_1_gep_fu_59">
<pin_list>
<pin id="60" dir="0" index="0" bw="16" slack="0"/>
<pin id="61" dir="0" index="1" bw="1" slack="0"/>
<pin id="62" dir="0" index="2" bw="5" slack="0"/>
<pin id="63" dir="1" index="3" bw="4" slack="0"/>
</pin_list>
<bind>
<opcode="getelementptr(29) " fcode="getelementptr"/>
<opset="end_addr_1/3 "/>
</bind>
</comp>

<comp id="69" class="1005" name="i_01_reg_69">
<pin_list>
<pin id="70" dir="0" index="0" bw="5" slack="1"/>
<pin id="71" dir="1" index="1" bw="5" slack="1"/>
</pin_list>
<bind>
<opset="i_01 (phireg) "/>
</bind>
</comp>

<comp id="73" class="1004" name="i_01_phi_fu_73">
<pin_list>
<pin id="74" dir="0" index="0" bw="1" slack="1"/>
<pin id="75" dir="0" index="1" bw="0" slack="2147483647"/>
<pin id="76" dir="0" index="2" bw="5" slack="0"/>
<pin id="77" dir="0" index="3" bw="0" slack="2147483647"/>
<pin id="78" dir="1" index="4" bw="5" slack="0"/>
</pin_list>
<bind>
<opcode="phi(47) " fcode="phi"/>
<opset="i_01/3 "/>
</bind>
</comp>

<comp id="80" class="1004" name="zext_ln2055_fu_80">
<pin_list>
<pin id="81" dir="0" index="0" bw="5" slack="0"/>
<pin id="82" dir="1" index="1" bw="6" slack="1"/>
</pin_list>
<bind>
<opcode="zext(34) " fcode="zext"/>
<opset="zext_ln2055/1 "/>
</bind>
</comp>

<comp id="84" class="1004" name="store_ln2060_store_fu_84">
<pin_list>
<pin id="85" dir="0" index="0" bw="1" slack="0"/>
<pin id="86" dir="0" index="1" bw="5" slack="0"/>
<pin id="87" dir="1" index="2" bw="0" slack="2147483647"/>
</pin_list>
<bind>
<opcode="store(28) " fcode="store"/>
<opset="store_ln2060/1 "/>
</bind>
</comp>

<comp id="89" class="1004" name="pass_1_load_fu_89">
<pin_list>
<pin id="90" dir="0" index="0" bw="5" slack="1"/>
<pin id="91" dir="1" index="1" bw="5" slack="0"/>
</pin_list>
<bind>
<opcode="load(27) " fcode="load"/>
<opset="pass_1/2 "/>
</bind>
</comp>

<comp id="92" class="1004" name="icmp_ln2060_fu_92">
<pin_list>
<pin id="93" dir="0" index="0" bw="5" slack="0"/>
<pin id="94" dir="0" index="1" bw="5" slack="0"/>
<pin id="95" dir="1" index="2" bw="1" slack="2147483647"/>
</pin_list>
<bind>
<opcode="icmp(45) " fcode="icmp"/>
<opset="icmp_ln2060/2 "/>
</bind>
</comp>

<comp id="98" class="1004" name="pass_2_fu_98">
<pin_list>
<pin id="99" dir="0" index="0" bw="5" slack="0"/>
<pin id="100" dir="0" index="1" bw="1" slack="0"/>
<pin id="101" dir="1" index="2" bw="5" slack="1"/>
</pin_list>
<bind>
<opcode="add(8) " fcode="add"/>
<opset="pass_2/2 "/>
</bind>
</comp>

<comp id="104" class="1004" name="zext_ln2060_fu_104">
<pin_list>
<pin id="105" dir="0" index="0" bw="5" slack="0"/>
<pin id="106" dir="1" index="1" bw="6" slack="0"/>
</pin_list>
<bind>
<opcode="zext(34) " fcode="zext"/>
<opset="zext_ln2060/2 "/>
</bind>
</comp>

<comp id="108" class="1004" name="icmp_ln2067_fu_108">
<pin_list>
<pin id="109" dir="0" index="0" bw="5" slack="0"/>
<pin id="110" dir="0" index="1" bw="5" slack="1"/>
<pin id="111" dir="1" index="2" bw="1" slack="1"/>
</pin_list>
<bind>
<opcode="icmp(45) " fcode="icmp"/>
<opset="icmp_ln2067/2 "/>
</bind>
</comp>

<comp id="113" class="1004" name="sub_fu_113">
<pin_list>
<pin id="114" dir="0" index="0" bw="5" slack="1"/>
<pin id="115" dir="0" index="1" bw="5" slack="0"/>
<pin id="116" dir="1" index="2" bw="6" slack="1"/>
</pin_list>
<bind>
<opcode="sub(10) " fcode="sub"/>
<opset="sub/2 "/>
</bind>
</comp>

<comp id="118" class="1004" name="icmp_ln2070_fu_118">
<pin_list>
<pin id="119" dir="0" index="0" bw="5" slack="0"/>
<pin id="120" dir="0" index="1" bw="5" slack="0"/>
<pin id="121" dir="1" index="2" bw="1" slack="2147483647"/>
</pin_list>
<bind>
<opcode="icmp(45) " fcode="icmp"/>
<opset="icmp_ln2070/3 "/>
</bind>
</comp>

<comp id="124" class="1004" name="i_fu_124">
<pin_list>
<pin id="125" dir="0" index="0" bw="5" slack="0"/>
<pin id="126" dir="0" index="1" bw="1" slack="0"/>
<pin id="127" dir="1" index="2" bw="5" slack="0"/>
</pin_list>
<bind>
<opcode="add(8) " fcode="add"/>
<opset="i/3 "/>
</bind>
</comp>

<comp id="130" class="1004" name="zext_ln2070_fu_130">
<pin_list>
<pin id="131" dir="0" index="0" bw="5" slack="0"/>
<pin id="132" dir="1" index="1" bw="64" slack="0"/>
</pin_list>
<bind>
<opcode="zext(34) " fcode="zext"/>
<opset="zext_ln2070/3 "/>
</bind>
</comp>

<comp id="135" class="1004" name="zext_ln2076_fu_135">
<pin_list>
<pin id="136" dir="0" index="0" bw="5" slack="0"/>
<pin id="137" dir="1" index="1" bw="64" slack="0"/>
</pin_list>
<bind>
<opcode="zext(34) " fcode="zext"/>
<opset="zext_ln2076/3 "/>
</bind>
</comp>

<comp id="140" class="1004" name="zext_ln2076_1_fu_140">
<pin_list>
<pin id="141" dir="0" index="0" bw="5" slack="0"/>
<pin id="142" dir="1" index="1" bw="6" slack="0"/>
</pin_list>
<bind>
<opcode="zext(34) " fcode="zext"/>
<opset="zext_ln2076_1/3 "/>
</bind>
</comp>

<comp id="144" class="1004" name="icmp_ln2076_fu_144">
<pin_list>
<pin id="145" dir="0" index="0" bw="5" slack="0"/>
<pin id="146" dir="0" index="1" bw="6" slack="1"/>
<pin id="147" dir="1" index="2" bw="1" slack="0"/>
</pin_list>
<bind>
<opcode="icmp(45) " fcode="icmp"/>
<opset="icmp_ln2076/3 "/>
</bind>
</comp>

<comp id="149" class="1004" name="icmp_ln2076_1_fu_149">
<pin_list>
<pin id="150" dir="0" index="0" bw="5" slack="0"/>
<pin id="151" dir="0" index="1" bw="5" slack="2"/>
<pin id="152" dir="1" index="2" bw="1" slack="0"/>
</pin_list>
<bind>
<opcode="icmp(45) " fcode="icmp"/>
<opset="icmp_ln2076_1/3 "/>
</bind>
</comp>

<comp id="154" class="1004" name="and_ln2076_fu_154">
<pin_list>
<pin id="155" dir="0" index="0" bw="1" slack="0"/>
<pin id="156" dir="0" index="1" bw="1" slack="0"/>
<pin id="157" dir="1" index="2" bw="1" slack="1"/>
</pin_list>
<bind>
<opcode="and(23) " fcode="and"/>
<opset="and_ln2076/3 "/>
</bind>
</comp>

<comp id="160" class="1004" name="store_ln2060_store_fu_160">
<pin_list>
<pin id="161" dir="0" index="0" bw="5" slack="1"/>
<pin id="162" dir="0" index="1" bw="5" slack="2"/>
<pin id="163" dir="1" index="2" bw="0" slack="2147483647"/>
</pin_list>
<bind>
<opcode="store(28) " fcode="store"/>
<opset="store_ln2060/3 "/>
</bind>
</comp>

<comp id="164" class="1004" name="icmp_ln2077_fu_164">
<pin_list>
<pin id="165" dir="0" index="0" bw="16" slack="0"/>
<pin id="166" dir="0" index="1" bw="16" slack="0"/>
<pin id="167" dir="1" index="2" bw="1" slack="2147483647"/>
</pin_list>
<bind>
<opcode="icmp(45) " fcode="icmp"/>
<opset="icmp_ln2077/4 "/>
</bind>
</comp>

<comp id="170" class="1005" name="pass_reg_170">
<pin_list>
<pin id="171" dir="0" index="0" bw="5" slack="0"/>
<pin id="172" dir="1" index="1" bw="5" slack="0"/>
</pin_list>
<bind>
<opset="pass "/>
</bind>
</comp>

<comp id="177" class="1005" name="end_offset_read_reg_177">
<pin_list>
<pin id="178" dir="0" index="0" bw="5" slack="1"/>
<pin id="179" dir="1" index="1" bw="5" slack="1"/>
</pin_list>
<bind>
<opset="end_offset_read "/>
</bind>
</comp>

<comp id="183" class="1005" name="zext_ln2055_reg_183">
<pin_list>
<pin id="184" dir="0" index="0" bw="6" slack="1"/>
<pin id="185" dir="1" index="1" bw="6" slack="1"/>
</pin_list>
<bind>
<opset="zext_ln2055 "/>
</bind>
</comp>

<comp id="191" class="1005" name="pass_2_reg_191">
<pin_list>
<pin id="192" dir="0" index="0" bw="5" slack="1"/>
<pin id="193" dir="1" index="1" bw="5" slack="1"/>
</pin_list>
<bind>
<opset="pass_2 "/>
</bind>
</comp>

<comp id="196" class="1005" name="icmp_ln2067_reg_196">
<pin_list>
<pin id="197" dir="0" index="0" bw="1" slack="1"/>
<pin id="198" dir="1" index="1" bw="1" slack="2147483647"/>
</pin_list>
<bind>
<opset="icmp_ln2067 "/>
</bind>
</comp>

<comp id="200" class="1005" name="sub_reg_200">
<pin_list>
<pin id="201" dir="0" index="0" bw="6" slack="1"/>
<pin id="202" dir="1" index="1" bw="6" slack="1"/>
</pin_list>
<bind>
<opset="sub "/>
</bind>
</comp>

<comp id="208" class="1005" name="i_reg_208">
<pin_list>
<pin id="209" dir="0" index="0" bw="5" slack="0"/>
<pin id="210" dir="1" index="1" bw="5" slack="0"/>
</pin_list>
<bind>
<opset="i "/>
</bind>
</comp>

<comp id="213" class="1005" name="and_ln2076_reg_213">
<pin_list>
<pin id="214" dir="0" index="0" bw="1" slack="1"/>
<pin id="215" dir="1" index="1" bw="1" slack="2147483647"/>
</pin_list>
<bind>
<opset="and_ln2076 "/>
</bind>
</comp>

<comp id="217" class="1005" name="end_addr_reg_217">
<pin_list>
<pin id="218" dir="0" index="0" bw="4" slack="1"/>
<pin id="219" dir="1" index="1" bw="4" slack="1"/>
</pin_list>
<bind>
<opset="end_addr "/>
</bind>
</comp>

<comp id="222" class="1005" name="end_addr_1_reg_222">
<pin_list>
<pin id="223" dir="0" index="0" bw="4" slack="1"/>
<pin id="224" dir="1" index="1" bw="4" slack="1"/>
</pin_list>
<bind>
<opset="end_addr_1 "/>
</bind>
</comp>

</comp_list>

<net_list>
<net id="35"><net_src comp="4" pin="0"/><net_sink comp="32" pin=0"/></net>

<net id="40"><net_src comp="6" pin="0"/><net_sink comp="36" pin=0"/></net>

<net id="41"><net_src comp="2" pin="0"/><net_sink comp="36" pin=1"/></net>

<net id="47"><net_src comp="0" pin="0"/><net_sink comp="42" pin=0"/></net>

<net id="48"><net_src comp="30" pin="0"/><net_sink comp="42" pin=1"/></net>

<net id="58"><net_src comp="42" pin="3"/><net_sink comp="49" pin=2"/></net>

<net id="64"><net_src comp="0" pin="0"/><net_sink comp="59" pin=0"/></net>

<net id="65"><net_src comp="30" pin="0"/><net_sink comp="59" pin=1"/></net>

<net id="66"><net_src comp="59" pin="3"/><net_sink comp="49" pin=0"/></net>

<net id="67"><net_src comp="49" pin="3"/><net_sink comp="49" pin=4"/></net>

<net id="68"><net_src comp="49" pin="7"/><net_sink comp="49" pin=1"/></net>

<net id="72"><net_src comp="8" pin="0"/><net_sink comp="69" pin=0"/></net>

<net id="79"><net_src comp="69" pin="1"/><net_sink comp="73" pin=0"/></net>

<net id="83"><net_src comp="36" pin="2"/><net_sink comp="80" pin=0"/></net>

<net id="88"><net_src comp="8" pin="0"/><net_sink comp="84" pin=0"/></net>

<net id="96"><net_src comp="89" pin="1"/><net_sink comp="92" pin=0"/></net>

<net id="97"><net_src comp="10" pin="0"/><net_sink comp="92" pin=1"/></net>

<net id="102"><net_src comp="89" pin="1"/><net_sink comp="98" pin=0"/></net>

<net id="103"><net_src comp="12" pin="0"/><net_sink comp="98" pin=1"/></net>

<net id="107"><net_src comp="89" pin="1"/><net_sink comp="104" pin=0"/></net>

<net id="112"><net_src comp="89" pin="1"/><net_sink comp="108" pin=0"/></net>

<net id="117"><net_src comp="104" pin="1"/><net_sink comp="113" pin=1"/></net>

<net id="122"><net_src comp="73" pin="4"/><net_sink comp="118" pin=0"/></net>

<net id="123"><net_src comp="10" pin="0"/><net_sink comp="118" pin=1"/></net>

<net id="128"><net_src comp="73" pin="4"/><net_sink comp="124" pin=0"/></net>

<net id="129"><net_src comp="12" pin="0"/><net_sink comp="124" pin=1"/></net>

<net id="133"><net_src comp="73" pin="4"/><net_sink comp="130" pin=0"/></net>

<net id="134"><net_src comp="130" pin="1"/><net_sink comp="42" pin=2"/></net>

<net id="138"><net_src comp="124" pin="2"/><net_sink comp="135" pin=0"/></net>

<net id="139"><net_src comp="135" pin="1"/><net_sink comp="59" pin=2"/></net>

<net id="143"><net_src comp="124" pin="2"/><net_sink comp="140" pin=0"/></net>

<net id="148"><net_src comp="140" pin="1"/><net_sink comp="144" pin=0"/></net>

<net id="153"><net_src comp="124" pin="2"/><net_sink comp="149" pin=0"/></net>

<net id="158"><net_src comp="144" pin="2"/><net_sink comp="154" pin=0"/></net>

<net id="159"><net_src comp="149" pin="2"/><net_sink comp="154" pin=1"/></net>

<net id="168"><net_src comp="49" pin="7"/><net_sink comp="164" pin=0"/></net>

<net id="169"><net_src comp="49" pin="3"/><net_sink comp="164" pin=1"/></net>

<net id="173"><net_src comp="32" pin="1"/><net_sink comp="170" pin=0"/></net>

<net id="174"><net_src comp="170" pin="1"/><net_sink comp="84" pin=1"/></net>

<net id="175"><net_src comp="170" pin="1"/><net_sink comp="89" pin=0"/></net>

<net id="176"><net_src comp="170" pin="1"/><net_sink comp="160" pin=1"/></net>

<net id="180"><net_src comp="36" pin="2"/><net_sink comp="177" pin=0"/></net>

<net id="181"><net_src comp="177" pin="1"/><net_sink comp="108" pin=1"/></net>

<net id="182"><net_src comp="177" pin="1"/><net_sink comp="149" pin=1"/></net>

<net id="186"><net_src comp="80" pin="1"/><net_sink comp="183" pin=0"/></net>

<net id="187"><net_src comp="183" pin="1"/><net_sink comp="113" pin=0"/></net>

<net id="194"><net_src comp="98" pin="2"/><net_sink comp="191" pin=0"/></net>

<net id="195"><net_src comp="191" pin="1"/><net_sink comp="160" pin=0"/></net>

<net id="199"><net_src comp="108" pin="2"/><net_sink comp="196" pin=0"/></net>

<net id="203"><net_src comp="113" pin="2"/><net_sink comp="200" pin=0"/></net>

<net id="204"><net_src comp="200" pin="1"/><net_sink comp="144" pin=1"/></net>

<net id="211"><net_src comp="124" pin="2"/><net_sink comp="208" pin=0"/></net>

<net id="212"><net_src comp="208" pin="1"/><net_sink comp="73" pin=2"/></net>

<net id="216"><net_src comp="154" pin="2"/><net_sink comp="213" pin=0"/></net>

<net id="220"><net_src comp="42" pin="3"/><net_sink comp="217" pin=0"/></net>

<net id="221"><net_src comp="217" pin="1"/><net_sink comp="49" pin=2"/></net>

<net id="225"><net_src comp="59" pin="3"/><net_sink comp="222" pin=0"/></net>

<net id="226"><net_src comp="222" pin="1"/><net_sink comp="49" pin=0"/></net>

</net_list>

</model> 
---------------- Datapath Model END ------------------

* FSMD analyzer results:
  - Output states:
	Port: begin_r | {4 }
 - Input state : 
	Port: hlsSort : begin_r | {3 4 }
	Port: hlsSort : end_offset | {1 }
  - Chain level:
	State 1
		store_ln2060 : 1
	State 2
		icmp_ln2060 : 1
		pass_2 : 1
		br_ln2060 : 2
		zext_ln2060 : 1
		icmp_ln2067 : 1
		br_ln2067 : 2
		sub : 2
	State 3
		icmp_ln2070 : 1
		i : 1
		br_ln2070 : 2
		zext_ln2070 : 1
		zext_ln2076 : 2
		zext_ln2076_1 : 2
		icmp_ln2076 : 3
		icmp_ln2076_1 : 2
		and_ln2076 : 4
		br_ln2076 : 4
		end_addr : 2
		temp : 3
		end_addr_1 : 3
		end_load_1 : 4
	State 4
		icmp_ln2077 : 1
		br_ln2077 : 2
		store_ln2079 : 1
		store_ln2080 : 1


============================================================
+ Verbose Summary: Datapath Resource usage 
============================================================

* Functional unit list:
|----------|----------------------------|---------|---------|
| Operation|       Functional Unit      |    FF   |   LUT   |
|----------|----------------------------|---------|---------|
|          |      icmp_ln2060_fu_92     |    0    |    12   |
|          |     icmp_ln2067_fu_108     |    0    |    12   |
|   icmp   |     icmp_ln2070_fu_118     |    0    |    12   |
|          |     icmp_ln2076_fu_144     |    0    |    13   |
|          |    icmp_ln2076_1_fu_149    |    0    |    12   |
|          |     icmp_ln2077_fu_164     |    0    |    23   |
|----------|----------------------------|---------|---------|
|    add   |        pass_2_fu_98        |    0    |    12   |
|          |          i_fu_124          |    0    |    12   |
|----------|----------------------------|---------|---------|
|    sub   |         sub_fu_113         |    0    |    12   |
|----------|----------------------------|---------|---------|
|    and   |      and_ln2076_fu_154     |    0    |    2    |
|----------|----------------------------|---------|---------|
|   read   | end_offset_read_read_fu_36 |    0    |    0    |
|----------|----------------------------|---------|---------|
|          |      zext_ln2055_fu_80     |    0    |    0    |
|          |     zext_ln2060_fu_104     |    0    |    0    |
|   zext   |     zext_ln2070_fu_130     |    0    |    0    |
|          |     zext_ln2076_fu_135     |    0    |    0    |
|          |    zext_ln2076_1_fu_140    |    0    |    0    |
|----------|----------------------------|---------|---------|
|   Total  |                            |    0    |   122   |
|----------|----------------------------|---------|---------|

Memories:
N/A

* Register list:
+-----------------------+--------+
|                       |   FF   |
+-----------------------+--------+
|   and_ln2076_reg_213  |    1   |
|   end_addr_1_reg_222  |    4   |
|    end_addr_reg_217   |    4   |
|end_offset_read_reg_177|    5   |
|      i_01_reg_69      |    5   |
|       i_reg_208       |    5   |
|  icmp_ln2067_reg_196  |    1   |
|     pass_2_reg_191    |    5   |
|      pass_reg_170     |    5   |
|      sub_reg_200      |    6   |
|  zext_ln2055_reg_183  |    6   |
+-----------------------+--------+
|         Total         |   47   |
+-----------------------+--------+

* Multiplexer (MUX) list: 
|------------------|------|------|------|--------||---------||---------||---------|
|       Comp       |  Pin | Size |  BW  | S x BW ||  Delay  ||    FF   ||   LUT   |
|------------------|------|------|------|--------||---------||---------||---------|
| grp_access_fu_49 |  p0  |   2  |   4  |    8   ||    0    ||    9    |
| grp_access_fu_49 |  p2  |   2  |   0  |    0   ||    0    ||    9    |
|------------------|------|------|------|--------||---------||---------||---------|
|       Total      |      |      |      |    8   ||  0.854  ||    0    ||    18   |
|------------------|------|------|------|--------||---------||---------||---------|



* Summary:
+-----------+--------+--------+--------+
|           |  Delay |   FF   |   LUT  |
+-----------+--------+--------+--------+
|  Function |    -   |    0   |   122  |
|   Memory  |    -   |    -   |    -   |
|Multiplexer|    0   |    0   |   18   |
|  Register |    -   |   47   |    -   |
+-----------+--------+--------+--------+
|   Total   |    0   |   47   |   140  |
+-----------+--------+--------+--------+
