

================================================================
== Vitis HLS Report for 'hlsSort'
================================================================
* Date:           Thu Mar 26 11:03:18 2026

* Version:        2024.2 (Build 5238294 on Nov  8 2024)
* Project:        atomflow_controller_2024_2
* Solution:       hls (Vivado IP Flow Target)
* Product family: zynquplusRFSOC
* Target device:  xczu49dr-ffvf1760-2-e


================================================================
== Performance Estimates
================================================================
+ Timing: 
    * Summary: 
    +--------+----------+----------+------------+
    |  Clock |  Target  | Estimated| Uncertainty|
    +--------+----------+----------+------------+
    |ap_clk  |  10.00 ns|  2.207 ns|     2.70 ns|
    +--------+----------+----------+------------+

+ Latency: 
    * Summary: 
    +---------+---------+----------+----------+-----+-----+---------+
    |  Latency (cycles) |  Latency (absolute) |  Interval | Pipeline|
    |   min   |   max   |    min   |    max   | min | max |   Type  |
    +---------+---------+----------+----------+-----+-----+---------+
    |       33|      545|  0.330 us|  5.450 us|   33|  545|       no|
    +---------+---------+----------+----------+-----+-----+---------+

    + Detail: 
        * Instance: 
        N/A

        * Loop: 
        +----------------------+---------+---------+----------+-----------+-----------+------+----------+
        |                      |  Latency (cycles) | Iteration|  Initiation Interval  | Trip |          |
        |       Loop Name      |   min   |   max   |  Latency |  achieved |   target  | Count| Pipelined|
        +----------------------+---------+---------+----------+-----------+-----------+------+----------+
        |- VITIS_LOOP_2060_1   |       32|      544|    2 ~ 34|          -|          -|    16|        no|
        | + VITIS_LOOP_2070_2  |       32|       32|         2|          -|          -|    16|        no|
        +----------------------+---------+---------+----------+-----------+-----------+------+----------+

============================================================
+ Verbose Summary: Synthesis Manager
============================================================
InlineROM: 1
ExposeGlobal: 0
============================================================
+ Verbose Summary: CDFG Model
============================================================
IsTopModel: 0
ResetActiveHigh: 1
IsCombinational: 0
IsDatapathOnly: 0
HasWiredReturn: 1
HasMFsm: 0
HasVarLatency: 1
IsPipeline: 0
IsRtlPipelined: 0
IsInstanceOverlapped: 0
IsDontTouch: 0
HasImplIP: 0
IsGatedGlobalClock: 0


============================================================
+ Verbose Summary: Schedule
============================================================
* Number of FSM states : 4
* Pipeline : 0
* Dataflow Pipeline: 0

* FSM state transitions: 
1 --> 2 
2 --> 3 
3 --> 4 2 
4 --> 3 

* FSM state operations: 

State 1 <SV = 0> <Delay = 0.42>
ST_1 : Operation 5 [1/1] (0.00ns)   --->   "%pass = alloca i32 1" [/home/xiaorang/Documents/ATOMFLOW/sorting-organized-main/src/sortLatticeByRow.cpp:2060]   --->   Operation 5 'alloca' 'pass' <Predicate = true> <Delay = 0.00>
ST_1 : Operation 6 [1/1] (0.00ns)   --->   "%end_offset_read = read i5 @_ssdm_op_Read.ap_auto.i5, i5 %end_offset" [/home/xiaorang/Documents/ATOMFLOW/sorting-organized-main/src/sortLatticeByRow.cpp:2050]   --->   Operation 6 'read' 'end_offset_read' <Predicate = true> <Delay = 0.00>
ST_1 : Operation 7 [1/1] (0.00ns)   --->   "%zext_ln2055 = zext i5 %end_offset_read" [/home/xiaorang/Documents/ATOMFLOW/sorting-organized-main/src/sortLatticeByRow.cpp:2055]   --->   Operation 7 'zext' 'zext_ln2055' <Predicate = true> <Delay = 0.00>
ST_1 : Operation 8 [1/1] (0.42ns)   --->   "%store_ln2060 = store i5 0, i5 %pass" [/home/xiaorang/Documents/ATOMFLOW/sorting-organized-main/src/sortLatticeByRow.cpp:2060]   --->   Operation 8 'store' 'store_ln2060' <Predicate = true> <Delay = 0.42>
ST_1 : Operation 9 [1/1] (0.00ns)   --->   "%br_ln2060 = br void %for.body" [/home/xiaorang/Documents/ATOMFLOW/sorting-organized-main/src/sortLatticeByRow.cpp:2060]   --->   Operation 9 'br' 'br_ln2060' <Predicate = true> <Delay = 0.00>

State 2 <SV = 1> <Delay = 1.21>
ST_2 : Operation 10 [1/1] (0.00ns)   --->   "%pass_1 = load i5 %pass" [/home/xiaorang/Documents/ATOMFLOW/sorting-organized-main/src/sortLatticeByRow.cpp:2060]   --->   Operation 10 'load' 'pass_1' <Predicate = true> <Delay = 0.00>
ST_2 : Operation 11 [1/1] (0.78ns)   --->   "%icmp_ln2060 = icmp_eq  i5 %pass_1, i5 16" [/home/xiaorang/Documents/ATOMFLOW/sorting-organized-main/src/sortLatticeByRow.cpp:2060]   --->   Operation 11 'icmp' 'icmp_ln2060' <Predicate = true> <Delay = 0.78> <CoreInst = "Cmp">   --->   Core 9 'Cmp' <Latency = 0> <II = 1> <Delay = 0.78> <FuncUnit> <Opcode : 'seteq' 'setne' 'setle' 'setge' 'setlt' 'setgt'> <InPorts = 2> <OutPorts = 1>
ST_2 : Operation 12 [1/1] (0.78ns)   --->   "%pass_2 = add i5 %pass_1, i5 1" [/home/xiaorang/Documents/ATOMFLOW/sorting-organized-main/src/sortLatticeByRow.cpp:2060]   --->   Operation 12 'add' 'pass_2' <Predicate = true> <Delay = 0.78> <CoreInst = "Adder">   --->   Core 1 'Adder' <Latency = 0> <II = 1> <Delay = 0.78> <FuncUnit> <Opcode : 'add' 'sub'> <InPorts = 2> <OutPorts = 1>
ST_2 : Operation 13 [1/1] (0.00ns)   --->   "%br_ln2060 = br i1 %icmp_ln2060, void %for.body.split, void %for.end25" [/home/xiaorang/Documents/ATOMFLOW/sorting-organized-main/src/sortLatticeByRow.cpp:2060]   --->   Operation 13 'br' 'br_ln2060' <Predicate = true> <Delay = 0.00>
ST_2 : Operation 14 [1/1] (0.00ns)   --->   "%zext_ln2060 = zext i5 %pass_1" [/home/xiaorang/Documents/ATOMFLOW/sorting-organized-main/src/sortLatticeByRow.cpp:2060]   --->   Operation 14 'zext' 'zext_ln2060' <Predicate = (!icmp_ln2060)> <Delay = 0.00>
ST_2 : Operation 15 [1/1] (0.00ns)   --->   "%specpipeline_ln2063 = specpipeline void @_ssdm_op_SpecPipeline, i32 0, i32 0, i32 1, i32 0, void @empty_18" [/home/xiaorang/Documents/ATOMFLOW/sorting-organized-main/src/sortLatticeByRow.cpp:2063]   --->   Operation 15 'specpipeline' 'specpipeline_ln2063' <Predicate = (!icmp_ln2060)> <Delay = 0.00>
ST_2 : Operation 16 [1/1] (0.00ns)   --->   "%speclooptripcount_ln2060 = speclooptripcount void @_ssdm_op_SpecLoopTripCount, i64 16, i64 16, i64 16" [/home/xiaorang/Documents/ATOMFLOW/sorting-organized-main/src/sortLatticeByRow.cpp:2060]   --->   Operation 16 'speclooptripcount' 'speclooptripcount_ln2060' <Predicate = (!icmp_ln2060)> <Delay = 0.00>
ST_2 : Operation 17 [1/1] (0.00ns)   --->   "%specloopname_ln2060 = specloopname void @_ssdm_op_SpecLoopName, void @empty_31" [/home/xiaorang/Documents/ATOMFLOW/sorting-organized-main/src/sortLatticeByRow.cpp:2060]   --->   Operation 17 'specloopname' 'specloopname_ln2060' <Predicate = (!icmp_ln2060)> <Delay = 0.00>
ST_2 : Operation 18 [1/1] (0.78ns)   --->   "%icmp_ln2067 = icmp_ult  i5 %pass_1, i5 %end_offset_read" [/home/xiaorang/Documents/ATOMFLOW/sorting-organized-main/src/sortLatticeByRow.cpp:2067]   --->   Operation 18 'icmp' 'icmp_ln2067' <Predicate = (!icmp_ln2060)> <Delay = 0.78> <CoreInst = "Cmp">   --->   Core 9 'Cmp' <Latency = 0> <II = 1> <Delay = 0.78> <FuncUnit> <Opcode : 'seteq' 'setne' 'setle' 'setge' 'setlt' 'setgt'> <InPorts = 2> <OutPorts = 1>
ST_2 : Operation 19 [1/1] (0.00ns)   --->   "%br_ln2067 = br i1 %icmp_ln2067, void %for.inc23, void %VITIS_LOOP_2070_2" [/home/xiaorang/Documents/ATOMFLOW/sorting-organized-main/src/sortLatticeByRow.cpp:2067]   --->   Operation 19 'br' 'br_ln2067' <Predicate = (!icmp_ln2060)> <Delay = 0.00>
ST_2 : Operation 20 [1/1] (0.78ns)   --->   "%sub = sub i6 %zext_ln2055, i6 %zext_ln2060" [/home/xiaorang/Documents/ATOMFLOW/sorting-organized-main/src/sortLatticeByRow.cpp:2055]   --->   Operation 20 'sub' 'sub' <Predicate = (!icmp_ln2060 & icmp_ln2067)> <Delay = 0.78> <CoreInst = "Adder">   --->   Core 1 'Adder' <Latency = 0> <II = 1> <Delay = 0.78> <FuncUnit> <Opcode : 'add' 'sub'> <InPorts = 2> <OutPorts = 1>
ST_2 : Operation 21 [1/1] (0.42ns)   --->   "%br_ln2070 = br void %for.body5" [/home/xiaorang/Documents/ATOMFLOW/sorting-organized-main/src/sortLatticeByRow.cpp:2070]   --->   Operation 21 'br' 'br_ln2070' <Predicate = (!icmp_ln2060 & icmp_ln2067)> <Delay = 0.42>
ST_2 : Operation 22 [1/1] (0.00ns)   --->   "%ret_ln2085 = ret" [/home/xiaorang/Documents/ATOMFLOW/sorting-organized-main/src/sortLatticeByRow.cpp:2085]   --->   Operation 22 'ret' 'ret_ln2085' <Predicate = (icmp_ln2060)> <Delay = 0.00>

State 3 <SV = 2> <Delay = 1.86>
ST_3 : Operation 23 [1/1] (0.00ns)   --->   "%i_01 = phi i5 0, void %VITIS_LOOP_2070_2, i5 %i, void %for.inc"   --->   Operation 23 'phi' 'i_01' <Predicate = (icmp_ln2067)> <Delay = 0.00>
ST_3 : Operation 24 [1/1] (0.78ns)   --->   "%icmp_ln2070 = icmp_eq  i5 %i_01, i5 16" [/home/xiaorang/Documents/ATOMFLOW/sorting-organized-main/src/sortLatticeByRow.cpp:2070]   --->   Operation 24 'icmp' 'icmp_ln2070' <Predicate = (icmp_ln2067)> <Delay = 0.78> <CoreInst = "Cmp">   --->   Core 9 'Cmp' <Latency = 0> <II = 1> <Delay = 0.78> <FuncUnit> <Opcode : 'seteq' 'setne' 'setle' 'setge' 'setlt' 'setgt'> <InPorts = 2> <OutPorts = 1>
ST_3 : Operation 25 [1/1] (0.78ns)   --->   "%i = add i5 %i_01, i5 1" [/home/xiaorang/Documents/ATOMFLOW/sorting-organized-main/src/sortLatticeByRow.cpp:2076]   --->   Operation 25 'add' 'i' <Predicate = (icmp_ln2067)> <Delay = 0.78> <CoreInst = "Adder">   --->   Core 1 'Adder' <Latency = 0> <II = 1> <Delay = 0.78> <FuncUnit> <Opcode : 'add' 'sub'> <InPorts = 2> <OutPorts = 1>
ST_3 : Operation 26 [1/1] (0.00ns)   --->   "%br_ln2070 = br i1 %icmp_ln2070, void %for.body5.split, void %for.inc23.loopexit" [/home/xiaorang/Documents/ATOMFLOW/sorting-organized-main/src/sortLatticeByRow.cpp:2070]   --->   Operation 26 'br' 'br_ln2070' <Predicate = (icmp_ln2067)> <Delay = 0.00>
ST_3 : Operation 27 [1/1] (0.00ns)   --->   "%zext_ln2070 = zext i5 %i_01" [/home/xiaorang/Documents/ATOMFLOW/sorting-organized-main/src/sortLatticeByRow.cpp:2070]   --->   Operation 27 'zext' 'zext_ln2070' <Predicate = (icmp_ln2067 & !icmp_ln2070)> <Delay = 0.00>
ST_3 : Operation 28 [1/1] (0.00ns)   --->   "%specpipeline_ln2073 = specpipeline void @_ssdm_op_SpecPipeline, i32 0, i32 0, i32 1, i32 0, void @empty_18" [/home/xiaorang/Documents/ATOMFLOW/sorting-organized-main/src/sortLatticeByRow.cpp:2073]   --->   Operation 28 'specpipeline' 'specpipeline_ln2073' <Predicate = (icmp_ln2067 & !icmp_ln2070)> <Delay = 0.00>
ST_3 : Operation 29 [1/1] (0.00ns)   --->   "%speclooptripcount_ln2070 = speclooptripcount void @_ssdm_op_SpecLoopTripCount, i64 16, i64 16, i64 16" [/home/xiaorang/Documents/ATOMFLOW/sorting-organized-main/src/sortLatticeByRow.cpp:2070]   --->   Operation 29 'speclooptripcount' 'speclooptripcount_ln2070' <Predicate = (icmp_ln2067 & !icmp_ln2070)> <Delay = 0.00>
ST_3 : Operation 30 [1/1] (0.00ns)   --->   "%specloopname_ln2070 = specloopname void @_ssdm_op_SpecLoopName, void @empty_39" [/home/xiaorang/Documents/ATOMFLOW/sorting-organized-main/src/sortLatticeByRow.cpp:2070]   --->   Operation 30 'specloopname' 'specloopname_ln2070' <Predicate = (icmp_ln2067 & !icmp_ln2070)> <Delay = 0.00>
ST_3 : Operation 31 [1/1] (0.00ns)   --->   "%zext_ln2076 = zext i5 %i" [/home/xiaorang/Documents/ATOMFLOW/sorting-organized-main/src/sortLatticeByRow.cpp:2076]   --->   Operation 31 'zext' 'zext_ln2076' <Predicate = (icmp_ln2067 & !icmp_ln2070)> <Delay = 0.00>
ST_3 : Operation 32 [1/1] (0.00ns)   --->   "%zext_ln2076_1 = zext i5 %i" [/home/xiaorang/Documents/ATOMFLOW/sorting-organized-main/src/sortLatticeByRow.cpp:2076]   --->   Operation 32 'zext' 'zext_ln2076_1' <Predicate = (icmp_ln2067 & !icmp_ln2070)> <Delay = 0.00>
ST_3 : Operation 33 [1/1] (0.78ns)   --->   "%icmp_ln2076 = icmp_ult  i6 %zext_ln2076_1, i6 %sub" [/home/xiaorang/Documents/ATOMFLOW/sorting-organized-main/src/sortLatticeByRow.cpp:2076]   --->   Operation 33 'icmp' 'icmp_ln2076' <Predicate = (icmp_ln2067 & !icmp_ln2070)> <Delay = 0.78> <CoreInst = "Cmp">   --->   Core 9 'Cmp' <Latency = 0> <II = 1> <Delay = 0.78> <FuncUnit> <Opcode : 'seteq' 'setne' 'setle' 'setge' 'setlt' 'setgt'> <InPorts = 2> <OutPorts = 1>
ST_3 : Operation 34 [1/1] (0.78ns)   --->   "%icmp_ln2076_1 = icmp_ult  i5 %i, i5 %end_offset_read" [/home/xiaorang/Documents/ATOMFLOW/sorting-organized-main/src/sortLatticeByRow.cpp:2076]   --->   Operation 34 'icmp' 'icmp_ln2076_1' <Predicate = (icmp_ln2067 & !icmp_ln2070)> <Delay = 0.78> <CoreInst = "Cmp">   --->   Core 9 'Cmp' <Latency = 0> <II = 1> <Delay = 0.78> <FuncUnit> <Opcode : 'seteq' 'setne' 'setle' 'setge' 'setlt' 'setgt'> <InPorts = 2> <OutPorts = 1>
ST_3 : Operation 35 [1/1] (0.28ns)   --->   "%and_ln2076 = and i1 %icmp_ln2076, i1 %icmp_ln2076_1" [/home/xiaorang/Documents/ATOMFLOW/sorting-organized-main/src/sortLatticeByRow.cpp:2076]   --->   Operation 35 'and' 'and_ln2076' <Predicate = (icmp_ln2067 & !icmp_ln2070)> <Delay = 0.28> <CoreInst = "LogicGate">   --->   Core 74 'LogicGate' <Latency = 0> <II = 1> <Delay = 0.28> <FuncUnit> <Opcode : 'and' 'or' 'xor'> <InPorts = 2> <OutPorts = 1>
ST_3 : Operation 36 [1/1] (0.00ns)   --->   "%br_ln2076 = br i1 %and_ln2076, void %for.inc, void %if.then9" [/home/xiaorang/Documents/ATOMFLOW/sorting-organized-main/src/sortLatticeByRow.cpp:2076]   --->   Operation 36 'br' 'br_ln2076' <Predicate = (icmp_ln2067 & !icmp_ln2070)> <Delay = 0.00>
ST_3 : Operation 37 [1/1] (0.00ns)   --->   "%end_addr = getelementptr i16 %begin_r, i64 0, i64 %zext_ln2070" [/home/xiaorang/Documents/ATOMFLOW/sorting-organized-main/src/sortLatticeByRow.cpp:2077]   --->   Operation 37 'getelementptr' 'end_addr' <Predicate = (icmp_ln2067 & !icmp_ln2070 & and_ln2076)> <Delay = 0.00>
ST_3 : Operation 38 [2/2] (0.67ns)   --->   "%temp = load i4 %end_addr" [/home/xiaorang/Documents/ATOMFLOW/sorting-organized-main/src/sortLatticeByRow.cpp:2077]   --->   Operation 38 'load' 'temp' <Predicate = (icmp_ln2067 & !icmp_ln2070 & and_ln2076)> <Delay = 0.67> <CoreInst = "RAM">   --->   Core 82 'RAM' <Latency = 1> <II = 1> <Delay = 0.67> <Storage> <Opcode : 'load' 'store'> <Ports = 2> <Width = 16> <Depth = 16> <RAM>
ST_3 : Operation 39 [1/1] (0.00ns)   --->   "%end_addr_1 = getelementptr i16 %begin_r, i64 0, i64 %zext_ln2076" [/home/xiaorang/Documents/ATOMFLOW/sorting-organized-main/src/sortLatticeByRow.cpp:2077]   --->   Operation 39 'getelementptr' 'end_addr_1' <Predicate = (icmp_ln2067 & !icmp_ln2070 & and_ln2076)> <Delay = 0.00>
ST_3 : Operation 40 [2/2] (0.67ns)   --->   "%end_load_1 = load i4 %end_addr_1" [/home/xiaorang/Documents/ATOMFLOW/sorting-organized-main/src/sortLatticeByRow.cpp:2077]   --->   Operation 40 'load' 'end_load_1' <Predicate = (icmp_ln2067 & !icmp_ln2070 & and_ln2076)> <Delay = 0.67> <CoreInst = "RAM">   --->   Core 82 'RAM' <Latency = 1> <II = 1> <Delay = 0.67> <Storage> <Opcode : 'load' 'store'> <Ports = 2> <Width = 16> <Depth = 16> <RAM>
ST_3 : Operation 41 [1/1] (0.00ns)   --->   "%br_ln0 = br void %for.inc23"   --->   Operation 41 'br' 'br_ln0' <Predicate = (icmp_ln2067 & icmp_ln2070)> <Delay = 0.00>
ST_3 : Operation 42 [1/1] (0.42ns)   --->   "%store_ln2060 = store i5 %pass_2, i5 %pass" [/home/xiaorang/Documents/ATOMFLOW/sorting-organized-main/src/sortLatticeByRow.cpp:2060]   --->   Operation 42 'store' 'store_ln2060' <Predicate = (icmp_ln2070) | (!icmp_ln2067)> <Delay = 0.42>
ST_3 : Operation 43 [1/1] (0.00ns)   --->   "%br_ln2060 = br void %for.body" [/home/xiaorang/Documents/ATOMFLOW/sorting-organized-main/src/sortLatticeByRow.cpp:2060]   --->   Operation 43 'br' 'br_ln2060' <Predicate = (icmp_ln2070) | (!icmp_ln2067)> <Delay = 0.00>

State 4 <SV = 3> <Delay = 2.20>
ST_4 : Operation 44 [1/2] ( I:0.67ns O:0.67ns )   --->   "%temp = load i4 %end_addr" [/home/xiaorang/Documents/ATOMFLOW/sorting-organized-main/src/sortLatticeByRow.cpp:2077]   --->   Operation 44 'load' 'temp' <Predicate = (and_ln2076)> <Delay = 0.67> <CoreInst = "RAM">   --->   Core 82 'RAM' <Latency = 1> <II = 1> <Delay = 0.67> <Storage> <Opcode : 'load' 'store'> <Ports = 2> <Width = 16> <Depth = 16> <RAM>
ST_4 : Operation 45 [1/2] ( I:0.67ns O:0.67ns )   --->   "%end_load_1 = load i4 %end_addr_1" [/home/xiaorang/Documents/ATOMFLOW/sorting-organized-main/src/sortLatticeByRow.cpp:2077]   --->   Operation 45 'load' 'end_load_1' <Predicate = (and_ln2076)> <Delay = 0.67> <CoreInst = "RAM">   --->   Core 82 'RAM' <Latency = 1> <II = 1> <Delay = 0.67> <Storage> <Opcode : 'load' 'store'> <Ports = 2> <Width = 16> <Depth = 16> <RAM>
ST_4 : Operation 46 [1/1] (0.85ns)   --->   "%icmp_ln2077 = icmp_sgt  i16 %temp, i16 %end_load_1" [/home/xiaorang/Documents/ATOMFLOW/sorting-organized-main/src/sortLatticeByRow.cpp:2077]   --->   Operation 46 'icmp' 'icmp_ln2077' <Predicate = (and_ln2076)> <Delay = 0.85> <CoreInst = "Cmp">   --->   Core 9 'Cmp' <Latency = 0> <II = 1> <Delay = 0.85> <FuncUnit> <Opcode : 'seteq' 'setne' 'setle' 'setge' 'setlt' 'setgt'> <InPorts = 2> <OutPorts = 1>
ST_4 : Operation 47 [1/1] (0.00ns)   --->   "%br_ln2077 = br i1 %icmp_ln2077, void %if.end21, void %if.then14" [/home/xiaorang/Documents/ATOMFLOW/sorting-organized-main/src/sortLatticeByRow.cpp:2077]   --->   Operation 47 'br' 'br_ln2077' <Predicate = (and_ln2076)> <Delay = 0.00>
ST_4 : Operation 48 [1/1] ( I:0.67ns O:0.67ns )   --->   "%store_ln2079 = store i16 %end_load_1, i4 %end_addr" [/home/xiaorang/Documents/ATOMFLOW/sorting-organized-main/src/sortLatticeByRow.cpp:2079]   --->   Operation 48 'store' 'store_ln2079' <Predicate = (and_ln2076 & icmp_ln2077)> <Delay = 0.67> <CoreInst = "RAM">   --->   Core 82 'RAM' <Latency = 1> <II = 1> <Delay = 0.67> <Storage> <Opcode : 'load' 'store'> <Ports = 2> <Width = 16> <Depth = 16> <RAM>
ST_4 : Operation 49 [1/1] ( I:0.67ns O:0.67ns )   --->   "%store_ln2080 = store i16 %temp, i4 %end_addr_1" [/home/xiaorang/Documents/ATOMFLOW/sorting-organized-main/src/sortLatticeByRow.cpp:2080]   --->   Operation 49 'store' 'store_ln2080' <Predicate = (and_ln2076 & icmp_ln2077)> <Delay = 0.67> <CoreInst = "RAM">   --->   Core 82 'RAM' <Latency = 1> <II = 1> <Delay = 0.67> <Storage> <Opcode : 'load' 'store'> <Ports = 2> <Width = 16> <Depth = 16> <RAM>
ST_4 : Operation 50 [1/1] (0.00ns)   --->   "%br_ln2081 = br void %if.end21" [/home/xiaorang/Documents/ATOMFLOW/sorting-organized-main/src/sortLatticeByRow.cpp:2081]   --->   Operation 50 'br' 'br_ln2081' <Predicate = (and_ln2076 & icmp_ln2077)> <Delay = 0.00>
ST_4 : Operation 51 [1/1] (0.00ns)   --->   "%br_ln2082 = br void %for.inc" [/home/xiaorang/Documents/ATOMFLOW/sorting-organized-main/src/sortLatticeByRow.cpp:2082]   --->   Operation 51 'br' 'br_ln2082' <Predicate = (and_ln2076)> <Delay = 0.00>
ST_4 : Operation 52 [1/1] (0.00ns)   --->   "%br_ln2070 = br void %for.body5" [/home/xiaorang/Documents/ATOMFLOW/sorting-organized-main/src/sortLatticeByRow.cpp:2070]   --->   Operation 52 'br' 'br_ln2070' <Predicate = true> <Delay = 0.00>


============================================================
+ Verbose Summary: Timing violations
============================================================
Target clock period: 10.000ns, clock uncertainty: 2.700ns.

 <State 1>: 0.427ns
The critical path consists of the following:
	'alloca' operation 5 bit ('pass', /home/xiaorang/Documents/ATOMFLOW/sorting-organized-main/src/sortLatticeByRow.cpp:2060) [3]  (0.000 ns)
	'store' operation 0 bit ('store_ln2060', /home/xiaorang/Documents/ATOMFLOW/sorting-organized-main/src/sortLatticeByRow.cpp:2060) of constant 0 on local variable 'pass', /home/xiaorang/Documents/ATOMFLOW/sorting-organized-main/src/sortLatticeByRow.cpp:2060 [6]  (0.427 ns)

 <State 2>: 1.216ns
The critical path consists of the following:
	'load' operation 5 bit ('pass', /home/xiaorang/Documents/ATOMFLOW/sorting-organized-main/src/sortLatticeByRow.cpp:2060) on local variable 'pass', /home/xiaorang/Documents/ATOMFLOW/sorting-organized-main/src/sortLatticeByRow.cpp:2060 [9]  (0.000 ns)
	'sub' operation 6 bit ('sub', /home/xiaorang/Documents/ATOMFLOW/sorting-organized-main/src/sortLatticeByRow.cpp:2055) [21]  (0.789 ns)
	blocking operation 0.427 ns on control path)

 <State 3>: 1.865ns
The critical path consists of the following:
	'phi' operation 5 bit ('i') with incoming values : ('i', /home/xiaorang/Documents/ATOMFLOW/sorting-organized-main/src/sortLatticeByRow.cpp:2076) [24]  (0.000 ns)
	'add' operation 5 bit ('i', /home/xiaorang/Documents/ATOMFLOW/sorting-organized-main/src/sortLatticeByRow.cpp:2076) [26]  (0.789 ns)
	'icmp' operation 1 bit ('icmp_ln2076_1', /home/xiaorang/Documents/ATOMFLOW/sorting-organized-main/src/sortLatticeByRow.cpp:2076) [36]  (0.789 ns)
	'and' operation 1 bit ('and_ln2076', /home/xiaorang/Documents/ATOMFLOW/sorting-organized-main/src/sortLatticeByRow.cpp:2076) [37]  (0.287 ns)

 <State 4>: 2.207ns
The critical path consists of the following:
	'load' operation 16 bit ('temp', /home/xiaorang/Documents/ATOMFLOW/sorting-organized-main/src/sortLatticeByRow.cpp:2077) on array 'begin_r' [41]  (0.677 ns)
	'icmp' operation 1 bit ('icmp_ln2077', /home/xiaorang/Documents/ATOMFLOW/sorting-organized-main/src/sortLatticeByRow.cpp:2077) [44]  (0.853 ns)
	'store' operation 0 bit ('store_ln2079', /home/xiaorang/Documents/ATOMFLOW/sorting-organized-main/src/sortLatticeByRow.cpp:2079) of variable 'end_load_1', /home/xiaorang/Documents/ATOMFLOW/sorting-organized-main/src/sortLatticeByRow.cpp:2077 on array 'begin_r' [47]  (0.677 ns)


============================================================
+ Verbose Summary: Binding
============================================================
N/A
* FSMD analyzer results:
  - Output states:
 - Input state : 
  - Chain level:
	State 1
	State 2
	State 3
	State 4


============================================================
+ Verbose Summary: Datapath Resource usage 
============================================================
N/A
