

================================================================
== Vitis HLS Report for 'load_target_geometry_Pipeline_VITIS_LOOP_342_1'
================================================================
* Date:           Thu Mar 26 11:03:16 2026

* Version:        2024.2 (Build 5238294 on Nov  8 2024)
* Project:        atomflow_controller_2024_2
* Solution:       hls (Vivado IP Flow Target)
* Product family: zynquplusRFSOC
* Target device:  xczu49dr-ffvf1760-2-e


================================================================
== Performance Estimates
================================================================
+ Timing: 
    * Summary: 
    +--------+----------+----------+------------+
    |  Clock |  Target  | Estimated| Uncertainty|
    +--------+----------+----------+------------+
    |ap_clk  |  10.00 ns|  2.749 ns|     2.70 ns|
    +--------+----------+----------+------------+

+ Latency: 
    * Summary: 
    +---------+---------+-----------+----------+-----+-------+------------------------------------------------+
    |  Latency (cycles) |  Latency (absolute)  |   Interval  |                    Pipeline                    |
    |   min   |   max   |    min    |    max   | min |  max  |                      Type                      |
    +---------+---------+-----------+----------+-----+-------+------------------------------------------------+
    |        3|    25002|  30.000 ns|  0.250 ms|    2|  25001|  loop auto-rewind stp (delay=0 clock cycles(s))|
    +---------+---------+-----------+----------+-----+-------+------------------------------------------------+

    + Detail: 
        * Instance: 
        N/A

        * Loop: 
        +--------------------+---------+---------+----------+-----------+-----------+-----------+----------+
        |                    |  Latency (cycles) | Iteration|  Initiation Interval  |    Trip   |          |
        |      Loop Name     |   min   |   max   |  Latency |  achieved |   target  |   Count   | Pipelined|
        +--------------------+---------+---------+----------+-----------+-----------+-----------+----------+
        |- VITIS_LOOP_342_1  |        1|    25000|         1|          1|          1|  1 ~ 25000|       yes|
        +--------------------+---------+---------+----------+-----------+-----------+-----------+----------+

============================================================
+ Verbose Summary: Synthesis Manager
============================================================
InlineROM: 1
ExposeGlobal: 0
============================================================
+ Verbose Summary: CDFG Model
============================================================
IsTopModel: 0
ResetActiveHigh: 1
IsCombinational: 0
IsDatapathOnly: 0
HasWiredReturn: 1
HasMFsm: 2
HasVarLatency: 1
IsPipeline: 0
IsRtlPipelined: 0
IsInstanceOverlapped: 0
IsDontTouch: 0
HasImplIP: 0
IsGatedGlobalClock: 0

+ Individual pipeline summary: 
  * Pipeline-0: initiation interval (II) = 1, depth = 1


============================================================
+ Verbose Summary: Schedule
============================================================
* Number of FSM states : 1
* Pipeline : 1
  Pipeline-0 : II = 1, D = 1, States = { 1 }
* Dataflow Pipeline: 0

* FSM state transitions: 
1 --> 

* FSM state operations: 

State 1 <SV = 0> <Delay = 2.74>
ST_1 : Operation 4 [1/1] (0.00ns)   --->   "%i = alloca i32 1" [/home/xiaorang/Documents/ATOMFLOW/atomflow_controller/src/../../sorting-organized-main/src/sortLatticeByRow.hpp:342->/home/xiaorang/Documents/ATOMFLOW/atomflow_controller/atomflow_controller.cpp:40]   --->   Operation 4 'alloca' 'i' <Predicate = true> <Delay = 0.00>
ST_1 : Operation 5 [1/1] (0.00ns)   --->   "%specmemcore_ln0 = specmemcore void @_ssdm_op_SpecMemCore, i1 %targetGeometry_data_s, i64 666, i64 22, i64 18446744073709551615"   --->   Operation 5 'specmemcore' 'specmemcore_ln0' <Predicate = true> <Delay = 0.00>
ST_1 : Operation 6 [1/1] (0.00ns)   --->   "%i_128_read = read i64 @_ssdm_op_Read.ap_auto.i64, i64 %i_128"   --->   Operation 6 'read' 'i_128_read' <Predicate = true> <Delay = 0.00>
ST_1 : Operation 7 [1/1] (0.42ns)   --->   "%store_ln342 = store i15 0, i15 %i" [/home/xiaorang/Documents/ATOMFLOW/atomflow_controller/src/../../sorting-organized-main/src/sortLatticeByRow.hpp:342->/home/xiaorang/Documents/ATOMFLOW/atomflow_controller/atomflow_controller.cpp:40]   --->   Operation 7 'store' 'store_ln342' <Predicate = true> <Delay = 0.42>
ST_1 : Operation 8 [1/1] (0.00ns)   --->   "%br_ln0 = br void %for.inc.i"   --->   Operation 8 'br' 'br_ln0' <Predicate = true> <Delay = 0.00>
ST_1 : Operation 9 [1/1] (0.00ns)   --->   "%i_117 = load i15 %i" [/home/xiaorang/Documents/ATOMFLOW/atomflow_controller/src/../../sorting-organized-main/src/sortLatticeByRow.hpp:342->/home/xiaorang/Documents/ATOMFLOW/atomflow_controller/atomflow_controller.cpp:40]   --->   Operation 9 'load' 'i_117' <Predicate = true> <Delay = 0.00>
ST_1 : Operation 10 [1/1] (0.00ns)   --->   "%zext_ln342 = zext i15 %i_117" [/home/xiaorang/Documents/ATOMFLOW/atomflow_controller/src/../../sorting-organized-main/src/sortLatticeByRow.hpp:342->/home/xiaorang/Documents/ATOMFLOW/atomflow_controller/atomflow_controller.cpp:40]   --->   Operation 10 'zext' 'zext_ln342' <Predicate = true> <Delay = 0.00>
ST_1 : Operation 11 [1/1] (1.08ns)   --->   "%icmp_ln342 = icmp_eq  i64 %zext_ln342, i64 %i_128_read" [/home/xiaorang/Documents/ATOMFLOW/atomflow_controller/src/../../sorting-organized-main/src/sortLatticeByRow.hpp:342->/home/xiaorang/Documents/ATOMFLOW/atomflow_controller/atomflow_controller.cpp:40]   --->   Operation 11 'icmp' 'icmp_ln342' <Predicate = true> <Delay = 1.08> <CoreInst = "Cmp">   --->   Core 9 'Cmp' <Latency = 0> <II = 1> <Delay = 1.08> <FuncUnit> <Opcode : 'seteq' 'setne' 'setle' 'setge' 'setlt' 'setgt'> <InPorts = 2> <OutPorts = 1>
ST_1 : Operation 12 [1/1] (0.84ns)   --->   "%i_118 = add i15 %i_117, i15 1" [/home/xiaorang/Documents/ATOMFLOW/atomflow_controller/src/../../sorting-organized-main/src/sortLatticeByRow.hpp:342->/home/xiaorang/Documents/ATOMFLOW/atomflow_controller/atomflow_controller.cpp:40]   --->   Operation 12 'add' 'i_118' <Predicate = true> <Delay = 0.84> <CoreInst = "Adder">   --->   Core 1 'Adder' <Latency = 0> <II = 1> <Delay = 0.84> <FuncUnit> <Opcode : 'add' 'sub'> <InPorts = 2> <OutPorts = 1>
ST_1 : Operation 13 [1/1] (0.00ns)   --->   "%br_ln342 = br i1 %icmp_ln342, void %for.inc.i.split, void %for.inc11.i.preheader.exitStub" [/home/xiaorang/Documents/ATOMFLOW/atomflow_controller/src/../../sorting-organized-main/src/sortLatticeByRow.hpp:342->/home/xiaorang/Documents/ATOMFLOW/atomflow_controller/atomflow_controller.cpp:40]   --->   Operation 13 'br' 'br_ln342' <Predicate = true> <Delay = 0.00>
ST_1 : Operation 14 [1/1] (0.00ns)   --->   "%specpipeline_ln342 = specpipeline void @_ssdm_op_SpecPipeline, i32 4294967295, i32 0, i32 0, i32 0, void @empty_18" [/home/xiaorang/Documents/ATOMFLOW/atomflow_controller/src/../../sorting-organized-main/src/sortLatticeByRow.hpp:342->/home/xiaorang/Documents/ATOMFLOW/atomflow_controller/atomflow_controller.cpp:40]   --->   Operation 14 'specpipeline' 'specpipeline_ln342' <Predicate = (!icmp_ln342)> <Delay = 0.00>
ST_1 : Operation 15 [1/1] (0.00ns)   --->   "%speclooptripcount_ln344 = speclooptripcount void @_ssdm_op_SpecLoopTripCount, i64 1, i64 25000, i64 12500" [/home/xiaorang/Documents/ATOMFLOW/atomflow_controller/src/../../sorting-organized-main/src/sortLatticeByRow.hpp:344->/home/xiaorang/Documents/ATOMFLOW/atomflow_controller/atomflow_controller.cpp:40]   --->   Operation 15 'speclooptripcount' 'speclooptripcount_ln344' <Predicate = (!icmp_ln342)> <Delay = 0.00>
ST_1 : Operation 16 [1/1] (0.00ns)   --->   "%specloopname_ln342 = specloopname void @_ssdm_op_SpecLoopName, void @empty_22" [/home/xiaorang/Documents/ATOMFLOW/atomflow_controller/src/../../sorting-organized-main/src/sortLatticeByRow.hpp:342->/home/xiaorang/Documents/ATOMFLOW/atomflow_controller/atomflow_controller.cpp:40]   --->   Operation 16 'specloopname' 'specloopname_ln342' <Predicate = (!icmp_ln342)> <Delay = 0.00>
ST_1 : Operation 17 [1/1] (0.00ns)   --->   "%targetGeometry_data_addr = getelementptr i1 %targetGeometry_data_s, i64 0, i64 %zext_ln342" [/home/xiaorang/Documents/ATOMFLOW/atomflow_controller/src/../../sorting-organized-main/src/sortLatticeByRow.hpp:346->/home/xiaorang/Documents/ATOMFLOW/atomflow_controller/atomflow_controller.cpp:40]   --->   Operation 17 'getelementptr' 'targetGeometry_data_addr' <Predicate = (!icmp_ln342)> <Delay = 0.00>
ST_1 : Operation 18 [1/1] ( I:1.23ns O:1.23ns )   --->   "%store_ln346 = store i1 0, i15 %targetGeometry_data_addr" [/home/xiaorang/Documents/ATOMFLOW/atomflow_controller/src/../../sorting-organized-main/src/sortLatticeByRow.hpp:346->/home/xiaorang/Documents/ATOMFLOW/atomflow_controller/atomflow_controller.cpp:40]   --->   Operation 18 'store' 'store_ln346' <Predicate = (!icmp_ln342)> <Delay = 1.23> <CoreInst = "RAM_2P_BRAM">   --->   Core 93 'RAM_2P_BRAM' <Latency = 1> <II = 1> <Delay = 1.23> <Storage> <Opcode : 'load' 'store'> <Ports = 2> <Width = 1> <Depth = 25000> <RAM>
ST_1 : Operation 19 [1/1] (0.42ns)   --->   "%store_ln342 = store i15 %i_118, i15 %i" [/home/xiaorang/Documents/ATOMFLOW/atomflow_controller/src/../../sorting-organized-main/src/sortLatticeByRow.hpp:342->/home/xiaorang/Documents/ATOMFLOW/atomflow_controller/atomflow_controller.cpp:40]   --->   Operation 19 'store' 'store_ln342' <Predicate = (!icmp_ln342)> <Delay = 0.42>
ST_1 : Operation 20 [1/1] (0.00ns)   --->   "%br_ln342 = br void %for.inc.i" [/home/xiaorang/Documents/ATOMFLOW/atomflow_controller/src/../../sorting-organized-main/src/sortLatticeByRow.hpp:342->/home/xiaorang/Documents/ATOMFLOW/atomflow_controller/atomflow_controller.cpp:40]   --->   Operation 20 'br' 'br_ln342' <Predicate = (!icmp_ln342)> <Delay = 0.00>
ST_1 : Operation 21 [1/1] (0.42ns)   --->   "%ret_ln0 = ret"   --->   Operation 21 'ret' 'ret_ln0' <Predicate = (icmp_ln342)> <Delay = 0.42>


============================================================
+ Verbose Summary: Timing violations
============================================================
Target clock period: 10.000ns, clock uncertainty: 2.700ns.

 <State 1>: 2.749ns
The critical path consists of the following:
	'store' operation 0 bit ('store_ln342', /home/xiaorang/Documents/ATOMFLOW/atomflow_controller/src/../../sorting-organized-main/src/sortLatticeByRow.hpp:342->/home/xiaorang/Documents/ATOMFLOW/atomflow_controller/atomflow_controller.cpp:40) of constant 0 on local variable 'i', /home/xiaorang/Documents/ATOMFLOW/atomflow_controller/src/../../sorting-organized-main/src/sortLatticeByRow.hpp:342->/home/xiaorang/Documents/ATOMFLOW/atomflow_controller/atomflow_controller.cpp:40 [6]  (0.427 ns)
	'load' operation 15 bit ('i', /home/xiaorang/Documents/ATOMFLOW/atomflow_controller/src/../../sorting-organized-main/src/sortLatticeByRow.hpp:342->/home/xiaorang/Documents/ATOMFLOW/atomflow_controller/atomflow_controller.cpp:40) on local variable 'i', /home/xiaorang/Documents/ATOMFLOW/atomflow_controller/src/../../sorting-organized-main/src/sortLatticeByRow.hpp:342->/home/xiaorang/Documents/ATOMFLOW/atomflow_controller/atomflow_controller.cpp:40 [9]  (0.000 ns)
	'icmp' operation 1 bit ('icmp_ln342', /home/xiaorang/Documents/ATOMFLOW/atomflow_controller/src/../../sorting-organized-main/src/sortLatticeByRow.hpp:342->/home/xiaorang/Documents/ATOMFLOW/atomflow_controller/atomflow_controller.cpp:40) [11]  (1.085 ns)
	'store' operation 0 bit ('store_ln346', /home/xiaorang/Documents/ATOMFLOW/atomflow_controller/src/../../sorting-organized-main/src/sortLatticeByRow.hpp:346->/home/xiaorang/Documents/ATOMFLOW/atomflow_controller/atomflow_controller.cpp:40) of constant 0 on array 'targetGeometry_data_s' [19]  (1.237 ns)


============================================================
+ Verbose Summary: Binding
============================================================
N/A
* FSMD analyzer results:
  - Output states:
 - Input state : 
  - Chain level:
	State 1


============================================================
+ Verbose Summary: Datapath Resource usage 
============================================================
N/A
