

================================================================
== Vitis HLS Report for 'load_target_geometry_Pipeline_VITIS_LOOP_342_1'
================================================================
* Date:           Thu Mar 26 11:03:32 2026

* Version:        2024.2 (Build 5238294 on Nov  8 2024)
* Project:        atomflow_controller_2024_2
* Solution:       hls (Vivado IP Flow Target)
* Product family: zynquplusRFSOC
* Target device:  xczu49dr-ffvf1760-2-e


================================================================
== Performance Estimates
================================================================
+ Timing: 
    * Summary: 
    +--------+----------+----------+------------+
    |  Clock |  Target  | Estimated| Uncertainty|
    +--------+----------+----------+------------+
    |ap_clk  |  10.00 ns|  2.749 ns|     2.70 ns|
    +--------+----------+----------+------------+

+ Latency: 
    * Summary: 
    +---------+---------+-----------+----------+-----+-------+------------------------------------------------+
    |  Latency (cycles) |  Latency (absolute)  |   Interval  |                    Pipeline                    |
    |   min   |   max   |    min    |    max   | min |  max  |                      Type                      |
    +---------+---------+-----------+----------+-----+-------+------------------------------------------------+
    |        3|    25002|  30.000 ns|  0.250 ms|    2|  25001|  loop auto-rewind stp (delay=0 clock cycles(s))|
    +---------+---------+-----------+----------+-----+-------+------------------------------------------------+

    + Detail: 
        * Instance: 
        N/A

        * Loop: 
        +--------------------+---------+---------+----------+-----------+-----------+-----------+----------+
        |                    |  Latency (cycles) | Iteration|  Initiation Interval  |    Trip   |          |
        |      Loop Name     |   min   |   max   |  Latency |  achieved |   target  |   Count   | Pipelined|
        +--------------------+---------+---------+----------+-----------+-----------+-----------+----------+
        |- VITIS_LOOP_342_1  |        1|    25000|         1|          1|          1|  1 ~ 25000|       yes|
        +--------------------+---------+---------+----------+-----------+-----------+-----------+----------+



================================================================
== Utilization Estimates
================================================================
* Summary: 
+-----------------+---------+------+--------+--------+-----+
|       Name      | BRAM_18K|  DSP |   FF   |   LUT  | URAM|
+-----------------+---------+------+--------+--------+-----+
|DSP              |        -|     -|       -|       -|    -|
|Expression       |        -|     -|       0|      93|    -|
|FIFO             |        -|     -|       -|       -|    -|
|Instance         |        -|     -|       -|       -|    -|
|Memory           |        -|     -|       -|       -|    -|
|Multiplexer      |        -|     -|       0|      27|    -|
|Register         |        -|     -|      17|       -|    -|
+-----------------+---------+------+--------+--------+-----+
|Total            |        0|     0|      17|     120|    0|
+-----------------+---------+------+--------+--------+-----+
|Available        |     2160|  4272|  850560|  425280|   80|
+-----------------+---------+------+--------+--------+-----+
|Utilization (%)  |        0|     0|      ~0|      ~0|    0|
+-----------------+---------+------+--------+--------+-----+

+ Detail: 
    * Instance: 
    N/A

    * DSP: 
    N/A

    * Memory: 
    N/A

    * FIFO: 
    N/A

    * Expression: 
    +---------------------+----------+----+---+----+------------+------------+
    |    Variable Name    | Operation| DSP| FF| LUT| Bitwidth P0| Bitwidth P1|
    +---------------------+----------+----+---+----+------------+------------+
    |i_118_fu_91_p2       |         +|   0|  0|  22|          15|           1|
    |icmp_ln342_fu_85_p2  |      icmp|   0|  0|  71|          64|          64|
    +---------------------+----------+----+---+----+------------+------------+
    |Total                |          |   0|  0|  93|          79|          65|
    +---------------------+----------+----+---+----+------------+------------+

    * Multiplexer: 
    +------------------------+----+-----------+-----+-----------+
    |          Name          | LUT| Input Size| Bits| Total Bits|
    +------------------------+----+-----------+-----+-----------+
    |ap_done_int             |   9|          2|    1|          2|
    |ap_sig_allocacmp_i_117  |   9|          2|   15|         30|
    |i_fu_44                 |   9|          2|   15|         30|
    +------------------------+----+-----------+-----+-----------+
    |Total                   |  27|          6|   31|         62|
    +------------------------+----+-----------+-----+-----------+

    * Register: 
    +-------------+----+----+-----+-----------+
    |     Name    | FF | LUT| Bits| Const Bits|
    +-------------+----+----+-----+-----------+
    |ap_CS_fsm    |   1|   0|    1|          0|
    |ap_done_reg  |   1|   0|    1|          0|
    |i_fu_44      |  15|   0|   15|          0|
    +-------------+----+----+-----+-----------+
    |Total        |  17|   0|   17|          0|
    +-------------+----+----+-----+-----------+



================================================================
== Interface
================================================================
* Summary: 
+--------------------------------+-----+-----+------------+------------------------------------------------+--------------+
|            RTL Ports           | Dir | Bits|  Protocol  |                  Source Object                 |    C Type    |
+--------------------------------+-----+-----+------------+------------------------------------------------+--------------+
|ap_clk                          |   in|    1|  ap_ctrl_hs|  load_target_geometry_Pipeline_VITIS_LOOP_342_1|  return value|
|ap_rst                          |   in|    1|  ap_ctrl_hs|  load_target_geometry_Pipeline_VITIS_LOOP_342_1|  return value|
|ap_start                        |   in|    1|  ap_ctrl_hs|  load_target_geometry_Pipeline_VITIS_LOOP_342_1|  return value|
|ap_done                         |  out|    1|  ap_ctrl_hs|  load_target_geometry_Pipeline_VITIS_LOOP_342_1|  return value|
|ap_idle                         |  out|    1|  ap_ctrl_hs|  load_target_geometry_Pipeline_VITIS_LOOP_342_1|  return value|
|ap_ready                        |  out|    1|  ap_ctrl_hs|  load_target_geometry_Pipeline_VITIS_LOOP_342_1|  return value|
|i_128                           |   in|   64|     ap_none|                                           i_128|        scalar|
|targetGeometry_data_s_address1  |  out|   15|   ap_memory|                           targetGeometry_data_s|         array|
|targetGeometry_data_s_ce1       |  out|    1|   ap_memory|                           targetGeometry_data_s|         array|
|targetGeometry_data_s_we1       |  out|    1|   ap_memory|                           targetGeometry_data_s|         array|
|targetGeometry_data_s_d1        |  out|    1|   ap_memory|                           targetGeometry_data_s|         array|
+--------------------------------+-----+-----+------------+------------------------------------------------+--------------+

============================================================
+ Verbose Summary: Synthesis Manager
============================================================
InlineROM: 1
ExposeGlobal: 0
============================================================
+ Verbose Summary: CDFG Model
============================================================
IsTopModel: 0
ResetActiveHigh: 1
IsCombinational: 2
IsDatapathOnly: 2
HasWiredReturn: 1
HasMFsm: 2
HasVarLatency: 1
IsPipeline: 0
IsRtlPipelined: 0
IsInstanceOverlapped: 0
IsDontTouch: 0
HasImplIP: 0
IsGatedGlobalClock: 0

+ Individual pipeline summary: 
  * Pipeline-0: initiation interval (II) = 1, depth = 1


============================================================
+ Verbose Summary: Schedule
============================================================
* Number of FSM states : 1
* Pipeline : 1
  Pipeline-0 : II = 1, D = 1, States = { 1 }
* Dataflow Pipeline: 0

* FSM state transitions: 
1 --> 

* FSM state operations: 

State 1 <SV = 0> <Delay = 2.74>
ST_1 : Operation 4 [1/1] (0.00ns)   --->   "%i = alloca i32 1" [/home/xiaorang/Documents/ATOMFLOW/atomflow_controller/src/../../sorting-organized-main/src/sortLatticeByRow.hpp:342->/home/xiaorang/Documents/ATOMFLOW/atomflow_controller/atomflow_controller.cpp:40]   --->   Operation 4 'alloca' 'i' <Predicate = true> <Delay = 0.00>
ST_1 : Operation 5 [1/1] (0.00ns)   --->   "%specmemcore_ln0 = specmemcore void @_ssdm_op_SpecMemCore, i1 %targetGeometry_data_s, i64 666, i64 22, i64 18446744073709551615"   --->   Operation 5 'specmemcore' 'specmemcore_ln0' <Predicate = true> <Delay = 0.00>
ST_1 : Operation 6 [1/1] (0.00ns)   --->   "%i_128_read = read i64 @_ssdm_op_Read.ap_auto.i64, i64 %i_128"   --->   Operation 6 'read' 'i_128_read' <Predicate = true> <Delay = 0.00>
ST_1 : Operation 7 [1/1] (0.42ns)   --->   "%store_ln342 = store i15 0, i15 %i" [/home/xiaorang/Documents/ATOMFLOW/atomflow_controller/src/../../sorting-organized-main/src/sortLatticeByRow.hpp:342->/home/xiaorang/Documents/ATOMFLOW/atomflow_controller/atomflow_controller.cpp:40]   --->   Operation 7 'store' 'store_ln342' <Predicate = true> <Delay = 0.42>
ST_1 : Operation 8 [1/1] (0.00ns)   --->   "%br_ln0 = br void %for.inc.i"   --->   Operation 8 'br' 'br_ln0' <Predicate = true> <Delay = 0.00>
ST_1 : Operation 9 [1/1] (0.00ns)   --->   "%i_117 = load i15 %i" [/home/xiaorang/Documents/ATOMFLOW/atomflow_controller/src/../../sorting-organized-main/src/sortLatticeByRow.hpp:342->/home/xiaorang/Documents/ATOMFLOW/atomflow_controller/atomflow_controller.cpp:40]   --->   Operation 9 'load' 'i_117' <Predicate = true> <Delay = 0.00>
ST_1 : Operation 10 [1/1] (0.00ns)   --->   "%zext_ln342 = zext i15 %i_117" [/home/xiaorang/Documents/ATOMFLOW/atomflow_controller/src/../../sorting-organized-main/src/sortLatticeByRow.hpp:342->/home/xiaorang/Documents/ATOMFLOW/atomflow_controller/atomflow_controller.cpp:40]   --->   Operation 10 'zext' 'zext_ln342' <Predicate = true> <Delay = 0.00>
ST_1 : Operation 11 [1/1] (1.08ns)   --->   "%icmp_ln342 = icmp_eq  i64 %zext_ln342, i64 %i_128_read" [/home/xiaorang/Documents/ATOMFLOW/atomflow_controller/src/../../sorting-organized-main/src/sortLatticeByRow.hpp:342->/home/xiaorang/Documents/ATOMFLOW/atomflow_controller/atomflow_controller.cpp:40]   --->   Operation 11 'icmp' 'icmp_ln342' <Predicate = true> <Delay = 1.08> <CoreInst = "Cmp">   --->   Core 9 'Cmp' <Latency = 0> <II = 1> <Delay = 1.08> <FuncUnit> <Opcode : 'seteq' 'setne' 'setle' 'setge' 'setlt' 'setgt'> <InPorts = 2> <OutPorts = 1>
ST_1 : Operation 12 [1/1] (0.84ns)   --->   "%i_118 = add i15 %i_117, i15 1" [/home/xiaorang/Documents/ATOMFLOW/atomflow_controller/src/../../sorting-organized-main/src/sortLatticeByRow.hpp:342->/home/xiaorang/Documents/ATOMFLOW/atomflow_controller/atomflow_controller.cpp:40]   --->   Operation 12 'add' 'i_118' <Predicate = true> <Delay = 0.84> <CoreInst = "Adder">   --->   Core 1 'Adder' <Latency = 0> <II = 1> <Delay = 0.84> <FuncUnit> <Opcode : 'add' 'sub'> <InPorts = 2> <OutPorts = 1>
ST_1 : Operation 13 [1/1] (0.00ns)   --->   "%br_ln342 = br i1 %icmp_ln342, void %for.inc.i.split, void %for.inc11.i.preheader.exitStub" [/home/xiaorang/Documents/ATOMFLOW/atomflow_controller/src/../../sorting-organized-main/src/sortLatticeByRow.hpp:342->/home/xiaorang/Documents/ATOMFLOW/atomflow_controller/atomflow_controller.cpp:40]   --->   Operation 13 'br' 'br_ln342' <Predicate = true> <Delay = 0.00>
ST_1 : Operation 14 [1/1] (0.00ns)   --->   "%specpipeline_ln342 = specpipeline void @_ssdm_op_SpecPipeline, i32 4294967295, i32 0, i32 0, i32 0, void @empty_18" [/home/xiaorang/Documents/ATOMFLOW/atomflow_controller/src/../../sorting-organized-main/src/sortLatticeByRow.hpp:342->/home/xiaorang/Documents/ATOMFLOW/atomflow_controller/atomflow_controller.cpp:40]   --->   Operation 14 'specpipeline' 'specpipeline_ln342' <Predicate = (!icmp_ln342)> <Delay = 0.00>
ST_1 : Operation 15 [1/1] (0.00ns)   --->   "%speclooptripcount_ln344 = speclooptripcount void @_ssdm_op_SpecLoopTripCount, i64 1, i64 25000, i64 12500" [/home/xiaorang/Documents/ATOMFLOW/atomflow_controller/src/../../sorting-organized-main/src/sortLatticeByRow.hpp:344->/home/xiaorang/Documents/ATOMFLOW/atomflow_controller/atomflow_controller.cpp:40]   --->   Operation 15 'speclooptripcount' 'speclooptripcount_ln344' <Predicate = (!icmp_ln342)> <Delay = 0.00>
ST_1 : Operation 16 [1/1] (0.00ns)   --->   "%specloopname_ln342 = specloopname void @_ssdm_op_SpecLoopName, void @empty_22" [/home/xiaorang/Documents/ATOMFLOW/atomflow_controller/src/../../sorting-organized-main/src/sortLatticeByRow.hpp:342->/home/xiaorang/Documents/ATOMFLOW/atomflow_controller/atomflow_controller.cpp:40]   --->   Operation 16 'specloopname' 'specloopname_ln342' <Predicate = (!icmp_ln342)> <Delay = 0.00>
ST_1 : Operation 17 [1/1] (0.00ns)   --->   "%targetGeometry_data_addr = getelementptr i1 %targetGeometry_data_s, i64 0, i64 %zext_ln342" [/home/xiaorang/Documents/ATOMFLOW/atomflow_controller/src/../../sorting-organized-main/src/sortLatticeByRow.hpp:346->/home/xiaorang/Documents/ATOMFLOW/atomflow_controller/atomflow_controller.cpp:40]   --->   Operation 17 'getelementptr' 'targetGeometry_data_addr' <Predicate = (!icmp_ln342)> <Delay = 0.00>
ST_1 : Operation 18 [1/1] ( I:1.23ns O:1.23ns )   --->   "%store_ln346 = store i1 0, i15 %targetGeometry_data_addr" [/home/xiaorang/Documents/ATOMFLOW/atomflow_controller/src/../../sorting-organized-main/src/sortLatticeByRow.hpp:346->/home/xiaorang/Documents/ATOMFLOW/atomflow_controller/atomflow_controller.cpp:40]   --->   Operation 18 'store' 'store_ln346' <Predicate = (!icmp_ln342)> <Delay = 1.23> <CoreInst = "RAM_2P_BRAM">   --->   Core 93 'RAM_2P_BRAM' <Latency = 1> <II = 1> <Delay = 1.23> <Storage> <Opcode : 'load' 'store'> <Ports = 2> <Width = 1> <Depth = 25000> <RAM>
ST_1 : Operation 19 [1/1] (0.42ns)   --->   "%store_ln342 = store i15 %i_118, i15 %i" [/home/xiaorang/Documents/ATOMFLOW/atomflow_controller/src/../../sorting-organized-main/src/sortLatticeByRow.hpp:342->/home/xiaorang/Documents/ATOMFLOW/atomflow_controller/atomflow_controller.cpp:40]   --->   Operation 19 'store' 'store_ln342' <Predicate = (!icmp_ln342)> <Delay = 0.42>
ST_1 : Operation 20 [1/1] (0.00ns)   --->   "%br_ln342 = br void %for.inc.i" [/home/xiaorang/Documents/ATOMFLOW/atomflow_controller/src/../../sorting-organized-main/src/sortLatticeByRow.hpp:342->/home/xiaorang/Documents/ATOMFLOW/atomflow_controller/atomflow_controller.cpp:40]   --->   Operation 20 'br' 'br_ln342' <Predicate = (!icmp_ln342)> <Delay = 0.00>
ST_1 : Operation 21 [1/1] (0.42ns)   --->   "%ret_ln0 = ret"   --->   Operation 21 'ret' 'ret_ln0' <Predicate = (icmp_ln342)> <Delay = 0.42>


============================================================
+ Verbose Summary: Binding
============================================================
STG Binding: 
---------------- STG Properties BEGIN ----------------
- Is combinational: 0
- Is one-state seq: 0
- Is datapath-only: 0
- Is pipelined: 0
- Is top level: 0
Port [ Return ] is wired: 1; IO mode=ap_ctrl_hs:ce=0
Port [ i_128]:  wired=1; compound=0; hidden=0; nouse=0; global=0; static=0; extern=0; dir=0; type=0; pingpong=0; private_global=0; IO mode=ap_none:ce=0
Port [ targetGeometry_data_s]:  wired=1; compound=1; hidden=0; nouse=0; global=0; static=0; extern=0; dir=1; type=1; pingpong=0; private_global=0; MemPort=[30]; IO mode=ap_memory:ce=0
---------------- STG Properties END ------------------

---------------- Datapath Model BEGIN ----------------

<LifeTime>
<method=bitvector/>
i                        (alloca           ) [ 01]
specmemcore_ln0          (specmemcore      ) [ 00]
i_128_read               (read             ) [ 00]
store_ln342              (store            ) [ 00]
br_ln0                   (br               ) [ 00]
i_117                    (load             ) [ 00]
zext_ln342               (zext             ) [ 00]
icmp_ln342               (icmp             ) [ 01]
i_118                    (add              ) [ 00]
br_ln342                 (br               ) [ 00]
specpipeline_ln342       (specpipeline     ) [ 00]
speclooptripcount_ln344  (speclooptripcount) [ 00]
specloopname_ln342       (specloopname     ) [ 00]
targetGeometry_data_addr (getelementptr    ) [ 00]
store_ln346              (store            ) [ 00]
store_ln342              (store            ) [ 00]
br_ln342                 (br               ) [ 00]
ret_ln0                  (ret              ) [ 00]
</LifeTime>

<model>

<comp_list>
<comp id="0" class="1000" name="i_128">
<pin_list>
<pin id="1" dir="1" index="0" bw="1" slack="0"/>
</pin_list>
<bind>
<StgValue><ssdm name="i_128"/></StgValue>
</bind>
</comp>

<comp id="2" class="1000" name="targetGeometry_data_s">
<pin_list>
<pin id="3" dir="1" index="0" bw="1" slack="0"/>
</pin_list>
<bind>
<StgValue><ssdm name="targetGeometry_data_s"/><MemPortTyVec>3 0 </MemPortTyVec>
</StgValue>
</bind>
</comp>

<comp id="4" class="1001" name="const_4">
<pin_list>
<pin id="5" dir="1" index="0" bw="1" slack="0"/>
</pin_list>
<bind>
<StgValue><ssdm name=""/></StgValue>
</bind>
</comp>

<comp id="6" class="1001" name="const_6">
<pin_list>
<pin id="7" dir="1" index="0" bw="1" slack="2147483647"/>
</pin_list>
<bind>
<StgValue><ssdm name="_ssdm_op_SpecMemCore"/></StgValue>
</bind>
</comp>

<comp id="8" class="1001" name="const_8">
<pin_list>
<pin id="9" dir="1" index="0" bw="1" slack="2147483647"/>
</pin_list>
<bind>
<StgValue><ssdm name=""/></StgValue>
</bind>
</comp>

<comp id="10" class="1001" name="const_10">
<pin_list>
<pin id="11" dir="1" index="0" bw="1" slack="2147483647"/>
</pin_list>
<bind>
<StgValue><ssdm name=""/></StgValue>
</bind>
</comp>

<comp id="12" class="1001" name="const_12">
<pin_list>
<pin id="13" dir="1" index="0" bw="1" slack="2147483647"/>
</pin_list>
<bind>
<StgValue><ssdm name=""/></StgValue>
</bind>
</comp>

<comp id="14" class="1001" name="const_14">
<pin_list>
<pin id="15" dir="1" index="0" bw="1" slack="0"/>
</pin_list>
<bind>
<StgValue><ssdm name="_ssdm_op_Read.ap_auto.i64"/></StgValue>
</bind>
</comp>

<comp id="16" class="1001" name="const_16">
<pin_list>
<pin id="17" dir="1" index="0" bw="1" slack="0"/>
</pin_list>
<bind>
<StgValue><ssdm name=""/></StgValue>
</bind>
</comp>

<comp id="18" class="1001" name="const_18">
<pin_list>
<pin id="19" dir="1" index="0" bw="1" slack="0"/>
</pin_list>
<bind>
<StgValue><ssdm name=""/></StgValue>
</bind>
</comp>

<comp id="20" class="1001" name="const_20">
<pin_list>
<pin id="21" dir="1" index="0" bw="1" slack="2147483647"/>
</pin_list>
<bind>
<StgValue><ssdm name="_ssdm_op_SpecPipeline"/></StgValue>
</bind>
</comp>

<comp id="22" class="1001" name="const_22">
<pin_list>
<pin id="23" dir="1" index="0" bw="1" slack="2147483647"/>
</pin_list>
<bind>
<StgValue><ssdm name=""/></StgValue>
</bind>
</comp>

<comp id="24" class="1001" name="const_24">
<pin_list>
<pin id="25" dir="1" index="0" bw="1" slack="2147483647"/>
</pin_list>
<bind>
<StgValue><ssdm name=""/></StgValue>
</bind>
</comp>

<comp id="26" class="1001" name="const_26">
<pin_list>
<pin id="27" dir="1" index="0" bw="1" slack="2147483647"/>
</pin_list>
<bind>
<StgValue><ssdm name="empty_18"/></StgValue>
</bind>
</comp>

<comp id="28" class="1001" name="const_28">
<pin_list>
<pin id="29" dir="1" index="0" bw="1" slack="2147483647"/>
</pin_list>
<bind>
<StgValue><ssdm name="_ssdm_op_SpecLoopTripCount"/></StgValue>
</bind>
</comp>

<comp id="30" class="1001" name="const_30">
<pin_list>
<pin id="31" dir="1" index="0" bw="1" slack="2147483647"/>
</pin_list>
<bind>
<StgValue><ssdm name=""/></StgValue>
</bind>
</comp>

<comp id="32" class="1001" name="const_32">
<pin_list>
<pin id="33" dir="1" index="0" bw="1" slack="2147483647"/>
</pin_list>
<bind>
<StgValue><ssdm name=""/></StgValue>
</bind>
</comp>

<comp id="34" class="1001" name="const_34">
<pin_list>
<pin id="35" dir="1" index="0" bw="1" slack="2147483647"/>
</pin_list>
<bind>
<StgValue><ssdm name=""/></StgValue>
</bind>
</comp>

<comp id="36" class="1001" name="const_36">
<pin_list>
<pin id="37" dir="1" index="0" bw="1" slack="2147483647"/>
</pin_list>
<bind>
<StgValue><ssdm name="_ssdm_op_SpecLoopName"/></StgValue>
</bind>
</comp>

<comp id="38" class="1001" name="const_38">
<pin_list>
<pin id="39" dir="1" index="0" bw="1" slack="2147483647"/>
</pin_list>
<bind>
<StgValue><ssdm name="empty_22"/></StgValue>
</bind>
</comp>

<comp id="40" class="1001" name="const_40">
<pin_list>
<pin id="41" dir="1" index="0" bw="1" slack="0"/>
</pin_list>
<bind>
<StgValue><ssdm name=""/></StgValue>
</bind>
</comp>

<comp id="42" class="1001" name="const_42">
<pin_list>
<pin id="43" dir="1" index="0" bw="1" slack="0"/>
</pin_list>
<bind>
<StgValue><ssdm name=""/></StgValue>
</bind>
</comp>

<comp id="44" class="1004" name="i_fu_44">
<pin_list>
<pin id="45" dir="0" index="0" bw="1" slack="0"/>
<pin id="46" dir="1" index="1" bw="15" slack="0"/>
</pin_list>
<bind>
<opcode="alloca(26) " fcode="alloca"/>
<opset="i/1 "/>
</bind>
</comp>

<comp id="48" class="1004" name="i_128_read_read_fu_48">
<pin_list>
<pin id="49" dir="0" index="0" bw="64" slack="0"/>
<pin id="50" dir="0" index="1" bw="64" slack="0"/>
<pin id="51" dir="1" index="2" bw="64" slack="0"/>
</pin_list>
<bind>
<opcode="read(1150) " fcode="read"/>
<opset="i_128_read/1 "/>
</bind>
</comp>

<comp id="54" class="1004" name="targetGeometry_data_addr_gep_fu_54">
<pin_list>
<pin id="55" dir="0" index="0" bw="1" slack="0"/>
<pin id="56" dir="0" index="1" bw="1" slack="0"/>
<pin id="57" dir="0" index="2" bw="15" slack="0"/>
<pin id="58" dir="1" index="3" bw="15" slack="0"/>
</pin_list>
<bind>
<opcode="getelementptr(29) " fcode="getelementptr"/>
<opset="targetGeometry_data_addr/1 "/>
</bind>
</comp>

<comp id="61" class="1004" name="store_ln346_access_fu_61">
<pin_list>
<pin id="62" dir="0" index="0" bw="15" slack="2147483647"/>
<pin id="63" dir="0" index="1" bw="1" slack="2147483647"/>
<pin id="64" dir="0" index="2" bw="0" slack="0"/>
<pin id="66" dir="0" index="4" bw="15" slack="0"/>
<pin id="67" dir="0" index="5" bw="1" slack="2147483647"/>
<pin id="68" dir="0" index="6" bw="0" slack="2147483647"/>
<pin id="65" dir="1" index="3" bw="1" slack="2147483647"/>
<pin id="69" dir="1" index="7" bw="1" slack="2147483647"/>
</pin_list>
<bind>
<opcode="store(28) " fcode="store"/>
<opset="store_ln346/1 "/>
</bind>
</comp>

<comp id="72" class="1004" name="store_ln342_store_fu_72">
<pin_list>
<pin id="73" dir="0" index="0" bw="1" slack="0"/>
<pin id="74" dir="0" index="1" bw="15" slack="0"/>
<pin id="75" dir="1" index="2" bw="0" slack="2147483647"/>
</pin_list>
<bind>
<opcode="store(28) " fcode="store"/>
<opset="store_ln342/1 "/>
</bind>
</comp>

<comp id="77" class="1004" name="i_117_load_fu_77">
<pin_list>
<pin id="78" dir="0" index="0" bw="15" slack="0"/>
<pin id="79" dir="1" index="1" bw="15" slack="0"/>
</pin_list>
<bind>
<opcode="load(27) " fcode="load"/>
<opset="i_117/1 "/>
</bind>
</comp>

<comp id="80" class="1004" name="zext_ln342_fu_80">
<pin_list>
<pin id="81" dir="0" index="0" bw="15" slack="0"/>
<pin id="82" dir="1" index="1" bw="64" slack="0"/>
</pin_list>
<bind>
<opcode="zext(34) " fcode="zext"/>
<opset="zext_ln342/1 "/>
</bind>
</comp>

<comp id="85" class="1004" name="icmp_ln342_fu_85">
<pin_list>
<pin id="86" dir="0" index="0" bw="64" slack="0"/>
<pin id="87" dir="0" index="1" bw="64" slack="0"/>
<pin id="88" dir="1" index="2" bw="1" slack="2147483647"/>
</pin_list>
<bind>
<opcode="icmp(45) " fcode="icmp"/>
<opset="icmp_ln342/1 "/>
</bind>
</comp>

<comp id="91" class="1004" name="i_118_fu_91">
<pin_list>
<pin id="92" dir="0" index="0" bw="15" slack="0"/>
<pin id="93" dir="0" index="1" bw="1" slack="0"/>
<pin id="94" dir="1" index="2" bw="15" slack="0"/>
</pin_list>
<bind>
<opcode="add(8) " fcode="add"/>
<opset="i_118/1 "/>
</bind>
</comp>

<comp id="97" class="1004" name="store_ln342_store_fu_97">
<pin_list>
<pin id="98" dir="0" index="0" bw="15" slack="0"/>
<pin id="99" dir="0" index="1" bw="15" slack="0"/>
<pin id="100" dir="1" index="2" bw="0" slack="2147483647"/>
</pin_list>
<bind>
<opcode="store(28) " fcode="store"/>
<opset="store_ln342/1 "/>
</bind>
</comp>

<comp id="102" class="1005" name="i_reg_102">
<pin_list>
<pin id="103" dir="0" index="0" bw="15" slack="0"/>
<pin id="104" dir="1" index="1" bw="15" slack="0"/>
</pin_list>
<bind>
<opset="i "/>
</bind>
</comp>

</comp_list>

<net_list>
<net id="47"><net_src comp="4" pin="0"/><net_sink comp="44" pin=0"/></net>

<net id="52"><net_src comp="14" pin="0"/><net_sink comp="48" pin=0"/></net>

<net id="53"><net_src comp="0" pin="0"/><net_sink comp="48" pin=1"/></net>

<net id="59"><net_src comp="2" pin="0"/><net_sink comp="54" pin=0"/></net>

<net id="60"><net_src comp="40" pin="0"/><net_sink comp="54" pin=1"/></net>

<net id="70"><net_src comp="42" pin="0"/><net_sink comp="61" pin=4"/></net>

<net id="71"><net_src comp="54" pin="3"/><net_sink comp="61" pin=2"/></net>

<net id="76"><net_src comp="16" pin="0"/><net_sink comp="72" pin=0"/></net>

<net id="83"><net_src comp="77" pin="1"/><net_sink comp="80" pin=0"/></net>

<net id="84"><net_src comp="80" pin="1"/><net_sink comp="54" pin=2"/></net>

<net id="89"><net_src comp="80" pin="1"/><net_sink comp="85" pin=0"/></net>

<net id="90"><net_src comp="48" pin="2"/><net_sink comp="85" pin=1"/></net>

<net id="95"><net_src comp="77" pin="1"/><net_sink comp="91" pin=0"/></net>

<net id="96"><net_src comp="18" pin="0"/><net_sink comp="91" pin=1"/></net>

<net id="101"><net_src comp="91" pin="2"/><net_sink comp="97" pin=0"/></net>

<net id="105"><net_src comp="44" pin="1"/><net_sink comp="102" pin=0"/></net>

<net id="106"><net_src comp="102" pin="1"/><net_sink comp="72" pin=1"/></net>

<net id="107"><net_src comp="102" pin="1"/><net_sink comp="77" pin=0"/></net>

<net id="108"><net_src comp="102" pin="1"/><net_sink comp="97" pin=1"/></net>

</net_list>

</model> 
---------------- Datapath Model END ------------------

* FSMD analyzer results:
  - Output states:
	Port: targetGeometry_data_s | {1 }
 - Input state : 
	Port: load_target_geometry_Pipeline_VITIS_LOOP_342_1 : i_128 | {1 }
	Port: load_target_geometry_Pipeline_VITIS_LOOP_342_1 : targetGeometry_data_s | {}
  - Chain level:
	State 1
		store_ln342 : 1
		i_117 : 1
		zext_ln342 : 2
		icmp_ln342 : 3
		i_118 : 2
		br_ln342 : 4
		targetGeometry_data_addr : 3
		store_ln346 : 4
		store_ln342 : 3


============================================================
+ Verbose Summary: Datapath Resource usage 
============================================================

* Functional unit list:
|----------|-----------------------|---------|---------|
| Operation|    Functional Unit    |    FF   |   LUT   |
|----------|-----------------------|---------|---------|
|   icmp   |    icmp_ln342_fu_85   |    0    |    71   |
|----------|-----------------------|---------|---------|
|    add   |      i_118_fu_91      |    0    |    22   |
|----------|-----------------------|---------|---------|
|   read   | i_128_read_read_fu_48 |    0    |    0    |
|----------|-----------------------|---------|---------|
|   zext   |    zext_ln342_fu_80   |    0    |    0    |
|----------|-----------------------|---------|---------|
|   Total  |                       |    0    |    93   |
|----------|-----------------------|---------|---------|

Memories:
N/A

* Register list:
+---------+--------+
|         |   FF   |
+---------+--------+
|i_reg_102|   15   |
+---------+--------+
|  Total  |   15   |
+---------+--------+

* Multiplexer (MUX) list: 
|--------|------|------|------|--------|
|  Comp  |  Pin | Size |  BW  | S x BW |
|--------|------|------|------|--------|
|  Total |      |      |      |    0   |
|--------|------|------|------|--------|



* Summary:
+-----------+--------+--------+
|           |   FF   |   LUT  |
+-----------+--------+--------+
|  Function |    0   |   93   |
|   Memory  |    -   |    -   |
|Multiplexer|    -   |    -   |
|  Register |   15   |    -   |
+-----------+--------+--------+
|   Total   |   15   |   93   |
+-----------+--------+--------+
