

================================================================
== Vitis HLS Report for 'load_target_geometry_Pipeline_VITIS_LOOP_42_1_VITIS_LOOP_44_2'
================================================================
* Date:           Thu Mar 26 11:03:32 2026

* Version:        2024.2 (Build 5238294 on Nov  8 2024)
* Project:        atomflow_controller_2024_2
* Solution:       hls (Vivado IP Flow Target)
* Product family: zynquplusRFSOC
* Target device:  xczu49dr-ffvf1760-2-e


================================================================
== Performance Estimates
================================================================
+ Timing: 
    * Summary: 
    +--------+----------+----------+------------+
    |  Clock |  Target  | Estimated| Uncertainty|
    +--------+----------+----------+------------+
    |ap_clk  |  10.00 ns|  7.300 ns|     2.70 ns|
    +--------+----------+----------+------------+

+ Latency: 
    * Summary: 
    +---------+---------+----------+----------+-----+--------+------------------------------------------------+
    |  Latency (cycles) |  Latency (absolute) |   Interval   |                    Pipeline                    |
    |   min   |   max   |    min   |    max   | min |   max  |                      Type                      |
    +---------+---------+----------+----------+-----+--------+------------------------------------------------+
    |       13|   262156|  0.130 us|  2.622 ms|    2|  262145|  loop auto-rewind stp (delay=0 clock cycles(s))|
    +---------+---------+----------+----------+-----+--------+------------------------------------------------+

    + Detail: 
        * Instance: 
        N/A

        * Loop: 
        +-----------------------------------+---------+---------+----------+-----------+-----------+------------+----------+
        |                                   |  Latency (cycles) | Iteration|  Initiation Interval  |    Trip    |          |
        |             Loop Name             |   min   |   max   |  Latency |  achieved |   target  |    Count   | Pipelined|
        +-----------------------------------+---------+---------+----------+-----------+-----------+------------+----------+
        |- VITIS_LOOP_42_1_VITIS_LOOP_44_2  |       11|   262154|        12|          1|          1|  1 ~ 262144|       yes|
        +-----------------------------------+---------+---------+----------+-----------+-----------+------------+----------+



================================================================
== Utilization Estimates
================================================================
* Summary: 
+-----------------+---------+------+--------+--------+-----+
|       Name      | BRAM_18K|  DSP |   FF   |   LUT  | URAM|
+-----------------+---------+------+--------+--------+-----+
|DSP              |        -|     -|       -|       -|    -|
|Expression       |        -|     -|       0|     474|    -|
|FIFO             |        -|     -|       -|       -|    -|
|Instance         |        -|     4|       0|      20|    -|
|Memory           |        -|     -|       -|       -|    -|
|Multiplexer      |        -|     -|       0|      72|    -|
|Register         |        -|     -|     410|      32|    -|
+-----------------+---------+------+--------+--------+-----+
|Total            |        0|     4|     410|     598|    0|
+-----------------+---------+------+--------+--------+-----+
|Available        |     2160|  4272|  850560|  425280|   80|
+-----------------+---------+------+--------+--------+-----+
|Utilization (%)  |        0|    ~0|      ~0|      ~0|    0|
+-----------------+---------+------+--------+--------+-----+

+ Detail: 
    * Instance: 
    +--------------------------+---------------------+---------+----+---+----+-----+
    |         Instance         |        Module       | BRAM_18K| DSP| FF| LUT| URAM|
    +--------------------------+---------------------+---------+----+---+----+-----+
    |mul_32s_31ns_62_1_1_U510  |mul_32s_31ns_62_1_1  |        0|   4|  0|  20|    0|
    +--------------------------+---------------------+---------+----+---+----+-----+
    |Total                     |                     |        0|   4|  0|  20|    0|
    +--------------------------+---------------------+---------+----+---+----+-----+

    * DSP: 
    N/A

    * Memory: 
    N/A

    * FIFO: 
    N/A

    * Expression: 
    +---------------------------+----------+----+---+----+------------+------------+
    |       Variable Name       | Operation| DSP| FF| LUT| Bitwidth P0| Bitwidth P1|
    +---------------------------+----------+----+---+----+------------+------------+
    |add_ln42_1_fu_170_p2       |         +|   0|  0|  69|          62|           1|
    |add_ln42_fu_196_p2         |         +|   0|  0|  38|          31|           1|
    |add_ln44_fu_248_p2         |         +|   0|  0|  38|          31|           1|
    |add_ln46_fu_227_p2         |         +|   0|  0|  69|          62|          62|
    |add_ln47_fu_237_p2         |         +|   0|  0|  71|          64|          64|
    |icmp_ln42_fu_165_p2        |      icmp|   0|  0|  69|          62|          62|
    |icmp_ln44_fu_188_p2        |      icmp|   0|  0|  39|          32|          32|
    |icmp_ln47_fu_264_p2        |      icmp|   0|  0|  15|           8|           1|
    |ap_block_pp0_stage0_11001  |        or|   0|  0|   2|           1|           1|
    |select_ln42_1_fu_210_p3    |    select|   0|  0|  31|           1|          31|
    |select_ln42_fu_202_p3      |    select|   0|  0|  31|           1|          31|
    |ap_enable_pp0              |       xor|   0|  0|   2|           1|           2|
    +---------------------------+----------+----+---+----+------------+------------+
    |Total                      |          |   0|  0| 474|         356|         289|
    +---------------------------+----------+----+---+----+------------+------------+

    * Multiplexer: 
    +-------------------------+----+-----------+-----+-----------+
    |           Name          | LUT| Input Size| Bits| Total Bits|
    +-------------------------+----+-----------+-----+-----------+
    |ap_done_int              |   9|          2|    1|          2|
    |ap_enable_reg_pp0_iter1  |   9|          2|    1|          2|
    |ap_enable_reg_pp0_iter3  |   9|          2|    1|          2|
    |col_fu_74                |   9|          2|   31|         62|
    |gmem4_blk_n_AR           |   9|          2|    1|          2|
    |gmem4_blk_n_R            |   9|          2|    1|          2|
    |indvar_flatten_fu_82     |   9|          2|   62|        124|
    |r_fu_78                  |   9|          2|   31|         62|
    +-------------------------+----+-----------+-----+-----------+
    |Total                    |  72|         16|  129|        258|
    +-------------------------+----+-----------+-----+-----------+

    * Register: 
    +-------------------------------------------+----+----+-----+-----------+
    |                    Name                   | FF | LUT| Bits| Const Bits|
    +-------------------------------------------+----+----+-----+-----------+
    |ap_CS_fsm                                  |   1|   0|    1|          0|
    |ap_block_pp0_stage0_subdone_grp0_done_reg  |   1|   0|    1|          0|
    |ap_done_reg                                |   1|   0|    1|          0|
    |ap_enable_reg_pp0_iter1                    |   1|   0|    1|          0|
    |ap_enable_reg_pp0_iter10                   |   1|   0|    1|          0|
    |ap_enable_reg_pp0_iter11                   |   1|   0|    1|          0|
    |ap_enable_reg_pp0_iter12                   |   1|   0|    1|          0|
    |ap_enable_reg_pp0_iter2                    |   1|   0|    1|          0|
    |ap_enable_reg_pp0_iter3                    |   1|   0|    1|          0|
    |ap_enable_reg_pp0_iter4                    |   1|   0|    1|          0|
    |ap_enable_reg_pp0_iter5                    |   1|   0|    1|          0|
    |ap_enable_reg_pp0_iter6                    |   1|   0|    1|          0|
    |ap_enable_reg_pp0_iter7                    |   1|   0|    1|          0|
    |ap_enable_reg_pp0_iter8                    |   1|   0|    1|          0|
    |ap_enable_reg_pp0_iter9                    |   1|   0|    1|          0|
    |ap_loop_exit_ready_pp0_iter10_reg          |   1|   0|    1|          0|
    |ap_loop_exit_ready_pp0_iter11_reg          |   1|   0|    1|          0|
    |ap_loop_exit_ready_pp0_iter2_reg           |   1|   0|    1|          0|
    |ap_loop_exit_ready_pp0_iter3_reg           |   1|   0|    1|          0|
    |ap_loop_exit_ready_pp0_iter4_reg           |   1|   0|    1|          0|
    |ap_loop_exit_ready_pp0_iter5_reg           |   1|   0|    1|          0|
    |ap_loop_exit_ready_pp0_iter6_reg           |   1|   0|    1|          0|
    |ap_loop_exit_ready_pp0_iter7_reg           |   1|   0|    1|          0|
    |ap_loop_exit_ready_pp0_iter8_reg           |   1|   0|    1|          0|
    |ap_loop_exit_ready_pp0_iter9_reg           |   1|   0|    1|          0|
    |col_fu_74                                  |  31|   0|   31|          0|
    |gmem4_addr_read_reg_326                    |   8|   0|    8|          0|
    |gmem4_addr_reg_320                         |  64|   0|   64|          0|
    |icmp_ln42_reg_311                          |   1|   0|    1|          0|
    |indvar_flatten_fu_82                       |  62|   0|   62|          0|
    |r_fu_78                                    |  31|   0|   31|          0|
    |sext_ln0_cast_reg_306                      |  62|   0|   62|          0|
    |zext_ln47_reg_315                          |  62|   0|   64|          2|
    |zext_ln47_reg_315                          |  64|  32|   64|          2|
    +-------------------------------------------+----+----+-----+-----------+
    |Total                                      | 410|  32|  412|          4|
    +-------------------------------------------+----+----+-----+-----------+



================================================================
== Interface
================================================================
* Summary: 
+--------------------------------+-----+-----+------------+---------------------------------------------------------------+--------------+
|            RTL Ports           | Dir | Bits|  Protocol  |                         Source Object                         |    C Type    |
+--------------------------------+-----+-----+------------+---------------------------------------------------------------+--------------+
|ap_clk                          |   in|    1|  ap_ctrl_hs|  load_target_geometry_Pipeline_VITIS_LOOP_42_1_VITIS_LOOP_44_2|  return value|
|ap_rst                          |   in|    1|  ap_ctrl_hs|  load_target_geometry_Pipeline_VITIS_LOOP_42_1_VITIS_LOOP_44_2|  return value|
|ap_start                        |   in|    1|  ap_ctrl_hs|  load_target_geometry_Pipeline_VITIS_LOOP_42_1_VITIS_LOOP_44_2|  return value|
|ap_done                         |  out|    1|  ap_ctrl_hs|  load_target_geometry_Pipeline_VITIS_LOOP_42_1_VITIS_LOOP_44_2|  return value|
|ap_idle                         |  out|    1|  ap_ctrl_hs|  load_target_geometry_Pipeline_VITIS_LOOP_42_1_VITIS_LOOP_44_2|  return value|
|ap_ready                        |  out|    1|  ap_ctrl_hs|  load_target_geometry_Pipeline_VITIS_LOOP_42_1_VITIS_LOOP_44_2|  return value|
|m_axi_gmem4_0_AWVALID           |  out|    1|       m_axi|                                                          gmem4|       pointer|
|m_axi_gmem4_0_AWREADY           |   in|    1|       m_axi|                                                          gmem4|       pointer|
|m_axi_gmem4_0_AWADDR            |  out|   64|       m_axi|                                                          gmem4|       pointer|
|m_axi_gmem4_0_AWID              |  out|    1|       m_axi|                                                          gmem4|       pointer|
|m_axi_gmem4_0_AWLEN             |  out|   32|       m_axi|                                                          gmem4|       pointer|
|m_axi_gmem4_0_AWSIZE            |  out|    3|       m_axi|                                                          gmem4|       pointer|
|m_axi_gmem4_0_AWBURST           |  out|    2|       m_axi|                                                          gmem4|       pointer|
|m_axi_gmem4_0_AWLOCK            |  out|    2|       m_axi|                                                          gmem4|       pointer|
|m_axi_gmem4_0_AWCACHE           |  out|    4|       m_axi|                                                          gmem4|       pointer|
|m_axi_gmem4_0_AWPROT            |  out|    3|       m_axi|                                                          gmem4|       pointer|
|m_axi_gmem4_0_AWQOS             |  out|    4|       m_axi|                                                          gmem4|       pointer|
|m_axi_gmem4_0_AWREGION          |  out|    4|       m_axi|                                                          gmem4|       pointer|
|m_axi_gmem4_0_AWUSER            |  out|    1|       m_axi|                                                          gmem4|       pointer|
|m_axi_gmem4_0_WVALID            |  out|    1|       m_axi|                                                          gmem4|       pointer|
|m_axi_gmem4_0_WREADY            |   in|    1|       m_axi|                                                          gmem4|       pointer|
|m_axi_gmem4_0_WDATA             |  out|    8|       m_axi|                                                          gmem4|       pointer|
|m_axi_gmem4_0_WSTRB             |  out|    1|       m_axi|                                                          gmem4|       pointer|
|m_axi_gmem4_0_WLAST             |  out|    1|       m_axi|                                                          gmem4|       pointer|
|m_axi_gmem4_0_WID               |  out|    1|       m_axi|                                                          gmem4|       pointer|
|m_axi_gmem4_0_WUSER             |  out|    1|       m_axi|                                                          gmem4|       pointer|
|m_axi_gmem4_0_ARVALID           |  out|    1|       m_axi|                                                          gmem4|       pointer|
|m_axi_gmem4_0_ARREADY           |   in|    1|       m_axi|                                                          gmem4|       pointer|
|m_axi_gmem4_0_ARADDR            |  out|   64|       m_axi|                                                          gmem4|       pointer|
|m_axi_gmem4_0_ARID              |  out|    1|       m_axi|                                                          gmem4|       pointer|
|m_axi_gmem4_0_ARLEN             |  out|   32|       m_axi|                                                          gmem4|       pointer|
|m_axi_gmem4_0_ARSIZE            |  out|    3|       m_axi|                                                          gmem4|       pointer|
|m_axi_gmem4_0_ARBURST           |  out|    2|       m_axi|                                                          gmem4|       pointer|
|m_axi_gmem4_0_ARLOCK            |  out|    2|       m_axi|                                                          gmem4|       pointer|
|m_axi_gmem4_0_ARCACHE           |  out|    4|       m_axi|                                                          gmem4|       pointer|
|m_axi_gmem4_0_ARPROT            |  out|    3|       m_axi|                                                          gmem4|       pointer|
|m_axi_gmem4_0_ARQOS             |  out|    4|       m_axi|                                                          gmem4|       pointer|
|m_axi_gmem4_0_ARREGION          |  out|    4|       m_axi|                                                          gmem4|       pointer|
|m_axi_gmem4_0_ARUSER            |  out|    1|       m_axi|                                                          gmem4|       pointer|
|m_axi_gmem4_0_RVALID            |   in|    1|       m_axi|                                                          gmem4|       pointer|
|m_axi_gmem4_0_RREADY            |  out|    1|       m_axi|                                                          gmem4|       pointer|
|m_axi_gmem4_0_RDATA             |   in|    8|       m_axi|                                                          gmem4|       pointer|
|m_axi_gmem4_0_RLAST             |   in|    1|       m_axi|                                                          gmem4|       pointer|
|m_axi_gmem4_0_RID               |   in|    1|       m_axi|                                                          gmem4|       pointer|
|m_axi_gmem4_0_RFIFONUM          |   in|   11|       m_axi|                                                          gmem4|       pointer|
|m_axi_gmem4_0_RUSER             |   in|    1|       m_axi|                                                          gmem4|       pointer|
|m_axi_gmem4_0_RRESP             |   in|    2|       m_axi|                                                          gmem4|       pointer|
|m_axi_gmem4_0_BVALID            |   in|    1|       m_axi|                                                          gmem4|       pointer|
|m_axi_gmem4_0_BREADY            |  out|    1|       m_axi|                                                          gmem4|       pointer|
|m_axi_gmem4_0_BRESP             |   in|    2|       m_axi|                                                          gmem4|       pointer|
|m_axi_gmem4_0_BID               |   in|    1|       m_axi|                                                          gmem4|       pointer|
|m_axi_gmem4_0_BUSER             |   in|    1|       m_axi|                                                          gmem4|       pointer|
|targetGeometry_cols_write       |   in|   32|     ap_none|                                      targetGeometry_cols_write|        scalar|
|bound                           |   in|   62|     ap_none|                                                          bound|        scalar|
|sext_ln0                        |   in|   32|     ap_none|                                                       sext_ln0|        scalar|
|targetGeometry_mem              |   in|   64|     ap_none|                                             targetGeometry_mem|        scalar|
|targetGeometry_data_s_address1  |  out|   15|   ap_memory|                                          targetGeometry_data_s|         array|
|targetGeometry_data_s_ce1       |  out|    1|   ap_memory|                                          targetGeometry_data_s|         array|
|targetGeometry_data_s_we1       |  out|    1|   ap_memory|                                          targetGeometry_data_s|         array|
|targetGeometry_data_s_d1        |  out|    1|   ap_memory|                                          targetGeometry_data_s|         array|
+--------------------------------+-----+-----+------------+---------------------------------------------------------------+--------------+

============================================================
+ Verbose Summary: Synthesis Manager
============================================================
InlineROM: 1
ExposeGlobal: 0
============================================================
+ Verbose Summary: CDFG Model
============================================================
IsTopModel: 0
ResetActiveHigh: 1
IsCombinational: 2
IsDatapathOnly: 2
HasWiredReturn: 1
HasMFsm: 2
HasVarLatency: 1
IsPipeline: 0
IsRtlPipelined: 0
IsInstanceOverlapped: 0
IsDontTouch: 0
HasImplIP: 0
IsGatedGlobalClock: 0

+ Individual pipeline summary: 
  * Pipeline-0: initiation interval (II) = 1, depth = 13


============================================================
+ Verbose Summary: Schedule
============================================================
* Number of FSM states : 13
* Pipeline : 1
  Pipeline-0 : II = 1, D = 13, States = { 1 2 3 4 5 6 7 8 9 10 11 12 13 }
* Dataflow Pipeline: 0

* FSM state transitions: 
1 --> 2 
2 --> 3 
3 --> 4 
4 --> 5 
5 --> 6 
6 --> 7 
7 --> 8 
8 --> 9 
9 --> 10 
10 --> 11 
11 --> 12 
12 --> 13 
13 --> 

* FSM state operations: 

State 1 <SV = 0> <Delay = 0.42>
ST_1 : Operation 15 [1/1] (0.00ns)   --->   "%col = alloca i32 1" [/home/xiaorang/Documents/ATOMFLOW/atomflow_controller/../sorting-organized-main/src/sortLatticeByRow.hpp:315->/home/xiaorang/Documents/ATOMFLOW/atomflow_controller/atomflow_controller.cpp:47]   --->   Operation 15 'alloca' 'col' <Predicate = true> <Delay = 0.00>
ST_1 : Operation 16 [1/1] (0.00ns)   --->   "%r = alloca i32 1" [/home/xiaorang/Documents/ATOMFLOW/atomflow_controller/atomflow_controller.cpp:42]   --->   Operation 16 'alloca' 'r' <Predicate = true> <Delay = 0.00>
ST_1 : Operation 17 [1/1] (0.00ns)   --->   "%indvar_flatten = alloca i32 1"   --->   Operation 17 'alloca' 'indvar_flatten' <Predicate = true> <Delay = 0.00>
ST_1 : Operation 18 [1/1] (0.00ns)   --->   "%targetGeometry_mem_read = read i64 @_ssdm_op_Read.ap_auto.i64, i64 %targetGeometry_mem"   --->   Operation 18 'read' 'targetGeometry_mem_read' <Predicate = true> <Delay = 0.00>
ST_1 : Operation 19 [1/1] (0.00ns)   --->   "%sext_ln0_read = read i32 @_ssdm_op_Read.ap_auto.i32, i32 %sext_ln0"   --->   Operation 19 'read' 'sext_ln0_read' <Predicate = true> <Delay = 0.00>
ST_1 : Operation 20 [1/1] (0.00ns)   --->   "%bound_read = read i62 @_ssdm_op_Read.ap_auto.i62, i62 %bound"   --->   Operation 20 'read' 'bound_read' <Predicate = true> <Delay = 0.00>
ST_1 : Operation 21 [1/1] (0.00ns)   --->   "%targetGeometry_cols_write_read = read i32 @_ssdm_op_Read.ap_auto.i32, i32 %targetGeometry_cols_write"   --->   Operation 21 'read' 'targetGeometry_cols_write_read' <Predicate = true> <Delay = 0.00>
ST_1 : Operation 22 [1/1] (0.00ns)   --->   "%sext_ln0_cast = sext i32 %sext_ln0_read"   --->   Operation 22 'sext' 'sext_ln0_cast' <Predicate = true> <Delay = 0.00>
ST_1 : Operation 23 [1/1] (0.00ns)   --->   "%specmemcore_ln0 = specmemcore void @_ssdm_op_SpecMemCore, i1 %targetGeometry_data_s, i64 666, i64 22, i64 18446744073709551615"   --->   Operation 23 'specmemcore' 'specmemcore_ln0' <Predicate = true> <Delay = 0.00>
ST_1 : Operation 24 [1/1] (0.00ns)   --->   "%specinterface_ln0 = specinterface void @_ssdm_op_SpecInterface, i8 %gmem4, void @empty_41, i32 0, i32 0, void @empty_18, i32 0, i32 0, void @empty_8, void @empty_4, void @empty_18, i32 16, i32 16, i32 16, i32 16, void @empty_18, void @empty_18, i32 4294967295, i32 0, i32 0"   --->   Operation 24 'specinterface' 'specinterface_ln0' <Predicate = true> <Delay = 0.00>
ST_1 : Operation 25 [1/1] (0.42ns)   --->   "%store_ln0 = store i62 0, i62 %indvar_flatten"   --->   Operation 25 'store' 'store_ln0' <Predicate = true> <Delay = 0.42>
ST_1 : Operation 26 [1/1] (0.42ns)   --->   "%store_ln42 = store i31 0, i31 %r" [/home/xiaorang/Documents/ATOMFLOW/atomflow_controller/atomflow_controller.cpp:42]   --->   Operation 26 'store' 'store_ln42' <Predicate = true> <Delay = 0.42>
ST_1 : Operation 27 [1/1] (0.42ns)   --->   "%store_ln315 = store i31 0, i31 %col" [/home/xiaorang/Documents/ATOMFLOW/atomflow_controller/../sorting-organized-main/src/sortLatticeByRow.hpp:315->/home/xiaorang/Documents/ATOMFLOW/atomflow_controller/atomflow_controller.cpp:47]   --->   Operation 27 'store' 'store_ln315' <Predicate = true> <Delay = 0.42>
ST_1 : Operation 28 [1/1] (0.00ns)   --->   "%br_ln0 = br void %for.inc"   --->   Operation 28 'br' 'br_ln0' <Predicate = true> <Delay = 0.00>

State 2 <SV = 1> <Delay = 1.51>
ST_2 : Operation 29 [1/1] (0.00ns)   --->   "%indvar_flatten_load = load i62 %indvar_flatten" [/home/xiaorang/Documents/ATOMFLOW/atomflow_controller/atomflow_controller.cpp:42]   --->   Operation 29 'load' 'indvar_flatten_load' <Predicate = true> <Delay = 0.00>
ST_2 : Operation 30 [1/1] (1.08ns)   --->   "%icmp_ln42 = icmp_eq  i62 %indvar_flatten_load, i62 %bound_read" [/home/xiaorang/Documents/ATOMFLOW/atomflow_controller/atomflow_controller.cpp:42]   --->   Operation 30 'icmp' 'icmp_ln42' <Predicate = true> <Delay = 1.08> <CoreInst = "Cmp">   --->   Core 9 'Cmp' <Latency = 0> <II = 1> <Delay = 1.08> <FuncUnit> <Opcode : 'seteq' 'setne' 'setle' 'setge' 'setlt' 'setgt'> <InPorts = 2> <OutPorts = 1>
ST_2 : Operation 31 [1/1] (1.08ns)   --->   "%add_ln42_1 = add i62 %indvar_flatten_load, i62 1" [/home/xiaorang/Documents/ATOMFLOW/atomflow_controller/atomflow_controller.cpp:42]   --->   Operation 31 'add' 'add_ln42_1' <Predicate = true> <Delay = 1.08> <CoreInst = "Adder">   --->   Core 1 'Adder' <Latency = 0> <II = 1> <Delay = 1.08> <FuncUnit> <Opcode : 'add' 'sub'> <InPorts = 2> <OutPorts = 1>
ST_2 : Operation 32 [1/1] (0.00ns)   --->   "%br_ln42 = br i1 %icmp_ln42, void %for.inc10.loopexit, void %for.end12.loopexit.exitStub" [/home/xiaorang/Documents/ATOMFLOW/atomflow_controller/atomflow_controller.cpp:42]   --->   Operation 32 'br' 'br_ln42' <Predicate = true> <Delay = 0.00>
ST_2 : Operation 33 [1/1] (0.42ns)   --->   "%store_ln42 = store i62 %add_ln42_1, i62 %indvar_flatten" [/home/xiaorang/Documents/ATOMFLOW/atomflow_controller/atomflow_controller.cpp:42]   --->   Operation 33 'store' 'store_ln42' <Predicate = (!icmp_ln42)> <Delay = 0.42>

State 3 <SV = 2> <Delay = 7.02>
ST_3 : Operation 34 [1/1] (0.00ns)   --->   "%c = load i31 %col" [/home/xiaorang/Documents/ATOMFLOW/atomflow_controller/atomflow_controller.cpp:44]   --->   Operation 34 'load' 'c' <Predicate = true> <Delay = 0.00>
ST_3 : Operation 35 [1/1] (0.00ns)   --->   "%zext_ln44_1 = zext i31 %c" [/home/xiaorang/Documents/ATOMFLOW/atomflow_controller/atomflow_controller.cpp:44]   --->   Operation 35 'zext' 'zext_ln44_1' <Predicate = true> <Delay = 0.00>
ST_3 : Operation 36 [1/1] (1.01ns)   --->   "%icmp_ln44 = icmp_slt  i32 %zext_ln44_1, i32 %targetGeometry_cols_write_read" [/home/xiaorang/Documents/ATOMFLOW/atomflow_controller/atomflow_controller.cpp:44]   --->   Operation 36 'icmp' 'icmp_ln44' <Predicate = true> <Delay = 1.01> <CoreInst = "Cmp">   --->   Core 9 'Cmp' <Latency = 0> <II = 1> <Delay = 1.01> <FuncUnit> <Opcode : 'seteq' 'setne' 'setle' 'setge' 'setlt' 'setgt'> <InPorts = 2> <OutPorts = 1>
ST_3 : Operation 37 [1/1] (0.00ns)   --->   "%r_load = load i31 %r" [/home/xiaorang/Documents/ATOMFLOW/atomflow_controller/atomflow_controller.cpp:42]   --->   Operation 37 'load' 'r_load' <Predicate = (!icmp_ln42)> <Delay = 0.00>
ST_3 : Operation 38 [1/1] (1.00ns)   --->   "%add_ln42 = add i31 %r_load, i31 1" [/home/xiaorang/Documents/ATOMFLOW/atomflow_controller/atomflow_controller.cpp:42]   --->   Operation 38 'add' 'add_ln42' <Predicate = (!icmp_ln42)> <Delay = 1.00> <CoreInst = "Adder">   --->   Core 1 'Adder' <Latency = 0> <II = 1> <Delay = 1.00> <FuncUnit> <Opcode : 'add' 'sub'> <InPorts = 2> <OutPorts = 1>
ST_3 : Operation 39 [1/1] (0.41ns)   --->   "%select_ln42 = select i1 %icmp_ln44, i31 %c, i31 0" [/home/xiaorang/Documents/ATOMFLOW/atomflow_controller/atomflow_controller.cpp:42]   --->   Operation 39 'select' 'select_ln42' <Predicate = (!icmp_ln42)> <Delay = 0.41> <CoreInst = "Sel">   --->   Core 73 'Sel' <Latency = 0> <II = 1> <Delay = 0.41> <FuncUnit> <Opcode : 'select'> <InPorts = 3> <OutPorts = 1>
ST_3 : Operation 40 [1/1] (0.41ns)   --->   "%select_ln42_1 = select i1 %icmp_ln44, i31 %r_load, i31 %add_ln42" [/home/xiaorang/Documents/ATOMFLOW/atomflow_controller/atomflow_controller.cpp:42]   --->   Operation 40 'select' 'select_ln42_1' <Predicate = (!icmp_ln42)> <Delay = 0.41> <CoreInst = "Sel">   --->   Core 73 'Sel' <Latency = 0> <II = 1> <Delay = 0.41> <FuncUnit> <Opcode : 'select'> <InPorts = 3> <OutPorts = 1>
ST_3 : Operation 41 [1/1] (0.00ns)   --->   "%zext_ln42 = zext i31 %select_ln42_1" [/home/xiaorang/Documents/ATOMFLOW/atomflow_controller/atomflow_controller.cpp:42]   --->   Operation 41 'zext' 'zext_ln42' <Predicate = (!icmp_ln42)> <Delay = 0.00>
ST_3 : Operation 42 [1/1] (3.42ns)   --->   "%empty = mul i62 %sext_ln0_cast, i62 %zext_ln42" [/home/xiaorang/Documents/ATOMFLOW/atomflow_controller/atomflow_controller.cpp:42]   --->   Operation 42 'mul' 'empty' <Predicate = (!icmp_ln42)> <Delay = 3.42> <CoreInst = "Multiplier">   --->   Core 3 'Multiplier' <Latency = 0> <II = 1> <Delay = 3.42> <FuncUnit> <Opcode : 'mul'> <InPorts = 2> <OutPorts = 1>
ST_3 : Operation 43 [1/1] (0.00ns)   --->   "%zext_ln44 = zext i31 %select_ln42" [/home/xiaorang/Documents/ATOMFLOW/atomflow_controller/atomflow_controller.cpp:44]   --->   Operation 43 'zext' 'zext_ln44' <Predicate = (!icmp_ln42)> <Delay = 0.00>
ST_3 : Operation 44 [1/1] (1.08ns)   --->   "%add_ln46 = add i62 %empty, i62 %zext_ln44" [/home/xiaorang/Documents/ATOMFLOW/atomflow_controller/atomflow_controller.cpp:46]   --->   Operation 44 'add' 'add_ln46' <Predicate = (!icmp_ln42)> <Delay = 1.08> <CoreInst = "Adder">   --->   Core 1 'Adder' <Latency = 0> <II = 1> <Delay = 1.08> <FuncUnit> <Opcode : 'add' 'sub'> <InPorts = 2> <OutPorts = 1>
ST_3 : Operation 45 [1/1] (0.00ns)   --->   "%zext_ln47 = zext i62 %add_ln46" [/home/xiaorang/Documents/ATOMFLOW/atomflow_controller/atomflow_controller.cpp:47]   --->   Operation 45 'zext' 'zext_ln47' <Predicate = (!icmp_ln42)> <Delay = 0.00>
ST_3 : Operation 46 [1/1] (1.08ns)   --->   "%add_ln47 = add i64 %zext_ln47, i64 %targetGeometry_mem_read" [/home/xiaorang/Documents/ATOMFLOW/atomflow_controller/atomflow_controller.cpp:47]   --->   Operation 46 'add' 'add_ln47' <Predicate = (!icmp_ln42)> <Delay = 1.08> <CoreInst = "Adder">   --->   Core 1 'Adder' <Latency = 0> <II = 1> <Delay = 1.08> <FuncUnit> <Opcode : 'add' 'sub'> <InPorts = 2> <OutPorts = 1>
ST_3 : Operation 47 [1/1] (0.00ns)   --->   "%gmem4_addr = getelementptr i8 %gmem4, i64 %add_ln47" [/home/xiaorang/Documents/ATOMFLOW/atomflow_controller/atomflow_controller.cpp:47]   --->   Operation 47 'getelementptr' 'gmem4_addr' <Predicate = (!icmp_ln42)> <Delay = 0.00>
ST_3 : Operation 48 [1/1] (1.00ns)   --->   "%add_ln44 = add i31 %select_ln42, i31 1" [/home/xiaorang/Documents/ATOMFLOW/atomflow_controller/atomflow_controller.cpp:44]   --->   Operation 48 'add' 'add_ln44' <Predicate = (!icmp_ln42)> <Delay = 1.00> <CoreInst = "Adder">   --->   Core 1 'Adder' <Latency = 0> <II = 1> <Delay = 1.00> <FuncUnit> <Opcode : 'add' 'sub'> <InPorts = 2> <OutPorts = 1>
ST_3 : Operation 49 [1/1] (0.42ns)   --->   "%store_ln42 = store i31 %select_ln42_1, i31 %r" [/home/xiaorang/Documents/ATOMFLOW/atomflow_controller/atomflow_controller.cpp:42]   --->   Operation 49 'store' 'store_ln42' <Predicate = (!icmp_ln42)> <Delay = 0.42>
ST_3 : Operation 50 [1/1] (0.42ns)   --->   "%store_ln315 = store i31 %add_ln44, i31 %col" [/home/xiaorang/Documents/ATOMFLOW/atomflow_controller/../sorting-organized-main/src/sortLatticeByRow.hpp:315->/home/xiaorang/Documents/ATOMFLOW/atomflow_controller/atomflow_controller.cpp:47]   --->   Operation 50 'store' 'store_ln315' <Predicate = (!icmp_ln42)> <Delay = 0.42>

State 4 <SV = 3> <Delay = 7.30>
ST_4 : Operation 51 [8/8] (7.30ns)   --->   "%gmem4_load_req = readreq i1 @_ssdm_op_ReadReq.m_axi.i8P1A, i64 %gmem4_addr, i64 1" [/home/xiaorang/Documents/ATOMFLOW/atomflow_controller/atomflow_controller.cpp:47]   --->   Operation 51 'readreq' 'gmem4_load_req' <Predicate = true> <Delay = 7.30> <CoreInst = "m_axi">   --->   Core 119 'm_axi' <Latency = 6> <II = 1> <Delay = 1.00> <Adapter> <Opcode : 'read' 'write' 'readreq' 'writereq' 'writeresp'>

State 5 <SV = 4> <Delay = 7.30>
ST_5 : Operation 52 [7/8] (7.30ns)   --->   "%gmem4_load_req = readreq i1 @_ssdm_op_ReadReq.m_axi.i8P1A, i64 %gmem4_addr, i64 1" [/home/xiaorang/Documents/ATOMFLOW/atomflow_controller/atomflow_controller.cpp:47]   --->   Operation 52 'readreq' 'gmem4_load_req' <Predicate = true> <Delay = 7.30> <CoreInst = "m_axi">   --->   Core 119 'm_axi' <Latency = 6> <II = 1> <Delay = 1.00> <Adapter> <Opcode : 'read' 'write' 'readreq' 'writereq' 'writeresp'>

State 6 <SV = 5> <Delay = 7.30>
ST_6 : Operation 53 [6/8] (7.30ns)   --->   "%gmem4_load_req = readreq i1 @_ssdm_op_ReadReq.m_axi.i8P1A, i64 %gmem4_addr, i64 1" [/home/xiaorang/Documents/ATOMFLOW/atomflow_controller/atomflow_controller.cpp:47]   --->   Operation 53 'readreq' 'gmem4_load_req' <Predicate = true> <Delay = 7.30> <CoreInst = "m_axi">   --->   Core 119 'm_axi' <Latency = 6> <II = 1> <Delay = 1.00> <Adapter> <Opcode : 'read' 'write' 'readreq' 'writereq' 'writeresp'>

State 7 <SV = 6> <Delay = 7.30>
ST_7 : Operation 54 [5/8] (7.30ns)   --->   "%gmem4_load_req = readreq i1 @_ssdm_op_ReadReq.m_axi.i8P1A, i64 %gmem4_addr, i64 1" [/home/xiaorang/Documents/ATOMFLOW/atomflow_controller/atomflow_controller.cpp:47]   --->   Operation 54 'readreq' 'gmem4_load_req' <Predicate = true> <Delay = 7.30> <CoreInst = "m_axi">   --->   Core 119 'm_axi' <Latency = 6> <II = 1> <Delay = 1.00> <Adapter> <Opcode : 'read' 'write' 'readreq' 'writereq' 'writeresp'>

State 8 <SV = 7> <Delay = 7.30>
ST_8 : Operation 55 [4/8] (7.30ns)   --->   "%gmem4_load_req = readreq i1 @_ssdm_op_ReadReq.m_axi.i8P1A, i64 %gmem4_addr, i64 1" [/home/xiaorang/Documents/ATOMFLOW/atomflow_controller/atomflow_controller.cpp:47]   --->   Operation 55 'readreq' 'gmem4_load_req' <Predicate = true> <Delay = 7.30> <CoreInst = "m_axi">   --->   Core 119 'm_axi' <Latency = 6> <II = 1> <Delay = 1.00> <Adapter> <Opcode : 'read' 'write' 'readreq' 'writereq' 'writeresp'>

State 9 <SV = 8> <Delay = 7.30>
ST_9 : Operation 56 [3/8] (7.30ns)   --->   "%gmem4_load_req = readreq i1 @_ssdm_op_ReadReq.m_axi.i8P1A, i64 %gmem4_addr, i64 1" [/home/xiaorang/Documents/ATOMFLOW/atomflow_controller/atomflow_controller.cpp:47]   --->   Operation 56 'readreq' 'gmem4_load_req' <Predicate = true> <Delay = 7.30> <CoreInst = "m_axi">   --->   Core 119 'm_axi' <Latency = 6> <II = 1> <Delay = 1.00> <Adapter> <Opcode : 'read' 'write' 'readreq' 'writereq' 'writeresp'>

State 10 <SV = 9> <Delay = 7.30>
ST_10 : Operation 57 [2/8] (7.30ns)   --->   "%gmem4_load_req = readreq i1 @_ssdm_op_ReadReq.m_axi.i8P1A, i64 %gmem4_addr, i64 1" [/home/xiaorang/Documents/ATOMFLOW/atomflow_controller/atomflow_controller.cpp:47]   --->   Operation 57 'readreq' 'gmem4_load_req' <Predicate = true> <Delay = 7.30> <CoreInst = "m_axi">   --->   Core 119 'm_axi' <Latency = 6> <II = 1> <Delay = 1.00> <Adapter> <Opcode : 'read' 'write' 'readreq' 'writereq' 'writeresp'>

State 11 <SV = 10> <Delay = 7.30>
ST_11 : Operation 58 [1/8] (7.30ns)   --->   "%gmem4_load_req = readreq i1 @_ssdm_op_ReadReq.m_axi.i8P1A, i64 %gmem4_addr, i64 1" [/home/xiaorang/Documents/ATOMFLOW/atomflow_controller/atomflow_controller.cpp:47]   --->   Operation 58 'readreq' 'gmem4_load_req' <Predicate = true> <Delay = 7.30> <CoreInst = "m_axi">   --->   Core 119 'm_axi' <Latency = 6> <II = 1> <Delay = 1.00> <Adapter> <Opcode : 'read' 'write' 'readreq' 'writereq' 'writeresp'>

State 12 <SV = 11> <Delay = 7.30>
ST_12 : Operation 59 [1/1] (7.30ns)   --->   "%gmem4_addr_read = read i8 @_ssdm_op_Read.m_axi.volatile.i8P1A, i64 %gmem4_addr" [/home/xiaorang/Documents/ATOMFLOW/atomflow_controller/atomflow_controller.cpp:47]   --->   Operation 59 'read' 'gmem4_addr_read' <Predicate = true> <Delay = 7.30> <CoreInst = "m_axi">   --->   Core 119 'm_axi' <Latency = 3> <II = 1> <Delay = 1.00> <Adapter> <Opcode : 'read' 'write' 'readreq' 'writereq' 'writeresp'>
ST_12 : Operation 67 [1/1] (0.42ns)   --->   "%ret_ln0 = ret"   --->   Operation 67 'ret' 'ret_ln0' <Predicate = (icmp_ln42)> <Delay = 0.42>

State 13 <SV = 12> <Delay = 2.00>
ST_13 : Operation 60 [1/1] (0.00ns)   --->   "%specloopname_ln0 = specloopname void @_ssdm_op_SpecLoopName, void @VITIS_LOOP_42_1_VITIS_LOOP_44_2_str"   --->   Operation 60 'specloopname' 'specloopname_ln0' <Predicate = true> <Delay = 0.00>
ST_13 : Operation 61 [1/1] (0.00ns)   --->   "%speclooptripcount_ln0 = speclooptripcount void @_ssdm_op_SpecLoopTripCount, i64 1, i64 262144, i64 65536"   --->   Operation 61 'speclooptripcount' 'speclooptripcount_ln0' <Predicate = true> <Delay = 0.00>
ST_13 : Operation 62 [1/1] (0.00ns)   --->   "%specpipeline_ln44 = specpipeline void @_ssdm_op_SpecPipeline, i32 4294967295, i32 0, i32 0, i32 0, void @empty_18" [/home/xiaorang/Documents/ATOMFLOW/atomflow_controller/atomflow_controller.cpp:44]   --->   Operation 62 'specpipeline' 'specpipeline_ln44' <Predicate = true> <Delay = 0.00>
ST_13 : Operation 63 [1/1] (0.76ns)   --->   "%icmp_ln47 = icmp_ne  i8 %gmem4_addr_read, i8 0" [/home/xiaorang/Documents/ATOMFLOW/atomflow_controller/atomflow_controller.cpp:47]   --->   Operation 63 'icmp' 'icmp_ln47' <Predicate = true> <Delay = 0.76> <CoreInst = "Cmp">   --->   Core 9 'Cmp' <Latency = 0> <II = 1> <Delay = 0.76> <FuncUnit> <Opcode : 'seteq' 'setne' 'setle' 'setge' 'setlt' 'setgt'> <InPorts = 2> <OutPorts = 1>
ST_13 : Operation 64 [1/1] (0.00ns)   --->   "%targetGeometry_data_addr = getelementptr i1 %targetGeometry_data_s, i64 0, i64 %zext_ln47" [/home/xiaorang/Documents/ATOMFLOW/atomflow_controller/../sorting-organized-main/src/sortLatticeByRow.hpp:316->/home/xiaorang/Documents/ATOMFLOW/atomflow_controller/atomflow_controller.cpp:47]   --->   Operation 64 'getelementptr' 'targetGeometry_data_addr' <Predicate = true> <Delay = 0.00>
ST_13 : Operation 65 [1/1] ( I:1.23ns O:1.23ns )   --->   "%store_ln47 = store i1 %icmp_ln47, i15 %targetGeometry_data_addr" [/home/xiaorang/Documents/ATOMFLOW/atomflow_controller/atomflow_controller.cpp:47]   --->   Operation 65 'store' 'store_ln47' <Predicate = true> <Delay = 1.23> <CoreInst = "RAM_2P_BRAM">   --->   Core 93 'RAM_2P_BRAM' <Latency = 1> <II = 1> <Delay = 1.23> <Storage> <Opcode : 'load' 'store'> <Ports = 2> <Width = 1> <Depth = 25000> <RAM>
ST_13 : Operation 66 [1/1] (0.00ns)   --->   "%br_ln44 = br void %for.inc" [/home/xiaorang/Documents/ATOMFLOW/atomflow_controller/atomflow_controller.cpp:44]   --->   Operation 66 'br' 'br_ln44' <Predicate = true> <Delay = 0.00>


============================================================
+ Verbose Summary: Binding
============================================================
STG Binding: 
---------------- STG Properties BEGIN ----------------
- Is combinational: 0
- Is one-state seq: 0
- Is datapath-only: 0
- Is pipelined: 0
- Is top level: 0
Port [ Return ] is wired: 1; IO mode=ap_ctrl_hs:ce=0
Port [ targetGeometry_cols_write]:  wired=1; compound=0; hidden=0; nouse=0; global=0; static=0; extern=0; dir=0; type=0; pingpong=0; private_global=0; IO mode=ap_none:ce=0
Port [ bound]:  wired=1; compound=0; hidden=0; nouse=0; global=0; static=0; extern=0; dir=0; type=0; pingpong=0; private_global=0; IO mode=ap_none:ce=0
Port [ sext_ln0]:  wired=1; compound=0; hidden=0; nouse=0; global=0; static=0; extern=0; dir=0; type=0; pingpong=0; private_global=0; IO mode=ap_none:ce=0
Port [ targetGeometry_mem]:  wired=1; compound=0; hidden=0; nouse=0; global=0; static=0; extern=0; dir=0; type=0; pingpong=0; private_global=0; IO mode=ap_none:ce=0
Port [ gmem4]:  wired=1; compound=1; hidden=0; nouse=0; global=0; static=0; extern=0; dir=0; type=4; pingpong=0; private_global=0; IO mode=m_axi:ce=0
Port [ targetGeometry_data_s]:  wired=1; compound=1; hidden=0; nouse=0; global=0; static=0; extern=0; dir=1; type=1; pingpong=0; private_global=0; MemPort=[30]; IO mode=ap_memory:ce=0
---------------- STG Properties END ------------------

---------------- Datapath Model BEGIN ----------------

<LifeTime>
<method=bitvector/>
col                            (alloca           ) [ 01110000000000]
r                              (alloca           ) [ 01110000000000]
indvar_flatten                 (alloca           ) [ 01100000000000]
targetGeometry_mem_read        (read             ) [ 01110000000000]
sext_ln0_read                  (read             ) [ 00000000000000]
bound_read                     (read             ) [ 01100000000000]
targetGeometry_cols_write_read (read             ) [ 01110000000000]
sext_ln0_cast                  (sext             ) [ 01110000000000]
specmemcore_ln0                (specmemcore      ) [ 00000000000000]
specinterface_ln0              (specinterface    ) [ 00000000000000]
store_ln0                      (store            ) [ 00000000000000]
store_ln42                     (store            ) [ 00000000000000]
store_ln315                    (store            ) [ 00000000000000]
br_ln0                         (br               ) [ 00000000000000]
indvar_flatten_load            (load             ) [ 00000000000000]
icmp_ln42                      (icmp             ) [ 01111111111110]
add_ln42_1                     (add              ) [ 00000000000000]
br_ln42                        (br               ) [ 00000000000000]
store_ln42                     (store            ) [ 00000000000000]
c                              (load             ) [ 00000000000000]
zext_ln44_1                    (zext             ) [ 00000000000000]
icmp_ln44                      (icmp             ) [ 00000000000000]
r_load                         (load             ) [ 00000000000000]
add_ln42                       (add              ) [ 00000000000000]
select_ln42                    (select           ) [ 00000000000000]
select_ln42_1                  (select           ) [ 00000000000000]
zext_ln42                      (zext             ) [ 00000000000000]
empty                          (mul              ) [ 00000000000000]
zext_ln44                      (zext             ) [ 00000000000000]
add_ln46                       (add              ) [ 00000000000000]
zext_ln47                      (zext             ) [ 01001111111111]
add_ln47                       (add              ) [ 00000000000000]
gmem4_addr                     (getelementptr    ) [ 01001111111110]
add_ln44                       (add              ) [ 00000000000000]
store_ln42                     (store            ) [ 00000000000000]
store_ln315                    (store            ) [ 00000000000000]
gmem4_load_req                 (readreq          ) [ 00000000000000]
gmem4_addr_read                (read             ) [ 01000000000001]
specloopname_ln0               (specloopname     ) [ 00000000000000]
speclooptripcount_ln0          (speclooptripcount) [ 00000000000000]
specpipeline_ln44              (specpipeline     ) [ 00000000000000]
icmp_ln47                      (icmp             ) [ 00000000000000]
targetGeometry_data_addr       (getelementptr    ) [ 00000000000000]
store_ln47                     (store            ) [ 00000000000000]
br_ln44                        (br               ) [ 00000000000000]
ret_ln0                        (ret              ) [ 00000000000000]
</LifeTime>

<model>

<comp_list>
<comp id="0" class="1000" name="targetGeometry_cols_write">
<pin_list>
<pin id="1" dir="1" index="0" bw="1" slack="0"/>
</pin_list>
<bind>
<StgValue><ssdm name="targetGeometry_cols_write"/></StgValue>
</bind>
</comp>

<comp id="2" class="1000" name="bound">
<pin_list>
<pin id="3" dir="1" index="0" bw="1" slack="0"/>
</pin_list>
<bind>
<StgValue><ssdm name="bound"/></StgValue>
</bind>
</comp>

<comp id="4" class="1000" name="sext_ln0">
<pin_list>
<pin id="5" dir="1" index="0" bw="1" slack="0"/>
</pin_list>
<bind>
<StgValue><ssdm name="sext_ln0"/></StgValue>
</bind>
</comp>

<comp id="6" class="1000" name="targetGeometry_mem">
<pin_list>
<pin id="7" dir="1" index="0" bw="1" slack="0"/>
</pin_list>
<bind>
<StgValue><ssdm name="targetGeometry_mem"/></StgValue>
</bind>
</comp>

<comp id="8" class="1000" name="gmem4">
<pin_list>
<pin id="9" dir="1" index="0" bw="1" slack="0"/>
</pin_list>
<bind>
<StgValue><ssdm name="gmem4"/><MemPortTyVec>0 </MemPortTyVec>
</StgValue>
</bind>
</comp>

<comp id="10" class="1000" name="targetGeometry_data_s">
<pin_list>
<pin id="11" dir="1" index="0" bw="1" slack="0"/>
</pin_list>
<bind>
<StgValue><ssdm name="targetGeometry_data_s"/><MemPortTyVec>3 0 </MemPortTyVec>
</StgValue>
</bind>
</comp>

<comp id="12" class="1001" name="const_12">
<pin_list>
<pin id="13" dir="1" index="0" bw="1" slack="0"/>
</pin_list>
<bind>
<StgValue><ssdm name=""/></StgValue>
</bind>
</comp>

<comp id="14" class="1001" name="const_14">
<pin_list>
<pin id="15" dir="1" index="0" bw="1" slack="0"/>
</pin_list>
<bind>
<StgValue><ssdm name="_ssdm_op_Read.ap_auto.i64"/></StgValue>
</bind>
</comp>

<comp id="16" class="1001" name="const_16">
<pin_list>
<pin id="17" dir="1" index="0" bw="1" slack="0"/>
</pin_list>
<bind>
<StgValue><ssdm name="_ssdm_op_Read.ap_auto.i32"/></StgValue>
</bind>
</comp>

<comp id="18" class="1001" name="const_18">
<pin_list>
<pin id="19" dir="1" index="0" bw="1" slack="0"/>
</pin_list>
<bind>
<StgValue><ssdm name="_ssdm_op_Read.ap_auto.i62"/></StgValue>
</bind>
</comp>

<comp id="20" class="1001" name="const_20">
<pin_list>
<pin id="21" dir="1" index="0" bw="1" slack="2147483647"/>
</pin_list>
<bind>
<StgValue><ssdm name="_ssdm_op_SpecMemCore"/></StgValue>
</bind>
</comp>

<comp id="22" class="1001" name="const_22">
<pin_list>
<pin id="23" dir="1" index="0" bw="1" slack="2147483647"/>
</pin_list>
<bind>
<StgValue><ssdm name=""/></StgValue>
</bind>
</comp>

<comp id="24" class="1001" name="const_24">
<pin_list>
<pin id="25" dir="1" index="0" bw="1" slack="2147483647"/>
</pin_list>
<bind>
<StgValue><ssdm name=""/></StgValue>
</bind>
</comp>

<comp id="26" class="1001" name="const_26">
<pin_list>
<pin id="27" dir="1" index="0" bw="1" slack="2147483647"/>
</pin_list>
<bind>
<StgValue><ssdm name=""/></StgValue>
</bind>
</comp>

<comp id="28" class="1001" name="const_28">
<pin_list>
<pin id="29" dir="1" index="0" bw="1" slack="2147483647"/>
</pin_list>
<bind>
<StgValue><ssdm name="_ssdm_op_SpecInterface"/></StgValue>
</bind>
</comp>

<comp id="30" class="1001" name="const_30">
<pin_list>
<pin id="31" dir="1" index="0" bw="1" slack="2147483647"/>
</pin_list>
<bind>
<StgValue><ssdm name="empty_41"/></StgValue>
</bind>
</comp>

<comp id="32" class="1001" name="const_32">
<pin_list>
<pin id="33" dir="1" index="0" bw="1" slack="2147483647"/>
</pin_list>
<bind>
<StgValue><ssdm name=""/></StgValue>
</bind>
</comp>

<comp id="34" class="1001" name="const_34">
<pin_list>
<pin id="35" dir="1" index="0" bw="1" slack="2147483647"/>
</pin_list>
<bind>
<StgValue><ssdm name="empty_18"/></StgValue>
</bind>
</comp>

<comp id="36" class="1001" name="const_36">
<pin_list>
<pin id="37" dir="1" index="0" bw="1" slack="2147483647"/>
</pin_list>
<bind>
<StgValue><ssdm name="empty_8"/></StgValue>
</bind>
</comp>

<comp id="38" class="1001" name="const_38">
<pin_list>
<pin id="39" dir="1" index="0" bw="1" slack="2147483647"/>
</pin_list>
<bind>
<StgValue><ssdm name="empty_4"/></StgValue>
</bind>
</comp>

<comp id="40" class="1001" name="const_40">
<pin_list>
<pin id="41" dir="1" index="0" bw="1" slack="2147483647"/>
</pin_list>
<bind>
<StgValue><ssdm name=""/></StgValue>
</bind>
</comp>

<comp id="42" class="1001" name="const_42">
<pin_list>
<pin id="43" dir="1" index="0" bw="1" slack="2147483647"/>
</pin_list>
<bind>
<StgValue><ssdm name=""/></StgValue>
</bind>
</comp>

<comp id="44" class="1001" name="const_44">
<pin_list>
<pin id="45" dir="1" index="0" bw="1" slack="0"/>
</pin_list>
<bind>
<StgValue><ssdm name=""/></StgValue>
</bind>
</comp>

<comp id="46" class="1001" name="const_46">
<pin_list>
<pin id="47" dir="1" index="0" bw="1" slack="0"/>
</pin_list>
<bind>
<StgValue><ssdm name=""/></StgValue>
</bind>
</comp>

<comp id="48" class="1001" name="const_48">
<pin_list>
<pin id="49" dir="1" index="0" bw="1" slack="0"/>
</pin_list>
<bind>
<StgValue><ssdm name=""/></StgValue>
</bind>
</comp>

<comp id="50" class="1001" name="const_50">
<pin_list>
<pin id="51" dir="1" index="0" bw="1" slack="0"/>
</pin_list>
<bind>
<StgValue><ssdm name=""/></StgValue>
</bind>
</comp>

<comp id="52" class="1001" name="const_52">
<pin_list>
<pin id="53" dir="1" index="0" bw="1" slack="0"/>
</pin_list>
<bind>
<StgValue><ssdm name="_ssdm_op_ReadReq.m_axi.i8P1A"/></StgValue>
</bind>
</comp>

<comp id="54" class="1001" name="const_54">
<pin_list>
<pin id="55" dir="1" index="0" bw="1" slack="0"/>
</pin_list>
<bind>
<StgValue><ssdm name=""/></StgValue>
</bind>
</comp>

<comp id="56" class="1001" name="const_56">
<pin_list>
<pin id="57" dir="1" index="0" bw="1" slack="0"/>
</pin_list>
<bind>
<StgValue><ssdm name="_ssdm_op_Read.m_axi.volatile.i8P1A"/></StgValue>
</bind>
</comp>

<comp id="58" class="1001" name="const_58">
<pin_list>
<pin id="59" dir="1" index="0" bw="1" slack="2147483647"/>
</pin_list>
<bind>
<StgValue><ssdm name="_ssdm_op_SpecLoopName"/></StgValue>
</bind>
</comp>

<comp id="60" class="1001" name="const_60">
<pin_list>
<pin id="61" dir="1" index="0" bw="1" slack="2147483647"/>
</pin_list>
<bind>
<StgValue><ssdm name="VITIS_LOOP_42_1_VITIS_LOOP_44_2_str"/></StgValue>
</bind>
</comp>

<comp id="62" class="1001" name="const_62">
<pin_list>
<pin id="63" dir="1" index="0" bw="1" slack="2147483647"/>
</pin_list>
<bind>
<StgValue><ssdm name="_ssdm_op_SpecLoopTripCount"/></StgValue>
</bind>
</comp>

<comp id="64" class="1001" name="const_64">
<pin_list>
<pin id="65" dir="1" index="0" bw="1" slack="2147483647"/>
</pin_list>
<bind>
<StgValue><ssdm name=""/></StgValue>
</bind>
</comp>

<comp id="66" class="1001" name="const_66">
<pin_list>
<pin id="67" dir="1" index="0" bw="1" slack="2147483647"/>
</pin_list>
<bind>
<StgValue><ssdm name=""/></StgValue>
</bind>
</comp>

<comp id="68" class="1001" name="const_68">
<pin_list>
<pin id="69" dir="1" index="0" bw="1" slack="2147483647"/>
</pin_list>
<bind>
<StgValue><ssdm name="_ssdm_op_SpecPipeline"/></StgValue>
</bind>
</comp>

<comp id="70" class="1001" name="const_70">
<pin_list>
<pin id="71" dir="1" index="0" bw="1" slack="0"/>
</pin_list>
<bind>
<StgValue><ssdm name=""/></StgValue>
</bind>
</comp>

<comp id="72" class="1001" name="const_72">
<pin_list>
<pin id="73" dir="1" index="0" bw="1" slack="0"/>
</pin_list>
<bind>
<StgValue><ssdm name=""/></StgValue>
</bind>
</comp>

<comp id="74" class="1004" name="col_fu_74">
<pin_list>
<pin id="75" dir="0" index="0" bw="1" slack="0"/>
<pin id="76" dir="1" index="1" bw="31" slack="0"/>
</pin_list>
<bind>
<opcode="alloca(26) " fcode="alloca"/>
<opset="col/1 "/>
</bind>
</comp>

<comp id="78" class="1004" name="r_fu_78">
<pin_list>
<pin id="79" dir="0" index="0" bw="1" slack="0"/>
<pin id="80" dir="1" index="1" bw="31" slack="0"/>
</pin_list>
<bind>
<opcode="alloca(26) " fcode="alloca"/>
<opset="r/1 "/>
</bind>
</comp>

<comp id="82" class="1004" name="indvar_flatten_fu_82">
<pin_list>
<pin id="83" dir="0" index="0" bw="1" slack="0"/>
<pin id="84" dir="1" index="1" bw="62" slack="0"/>
</pin_list>
<bind>
<opcode="alloca(26) " fcode="alloca"/>
<opset="indvar_flatten/1 "/>
</bind>
</comp>

<comp id="86" class="1004" name="targetGeometry_mem_read_read_fu_86">
<pin_list>
<pin id="87" dir="0" index="0" bw="64" slack="0"/>
<pin id="88" dir="0" index="1" bw="64" slack="0"/>
<pin id="89" dir="1" index="2" bw="64" slack="2"/>
</pin_list>
<bind>
<opcode="read(1150) " fcode="read"/>
<opset="targetGeometry_mem_read/1 "/>
</bind>
</comp>

<comp id="92" class="1004" name="sext_ln0_read_read_fu_92">
<pin_list>
<pin id="93" dir="0" index="0" bw="32" slack="0"/>
<pin id="94" dir="0" index="1" bw="32" slack="0"/>
<pin id="95" dir="1" index="2" bw="32" slack="0"/>
</pin_list>
<bind>
<opcode="read(1150) " fcode="read"/>
<opset="sext_ln0_read/1 "/>
</bind>
</comp>

<comp id="98" class="1004" name="bound_read_read_fu_98">
<pin_list>
<pin id="99" dir="0" index="0" bw="62" slack="0"/>
<pin id="100" dir="0" index="1" bw="62" slack="0"/>
<pin id="101" dir="1" index="2" bw="62" slack="1"/>
</pin_list>
<bind>
<opcode="read(1150) " fcode="read"/>
<opset="bound_read/1 "/>
</bind>
</comp>

<comp id="104" class="1004" name="targetGeometry_cols_write_read_read_fu_104">
<pin_list>
<pin id="105" dir="0" index="0" bw="32" slack="0"/>
<pin id="106" dir="0" index="1" bw="32" slack="0"/>
<pin id="107" dir="1" index="2" bw="32" slack="2"/>
</pin_list>
<bind>
<opcode="read(1150) " fcode="read"/>
<opset="targetGeometry_cols_write_read/1 "/>
</bind>
</comp>

<comp id="110" class="1004" name="grp_readreq_fu_110">
<pin_list>
<pin id="111" dir="0" index="0" bw="1" slack="0"/>
<pin id="112" dir="0" index="1" bw="8" slack="1"/>
<pin id="113" dir="0" index="2" bw="1" slack="0"/>
<pin id="114" dir="1" index="3" bw="1" slack="2147483647"/>
</pin_list>
<bind>
<opcode="readreq(1154) " fcode="readreq"/>
<opset="gmem4_load_req/4 "/>
</bind>
</comp>

<comp id="117" class="1004" name="gmem4_addr_read_read_fu_117">
<pin_list>
<pin id="118" dir="0" index="0" bw="8" slack="0"/>
<pin id="119" dir="0" index="1" bw="8" slack="9"/>
<pin id="120" dir="1" index="2" bw="8" slack="1"/>
</pin_list>
<bind>
<opcode="read(1150) " fcode="read"/>
<opset="gmem4_addr_read/12 "/>
</bind>
</comp>

<comp id="122" class="1004" name="targetGeometry_data_addr_gep_fu_122">
<pin_list>
<pin id="123" dir="0" index="0" bw="1" slack="0"/>
<pin id="124" dir="0" index="1" bw="1" slack="0"/>
<pin id="125" dir="0" index="2" bw="62" slack="10"/>
<pin id="126" dir="1" index="3" bw="15" slack="0"/>
</pin_list>
<bind>
<opcode="getelementptr(29) " fcode="getelementptr"/>
<opset="targetGeometry_data_addr/13 "/>
</bind>
</comp>

<comp id="129" class="1004" name="store_ln47_access_fu_129">
<pin_list>
<pin id="130" dir="0" index="0" bw="15" slack="2147483647"/>
<pin id="131" dir="0" index="1" bw="1" slack="2147483647"/>
<pin id="132" dir="0" index="2" bw="0" slack="0"/>
<pin id="134" dir="0" index="4" bw="15" slack="0"/>
<pin id="135" dir="0" index="5" bw="1" slack="2147483647"/>
<pin id="136" dir="0" index="6" bw="0" slack="2147483647"/>
<pin id="133" dir="1" index="3" bw="1" slack="2147483647"/>
<pin id="137" dir="1" index="7" bw="1" slack="2147483647"/>
</pin_list>
<bind>
<opcode="store(28) " fcode="store"/>
<opset="store_ln47/13 "/>
</bind>
</comp>

<comp id="139" class="1004" name="empty_fu_139">
<pin_list>
<pin id="140" dir="0" index="0" bw="32" slack="2"/>
<pin id="141" dir="0" index="1" bw="31" slack="0"/>
<pin id="142" dir="1" index="2" bw="62" slack="0"/>
</pin_list>
<bind>
<opcode="mul(12) " fcode="mul"/>
<opset="empty/3 "/>
</bind>
</comp>

<comp id="143" class="1004" name="sext_ln0_cast_fu_143">
<pin_list>
<pin id="144" dir="0" index="0" bw="32" slack="0"/>
<pin id="145" dir="1" index="1" bw="62" slack="2"/>
</pin_list>
<bind>
<opcode="sext(35) " fcode="sext"/>
<opset="sext_ln0_cast/1 "/>
</bind>
</comp>

<comp id="147" class="1004" name="store_ln0_store_fu_147">
<pin_list>
<pin id="148" dir="0" index="0" bw="1" slack="0"/>
<pin id="149" dir="0" index="1" bw="62" slack="0"/>
<pin id="150" dir="1" index="2" bw="0" slack="2147483647"/>
</pin_list>
<bind>
<opcode="store(28) " fcode="store"/>
<opset="store_ln0/1 "/>
</bind>
</comp>

<comp id="152" class="1004" name="store_ln42_store_fu_152">
<pin_list>
<pin id="153" dir="0" index="0" bw="1" slack="0"/>
<pin id="154" dir="0" index="1" bw="31" slack="0"/>
<pin id="155" dir="1" index="2" bw="0" slack="2147483647"/>
</pin_list>
<bind>
<opcode="store(28) " fcode="store"/>
<opset="store_ln42/1 "/>
</bind>
</comp>

<comp id="157" class="1004" name="store_ln315_store_fu_157">
<pin_list>
<pin id="158" dir="0" index="0" bw="1" slack="0"/>
<pin id="159" dir="0" index="1" bw="31" slack="0"/>
<pin id="160" dir="1" index="2" bw="0" slack="2147483647"/>
</pin_list>
<bind>
<opcode="store(28) " fcode="store"/>
<opset="store_ln315/1 "/>
</bind>
</comp>

<comp id="162" class="1004" name="indvar_flatten_load_load_fu_162">
<pin_list>
<pin id="163" dir="0" index="0" bw="62" slack="1"/>
<pin id="164" dir="1" index="1" bw="62" slack="0"/>
</pin_list>
<bind>
<opcode="load(27) " fcode="load"/>
<opset="indvar_flatten_load/2 "/>
</bind>
</comp>

<comp id="165" class="1004" name="icmp_ln42_fu_165">
<pin_list>
<pin id="166" dir="0" index="0" bw="62" slack="0"/>
<pin id="167" dir="0" index="1" bw="62" slack="1"/>
<pin id="168" dir="1" index="2" bw="1" slack="1"/>
</pin_list>
<bind>
<opcode="icmp(45) " fcode="icmp"/>
<opset="icmp_ln42/2 "/>
</bind>
</comp>

<comp id="170" class="1004" name="add_ln42_1_fu_170">
<pin_list>
<pin id="171" dir="0" index="0" bw="62" slack="0"/>
<pin id="172" dir="0" index="1" bw="1" slack="0"/>
<pin id="173" dir="1" index="2" bw="62" slack="0"/>
</pin_list>
<bind>
<opcode="add(8) " fcode="add"/>
<opset="add_ln42_1/2 "/>
</bind>
</comp>

<comp id="176" class="1004" name="store_ln42_store_fu_176">
<pin_list>
<pin id="177" dir="0" index="0" bw="62" slack="0"/>
<pin id="178" dir="0" index="1" bw="62" slack="1"/>
<pin id="179" dir="1" index="2" bw="0" slack="2147483647"/>
</pin_list>
<bind>
<opcode="store(28) " fcode="store"/>
<opset="store_ln42/2 "/>
</bind>
</comp>

<comp id="181" class="1004" name="c_load_fu_181">
<pin_list>
<pin id="182" dir="0" index="0" bw="31" slack="2"/>
<pin id="183" dir="1" index="1" bw="31" slack="0"/>
</pin_list>
<bind>
<opcode="load(27) " fcode="load"/>
<opset="c/3 "/>
</bind>
</comp>

<comp id="184" class="1004" name="zext_ln44_1_fu_184">
<pin_list>
<pin id="185" dir="0" index="0" bw="31" slack="0"/>
<pin id="186" dir="1" index="1" bw="32" slack="0"/>
</pin_list>
<bind>
<opcode="zext(34) " fcode="zext"/>
<opset="zext_ln44_1/3 "/>
</bind>
</comp>

<comp id="188" class="1004" name="icmp_ln44_fu_188">
<pin_list>
<pin id="189" dir="0" index="0" bw="32" slack="0"/>
<pin id="190" dir="0" index="1" bw="32" slack="2"/>
<pin id="191" dir="1" index="2" bw="1" slack="0"/>
</pin_list>
<bind>
<opcode="icmp(45) " fcode="icmp"/>
<opset="icmp_ln44/3 "/>
</bind>
</comp>

<comp id="193" class="1004" name="r_load_load_fu_193">
<pin_list>
<pin id="194" dir="0" index="0" bw="31" slack="2"/>
<pin id="195" dir="1" index="1" bw="31" slack="0"/>
</pin_list>
<bind>
<opcode="load(27) " fcode="load"/>
<opset="r_load/3 "/>
</bind>
</comp>

<comp id="196" class="1004" name="add_ln42_fu_196">
<pin_list>
<pin id="197" dir="0" index="0" bw="31" slack="0"/>
<pin id="198" dir="0" index="1" bw="1" slack="0"/>
<pin id="199" dir="1" index="2" bw="31" slack="0"/>
</pin_list>
<bind>
<opcode="add(8) " fcode="add"/>
<opset="add_ln42/3 "/>
</bind>
</comp>

<comp id="202" class="1004" name="select_ln42_fu_202">
<pin_list>
<pin id="203" dir="0" index="0" bw="1" slack="0"/>
<pin id="204" dir="0" index="1" bw="31" slack="0"/>
<pin id="205" dir="0" index="2" bw="31" slack="0"/>
<pin id="206" dir="1" index="3" bw="31" slack="0"/>
</pin_list>
<bind>
<opcode="select(49) " fcode="select"/>
<opset="select_ln42/3 "/>
</bind>
</comp>

<comp id="210" class="1004" name="select_ln42_1_fu_210">
<pin_list>
<pin id="211" dir="0" index="0" bw="1" slack="0"/>
<pin id="212" dir="0" index="1" bw="31" slack="0"/>
<pin id="213" dir="0" index="2" bw="31" slack="0"/>
<pin id="214" dir="1" index="3" bw="31" slack="0"/>
</pin_list>
<bind>
<opcode="select(49) " fcode="select"/>
<opset="select_ln42_1/3 "/>
</bind>
</comp>

<comp id="218" class="1004" name="zext_ln42_fu_218">
<pin_list>
<pin id="219" dir="0" index="0" bw="31" slack="0"/>
<pin id="220" dir="1" index="1" bw="62" slack="0"/>
</pin_list>
<bind>
<opcode="zext(34) " fcode="zext"/>
<opset="zext_ln42/3 "/>
</bind>
</comp>

<comp id="223" class="1004" name="zext_ln44_fu_223">
<pin_list>
<pin id="224" dir="0" index="0" bw="31" slack="0"/>
<pin id="225" dir="1" index="1" bw="62" slack="0"/>
</pin_list>
<bind>
<opcode="zext(34) " fcode="zext"/>
<opset="zext_ln44/3 "/>
</bind>
</comp>

<comp id="227" class="1004" name="add_ln46_fu_227">
<pin_list>
<pin id="228" dir="0" index="0" bw="62" slack="0"/>
<pin id="229" dir="0" index="1" bw="31" slack="0"/>
<pin id="230" dir="1" index="2" bw="62" slack="0"/>
</pin_list>
<bind>
<opcode="add(8) " fcode="add"/>
<opset="add_ln46/3 "/>
</bind>
</comp>

<comp id="233" class="1004" name="zext_ln47_fu_233">
<pin_list>
<pin id="234" dir="0" index="0" bw="62" slack="0"/>
<pin id="235" dir="1" index="1" bw="64" slack="0"/>
</pin_list>
<bind>
<opcode="zext(34) " fcode="zext"/>
<opset="zext_ln47/3 "/>
</bind>
</comp>

<comp id="237" class="1004" name="add_ln47_fu_237">
<pin_list>
<pin id="238" dir="0" index="0" bw="62" slack="0"/>
<pin id="239" dir="0" index="1" bw="64" slack="2"/>
<pin id="240" dir="1" index="2" bw="64" slack="0"/>
</pin_list>
<bind>
<opcode="add(8) " fcode="add"/>
<opset="add_ln47/3 "/>
</bind>
</comp>

<comp id="242" class="1004" name="gmem4_addr_fu_242">
<pin_list>
<pin id="243" dir="0" index="0" bw="64" slack="0"/>
<pin id="244" dir="0" index="1" bw="64" slack="0"/>
<pin id="245" dir="1" index="2" bw="64" slack="1"/>
</pin_list>
<bind>
<opcode="getelementptr(29) " fcode="getelementptr"/>
<opset="gmem4_addr/3 "/>
</bind>
</comp>

<comp id="248" class="1004" name="add_ln44_fu_248">
<pin_list>
<pin id="249" dir="0" index="0" bw="31" slack="0"/>
<pin id="250" dir="0" index="1" bw="1" slack="0"/>
<pin id="251" dir="1" index="2" bw="31" slack="0"/>
</pin_list>
<bind>
<opcode="add(8) " fcode="add"/>
<opset="add_ln44/3 "/>
</bind>
</comp>

<comp id="254" class="1004" name="store_ln42_store_fu_254">
<pin_list>
<pin id="255" dir="0" index="0" bw="31" slack="0"/>
<pin id="256" dir="0" index="1" bw="31" slack="2"/>
<pin id="257" dir="1" index="2" bw="0" slack="2147483647"/>
</pin_list>
<bind>
<opcode="store(28) " fcode="store"/>
<opset="store_ln42/3 "/>
</bind>
</comp>

<comp id="259" class="1004" name="store_ln315_store_fu_259">
<pin_list>
<pin id="260" dir="0" index="0" bw="31" slack="0"/>
<pin id="261" dir="0" index="1" bw="31" slack="2"/>
<pin id="262" dir="1" index="2" bw="0" slack="2147483647"/>
</pin_list>
<bind>
<opcode="store(28) " fcode="store"/>
<opset="store_ln315/3 "/>
</bind>
</comp>

<comp id="264" class="1004" name="icmp_ln47_fu_264">
<pin_list>
<pin id="265" dir="0" index="0" bw="8" slack="1"/>
<pin id="266" dir="0" index="1" bw="8" slack="0"/>
<pin id="267" dir="1" index="2" bw="1" slack="0"/>
</pin_list>
<bind>
<opcode="icmp(45) " fcode="icmp"/>
<opset="icmp_ln47/13 "/>
</bind>
</comp>

<comp id="270" class="1005" name="col_reg_270">
<pin_list>
<pin id="271" dir="0" index="0" bw="31" slack="0"/>
<pin id="272" dir="1" index="1" bw="31" slack="0"/>
</pin_list>
<bind>
<opset="col "/>
</bind>
</comp>

<comp id="277" class="1005" name="r_reg_277">
<pin_list>
<pin id="278" dir="0" index="0" bw="31" slack="0"/>
<pin id="279" dir="1" index="1" bw="31" slack="0"/>
</pin_list>
<bind>
<opset="r "/>
</bind>
</comp>

<comp id="284" class="1005" name="indvar_flatten_reg_284">
<pin_list>
<pin id="285" dir="0" index="0" bw="62" slack="0"/>
<pin id="286" dir="1" index="1" bw="62" slack="0"/>
</pin_list>
<bind>
<opset="indvar_flatten "/>
</bind>
</comp>

<comp id="291" class="1005" name="targetGeometry_mem_read_reg_291">
<pin_list>
<pin id="292" dir="0" index="0" bw="64" slack="2"/>
<pin id="293" dir="1" index="1" bw="64" slack="2"/>
</pin_list>
<bind>
<opset="targetGeometry_mem_read "/>
</bind>
</comp>

<comp id="296" class="1005" name="bound_read_reg_296">
<pin_list>
<pin id="297" dir="0" index="0" bw="62" slack="1"/>
<pin id="298" dir="1" index="1" bw="62" slack="1"/>
</pin_list>
<bind>
<opset="bound_read "/>
</bind>
</comp>

<comp id="301" class="1005" name="targetGeometry_cols_write_read_reg_301">
<pin_list>
<pin id="302" dir="0" index="0" bw="32" slack="2"/>
<pin id="303" dir="1" index="1" bw="32" slack="2"/>
</pin_list>
<bind>
<opset="targetGeometry_cols_write_read "/>
</bind>
</comp>

<comp id="306" class="1005" name="sext_ln0_cast_reg_306">
<pin_list>
<pin id="307" dir="0" index="0" bw="62" slack="2"/>
<pin id="308" dir="1" index="1" bw="62" slack="2"/>
</pin_list>
<bind>
<opset="sext_ln0_cast "/>
</bind>
</comp>

<comp id="311" class="1005" name="icmp_ln42_reg_311">
<pin_list>
<pin id="312" dir="0" index="0" bw="1" slack="1"/>
<pin id="313" dir="1" index="1" bw="1" slack="2147483647"/>
</pin_list>
<bind>
<opset="icmp_ln42 "/>
</bind>
</comp>

<comp id="315" class="1005" name="zext_ln47_reg_315">
<pin_list>
<pin id="316" dir="0" index="0" bw="64" slack="10"/>
<pin id="317" dir="1" index="1" bw="64" slack="10"/>
</pin_list>
<bind>
<opset="zext_ln47 "/>
</bind>
</comp>

<comp id="320" class="1005" name="gmem4_addr_reg_320">
<pin_list>
<pin id="321" dir="0" index="0" bw="8" slack="1"/>
<pin id="322" dir="1" index="1" bw="8" slack="1"/>
</pin_list>
<bind>
<opset="gmem4_addr "/>
</bind>
</comp>

<comp id="326" class="1005" name="gmem4_addr_read_reg_326">
<pin_list>
<pin id="327" dir="0" index="0" bw="8" slack="1"/>
<pin id="328" dir="1" index="1" bw="8" slack="1"/>
</pin_list>
<bind>
<opset="gmem4_addr_read "/>
</bind>
</comp>

</comp_list>

<net_list>
<net id="77"><net_src comp="12" pin="0"/><net_sink comp="74" pin=0"/></net>

<net id="81"><net_src comp="12" pin="0"/><net_sink comp="78" pin=0"/></net>

<net id="85"><net_src comp="12" pin="0"/><net_sink comp="82" pin=0"/></net>

<net id="90"><net_src comp="14" pin="0"/><net_sink comp="86" pin=0"/></net>

<net id="91"><net_src comp="6" pin="0"/><net_sink comp="86" pin=1"/></net>

<net id="96"><net_src comp="16" pin="0"/><net_sink comp="92" pin=0"/></net>

<net id="97"><net_src comp="4" pin="0"/><net_sink comp="92" pin=1"/></net>

<net id="102"><net_src comp="18" pin="0"/><net_sink comp="98" pin=0"/></net>

<net id="103"><net_src comp="2" pin="0"/><net_sink comp="98" pin=1"/></net>

<net id="108"><net_src comp="16" pin="0"/><net_sink comp="104" pin=0"/></net>

<net id="109"><net_src comp="0" pin="0"/><net_sink comp="104" pin=1"/></net>

<net id="115"><net_src comp="52" pin="0"/><net_sink comp="110" pin=0"/></net>

<net id="116"><net_src comp="54" pin="0"/><net_sink comp="110" pin=2"/></net>

<net id="121"><net_src comp="56" pin="0"/><net_sink comp="117" pin=0"/></net>

<net id="127"><net_src comp="10" pin="0"/><net_sink comp="122" pin=0"/></net>

<net id="128"><net_src comp="72" pin="0"/><net_sink comp="122" pin=1"/></net>

<net id="138"><net_src comp="122" pin="3"/><net_sink comp="129" pin=2"/></net>

<net id="146"><net_src comp="92" pin="2"/><net_sink comp="143" pin=0"/></net>

<net id="151"><net_src comp="44" pin="0"/><net_sink comp="147" pin=0"/></net>

<net id="156"><net_src comp="46" pin="0"/><net_sink comp="152" pin=0"/></net>

<net id="161"><net_src comp="46" pin="0"/><net_sink comp="157" pin=0"/></net>

<net id="169"><net_src comp="162" pin="1"/><net_sink comp="165" pin=0"/></net>

<net id="174"><net_src comp="162" pin="1"/><net_sink comp="170" pin=0"/></net>

<net id="175"><net_src comp="48" pin="0"/><net_sink comp="170" pin=1"/></net>

<net id="180"><net_src comp="170" pin="2"/><net_sink comp="176" pin=0"/></net>

<net id="187"><net_src comp="181" pin="1"/><net_sink comp="184" pin=0"/></net>

<net id="192"><net_src comp="184" pin="1"/><net_sink comp="188" pin=0"/></net>

<net id="200"><net_src comp="193" pin="1"/><net_sink comp="196" pin=0"/></net>

<net id="201"><net_src comp="50" pin="0"/><net_sink comp="196" pin=1"/></net>

<net id="207"><net_src comp="188" pin="2"/><net_sink comp="202" pin=0"/></net>

<net id="208"><net_src comp="181" pin="1"/><net_sink comp="202" pin=1"/></net>

<net id="209"><net_src comp="46" pin="0"/><net_sink comp="202" pin=2"/></net>

<net id="215"><net_src comp="188" pin="2"/><net_sink comp="210" pin=0"/></net>

<net id="216"><net_src comp="193" pin="1"/><net_sink comp="210" pin=1"/></net>

<net id="217"><net_src comp="196" pin="2"/><net_sink comp="210" pin=2"/></net>

<net id="221"><net_src comp="210" pin="3"/><net_sink comp="218" pin=0"/></net>

<net id="222"><net_src comp="218" pin="1"/><net_sink comp="139" pin=1"/></net>

<net id="226"><net_src comp="202" pin="3"/><net_sink comp="223" pin=0"/></net>

<net id="231"><net_src comp="139" pin="2"/><net_sink comp="227" pin=0"/></net>

<net id="232"><net_src comp="223" pin="1"/><net_sink comp="227" pin=1"/></net>

<net id="236"><net_src comp="227" pin="2"/><net_sink comp="233" pin=0"/></net>

<net id="241"><net_src comp="233" pin="1"/><net_sink comp="237" pin=0"/></net>

<net id="246"><net_src comp="8" pin="0"/><net_sink comp="242" pin=0"/></net>

<net id="247"><net_src comp="237" pin="2"/><net_sink comp="242" pin=1"/></net>

<net id="252"><net_src comp="202" pin="3"/><net_sink comp="248" pin=0"/></net>

<net id="253"><net_src comp="50" pin="0"/><net_sink comp="248" pin=1"/></net>

<net id="258"><net_src comp="210" pin="3"/><net_sink comp="254" pin=0"/></net>

<net id="263"><net_src comp="248" pin="2"/><net_sink comp="259" pin=0"/></net>

<net id="268"><net_src comp="70" pin="0"/><net_sink comp="264" pin=1"/></net>

<net id="269"><net_src comp="264" pin="2"/><net_sink comp="129" pin=4"/></net>

<net id="273"><net_src comp="74" pin="1"/><net_sink comp="270" pin=0"/></net>

<net id="274"><net_src comp="270" pin="1"/><net_sink comp="157" pin=1"/></net>

<net id="275"><net_src comp="270" pin="1"/><net_sink comp="181" pin=0"/></net>

<net id="276"><net_src comp="270" pin="1"/><net_sink comp="259" pin=1"/></net>

<net id="280"><net_src comp="78" pin="1"/><net_sink comp="277" pin=0"/></net>

<net id="281"><net_src comp="277" pin="1"/><net_sink comp="152" pin=1"/></net>

<net id="282"><net_src comp="277" pin="1"/><net_sink comp="193" pin=0"/></net>

<net id="283"><net_src comp="277" pin="1"/><net_sink comp="254" pin=1"/></net>

<net id="287"><net_src comp="82" pin="1"/><net_sink comp="284" pin=0"/></net>

<net id="288"><net_src comp="284" pin="1"/><net_sink comp="147" pin=1"/></net>

<net id="289"><net_src comp="284" pin="1"/><net_sink comp="162" pin=0"/></net>

<net id="290"><net_src comp="284" pin="1"/><net_sink comp="176" pin=1"/></net>

<net id="294"><net_src comp="86" pin="2"/><net_sink comp="291" pin=0"/></net>

<net id="295"><net_src comp="291" pin="1"/><net_sink comp="237" pin=1"/></net>

<net id="299"><net_src comp="98" pin="2"/><net_sink comp="296" pin=0"/></net>

<net id="300"><net_src comp="296" pin="1"/><net_sink comp="165" pin=1"/></net>

<net id="304"><net_src comp="104" pin="2"/><net_sink comp="301" pin=0"/></net>

<net id="305"><net_src comp="301" pin="1"/><net_sink comp="188" pin=1"/></net>

<net id="309"><net_src comp="143" pin="1"/><net_sink comp="306" pin=0"/></net>

<net id="310"><net_src comp="306" pin="1"/><net_sink comp="139" pin=0"/></net>

<net id="314"><net_src comp="165" pin="2"/><net_sink comp="311" pin=0"/></net>

<net id="318"><net_src comp="233" pin="1"/><net_sink comp="315" pin=0"/></net>

<net id="319"><net_src comp="315" pin="1"/><net_sink comp="122" pin=2"/></net>

<net id="323"><net_src comp="242" pin="2"/><net_sink comp="320" pin=0"/></net>

<net id="324"><net_src comp="320" pin="1"/><net_sink comp="110" pin=1"/></net>

<net id="325"><net_src comp="320" pin="1"/><net_sink comp="117" pin=1"/></net>

<net id="329"><net_src comp="117" pin="2"/><net_sink comp="326" pin=0"/></net>

<net id="330"><net_src comp="326" pin="1"/><net_sink comp="264" pin=0"/></net>

</net_list>

</model> 
---------------- Datapath Model END ------------------

* FSMD analyzer results:
  - Output states:
	Port: gmem4 | {}
	Port: targetGeometry_data_s | {13 }
 - Input state : 
	Port: load_target_geometry_Pipeline_VITIS_LOOP_42_1_VITIS_LOOP_44_2 : targetGeometry_cols_write | {1 }
	Port: load_target_geometry_Pipeline_VITIS_LOOP_42_1_VITIS_LOOP_44_2 : bound | {1 }
	Port: load_target_geometry_Pipeline_VITIS_LOOP_42_1_VITIS_LOOP_44_2 : sext_ln0 | {1 }
	Port: load_target_geometry_Pipeline_VITIS_LOOP_42_1_VITIS_LOOP_44_2 : targetGeometry_mem | {1 }
	Port: load_target_geometry_Pipeline_VITIS_LOOP_42_1_VITIS_LOOP_44_2 : gmem4 | {4 5 6 7 8 9 10 11 12 }
	Port: load_target_geometry_Pipeline_VITIS_LOOP_42_1_VITIS_LOOP_44_2 : targetGeometry_data_s | {}
  - Chain level:
	State 1
		store_ln0 : 1
		store_ln42 : 1
		store_ln315 : 1
	State 2
		icmp_ln42 : 1
		add_ln42_1 : 1
		br_ln42 : 2
		store_ln42 : 2
	State 3
		zext_ln44_1 : 1
		icmp_ln44 : 2
		add_ln42 : 1
		select_ln42 : 3
		select_ln42_1 : 3
		zext_ln42 : 4
		empty : 5
		zext_ln44 : 4
		add_ln46 : 6
		zext_ln47 : 7
		add_ln47 : 8
		gmem4_addr : 9
		add_ln44 : 4
		store_ln42 : 4
		store_ln315 : 5
	State 4
	State 5
	State 6
	State 7
	State 8
	State 9
	State 10
	State 11
	State 12
	State 13
		store_ln47 : 1


============================================================
+ Verbose Summary: Datapath Resource usage 
============================================================

* Functional unit list:
|----------|--------------------------------------------|---------|---------|---------|
| Operation|               Functional Unit              |   DSP   |    FF   |   LUT   |
|----------|--------------------------------------------|---------|---------|---------|
|          |              add_ln42_1_fu_170             |    0    |    0    |    69   |
|          |               add_ln42_fu_196              |    0    |    0    |    38   |
|    add   |               add_ln46_fu_227              |    0    |    0    |    69   |
|          |               add_ln47_fu_237              |    0    |    0    |    71   |
|          |               add_ln44_fu_248              |    0    |    0    |    38   |
|----------|--------------------------------------------|---------|---------|---------|
|          |              icmp_ln42_fu_165              |    0    |    0    |    69   |
|   icmp   |              icmp_ln44_fu_188              |    0    |    0    |    39   |
|          |              icmp_ln47_fu_264              |    0    |    0    |    15   |
|----------|--------------------------------------------|---------|---------|---------|
|  select  |             select_ln42_fu_202             |    0    |    0    |    31   |
|          |            select_ln42_1_fu_210            |    0    |    0    |    31   |
|----------|--------------------------------------------|---------|---------|---------|
|    mul   |                empty_fu_139                |    4    |    0    |    20   |
|----------|--------------------------------------------|---------|---------|---------|
|          |     targetGeometry_mem_read_read_fu_86     |    0    |    0    |    0    |
|          |          sext_ln0_read_read_fu_92          |    0    |    0    |    0    |
|   read   |            bound_read_read_fu_98           |    0    |    0    |    0    |
|          | targetGeometry_cols_write_read_read_fu_104 |    0    |    0    |    0    |
|          |         gmem4_addr_read_read_fu_117        |    0    |    0    |    0    |
|----------|--------------------------------------------|---------|---------|---------|
|  readreq |             grp_readreq_fu_110             |    0    |    0    |    0    |
|----------|--------------------------------------------|---------|---------|---------|
|   sext   |            sext_ln0_cast_fu_143            |    0    |    0    |    0    |
|----------|--------------------------------------------|---------|---------|---------|
|          |             zext_ln44_1_fu_184             |    0    |    0    |    0    |
|   zext   |              zext_ln42_fu_218              |    0    |    0    |    0    |
|          |              zext_ln44_fu_223              |    0    |    0    |    0    |
|          |              zext_ln47_fu_233              |    0    |    0    |    0    |
|----------|--------------------------------------------|---------|---------|---------|
|   Total  |                                            |    4    |    0    |   490   |
|----------|--------------------------------------------|---------|---------|---------|

Memories:
N/A

* Register list:
+--------------------------------------+--------+
|                                      |   FF   |
+--------------------------------------+--------+
|          bound_read_reg_296          |   62   |
|              col_reg_270             |   31   |
|        gmem4_addr_read_reg_326       |    8   |
|          gmem4_addr_reg_320          |    8   |
|           icmp_ln42_reg_311          |    1   |
|        indvar_flatten_reg_284        |   62   |
|               r_reg_277              |   31   |
|         sext_ln0_cast_reg_306        |   62   |
|targetGeometry_cols_write_read_reg_301|   32   |
|    targetGeometry_mem_read_reg_291   |   64   |
|           zext_ln47_reg_315          |   64   |
+--------------------------------------+--------+
|                 Total                |   425  |
+--------------------------------------+--------+

* Multiplexer (MUX) list: 
|--------|------|------|------|--------|
|  Comp  |  Pin | Size |  BW  | S x BW |
|--------|------|------|------|--------|
|  Total |      |      |      |    0   |
|--------|------|------|------|--------|



* Summary:
+-----------+--------+--------+--------+
|           |   DSP  |   FF   |   LUT  |
+-----------+--------+--------+--------+
|  Function |    4   |    0   |   490  |
|   Memory  |    -   |    -   |    -   |
|Multiplexer|    -   |    -   |    -   |
|  Register |    -   |   425  |    -   |
+-----------+--------+--------+--------+
|   Total   |    4   |   425  |   490  |
+-----------+--------+--------+--------+
