

================================================================
== Vitis HLS Report for 'post_process'
================================================================
* Date:           Thu Mar 26 11:03:30 2026

* Version:        2024.2 (Build 5238294 on Nov  8 2024)
* Project:        atomflow_controller_2024_2
* Solution:       hls (Vivado IP Flow Target)
* Product family: zynquplusRFSOC
* Target device:  xczu49dr-ffvf1760-2-e


================================================================
== Performance Estimates
================================================================
+ Timing: 
    * Summary: 
    +--------+----------+----------+------------+
    |  Clock |  Target  | Estimated| Uncertainty|
    +--------+----------+----------+------------+
    |ap_clk  |  10.00 ns|  7.057 ns|     2.70 ns|
    +--------+----------+----------+------------+

+ Latency: 
    * Summary: 
    +---------+---------+----------+----------+-----+-----+---------+
    |  Latency (cycles) |  Latency (absolute) |  Interval | Pipeline|
    |   min   |   max   |    min   |    max   | min | max |   Type  |
    +---------+---------+----------+----------+-----+-----+---------+
    |       11|       11|  0.110 us|  0.110 us|    1|    1|      yes|
    +---------+---------+----------+----------+-----+-----+---------+

    + Detail: 
        * Instance: 
        N/A

        * Loop: 
        N/A



================================================================
== Utilization Estimates
================================================================
* Summary: 
+-----------------+---------+------+--------+--------+-----+
|       Name      | BRAM_18K|  DSP |   FF   |   LUT  | URAM|
+-----------------+---------+------+--------+--------+-----+
|DSP              |        -|     -|       -|       -|    -|
|Expression       |        -|     -|       -|       -|    -|
|FIFO             |        -|     -|       -|       -|    -|
|Instance         |        -|     3|     128|     135|    -|
|Memory           |        -|     -|       -|       -|    -|
|Multiplexer      |        -|     -|       0|      14|    -|
|Register         |        -|     -|     257|      32|    -|
+-----------------+---------+------+--------+--------+-----+
|Total            |        0|     3|     385|     181|    0|
+-----------------+---------+------+--------+--------+-----+
|Available        |     2160|  4272|  850560|  425280|   80|
+-----------------+---------+------+--------+--------+-----+
|Utilization (%)  |        0|    ~0|      ~0|      ~0|    0|
+-----------------+---------+------+--------+--------+-----+

+ Detail: 
    * Instance: 
    +------------------------------------+-------------------------------+---------+----+-----+-----+-----+
    |              Instance              |             Module            | BRAM_18K| DSP|  FF | LUT | URAM|
    +------------------------------------+-------------------------------+---------+----+-----+-----+-----+
    |fdiv_32ns_32ns_32_9_no_dsp_0_U384   |fdiv_32ns_32ns_32_9_no_dsp_0   |        0|   0|    0|    0|    0|
    |fmul_32ns_32ns_32_3_max_dsp_1_U383  |fmul_32ns_32ns_32_3_max_dsp_1  |        0|   3|  128|  135|    0|
    +------------------------------------+-------------------------------+---------+----+-----+-----+-----+
    |Total                               |                               |        0|   3|  128|  135|    0|
    +------------------------------------+-------------------------------+---------+----+-----+-----+-----+

    * DSP: 
    N/A

    * Memory: 
    N/A

    * FIFO: 
    N/A

    * Expression: 
    N/A

    * Multiplexer: 
    +-----------+----+-----------+-----+-----------+
    |    Name   | LUT| Input Size| Bits| Total Bits|
    +-----------+----+-----------+-----+-----------+
    |ap_return  |  14|          3|   32|         96|
    +-----------+----+-----------+-----+-----------+
    |Total      |  14|          3|   32|         96|
    +-----------+----+-----------+-----+-----------+

    * Register: 
    +-------------------------+----+----+-----+-----------+
    |           Name          | FF | LUT| Bits| Const Bits|
    +-------------------------+----+----+-----+-----------+
    |ap_ce_reg                |   1|   0|    1|          0|
    |ap_return_int_reg        |  32|   0|   32|          0|
    |curr_imageProjs_int_reg  |  32|   0|   32|          0|
    |div_reg_59               |  32|   0|   32|          0|
    |projSumUsed_int_reg      |  32|   0|   32|          0|
    |sum_int_reg              |  32|   0|   32|          0|
    |sum_read_reg_49          |  32|   0|   32|          0|
    |sum_read_reg_49          |  64|  32|   32|          0|
    +-------------------------+----+----+-----+-----------+
    |Total                    | 257|  32|  225|          0|
    +-------------------------+----+----+-----+-----------+



================================================================
== Interface
================================================================
* Summary: 
+-----------------+-----+-----+------------+-----------------+--------------+
|    RTL Ports    | Dir | Bits|  Protocol  |  Source Object  |    C Type    |
+-----------------+-----+-----+------------+-----------------+--------------+
|ap_clk           |   in|    1|  ap_ctrl_hs|     post_process|  return value|
|ap_rst           |   in|    1|  ap_ctrl_hs|     post_process|  return value|
|ap_return        |  out|   32|  ap_ctrl_hs|     post_process|  return value|
|ap_ce            |   in|    1|  ap_ctrl_hs|     post_process|  return value|
|projSumUsed      |   in|   32|     ap_none|      projSumUsed|        scalar|
|sum              |   in|   32|     ap_none|              sum|        scalar|
|curr_imageProjs  |   in|   32|     ap_none|  curr_imageProjs|        scalar|
+-----------------+-----+-----+------------+-----------------+--------------+

============================================================
+ Verbose Summary: Synthesis Manager
============================================================
InlineROM: 1
ExposeGlobal: 0
============================================================
+ Verbose Summary: CDFG Model
============================================================
IsTopModel: 0
ResetActiveHigh: 1
IsCombinational: 2
IsDatapathOnly: 1
HasWiredReturn: 1
HasMFsm: 2
HasVarLatency: 0
IsPipeline: 1
IsRtlPipelined: 1
IsInstanceOverlapped: 0
IsDontTouch: 0
HasImplIP: 0
IsGatedGlobalClock: 0

+ Individual pipeline summary: 
  * Pipeline-0: initiation interval (II) = 1, depth = 12


============================================================
+ Verbose Summary: Schedule
============================================================
* Number of FSM states : 12
* Pipeline : 1
  Pipeline-0 : II = 1, D = 12, States = { 1 2 3 4 5 6 7 8 9 10 11 12 }
* Dataflow Pipeline: 0

* FSM state transitions: 
1 --> 2 
2 --> 3 
3 --> 4 
4 --> 5 
5 --> 6 
6 --> 7 
7 --> 8 
8 --> 9 
9 --> 10 
10 --> 11 
11 --> 12 
12 --> 

* FSM state operations: 

State 1 <SV = 0> <Delay = 7.05>
ST_1 : Operation 13 [1/1] (0.00ns)   --->   "%curr_imageProjs_read = read i32 @_ssdm_op_Read.ap_auto.float, i32 %curr_imageProjs" [/home/xiaorang/Documents/ATOMFLOW/Image_analysis/src/image_analysis.cpp:194]   --->   Operation 13 'read' 'curr_imageProjs_read' <Predicate = true> <Delay = 0.00>
ST_1 : Operation 14 [1/1] (0.00ns)   --->   "%sum_read = read i32 @_ssdm_op_Read.ap_auto.float, i32 %sum" [/home/xiaorang/Documents/ATOMFLOW/Image_analysis/src/image_analysis.cpp:194]   --->   Operation 14 'read' 'sum_read' <Predicate = true> <Delay = 0.00>
ST_1 : Operation 15 [1/1] (0.00ns)   --->   "%projSumUsed_read = read i32 @_ssdm_op_Read.ap_auto.float, i32 %projSumUsed" [/home/xiaorang/Documents/ATOMFLOW/Image_analysis/src/image_analysis.cpp:194]   --->   Operation 15 'read' 'projSumUsed_read' <Predicate = true> <Delay = 0.00>
ST_1 : Operation 16 [9/9] (7.05ns)   --->   "%div = fdiv i32 %curr_imageProjs_read, i32 %projSumUsed_read" [/home/xiaorang/Documents/ATOMFLOW/Image_analysis/src/image_analysis.cpp:196]   --->   Operation 16 'fdiv' 'div' <Predicate = true> <Delay = 7.05> <CoreInst = "FDiv">   --->   Core 20 'FDiv' <Latency = 8> <II = 1> <Delay = 7.05> <FuncUnit> <Opcode : 'fdiv' 'frem'> <InPorts = 2> <OutPorts = 1>

State 2 <SV = 1> <Delay = 7.05>
ST_2 : Operation 17 [8/9] (7.05ns)   --->   "%div = fdiv i32 %curr_imageProjs_read, i32 %projSumUsed_read" [/home/xiaorang/Documents/ATOMFLOW/Image_analysis/src/image_analysis.cpp:196]   --->   Operation 17 'fdiv' 'div' <Predicate = true> <Delay = 7.05> <CoreInst = "FDiv">   --->   Core 20 'FDiv' <Latency = 8> <II = 1> <Delay = 7.05> <FuncUnit> <Opcode : 'fdiv' 'frem'> <InPorts = 2> <OutPorts = 1>

State 3 <SV = 2> <Delay = 7.05>
ST_3 : Operation 18 [7/9] (7.05ns)   --->   "%div = fdiv i32 %curr_imageProjs_read, i32 %projSumUsed_read" [/home/xiaorang/Documents/ATOMFLOW/Image_analysis/src/image_analysis.cpp:196]   --->   Operation 18 'fdiv' 'div' <Predicate = true> <Delay = 7.05> <CoreInst = "FDiv">   --->   Core 20 'FDiv' <Latency = 8> <II = 1> <Delay = 7.05> <FuncUnit> <Opcode : 'fdiv' 'frem'> <InPorts = 2> <OutPorts = 1>

State 4 <SV = 3> <Delay = 7.05>
ST_4 : Operation 19 [6/9] (7.05ns)   --->   "%div = fdiv i32 %curr_imageProjs_read, i32 %projSumUsed_read" [/home/xiaorang/Documents/ATOMFLOW/Image_analysis/src/image_analysis.cpp:196]   --->   Operation 19 'fdiv' 'div' <Predicate = true> <Delay = 7.05> <CoreInst = "FDiv">   --->   Core 20 'FDiv' <Latency = 8> <II = 1> <Delay = 7.05> <FuncUnit> <Opcode : 'fdiv' 'frem'> <InPorts = 2> <OutPorts = 1>

State 5 <SV = 4> <Delay = 7.05>
ST_5 : Operation 20 [5/9] (7.05ns)   --->   "%div = fdiv i32 %curr_imageProjs_read, i32 %projSumUsed_read" [/home/xiaorang/Documents/ATOMFLOW/Image_analysis/src/image_analysis.cpp:196]   --->   Operation 20 'fdiv' 'div' <Predicate = true> <Delay = 7.05> <CoreInst = "FDiv">   --->   Core 20 'FDiv' <Latency = 8> <II = 1> <Delay = 7.05> <FuncUnit> <Opcode : 'fdiv' 'frem'> <InPorts = 2> <OutPorts = 1>

State 6 <SV = 5> <Delay = 7.05>
ST_6 : Operation 21 [4/9] (7.05ns)   --->   "%div = fdiv i32 %curr_imageProjs_read, i32 %projSumUsed_read" [/home/xiaorang/Documents/ATOMFLOW/Image_analysis/src/image_analysis.cpp:196]   --->   Operation 21 'fdiv' 'div' <Predicate = true> <Delay = 7.05> <CoreInst = "FDiv">   --->   Core 20 'FDiv' <Latency = 8> <II = 1> <Delay = 7.05> <FuncUnit> <Opcode : 'fdiv' 'frem'> <InPorts = 2> <OutPorts = 1>

State 7 <SV = 6> <Delay = 7.05>
ST_7 : Operation 22 [3/9] (7.05ns)   --->   "%div = fdiv i32 %curr_imageProjs_read, i32 %projSumUsed_read" [/home/xiaorang/Documents/ATOMFLOW/Image_analysis/src/image_analysis.cpp:196]   --->   Operation 22 'fdiv' 'div' <Predicate = true> <Delay = 7.05> <CoreInst = "FDiv">   --->   Core 20 'FDiv' <Latency = 8> <II = 1> <Delay = 7.05> <FuncUnit> <Opcode : 'fdiv' 'frem'> <InPorts = 2> <OutPorts = 1>

State 8 <SV = 7> <Delay = 7.05>
ST_8 : Operation 23 [2/9] (7.05ns)   --->   "%div = fdiv i32 %curr_imageProjs_read, i32 %projSumUsed_read" [/home/xiaorang/Documents/ATOMFLOW/Image_analysis/src/image_analysis.cpp:196]   --->   Operation 23 'fdiv' 'div' <Predicate = true> <Delay = 7.05> <CoreInst = "FDiv">   --->   Core 20 'FDiv' <Latency = 8> <II = 1> <Delay = 7.05> <FuncUnit> <Opcode : 'fdiv' 'frem'> <InPorts = 2> <OutPorts = 1>

State 9 <SV = 8> <Delay = 7.05>
ST_9 : Operation 24 [1/9] (7.05ns)   --->   "%div = fdiv i32 %curr_imageProjs_read, i32 %projSumUsed_read" [/home/xiaorang/Documents/ATOMFLOW/Image_analysis/src/image_analysis.cpp:196]   --->   Operation 24 'fdiv' 'div' <Predicate = true> <Delay = 7.05> <CoreInst = "FDiv">   --->   Core 20 'FDiv' <Latency = 8> <II = 1> <Delay = 7.05> <FuncUnit> <Opcode : 'fdiv' 'frem'> <InPorts = 2> <OutPorts = 1>

State 10 <SV = 9> <Delay = 7.01>
ST_10 : Operation 25 [3/3] (7.01ns)   --->   "%dout_write_assign = fmul i32 %div, i32 %sum_read" [/home/xiaorang/Documents/ATOMFLOW/Image_analysis/src/image_analysis.cpp:196]   --->   Operation 25 'fmul' 'dout_write_assign' <Predicate = true> <Delay = 7.01> <CoreInst = "FMul_maxdsp">   --->   Core 30 'FMul_maxdsp' <Latency = 2> <II = 1> <Delay = 7.01> <FuncUnit> <Opcode : 'fmul'> <InPorts = 2> <OutPorts = 1>

State 11 <SV = 10> <Delay = 7.01>
ST_11 : Operation 26 [2/3] (7.01ns)   --->   "%dout_write_assign = fmul i32 %div, i32 %sum_read" [/home/xiaorang/Documents/ATOMFLOW/Image_analysis/src/image_analysis.cpp:196]   --->   Operation 26 'fmul' 'dout_write_assign' <Predicate = true> <Delay = 7.01> <CoreInst = "FMul_maxdsp">   --->   Core 30 'FMul_maxdsp' <Latency = 2> <II = 1> <Delay = 7.01> <FuncUnit> <Opcode : 'fmul'> <InPorts = 2> <OutPorts = 1>

State 12 <SV = 11> <Delay = 7.01>
ST_12 : Operation 27 [1/1] (0.00ns)   --->   "%specpipeline_ln195 = specpipeline void @_ssdm_op_SpecPipeline, i32 1, i32 0, i32 0, i32 0, void @empty_18" [/home/xiaorang/Documents/ATOMFLOW/Image_analysis/src/image_analysis.cpp:195]   --->   Operation 27 'specpipeline' 'specpipeline_ln195' <Predicate = true> <Delay = 0.00>
ST_12 : Operation 28 [1/3] (7.01ns)   --->   "%dout_write_assign = fmul i32 %div, i32 %sum_read" [/home/xiaorang/Documents/ATOMFLOW/Image_analysis/src/image_analysis.cpp:196]   --->   Operation 28 'fmul' 'dout_write_assign' <Predicate = true> <Delay = 7.01> <CoreInst = "FMul_maxdsp">   --->   Core 30 'FMul_maxdsp' <Latency = 2> <II = 1> <Delay = 7.01> <FuncUnit> <Opcode : 'fmul'> <InPorts = 2> <OutPorts = 1>
ST_12 : Operation 29 [1/1] (0.00ns)   --->   "%ret_ln197 = ret i32 %dout_write_assign" [/home/xiaorang/Documents/ATOMFLOW/Image_analysis/src/image_analysis.cpp:197]   --->   Operation 29 'ret' 'ret_ln197' <Predicate = true> <Delay = 0.00>


============================================================
+ Verbose Summary: Binding
============================================================
STG Binding: 
---------------- STG Properties BEGIN ----------------
- Is combinational: 0
- Is one-state seq: 0
- Is datapath-only: 1
- Is pipelined: 1
- Is top level: 0
Port [ Return ] is wired: 1; IO mode=ap_ctrl_hs:ce=0
Port [ projSumUsed]:  wired=1; compound=0; hidden=0; nouse=0; global=0; static=0; extern=0; dir=0; type=0; pingpong=0; private_global=0; IO mode=ap_none:ce=0
Port [ sum]:  wired=1; compound=0; hidden=0; nouse=0; global=0; static=0; extern=0; dir=0; type=0; pingpong=0; private_global=0; IO mode=ap_none:ce=0
Port [ curr_imageProjs]:  wired=1; compound=0; hidden=0; nouse=0; global=0; static=0; extern=0; dir=0; type=0; pingpong=0; private_global=0; IO mode=ap_none:ce=0
---------------- STG Properties END ------------------

---------------- Datapath Model BEGIN ----------------

<LifeTime>
<method=bitvector/>
curr_imageProjs_read (read        ) [ 0111111111000]
sum_read             (read        ) [ 0111111111111]
projSumUsed_read     (read        ) [ 0111111111000]
div                  (fdiv        ) [ 0100000000111]
specpipeline_ln195   (specpipeline) [ 0000000000000]
dout_write_assign    (fmul        ) [ 0000000000000]
ret_ln197            (ret         ) [ 0000000000000]
</LifeTime>

<model>

<comp_list>
<comp id="0" class="1000" name="projSumUsed">
<pin_list>
<pin id="1" dir="1" index="0" bw="1" slack="0"/>
</pin_list>
<bind>
<StgValue><ssdm name="projSumUsed"/></StgValue>
</bind>
</comp>

<comp id="2" class="1000" name="sum">
<pin_list>
<pin id="3" dir="1" index="0" bw="1" slack="0"/>
</pin_list>
<bind>
<StgValue><ssdm name="sum"/></StgValue>
</bind>
</comp>

<comp id="4" class="1000" name="curr_imageProjs">
<pin_list>
<pin id="5" dir="1" index="0" bw="1" slack="0"/>
</pin_list>
<bind>
<StgValue><ssdm name="curr_imageProjs"/></StgValue>
</bind>
</comp>

<comp id="6" class="1001" name="const_6">
<pin_list>
<pin id="7" dir="1" index="0" bw="1" slack="0"/>
</pin_list>
<bind>
<StgValue><ssdm name="_ssdm_op_Read.ap_auto.float"/></StgValue>
</bind>
</comp>

<comp id="8" class="1001" name="const_8">
<pin_list>
<pin id="9" dir="1" index="0" bw="1" slack="2147483647"/>
</pin_list>
<bind>
<StgValue><ssdm name="_ssdm_op_SpecPipeline"/></StgValue>
</bind>
</comp>

<comp id="10" class="1001" name="const_10">
<pin_list>
<pin id="11" dir="1" index="0" bw="1" slack="2147483647"/>
</pin_list>
<bind>
<StgValue><ssdm name=""/></StgValue>
</bind>
</comp>

<comp id="12" class="1001" name="const_12">
<pin_list>
<pin id="13" dir="1" index="0" bw="1" slack="2147483647"/>
</pin_list>
<bind>
<StgValue><ssdm name=""/></StgValue>
</bind>
</comp>

<comp id="14" class="1001" name="const_14">
<pin_list>
<pin id="15" dir="1" index="0" bw="1" slack="2147483647"/>
</pin_list>
<bind>
<StgValue><ssdm name="empty_18"/></StgValue>
</bind>
</comp>

<comp id="16" class="1004" name="curr_imageProjs_read_read_fu_16">
<pin_list>
<pin id="17" dir="0" index="0" bw="32" slack="0"/>
<pin id="18" dir="0" index="1" bw="32" slack="0"/>
<pin id="19" dir="1" index="2" bw="32" slack="0"/>
</pin_list>
<bind>
<opcode="read(1150) " fcode="read"/>
<opset="curr_imageProjs_read/1 "/>
</bind>
</comp>

<comp id="22" class="1004" name="sum_read_read_fu_22">
<pin_list>
<pin id="23" dir="0" index="0" bw="32" slack="0"/>
<pin id="24" dir="0" index="1" bw="32" slack="0"/>
<pin id="25" dir="1" index="2" bw="32" slack="9"/>
</pin_list>
<bind>
<opcode="read(1150) " fcode="read"/>
<opset="sum_read/1 "/>
</bind>
</comp>

<comp id="28" class="1004" name="projSumUsed_read_read_fu_28">
<pin_list>
<pin id="29" dir="0" index="0" bw="32" slack="0"/>
<pin id="30" dir="0" index="1" bw="32" slack="0"/>
<pin id="31" dir="1" index="2" bw="32" slack="0"/>
</pin_list>
<bind>
<opcode="read(1150) " fcode="read"/>
<opset="projSumUsed_read/1 "/>
</bind>
</comp>

<comp id="34" class="1004" name="grp_fu_34">
<pin_list>
<pin id="35" dir="0" index="0" bw="32" slack="1"/>
<pin id="36" dir="0" index="1" bw="32" slack="9"/>
<pin id="37" dir="1" index="2" bw="32" slack="2147483647"/>
</pin_list>
<bind>
<opcode="fmul(13) " fcode="fmul"/>
<opset="dout_write_assign/10 "/>
</bind>
</comp>

<comp id="38" class="1004" name="grp_fu_38">
<pin_list>
<pin id="39" dir="0" index="0" bw="32" slack="0"/>
<pin id="40" dir="0" index="1" bw="32" slack="0"/>
<pin id="41" dir="1" index="2" bw="32" slack="1"/>
</pin_list>
<bind>
<opcode="fdiv(16) " fcode="fdiv"/>
<opset="div/1 "/>
</bind>
</comp>

<comp id="44" class="1005" name="curr_imageProjs_read_reg_44">
<pin_list>
<pin id="45" dir="0" index="0" bw="32" slack="1"/>
<pin id="46" dir="1" index="1" bw="32" slack="1"/>
</pin_list>
<bind>
<opset="curr_imageProjs_read "/>
</bind>
</comp>

<comp id="49" class="1005" name="sum_read_reg_49">
<pin_list>
<pin id="50" dir="0" index="0" bw="32" slack="9"/>
<pin id="51" dir="1" index="1" bw="32" slack="9"/>
</pin_list>
<bind>
<opset="sum_read "/>
</bind>
</comp>

<comp id="54" class="1005" name="projSumUsed_read_reg_54">
<pin_list>
<pin id="55" dir="0" index="0" bw="32" slack="1"/>
<pin id="56" dir="1" index="1" bw="32" slack="1"/>
</pin_list>
<bind>
<opset="projSumUsed_read "/>
</bind>
</comp>

<comp id="59" class="1005" name="div_reg_59">
<pin_list>
<pin id="60" dir="0" index="0" bw="32" slack="1"/>
<pin id="61" dir="1" index="1" bw="32" slack="1"/>
</pin_list>
<bind>
<opset="div "/>
</bind>
</comp>

</comp_list>

<net_list>
<net id="20"><net_src comp="6" pin="0"/><net_sink comp="16" pin=0"/></net>

<net id="21"><net_src comp="4" pin="0"/><net_sink comp="16" pin=1"/></net>

<net id="26"><net_src comp="6" pin="0"/><net_sink comp="22" pin=0"/></net>

<net id="27"><net_src comp="2" pin="0"/><net_sink comp="22" pin=1"/></net>

<net id="32"><net_src comp="6" pin="0"/><net_sink comp="28" pin=0"/></net>

<net id="33"><net_src comp="0" pin="0"/><net_sink comp="28" pin=1"/></net>

<net id="42"><net_src comp="16" pin="2"/><net_sink comp="38" pin=0"/></net>

<net id="43"><net_src comp="28" pin="2"/><net_sink comp="38" pin=1"/></net>

<net id="47"><net_src comp="16" pin="2"/><net_sink comp="44" pin=0"/></net>

<net id="48"><net_src comp="44" pin="1"/><net_sink comp="38" pin=0"/></net>

<net id="52"><net_src comp="22" pin="2"/><net_sink comp="49" pin=0"/></net>

<net id="53"><net_src comp="49" pin="1"/><net_sink comp="34" pin=1"/></net>

<net id="57"><net_src comp="28" pin="2"/><net_sink comp="54" pin=0"/></net>

<net id="58"><net_src comp="54" pin="1"/><net_sink comp="38" pin=1"/></net>

<net id="62"><net_src comp="38" pin="2"/><net_sink comp="59" pin=0"/></net>

<net id="63"><net_src comp="59" pin="1"/><net_sink comp="34" pin=0"/></net>

</net_list>

</model> 
---------------- Datapath Model END ------------------

* FSMD analyzer results:
  - Output states:
	Port: projSumUsed | {}
	Port: sum | {}
	Port: curr_imageProjs | {}
 - Input state : 
	Port: post_process : projSumUsed | {1 }
	Port: post_process : sum | {1 }
	Port: post_process : curr_imageProjs | {1 }
  - Chain level:
	State 1
	State 2
	State 3
	State 4
	State 5
	State 6
	State 7
	State 8
	State 9
	State 10
	State 11
	State 12
		ret_ln197 : 1


============================================================
+ Verbose Summary: Datapath Resource usage 
============================================================

* Functional unit list:
|----------|---------------------------------|---------|---------|---------|
| Operation|         Functional Unit         |   DSP   |    FF   |   LUT   |
|----------|---------------------------------|---------|---------|---------|
|   fmul   |            grp_fu_34            |    3    |   128   |   135   |
|----------|---------------------------------|---------|---------|---------|
|          | curr_imageProjs_read_read_fu_16 |    0    |    0    |    0    |
|   read   |       sum_read_read_fu_22       |    0    |    0    |    0    |
|          |   projSumUsed_read_read_fu_28   |    0    |    0    |    0    |
|----------|---------------------------------|---------|---------|---------|
|   fdiv   |            grp_fu_38            |    0    |    0    |    0    |
|----------|---------------------------------|---------|---------|---------|
|   Total  |                                 |    3    |   128   |   135   |
|----------|---------------------------------|---------|---------|---------|

Memories:
N/A

* Register list:
+---------------------------+--------+
|                           |   FF   |
+---------------------------+--------+
|curr_imageProjs_read_reg_44|   32   |
|         div_reg_59        |   32   |
|  projSumUsed_read_reg_54  |   32   |
|      sum_read_reg_49      |   32   |
+---------------------------+--------+
|           Total           |   128  |
+---------------------------+--------+

* Multiplexer (MUX) list: 
|-----------|------|------|------|--------||---------||---------||---------|
|    Comp   |  Pin | Size |  BW  | S x BW ||  Delay  ||    FF   ||   LUT   |
|-----------|------|------|------|--------||---------||---------||---------|
| grp_fu_38 |  p0  |   2  |  32  |   64   ||    0    ||    9    |
| grp_fu_38 |  p1  |   2  |  32  |   64   ||    0    ||    9    |
|-----------|------|------|------|--------||---------||---------||---------|
|   Total   |      |      |      |   128  ||  0.854  ||    0    ||    18   |
|-----------|------|------|------|--------||---------||---------||---------|



* Summary:
+-----------+--------+--------+--------+--------+
|           |   DSP  |  Delay |   FF   |   LUT  |
+-----------+--------+--------+--------+--------+
|  Function |    3   |    -   |   128  |   135  |
|   Memory  |    -   |    -   |    -   |    -   |
|Multiplexer|    -   |    0   |    0   |   18   |
|  Register |    -   |    -   |   128  |    -   |
+-----------+--------+--------+--------+--------+
|   Total   |    3   |    0   |   256  |   153  |
+-----------+--------+--------+--------+--------+
