

================================================================
== Vitis HLS Report for 'push_back'
================================================================
* Date:           Thu Mar 26 11:03:17 2026

* Version:        2024.2 (Build 5238294 on Nov  8 2024)
* Project:        atomflow_controller_2024_2
* Solution:       hls (Vivado IP Flow Target)
* Product family: zynquplusRFSOC
* Target device:  xczu49dr-ffvf1760-2-e


================================================================
== Performance Estimates
================================================================
+ Timing: 
    * Summary: 
    +--------+----------+----------+------------+
    |  Clock |  Target  | Estimated| Uncertainty|
    +--------+----------+----------+------------+
    |ap_clk  |  10.00 ns|  6.938 ns|     2.70 ns|
    +--------+----------+----------+------------+

+ Latency: 
    * Summary: 
    +---------+---------+----------+----------+-----+-----+---------+
    |  Latency (cycles) |  Latency (absolute) |  Interval | Pipeline|
    |   min   |   max   |    min   |    max   | min | max |   Type  |
    +---------+---------+----------+----------+-----+-----+---------+
    |      339|      339|  3.390 us|  3.390 us|  339|  339|       no|
    +---------+---------+----------+----------+-----+-----+---------+

    + Detail: 
        * Instance: 
        +-----------------------------------------------+-------------------------------------+---------+---------+----------+----------+-----+-----+------------------------------------------------+
        |                                               |                                     |  Latency (cycles) |  Latency (absolute) |  Interval |                    Pipeline                    |
        |                    Instance                   |                Module               |   min   |   max   |    min   |    max   | min | max |                      Type                      |
        +-----------------------------------------------+-------------------------------------+---------+---------+----------+----------+-----+-----+------------------------------------------------+
        |grp_push_back_Pipeline_VITIS_LOOP_601_1_fu_32  |push_back_Pipeline_VITIS_LOOP_601_1  |      338|      338|  3.380 us|  3.380 us|  337|  337|  loop auto-rewind stp (delay=0 clock cycles(s))|
        +-----------------------------------------------+-------------------------------------+---------+---------+----------+----------+-----+-----+------------------------------------------------+

        * Loop: 
        N/A

============================================================
+ Verbose Summary: Synthesis Manager
============================================================
InlineROM: 1
ExposeGlobal: 0
============================================================
+ Verbose Summary: CDFG Model
============================================================
IsTopModel: 0
ResetActiveHigh: 1
IsCombinational: 0
IsDatapathOnly: 0
HasWiredReturn: 1
HasMFsm: 0
HasVarLatency: 1
IsPipeline: 0
IsRtlPipelined: 0
IsInstanceOverlapped: 0
IsDontTouch: 0
HasImplIP: 0
IsGatedGlobalClock: 0


============================================================
+ Verbose Summary: Schedule
============================================================
* Number of FSM states : 2
* Pipeline : 0
* Dataflow Pipeline: 0

* FSM state transitions: 
1 --> 2 
2 --> 

* FSM state operations: 

State 1 <SV = 0> <Delay = 0.00>
ST_1 : Operation 3 [2/2] (0.00ns)   --->   "%call_ln0 = call void @push_back_Pipeline_VITIS_LOOP_601_1, i16 %move, i512 %moveStream"   --->   Operation 3 'call' 'call_ln0' <Predicate = true> <Delay = 0.00> <CoreType = "Generic">   --->   Generic Core

State 2 <SV = 1> <Delay = 6.53>
ST_2 : Operation 4 [1/1] (0.00ns)   --->   "%specinterface_ln0 = specinterface void @_ssdm_op_SpecInterface, i512 %moveStream, void @empty_27, i32 0, i32 0, void @empty_58, i32 0, i32 0, void @empty_18, void @empty_18, void @empty_18, i32 0, i32 0, i32 0, i32 0, void @empty_18, void @empty_18, i32 4294967295, i32 0, i32 0"   --->   Operation 4 'specinterface' 'specinterface_ln0' <Predicate = true> <Delay = 0.00>
ST_2 : Operation 5 [1/1] (0.00ns)   --->   "%specbramwithbyteenable_ln0 = specbramwithbyteenable void @_ssdm_op_SpecBRAMWithByteEnable, i16 %move"   --->   Operation 5 'specbramwithbyteenable' 'specbramwithbyteenable_ln0' <Predicate = true> <Delay = 0.00>
ST_2 : Operation 6 [1/1] (0.00ns)   --->   "%this_count_read_1 = read i32 @_ssdm_op_Read.ap_auto.i32, i32 %this_count_read" [/home/xiaorang/Documents/ATOMFLOW/atomflow_controller/../sorting-organized-main/src/sortLatticeByRow.hpp:0]   --->   Operation 6 'read' 'this_count_read_1' <Predicate = true> <Delay = 0.00>
ST_2 : Operation 7 [1/2] (6.53ns)   --->   "%call_ln0 = call void @push_back_Pipeline_VITIS_LOOP_601_1, i16 %move, i512 %moveStream"   --->   Operation 7 'call' 'call_ln0' <Predicate = true> <Delay = 6.53> <CoreType = "Generic">   --->   Generic Core
ST_2 : Operation 8 [1/1] (1.01ns)   --->   "%add_ln613 = add i32 %this_count_read_1, i32 1" [/home/xiaorang/Documents/ATOMFLOW/atomflow_controller/../sorting-organized-main/src/sortLatticeByRow.hpp:613]   --->   Operation 8 'add' 'add_ln613' <Predicate = true> <Delay = 1.01> <CoreInst = "Adder">   --->   Core 1 'Adder' <Latency = 0> <II = 1> <Delay = 1.01> <FuncUnit> <Opcode : 'add' 'sub'> <InPorts = 2> <OutPorts = 1>
ST_2 : Operation 9 [1/1] (0.00ns)   --->   "%ret_ln614 = ret i32 %add_ln613" [/home/xiaorang/Documents/ATOMFLOW/atomflow_controller/../sorting-organized-main/src/sortLatticeByRow.hpp:614]   --->   Operation 9 'ret' 'ret_ln614' <Predicate = true> <Delay = 0.00>


============================================================
+ Verbose Summary: Binding
============================================================
STG Binding: 
---------------- STG Properties BEGIN ----------------
- Is combinational: 0
- Is one-state seq: 0
- Is datapath-only: 0
- Is pipelined: 0
- Is top level: 0
Port [ Return ] is wired: 1; IO mode=ap_ctrl_hs:ce=0
Port [ moveStream]:  wired=1; compound=1; hidden=0; nouse=0; global=0; static=0; extern=0; dir=1; type=0; pingpong=0; private_global=0; IO mode=axis:ce=0
Port [ this_count_read]:  wired=1; compound=0; hidden=0; nouse=0; global=0; static=0; extern=0; dir=0; type=0; pingpong=0; private_global=0; IO mode=ap_none:ce=0
Port [ move]:  wired=1; compound=1; hidden=0; nouse=0; global=0; static=0; extern=0; dir=0; type=1; pingpong=0; private_global=0; MemPort=[11]; IO mode=ap_memory:ce=0
---------------- STG Properties END ------------------

---------------- Datapath Model BEGIN ----------------

<LifeTime>
<method=bitvector/>
specinterface_ln0          (specinterface         ) [ 000]
specbramwithbyteenable_ln0 (specbramwithbyteenable) [ 000]
this_count_read_1          (read                  ) [ 000]
call_ln0                   (call                  ) [ 000]
add_ln613                  (add                   ) [ 000]
ret_ln614                  (ret                   ) [ 000]
</LifeTime>

<model>

<comp_list>
<comp id="0" class="1000" name="moveStream">
<pin_list>
<pin id="1" dir="1" index="0" bw="1" slack="0"/>
</pin_list>
<bind>
<StgValue><ssdm name="moveStream"/></StgValue>
</bind>
</comp>

<comp id="2" class="1000" name="this_count_read">
<pin_list>
<pin id="3" dir="1" index="0" bw="1" slack="0"/>
</pin_list>
<bind>
<StgValue><ssdm name="this_count_read"/></StgValue>
</bind>
</comp>

<comp id="4" class="1000" name="move">
<pin_list>
<pin id="5" dir="1" index="0" bw="1" slack="0"/>
</pin_list>
<bind>
<StgValue><ssdm name="move"/><MemPortTyVec>1 1 </MemPortTyVec>
</StgValue>
</bind>
</comp>

<comp id="6" class="1001" name="const_6">
<pin_list>
<pin id="7" dir="1" index="0" bw="1" slack="0"/>
</pin_list>
<bind>
<StgValue><ssdm name="push_back_Pipeline_VITIS_LOOP_601_1"/></StgValue>
</bind>
</comp>

<comp id="8" class="1001" name="const_8">
<pin_list>
<pin id="9" dir="1" index="0" bw="1" slack="2147483647"/>
</pin_list>
<bind>
<StgValue><ssdm name="_ssdm_op_SpecInterface"/></StgValue>
</bind>
</comp>

<comp id="10" class="1001" name="const_10">
<pin_list>
<pin id="11" dir="1" index="0" bw="1" slack="2147483647"/>
</pin_list>
<bind>
<StgValue><ssdm name="empty_27"/></StgValue>
</bind>
</comp>

<comp id="12" class="1001" name="const_12">
<pin_list>
<pin id="13" dir="1" index="0" bw="1" slack="2147483647"/>
</pin_list>
<bind>
<StgValue><ssdm name=""/></StgValue>
</bind>
</comp>

<comp id="14" class="1001" name="const_14">
<pin_list>
<pin id="15" dir="1" index="0" bw="1" slack="2147483647"/>
</pin_list>
<bind>
<StgValue><ssdm name="empty_58"/></StgValue>
</bind>
</comp>

<comp id="16" class="1001" name="const_16">
<pin_list>
<pin id="17" dir="1" index="0" bw="1" slack="2147483647"/>
</pin_list>
<bind>
<StgValue><ssdm name="empty_18"/></StgValue>
</bind>
</comp>

<comp id="18" class="1001" name="const_18">
<pin_list>
<pin id="19" dir="1" index="0" bw="1" slack="2147483647"/>
</pin_list>
<bind>
<StgValue><ssdm name=""/></StgValue>
</bind>
</comp>

<comp id="20" class="1001" name="const_20">
<pin_list>
<pin id="21" dir="1" index="0" bw="1" slack="2147483647"/>
</pin_list>
<bind>
<StgValue><ssdm name="_ssdm_op_SpecBRAMWithByteEnable"/></StgValue>
</bind>
</comp>

<comp id="22" class="1001" name="const_22">
<pin_list>
<pin id="23" dir="1" index="0" bw="1" slack="0"/>
</pin_list>
<bind>
<StgValue><ssdm name="_ssdm_op_Read.ap_auto.i32"/></StgValue>
</bind>
</comp>

<comp id="24" class="1001" name="const_24">
<pin_list>
<pin id="25" dir="1" index="0" bw="1" slack="0"/>
</pin_list>
<bind>
<StgValue><ssdm name=""/></StgValue>
</bind>
</comp>

<comp id="26" class="1004" name="this_count_read_1_read_fu_26">
<pin_list>
<pin id="27" dir="0" index="0" bw="32" slack="0"/>
<pin id="28" dir="0" index="1" bw="32" slack="0"/>
<pin id="29" dir="1" index="2" bw="32" slack="0"/>
</pin_list>
<bind>
<opcode="read(1150) " fcode="read"/>
<opset="this_count_read_1/2 "/>
</bind>
</comp>

<comp id="32" class="1004" name="grp_push_back_Pipeline_VITIS_LOOP_601_1_fu_32">
<pin_list>
<pin id="33" dir="0" index="0" bw="0" slack="0"/>
<pin id="34" dir="0" index="1" bw="16" slack="0"/>
<pin id="35" dir="0" index="2" bw="512" slack="0"/>
<pin id="36" dir="1" index="3" bw="0" slack="2147483647"/>
</pin_list>
<bind>
<opcode="call(48) " fcode="call"/>
<opset="call_ln0/1 "/>
</bind>
</comp>

<comp id="40" class="1004" name="add_ln613_fu_40">
<pin_list>
<pin id="41" dir="0" index="0" bw="32" slack="0"/>
<pin id="42" dir="0" index="1" bw="1" slack="0"/>
<pin id="43" dir="1" index="2" bw="32" slack="2147483647"/>
</pin_list>
<bind>
<opcode="add(8) " fcode="add"/>
<opset="add_ln613/2 "/>
</bind>
</comp>

</comp_list>

<net_list>
<net id="30"><net_src comp="22" pin="0"/><net_sink comp="26" pin=0"/></net>

<net id="31"><net_src comp="2" pin="0"/><net_sink comp="26" pin=1"/></net>

<net id="37"><net_src comp="6" pin="0"/><net_sink comp="32" pin=0"/></net>

<net id="38"><net_src comp="4" pin="0"/><net_sink comp="32" pin=1"/></net>

<net id="39"><net_src comp="0" pin="0"/><net_sink comp="32" pin=2"/></net>

<net id="44"><net_src comp="26" pin="2"/><net_sink comp="40" pin=0"/></net>

<net id="45"><net_src comp="24" pin="0"/><net_sink comp="40" pin=1"/></net>

</net_list>

</model> 
---------------- Datapath Model END ------------------

* FSMD analyzer results:
  - Output states:
	Port: moveStream | {1 2 }
 - Input state : 
	Port: push_back : this_count_read | {2 }
	Port: push_back : move | {1 2 }
  - Chain level:
	State 1
	State 2
		ret_ln614 : 1


============================================================
+ Verbose Summary: Datapath Resource usage 
============================================================

* Functional unit list:
|----------|-----------------------------------------------|---------|---------|---------|
| Operation|                Functional Unit                |  Delay  |    FF   |   LUT   |
|----------|-----------------------------------------------|---------|---------|---------|
|   call   | grp_push_back_Pipeline_VITIS_LOOP_601_1_fu_32 | 1.57778 |   1660  |  11033  |
|----------|-----------------------------------------------|---------|---------|---------|
|    add   |                add_ln613_fu_40                |    0    |    0    |    39   |
|----------|-----------------------------------------------|---------|---------|---------|
|   read   |          this_count_read_1_read_fu_26         |    0    |    0    |    0    |
|----------|-----------------------------------------------|---------|---------|---------|
|   Total  |                                               | 1.57778 |   1660  |  11072  |
|----------|-----------------------------------------------|---------|---------|---------|

Memories:
N/A

* Register list:
N/A

* Multiplexer (MUX) list: 
|--------|------|------|------|--------|
|  Comp  |  Pin | Size |  BW  | S x BW |
|--------|------|------|------|--------|
|  Total |      |      |      |    0   |
|--------|------|------|------|--------|



* Summary:
+-----------+--------+--------+--------+
|           |  Delay |   FF   |   LUT  |
+-----------+--------+--------+--------+
|  Function |    1   |  1660  |  11072 |
|   Memory  |    -   |    -   |    -   |
|Multiplexer|    -   |    -   |    -   |
|  Register |    -   |    -   |    -   |
+-----------+--------+--------+--------+
|   Total   |    1   |  1660  |  11072 |
+-----------+--------+--------+--------+
