

================================================================
== Vitis HLS Report for 'reconstruct'
================================================================
* Date:           Thu Mar 26 11:03:15 2026

* Version:        2024.2 (Build 5238294 on Nov  8 2024)
* Project:        atomflow_controller_2024_2
* Solution:       hls (Vivado IP Flow Target)
* Product family: zynquplusRFSOC
* Target device:  xczu49dr-ffvf1760-2-e


================================================================
== Performance Estimates
================================================================
+ Timing: 
    * Summary: 
    +--------+----------+----------+------------+
    |  Clock |  Target  | Estimated| Uncertainty|
    +--------+----------+----------+------------+
    |ap_clk  |  10.00 ns|  7.419 ns|     2.70 ns|
    +--------+----------+----------+------------+

+ Latency: 
    * Summary: 
    +---------+---------+----------+----------+--------+--------+---------+
    |  Latency (cycles) |  Latency (absolute) |     Interval    | Pipeline|
    |   min   |   max   |    min   |    max   |   min  |   max  |   Type  |
    +---------+---------+----------+----------+--------+--------+---------+
    |   182496|   182496|  1.825 ms|  1.825 ms|  182496|  182496|       no|
    +---------+---------+----------+----------+--------+--------+---------+

    + Detail: 
        * Instance: 
        N/A

        * Loop: 
        +--------------------+---------+---------+----------+-----------+-----------+------+----------+
        |                    |  Latency (cycles) | Iteration|  Initiation Interval  | Trip |          |
        |      Loop Name     |   min   |   max   |  Latency |  achieved |   target  | Count| Pipelined|
        +--------------------+---------+---------+----------+-----------+-----------+------+----------+
        |- VITIS_LOOP_241_1  |   182495|   182495|       210|          -|          -|  1600|        no|
        +--------------------+---------+---------+----------+-----------+-----------+------+----------+

============================================================
+ Verbose Summary: Synthesis Manager
============================================================
InlineROM: 1
ExposeGlobal: 0
============================================================
+ Verbose Summary: CDFG Model
============================================================
IsTopModel: 0
ResetActiveHigh: 1
IsCombinational: 2
IsDatapathOnly: 0
HasWiredReturn: 1
HasMFsm: 0
HasVarLatency: 1
IsPipeline: 0
IsRtlPipelined: 0
IsInstanceOverlapped: 0
IsDontTouch: 0
HasImplIP: 0
IsGatedGlobalClock: 0


============================================================
+ Verbose Summary: Schedule
============================================================
* Number of FSM states : 4
* Pipeline : 0
* Dataflow Pipeline: 1
  DF-Pipeline-0: Size = 3, States = { 2 3 4 }

* FSM state transitions: 
1 --> 2 
2 --> 3 
3 --> 4 
4 --> 2 

* FSM state operations: 

State 1 <SV = 0> <Delay = 0.42>
ST_1 : Operation 5 [1/1] (0.00ns)   --->   "%specinterface_ln0 = specinterface void @_ssdm_op_SpecInterface, i512 %gmem6, void @empty_41, i32 0, i32 0, void @empty_18, i32 0, i32 0, void @empty_7, void @empty_4, void @empty_18, i32 16, i32 16, i32 16, i32 16, void @empty_18, void @empty_18, i32 4294967295, i32 0, i32 0"   --->   Operation 5 'specinterface' 'specinterface_ln0' <Predicate = true> <Delay = 0.00>
ST_1 : Operation 6 [1/1] (0.00ns)   --->   "%specinterface_ln0 = specinterface void @_ssdm_op_SpecInterface, i512 %gmem5, void @empty_41, i32 0, i32 0, void @empty_18, i32 0, i32 0, void @empty_60, void @empty_4, void @empty_18, i32 16, i32 16, i32 16, i32 16, void @empty_18, void @empty_18, i32 4294967295, i32 0, i32 0"   --->   Operation 6 'specinterface' 'specinterface_ln0' <Predicate = true> <Delay = 0.00>
ST_1 : Operation 7 [1/1] (0.00ns)   --->   "%specinterface_ln0 = specinterface void @_ssdm_op_SpecInterface, i64 %gmem0, void @empty_41, i32 0, i32 0, void @empty_18, i32 0, i32 0, void @empty_23, void @empty_4, void @empty_18, i32 16, i32 16, i32 16, i32 16, void @empty_18, void @empty_18, i32 4294967295, i32 0, i32 0"   --->   Operation 7 'specinterface' 'specinterface_ln0' <Predicate = true> <Delay = 0.00>
ST_1 : Operation 8 [1/1] (0.00ns)   --->   "%fullImage_read = read i64 @_ssdm_op_Read.ap_auto.i64, i64 %fullImage" [/home/xiaorang/Documents/ATOMFLOW/Image_analysis/src/image_analysis.cpp:212]   --->   Operation 8 'read' 'fullImage_read' <Predicate = true> <Delay = 0.00>
ST_1 : Operation 9 [1/1] (0.00ns)   --->   "%imageProjs_0_0_val_read = read i32 @_ssdm_op_Read.ap_auto.float, i32 %imageProjs_0_0_val" [/home/xiaorang/Documents/ATOMFLOW/Image_analysis/src/image_analysis.cpp:212]   --->   Operation 9 'read' 'imageProjs_0_0_val_read' <Predicate = true> <Delay = 0.00>
ST_1 : Operation 10 [1/1] (0.00ns)   --->   "%imageProjs_local_read = read i64 @_ssdm_op_Read.ap_auto.i64, i64 %imageProjs_local" [/home/xiaorang/Documents/ATOMFLOW/Image_analysis/src/image_analysis.cpp:212]   --->   Operation 10 'read' 'imageProjs_local_read' <Predicate = true> <Delay = 0.00>
ST_1 : Operation 11 [1/1] (0.00ns)   --->   "%psfSupersample_read = read i32 @_ssdm_op_Read.ap_auto.i32, i32 %psfSupersample" [/home/xiaorang/Documents/ATOMFLOW/Image_analysis/src/image_analysis.cpp:212]   --->   Operation 11 'read' 'psfSupersample_read' <Predicate = true> <Delay = 0.00>
ST_1 : Operation 12 [1/1] (0.00ns)   --->   "%atomLocations_read = read i64 @_ssdm_op_Read.ap_auto.i64, i64 %atomLocations" [/home/xiaorang/Documents/ATOMFLOW/Image_analysis/src/image_analysis.cpp:212]   --->   Operation 12 'read' 'atomLocations_read' <Predicate = true> <Delay = 0.00>
ST_1 : Operation 13 [1/1] (0.00ns)   --->   "%projShape1_read = read i32 @_ssdm_op_Read.ap_auto.i32, i32 %projShape1" [/home/xiaorang/Documents/ATOMFLOW/Image_analysis/src/image_analysis.cpp:212]   --->   Operation 13 'read' 'projShape1_read' <Predicate = true> <Delay = 0.00>
ST_1 : Operation 14 [1/1] (0.00ns)   --->   "%projShape0_read = read i32 @_ssdm_op_Read.ap_auto.i32, i32 %projShape0" [/home/xiaorang/Documents/ATOMFLOW/Image_analysis/src/image_analysis.cpp:212]   --->   Operation 14 'read' 'projShape0_read' <Predicate = true> <Delay = 0.00>
ST_1 : Operation 15 [1/1] (0.00ns)   --->   "%atomLocationsSize_read = read i32 @_ssdm_op_Read.ap_auto.i32, i32 %atomLocationsSize" [/home/xiaorang/Documents/ATOMFLOW/Image_analysis/src/image_analysis.cpp:212]   --->   Operation 15 'read' 'atomLocationsSize_read' <Predicate = true> <Delay = 0.00>
ST_1 : Operation 16 [1/1] (0.42ns)   --->   "%br_ln241 = br void %for.cond" [/home/xiaorang/Documents/ATOMFLOW/Image_analysis/src/image_analysis.cpp:241]   --->   Operation 16 'br' 'br_ln241' <Predicate = true> <Delay = 0.42>

State 2 <SV = 1> <Delay = 1.01>
ST_2 : Operation 17 [1/1] (0.00ns)   --->   "%idx = phi i16 0, void %entry, i16 %add_ln241, void %codeRepl" [/home/xiaorang/Documents/ATOMFLOW/Image_analysis/src/image_analysis.cpp:241]   --->   Operation 17 'phi' 'idx' <Predicate = true> <Delay = 0.00>
ST_2 : Operation 18 [1/1] (0.00ns)   --->   "%zext_ln241 = zext i16 %idx" [/home/xiaorang/Documents/ATOMFLOW/Image_analysis/src/image_analysis.cpp:241]   --->   Operation 18 'zext' 'zext_ln241' <Predicate = true> <Delay = 0.00>
ST_2 : Operation 19 [1/1] (1.01ns)   --->   "%icmp_ln241 = icmp_slt  i32 %zext_ln241, i32 %atomLocationsSize_read" [/home/xiaorang/Documents/ATOMFLOW/Image_analysis/src/image_analysis.cpp:241]   --->   Operation 19 'icmp' 'icmp_ln241' <Predicate = true> <Delay = 1.01> <CoreInst = "Cmp">   --->   Core 9 'Cmp' <Latency = 0> <II = 1> <Delay = 1.01> <FuncUnit> <Opcode : 'seteq' 'setne' 'setle' 'setge' 'setlt' 'setgt'> <InPorts = 2> <OutPorts = 1>
ST_2 : Operation 20 [1/1] (0.85ns)   --->   "%add_ln241 = add i16 %idx, i16 1" [/home/xiaorang/Documents/ATOMFLOW/Image_analysis/src/image_analysis.cpp:241]   --->   Operation 20 'add' 'add_ln241' <Predicate = true> <Delay = 0.85> <CoreInst = "Adder">   --->   Core 1 'Adder' <Latency = 0> <II = 1> <Delay = 0.85> <FuncUnit> <Opcode : 'add' 'sub'> <InPorts = 2> <OutPorts = 1>
ST_2 : Operation 21 [1/1] (0.00ns)   --->   "%specdataflowpipeline_ln241 = specdataflowpipeline void @_ssdm_op_SpecDataflowPipeline, i32 4294967295, i32 0, void @dataflow_parent_loop_str, i16 %idx, i32 %atomLocationsSize, i32 0" [/home/xiaorang/Documents/ATOMFLOW/Image_analysis/src/image_analysis.cpp:241]   --->   Operation 21 'specdataflowpipeline' 'specdataflowpipeline_ln241' <Predicate = true> <Delay = 0.00>
ST_2 : Operation 22 [1/1] (0.00ns)   --->   "%br_ln241 = br i1 %icmp_ln241, void %for.end, void %codeRepl" [/home/xiaorang/Documents/ATOMFLOW/Image_analysis/src/image_analysis.cpp:241]   --->   Operation 22 'br' 'br_ln241' <Predicate = true> <Delay = 0.00>
ST_2 : Operation 23 [1/1] (0.00ns)   --->   "%ret_ln277 = ret" [/home/xiaorang/Documents/ATOMFLOW/Image_analysis/src/image_analysis.cpp:277]   --->   Operation 23 'ret' 'ret_ln277' <Predicate = (!icmp_ln241)> <Delay = 0.00>

State 3 <SV = 2> <Delay = 7.30>
ST_3 : Operation 24 [2/2] (7.30ns)   --->   "%call_ln257 = call void @dataflow_in_loop_VITIS_LOOP_241_1.1, i16 %idx, i32 %psfSupersample_read, i32 %projShape0_read, i32 %projShape1_read, i64 %gmem0, i64 %atomLocations_read, i512 %gmem6, i64 %fullImage_read, i512 %gmem5, i64 %imageProjs_local_read, i32 %imageProjs_0_0_val_read, i32 %emissions_0, i32 %emissions_1, i32 %emissions_2, i32 %emissions_3, i32 %emissions_4, i32 %emissions_5, i32 %emissions_6, i32 %emissions_7, i23 %mask_table, i24 %one_half_table" [/home/xiaorang/Documents/ATOMFLOW/Image_analysis/src/image_analysis.cpp:257]   --->   Operation 24 'call' 'call_ln257' <Predicate = (icmp_ln241)> <Delay = 7.30> <CoreType = "Generic">   --->   Generic Core

State 4 <SV = 3> <Delay = 0.00>
ST_4 : Operation 25 [1/1] (0.00ns)   --->   "%speclooptripcount_ln250 = speclooptripcount void @_ssdm_op_SpecLoopTripCount, i64 1600, i64 1600, i64 1600" [/home/xiaorang/Documents/ATOMFLOW/Image_analysis/src/image_analysis.cpp:250]   --->   Operation 25 'speclooptripcount' 'speclooptripcount_ln250' <Predicate = (icmp_ln241)> <Delay = 0.00>
ST_4 : Operation 26 [1/1] (0.00ns)   --->   "%specloopname_ln241 = specloopname void @_ssdm_op_SpecLoopName, void @empty_36" [/home/xiaorang/Documents/ATOMFLOW/Image_analysis/src/image_analysis.cpp:241]   --->   Operation 26 'specloopname' 'specloopname_ln241' <Predicate = (icmp_ln241)> <Delay = 0.00>
ST_4 : Operation 27 [1/2] (0.00ns)   --->   "%call_ln257 = call void @dataflow_in_loop_VITIS_LOOP_241_1.1, i16 %idx, i32 %psfSupersample_read, i32 %projShape0_read, i32 %projShape1_read, i64 %gmem0, i64 %atomLocations_read, i512 %gmem6, i64 %fullImage_read, i512 %gmem5, i64 %imageProjs_local_read, i32 %imageProjs_0_0_val_read, i32 %emissions_0, i32 %emissions_1, i32 %emissions_2, i32 %emissions_3, i32 %emissions_4, i32 %emissions_5, i32 %emissions_6, i32 %emissions_7, i23 %mask_table, i24 %one_half_table" [/home/xiaorang/Documents/ATOMFLOW/Image_analysis/src/image_analysis.cpp:257]   --->   Operation 27 'call' 'call_ln257' <Predicate = (icmp_ln241)> <Delay = 0.00> <CoreType = "Generic">   --->   Generic Core
ST_4 : Operation 28 [1/1] (0.00ns)   --->   "%br_ln241 = br void %for.cond" [/home/xiaorang/Documents/ATOMFLOW/Image_analysis/src/image_analysis.cpp:241]   --->   Operation 28 'br' 'br_ln241' <Predicate = (icmp_ln241)> <Delay = 0.00>


============================================================
+ Verbose Summary: Timing violations
============================================================
Target clock period: 10.000ns, clock uncertainty: 2.700ns.

 <State 1>: 0.427ns
The critical path consists of the following:
	multiplexor before 'phi' operation 16 bit ('idx', /home/xiaorang/Documents/ATOMFLOW/Image_analysis/src/image_analysis.cpp:241) with incoming values : ('add_ln241', /home/xiaorang/Documents/ATOMFLOW/Image_analysis/src/image_analysis.cpp:241) [35]  (0.427 ns)

 <State 2>: 1.016ns
The critical path consists of the following:
	'phi' operation 16 bit ('idx', /home/xiaorang/Documents/ATOMFLOW/Image_analysis/src/image_analysis.cpp:241) with incoming values : ('add_ln241', /home/xiaorang/Documents/ATOMFLOW/Image_analysis/src/image_analysis.cpp:241) [35]  (0.000 ns)
	'icmp' operation 1 bit ('icmp_ln241', /home/xiaorang/Documents/ATOMFLOW/Image_analysis/src/image_analysis.cpp:241) [37]  (1.016 ns)

 <State 3>: 7.300ns
The critical path consists of the following:
	'call' operation 0 bit ('call_ln257', /home/xiaorang/Documents/ATOMFLOW/Image_analysis/src/image_analysis.cpp:257) to 'dataflow_in_loop_VITIS_LOOP_241_1.1' [44]  (7.300 ns)

 <State 4>: 0.000ns
The critical path consists of the following:


============================================================
+ Verbose Summary: Binding
============================================================
N/A
* FSMD analyzer results:
  - Output states:
 - Input state : 
  - Chain level:
	State 1
	State 2
	State 3
	State 4


============================================================
+ Verbose Summary: Datapath Resource usage 
============================================================
N/A
