

================================================================
== Vitis HLS Report for 'sortRemainingRowsOrCols_HLSMoveStream_Pipeline_VITIS_LOOP_643_6'
================================================================
* Date:           Thu Mar 26 11:03:17 2026

* Version:        2024.2 (Build 5238294 on Nov  8 2024)
* Project:        atomflow_controller_2024_2
* Solution:       hls (Vivado IP Flow Target)
* Product family: zynquplusRFSOC
* Target device:  xczu49dr-ffvf1760-2-e


================================================================
== Performance Estimates
================================================================
+ Timing: 
    * Summary: 
    +--------+----------+----------+------------+
    |  Clock |  Target  | Estimated| Uncertainty|
    +--------+----------+----------+------------+
    |ap_clk  |  10.00 ns|  2.923 ns|     2.70 ns|
    +--------+----------+----------+------------+

+ Latency: 
    * Summary: 
    +---------+---------+-----------+----------+-----+-----+------------------------------------------------+
    |  Latency (cycles) |  Latency (absolute)  |  Interval |                    Pipeline                    |
    |   min   |   max   |    min    |    max   | min | max |                      Type                      |
    +---------+---------+-----------+----------+-----+-----+------------------------------------------------+
    |        2|      258|  20.000 ns|  2.580 us|    1|  257|  loop auto-rewind stp (delay=0 clock cycles(s))|
    +---------+---------+-----------+----------+-----+-----+------------------------------------------------+

    + Detail: 
        * Instance: 
        N/A

        * Loop: 
        +--------------------+---------+---------+----------+-----------+-----------+---------+----------+
        |                    |  Latency (cycles) | Iteration|  Initiation Interval  |   Trip  |          |
        |      Loop Name     |   min   |   max   |  Latency |  achieved |   target  |  Count  | Pipelined|
        +--------------------+---------+---------+----------+-----------+-----------+---------+----------+
        |- VITIS_LOOP_643_6  |        0|      256|         2|          1|          1|  0 ~ 256|       yes|
        +--------------------+---------+---------+----------+-----------+-----------+---------+----------+

============================================================
+ Verbose Summary: Synthesis Manager
============================================================
InlineROM: 1
ExposeGlobal: 0
============================================================
+ Verbose Summary: CDFG Model
============================================================
IsTopModel: 0
ResetActiveHigh: 1
IsCombinational: 0
IsDatapathOnly: 0
HasWiredReturn: 1
HasMFsm: 2
HasVarLatency: 1
IsPipeline: 0
IsRtlPipelined: 0
IsInstanceOverlapped: 0
IsDontTouch: 0
HasImplIP: 0
IsGatedGlobalClock: 0

+ Individual pipeline summary: 
  * Pipeline-0: initiation interval (II) = 1, depth = 3


============================================================
+ Verbose Summary: Schedule
============================================================
* Number of FSM states : 3
* Pipeline : 1
  Pipeline-0 : II = 1, D = 3, States = { 1 2 3 }
* Dataflow Pipeline: 0

* FSM state transitions: 
1 --> 2 
2 --> 3 
3 --> 

* FSM state operations: 

State 1 <SV = 0> <Delay = 0.42>
ST_1 : Operation 5 [1/1] (0.00ns)   --->   "%reuse_addr_reg = alloca i32 1"   --->   Operation 5 'alloca' 'reuse_addr_reg' <Predicate = true> <Delay = 0.00>
ST_1 : Operation 6 [1/1] (0.00ns)   --->   "%reuse_reg = alloca i32 1"   --->   Operation 6 'alloca' 'reuse_reg' <Predicate = true> <Delay = 0.00>
ST_1 : Operation 7 [1/1] (0.00ns)   --->   "%writeIdx = alloca i32 1" [/home/xiaorang/Documents/ATOMFLOW/sorting-organized-main/src/sortLatticeByRow.cpp:642->/home/xiaorang/Documents/ATOMFLOW/sorting-organized-main/src/sortLatticeByRow.cpp:1833]   --->   Operation 7 'alloca' 'writeIdx' <Predicate = true> <Delay = 0.00>
ST_1 : Operation 8 [1/1] (0.00ns)   --->   "%readIdx = alloca i32 1" [/home/xiaorang/Documents/ATOMFLOW/sorting-organized-main/src/sortLatticeByRow.cpp:643->/home/xiaorang/Documents/ATOMFLOW/sorting-organized-main/src/sortLatticeByRow.cpp:1833]   --->   Operation 8 'alloca' 'readIdx' <Predicate = true> <Delay = 0.00>
ST_1 : Operation 9 [1/1] (0.00ns)   --->   "%specmemcore_ln0 = specmemcore void @_ssdm_op_SpecMemCore, i32 %unusableInfo_usableAtoms_data, i64 666, i64 22, i64 18446744073709551615"   --->   Operation 9 'specmemcore' 'specmemcore_ln0' <Predicate = true> <Delay = 0.00>
ST_1 : Operation 10 [1/1] (0.00ns)   --->   "%zext_ln620_1_read = read i16 @_ssdm_op_Read.ap_auto.i16, i16 %zext_ln620_1"   --->   Operation 10 'read' 'zext_ln620_1_read' <Predicate = true> <Delay = 0.00>
ST_1 : Operation 11 [1/1] (0.00ns)   --->   "%backIdx_1_reload_read = read i16 @_ssdm_op_Read.ap_auto.i16, i16 %backIdx_1_reload"   --->   Operation 11 'read' 'backIdx_1_reload_read' <Predicate = true> <Delay = 0.00>
ST_1 : Operation 12 [1/1] (0.00ns)   --->   "%frontIdx_reload_read = read i16 @_ssdm_op_Read.ap_auto.i16, i16 %frontIdx_reload"   --->   Operation 12 'read' 'frontIdx_reload_read' <Predicate = true> <Delay = 0.00>
ST_1 : Operation 13 [1/1] (0.42ns)   --->   "%store_ln643 = store i16 %frontIdx_reload_read, i16 %readIdx" [/home/xiaorang/Documents/ATOMFLOW/sorting-organized-main/src/sortLatticeByRow.cpp:643->/home/xiaorang/Documents/ATOMFLOW/sorting-organized-main/src/sortLatticeByRow.cpp:1833]   --->   Operation 13 'store' 'store_ln643' <Predicate = true> <Delay = 0.42>
ST_1 : Operation 14 [1/1] (0.42ns)   --->   "%store_ln642 = store i9 0, i9 %writeIdx" [/home/xiaorang/Documents/ATOMFLOW/sorting-organized-main/src/sortLatticeByRow.cpp:642->/home/xiaorang/Documents/ATOMFLOW/sorting-organized-main/src/sortLatticeByRow.cpp:1833]   --->   Operation 14 'store' 'store_ln642' <Predicate = true> <Delay = 0.42>
ST_1 : Operation 15 [1/1] (0.42ns)   --->   "%store_ln0 = store i32 0, i32 %reuse_reg"   --->   Operation 15 'store' 'store_ln0' <Predicate = true> <Delay = 0.42>
ST_1 : Operation 16 [1/1] (0.42ns)   --->   "%store_ln0 = store i64 18446744073709551615, i64 %reuse_addr_reg"   --->   Operation 16 'store' 'store_ln0' <Predicate = true> <Delay = 0.42>
ST_1 : Operation 17 [1/1] (0.00ns)   --->   "%br_ln0 = br void %for.cond147.i"   --->   Operation 17 'br' 'br_ln0' <Predicate = true> <Delay = 0.00>

State 2 <SV = 1> <Delay = 2.09>
ST_2 : Operation 18 [1/1] (0.00ns)   --->   "%writeIdx_1 = load i9 %writeIdx" [/home/xiaorang/Documents/ATOMFLOW/sorting-organized-main/src/sortLatticeByRow.cpp:648->/home/xiaorang/Documents/ATOMFLOW/sorting-organized-main/src/sortLatticeByRow.cpp:1833]   --->   Operation 18 'load' 'writeIdx_1' <Predicate = true> <Delay = 0.00>
ST_2 : Operation 19 [1/1] (0.00ns)   --->   "%readIdx_2 = load i16 %readIdx" [/home/xiaorang/Documents/ATOMFLOW/sorting-organized-main/src/sortLatticeByRow.cpp:643->/home/xiaorang/Documents/ATOMFLOW/sorting-organized-main/src/sortLatticeByRow.cpp:1833]   --->   Operation 19 'load' 'readIdx_2' <Predicate = true> <Delay = 0.00>
ST_2 : Operation 20 [1/1] (0.85ns)   --->   "%icmp_ln643 = icmp_ult  i16 %backIdx_1_reload_read, i16 %readIdx_2" [/home/xiaorang/Documents/ATOMFLOW/sorting-organized-main/src/sortLatticeByRow.cpp:643->/home/xiaorang/Documents/ATOMFLOW/sorting-organized-main/src/sortLatticeByRow.cpp:1833]   --->   Operation 20 'icmp' 'icmp_ln643' <Predicate = true> <Delay = 0.85> <CoreInst = "Cmp">   --->   Core 9 'Cmp' <Latency = 0> <II = 1> <Delay = 0.85> <FuncUnit> <Opcode : 'seteq' 'setne' 'setle' 'setge' 'setlt' 'setgt'> <InPorts = 2> <OutPorts = 1>
ST_2 : Operation 21 [1/1] (0.00ns)   --->   "%tmp = partselect i8 @_ssdm_op_PartSelect.i8.i16.i32.i32, i16 %readIdx_2, i32 8, i32 15" [/home/xiaorang/Documents/ATOMFLOW/sorting-organized-main/src/sortLatticeByRow.cpp:643->/home/xiaorang/Documents/ATOMFLOW/sorting-organized-main/src/sortLatticeByRow.cpp:1833]   --->   Operation 21 'partselect' 'tmp' <Predicate = true> <Delay = 0.00>
ST_2 : Operation 22 [1/1] (0.76ns)   --->   "%icmp_ln643_1 = icmp_ne  i8 %tmp, i8 0" [/home/xiaorang/Documents/ATOMFLOW/sorting-organized-main/src/sortLatticeByRow.cpp:643->/home/xiaorang/Documents/ATOMFLOW/sorting-organized-main/src/sortLatticeByRow.cpp:1833]   --->   Operation 22 'icmp' 'icmp_ln643_1' <Predicate = true> <Delay = 0.76> <CoreInst = "Cmp">   --->   Core 9 'Cmp' <Latency = 0> <II = 1> <Delay = 0.76> <FuncUnit> <Opcode : 'seteq' 'setne' 'setle' 'setge' 'setlt' 'setgt'> <InPorts = 2> <OutPorts = 1>
ST_2 : Operation 23 [1/1] (0.28ns)   --->   "%or_ln643 = or i1 %icmp_ln643, i1 %icmp_ln643_1" [/home/xiaorang/Documents/ATOMFLOW/sorting-organized-main/src/sortLatticeByRow.cpp:643->/home/xiaorang/Documents/ATOMFLOW/sorting-organized-main/src/sortLatticeByRow.cpp:1833]   --->   Operation 23 'or' 'or_ln643' <Predicate = true> <Delay = 0.28> <CoreInst = "LogicGate">   --->   Core 74 'LogicGate' <Latency = 0> <II = 1> <Delay = 0.28> <FuncUnit> <Opcode : 'and' 'or' 'xor'> <InPorts = 2> <OutPorts = 1>
ST_2 : Operation 24 [1/1] (0.77ns)   --->   "%writeIdx_2 = add i9 %writeIdx_1, i9 1" [/home/xiaorang/Documents/ATOMFLOW/sorting-organized-main/src/sortLatticeByRow.cpp:648->/home/xiaorang/Documents/ATOMFLOW/sorting-organized-main/src/sortLatticeByRow.cpp:1833]   --->   Operation 24 'add' 'writeIdx_2' <Predicate = true> <Delay = 0.77> <CoreInst = "Adder">   --->   Core 1 'Adder' <Latency = 0> <II = 1> <Delay = 0.77> <FuncUnit> <Opcode : 'add' 'sub'> <InPorts = 2> <OutPorts = 1>
ST_2 : Operation 25 [1/1] (0.00ns)   --->   "%br_ln643 = br i1 %or_ln643, void %for.inc164.i, void %for.end167.i.exitStub" [/home/xiaorang/Documents/ATOMFLOW/sorting-organized-main/src/sortLatticeByRow.cpp:643->/home/xiaorang/Documents/ATOMFLOW/sorting-organized-main/src/sortLatticeByRow.cpp:1833]   --->   Operation 25 'br' 'br_ln643' <Predicate = true> <Delay = 0.00>
ST_2 : Operation 26 [1/1] (0.85ns)   --->   "%add_ln648 = add i16 %zext_ln620_1_read, i16 %readIdx_2" [/home/xiaorang/Documents/ATOMFLOW/sorting-organized-main/src/sortLatticeByRow.cpp:648->/home/xiaorang/Documents/ATOMFLOW/sorting-organized-main/src/sortLatticeByRow.cpp:1833]   --->   Operation 26 'add' 'add_ln648' <Predicate = (!or_ln643)> <Delay = 0.85> <CoreInst = "Adder">   --->   Core 1 'Adder' <Latency = 0> <II = 1> <Delay = 0.85> <FuncUnit> <Opcode : 'add' 'sub'> <InPorts = 2> <OutPorts = 1>
ST_2 : Operation 27 [1/1] (0.00ns)   --->   "%zext_ln648 = zext i16 %add_ln648" [/home/xiaorang/Documents/ATOMFLOW/sorting-organized-main/src/sortLatticeByRow.cpp:648->/home/xiaorang/Documents/ATOMFLOW/sorting-organized-main/src/sortLatticeByRow.cpp:1833]   --->   Operation 27 'zext' 'zext_ln648' <Predicate = (!or_ln643)> <Delay = 0.00>
ST_2 : Operation 28 [1/1] (0.00ns)   --->   "%unusableInfo_usableAtoms_data_addr = getelementptr i32 %unusableInfo_usableAtoms_data, i64 0, i64 %zext_ln648" [/home/xiaorang/Documents/ATOMFLOW/sorting-organized-main/src/sortLatticeByRow.cpp:648->/home/xiaorang/Documents/ATOMFLOW/sorting-organized-main/src/sortLatticeByRow.cpp:1833]   --->   Operation 28 'getelementptr' 'unusableInfo_usableAtoms_data_addr' <Predicate = (!or_ln643)> <Delay = 0.00>
ST_2 : Operation 29 [1/1] (0.00ns)   --->   "%reuse_addr_reg_load = load i64 %reuse_addr_reg"   --->   Operation 29 'load' 'reuse_addr_reg_load' <Predicate = (!or_ln643)> <Delay = 0.00>
ST_2 : Operation 30 [2/2] (1.23ns)   --->   "%unusableInfo_usableAtoms_data_load = load i16 %unusableInfo_usableAtoms_data_addr" [/home/xiaorang/Documents/ATOMFLOW/sorting-organized-main/src/sortLatticeByRow.cpp:648->/home/xiaorang/Documents/ATOMFLOW/sorting-organized-main/src/sortLatticeByRow.cpp:1833]   --->   Operation 30 'load' 'unusableInfo_usableAtoms_data_load' <Predicate = (!or_ln643)> <Delay = 1.23> <CoreInst = "RAM_2P_BRAM">   --->   Core 93 'RAM_2P_BRAM' <Latency = 1> <II = 1> <Delay = 1.23> <Storage> <Opcode : 'load' 'store'> <Ports = 2> <Width = 32> <Depth = 65536> <RAM>
ST_2 : Operation 31 [1/1] (1.08ns)   --->   "%addr_cmp = icmp_eq  i64 %reuse_addr_reg_load, i64 %zext_ln648" [/home/xiaorang/Documents/ATOMFLOW/sorting-organized-main/src/sortLatticeByRow.cpp:648->/home/xiaorang/Documents/ATOMFLOW/sorting-organized-main/src/sortLatticeByRow.cpp:1833]   --->   Operation 31 'icmp' 'addr_cmp' <Predicate = (!or_ln643)> <Delay = 1.08> <CoreInst = "Cmp">   --->   Core 9 'Cmp' <Latency = 0> <II = 1> <Delay = 1.08> <FuncUnit> <Opcode : 'seteq' 'setne' 'setle' 'setge' 'setlt' 'setgt'> <InPorts = 2> <OutPorts = 1>
ST_2 : Operation 32 [1/1] (0.00ns)   --->   "%zext_ln648_1 = zext i9 %writeIdx_1" [/home/xiaorang/Documents/ATOMFLOW/sorting-organized-main/src/sortLatticeByRow.cpp:648->/home/xiaorang/Documents/ATOMFLOW/sorting-organized-main/src/sortLatticeByRow.cpp:1833]   --->   Operation 32 'zext' 'zext_ln648_1' <Predicate = (!or_ln643)> <Delay = 0.00>
ST_2 : Operation 33 [1/1] (0.85ns)   --->   "%add_ln648_2 = add i16 %zext_ln620_1_read, i16 %zext_ln648_1" [/home/xiaorang/Documents/ATOMFLOW/sorting-organized-main/src/sortLatticeByRow.cpp:648->/home/xiaorang/Documents/ATOMFLOW/sorting-organized-main/src/sortLatticeByRow.cpp:1833]   --->   Operation 33 'add' 'add_ln648_2' <Predicate = (!or_ln643)> <Delay = 0.85> <CoreInst = "Adder">   --->   Core 1 'Adder' <Latency = 0> <II = 1> <Delay = 0.85> <FuncUnit> <Opcode : 'add' 'sub'> <InPorts = 2> <OutPorts = 1>
ST_2 : Operation 34 [1/1] (0.00ns)   --->   "%zext_ln648_2 = zext i16 %add_ln648_2" [/home/xiaorang/Documents/ATOMFLOW/sorting-organized-main/src/sortLatticeByRow.cpp:648->/home/xiaorang/Documents/ATOMFLOW/sorting-organized-main/src/sortLatticeByRow.cpp:1833]   --->   Operation 34 'zext' 'zext_ln648_2' <Predicate = (!or_ln643)> <Delay = 0.00>
ST_2 : Operation 35 [1/1] (0.42ns)   --->   "%store_ln648 = store i64 %zext_ln648_2, i64 %reuse_addr_reg" [/home/xiaorang/Documents/ATOMFLOW/sorting-organized-main/src/sortLatticeByRow.cpp:648->/home/xiaorang/Documents/ATOMFLOW/sorting-organized-main/src/sortLatticeByRow.cpp:1833]   --->   Operation 35 'store' 'store_ln648' <Predicate = (!or_ln643)> <Delay = 0.42>
ST_2 : Operation 36 [1/1] (0.85ns)   --->   "%readIdx_3 = add i16 %readIdx_2, i16 1" [/home/xiaorang/Documents/ATOMFLOW/sorting-organized-main/src/sortLatticeByRow.cpp:643->/home/xiaorang/Documents/ATOMFLOW/sorting-organized-main/src/sortLatticeByRow.cpp:1833]   --->   Operation 36 'add' 'readIdx_3' <Predicate = (!or_ln643)> <Delay = 0.85> <CoreInst = "Adder">   --->   Core 1 'Adder' <Latency = 0> <II = 1> <Delay = 0.85> <FuncUnit> <Opcode : 'add' 'sub'> <InPorts = 2> <OutPorts = 1>
ST_2 : Operation 37 [1/1] (0.42ns)   --->   "%store_ln643 = store i16 %readIdx_3, i16 %readIdx" [/home/xiaorang/Documents/ATOMFLOW/sorting-organized-main/src/sortLatticeByRow.cpp:643->/home/xiaorang/Documents/ATOMFLOW/sorting-organized-main/src/sortLatticeByRow.cpp:1833]   --->   Operation 37 'store' 'store_ln643' <Predicate = (!or_ln643)> <Delay = 0.42>
ST_2 : Operation 38 [1/1] (0.42ns)   --->   "%store_ln642 = store i9 %writeIdx_2, i9 %writeIdx" [/home/xiaorang/Documents/ATOMFLOW/sorting-organized-main/src/sortLatticeByRow.cpp:642->/home/xiaorang/Documents/ATOMFLOW/sorting-organized-main/src/sortLatticeByRow.cpp:1833]   --->   Operation 38 'store' 'store_ln642' <Predicate = (!or_ln643)> <Delay = 0.42>
ST_2 : Operation 49 [1/1] (0.00ns)   --->   "%write_ln648 = write void @_ssdm_op_Write.ap_auto.i9P0A, i9 %writeIdx_out, i9 %writeIdx_1" [/home/xiaorang/Documents/ATOMFLOW/sorting-organized-main/src/sortLatticeByRow.cpp:648->/home/xiaorang/Documents/ATOMFLOW/sorting-organized-main/src/sortLatticeByRow.cpp:1833]   --->   Operation 49 'write' 'write_ln648' <Predicate = (or_ln643)> <Delay = 0.00>
ST_2 : Operation 50 [1/1] (0.42ns)   --->   "%ret_ln0 = ret"   --->   Operation 50 'ret' 'ret_ln0' <Predicate = (or_ln643)> <Delay = 0.42>

State 3 <SV = 2> <Delay = 2.92>
ST_3 : Operation 39 [1/1] (0.00ns)   --->   "%specpipeline_ln645 = specpipeline void @_ssdm_op_SpecPipeline, i32 1, i32 0, i32 0, i32 0, void @empty_18" [/home/xiaorang/Documents/ATOMFLOW/sorting-organized-main/src/sortLatticeByRow.cpp:645->/home/xiaorang/Documents/ATOMFLOW/sorting-organized-main/src/sortLatticeByRow.cpp:1833]   --->   Operation 39 'specpipeline' 'specpipeline_ln645' <Predicate = true> <Delay = 0.00>
ST_3 : Operation 40 [1/1] (0.00ns)   --->   "%speclooptripcount_ln646 = speclooptripcount void @_ssdm_op_SpecLoopTripCount, i64 0, i64 256, i64 128" [/home/xiaorang/Documents/ATOMFLOW/sorting-organized-main/src/sortLatticeByRow.cpp:646->/home/xiaorang/Documents/ATOMFLOW/sorting-organized-main/src/sortLatticeByRow.cpp:1833]   --->   Operation 40 'speclooptripcount' 'speclooptripcount_ln646' <Predicate = true> <Delay = 0.00>
ST_3 : Operation 41 [1/1] (0.00ns)   --->   "%specloopname_ln643 = specloopname void @_ssdm_op_SpecLoopName, void @empty_101" [/home/xiaorang/Documents/ATOMFLOW/sorting-organized-main/src/sortLatticeByRow.cpp:643->/home/xiaorang/Documents/ATOMFLOW/sorting-organized-main/src/sortLatticeByRow.cpp:1833]   --->   Operation 41 'specloopname' 'specloopname_ln643' <Predicate = true> <Delay = 0.00>
ST_3 : Operation 42 [1/1] (0.00ns)   --->   "%reuse_reg_load = load i32 %reuse_reg"   --->   Operation 42 'load' 'reuse_reg_load' <Predicate = (addr_cmp)> <Delay = 0.00>
ST_3 : Operation 43 [1/2] ( I:1.23ns O:1.23ns )   --->   "%unusableInfo_usableAtoms_data_load = load i16 %unusableInfo_usableAtoms_data_addr" [/home/xiaorang/Documents/ATOMFLOW/sorting-organized-main/src/sortLatticeByRow.cpp:648->/home/xiaorang/Documents/ATOMFLOW/sorting-organized-main/src/sortLatticeByRow.cpp:1833]   --->   Operation 43 'load' 'unusableInfo_usableAtoms_data_load' <Predicate = true> <Delay = 1.23> <CoreInst = "RAM_2P_BRAM">   --->   Core 93 'RAM_2P_BRAM' <Latency = 1> <II = 1> <Delay = 1.23> <Storage> <Opcode : 'load' 'store'> <Ports = 2> <Width = 32> <Depth = 65536> <RAM>
ST_3 : Operation 44 [1/1] (0.44ns)   --->   "%reuse_select = select i1 %addr_cmp, i32 %reuse_reg_load, i32 %unusableInfo_usableAtoms_data_load" [/home/xiaorang/Documents/ATOMFLOW/sorting-organized-main/src/sortLatticeByRow.cpp:648->/home/xiaorang/Documents/ATOMFLOW/sorting-organized-main/src/sortLatticeByRow.cpp:1833]   --->   Operation 44 'select' 'reuse_select' <Predicate = true> <Delay = 0.44> <CoreInst = "Sel">   --->   Core 73 'Sel' <Latency = 0> <II = 1> <Delay = 0.44> <FuncUnit> <Opcode : 'select'> <InPorts = 3> <OutPorts = 1>
ST_3 : Operation 45 [1/1] (0.00ns)   --->   "%unusableInfo_usableAtoms_data_addr_1 = getelementptr i32 %unusableInfo_usableAtoms_data, i64 0, i64 %zext_ln648_2" [/home/xiaorang/Documents/ATOMFLOW/sorting-organized-main/src/sortLatticeByRow.cpp:648->/home/xiaorang/Documents/ATOMFLOW/sorting-organized-main/src/sortLatticeByRow.cpp:1833]   --->   Operation 45 'getelementptr' 'unusableInfo_usableAtoms_data_addr_1' <Predicate = true> <Delay = 0.00>
ST_3 : Operation 46 [1/1] ( I:1.23ns O:1.23ns )   --->   "%store_ln648 = store i32 %reuse_select, i16 %unusableInfo_usableAtoms_data_addr_1" [/home/xiaorang/Documents/ATOMFLOW/sorting-organized-main/src/sortLatticeByRow.cpp:648->/home/xiaorang/Documents/ATOMFLOW/sorting-organized-main/src/sortLatticeByRow.cpp:1833]   --->   Operation 46 'store' 'store_ln648' <Predicate = true> <Delay = 1.23> <CoreInst = "RAM_2P_BRAM">   --->   Core 93 'RAM_2P_BRAM' <Latency = 1> <II = 1> <Delay = 1.23> <Storage> <Opcode : 'load' 'store'> <Ports = 2> <Width = 32> <Depth = 65536> <RAM>
ST_3 : Operation 47 [1/1] (0.42ns)   --->   "%store_ln648 = store i32 %reuse_select, i32 %reuse_reg" [/home/xiaorang/Documents/ATOMFLOW/sorting-organized-main/src/sortLatticeByRow.cpp:648->/home/xiaorang/Documents/ATOMFLOW/sorting-organized-main/src/sortLatticeByRow.cpp:1833]   --->   Operation 47 'store' 'store_ln648' <Predicate = true> <Delay = 0.42>
ST_3 : Operation 48 [1/1] (0.00ns)   --->   "%br_ln643 = br void %for.cond147.i" [/home/xiaorang/Documents/ATOMFLOW/sorting-organized-main/src/sortLatticeByRow.cpp:643->/home/xiaorang/Documents/ATOMFLOW/sorting-organized-main/src/sortLatticeByRow.cpp:1833]   --->   Operation 48 'br' 'br_ln643' <Predicate = true> <Delay = 0.00>


============================================================
+ Verbose Summary: Timing violations
============================================================
Target clock period: 10.000ns, clock uncertainty: 2.700ns.

 <State 1>: 0.427ns
The critical path consists of the following:
	'alloca' operation 16 bit ('readIdx', /home/xiaorang/Documents/ATOMFLOW/sorting-organized-main/src/sortLatticeByRow.cpp:643->/home/xiaorang/Documents/ATOMFLOW/sorting-organized-main/src/sortLatticeByRow.cpp:1833) [9]  (0.000 ns)
	'store' operation 0 bit ('store_ln643', /home/xiaorang/Documents/ATOMFLOW/sorting-organized-main/src/sortLatticeByRow.cpp:643->/home/xiaorang/Documents/ATOMFLOW/sorting-organized-main/src/sortLatticeByRow.cpp:1833) of variable 'frontIdx_reload_read' on local variable 'readIdx', /home/xiaorang/Documents/ATOMFLOW/sorting-organized-main/src/sortLatticeByRow.cpp:643->/home/xiaorang/Documents/ATOMFLOW/sorting-organized-main/src/sortLatticeByRow.cpp:1833 [14]  (0.427 ns)

 <State 2>: 2.090ns
The critical path consists of the following:
	'load' operation 16 bit ('readIdx', /home/xiaorang/Documents/ATOMFLOW/sorting-organized-main/src/sortLatticeByRow.cpp:643->/home/xiaorang/Documents/ATOMFLOW/sorting-organized-main/src/sortLatticeByRow.cpp:1833) on local variable 'readIdx', /home/xiaorang/Documents/ATOMFLOW/sorting-organized-main/src/sortLatticeByRow.cpp:643->/home/xiaorang/Documents/ATOMFLOW/sorting-organized-main/src/sortLatticeByRow.cpp:1833 [21]  (0.000 ns)
	'add' operation 16 bit ('add_ln648', /home/xiaorang/Documents/ATOMFLOW/sorting-organized-main/src/sortLatticeByRow.cpp:648->/home/xiaorang/Documents/ATOMFLOW/sorting-organized-main/src/sortLatticeByRow.cpp:1833) [32]  (0.853 ns)
	'getelementptr' operation 16 bit ('unusableInfo_usableAtoms_data_addr', /home/xiaorang/Documents/ATOMFLOW/sorting-organized-main/src/sortLatticeByRow.cpp:648->/home/xiaorang/Documents/ATOMFLOW/sorting-organized-main/src/sortLatticeByRow.cpp:1833) [34]  (0.000 ns)
	'load' operation 32 bit ('unusableInfo_usableAtoms_data_load', /home/xiaorang/Documents/ATOMFLOW/sorting-organized-main/src/sortLatticeByRow.cpp:648->/home/xiaorang/Documents/ATOMFLOW/sorting-organized-main/src/sortLatticeByRow.cpp:1833) on array 'unusableInfo_usableAtoms_data' [37]  (1.237 ns)

 <State 3>: 2.923ns
The critical path consists of the following:
	'load' operation 32 bit ('unusableInfo_usableAtoms_data_load', /home/xiaorang/Documents/ATOMFLOW/sorting-organized-main/src/sortLatticeByRow.cpp:648->/home/xiaorang/Documents/ATOMFLOW/sorting-organized-main/src/sortLatticeByRow.cpp:1833) on array 'unusableInfo_usableAtoms_data' [37]  (1.237 ns)
	'select' operation 32 bit ('reuse_select', /home/xiaorang/Documents/ATOMFLOW/sorting-organized-main/src/sortLatticeByRow.cpp:648->/home/xiaorang/Documents/ATOMFLOW/sorting-organized-main/src/sortLatticeByRow.cpp:1833) [39]  (0.449 ns)
	'store' operation 0 bit ('store_ln648', /home/xiaorang/Documents/ATOMFLOW/sorting-organized-main/src/sortLatticeByRow.cpp:648->/home/xiaorang/Documents/ATOMFLOW/sorting-organized-main/src/sortLatticeByRow.cpp:1833) of variable 'reuse_select', /home/xiaorang/Documents/ATOMFLOW/sorting-organized-main/src/sortLatticeByRow.cpp:648->/home/xiaorang/Documents/ATOMFLOW/sorting-organized-main/src/sortLatticeByRow.cpp:1833 on array 'unusableInfo_usableAtoms_data' [44]  (1.237 ns)


============================================================
+ Verbose Summary: Binding
============================================================
N/A
* FSMD analyzer results:
  - Output states:
 - Input state : 
  - Chain level:
	State 1
	State 2
	State 3


============================================================
+ Verbose Summary: Datapath Resource usage 
============================================================
N/A
