

================================================================
== Vitis HLS Report for 'sortRemainingRowsOrCols_HLSMoveStream_Pipeline_VITIS_LOOP_1331_49'
================================================================
* Date:           Thu Mar 26 11:03:18 2026

* Version:        2024.2 (Build 5238294 on Nov  8 2024)
* Project:        atomflow_controller_2024_2
* Solution:       hls (Vivado IP Flow Target)
* Product family: zynquplusRFSOC
* Target device:  xczu49dr-ffvf1760-2-e


================================================================
== Performance Estimates
================================================================
+ Timing: 
    * Summary: 
    +--------+----------+----------+------------+
    |  Clock |  Target  | Estimated| Uncertainty|
    +--------+----------+----------+------------+
    |ap_clk  |  10.00 ns|  1.914 ns|     2.70 ns|
    +--------+----------+----------+------------+

+ Latency: 
    * Summary: 
    +---------+---------+-----------+----------+-----+-----+------------------------------------------------+
    |  Latency (cycles) |  Latency (absolute)  |  Interval |                    Pipeline                    |
    |   min   |   max   |    min    |    max   | min | max |                      Type                      |
    +---------+---------+-----------+----------+-----+-----+------------------------------------------------+
    |        3|       18|  30.000 ns|  0.180 us|    2|   17|  loop auto-rewind stp (delay=0 clock cycles(s))|
    +---------+---------+-----------+----------+-----+-----+------------------------------------------------+

    + Detail: 
        * Instance: 
        N/A

        * Loop: 
        +----------------------+---------+---------+----------+-----------+-----------+--------+----------+
        |                      |  Latency (cycles) | Iteration|  Initiation Interval  |  Trip  |          |
        |       Loop Name      |   min   |   max   |  Latency |  achieved |   target  |  Count | Pipelined|
        +----------------------+---------+---------+----------+-----------+-----------+--------+----------+
        |- VITIS_LOOP_1331_49  |        1|       16|         2|          1|          1|  1 ~ 16|       yes|
        +----------------------+---------+---------+----------+-----------+-----------+--------+----------+

============================================================
+ Verbose Summary: Synthesis Manager
============================================================
InlineROM: 1
ExposeGlobal: 0
============================================================
+ Verbose Summary: CDFG Model
============================================================
IsTopModel: 0
ResetActiveHigh: 1
IsCombinational: 0
IsDatapathOnly: 0
HasWiredReturn: 1
HasMFsm: 2
HasVarLatency: 1
IsPipeline: 0
IsRtlPipelined: 0
IsInstanceOverlapped: 0
IsDontTouch: 0
HasImplIP: 0
IsGatedGlobalClock: 0

+ Individual pipeline summary: 
  * Pipeline-0: initiation interval (II) = 1, depth = 2


============================================================
+ Verbose Summary: Schedule
============================================================
* Number of FSM states : 2
* Pipeline : 1
  Pipeline-0 : II = 1, D = 2, States = { 1 2 }
* Dataflow Pipeline: 0

* FSM state transitions: 
1 --> 2 
2 --> 

* FSM state operations: 

State 1 <SV = 0> <Delay = 1.70>
ST_1 : Operation 5 [1/1] (0.00ns)   --->   "%start_colSelectionCount = alloca i32 1" [/home/xiaorang/Documents/ATOMFLOW/sorting-organized-main/src/sortLatticeByRow.cpp:1282->/home/xiaorang/Documents/ATOMFLOW/sorting-organized-main/src/sortLatticeByRow.cpp:1833]   --->   Operation 5 'alloca' 'start_colSelectionCount' <Predicate = true> <Delay = 0.00>
ST_1 : Operation 6 [1/1] (0.00ns)   --->   "%i_81 = alloca i32 1" [/home/xiaorang/Documents/ATOMFLOW/sorting-organized-main/src/sortLatticeByRow.cpp:143->/home/xiaorang/Documents/ATOMFLOW/sorting-organized-main/src/sortLatticeByRow.cpp:1337->/home/xiaorang/Documents/ATOMFLOW/sorting-organized-main/src/sortLatticeByRow.cpp:1833]   --->   Operation 6 'alloca' 'i_81' <Predicate = true> <Delay = 0.00>
ST_1 : Operation 7 [1/1] (0.00ns)   --->   "%usedSourceIndices_count_3_read = read i16 @_ssdm_op_Read.ap_auto.i16, i16 %usedSourceIndices_count_3"   --->   Operation 7 'read' 'usedSourceIndices_count_3_read' <Predicate = true> <Delay = 0.00>
ST_1 : Operation 8 [1/1] (0.42ns)   --->   "%store_ln143 = store i16 0, i16 %i_81" [/home/xiaorang/Documents/ATOMFLOW/sorting-organized-main/src/sortLatticeByRow.cpp:143->/home/xiaorang/Documents/ATOMFLOW/sorting-organized-main/src/sortLatticeByRow.cpp:1337->/home/xiaorang/Documents/ATOMFLOW/sorting-organized-main/src/sortLatticeByRow.cpp:1833]   --->   Operation 8 'store' 'store_ln143' <Predicate = true> <Delay = 0.42>
ST_1 : Operation 9 [1/1] (0.42ns)   --->   "%store_ln1282 = store i8 0, i8 %start_colSelectionCount" [/home/xiaorang/Documents/ATOMFLOW/sorting-organized-main/src/sortLatticeByRow.cpp:1282->/home/xiaorang/Documents/ATOMFLOW/sorting-organized-main/src/sortLatticeByRow.cpp:1833]   --->   Operation 9 'store' 'store_ln1282' <Predicate = true> <Delay = 0.42>
ST_1 : Operation 10 [1/1] (0.00ns)   --->   "%br_ln0 = br void %for.inc1550.i"   --->   Operation 10 'br' 'br_ln0' <Predicate = true> <Delay = 0.00>
ST_1 : Operation 11 [1/1] (0.00ns)   --->   "%i = load i16 %i_81" [/home/xiaorang/Documents/ATOMFLOW/sorting-organized-main/src/sortLatticeByRow.cpp:1331->/home/xiaorang/Documents/ATOMFLOW/sorting-organized-main/src/sortLatticeByRow.cpp:1833]   --->   Operation 11 'load' 'i' <Predicate = true> <Delay = 0.00>
ST_1 : Operation 12 [1/1] (0.85ns)   --->   "%icmp_ln1331 = icmp_eq  i16 %i, i16 %usedSourceIndices_count_3_read" [/home/xiaorang/Documents/ATOMFLOW/sorting-organized-main/src/sortLatticeByRow.cpp:1331->/home/xiaorang/Documents/ATOMFLOW/sorting-organized-main/src/sortLatticeByRow.cpp:1833]   --->   Operation 12 'icmp' 'icmp_ln1331' <Predicate = true> <Delay = 0.85> <CoreInst = "Cmp">   --->   Core 9 'Cmp' <Latency = 0> <II = 1> <Delay = 0.85> <FuncUnit> <Opcode : 'seteq' 'setne' 'setle' 'setge' 'setlt' 'setgt'> <InPorts = 2> <OutPorts = 1>
ST_1 : Operation 13 [1/1] (0.85ns)   --->   "%i_22 = add i16 %i, i16 1" [/home/xiaorang/Documents/ATOMFLOW/sorting-organized-main/src/sortLatticeByRow.cpp:1331->/home/xiaorang/Documents/ATOMFLOW/sorting-organized-main/src/sortLatticeByRow.cpp:1833]   --->   Operation 13 'add' 'i_22' <Predicate = true> <Delay = 0.85> <CoreInst = "Adder">   --->   Core 1 'Adder' <Latency = 0> <II = 1> <Delay = 0.85> <FuncUnit> <Opcode : 'add' 'sub'> <InPorts = 2> <OutPorts = 1>
ST_1 : Operation 14 [1/1] (0.00ns)   --->   "%br_ln1331 = br i1 %icmp_ln1331, void %for.inc1550.i.split, void %VITIS_LOOP_1339_50.loopexit.i.exitStub" [/home/xiaorang/Documents/ATOMFLOW/sorting-organized-main/src/sortLatticeByRow.cpp:1331->/home/xiaorang/Documents/ATOMFLOW/sorting-organized-main/src/sortLatticeByRow.cpp:1833]   --->   Operation 14 'br' 'br_ln1331' <Predicate = true> <Delay = 0.00>
ST_1 : Operation 15 [1/1] (0.00ns)   --->   "%zext_ln1331 = zext i16 %i" [/home/xiaorang/Documents/ATOMFLOW/sorting-organized-main/src/sortLatticeByRow.cpp:1331->/home/xiaorang/Documents/ATOMFLOW/sorting-organized-main/src/sortLatticeByRow.cpp:1833]   --->   Operation 15 'zext' 'zext_ln1331' <Predicate = (!icmp_ln1331)> <Delay = 0.00>
ST_1 : Operation 16 [1/1] (0.00ns)   --->   "%usedSourceIndices_data_addr = getelementptr i16 %usedSourceIndices_data, i64 0, i64 %zext_ln1331" [/home/xiaorang/Documents/ATOMFLOW/sorting-organized-main/src/sortLatticeByRow.cpp:147->/home/xiaorang/Documents/ATOMFLOW/sorting-organized-main/src/sortLatticeByRow.cpp:1337->/home/xiaorang/Documents/ATOMFLOW/sorting-organized-main/src/sortLatticeByRow.cpp:1833]   --->   Operation 16 'getelementptr' 'usedSourceIndices_data_addr' <Predicate = (!icmp_ln1331)> <Delay = 0.00>
ST_1 : Operation 17 [2/2] (1.23ns)   --->   "%usedSourceIndices_data_load = load i8 %usedSourceIndices_data_addr" [/home/xiaorang/Documents/ATOMFLOW/sorting-organized-main/src/sortLatticeByRow.cpp:1337->/home/xiaorang/Documents/ATOMFLOW/sorting-organized-main/src/sortLatticeByRow.cpp:1833]   --->   Operation 17 'load' 'usedSourceIndices_data_load' <Predicate = (!icmp_ln1331)> <Delay = 1.23> <CoreInst = "RAM">   --->   Core 82 'RAM' <Latency = 1> <II = 1> <Delay = 1.23> <Storage> <Opcode : 'load' 'store'> <Ports = 2> <Width = 16> <Depth = 256> <RAM>
ST_1 : Operation 18 [1/1] (0.42ns)   --->   "%store_ln143 = store i16 %i_22, i16 %i_81" [/home/xiaorang/Documents/ATOMFLOW/sorting-organized-main/src/sortLatticeByRow.cpp:143->/home/xiaorang/Documents/ATOMFLOW/sorting-organized-main/src/sortLatticeByRow.cpp:1337->/home/xiaorang/Documents/ATOMFLOW/sorting-organized-main/src/sortLatticeByRow.cpp:1833]   --->   Operation 18 'store' 'store_ln143' <Predicate = (!icmp_ln1331)> <Delay = 0.42>
ST_1 : Operation 30 [1/1] (0.42ns)   --->   "%ret_ln0 = ret"   --->   Operation 30 'ret' 'ret_ln0' <Predicate = (icmp_ln1331)> <Delay = 0.42>

State 2 <SV = 1> <Delay = 1.91>
ST_2 : Operation 19 [1/1] (0.00ns)   --->   "%start_colSelectionCount_load = load i8 %start_colSelectionCount" [/home/xiaorang/Documents/ATOMFLOW/sorting-organized-main/src/sortLatticeByRow.cpp:1337->/home/xiaorang/Documents/ATOMFLOW/sorting-organized-main/src/sortLatticeByRow.cpp:1833]   --->   Operation 19 'load' 'start_colSelectionCount_load' <Predicate = true> <Delay = 0.00>
ST_2 : Operation 20 [1/1] (0.00ns)   --->   "%specpipeline_ln1334 = specpipeline void @_ssdm_op_SpecPipeline, i32 1, i32 0, i32 0, i32 0, void @empty_18" [/home/xiaorang/Documents/ATOMFLOW/sorting-organized-main/src/sortLatticeByRow.cpp:1334->/home/xiaorang/Documents/ATOMFLOW/sorting-organized-main/src/sortLatticeByRow.cpp:1833]   --->   Operation 20 'specpipeline' 'specpipeline_ln1334' <Predicate = true> <Delay = 0.00>
ST_2 : Operation 21 [1/1] (0.00ns)   --->   "%speclooptripcount_ln1335 = speclooptripcount void @_ssdm_op_SpecLoopTripCount, i64 1, i64 16, i64 8" [/home/xiaorang/Documents/ATOMFLOW/sorting-organized-main/src/sortLatticeByRow.cpp:1335->/home/xiaorang/Documents/ATOMFLOW/sorting-organized-main/src/sortLatticeByRow.cpp:1833]   --->   Operation 21 'speclooptripcount' 'speclooptripcount_ln1335' <Predicate = true> <Delay = 0.00>
ST_2 : Operation 22 [1/1] (0.00ns)   --->   "%specloopname_ln1331 = specloopname void @_ssdm_op_SpecLoopName, void @empty_50" [/home/xiaorang/Documents/ATOMFLOW/sorting-organized-main/src/sortLatticeByRow.cpp:1331->/home/xiaorang/Documents/ATOMFLOW/sorting-organized-main/src/sortLatticeByRow.cpp:1833]   --->   Operation 22 'specloopname' 'specloopname_ln1331' <Predicate = true> <Delay = 0.00>
ST_2 : Operation 23 [1/2] ( I:1.23ns O:1.23ns )   --->   "%usedSourceIndices_data_load = load i8 %usedSourceIndices_data_addr" [/home/xiaorang/Documents/ATOMFLOW/sorting-organized-main/src/sortLatticeByRow.cpp:1337->/home/xiaorang/Documents/ATOMFLOW/sorting-organized-main/src/sortLatticeByRow.cpp:1833]   --->   Operation 23 'load' 'usedSourceIndices_data_load' <Predicate = true> <Delay = 1.23> <CoreInst = "RAM">   --->   Core 82 'RAM' <Latency = 1> <II = 1> <Delay = 1.23> <Storage> <Opcode : 'load' 'store'> <Ports = 2> <Width = 16> <Depth = 256> <RAM>
ST_2 : Operation 24 [1/1] (0.76ns)   --->   "%start_colSelectionCount_3 = add i8 %start_colSelectionCount_load, i8 1" [/home/xiaorang/Documents/ATOMFLOW/sorting-organized-main/src/sortLatticeByRow.cpp:1337->/home/xiaorang/Documents/ATOMFLOW/sorting-organized-main/src/sortLatticeByRow.cpp:1833]   --->   Operation 24 'add' 'start_colSelectionCount_3' <Predicate = true> <Delay = 0.76> <CoreInst = "Adder">   --->   Core 1 'Adder' <Latency = 0> <II = 1> <Delay = 0.76> <FuncUnit> <Opcode : 'add' 'sub'> <InPorts = 2> <OutPorts = 1>
ST_2 : Operation 25 [1/1] (0.00ns)   --->   "%zext_ln1337 = zext i8 %start_colSelectionCount_load" [/home/xiaorang/Documents/ATOMFLOW/sorting-organized-main/src/sortLatticeByRow.cpp:1337->/home/xiaorang/Documents/ATOMFLOW/sorting-organized-main/src/sortLatticeByRow.cpp:1833]   --->   Operation 25 'zext' 'zext_ln1337' <Predicate = true> <Delay = 0.00>
ST_2 : Operation 26 [1/1] (0.00ns)   --->   "%start_colSelection_3_addr = getelementptr i16 %start_colSelection_3, i64 0, i64 %zext_ln1337" [/home/xiaorang/Documents/ATOMFLOW/sorting-organized-main/src/sortLatticeByRow.cpp:1337->/home/xiaorang/Documents/ATOMFLOW/sorting-organized-main/src/sortLatticeByRow.cpp:1833]   --->   Operation 26 'getelementptr' 'start_colSelection_3_addr' <Predicate = true> <Delay = 0.00>
ST_2 : Operation 27 [1/1] ( I:0.67ns O:0.67ns )   --->   "%store_ln1337 = store i16 %usedSourceIndices_data_load, i4 %start_colSelection_3_addr" [/home/xiaorang/Documents/ATOMFLOW/sorting-organized-main/src/sortLatticeByRow.cpp:1337->/home/xiaorang/Documents/ATOMFLOW/sorting-organized-main/src/sortLatticeByRow.cpp:1833]   --->   Operation 27 'store' 'store_ln1337' <Predicate = true> <Delay = 0.67> <CoreInst = "RAM">   --->   Core 82 'RAM' <Latency = 1> <II = 1> <Delay = 0.67> <Storage> <Opcode : 'load' 'store'> <Ports = 2> <Width = 16> <Depth = 16> <RAM>
ST_2 : Operation 28 [1/1] (0.42ns)   --->   "%store_ln1282 = store i8 %start_colSelectionCount_3, i8 %start_colSelectionCount" [/home/xiaorang/Documents/ATOMFLOW/sorting-organized-main/src/sortLatticeByRow.cpp:1282->/home/xiaorang/Documents/ATOMFLOW/sorting-organized-main/src/sortLatticeByRow.cpp:1833]   --->   Operation 28 'store' 'store_ln1282' <Predicate = true> <Delay = 0.42>
ST_2 : Operation 29 [1/1] (0.00ns)   --->   "%br_ln1331 = br void %for.inc1550.i" [/home/xiaorang/Documents/ATOMFLOW/sorting-organized-main/src/sortLatticeByRow.cpp:1331->/home/xiaorang/Documents/ATOMFLOW/sorting-organized-main/src/sortLatticeByRow.cpp:1833]   --->   Operation 29 'br' 'br_ln1331' <Predicate = true> <Delay = 0.00>


============================================================
+ Verbose Summary: Timing violations
============================================================
Target clock period: 10.000ns, clock uncertainty: 2.700ns.

 <State 1>: 1.707ns
The critical path consists of the following:
	'store' operation 0 bit ('store_ln143', /home/xiaorang/Documents/ATOMFLOW/sorting-organized-main/src/sortLatticeByRow.cpp:143->/home/xiaorang/Documents/ATOMFLOW/sorting-organized-main/src/sortLatticeByRow.cpp:1337->/home/xiaorang/Documents/ATOMFLOW/sorting-organized-main/src/sortLatticeByRow.cpp:1833) of constant 0 on local variable 'i', /home/xiaorang/Documents/ATOMFLOW/sorting-organized-main/src/sortLatticeByRow.cpp:143->/home/xiaorang/Documents/ATOMFLOW/sorting-organized-main/src/sortLatticeByRow.cpp:1337->/home/xiaorang/Documents/ATOMFLOW/sorting-organized-main/src/sortLatticeByRow.cpp:1833 [7]  (0.427 ns)
	'load' operation 16 bit ('i', /home/xiaorang/Documents/ATOMFLOW/sorting-organized-main/src/sortLatticeByRow.cpp:1331->/home/xiaorang/Documents/ATOMFLOW/sorting-organized-main/src/sortLatticeByRow.cpp:1833) on local variable 'i', /home/xiaorang/Documents/ATOMFLOW/sorting-organized-main/src/sortLatticeByRow.cpp:143->/home/xiaorang/Documents/ATOMFLOW/sorting-organized-main/src/sortLatticeByRow.cpp:1337->/home/xiaorang/Documents/ATOMFLOW/sorting-organized-main/src/sortLatticeByRow.cpp:1833 [11]  (0.000 ns)
	'add' operation 16 bit ('i', /home/xiaorang/Documents/ATOMFLOW/sorting-organized-main/src/sortLatticeByRow.cpp:1331->/home/xiaorang/Documents/ATOMFLOW/sorting-organized-main/src/sortLatticeByRow.cpp:1833) [13]  (0.853 ns)
	'store' operation 0 bit ('store_ln143', /home/xiaorang/Documents/ATOMFLOW/sorting-organized-main/src/sortLatticeByRow.cpp:143->/home/xiaorang/Documents/ATOMFLOW/sorting-organized-main/src/sortLatticeByRow.cpp:1337->/home/xiaorang/Documents/ATOMFLOW/sorting-organized-main/src/sortLatticeByRow.cpp:1833) of variable 'i', /home/xiaorang/Documents/ATOMFLOW/sorting-organized-main/src/sortLatticeByRow.cpp:1331->/home/xiaorang/Documents/ATOMFLOW/sorting-organized-main/src/sortLatticeByRow.cpp:1833 on local variable 'i', /home/xiaorang/Documents/ATOMFLOW/sorting-organized-main/src/sortLatticeByRow.cpp:143->/home/xiaorang/Documents/ATOMFLOW/sorting-organized-main/src/sortLatticeByRow.cpp:1337->/home/xiaorang/Documents/ATOMFLOW/sorting-organized-main/src/sortLatticeByRow.cpp:1833 [27]  (0.427 ns)

 <State 2>: 1.914ns
The critical path consists of the following:
	'load' operation 16 bit ('usedSourceIndices_data_load', /home/xiaorang/Documents/ATOMFLOW/sorting-organized-main/src/sortLatticeByRow.cpp:1337->/home/xiaorang/Documents/ATOMFLOW/sorting-organized-main/src/sortLatticeByRow.cpp:1833) on array 'usedSourceIndices_data' [22]  (1.237 ns)
	'store' operation 0 bit ('store_ln1337', /home/xiaorang/Documents/ATOMFLOW/sorting-organized-main/src/sortLatticeByRow.cpp:1337->/home/xiaorang/Documents/ATOMFLOW/sorting-organized-main/src/sortLatticeByRow.cpp:1833) of variable 'usedSourceIndices_data_load', /home/xiaorang/Documents/ATOMFLOW/sorting-organized-main/src/sortLatticeByRow.cpp:1337->/home/xiaorang/Documents/ATOMFLOW/sorting-organized-main/src/sortLatticeByRow.cpp:1833 on array 'start_colSelection_3' [26]  (0.677 ns)


============================================================
+ Verbose Summary: Binding
============================================================
N/A
* FSMD analyzer results:
  - Output states:
 - Input state : 
  - Chain level:
	State 1
	State 2


============================================================
+ Verbose Summary: Datapath Resource usage 
============================================================
N/A
