

================================================================
== Vitis HLS Report for 'sortRemainingRowsOrCols_HLSMoveStream_Pipeline_VITIS_LOOP_609_5'
================================================================
* Date:           Thu Mar 26 11:03:17 2026

* Version:        2024.2 (Build 5238294 on Nov  8 2024)
* Project:        atomflow_controller_2024_2
* Solution:       hls (Vivado IP Flow Target)
* Product family: zynquplusRFSOC
* Target device:  xczu49dr-ffvf1760-2-e


================================================================
== Performance Estimates
================================================================
+ Timing: 
    * Summary: 
    +--------+----------+----------+------------+
    |  Clock |  Target  | Estimated| Uncertainty|
    +--------+----------+----------+------------+
    |ap_clk  |  10.00 ns|  4.221 ns|     2.70 ns|
    +--------+----------+----------+------------+

+ Latency: 
    * Summary: 
    +---------+---------+-----------+----------+-----+-----+------------------------------------------------+
    |  Latency (cycles) |  Latency (absolute)  |  Interval |                    Pipeline                    |
    |   min   |   max   |    min    |    max   | min | max |                      Type                      |
    +---------+---------+-----------+----------+-----+-----+------------------------------------------------+
    |        2|       18|  20.000 ns|  0.180 us|    1|   17|  loop auto-rewind stp (delay=0 clock cycles(s))|
    +---------+---------+-----------+----------+-----+-----+------------------------------------------------+

    + Detail: 
        * Instance: 
        N/A

        * Loop: 
        +--------------------+---------+---------+----------+-----------+-----------+--------+----------+
        |                    |  Latency (cycles) | Iteration|  Initiation Interval  |  Trip  |          |
        |      Loop Name     |   min   |   max   |  Latency |  achieved |   target  |  Count | Pipelined|
        +--------------------+---------+---------+----------+-----------+-----------+--------+----------+
        |- VITIS_LOOP_609_5  |        0|       16|         2|          1|          1|  0 ~ 16|       yes|
        +--------------------+---------+---------+----------+-----------+-----------+--------+----------+

============================================================
+ Verbose Summary: Synthesis Manager
============================================================
InlineROM: 1
ExposeGlobal: 0
============================================================
+ Verbose Summary: CDFG Model
============================================================
IsTopModel: 0
ResetActiveHigh: 1
IsCombinational: 0
IsDatapathOnly: 0
HasWiredReturn: 1
HasMFsm: 2
HasVarLatency: 1
IsPipeline: 0
IsRtlPipelined: 0
IsInstanceOverlapped: 0
IsDontTouch: 0
HasImplIP: 0
IsGatedGlobalClock: 0

+ Individual pipeline summary: 
  * Pipeline-0: initiation interval (II) = 1, depth = 3


============================================================
+ Verbose Summary: Schedule
============================================================
* Number of FSM states : 3
* Pipeline : 1
  Pipeline-0 : II = 1, D = 3, States = { 1 2 3 }
* Dataflow Pipeline: 0

* FSM state transitions: 
1 --> 2 
2 --> 3 
3 --> 

* FSM state operations: 

State 1 <SV = 0> <Delay = 0.42>
ST_1 : Operation 5 [1/1] (0.00ns)   --->   "%currentSize_1 = alloca i32 1" [/home/xiaorang/Documents/ATOMFLOW/sorting-organized-main/src/sortLatticeByRow.cpp:598->/home/xiaorang/Documents/ATOMFLOW/sorting-organized-main/src/sortLatticeByRow.cpp:1833]   --->   Operation 5 'alloca' 'currentSize_1' <Predicate = true> <Delay = 0.00>
ST_1 : Operation 6 [1/1] (0.00ns)   --->   "%unusableWriteIdx_1 = alloca i32 1" [/home/xiaorang/Documents/ATOMFLOW/sorting-organized-main/src/sortLatticeByRow.cpp:605->/home/xiaorang/Documents/ATOMFLOW/sorting-organized-main/src/sortLatticeByRow.cpp:1833]   --->   Operation 6 'alloca' 'unusableWriteIdx_1' <Predicate = true> <Delay = 0.00>
ST_1 : Operation 7 [1/1] (0.00ns)   --->   "%backIdx_1 = alloca i32 1" [/home/xiaorang/Documents/ATOMFLOW/sorting-organized-main/src/sortLatticeByRow.cpp:604->/home/xiaorang/Documents/ATOMFLOW/sorting-organized-main/src/sortLatticeByRow.cpp:1833]   --->   Operation 7 'alloca' 'backIdx_1' <Predicate = true> <Delay = 0.00>
ST_1 : Operation 8 [1/1] (0.00ns)   --->   "%frontIdx = alloca i32 1" [/home/xiaorang/Documents/ATOMFLOW/sorting-organized-main/src/sortLatticeByRow.cpp:603->/home/xiaorang/Documents/ATOMFLOW/sorting-organized-main/src/sortLatticeByRow.cpp:1833]   --->   Operation 8 'alloca' 'frontIdx' <Predicate = true> <Delay = 0.00>
ST_1 : Operation 9 [1/1] (0.00ns)   --->   "%discardCount_1 = alloca i32 1" [/home/xiaorang/Documents/ATOMFLOW/sorting-organized-main/src/sortLatticeByRow.cpp:600->/home/xiaorang/Documents/ATOMFLOW/sorting-organized-main/src/sortLatticeByRow.cpp:1833]   --->   Operation 9 'alloca' 'discardCount_1' <Predicate = true> <Delay = 0.00>
ST_1 : Operation 10 [1/1] (0.00ns)   --->   "%specmemcore_ln0 = specmemcore void @_ssdm_op_SpecMemCore, i32 %unusableAtoms_data, i64 666, i64 22, i64 18446744073709551615"   --->   Operation 10 'specmemcore' 'specmemcore_ln0' <Predicate = true> <Delay = 0.00>
ST_1 : Operation 11 [1/1] (0.00ns)   --->   "%specmemcore_ln0 = specmemcore void @_ssdm_op_SpecMemCore, i32 %unusableInfo_usableAtoms_data, i64 666, i64 22, i64 18446744073709551615"   --->   Operation 11 'specmemcore' 'specmemcore_ln0' <Predicate = true> <Delay = 0.00>
ST_1 : Operation 12 [1/1] (0.00ns)   --->   "%threshold_read = read i16 @_ssdm_op_Read.ap_auto.i16, i16 %threshold"   --->   Operation 12 'read' 'threshold_read' <Predicate = true> <Delay = 0.00>
ST_1 : Operation 13 [1/1] (0.00ns)   --->   "%conv7_read = read i32 @_ssdm_op_Read.ap_auto.i32, i32 %conv7"   --->   Operation 13 'read' 'conv7_read' <Predicate = true> <Delay = 0.00>
ST_1 : Operation 14 [1/1] (0.00ns)   --->   "%zext_ln620_1_read = read i16 @_ssdm_op_Read.ap_auto.i16, i16 %zext_ln620_1"   --->   Operation 14 'read' 'zext_ln620_1_read' <Predicate = true> <Delay = 0.00>
ST_1 : Operation 15 [1/1] (0.00ns)   --->   "%backIdx_read = read i16 @_ssdm_op_Read.ap_auto.i16, i16 %backIdx"   --->   Operation 15 'read' 'backIdx_read' <Predicate = true> <Delay = 0.00>
ST_1 : Operation 16 [1/1] (0.00ns)   --->   "%currentSize_read = read i16 @_ssdm_op_Read.ap_auto.i16, i16 %currentSize"   --->   Operation 16 'read' 'currentSize_read' <Predicate = true> <Delay = 0.00>
ST_1 : Operation 17 [1/1] (0.00ns)   --->   "%unusableWriteIdx_read = read i16 @_ssdm_op_Read.ap_auto.i16, i16 %unusableWriteIdx"   --->   Operation 17 'read' 'unusableWriteIdx_read' <Predicate = true> <Delay = 0.00>
ST_1 : Operation 18 [1/1] (0.42ns)   --->   "%store_ln600 = store i9 0, i9 %discardCount_1" [/home/xiaorang/Documents/ATOMFLOW/sorting-organized-main/src/sortLatticeByRow.cpp:600->/home/xiaorang/Documents/ATOMFLOW/sorting-organized-main/src/sortLatticeByRow.cpp:1833]   --->   Operation 18 'store' 'store_ln600' <Predicate = true> <Delay = 0.42>
ST_1 : Operation 19 [1/1] (0.42ns)   --->   "%store_ln603 = store i16 0, i16 %frontIdx" [/home/xiaorang/Documents/ATOMFLOW/sorting-organized-main/src/sortLatticeByRow.cpp:603->/home/xiaorang/Documents/ATOMFLOW/sorting-organized-main/src/sortLatticeByRow.cpp:1833]   --->   Operation 19 'store' 'store_ln603' <Predicate = true> <Delay = 0.42>
ST_1 : Operation 20 [1/1] (0.42ns)   --->   "%store_ln604 = store i16 %backIdx_read, i16 %backIdx_1" [/home/xiaorang/Documents/ATOMFLOW/sorting-organized-main/src/sortLatticeByRow.cpp:604->/home/xiaorang/Documents/ATOMFLOW/sorting-organized-main/src/sortLatticeByRow.cpp:1833]   --->   Operation 20 'store' 'store_ln604' <Predicate = true> <Delay = 0.42>
ST_1 : Operation 21 [1/1] (0.42ns)   --->   "%store_ln605 = store i16 %unusableWriteIdx_read, i16 %unusableWriteIdx_1" [/home/xiaorang/Documents/ATOMFLOW/sorting-organized-main/src/sortLatticeByRow.cpp:605->/home/xiaorang/Documents/ATOMFLOW/sorting-organized-main/src/sortLatticeByRow.cpp:1833]   --->   Operation 21 'store' 'store_ln605' <Predicate = true> <Delay = 0.42>
ST_1 : Operation 22 [1/1] (0.42ns)   --->   "%store_ln598 = store i16 %currentSize_read, i16 %currentSize_1" [/home/xiaorang/Documents/ATOMFLOW/sorting-organized-main/src/sortLatticeByRow.cpp:598->/home/xiaorang/Documents/ATOMFLOW/sorting-organized-main/src/sortLatticeByRow.cpp:1833]   --->   Operation 22 'store' 'store_ln598' <Predicate = true> <Delay = 0.42>
ST_1 : Operation 23 [1/1] (0.00ns)   --->   "%br_ln0 = br void %for.body95.i"   --->   Operation 23 'br' 'br_ln0' <Predicate = true> <Delay = 0.00>

State 2 <SV = 1> <Delay = 2.09>
ST_2 : Operation 24 [1/1] (0.00ns)   --->   "%currentSize_3 = load i16 %currentSize_1" [/home/xiaorang/Documents/ATOMFLOW/sorting-organized-main/src/sortLatticeByRow.cpp:615->/home/xiaorang/Documents/ATOMFLOW/sorting-organized-main/src/sortLatticeByRow.cpp:1833]   --->   Operation 24 'load' 'currentSize_3' <Predicate = true> <Delay = 0.00>
ST_2 : Operation 25 [1/1] (0.00ns)   --->   "%unusableWriteIdx_3 = load i16 %unusableWriteIdx_1" [/home/xiaorang/Documents/ATOMFLOW/sorting-organized-main/src/sortLatticeByRow.cpp:630->/home/xiaorang/Documents/ATOMFLOW/sorting-organized-main/src/sortLatticeByRow.cpp:1833]   --->   Operation 25 'load' 'unusableWriteIdx_3' <Predicate = true> <Delay = 0.00>
ST_2 : Operation 26 [1/1] (0.00ns)   --->   "%backIdx_3 = load i16 %backIdx_1" [/home/xiaorang/Documents/ATOMFLOW/sorting-organized-main/src/sortLatticeByRow.cpp:631->/home/xiaorang/Documents/ATOMFLOW/sorting-organized-main/src/sortLatticeByRow.cpp:1833]   --->   Operation 26 'load' 'backIdx_3' <Predicate = true> <Delay = 0.00>
ST_2 : Operation 27 [1/1] (0.00ns)   --->   "%frontIdx_2 = load i16 %frontIdx" [/home/xiaorang/Documents/ATOMFLOW/sorting-organized-main/src/sortLatticeByRow.cpp:626->/home/xiaorang/Documents/ATOMFLOW/sorting-organized-main/src/sortLatticeByRow.cpp:1833]   --->   Operation 27 'load' 'frontIdx_2' <Predicate = true> <Delay = 0.00>
ST_2 : Operation 28 [1/1] (0.00ns)   --->   "%iter = load i9 %discardCount_1" [/home/xiaorang/Documents/ATOMFLOW/sorting-organized-main/src/sortLatticeByRow.cpp:634->/home/xiaorang/Documents/ATOMFLOW/sorting-organized-main/src/sortLatticeByRow.cpp:1833]   --->   Operation 28 'load' 'iter' <Predicate = true> <Delay = 0.00>
ST_2 : Operation 29 [1/1] (0.77ns)   --->   "%icmp_ln609 = icmp_eq  i9 %iter, i9 256" [/home/xiaorang/Documents/ATOMFLOW/sorting-organized-main/src/sortLatticeByRow.cpp:609->/home/xiaorang/Documents/ATOMFLOW/sorting-organized-main/src/sortLatticeByRow.cpp:1833]   --->   Operation 29 'icmp' 'icmp_ln609' <Predicate = true> <Delay = 0.77> <CoreInst = "Cmp">   --->   Core 9 'Cmp' <Latency = 0> <II = 1> <Delay = 0.77> <FuncUnit> <Opcode : 'seteq' 'setne' 'setle' 'setge' 'setlt' 'setgt'> <InPorts = 2> <OutPorts = 1>
ST_2 : Operation 30 [1/1] (0.77ns)   --->   "%discardCount_3 = add i9 %iter, i9 1" [/home/xiaorang/Documents/ATOMFLOW/sorting-organized-main/src/sortLatticeByRow.cpp:634->/home/xiaorang/Documents/ATOMFLOW/sorting-organized-main/src/sortLatticeByRow.cpp:1833]   --->   Operation 30 'add' 'discardCount_3' <Predicate = true> <Delay = 0.77> <CoreInst = "Adder">   --->   Core 1 'Adder' <Latency = 0> <II = 1> <Delay = 0.77> <FuncUnit> <Opcode : 'add' 'sub'> <InPorts = 2> <OutPorts = 1>
ST_2 : Operation 31 [1/1] (0.42ns)   --->   "%br_ln609 = br i1 %icmp_ln609, void %for.body95.i.split, void %for.end141.i.split" [/home/xiaorang/Documents/ATOMFLOW/sorting-organized-main/src/sortLatticeByRow.cpp:609->/home/xiaorang/Documents/ATOMFLOW/sorting-organized-main/src/sortLatticeByRow.cpp:1833]   --->   Operation 31 'br' 'br_ln609' <Predicate = true> <Delay = 0.42>
ST_2 : Operation 32 [1/1] (0.85ns)   --->   "%add_ln630 = add i16 %zext_ln620_1_read, i16 %unusableWriteIdx_3" [/home/xiaorang/Documents/ATOMFLOW/sorting-organized-main/src/sortLatticeByRow.cpp:630->/home/xiaorang/Documents/ATOMFLOW/sorting-organized-main/src/sortLatticeByRow.cpp:1833]   --->   Operation 32 'add' 'add_ln630' <Predicate = (!icmp_ln609)> <Delay = 0.85> <CoreInst = "Adder">   --->   Core 1 'Adder' <Latency = 0> <II = 1> <Delay = 0.85> <FuncUnit> <Opcode : 'add' 'sub'> <InPorts = 2> <OutPorts = 1>
ST_2 : Operation 33 [1/1] (0.00ns)   --->   "%zext_ln630 = zext i16 %add_ln630" [/home/xiaorang/Documents/ATOMFLOW/sorting-organized-main/src/sortLatticeByRow.cpp:630->/home/xiaorang/Documents/ATOMFLOW/sorting-organized-main/src/sortLatticeByRow.cpp:1833]   --->   Operation 33 'zext' 'zext_ln630' <Predicate = (!icmp_ln609)> <Delay = 0.00>
ST_2 : Operation 34 [1/1] (0.00ns)   --->   "%unusableAtoms_data_addr = getelementptr i32 %unusableAtoms_data, i64 0, i64 %zext_ln630" [/home/xiaorang/Documents/ATOMFLOW/sorting-organized-main/src/sortLatticeByRow.cpp:630->/home/xiaorang/Documents/ATOMFLOW/sorting-organized-main/src/sortLatticeByRow.cpp:1833]   --->   Operation 34 'getelementptr' 'unusableAtoms_data_addr' <Predicate = (!icmp_ln609)> <Delay = 0.00>
ST_2 : Operation 35 [1/1] (0.00ns)   --->   "%specpipeline_ln612 = specpipeline void @_ssdm_op_SpecPipeline, i32 1, i32 0, i32 0, i32 0, void @empty_18" [/home/xiaorang/Documents/ATOMFLOW/sorting-organized-main/src/sortLatticeByRow.cpp:612->/home/xiaorang/Documents/ATOMFLOW/sorting-organized-main/src/sortLatticeByRow.cpp:1833]   --->   Operation 35 'specpipeline' 'specpipeline_ln612' <Predicate = (!icmp_ln609)> <Delay = 0.00>
ST_2 : Operation 36 [1/1] (0.00ns)   --->   "%speclooptripcount_ln613 = speclooptripcount void @_ssdm_op_SpecLoopTripCount, i64 0, i64 16, i64 8" [/home/xiaorang/Documents/ATOMFLOW/sorting-organized-main/src/sortLatticeByRow.cpp:613->/home/xiaorang/Documents/ATOMFLOW/sorting-organized-main/src/sortLatticeByRow.cpp:1833]   --->   Operation 36 'speclooptripcount' 'speclooptripcount_ln613' <Predicate = (!icmp_ln609)> <Delay = 0.00>
ST_2 : Operation 37 [1/1] (0.00ns)   --->   "%specloopname_ln609 = specloopname void @_ssdm_op_SpecLoopName, void @empty_19" [/home/xiaorang/Documents/ATOMFLOW/sorting-organized-main/src/sortLatticeByRow.cpp:609->/home/xiaorang/Documents/ATOMFLOW/sorting-organized-main/src/sortLatticeByRow.cpp:1833]   --->   Operation 37 'specloopname' 'specloopname_ln609' <Predicate = (!icmp_ln609)> <Delay = 0.00>
ST_2 : Operation 38 [1/1] (0.85ns)   --->   "%icmp_ln615 = icmp_ult  i16 %threshold_read, i16 %currentSize_3" [/home/xiaorang/Documents/ATOMFLOW/sorting-organized-main/src/sortLatticeByRow.cpp:615->/home/xiaorang/Documents/ATOMFLOW/sorting-organized-main/src/sortLatticeByRow.cpp:1833]   --->   Operation 38 'icmp' 'icmp_ln615' <Predicate = (!icmp_ln609)> <Delay = 0.85> <CoreInst = "Cmp">   --->   Core 9 'Cmp' <Latency = 0> <II = 1> <Delay = 0.85> <FuncUnit> <Opcode : 'seteq' 'setne' 'setle' 'setge' 'setlt' 'setgt'> <InPorts = 2> <OutPorts = 1>
ST_2 : Operation 39 [1/1] (0.00ns) (grouped into LUT with out node or_ln615_1)   --->   "%xor_ln615 = xor i1 %icmp_ln615, i1 1" [/home/xiaorang/Documents/ATOMFLOW/sorting-organized-main/src/sortLatticeByRow.cpp:615->/home/xiaorang/Documents/ATOMFLOW/sorting-organized-main/src/sortLatticeByRow.cpp:1833]   --->   Operation 39 'xor' 'xor_ln615' <Predicate = (!icmp_ln609)> <Delay = 0.00> <CoreInst = "LogicGate">   --->   Core 74 'LogicGate' <Latency = 0> <II = 1> <Delay = 0.28> <FuncUnit> <Opcode : 'and' 'or' 'xor'> <InPorts = 2> <OutPorts = 1>
ST_2 : Operation 40 [1/1] (0.85ns)   --->   "%icmp_ln617 = icmp_ugt  i16 %frontIdx_2, i16 %backIdx_3" [/home/xiaorang/Documents/ATOMFLOW/sorting-organized-main/src/sortLatticeByRow.cpp:617->/home/xiaorang/Documents/ATOMFLOW/sorting-organized-main/src/sortLatticeByRow.cpp:1833]   --->   Operation 40 'icmp' 'icmp_ln617' <Predicate = (!icmp_ln609)> <Delay = 0.85> <CoreInst = "Cmp">   --->   Core 9 'Cmp' <Latency = 0> <II = 1> <Delay = 0.85> <FuncUnit> <Opcode : 'seteq' 'setne' 'setle' 'setge' 'setlt' 'setgt'> <InPorts = 2> <OutPorts = 1>
ST_2 : Operation 41 [1/1] (0.00ns)   --->   "%tmp = partselect i8 @_ssdm_op_PartSelect.i8.i16.i32.i32, i16 %unusableWriteIdx_3, i32 8, i32 15" [/home/xiaorang/Documents/ATOMFLOW/sorting-organized-main/src/sortLatticeByRow.cpp:618->/home/xiaorang/Documents/ATOMFLOW/sorting-organized-main/src/sortLatticeByRow.cpp:1833]   --->   Operation 41 'partselect' 'tmp' <Predicate = (!icmp_ln609)> <Delay = 0.00>
ST_2 : Operation 42 [1/1] (0.76ns)   --->   "%icmp_ln618 = icmp_ne  i8 %tmp, i8 0" [/home/xiaorang/Documents/ATOMFLOW/sorting-organized-main/src/sortLatticeByRow.cpp:618->/home/xiaorang/Documents/ATOMFLOW/sorting-organized-main/src/sortLatticeByRow.cpp:1833]   --->   Operation 42 'icmp' 'icmp_ln618' <Predicate = (!icmp_ln609)> <Delay = 0.76> <CoreInst = "Cmp">   --->   Core 9 'Cmp' <Latency = 0> <II = 1> <Delay = 0.76> <FuncUnit> <Opcode : 'seteq' 'setne' 'setle' 'setge' 'setlt' 'setgt'> <InPorts = 2> <OutPorts = 1>
ST_2 : Operation 43 [1/1] (0.00ns) (grouped into LUT with out node or_ln615_1)   --->   "%or_ln615 = or i1 %icmp_ln617, i1 %icmp_ln618" [/home/xiaorang/Documents/ATOMFLOW/sorting-organized-main/src/sortLatticeByRow.cpp:615->/home/xiaorang/Documents/ATOMFLOW/sorting-organized-main/src/sortLatticeByRow.cpp:1833]   --->   Operation 43 'or' 'or_ln615' <Predicate = (!icmp_ln609)> <Delay = 0.00> <CoreInst = "LogicGate">   --->   Core 74 'LogicGate' <Latency = 0> <II = 1> <Delay = 0.28> <FuncUnit> <Opcode : 'and' 'or' 'xor'> <InPorts = 2> <OutPorts = 1>
ST_2 : Operation 44 [1/1] (0.28ns) (out node of the LUT)   --->   "%or_ln615_1 = or i1 %or_ln615, i1 %xor_ln615" [/home/xiaorang/Documents/ATOMFLOW/sorting-organized-main/src/sortLatticeByRow.cpp:615->/home/xiaorang/Documents/ATOMFLOW/sorting-organized-main/src/sortLatticeByRow.cpp:1833]   --->   Operation 44 'or' 'or_ln615_1' <Predicate = (!icmp_ln609)> <Delay = 0.28> <CoreInst = "LogicGate">   --->   Core 74 'LogicGate' <Latency = 0> <II = 1> <Delay = 0.28> <FuncUnit> <Opcode : 'and' 'or' 'xor'> <InPorts = 2> <OutPorts = 1>
ST_2 : Operation 45 [1/1] (0.42ns)   --->   "%br_ln615 = br i1 %or_ln615_1, void %if.end113.i, void %for.end141.i.split" [/home/xiaorang/Documents/ATOMFLOW/sorting-organized-main/src/sortLatticeByRow.cpp:615->/home/xiaorang/Documents/ATOMFLOW/sorting-organized-main/src/sortLatticeByRow.cpp:1833]   --->   Operation 45 'br' 'br_ln615' <Predicate = (!icmp_ln609)> <Delay = 0.42>
ST_2 : Operation 46 [1/1] (0.85ns)   --->   "%add_ln620 = add i16 %zext_ln620_1_read, i16 %frontIdx_2" [/home/xiaorang/Documents/ATOMFLOW/sorting-organized-main/src/sortLatticeByRow.cpp:620->/home/xiaorang/Documents/ATOMFLOW/sorting-organized-main/src/sortLatticeByRow.cpp:1833]   --->   Operation 46 'add' 'add_ln620' <Predicate = (!icmp_ln609 & !or_ln615_1)> <Delay = 0.85> <CoreInst = "Adder">   --->   Core 1 'Adder' <Latency = 0> <II = 1> <Delay = 0.85> <FuncUnit> <Opcode : 'add' 'sub'> <InPorts = 2> <OutPorts = 1>
ST_2 : Operation 47 [1/1] (0.00ns)   --->   "%zext_ln620 = zext i16 %add_ln620" [/home/xiaorang/Documents/ATOMFLOW/sorting-organized-main/src/sortLatticeByRow.cpp:620->/home/xiaorang/Documents/ATOMFLOW/sorting-organized-main/src/sortLatticeByRow.cpp:1833]   --->   Operation 47 'zext' 'zext_ln620' <Predicate = (!icmp_ln609 & !or_ln615_1)> <Delay = 0.00>
ST_2 : Operation 48 [1/1] (0.00ns)   --->   "%unusableInfo_usableAtoms_data_addr = getelementptr i32 %unusableInfo_usableAtoms_data, i64 0, i64 %zext_ln620" [/home/xiaorang/Documents/ATOMFLOW/sorting-organized-main/src/sortLatticeByRow.cpp:620->/home/xiaorang/Documents/ATOMFLOW/sorting-organized-main/src/sortLatticeByRow.cpp:1833]   --->   Operation 48 'getelementptr' 'unusableInfo_usableAtoms_data_addr' <Predicate = (!icmp_ln609 & !or_ln615_1)> <Delay = 0.00>
ST_2 : Operation 49 [2/2] (1.23ns)   --->   "%frontVal = load i16 %unusableInfo_usableAtoms_data_addr" [/home/xiaorang/Documents/ATOMFLOW/sorting-organized-main/src/sortLatticeByRow.cpp:620->/home/xiaorang/Documents/ATOMFLOW/sorting-organized-main/src/sortLatticeByRow.cpp:1833]   --->   Operation 49 'load' 'frontVal' <Predicate = (!icmp_ln609 & !or_ln615_1)> <Delay = 1.23> <CoreInst = "RAM_2P_BRAM">   --->   Core 93 'RAM_2P_BRAM' <Latency = 1> <II = 1> <Delay = 1.23> <Storage> <Opcode : 'load' 'store'> <Ports = 2> <Width = 32> <Depth = 65536> <RAM>
ST_2 : Operation 50 [1/1] (0.85ns)   --->   "%add_ln621 = add i16 %zext_ln620_1_read, i16 %backIdx_3" [/home/xiaorang/Documents/ATOMFLOW/sorting-organized-main/src/sortLatticeByRow.cpp:621->/home/xiaorang/Documents/ATOMFLOW/sorting-organized-main/src/sortLatticeByRow.cpp:1833]   --->   Operation 50 'add' 'add_ln621' <Predicate = (!icmp_ln609 & !or_ln615_1)> <Delay = 0.85> <CoreInst = "Adder">   --->   Core 1 'Adder' <Latency = 0> <II = 1> <Delay = 0.85> <FuncUnit> <Opcode : 'add' 'sub'> <InPorts = 2> <OutPorts = 1>
ST_2 : Operation 51 [1/1] (0.00ns)   --->   "%zext_ln621 = zext i16 %add_ln621" [/home/xiaorang/Documents/ATOMFLOW/sorting-organized-main/src/sortLatticeByRow.cpp:621->/home/xiaorang/Documents/ATOMFLOW/sorting-organized-main/src/sortLatticeByRow.cpp:1833]   --->   Operation 51 'zext' 'zext_ln621' <Predicate = (!icmp_ln609 & !or_ln615_1)> <Delay = 0.00>
ST_2 : Operation 52 [1/1] (0.00ns)   --->   "%unusableInfo_usableAtoms_data_addr_1 = getelementptr i32 %unusableInfo_usableAtoms_data, i64 0, i64 %zext_ln621" [/home/xiaorang/Documents/ATOMFLOW/sorting-organized-main/src/sortLatticeByRow.cpp:621->/home/xiaorang/Documents/ATOMFLOW/sorting-organized-main/src/sortLatticeByRow.cpp:1833]   --->   Operation 52 'getelementptr' 'unusableInfo_usableAtoms_data_addr_1' <Predicate = (!icmp_ln609 & !or_ln615_1)> <Delay = 0.00>
ST_2 : Operation 53 [2/2] (1.23ns)   --->   "%backVal = load i16 %unusableInfo_usableAtoms_data_addr_1" [/home/xiaorang/Documents/ATOMFLOW/sorting-organized-main/src/sortLatticeByRow.cpp:621->/home/xiaorang/Documents/ATOMFLOW/sorting-organized-main/src/sortLatticeByRow.cpp:1833]   --->   Operation 53 'load' 'backVal' <Predicate = (!icmp_ln609 & !or_ln615_1)> <Delay = 1.23> <CoreInst = "RAM_2P_BRAM">   --->   Core 93 'RAM_2P_BRAM' <Latency = 1> <II = 1> <Delay = 1.23> <Storage> <Opcode : 'load' 'store'> <Ports = 2> <Width = 32> <Depth = 65536> <RAM>
ST_2 : Operation 54 [1/1] (0.85ns)   --->   "%unusableWriteIdx_4 = add i16 %unusableWriteIdx_3, i16 1" [/home/xiaorang/Documents/ATOMFLOW/sorting-organized-main/src/sortLatticeByRow.cpp:630->/home/xiaorang/Documents/ATOMFLOW/sorting-organized-main/src/sortLatticeByRow.cpp:1833]   --->   Operation 54 'add' 'unusableWriteIdx_4' <Predicate = (!icmp_ln609 & !or_ln615_1)> <Delay = 0.85> <CoreInst = "Adder">   --->   Core 1 'Adder' <Latency = 0> <II = 1> <Delay = 0.85> <FuncUnit> <Opcode : 'add' 'sub'> <InPorts = 2> <OutPorts = 1>
ST_2 : Operation 55 [1/1] (0.85ns)   --->   "%currentSize_4 = add i16 %currentSize_3, i16 65535" [/home/xiaorang/Documents/ATOMFLOW/sorting-organized-main/src/sortLatticeByRow.cpp:633->/home/xiaorang/Documents/ATOMFLOW/sorting-organized-main/src/sortLatticeByRow.cpp:1833]   --->   Operation 55 'add' 'currentSize_4' <Predicate = (!icmp_ln609 & !or_ln615_1)> <Delay = 0.85> <CoreInst = "Adder">   --->   Core 1 'Adder' <Latency = 0> <II = 1> <Delay = 0.85> <FuncUnit> <Opcode : 'add' 'sub'> <InPorts = 2> <OutPorts = 1>
ST_2 : Operation 56 [1/1] (0.42ns)   --->   "%store_ln600 = store i9 %discardCount_3, i9 %discardCount_1" [/home/xiaorang/Documents/ATOMFLOW/sorting-organized-main/src/sortLatticeByRow.cpp:600->/home/xiaorang/Documents/ATOMFLOW/sorting-organized-main/src/sortLatticeByRow.cpp:1833]   --->   Operation 56 'store' 'store_ln600' <Predicate = (!icmp_ln609 & !or_ln615_1)> <Delay = 0.42>
ST_2 : Operation 57 [1/1] (0.42ns)   --->   "%store_ln605 = store i16 %unusableWriteIdx_4, i16 %unusableWriteIdx_1" [/home/xiaorang/Documents/ATOMFLOW/sorting-organized-main/src/sortLatticeByRow.cpp:605->/home/xiaorang/Documents/ATOMFLOW/sorting-organized-main/src/sortLatticeByRow.cpp:1833]   --->   Operation 57 'store' 'store_ln605' <Predicate = (!icmp_ln609 & !or_ln615_1)> <Delay = 0.42>
ST_2 : Operation 58 [1/1] (0.42ns)   --->   "%store_ln598 = store i16 %currentSize_4, i16 %currentSize_1" [/home/xiaorang/Documents/ATOMFLOW/sorting-organized-main/src/sortLatticeByRow.cpp:598->/home/xiaorang/Documents/ATOMFLOW/sorting-organized-main/src/sortLatticeByRow.cpp:1833]   --->   Operation 58 'store' 'store_ln598' <Predicate = (!icmp_ln609 & !or_ln615_1)> <Delay = 0.42>
ST_2 : Operation 59 [1/1] (0.00ns)   --->   "%br_ln609 = br void %for.body95.i" [/home/xiaorang/Documents/ATOMFLOW/sorting-organized-main/src/sortLatticeByRow.cpp:609->/home/xiaorang/Documents/ATOMFLOW/sorting-organized-main/src/sortLatticeByRow.cpp:1833]   --->   Operation 59 'br' 'br_ln609' <Predicate = (!icmp_ln609 & !or_ln615_1)> <Delay = 0.00>
ST_2 : Operation 74 [1/1] (0.00ns)   --->   "%discardCount_01099_i_ce = phi i9 %iter, void %for.body95.i.split, i9 256, void %for.body95.i"   --->   Operation 74 'phi' 'discardCount_01099_i_ce' <Predicate = (or_ln615_1) | (icmp_ln609)> <Delay = 0.00>
ST_2 : Operation 75 [1/1] (0.00ns)   --->   "%write_ln630 = write void @_ssdm_op_Write.ap_auto.i16P0A, i16 %unusableWriteIdx_1_out, i16 %unusableWriteIdx_3" [/home/xiaorang/Documents/ATOMFLOW/sorting-organized-main/src/sortLatticeByRow.cpp:630->/home/xiaorang/Documents/ATOMFLOW/sorting-organized-main/src/sortLatticeByRow.cpp:1833]   --->   Operation 75 'write' 'write_ln630' <Predicate = (or_ln615_1) | (icmp_ln609)> <Delay = 0.00>
ST_2 : Operation 76 [1/1] (0.00ns)   --->   "%write_ln626 = write void @_ssdm_op_Write.ap_auto.i16P0A, i16 %frontIdx_out, i16 %frontIdx_2" [/home/xiaorang/Documents/ATOMFLOW/sorting-organized-main/src/sortLatticeByRow.cpp:626->/home/xiaorang/Documents/ATOMFLOW/sorting-organized-main/src/sortLatticeByRow.cpp:1833]   --->   Operation 76 'write' 'write_ln626' <Predicate = (or_ln615_1) | (icmp_ln609)> <Delay = 0.00>
ST_2 : Operation 77 [1/1] (0.00ns)   --->   "%write_ln631 = write void @_ssdm_op_Write.ap_auto.i16P0A, i16 %backIdx_1_out, i16 %backIdx_3" [/home/xiaorang/Documents/ATOMFLOW/sorting-organized-main/src/sortLatticeByRow.cpp:631->/home/xiaorang/Documents/ATOMFLOW/sorting-organized-main/src/sortLatticeByRow.cpp:1833]   --->   Operation 77 'write' 'write_ln631' <Predicate = (or_ln615_1) | (icmp_ln609)> <Delay = 0.00>
ST_2 : Operation 78 [1/1] (0.00ns)   --->   "%write_ln634 = write void @_ssdm_op_Write.ap_auto.i9P0A, i9 %discardCount_01099_i_ce_out, i9 %discardCount_01099_i_ce" [/home/xiaorang/Documents/ATOMFLOW/sorting-organized-main/src/sortLatticeByRow.cpp:634->/home/xiaorang/Documents/ATOMFLOW/sorting-organized-main/src/sortLatticeByRow.cpp:1833]   --->   Operation 78 'write' 'write_ln634' <Predicate = (or_ln615_1) | (icmp_ln609)> <Delay = 0.00>
ST_2 : Operation 79 [1/1] (0.42ns)   --->   "%ret_ln0 = ret"   --->   Operation 79 'ret' 'ret_ln0' <Predicate = (or_ln615_1) | (icmp_ln609)> <Delay = 0.42>

State 3 <SV = 2> <Delay = 4.22>
ST_3 : Operation 60 [1/2] ( I:1.23ns O:1.23ns )   --->   "%frontVal = load i16 %unusableInfo_usableAtoms_data_addr" [/home/xiaorang/Documents/ATOMFLOW/sorting-organized-main/src/sortLatticeByRow.cpp:620->/home/xiaorang/Documents/ATOMFLOW/sorting-organized-main/src/sortLatticeByRow.cpp:1833]   --->   Operation 60 'load' 'frontVal' <Predicate = true> <Delay = 1.23> <CoreInst = "RAM_2P_BRAM">   --->   Core 93 'RAM_2P_BRAM' <Latency = 1> <II = 1> <Delay = 1.23> <Storage> <Opcode : 'load' 'store'> <Ports = 2> <Width = 32> <Depth = 65536> <RAM>
ST_3 : Operation 61 [1/2] ( I:1.23ns O:1.23ns )   --->   "%backVal = load i16 %unusableInfo_usableAtoms_data_addr_1" [/home/xiaorang/Documents/ATOMFLOW/sorting-organized-main/src/sortLatticeByRow.cpp:621->/home/xiaorang/Documents/ATOMFLOW/sorting-organized-main/src/sortLatticeByRow.cpp:1833]   --->   Operation 61 'load' 'backVal' <Predicate = true> <Delay = 1.23> <CoreInst = "RAM_2P_BRAM">   --->   Core 93 'RAM_2P_BRAM' <Latency = 1> <II = 1> <Delay = 1.23> <Storage> <Opcode : 'load' 'store'> <Ports = 2> <Width = 32> <Depth = 65536> <RAM>
ST_3 : Operation 62 [1/1] (0.00ns) (grouped into TernaryAdder)   --->   "%add_ln623 = add i32 %conv7_read, i32 4294967295" [/home/xiaorang/Documents/ATOMFLOW/sorting-organized-main/src/sortLatticeByRow.cpp:623->/home/xiaorang/Documents/ATOMFLOW/sorting-organized-main/src/sortLatticeByRow.cpp:1833]   --->   Operation 62 'add' 'add_ln623' <Predicate = true> <Delay = 0.00> <CoreInst = "TAddSub">   --->   Core 10 'TAddSub' <Latency = 0> <II = 1> <Delay = 0.36> <IPBlock> <Opcode : '' 'add' 'sub'> <InPorts = 3> <OutPorts = 1> <Sync> <CReg>
ST_3 : Operation 63 [1/1] (0.73ns) (root node of TernaryAdder)   --->   "%sub_ln623 = sub i32 %add_ln623, i32 %backVal" [/home/xiaorang/Documents/ATOMFLOW/sorting-organized-main/src/sortLatticeByRow.cpp:623->/home/xiaorang/Documents/ATOMFLOW/sorting-organized-main/src/sortLatticeByRow.cpp:1833]   --->   Operation 63 'sub' 'sub_ln623' <Predicate = true> <Delay = 0.73> <CoreInst = "TAddSub">   --->   Core 10 'TAddSub' <Latency = 0> <II = 1> <Delay = 0.36> <IPBlock> <Opcode : '' 'add' 'sub'> <InPorts = 3> <OutPorts = 1> <Sync> <CReg>
ST_3 : Operation 64 [1/1] (1.01ns)   --->   "%icmp_ln623 = icmp_sgt  i32 %frontVal, i32 %sub_ln623" [/home/xiaorang/Documents/ATOMFLOW/sorting-organized-main/src/sortLatticeByRow.cpp:623->/home/xiaorang/Documents/ATOMFLOW/sorting-organized-main/src/sortLatticeByRow.cpp:1833]   --->   Operation 64 'icmp' 'icmp_ln623' <Predicate = true> <Delay = 1.01> <CoreInst = "Cmp">   --->   Core 9 'Cmp' <Latency = 0> <II = 1> <Delay = 1.01> <FuncUnit> <Opcode : 'seteq' 'setne' 'setle' 'setge' 'setlt' 'setgt'> <InPorts = 2> <OutPorts = 1>
ST_3 : Operation 65 [1/1] (0.00ns)   --->   "%br_ln623 = br i1 %icmp_ln623, void %if.else.i, void %if.then123.i" [/home/xiaorang/Documents/ATOMFLOW/sorting-organized-main/src/sortLatticeByRow.cpp:623->/home/xiaorang/Documents/ATOMFLOW/sorting-organized-main/src/sortLatticeByRow.cpp:1833]   --->   Operation 65 'br' 'br_ln623' <Predicate = true> <Delay = 0.00>
ST_3 : Operation 66 [1/1] ( I:1.23ns O:1.23ns )   --->   "%store_ln630 = store i32 %backVal, i16 %unusableAtoms_data_addr" [/home/xiaorang/Documents/ATOMFLOW/sorting-organized-main/src/sortLatticeByRow.cpp:630->/home/xiaorang/Documents/ATOMFLOW/sorting-organized-main/src/sortLatticeByRow.cpp:1833]   --->   Operation 66 'store' 'store_ln630' <Predicate = (!icmp_ln623)> <Delay = 1.23> <CoreInst = "RAM_2P_BRAM">   --->   Core 93 'RAM_2P_BRAM' <Latency = 1> <II = 1> <Delay = 1.23> <Storage> <Opcode : 'load' 'store'> <Ports = 2> <Width = 32> <Depth = 65536> <RAM>
ST_3 : Operation 67 [1/1] (0.85ns)   --->   "%backIdx_4 = add i16 %backIdx_3, i16 65535" [/home/xiaorang/Documents/ATOMFLOW/sorting-organized-main/src/sortLatticeByRow.cpp:631->/home/xiaorang/Documents/ATOMFLOW/sorting-organized-main/src/sortLatticeByRow.cpp:1833]   --->   Operation 67 'add' 'backIdx_4' <Predicate = (!icmp_ln623)> <Delay = 0.85> <CoreInst = "Adder">   --->   Core 1 'Adder' <Latency = 0> <II = 1> <Delay = 0.85> <FuncUnit> <Opcode : 'add' 'sub'> <InPorts = 2> <OutPorts = 1>
ST_3 : Operation 68 [1/1] (0.42ns)   --->   "%store_ln604 = store i16 %backIdx_4, i16 %backIdx_1" [/home/xiaorang/Documents/ATOMFLOW/sorting-organized-main/src/sortLatticeByRow.cpp:604->/home/xiaorang/Documents/ATOMFLOW/sorting-organized-main/src/sortLatticeByRow.cpp:1833]   --->   Operation 68 'store' 'store_ln604' <Predicate = (!icmp_ln623)> <Delay = 0.42>
ST_3 : Operation 69 [1/1] (0.00ns)   --->   "%br_ln0 = br void %for.inc139.i"   --->   Operation 69 'br' 'br_ln0' <Predicate = (!icmp_ln623)> <Delay = 0.00>
ST_3 : Operation 70 [1/1] ( I:1.23ns O:1.23ns )   --->   "%store_ln625 = store i32 %frontVal, i16 %unusableAtoms_data_addr" [/home/xiaorang/Documents/ATOMFLOW/sorting-organized-main/src/sortLatticeByRow.cpp:625->/home/xiaorang/Documents/ATOMFLOW/sorting-organized-main/src/sortLatticeByRow.cpp:1833]   --->   Operation 70 'store' 'store_ln625' <Predicate = (icmp_ln623)> <Delay = 1.23> <CoreInst = "RAM_2P_BRAM">   --->   Core 93 'RAM_2P_BRAM' <Latency = 1> <II = 1> <Delay = 1.23> <Storage> <Opcode : 'load' 'store'> <Ports = 2> <Width = 32> <Depth = 65536> <RAM>
ST_3 : Operation 71 [1/1] (0.85ns)   --->   "%frontIdx_3 = add i16 %frontIdx_2, i16 1" [/home/xiaorang/Documents/ATOMFLOW/sorting-organized-main/src/sortLatticeByRow.cpp:626->/home/xiaorang/Documents/ATOMFLOW/sorting-organized-main/src/sortLatticeByRow.cpp:1833]   --->   Operation 71 'add' 'frontIdx_3' <Predicate = (icmp_ln623)> <Delay = 0.85> <CoreInst = "Adder">   --->   Core 1 'Adder' <Latency = 0> <II = 1> <Delay = 0.85> <FuncUnit> <Opcode : 'add' 'sub'> <InPorts = 2> <OutPorts = 1>
ST_3 : Operation 72 [1/1] (0.42ns)   --->   "%store_ln603 = store i16 %frontIdx_3, i16 %frontIdx" [/home/xiaorang/Documents/ATOMFLOW/sorting-organized-main/src/sortLatticeByRow.cpp:603->/home/xiaorang/Documents/ATOMFLOW/sorting-organized-main/src/sortLatticeByRow.cpp:1833]   --->   Operation 72 'store' 'store_ln603' <Predicate = (icmp_ln623)> <Delay = 0.42>
ST_3 : Operation 73 [1/1] (0.00ns)   --->   "%br_ln627 = br void %for.inc139.i" [/home/xiaorang/Documents/ATOMFLOW/sorting-organized-main/src/sortLatticeByRow.cpp:627->/home/xiaorang/Documents/ATOMFLOW/sorting-organized-main/src/sortLatticeByRow.cpp:1833]   --->   Operation 73 'br' 'br_ln627' <Predicate = (icmp_ln623)> <Delay = 0.00>


============================================================
+ Verbose Summary: Binding
============================================================
STG Binding: 
---------------- STG Properties BEGIN ----------------
- Is combinational: 0
- Is one-state seq: 0
- Is datapath-only: 0
- Is pipelined: 0
- Is top level: 0
Port [ Return ] is wired: 1; IO mode=ap_ctrl_hs:ce=0
Port [ unusableWriteIdx]:  wired=1; compound=0; hidden=0; nouse=0; global=0; static=0; extern=0; dir=0; type=0; pingpong=0; private_global=0; IO mode=ap_none:ce=0
Port [ currentSize]:  wired=1; compound=0; hidden=0; nouse=0; global=0; static=0; extern=0; dir=0; type=0; pingpong=0; private_global=0; IO mode=ap_none:ce=0
Port [ backIdx]:  wired=1; compound=0; hidden=0; nouse=0; global=0; static=0; extern=0; dir=0; type=0; pingpong=0; private_global=0; IO mode=ap_none:ce=0
Port [ zext_ln620_1]:  wired=1; compound=0; hidden=0; nouse=0; global=0; static=0; extern=0; dir=0; type=0; pingpong=0; private_global=0; IO mode=ap_none:ce=0
Port [ unusableInfo_usableAtoms_data]:  wired=1; compound=1; hidden=0; nouse=0; global=0; static=0; extern=0; dir=0; type=1; pingpong=0; private_global=0; MemPort=[11]; IO mode=ap_memory:ce=0
Port [ conv7]:  wired=1; compound=0; hidden=0; nouse=0; global=0; static=0; extern=0; dir=0; type=0; pingpong=0; private_global=0; IO mode=ap_none:ce=0
Port [ unusableAtoms_data]:  wired=1; compound=1; hidden=0; nouse=0; global=0; static=0; extern=0; dir=1; type=1; pingpong=0; private_global=0; MemPort=[30]; IO mode=ap_memory:ce=0
Port [ threshold]:  wired=1; compound=0; hidden=0; nouse=0; global=0; static=0; extern=0; dir=0; type=0; pingpong=0; private_global=0; IO mode=ap_none:ce=0
Port [ unusableWriteIdx_1_out]:  wired=1; compound=0; hidden=0; nouse=0; global=0; static=0; extern=0; dir=1; type=0; pingpong=0; private_global=0; IO mode=ap_vld:ce=0
Port [ frontIdx_out]:  wired=1; compound=0; hidden=0; nouse=0; global=0; static=0; extern=0; dir=1; type=0; pingpong=0; private_global=0; IO mode=ap_vld:ce=0
Port [ backIdx_1_out]:  wired=1; compound=0; hidden=0; nouse=0; global=0; static=0; extern=0; dir=1; type=0; pingpong=0; private_global=0; IO mode=ap_vld:ce=0
Port [ discardCount_01099_i_ce_out]:  wired=1; compound=0; hidden=0; nouse=0; global=0; static=0; extern=0; dir=1; type=0; pingpong=0; private_global=0; IO mode=ap_vld:ce=0
---------------- STG Properties END ------------------

---------------- Datapath Model BEGIN ----------------

<LifeTime>
<method=bitvector/>
currentSize_1                        (alloca           ) [ 0110]
unusableWriteIdx_1                   (alloca           ) [ 0110]
backIdx_1                            (alloca           ) [ 0111]
frontIdx                             (alloca           ) [ 0111]
discardCount_1                       (alloca           ) [ 0110]
specmemcore_ln0                      (specmemcore      ) [ 0000]
specmemcore_ln0                      (specmemcore      ) [ 0000]
threshold_read                       (read             ) [ 0110]
conv7_read                           (read             ) [ 0111]
zext_ln620_1_read                    (read             ) [ 0110]
backIdx_read                         (read             ) [ 0000]
currentSize_read                     (read             ) [ 0000]
unusableWriteIdx_read                (read             ) [ 0000]
store_ln600                          (store            ) [ 0000]
store_ln603                          (store            ) [ 0000]
store_ln604                          (store            ) [ 0000]
store_ln605                          (store            ) [ 0000]
store_ln598                          (store            ) [ 0000]
br_ln0                               (br               ) [ 0000]
currentSize_3                        (load             ) [ 0000]
unusableWriteIdx_3                   (load             ) [ 0000]
backIdx_3                            (load             ) [ 0101]
frontIdx_2                           (load             ) [ 0101]
iter                                 (load             ) [ 0000]
icmp_ln609                           (icmp             ) [ 0111]
discardCount_3                       (add              ) [ 0000]
br_ln609                             (br               ) [ 0000]
add_ln630                            (add              ) [ 0000]
zext_ln630                           (zext             ) [ 0000]
unusableAtoms_data_addr              (getelementptr    ) [ 0101]
specpipeline_ln612                   (specpipeline     ) [ 0000]
speclooptripcount_ln613              (speclooptripcount) [ 0000]
specloopname_ln609                   (specloopname     ) [ 0000]
icmp_ln615                           (icmp             ) [ 0000]
xor_ln615                            (xor              ) [ 0000]
icmp_ln617                           (icmp             ) [ 0000]
tmp                                  (partselect       ) [ 0000]
icmp_ln618                           (icmp             ) [ 0000]
or_ln615                             (or               ) [ 0000]
or_ln615_1                           (or               ) [ 0111]
br_ln615                             (br               ) [ 0000]
add_ln620                            (add              ) [ 0000]
zext_ln620                           (zext             ) [ 0000]
unusableInfo_usableAtoms_data_addr   (getelementptr    ) [ 0101]
add_ln621                            (add              ) [ 0000]
zext_ln621                           (zext             ) [ 0000]
unusableInfo_usableAtoms_data_addr_1 (getelementptr    ) [ 0101]
unusableWriteIdx_4                   (add              ) [ 0000]
currentSize_4                        (add              ) [ 0000]
store_ln600                          (store            ) [ 0000]
store_ln605                          (store            ) [ 0000]
store_ln598                          (store            ) [ 0000]
br_ln609                             (br               ) [ 0000]
frontVal                             (load             ) [ 0000]
backVal                              (load             ) [ 0000]
add_ln623                            (add              ) [ 0000]
sub_ln623                            (sub              ) [ 0000]
icmp_ln623                           (icmp             ) [ 0101]
br_ln623                             (br               ) [ 0000]
store_ln630                          (store            ) [ 0000]
backIdx_4                            (add              ) [ 0000]
store_ln604                          (store            ) [ 0000]
br_ln0                               (br               ) [ 0000]
store_ln625                          (store            ) [ 0000]
frontIdx_3                           (add              ) [ 0000]
store_ln603                          (store            ) [ 0000]
br_ln627                             (br               ) [ 0000]
discardCount_01099_i_ce              (phi              ) [ 0000]
write_ln630                          (write            ) [ 0000]
write_ln626                          (write            ) [ 0000]
write_ln631                          (write            ) [ 0000]
write_ln634                          (write            ) [ 0000]
ret_ln0                              (ret              ) [ 0000]
</LifeTime>

<model>

<comp_list>
<comp id="0" class="1000" name="unusableWriteIdx">
<pin_list>
<pin id="1" dir="1" index="0" bw="1" slack="0"/>
</pin_list>
<bind>
<StgValue><ssdm name="unusableWriteIdx"/></StgValue>
</bind>
</comp>

<comp id="2" class="1000" name="currentSize">
<pin_list>
<pin id="3" dir="1" index="0" bw="1" slack="0"/>
</pin_list>
<bind>
<StgValue><ssdm name="currentSize"/></StgValue>
</bind>
</comp>

<comp id="4" class="1000" name="backIdx">
<pin_list>
<pin id="5" dir="1" index="0" bw="1" slack="0"/>
</pin_list>
<bind>
<StgValue><ssdm name="backIdx"/></StgValue>
</bind>
</comp>

<comp id="6" class="1000" name="zext_ln620_1">
<pin_list>
<pin id="7" dir="1" index="0" bw="1" slack="0"/>
</pin_list>
<bind>
<StgValue><ssdm name="zext_ln620_1"/></StgValue>
</bind>
</comp>

<comp id="8" class="1000" name="unusableInfo_usableAtoms_data">
<pin_list>
<pin id="9" dir="1" index="0" bw="1" slack="0"/>
</pin_list>
<bind>
<StgValue><ssdm name="unusableInfo_usableAtoms_data"/><MemPortTyVec>1 1 </MemPortTyVec>
</StgValue>
</bind>
</comp>

<comp id="10" class="1000" name="conv7">
<pin_list>
<pin id="11" dir="1" index="0" bw="1" slack="0"/>
</pin_list>
<bind>
<StgValue><ssdm name="conv7"/></StgValue>
</bind>
</comp>

<comp id="12" class="1000" name="unusableAtoms_data">
<pin_list>
<pin id="13" dir="1" index="0" bw="1" slack="0"/>
</pin_list>
<bind>
<StgValue><ssdm name="unusableAtoms_data"/><MemPortTyVec>3 0 </MemPortTyVec>
</StgValue>
</bind>
</comp>

<comp id="14" class="1000" name="threshold">
<pin_list>
<pin id="15" dir="1" index="0" bw="1" slack="0"/>
</pin_list>
<bind>
<StgValue><ssdm name="threshold"/></StgValue>
</bind>
</comp>

<comp id="16" class="1000" name="unusableWriteIdx_1_out">
<pin_list>
<pin id="17" dir="1" index="0" bw="1" slack="0"/>
</pin_list>
<bind>
<StgValue><ssdm name="unusableWriteIdx_1_out"/></StgValue>
</bind>
</comp>

<comp id="18" class="1000" name="frontIdx_out">
<pin_list>
<pin id="19" dir="1" index="0" bw="1" slack="0"/>
</pin_list>
<bind>
<StgValue><ssdm name="frontIdx_out"/></StgValue>
</bind>
</comp>

<comp id="20" class="1000" name="backIdx_1_out">
<pin_list>
<pin id="21" dir="1" index="0" bw="1" slack="0"/>
</pin_list>
<bind>
<StgValue><ssdm name="backIdx_1_out"/></StgValue>
</bind>
</comp>

<comp id="22" class="1000" name="discardCount_01099_i_ce_out">
<pin_list>
<pin id="23" dir="1" index="0" bw="1" slack="0"/>
</pin_list>
<bind>
<StgValue><ssdm name="discardCount_01099_i_ce_out"/></StgValue>
</bind>
</comp>

<comp id="24" class="1001" name="const_24">
<pin_list>
<pin id="25" dir="1" index="0" bw="1" slack="0"/>
</pin_list>
<bind>
<StgValue><ssdm name=""/></StgValue>
</bind>
</comp>

<comp id="26" class="1001" name="const_26">
<pin_list>
<pin id="27" dir="1" index="0" bw="1" slack="2147483647"/>
</pin_list>
<bind>
<StgValue><ssdm name="_ssdm_op_SpecMemCore"/></StgValue>
</bind>
</comp>

<comp id="28" class="1001" name="const_28">
<pin_list>
<pin id="29" dir="1" index="0" bw="1" slack="2147483647"/>
</pin_list>
<bind>
<StgValue><ssdm name=""/></StgValue>
</bind>
</comp>

<comp id="30" class="1001" name="const_30">
<pin_list>
<pin id="31" dir="1" index="0" bw="1" slack="2147483647"/>
</pin_list>
<bind>
<StgValue><ssdm name=""/></StgValue>
</bind>
</comp>

<comp id="32" class="1001" name="const_32">
<pin_list>
<pin id="33" dir="1" index="0" bw="1" slack="2147483647"/>
</pin_list>
<bind>
<StgValue><ssdm name=""/></StgValue>
</bind>
</comp>

<comp id="34" class="1001" name="const_34">
<pin_list>
<pin id="35" dir="1" index="0" bw="1" slack="0"/>
</pin_list>
<bind>
<StgValue><ssdm name="_ssdm_op_Read.ap_auto.i16"/></StgValue>
</bind>
</comp>

<comp id="36" class="1001" name="const_36">
<pin_list>
<pin id="37" dir="1" index="0" bw="1" slack="0"/>
</pin_list>
<bind>
<StgValue><ssdm name="_ssdm_op_Read.ap_auto.i32"/></StgValue>
</bind>
</comp>

<comp id="38" class="1001" name="const_38">
<pin_list>
<pin id="39" dir="1" index="0" bw="1" slack="0"/>
</pin_list>
<bind>
<StgValue><ssdm name=""/></StgValue>
</bind>
</comp>

<comp id="40" class="1001" name="const_40">
<pin_list>
<pin id="41" dir="1" index="0" bw="1" slack="0"/>
</pin_list>
<bind>
<StgValue><ssdm name=""/></StgValue>
</bind>
</comp>

<comp id="42" class="1001" name="const_42">
<pin_list>
<pin id="43" dir="1" index="0" bw="1" slack="0"/>
</pin_list>
<bind>
<StgValue><ssdm name=""/></StgValue>
</bind>
</comp>

<comp id="44" class="1001" name="const_44">
<pin_list>
<pin id="45" dir="1" index="0" bw="1" slack="0"/>
</pin_list>
<bind>
<StgValue><ssdm name=""/></StgValue>
</bind>
</comp>

<comp id="46" class="1001" name="const_46">
<pin_list>
<pin id="47" dir="1" index="0" bw="1" slack="0"/>
</pin_list>
<bind>
<StgValue><ssdm name=""/></StgValue>
</bind>
</comp>

<comp id="48" class="1001" name="const_48">
<pin_list>
<pin id="49" dir="1" index="0" bw="1" slack="2147483647"/>
</pin_list>
<bind>
<StgValue><ssdm name="_ssdm_op_SpecPipeline"/></StgValue>
</bind>
</comp>

<comp id="50" class="1001" name="const_50">
<pin_list>
<pin id="51" dir="1" index="0" bw="1" slack="2147483647"/>
</pin_list>
<bind>
<StgValue><ssdm name=""/></StgValue>
</bind>
</comp>

<comp id="52" class="1001" name="const_52">
<pin_list>
<pin id="53" dir="1" index="0" bw="1" slack="2147483647"/>
</pin_list>
<bind>
<StgValue><ssdm name="empty_18"/></StgValue>
</bind>
</comp>

<comp id="54" class="1001" name="const_54">
<pin_list>
<pin id="55" dir="1" index="0" bw="1" slack="2147483647"/>
</pin_list>
<bind>
<StgValue><ssdm name="_ssdm_op_SpecLoopTripCount"/></StgValue>
</bind>
</comp>

<comp id="56" class="1001" name="const_56">
<pin_list>
<pin id="57" dir="1" index="0" bw="1" slack="2147483647"/>
</pin_list>
<bind>
<StgValue><ssdm name=""/></StgValue>
</bind>
</comp>

<comp id="58" class="1001" name="const_58">
<pin_list>
<pin id="59" dir="1" index="0" bw="1" slack="2147483647"/>
</pin_list>
<bind>
<StgValue><ssdm name=""/></StgValue>
</bind>
</comp>

<comp id="60" class="1001" name="const_60">
<pin_list>
<pin id="61" dir="1" index="0" bw="1" slack="2147483647"/>
</pin_list>
<bind>
<StgValue><ssdm name="_ssdm_op_SpecLoopName"/></StgValue>
</bind>
</comp>

<comp id="62" class="1001" name="const_62">
<pin_list>
<pin id="63" dir="1" index="0" bw="1" slack="2147483647"/>
</pin_list>
<bind>
<StgValue><ssdm name="empty_19"/></StgValue>
</bind>
</comp>

<comp id="64" class="1001" name="const_64">
<pin_list>
<pin id="65" dir="1" index="0" bw="1" slack="0"/>
</pin_list>
<bind>
<StgValue><ssdm name=""/></StgValue>
</bind>
</comp>

<comp id="66" class="1001" name="const_66">
<pin_list>
<pin id="67" dir="1" index="0" bw="1" slack="0"/>
</pin_list>
<bind>
<StgValue><ssdm name="_ssdm_op_PartSelect.i8.i16.i32.i32"/></StgValue>
</bind>
</comp>

<comp id="68" class="1001" name="const_68">
<pin_list>
<pin id="69" dir="1" index="0" bw="1" slack="0"/>
</pin_list>
<bind>
<StgValue><ssdm name=""/></StgValue>
</bind>
</comp>

<comp id="70" class="1001" name="const_70">
<pin_list>
<pin id="71" dir="1" index="0" bw="1" slack="0"/>
</pin_list>
<bind>
<StgValue><ssdm name=""/></StgValue>
</bind>
</comp>

<comp id="72" class="1001" name="const_72">
<pin_list>
<pin id="73" dir="1" index="0" bw="1" slack="0"/>
</pin_list>
<bind>
<StgValue><ssdm name=""/></StgValue>
</bind>
</comp>

<comp id="74" class="1001" name="const_74">
<pin_list>
<pin id="75" dir="1" index="0" bw="1" slack="0"/>
</pin_list>
<bind>
<StgValue><ssdm name=""/></StgValue>
</bind>
</comp>

<comp id="76" class="1001" name="const_76">
<pin_list>
<pin id="77" dir="1" index="0" bw="1" slack="0"/>
</pin_list>
<bind>
<StgValue><ssdm name=""/></StgValue>
</bind>
</comp>

<comp id="78" class="1001" name="const_78">
<pin_list>
<pin id="79" dir="1" index="0" bw="1" slack="0"/>
</pin_list>
<bind>
<StgValue><ssdm name=""/></StgValue>
</bind>
</comp>

<comp id="80" class="1001" name="const_80">
<pin_list>
<pin id="81" dir="1" index="0" bw="1" slack="0"/>
</pin_list>
<bind>
<StgValue><ssdm name="_ssdm_op_Write.ap_auto.i16P0A"/></StgValue>
</bind>
</comp>

<comp id="82" class="1001" name="const_82">
<pin_list>
<pin id="83" dir="1" index="0" bw="1" slack="0"/>
</pin_list>
<bind>
<StgValue><ssdm name="_ssdm_op_Write.ap_auto.i9P0A"/></StgValue>
</bind>
</comp>

<comp id="84" class="1004" name="currentSize_1_fu_84">
<pin_list>
<pin id="85" dir="0" index="0" bw="1" slack="0"/>
<pin id="86" dir="1" index="1" bw="16" slack="0"/>
</pin_list>
<bind>
<opcode="alloca(26) " fcode="alloca"/>
<opset="currentSize_1/1 "/>
</bind>
</comp>

<comp id="88" class="1004" name="unusableWriteIdx_1_fu_88">
<pin_list>
<pin id="89" dir="0" index="0" bw="1" slack="0"/>
<pin id="90" dir="1" index="1" bw="16" slack="0"/>
</pin_list>
<bind>
<opcode="alloca(26) " fcode="alloca"/>
<opset="unusableWriteIdx_1/1 "/>
</bind>
</comp>

<comp id="92" class="1004" name="backIdx_1_fu_92">
<pin_list>
<pin id="93" dir="0" index="0" bw="1" slack="0"/>
<pin id="94" dir="1" index="1" bw="16" slack="0"/>
</pin_list>
<bind>
<opcode="alloca(26) " fcode="alloca"/>
<opset="backIdx_1/1 "/>
</bind>
</comp>

<comp id="96" class="1004" name="frontIdx_fu_96">
<pin_list>
<pin id="97" dir="0" index="0" bw="1" slack="0"/>
<pin id="98" dir="1" index="1" bw="16" slack="0"/>
</pin_list>
<bind>
<opcode="alloca(26) " fcode="alloca"/>
<opset="frontIdx/1 "/>
</bind>
</comp>

<comp id="100" class="1004" name="discardCount_1_fu_100">
<pin_list>
<pin id="101" dir="0" index="0" bw="1" slack="0"/>
<pin id="102" dir="1" index="1" bw="9" slack="0"/>
</pin_list>
<bind>
<opcode="alloca(26) " fcode="alloca"/>
<opset="discardCount_1/1 "/>
</bind>
</comp>

<comp id="104" class="1004" name="threshold_read_read_fu_104">
<pin_list>
<pin id="105" dir="0" index="0" bw="16" slack="0"/>
<pin id="106" dir="0" index="1" bw="16" slack="0"/>
<pin id="107" dir="1" index="2" bw="16" slack="1"/>
</pin_list>
<bind>
<opcode="read(1150) " fcode="read"/>
<opset="threshold_read/1 "/>
</bind>
</comp>

<comp id="110" class="1004" name="conv7_read_read_fu_110">
<pin_list>
<pin id="111" dir="0" index="0" bw="32" slack="0"/>
<pin id="112" dir="0" index="1" bw="32" slack="0"/>
<pin id="113" dir="1" index="2" bw="32" slack="2"/>
</pin_list>
<bind>
<opcode="read(1150) " fcode="read"/>
<opset="conv7_read/1 "/>
</bind>
</comp>

<comp id="116" class="1004" name="zext_ln620_1_read_read_fu_116">
<pin_list>
<pin id="117" dir="0" index="0" bw="16" slack="0"/>
<pin id="118" dir="0" index="1" bw="16" slack="0"/>
<pin id="119" dir="1" index="2" bw="16" slack="1"/>
</pin_list>
<bind>
<opcode="read(1150) " fcode="read"/>
<opset="zext_ln620_1_read/1 "/>
</bind>
</comp>

<comp id="122" class="1004" name="backIdx_read_read_fu_122">
<pin_list>
<pin id="123" dir="0" index="0" bw="16" slack="0"/>
<pin id="124" dir="0" index="1" bw="16" slack="0"/>
<pin id="125" dir="1" index="2" bw="16" slack="0"/>
</pin_list>
<bind>
<opcode="read(1150) " fcode="read"/>
<opset="backIdx_read/1 "/>
</bind>
</comp>

<comp id="128" class="1004" name="currentSize_read_read_fu_128">
<pin_list>
<pin id="129" dir="0" index="0" bw="16" slack="0"/>
<pin id="130" dir="0" index="1" bw="16" slack="0"/>
<pin id="131" dir="1" index="2" bw="16" slack="0"/>
</pin_list>
<bind>
<opcode="read(1150) " fcode="read"/>
<opset="currentSize_read/1 "/>
</bind>
</comp>

<comp id="134" class="1004" name="unusableWriteIdx_read_read_fu_134">
<pin_list>
<pin id="135" dir="0" index="0" bw="16" slack="0"/>
<pin id="136" dir="0" index="1" bw="16" slack="0"/>
<pin id="137" dir="1" index="2" bw="16" slack="0"/>
</pin_list>
<bind>
<opcode="read(1150) " fcode="read"/>
<opset="unusableWriteIdx_read/1 "/>
</bind>
</comp>

<comp id="140" class="1004" name="write_ln630_write_fu_140">
<pin_list>
<pin id="141" dir="0" index="0" bw="0" slack="0"/>
<pin id="142" dir="0" index="1" bw="16" slack="0"/>
<pin id="143" dir="0" index="2" bw="16" slack="0"/>
<pin id="144" dir="1" index="3" bw="0" slack="2147483647"/>
</pin_list>
<bind>
<opcode="write(1151) " fcode="write"/>
<opset="write_ln630/2 "/>
</bind>
</comp>

<comp id="147" class="1004" name="write_ln626_write_fu_147">
<pin_list>
<pin id="148" dir="0" index="0" bw="0" slack="0"/>
<pin id="149" dir="0" index="1" bw="16" slack="0"/>
<pin id="150" dir="0" index="2" bw="16" slack="0"/>
<pin id="151" dir="1" index="3" bw="0" slack="2147483647"/>
</pin_list>
<bind>
<opcode="write(1151) " fcode="write"/>
<opset="write_ln626/2 "/>
</bind>
</comp>

<comp id="154" class="1004" name="write_ln631_write_fu_154">
<pin_list>
<pin id="155" dir="0" index="0" bw="0" slack="0"/>
<pin id="156" dir="0" index="1" bw="16" slack="0"/>
<pin id="157" dir="0" index="2" bw="16" slack="0"/>
<pin id="158" dir="1" index="3" bw="0" slack="2147483647"/>
</pin_list>
<bind>
<opcode="write(1151) " fcode="write"/>
<opset="write_ln631/2 "/>
</bind>
</comp>

<comp id="161" class="1004" name="write_ln634_write_fu_161">
<pin_list>
<pin id="162" dir="0" index="0" bw="0" slack="0"/>
<pin id="163" dir="0" index="1" bw="9" slack="0"/>
<pin id="164" dir="0" index="2" bw="9" slack="0"/>
<pin id="165" dir="1" index="3" bw="0" slack="2147483647"/>
</pin_list>
<bind>
<opcode="write(1151) " fcode="write"/>
<opset="write_ln634/2 "/>
</bind>
</comp>

<comp id="168" class="1004" name="unusableAtoms_data_addr_gep_fu_168">
<pin_list>
<pin id="169" dir="0" index="0" bw="32" slack="0"/>
<pin id="170" dir="0" index="1" bw="1" slack="0"/>
<pin id="171" dir="0" index="2" bw="16" slack="0"/>
<pin id="172" dir="1" index="3" bw="16" slack="1"/>
</pin_list>
<bind>
<opcode="getelementptr(29) " fcode="getelementptr"/>
<opset="unusableAtoms_data_addr/2 "/>
</bind>
</comp>

<comp id="175" class="1004" name="unusableInfo_usableAtoms_data_addr_gep_fu_175">
<pin_list>
<pin id="176" dir="0" index="0" bw="32" slack="0"/>
<pin id="177" dir="0" index="1" bw="1" slack="0"/>
<pin id="178" dir="0" index="2" bw="16" slack="0"/>
<pin id="179" dir="1" index="3" bw="16" slack="0"/>
</pin_list>
<bind>
<opcode="getelementptr(29) " fcode="getelementptr"/>
<opset="unusableInfo_usableAtoms_data_addr/2 "/>
</bind>
</comp>

<comp id="182" class="1004" name="grp_access_fu_182">
<pin_list>
<pin id="183" dir="0" index="0" bw="16" slack="0"/>
<pin id="184" dir="0" index="1" bw="32" slack="2147483647"/>
<pin id="185" dir="0" index="2" bw="0" slack="0"/>
<pin id="187" dir="0" index="4" bw="16" slack="2147483647"/>
<pin id="188" dir="0" index="5" bw="32" slack="2147483647"/>
<pin id="189" dir="0" index="6" bw="0" slack="2147483647"/>
<pin id="186" dir="1" index="3" bw="32" slack="0"/>
<pin id="190" dir="1" index="7" bw="32" slack="0"/>
</pin_list>
<bind>
<opcode="load(27) " fcode="load"/>
<opset="frontVal/2 backVal/2 "/>
</bind>
</comp>

<comp id="192" class="1004" name="unusableInfo_usableAtoms_data_addr_1_gep_fu_192">
<pin_list>
<pin id="193" dir="0" index="0" bw="32" slack="0"/>
<pin id="194" dir="0" index="1" bw="1" slack="0"/>
<pin id="195" dir="0" index="2" bw="16" slack="0"/>
<pin id="196" dir="1" index="3" bw="16" slack="0"/>
</pin_list>
<bind>
<opcode="getelementptr(29) " fcode="getelementptr"/>
<opset="unusableInfo_usableAtoms_data_addr_1/2 "/>
</bind>
</comp>

<comp id="200" class="1004" name="grp_access_fu_200">
<pin_list>
<pin id="201" dir="0" index="0" bw="16" slack="2147483647"/>
<pin id="202" dir="0" index="1" bw="32" slack="2147483647"/>
<pin id="203" dir="0" index="2" bw="0" slack="1"/>
<pin id="205" dir="0" index="4" bw="16" slack="0"/>
<pin id="206" dir="0" index="5" bw="32" slack="2147483647"/>
<pin id="207" dir="0" index="6" bw="0" slack="2147483647"/>
<pin id="204" dir="1" index="3" bw="32" slack="2147483647"/>
<pin id="208" dir="1" index="7" bw="32" slack="2147483647"/>
</pin_list>
<bind>
<opcode="store(28) " fcode="store"/>
<opset="store_ln630/3 store_ln625/3 "/>
</bind>
</comp>

<comp id="211" class="1005" name="discardCount_01099_i_ce_reg_211">
<pin_list>
<pin id="212" dir="0" index="0" bw="9" slack="2147483647"/>
<pin id="213" dir="1" index="1" bw="9" slack="2147483647"/>
</pin_list>
<bind>
<opset="discardCount_01099_i_ce (phireg) "/>
</bind>
</comp>

<comp id="214" class="1004" name="discardCount_01099_i_ce_phi_fu_214">
<pin_list>
<pin id="215" dir="0" index="0" bw="9" slack="0"/>
<pin id="216" dir="0" index="1" bw="0" slack="2147483647"/>
<pin id="217" dir="0" index="2" bw="9" slack="0"/>
<pin id="218" dir="0" index="3" bw="0" slack="2147483647"/>
<pin id="219" dir="1" index="4" bw="9" slack="0"/>
</pin_list>
<bind>
<opcode="phi(47) " fcode="phi"/>
<opset="discardCount_01099_i_ce/2 "/>
</bind>
</comp>

<comp id="222" class="1004" name="store_ln600_store_fu_222">
<pin_list>
<pin id="223" dir="0" index="0" bw="1" slack="0"/>
<pin id="224" dir="0" index="1" bw="9" slack="0"/>
<pin id="225" dir="1" index="2" bw="0" slack="2147483647"/>
</pin_list>
<bind>
<opcode="store(28) " fcode="store"/>
<opset="store_ln600/1 "/>
</bind>
</comp>

<comp id="227" class="1004" name="store_ln603_store_fu_227">
<pin_list>
<pin id="228" dir="0" index="0" bw="1" slack="0"/>
<pin id="229" dir="0" index="1" bw="16" slack="0"/>
<pin id="230" dir="1" index="2" bw="0" slack="2147483647"/>
</pin_list>
<bind>
<opcode="store(28) " fcode="store"/>
<opset="store_ln603/1 "/>
</bind>
</comp>

<comp id="232" class="1004" name="store_ln604_store_fu_232">
<pin_list>
<pin id="233" dir="0" index="0" bw="16" slack="0"/>
<pin id="234" dir="0" index="1" bw="16" slack="0"/>
<pin id="235" dir="1" index="2" bw="0" slack="2147483647"/>
</pin_list>
<bind>
<opcode="store(28) " fcode="store"/>
<opset="store_ln604/1 "/>
</bind>
</comp>

<comp id="237" class="1004" name="store_ln605_store_fu_237">
<pin_list>
<pin id="238" dir="0" index="0" bw="16" slack="0"/>
<pin id="239" dir="0" index="1" bw="16" slack="0"/>
<pin id="240" dir="1" index="2" bw="0" slack="2147483647"/>
</pin_list>
<bind>
<opcode="store(28) " fcode="store"/>
<opset="store_ln605/1 "/>
</bind>
</comp>

<comp id="242" class="1004" name="store_ln598_store_fu_242">
<pin_list>
<pin id="243" dir="0" index="0" bw="16" slack="0"/>
<pin id="244" dir="0" index="1" bw="16" slack="0"/>
<pin id="245" dir="1" index="2" bw="0" slack="2147483647"/>
</pin_list>
<bind>
<opcode="store(28) " fcode="store"/>
<opset="store_ln598/1 "/>
</bind>
</comp>

<comp id="247" class="1004" name="currentSize_3_load_fu_247">
<pin_list>
<pin id="248" dir="0" index="0" bw="16" slack="1"/>
<pin id="249" dir="1" index="1" bw="16" slack="0"/>
</pin_list>
<bind>
<opcode="load(27) " fcode="load"/>
<opset="currentSize_3/2 "/>
</bind>
</comp>

<comp id="250" class="1004" name="unusableWriteIdx_3_load_fu_250">
<pin_list>
<pin id="251" dir="0" index="0" bw="16" slack="1"/>
<pin id="252" dir="1" index="1" bw="16" slack="0"/>
</pin_list>
<bind>
<opcode="load(27) " fcode="load"/>
<opset="unusableWriteIdx_3/2 "/>
</bind>
</comp>

<comp id="254" class="1004" name="backIdx_3_load_fu_254">
<pin_list>
<pin id="255" dir="0" index="0" bw="16" slack="1"/>
<pin id="256" dir="1" index="1" bw="16" slack="0"/>
</pin_list>
<bind>
<opcode="load(27) " fcode="load"/>
<opset="backIdx_3/2 "/>
</bind>
</comp>

<comp id="258" class="1004" name="frontIdx_2_load_fu_258">
<pin_list>
<pin id="259" dir="0" index="0" bw="16" slack="1"/>
<pin id="260" dir="1" index="1" bw="16" slack="0"/>
</pin_list>
<bind>
<opcode="load(27) " fcode="load"/>
<opset="frontIdx_2/2 "/>
</bind>
</comp>

<comp id="262" class="1004" name="iter_load_fu_262">
<pin_list>
<pin id="263" dir="0" index="0" bw="9" slack="1"/>
<pin id="264" dir="1" index="1" bw="9" slack="0"/>
</pin_list>
<bind>
<opcode="load(27) " fcode="load"/>
<opset="iter/2 "/>
</bind>
</comp>

<comp id="266" class="1004" name="icmp_ln609_fu_266">
<pin_list>
<pin id="267" dir="0" index="0" bw="9" slack="0"/>
<pin id="268" dir="0" index="1" bw="9" slack="0"/>
<pin id="269" dir="1" index="2" bw="1" slack="1"/>
</pin_list>
<bind>
<opcode="icmp(45) " fcode="icmp"/>
<opset="icmp_ln609/2 "/>
</bind>
</comp>

<comp id="272" class="1004" name="discardCount_3_fu_272">
<pin_list>
<pin id="273" dir="0" index="0" bw="9" slack="0"/>
<pin id="274" dir="0" index="1" bw="1" slack="0"/>
<pin id="275" dir="1" index="2" bw="9" slack="0"/>
</pin_list>
<bind>
<opcode="add(8) " fcode="add"/>
<opset="discardCount_3/2 "/>
</bind>
</comp>

<comp id="278" class="1004" name="add_ln630_fu_278">
<pin_list>
<pin id="279" dir="0" index="0" bw="16" slack="1"/>
<pin id="280" dir="0" index="1" bw="16" slack="0"/>
<pin id="281" dir="1" index="2" bw="16" slack="0"/>
</pin_list>
<bind>
<opcode="add(8) " fcode="add"/>
<opset="add_ln630/2 "/>
</bind>
</comp>

<comp id="283" class="1004" name="zext_ln630_fu_283">
<pin_list>
<pin id="284" dir="0" index="0" bw="16" slack="0"/>
<pin id="285" dir="1" index="1" bw="64" slack="0"/>
</pin_list>
<bind>
<opcode="zext(34) " fcode="zext"/>
<opset="zext_ln630/2 "/>
</bind>
</comp>

<comp id="288" class="1004" name="icmp_ln615_fu_288">
<pin_list>
<pin id="289" dir="0" index="0" bw="16" slack="1"/>
<pin id="290" dir="0" index="1" bw="16" slack="0"/>
<pin id="291" dir="1" index="2" bw="1" slack="0"/>
</pin_list>
<bind>
<opcode="icmp(45) " fcode="icmp"/>
<opset="icmp_ln615/2 "/>
</bind>
</comp>

<comp id="293" class="1004" name="xor_ln615_fu_293">
<pin_list>
<pin id="294" dir="0" index="0" bw="1" slack="0"/>
<pin id="295" dir="0" index="1" bw="1" slack="0"/>
<pin id="296" dir="1" index="2" bw="1" slack="0"/>
</pin_list>
<bind>
<opcode="xor(25) " fcode="xor"/>
<opset="xor_ln615/2 "/>
</bind>
</comp>

<comp id="299" class="1004" name="icmp_ln617_fu_299">
<pin_list>
<pin id="300" dir="0" index="0" bw="16" slack="0"/>
<pin id="301" dir="0" index="1" bw="16" slack="0"/>
<pin id="302" dir="1" index="2" bw="1" slack="0"/>
</pin_list>
<bind>
<opcode="icmp(45) " fcode="icmp"/>
<opset="icmp_ln617/2 "/>
</bind>
</comp>

<comp id="305" class="1004" name="tmp_fu_305">
<pin_list>
<pin id="306" dir="0" index="0" bw="8" slack="0"/>
<pin id="307" dir="0" index="1" bw="16" slack="0"/>
<pin id="308" dir="0" index="2" bw="5" slack="0"/>
<pin id="309" dir="0" index="3" bw="5" slack="0"/>
<pin id="310" dir="1" index="4" bw="8" slack="0"/>
</pin_list>
<bind>
<opcode="partselect(1002) " fcode="partselect"/>
<opset="tmp/2 "/>
</bind>
</comp>

<comp id="315" class="1004" name="icmp_ln618_fu_315">
<pin_list>
<pin id="316" dir="0" index="0" bw="8" slack="0"/>
<pin id="317" dir="0" index="1" bw="1" slack="0"/>
<pin id="318" dir="1" index="2" bw="1" slack="0"/>
</pin_list>
<bind>
<opcode="icmp(45) " fcode="icmp"/>
<opset="icmp_ln618/2 "/>
</bind>
</comp>

<comp id="321" class="1004" name="or_ln615_fu_321">
<pin_list>
<pin id="322" dir="0" index="0" bw="1" slack="0"/>
<pin id="323" dir="0" index="1" bw="1" slack="0"/>
<pin id="324" dir="1" index="2" bw="1" slack="0"/>
</pin_list>
<bind>
<opcode="or(24) " fcode="or"/>
<opset="or_ln615/2 "/>
</bind>
</comp>

<comp id="327" class="1004" name="or_ln615_1_fu_327">
<pin_list>
<pin id="328" dir="0" index="0" bw="1" slack="0"/>
<pin id="329" dir="0" index="1" bw="1" slack="0"/>
<pin id="330" dir="1" index="2" bw="1" slack="1"/>
</pin_list>
<bind>
<opcode="or(24) " fcode="or"/>
<opset="or_ln615_1/2 "/>
</bind>
</comp>

<comp id="333" class="1004" name="add_ln620_fu_333">
<pin_list>
<pin id="334" dir="0" index="0" bw="16" slack="1"/>
<pin id="335" dir="0" index="1" bw="16" slack="0"/>
<pin id="336" dir="1" index="2" bw="16" slack="0"/>
</pin_list>
<bind>
<opcode="add(8) " fcode="add"/>
<opset="add_ln620/2 "/>
</bind>
</comp>

<comp id="338" class="1004" name="zext_ln620_fu_338">
<pin_list>
<pin id="339" dir="0" index="0" bw="16" slack="0"/>
<pin id="340" dir="1" index="1" bw="64" slack="0"/>
</pin_list>
<bind>
<opcode="zext(34) " fcode="zext"/>
<opset="zext_ln620/2 "/>
</bind>
</comp>

<comp id="343" class="1004" name="add_ln621_fu_343">
<pin_list>
<pin id="344" dir="0" index="0" bw="16" slack="1"/>
<pin id="345" dir="0" index="1" bw="16" slack="0"/>
<pin id="346" dir="1" index="2" bw="16" slack="0"/>
</pin_list>
<bind>
<opcode="add(8) " fcode="add"/>
<opset="add_ln621/2 "/>
</bind>
</comp>

<comp id="348" class="1004" name="zext_ln621_fu_348">
<pin_list>
<pin id="349" dir="0" index="0" bw="16" slack="0"/>
<pin id="350" dir="1" index="1" bw="64" slack="0"/>
</pin_list>
<bind>
<opcode="zext(34) " fcode="zext"/>
<opset="zext_ln621/2 "/>
</bind>
</comp>

<comp id="353" class="1004" name="unusableWriteIdx_4_fu_353">
<pin_list>
<pin id="354" dir="0" index="0" bw="16" slack="0"/>
<pin id="355" dir="0" index="1" bw="1" slack="0"/>
<pin id="356" dir="1" index="2" bw="16" slack="0"/>
</pin_list>
<bind>
<opcode="add(8) " fcode="add"/>
<opset="unusableWriteIdx_4/2 "/>
</bind>
</comp>

<comp id="359" class="1004" name="currentSize_4_fu_359">
<pin_list>
<pin id="360" dir="0" index="0" bw="16" slack="0"/>
<pin id="361" dir="0" index="1" bw="1" slack="0"/>
<pin id="362" dir="1" index="2" bw="16" slack="0"/>
</pin_list>
<bind>
<opcode="add(8) " fcode="add"/>
<opset="currentSize_4/2 "/>
</bind>
</comp>

<comp id="365" class="1004" name="store_ln600_store_fu_365">
<pin_list>
<pin id="366" dir="0" index="0" bw="9" slack="0"/>
<pin id="367" dir="0" index="1" bw="9" slack="1"/>
<pin id="368" dir="1" index="2" bw="0" slack="2147483647"/>
</pin_list>
<bind>
<opcode="store(28) " fcode="store"/>
<opset="store_ln600/2 "/>
</bind>
</comp>

<comp id="370" class="1004" name="store_ln605_store_fu_370">
<pin_list>
<pin id="371" dir="0" index="0" bw="16" slack="0"/>
<pin id="372" dir="0" index="1" bw="16" slack="1"/>
<pin id="373" dir="1" index="2" bw="0" slack="2147483647"/>
</pin_list>
<bind>
<opcode="store(28) " fcode="store"/>
<opset="store_ln605/2 "/>
</bind>
</comp>

<comp id="375" class="1004" name="store_ln598_store_fu_375">
<pin_list>
<pin id="376" dir="0" index="0" bw="16" slack="0"/>
<pin id="377" dir="0" index="1" bw="16" slack="1"/>
<pin id="378" dir="1" index="2" bw="0" slack="2147483647"/>
</pin_list>
<bind>
<opcode="store(28) " fcode="store"/>
<opset="store_ln598/2 "/>
</bind>
</comp>

<comp id="380" class="1004" name="add_ln623_fu_380">
<pin_list>
<pin id="381" dir="0" index="0" bw="32" slack="2"/>
<pin id="382" dir="0" index="1" bw="1" slack="0"/>
<pin id="383" dir="1" index="2" bw="32" slack="0"/>
</pin_list>
<bind>
<opcode="add(8) " fcode="add"/>
<opset="add_ln623/3 "/>
</bind>
</comp>

<comp id="385" class="1004" name="sub_ln623_fu_385">
<pin_list>
<pin id="386" dir="0" index="0" bw="32" slack="0"/>
<pin id="387" dir="0" index="1" bw="32" slack="0"/>
<pin id="388" dir="1" index="2" bw="32" slack="0"/>
</pin_list>
<bind>
<opcode="sub(10) " fcode="sub"/>
<opset="sub_ln623/3 "/>
</bind>
</comp>

<comp id="391" class="1004" name="icmp_ln623_fu_391">
<pin_list>
<pin id="392" dir="0" index="0" bw="32" slack="0"/>
<pin id="393" dir="0" index="1" bw="32" slack="0"/>
<pin id="394" dir="1" index="2" bw="1" slack="2147483647"/>
</pin_list>
<bind>
<opcode="icmp(45) " fcode="icmp"/>
<opset="icmp_ln623/3 "/>
</bind>
</comp>

<comp id="397" class="1004" name="backIdx_4_fu_397">
<pin_list>
<pin id="398" dir="0" index="0" bw="16" slack="1"/>
<pin id="399" dir="0" index="1" bw="1" slack="0"/>
<pin id="400" dir="1" index="2" bw="16" slack="0"/>
</pin_list>
<bind>
<opcode="add(8) " fcode="add"/>
<opset="backIdx_4/3 "/>
</bind>
</comp>

<comp id="402" class="1004" name="store_ln604_store_fu_402">
<pin_list>
<pin id="403" dir="0" index="0" bw="16" slack="0"/>
<pin id="404" dir="0" index="1" bw="16" slack="2"/>
<pin id="405" dir="1" index="2" bw="0" slack="2147483647"/>
</pin_list>
<bind>
<opcode="store(28) " fcode="store"/>
<opset="store_ln604/3 "/>
</bind>
</comp>

<comp id="407" class="1004" name="frontIdx_3_fu_407">
<pin_list>
<pin id="408" dir="0" index="0" bw="16" slack="1"/>
<pin id="409" dir="0" index="1" bw="1" slack="0"/>
<pin id="410" dir="1" index="2" bw="16" slack="0"/>
</pin_list>
<bind>
<opcode="add(8) " fcode="add"/>
<opset="frontIdx_3/3 "/>
</bind>
</comp>

<comp id="412" class="1004" name="store_ln603_store_fu_412">
<pin_list>
<pin id="413" dir="0" index="0" bw="16" slack="0"/>
<pin id="414" dir="0" index="1" bw="16" slack="2"/>
<pin id="415" dir="1" index="2" bw="0" slack="2147483647"/>
</pin_list>
<bind>
<opcode="store(28) " fcode="store"/>
<opset="store_ln603/3 "/>
</bind>
</comp>

<comp id="417" class="1005" name="currentSize_1_reg_417">
<pin_list>
<pin id="418" dir="0" index="0" bw="16" slack="0"/>
<pin id="419" dir="1" index="1" bw="16" slack="0"/>
</pin_list>
<bind>
<opset="currentSize_1 "/>
</bind>
</comp>

<comp id="424" class="1005" name="unusableWriteIdx_1_reg_424">
<pin_list>
<pin id="425" dir="0" index="0" bw="16" slack="0"/>
<pin id="426" dir="1" index="1" bw="16" slack="0"/>
</pin_list>
<bind>
<opset="unusableWriteIdx_1 "/>
</bind>
</comp>

<comp id="431" class="1005" name="backIdx_1_reg_431">
<pin_list>
<pin id="432" dir="0" index="0" bw="16" slack="0"/>
<pin id="433" dir="1" index="1" bw="16" slack="0"/>
</pin_list>
<bind>
<opset="backIdx_1 "/>
</bind>
</comp>

<comp id="438" class="1005" name="frontIdx_reg_438">
<pin_list>
<pin id="439" dir="0" index="0" bw="16" slack="0"/>
<pin id="440" dir="1" index="1" bw="16" slack="0"/>
</pin_list>
<bind>
<opset="frontIdx "/>
</bind>
</comp>

<comp id="445" class="1005" name="discardCount_1_reg_445">
<pin_list>
<pin id="446" dir="0" index="0" bw="9" slack="0"/>
<pin id="447" dir="1" index="1" bw="9" slack="0"/>
</pin_list>
<bind>
<opset="discardCount_1 "/>
</bind>
</comp>

<comp id="452" class="1005" name="threshold_read_reg_452">
<pin_list>
<pin id="453" dir="0" index="0" bw="16" slack="1"/>
<pin id="454" dir="1" index="1" bw="16" slack="1"/>
</pin_list>
<bind>
<opset="threshold_read "/>
</bind>
</comp>

<comp id="457" class="1005" name="conv7_read_reg_457">
<pin_list>
<pin id="458" dir="0" index="0" bw="32" slack="2"/>
<pin id="459" dir="1" index="1" bw="32" slack="2"/>
</pin_list>
<bind>
<opset="conv7_read "/>
</bind>
</comp>

<comp id="462" class="1005" name="zext_ln620_1_read_reg_462">
<pin_list>
<pin id="463" dir="0" index="0" bw="16" slack="1"/>
<pin id="464" dir="1" index="1" bw="16" slack="1"/>
</pin_list>
<bind>
<opset="zext_ln620_1_read "/>
</bind>
</comp>

<comp id="469" class="1005" name="backIdx_3_reg_469">
<pin_list>
<pin id="470" dir="0" index="0" bw="16" slack="1"/>
<pin id="471" dir="1" index="1" bw="16" slack="1"/>
</pin_list>
<bind>
<opset="backIdx_3 "/>
</bind>
</comp>

<comp id="474" class="1005" name="frontIdx_2_reg_474">
<pin_list>
<pin id="475" dir="0" index="0" bw="16" slack="1"/>
<pin id="476" dir="1" index="1" bw="16" slack="1"/>
</pin_list>
<bind>
<opset="frontIdx_2 "/>
</bind>
</comp>

<comp id="479" class="1005" name="icmp_ln609_reg_479">
<pin_list>
<pin id="480" dir="0" index="0" bw="1" slack="1"/>
<pin id="481" dir="1" index="1" bw="1" slack="2147483647"/>
</pin_list>
<bind>
<opset="icmp_ln609 "/>
</bind>
</comp>

<comp id="483" class="1005" name="unusableAtoms_data_addr_reg_483">
<pin_list>
<pin id="484" dir="0" index="0" bw="16" slack="1"/>
<pin id="485" dir="1" index="1" bw="16" slack="1"/>
</pin_list>
<bind>
<opset="unusableAtoms_data_addr "/>
</bind>
</comp>

<comp id="488" class="1005" name="or_ln615_1_reg_488">
<pin_list>
<pin id="489" dir="0" index="0" bw="1" slack="1"/>
<pin id="490" dir="1" index="1" bw="1" slack="2147483647"/>
</pin_list>
<bind>
<opset="or_ln615_1 "/>
</bind>
</comp>

<comp id="492" class="1005" name="unusableInfo_usableAtoms_data_addr_reg_492">
<pin_list>
<pin id="493" dir="0" index="0" bw="16" slack="1"/>
<pin id="494" dir="1" index="1" bw="16" slack="1"/>
</pin_list>
<bind>
<opset="unusableInfo_usableAtoms_data_addr "/>
</bind>
</comp>

<comp id="497" class="1005" name="unusableInfo_usableAtoms_data_addr_1_reg_497">
<pin_list>
<pin id="498" dir="0" index="0" bw="16" slack="1"/>
<pin id="499" dir="1" index="1" bw="16" slack="1"/>
</pin_list>
<bind>
<opset="unusableInfo_usableAtoms_data_addr_1 "/>
</bind>
</comp>

</comp_list>

<net_list>
<net id="87"><net_src comp="24" pin="0"/><net_sink comp="84" pin=0"/></net>

<net id="91"><net_src comp="24" pin="0"/><net_sink comp="88" pin=0"/></net>

<net id="95"><net_src comp="24" pin="0"/><net_sink comp="92" pin=0"/></net>

<net id="99"><net_src comp="24" pin="0"/><net_sink comp="96" pin=0"/></net>

<net id="103"><net_src comp="24" pin="0"/><net_sink comp="100" pin=0"/></net>

<net id="108"><net_src comp="34" pin="0"/><net_sink comp="104" pin=0"/></net>

<net id="109"><net_src comp="14" pin="0"/><net_sink comp="104" pin=1"/></net>

<net id="114"><net_src comp="36" pin="0"/><net_sink comp="110" pin=0"/></net>

<net id="115"><net_src comp="10" pin="0"/><net_sink comp="110" pin=1"/></net>

<net id="120"><net_src comp="34" pin="0"/><net_sink comp="116" pin=0"/></net>

<net id="121"><net_src comp="6" pin="0"/><net_sink comp="116" pin=1"/></net>

<net id="126"><net_src comp="34" pin="0"/><net_sink comp="122" pin=0"/></net>

<net id="127"><net_src comp="4" pin="0"/><net_sink comp="122" pin=1"/></net>

<net id="132"><net_src comp="34" pin="0"/><net_sink comp="128" pin=0"/></net>

<net id="133"><net_src comp="2" pin="0"/><net_sink comp="128" pin=1"/></net>

<net id="138"><net_src comp="34" pin="0"/><net_sink comp="134" pin=0"/></net>

<net id="139"><net_src comp="0" pin="0"/><net_sink comp="134" pin=1"/></net>

<net id="145"><net_src comp="80" pin="0"/><net_sink comp="140" pin=0"/></net>

<net id="146"><net_src comp="16" pin="0"/><net_sink comp="140" pin=1"/></net>

<net id="152"><net_src comp="80" pin="0"/><net_sink comp="147" pin=0"/></net>

<net id="153"><net_src comp="18" pin="0"/><net_sink comp="147" pin=1"/></net>

<net id="159"><net_src comp="80" pin="0"/><net_sink comp="154" pin=0"/></net>

<net id="160"><net_src comp="20" pin="0"/><net_sink comp="154" pin=1"/></net>

<net id="166"><net_src comp="82" pin="0"/><net_sink comp="161" pin=0"/></net>

<net id="167"><net_src comp="22" pin="0"/><net_sink comp="161" pin=1"/></net>

<net id="173"><net_src comp="12" pin="0"/><net_sink comp="168" pin=0"/></net>

<net id="174"><net_src comp="46" pin="0"/><net_sink comp="168" pin=1"/></net>

<net id="180"><net_src comp="8" pin="0"/><net_sink comp="175" pin=0"/></net>

<net id="181"><net_src comp="46" pin="0"/><net_sink comp="175" pin=1"/></net>

<net id="191"><net_src comp="175" pin="3"/><net_sink comp="182" pin=2"/></net>

<net id="197"><net_src comp="8" pin="0"/><net_sink comp="192" pin=0"/></net>

<net id="198"><net_src comp="46" pin="0"/><net_sink comp="192" pin=1"/></net>

<net id="199"><net_src comp="192" pin="3"/><net_sink comp="182" pin=0"/></net>

<net id="209"><net_src comp="182" pin="3"/><net_sink comp="200" pin=4"/></net>

<net id="210"><net_src comp="182" pin="7"/><net_sink comp="200" pin=4"/></net>

<net id="220"><net_src comp="42" pin="0"/><net_sink comp="214" pin=2"/></net>

<net id="221"><net_src comp="214" pin="4"/><net_sink comp="161" pin=2"/></net>

<net id="226"><net_src comp="38" pin="0"/><net_sink comp="222" pin=0"/></net>

<net id="231"><net_src comp="40" pin="0"/><net_sink comp="227" pin=0"/></net>

<net id="236"><net_src comp="122" pin="2"/><net_sink comp="232" pin=0"/></net>

<net id="241"><net_src comp="134" pin="2"/><net_sink comp="237" pin=0"/></net>

<net id="246"><net_src comp="128" pin="2"/><net_sink comp="242" pin=0"/></net>

<net id="253"><net_src comp="250" pin="1"/><net_sink comp="140" pin=2"/></net>

<net id="257"><net_src comp="254" pin="1"/><net_sink comp="154" pin=2"/></net>

<net id="261"><net_src comp="258" pin="1"/><net_sink comp="147" pin=2"/></net>

<net id="265"><net_src comp="262" pin="1"/><net_sink comp="214" pin=0"/></net>

<net id="270"><net_src comp="262" pin="1"/><net_sink comp="266" pin=0"/></net>

<net id="271"><net_src comp="42" pin="0"/><net_sink comp="266" pin=1"/></net>

<net id="276"><net_src comp="262" pin="1"/><net_sink comp="272" pin=0"/></net>

<net id="277"><net_src comp="44" pin="0"/><net_sink comp="272" pin=1"/></net>

<net id="282"><net_src comp="250" pin="1"/><net_sink comp="278" pin=1"/></net>

<net id="286"><net_src comp="278" pin="2"/><net_sink comp="283" pin=0"/></net>

<net id="287"><net_src comp="283" pin="1"/><net_sink comp="168" pin=2"/></net>

<net id="292"><net_src comp="247" pin="1"/><net_sink comp="288" pin=1"/></net>

<net id="297"><net_src comp="288" pin="2"/><net_sink comp="293" pin=0"/></net>

<net id="298"><net_src comp="64" pin="0"/><net_sink comp="293" pin=1"/></net>

<net id="303"><net_src comp="258" pin="1"/><net_sink comp="299" pin=0"/></net>

<net id="304"><net_src comp="254" pin="1"/><net_sink comp="299" pin=1"/></net>

<net id="311"><net_src comp="66" pin="0"/><net_sink comp="305" pin=0"/></net>

<net id="312"><net_src comp="250" pin="1"/><net_sink comp="305" pin=1"/></net>

<net id="313"><net_src comp="68" pin="0"/><net_sink comp="305" pin=2"/></net>

<net id="314"><net_src comp="70" pin="0"/><net_sink comp="305" pin=3"/></net>

<net id="319"><net_src comp="305" pin="4"/><net_sink comp="315" pin=0"/></net>

<net id="320"><net_src comp="72" pin="0"/><net_sink comp="315" pin=1"/></net>

<net id="325"><net_src comp="299" pin="2"/><net_sink comp="321" pin=0"/></net>

<net id="326"><net_src comp="315" pin="2"/><net_sink comp="321" pin=1"/></net>

<net id="331"><net_src comp="321" pin="2"/><net_sink comp="327" pin=0"/></net>

<net id="332"><net_src comp="293" pin="2"/><net_sink comp="327" pin=1"/></net>

<net id="337"><net_src comp="258" pin="1"/><net_sink comp="333" pin=1"/></net>

<net id="341"><net_src comp="333" pin="2"/><net_sink comp="338" pin=0"/></net>

<net id="342"><net_src comp="338" pin="1"/><net_sink comp="175" pin=2"/></net>

<net id="347"><net_src comp="254" pin="1"/><net_sink comp="343" pin=1"/></net>

<net id="351"><net_src comp="343" pin="2"/><net_sink comp="348" pin=0"/></net>

<net id="352"><net_src comp="348" pin="1"/><net_sink comp="192" pin=2"/></net>

<net id="357"><net_src comp="250" pin="1"/><net_sink comp="353" pin=0"/></net>

<net id="358"><net_src comp="74" pin="0"/><net_sink comp="353" pin=1"/></net>

<net id="363"><net_src comp="247" pin="1"/><net_sink comp="359" pin=0"/></net>

<net id="364"><net_src comp="76" pin="0"/><net_sink comp="359" pin=1"/></net>

<net id="369"><net_src comp="272" pin="2"/><net_sink comp="365" pin=0"/></net>

<net id="374"><net_src comp="353" pin="2"/><net_sink comp="370" pin=0"/></net>

<net id="379"><net_src comp="359" pin="2"/><net_sink comp="375" pin=0"/></net>

<net id="384"><net_src comp="78" pin="0"/><net_sink comp="380" pin=1"/></net>

<net id="389"><net_src comp="380" pin="2"/><net_sink comp="385" pin=0"/></net>

<net id="390"><net_src comp="182" pin="3"/><net_sink comp="385" pin=1"/></net>

<net id="395"><net_src comp="182" pin="7"/><net_sink comp="391" pin=0"/></net>

<net id="396"><net_src comp="385" pin="2"/><net_sink comp="391" pin=1"/></net>

<net id="401"><net_src comp="76" pin="0"/><net_sink comp="397" pin=1"/></net>

<net id="406"><net_src comp="397" pin="2"/><net_sink comp="402" pin=0"/></net>

<net id="411"><net_src comp="74" pin="0"/><net_sink comp="407" pin=1"/></net>

<net id="416"><net_src comp="407" pin="2"/><net_sink comp="412" pin=0"/></net>

<net id="420"><net_src comp="84" pin="1"/><net_sink comp="417" pin=0"/></net>

<net id="421"><net_src comp="417" pin="1"/><net_sink comp="242" pin=1"/></net>

<net id="422"><net_src comp="417" pin="1"/><net_sink comp="247" pin=0"/></net>

<net id="423"><net_src comp="417" pin="1"/><net_sink comp="375" pin=1"/></net>

<net id="427"><net_src comp="88" pin="1"/><net_sink comp="424" pin=0"/></net>

<net id="428"><net_src comp="424" pin="1"/><net_sink comp="237" pin=1"/></net>

<net id="429"><net_src comp="424" pin="1"/><net_sink comp="250" pin=0"/></net>

<net id="430"><net_src comp="424" pin="1"/><net_sink comp="370" pin=1"/></net>

<net id="434"><net_src comp="92" pin="1"/><net_sink comp="431" pin=0"/></net>

<net id="435"><net_src comp="431" pin="1"/><net_sink comp="232" pin=1"/></net>

<net id="436"><net_src comp="431" pin="1"/><net_sink comp="254" pin=0"/></net>

<net id="437"><net_src comp="431" pin="1"/><net_sink comp="402" pin=1"/></net>

<net id="441"><net_src comp="96" pin="1"/><net_sink comp="438" pin=0"/></net>

<net id="442"><net_src comp="438" pin="1"/><net_sink comp="227" pin=1"/></net>

<net id="443"><net_src comp="438" pin="1"/><net_sink comp="258" pin=0"/></net>

<net id="444"><net_src comp="438" pin="1"/><net_sink comp="412" pin=1"/></net>

<net id="448"><net_src comp="100" pin="1"/><net_sink comp="445" pin=0"/></net>

<net id="449"><net_src comp="445" pin="1"/><net_sink comp="222" pin=1"/></net>

<net id="450"><net_src comp="445" pin="1"/><net_sink comp="262" pin=0"/></net>

<net id="451"><net_src comp="445" pin="1"/><net_sink comp="365" pin=1"/></net>

<net id="455"><net_src comp="104" pin="2"/><net_sink comp="452" pin=0"/></net>

<net id="456"><net_src comp="452" pin="1"/><net_sink comp="288" pin=0"/></net>

<net id="460"><net_src comp="110" pin="2"/><net_sink comp="457" pin=0"/></net>

<net id="461"><net_src comp="457" pin="1"/><net_sink comp="380" pin=0"/></net>

<net id="465"><net_src comp="116" pin="2"/><net_sink comp="462" pin=0"/></net>

<net id="466"><net_src comp="462" pin="1"/><net_sink comp="278" pin=0"/></net>

<net id="467"><net_src comp="462" pin="1"/><net_sink comp="333" pin=0"/></net>

<net id="468"><net_src comp="462" pin="1"/><net_sink comp="343" pin=0"/></net>

<net id="472"><net_src comp="254" pin="1"/><net_sink comp="469" pin=0"/></net>

<net id="473"><net_src comp="469" pin="1"/><net_sink comp="397" pin=0"/></net>

<net id="477"><net_src comp="258" pin="1"/><net_sink comp="474" pin=0"/></net>

<net id="478"><net_src comp="474" pin="1"/><net_sink comp="407" pin=0"/></net>

<net id="482"><net_src comp="266" pin="2"/><net_sink comp="479" pin=0"/></net>

<net id="486"><net_src comp="168" pin="3"/><net_sink comp="483" pin=0"/></net>

<net id="487"><net_src comp="483" pin="1"/><net_sink comp="200" pin=2"/></net>

<net id="491"><net_src comp="327" pin="2"/><net_sink comp="488" pin=0"/></net>

<net id="495"><net_src comp="175" pin="3"/><net_sink comp="492" pin=0"/></net>

<net id="496"><net_src comp="492" pin="1"/><net_sink comp="182" pin=2"/></net>

<net id="500"><net_src comp="192" pin="3"/><net_sink comp="497" pin=0"/></net>

<net id="501"><net_src comp="497" pin="1"/><net_sink comp="182" pin=0"/></net>

</net_list>

</model> 
---------------- Datapath Model END ------------------

* FSMD analyzer results:
  - Output states:
	Port: unusableAtoms_data | {3 }
	Port: unusableWriteIdx_1_out | {2 }
	Port: frontIdx_out | {2 }
	Port: backIdx_1_out | {2 }
	Port: discardCount_01099_i_ce_out | {2 }
 - Input state : 
	Port: sortRemainingRowsOrCols<HLSMoveStream>_Pipeline_VITIS_LOOP_609_5 : unusableWriteIdx | {1 }
	Port: sortRemainingRowsOrCols<HLSMoveStream>_Pipeline_VITIS_LOOP_609_5 : currentSize | {1 }
	Port: sortRemainingRowsOrCols<HLSMoveStream>_Pipeline_VITIS_LOOP_609_5 : backIdx | {1 }
	Port: sortRemainingRowsOrCols<HLSMoveStream>_Pipeline_VITIS_LOOP_609_5 : zext_ln620_1 | {1 }
	Port: sortRemainingRowsOrCols<HLSMoveStream>_Pipeline_VITIS_LOOP_609_5 : unusableInfo_usableAtoms_data | {2 3 }
	Port: sortRemainingRowsOrCols<HLSMoveStream>_Pipeline_VITIS_LOOP_609_5 : conv7 | {1 }
	Port: sortRemainingRowsOrCols<HLSMoveStream>_Pipeline_VITIS_LOOP_609_5 : threshold | {1 }
  - Chain level:
	State 1
		store_ln600 : 1
		store_ln603 : 1
	State 2
		icmp_ln609 : 1
		discardCount_3 : 1
		br_ln609 : 2
		add_ln630 : 1
		zext_ln630 : 2
		unusableAtoms_data_addr : 3
		icmp_ln615 : 1
		xor_ln615 : 2
		icmp_ln617 : 1
		tmp : 1
		icmp_ln618 : 2
		or_ln615 : 3
		or_ln615_1 : 3
		br_ln615 : 3
		add_ln620 : 1
		zext_ln620 : 2
		unusableInfo_usableAtoms_data_addr : 3
		frontVal : 4
		add_ln621 : 1
		zext_ln621 : 2
		unusableInfo_usableAtoms_data_addr_1 : 3
		backVal : 4
		unusableWriteIdx_4 : 1
		currentSize_4 : 1
		store_ln600 : 2
		store_ln605 : 2
		store_ln598 : 2
		discardCount_01099_i_ce : 4
		write_ln630 : 1
		write_ln626 : 1
		write_ln631 : 1
		write_ln634 : 5
	State 3
		sub_ln623 : 1
		icmp_ln623 : 2
		br_ln623 : 3
		store_ln630 : 1
		store_ln604 : 1
		store_ln625 : 1
		store_ln603 : 1


============================================================
+ Verbose Summary: Datapath Resource usage 
============================================================

* Functional unit list:
|----------|-----------------------------------|---------|---------|
| Operation|          Functional Unit          |    FF   |   LUT   |
|----------|-----------------------------------|---------|---------|
|          |       discardCount_3_fu_272       |    0    |    16   |
|          |          add_ln630_fu_278         |    0    |    23   |
|          |          add_ln620_fu_333         |    0    |    23   |
|          |          add_ln621_fu_343         |    0    |    23   |
|    add   |     unusableWriteIdx_4_fu_353     |    0    |    23   |
|          |        currentSize_4_fu_359       |    0    |    23   |
|          |          add_ln623_fu_380         |    0    |    32   |
|          |          backIdx_4_fu_397         |    0    |    23   |
|          |         frontIdx_3_fu_407         |    0    |    23   |
|----------|-----------------------------------|---------|---------|
|          |         icmp_ln609_fu_266         |    0    |    16   |
|          |         icmp_ln615_fu_288         |    0    |    23   |
|   icmp   |         icmp_ln617_fu_299         |    0    |    23   |
|          |         icmp_ln618_fu_315         |    0    |    15   |
|          |         icmp_ln623_fu_391         |    0    |    39   |
|----------|-----------------------------------|---------|---------|
|    sub   |          sub_ln623_fu_385         |    0    |    32   |
|----------|-----------------------------------|---------|---------|
|    or    |          or_ln615_fu_321          |    0    |    2    |
|          |         or_ln615_1_fu_327         |    0    |    2    |
|----------|-----------------------------------|---------|---------|
|    xor   |          xor_ln615_fu_293         |    0    |    2    |
|----------|-----------------------------------|---------|---------|
|          |     threshold_read_read_fu_104    |    0    |    0    |
|          |       conv7_read_read_fu_110      |    0    |    0    |
|   read   |   zext_ln620_1_read_read_fu_116   |    0    |    0    |
|          |      backIdx_read_read_fu_122     |    0    |    0    |
|          |    currentSize_read_read_fu_128   |    0    |    0    |
|          | unusableWriteIdx_read_read_fu_134 |    0    |    0    |
|----------|-----------------------------------|---------|---------|
|          |      write_ln630_write_fu_140     |    0    |    0    |
|   write  |      write_ln626_write_fu_147     |    0    |    0    |
|          |      write_ln631_write_fu_154     |    0    |    0    |
|          |      write_ln634_write_fu_161     |    0    |    0    |
|----------|-----------------------------------|---------|---------|
|          |         zext_ln630_fu_283         |    0    |    0    |
|   zext   |         zext_ln620_fu_338         |    0    |    0    |
|          |         zext_ln621_fu_348         |    0    |    0    |
|----------|-----------------------------------|---------|---------|
|partselect|             tmp_fu_305            |    0    |    0    |
|----------|-----------------------------------|---------|---------|
|   Total  |                                   |    0    |   363   |
|----------|-----------------------------------|---------|---------|

Memories:
N/A

* Register list:
+--------------------------------------------+--------+
|                                            |   FF   |
+--------------------------------------------+--------+
|              backIdx_1_reg_431             |   16   |
|              backIdx_3_reg_469             |   16   |
|             conv7_read_reg_457             |   32   |
|            currentSize_1_reg_417           |   16   |
|       discardCount_01099_i_ce_reg_211      |    9   |
|           discardCount_1_reg_445           |    9   |
|             frontIdx_2_reg_474             |   16   |
|              frontIdx_reg_438              |   16   |
|             icmp_ln609_reg_479             |    1   |
|             or_ln615_1_reg_488             |    1   |
|           threshold_read_reg_452           |   16   |
|       unusableAtoms_data_addr_reg_483      |   16   |
|unusableInfo_usableAtoms_data_addr_1_reg_497|   16   |
| unusableInfo_usableAtoms_data_addr_reg_492 |   16   |
|         unusableWriteIdx_1_reg_424         |   16   |
|          zext_ln620_1_read_reg_462         |   16   |
+--------------------------------------------+--------+
|                    Total                   |   228  |
+--------------------------------------------+--------+

* Multiplexer (MUX) list: 
|-------------------|------|------|------|--------||---------||---------||---------|
|        Comp       |  Pin | Size |  BW  | S x BW ||  Delay  ||    FF   ||   LUT   |
|-------------------|------|------|------|--------||---------||---------||---------|
| grp_access_fu_182 |  p0  |   2  |  16  |   32   ||    0    ||    9    |
| grp_access_fu_182 |  p2  |   2  |   0  |    0   ||    0    ||    9    |
| grp_access_fu_200 |  p4  |   2  |  16  |   32   ||    0    ||    9    |
|-------------------|------|------|------|--------||---------||---------||---------|
|       Total       |      |      |      |   64   ||  1.281  ||    0    ||    27   |
|-------------------|------|------|------|--------||---------||---------||---------|



* Summary:
+-----------+--------+--------+--------+
|           |  Delay |   FF   |   LUT  |
+-----------+--------+--------+--------+
|  Function |    -   |    0   |   363  |
|   Memory  |    -   |    -   |    -   |
|Multiplexer|    1   |    0   |   27   |
|  Register |    -   |   228  |    -   |
+-----------+--------+--------+--------+
|   Total   |    1   |   228  |   390  |
+-----------+--------+--------+--------+
