

================================================================
== Vitis HLS Report for 'sortRemainingRowsOrCols_HLSMoveStream_Pipeline_VITIS_LOOP_780_15'
================================================================
* Date:           Thu Mar 26 11:03:17 2026

* Version:        2024.2 (Build 5238294 on Nov  8 2024)
* Project:        atomflow_controller_2024_2
* Solution:       hls (Vivado IP Flow Target)
* Product family: zynquplusRFSOC
* Target device:  xczu49dr-ffvf1760-2-e


================================================================
== Performance Estimates
================================================================
+ Timing: 
    * Summary: 
    +--------+----------+----------+------------+
    |  Clock |  Target  | Estimated| Uncertainty|
    +--------+----------+----------+------------+
    |ap_clk  |  10.00 ns|  1.693 ns|     2.70 ns|
    +--------+----------+----------+------------+

+ Latency: 
    * Summary: 
    +---------+---------+-----------+----------+-----+-----+------------------------------------------------+
    |  Latency (cycles) |  Latency (absolute)  |  Interval |                    Pipeline                    |
    |   min   |   max   |    min    |    max   | min | max |                      Type                      |
    +---------+---------+-----------+----------+-----+-----+------------------------------------------------+
    |        3|       10|  30.000 ns|  0.100 us|    2|    9|  loop auto-rewind stp (delay=0 clock cycles(s))|
    +---------+---------+-----------+----------+-----+-----+------------------------------------------------+

    + Detail: 
        * Instance: 
        N/A

        * Loop: 
        +---------------------+---------+---------+----------+-----------+-----------+-------+----------+
        |                     |  Latency (cycles) | Iteration|  Initiation Interval  |  Trip |          |
        |      Loop Name      |   min   |   max   |  Latency |  achieved |   target  | Count | Pipelined|
        +---------------------+---------+---------+----------+-----------+-----------+-------+----------+
        |- VITIS_LOOP_780_15  |        1|        8|         1|          1|          1|  1 ~ 8|       yes|
        +---------------------+---------+---------+----------+-----------+-----------+-------+----------+

============================================================
+ Verbose Summary: Synthesis Manager
============================================================
InlineROM: 1
ExposeGlobal: 0
============================================================
+ Verbose Summary: CDFG Model
============================================================
IsTopModel: 0
ResetActiveHigh: 1
IsCombinational: 0
IsDatapathOnly: 0
HasWiredReturn: 1
HasMFsm: 2
HasVarLatency: 1
IsPipeline: 0
IsRtlPipelined: 0
IsInstanceOverlapped: 0
IsDontTouch: 0
HasImplIP: 0
IsGatedGlobalClock: 0

+ Individual pipeline summary: 
  * Pipeline-0: initiation interval (II) = 1, depth = 2


============================================================
+ Verbose Summary: Schedule
============================================================
* Number of FSM states : 2
* Pipeline : 1
  Pipeline-0 : II = 1, D = 2, States = { 1 2 }
* Dataflow Pipeline: 0

* FSM state transitions: 
1 --> 2 
2 --> 

* FSM state operations: 

State 1 <SV = 0> <Delay = 0.42>
ST_1 : Operation 4 [1/1] (0.00ns)   --->   "%i = alloca i32 1" [/home/xiaorang/Documents/ATOMFLOW/sorting-organized-main/src/sortLatticeByRow.cpp:780->/home/xiaorang/Documents/ATOMFLOW/sorting-organized-main/src/sortLatticeByRow.cpp:1833]   --->   Operation 4 'alloca' 'i' <Predicate = true> <Delay = 0.00>
ST_1 : Operation 5 [1/1] (0.00ns)   --->   "%end_colSelectionCount = alloca i32 1" [/home/xiaorang/Documents/ATOMFLOW/sorting-organized-main/src/sortLatticeByRow.cpp:694->/home/xiaorang/Documents/ATOMFLOW/sorting-organized-main/src/sortLatticeByRow.cpp:1833]   --->   Operation 5 'alloca' 'end_colSelectionCount' <Predicate = true> <Delay = 0.00>
ST_1 : Operation 6 [1/1] (0.00ns)   --->   "%indicesHigherMiddle_reload_read = read i32 @_ssdm_op_Read.ap_auto.i32, i32 %indicesHigherMiddle_reload"   --->   Operation 6 'read' 'indicesHigherMiddle_reload_read' <Predicate = true> <Delay = 0.00>
ST_1 : Operation 7 [1/1] (0.00ns)   --->   "%tmp = read i16 @_ssdm_op_Read.ap_auto.i16, i16 %empty"   --->   Operation 7 'read' 'tmp' <Predicate = true> <Delay = 0.00>
ST_1 : Operation 8 [1/1] (0.00ns)   --->   "%tmp_1 = read i32 @_ssdm_op_Read.ap_auto.i32, i32 %empty_103"   --->   Operation 8 'read' 'tmp_1' <Predicate = true> <Delay = 0.00>
ST_1 : Operation 9 [1/1] (0.00ns)   --->   "%end_colSelectionCount_6_ph_read = read i8 @_ssdm_op_Read.ap_auto.i8, i8 %end_colSelectionCount_6_ph"   --->   Operation 9 'read' 'end_colSelectionCount_6_ph_read' <Predicate = true> <Delay = 0.00>
ST_1 : Operation 10 [1/1] (0.42ns)   --->   "%store_ln694 = store i8 %end_colSelectionCount_6_ph_read, i8 %end_colSelectionCount" [/home/xiaorang/Documents/ATOMFLOW/sorting-organized-main/src/sortLatticeByRow.cpp:694->/home/xiaorang/Documents/ATOMFLOW/sorting-organized-main/src/sortLatticeByRow.cpp:1833]   --->   Operation 10 'store' 'store_ln694' <Predicate = true> <Delay = 0.42>
ST_1 : Operation 11 [1/1] (0.42ns)   --->   "%store_ln780 = store i32 0, i32 %i" [/home/xiaorang/Documents/ATOMFLOW/sorting-organized-main/src/sortLatticeByRow.cpp:780->/home/xiaorang/Documents/ATOMFLOW/sorting-organized-main/src/sortLatticeByRow.cpp:1833]   --->   Operation 11 'store' 'store_ln780' <Predicate = true> <Delay = 0.42>
ST_1 : Operation 12 [1/1] (0.00ns)   --->   "%br_ln0 = br void %for.inc415.0.i"   --->   Operation 12 'br' 'br_ln0' <Predicate = true> <Delay = 0.00>

State 2 <SV = 1> <Delay = 1.69>
ST_2 : Operation 13 [1/1] (0.00ns)   --->   "%i_1 = load i32 %i" [/home/xiaorang/Documents/ATOMFLOW/sorting-organized-main/src/sortLatticeByRow.cpp:786->/home/xiaorang/Documents/ATOMFLOW/sorting-organized-main/src/sortLatticeByRow.cpp:1833]   --->   Operation 13 'load' 'i_1' <Predicate = true> <Delay = 0.00>
ST_2 : Operation 14 [1/1] (0.00ns)   --->   "%end_colSelectionCount_3 = load i8 %end_colSelectionCount" [/home/xiaorang/Documents/ATOMFLOW/sorting-organized-main/src/sortLatticeByRow.cpp:786->/home/xiaorang/Documents/ATOMFLOW/sorting-organized-main/src/sortLatticeByRow.cpp:1833]   --->   Operation 14 'load' 'end_colSelectionCount_3' <Predicate = true> <Delay = 0.00>
ST_2 : Operation 15 [1/1] (1.01ns)   --->   "%icmp_ln780 = icmp_eq  i32 %i_1, i32 %tmp_1" [/home/xiaorang/Documents/ATOMFLOW/sorting-organized-main/src/sortLatticeByRow.cpp:780->/home/xiaorang/Documents/ATOMFLOW/sorting-organized-main/src/sortLatticeByRow.cpp:1833]   --->   Operation 15 'icmp' 'icmp_ln780' <Predicate = true> <Delay = 1.01> <CoreInst = "Cmp">   --->   Core 9 'Cmp' <Latency = 0> <II = 1> <Delay = 1.01> <FuncUnit> <Opcode : 'seteq' 'setne' 'setle' 'setge' 'setlt' 'setgt'> <InPorts = 2> <OutPorts = 1>
ST_2 : Operation 16 [1/1] (0.42ns)   --->   "%br_ln780 = br i1 %icmp_ln780, void %for.inc415.0.i.split, void %if.end419.i.loopexit.split" [/home/xiaorang/Documents/ATOMFLOW/sorting-organized-main/src/sortLatticeByRow.cpp:780->/home/xiaorang/Documents/ATOMFLOW/sorting-organized-main/src/sortLatticeByRow.cpp:1833]   --->   Operation 16 'br' 'br_ln780' <Predicate = true> <Delay = 0.42>
ST_2 : Operation 17 [1/1] (0.00ns)   --->   "%specpipeline_ln694 = specpipeline void @_ssdm_op_SpecPipeline, i32 4294967295, i32 0, i32 0, i32 0, void @empty_18" [/home/xiaorang/Documents/ATOMFLOW/sorting-organized-main/src/sortLatticeByRow.cpp:694->/home/xiaorang/Documents/ATOMFLOW/sorting-organized-main/src/sortLatticeByRow.cpp:1833]   --->   Operation 17 'specpipeline' 'specpipeline_ln694' <Predicate = (!icmp_ln780)> <Delay = 0.00>
ST_2 : Operation 18 [1/1] (0.00ns)   --->   "%speclooptripcount_ln784 = speclooptripcount void @_ssdm_op_SpecLoopTripCount, i64 1, i64 8, i64 4" [/home/xiaorang/Documents/ATOMFLOW/sorting-organized-main/src/sortLatticeByRow.cpp:784->/home/xiaorang/Documents/ATOMFLOW/sorting-organized-main/src/sortLatticeByRow.cpp:1833]   --->   Operation 18 'speclooptripcount' 'speclooptripcount_ln784' <Predicate = (!icmp_ln780)> <Delay = 0.00>
ST_2 : Operation 19 [1/1] (0.00ns)   --->   "%specloopname_ln780 = specloopname void @_ssdm_op_SpecLoopName, void @empty_47" [/home/xiaorang/Documents/ATOMFLOW/sorting-organized-main/src/sortLatticeByRow.cpp:780->/home/xiaorang/Documents/ATOMFLOW/sorting-organized-main/src/sortLatticeByRow.cpp:1833]   --->   Operation 19 'specloopname' 'specloopname_ln780' <Predicate = (!icmp_ln780)> <Delay = 0.00>
ST_2 : Operation 20 [1/1] (0.00ns)   --->   "%trunc_ln786 = trunc i32 %i_1" [/home/xiaorang/Documents/ATOMFLOW/sorting-organized-main/src/sortLatticeByRow.cpp:786->/home/xiaorang/Documents/ATOMFLOW/sorting-organized-main/src/sortLatticeByRow.cpp:1833]   --->   Operation 20 'trunc' 'trunc_ln786' <Predicate = (!icmp_ln780)> <Delay = 0.00>
ST_2 : Operation 21 [1/1] (0.85ns)   --->   "%add_ln786 = add i16 %trunc_ln786, i16 %tmp" [/home/xiaorang/Documents/ATOMFLOW/sorting-organized-main/src/sortLatticeByRow.cpp:786->/home/xiaorang/Documents/ATOMFLOW/sorting-organized-main/src/sortLatticeByRow.cpp:1833]   --->   Operation 21 'add' 'add_ln786' <Predicate = (!icmp_ln780)> <Delay = 0.85> <CoreInst = "Adder">   --->   Core 1 'Adder' <Latency = 0> <II = 1> <Delay = 0.85> <FuncUnit> <Opcode : 'add' 'sub'> <InPorts = 2> <OutPorts = 1>
ST_2 : Operation 22 [1/1] (0.76ns)   --->   "%end_colSelectionCount_4 = add i8 %end_colSelectionCount_3, i8 1" [/home/xiaorang/Documents/ATOMFLOW/sorting-organized-main/src/sortLatticeByRow.cpp:786->/home/xiaorang/Documents/ATOMFLOW/sorting-organized-main/src/sortLatticeByRow.cpp:1833]   --->   Operation 22 'add' 'end_colSelectionCount_4' <Predicate = (!icmp_ln780)> <Delay = 0.76> <CoreInst = "Adder">   --->   Core 1 'Adder' <Latency = 0> <II = 1> <Delay = 0.76> <FuncUnit> <Opcode : 'add' 'sub'> <InPorts = 2> <OutPorts = 1>
ST_2 : Operation 23 [1/1] (0.00ns)   --->   "%zext_ln786 = zext i8 %end_colSelectionCount_3" [/home/xiaorang/Documents/ATOMFLOW/sorting-organized-main/src/sortLatticeByRow.cpp:786->/home/xiaorang/Documents/ATOMFLOW/sorting-organized-main/src/sortLatticeByRow.cpp:1833]   --->   Operation 23 'zext' 'zext_ln786' <Predicate = (!icmp_ln780)> <Delay = 0.00>
ST_2 : Operation 24 [1/1] (0.00ns)   --->   "%end_colSelection_addr = getelementptr i16 %end_colSelection, i64 0, i64 %zext_ln786" [/home/xiaorang/Documents/ATOMFLOW/sorting-organized-main/src/sortLatticeByRow.cpp:786->/home/xiaorang/Documents/ATOMFLOW/sorting-organized-main/src/sortLatticeByRow.cpp:1833]   --->   Operation 24 'getelementptr' 'end_colSelection_addr' <Predicate = (!icmp_ln780)> <Delay = 0.00>
ST_2 : Operation 25 [1/1] ( I:0.67ns O:0.67ns )   --->   "%store_ln786 = store i16 %add_ln786, i4 %end_colSelection_addr" [/home/xiaorang/Documents/ATOMFLOW/sorting-organized-main/src/sortLatticeByRow.cpp:786->/home/xiaorang/Documents/ATOMFLOW/sorting-organized-main/src/sortLatticeByRow.cpp:1833]   --->   Operation 25 'store' 'store_ln786' <Predicate = (!icmp_ln780)> <Delay = 0.67> <CoreInst = "RAM">   --->   Core 82 'RAM' <Latency = 1> <II = 1> <Delay = 0.67> <Storage> <Opcode : 'load' 'store'> <Ports = 2> <Width = 16> <Depth = 16> <RAM>
ST_2 : Operation 26 [1/1] (0.00ns)   --->   "%tmp_s = partselect i31 @_ssdm_op_PartSelect.i31.i32.i32.i32, i32 %i_1, i32 1, i32 31" [/home/xiaorang/Documents/ATOMFLOW/sorting-organized-main/src/sortLatticeByRow.cpp:780->/home/xiaorang/Documents/ATOMFLOW/sorting-organized-main/src/sortLatticeByRow.cpp:1833]   --->   Operation 26 'partselect' 'tmp_s' <Predicate = (!icmp_ln780)> <Delay = 0.00>
ST_2 : Operation 27 [1/1] (0.00ns)   --->   "%i_2 = bitconcatenate i32 @_ssdm_op_BitConcatenate.i32.i31.i1, i31 %tmp_s, i1 1" [/home/xiaorang/Documents/ATOMFLOW/sorting-organized-main/src/sortLatticeByRow.cpp:780->/home/xiaorang/Documents/ATOMFLOW/sorting-organized-main/src/sortLatticeByRow.cpp:1833]   --->   Operation 27 'bitconcatenate' 'i_2' <Predicate = (!icmp_ln780)> <Delay = 0.00>
ST_2 : Operation 28 [1/1] (1.01ns)   --->   "%icmp_ln780_1 = icmp_slt  i32 %i_2, i32 %indicesHigherMiddle_reload_read" [/home/xiaorang/Documents/ATOMFLOW/sorting-organized-main/src/sortLatticeByRow.cpp:780->/home/xiaorang/Documents/ATOMFLOW/sorting-organized-main/src/sortLatticeByRow.cpp:1833]   --->   Operation 28 'icmp' 'icmp_ln780_1' <Predicate = (!icmp_ln780)> <Delay = 1.01> <CoreInst = "Cmp">   --->   Core 9 'Cmp' <Latency = 0> <II = 1> <Delay = 1.01> <FuncUnit> <Opcode : 'seteq' 'setne' 'setle' 'setge' 'setlt' 'setgt'> <InPorts = 2> <OutPorts = 1>
ST_2 : Operation 29 [1/1] (0.42ns)   --->   "%br_ln780 = br i1 %icmp_ln780_1, void %if.end419.i.loopexit.split, void %for.inc415.1.i" [/home/xiaorang/Documents/ATOMFLOW/sorting-organized-main/src/sortLatticeByRow.cpp:780->/home/xiaorang/Documents/ATOMFLOW/sorting-organized-main/src/sortLatticeByRow.cpp:1833]   --->   Operation 29 'br' 'br_ln780' <Predicate = (!icmp_ln780)> <Delay = 0.42>
ST_2 : Operation 30 [1/1] (0.00ns)   --->   "%tmp_2 = partselect i15 @_ssdm_op_PartSelect.i15.i32.i32.i32, i32 %i_1, i32 1, i32 15" [/home/xiaorang/Documents/ATOMFLOW/sorting-organized-main/src/sortLatticeByRow.cpp:786->/home/xiaorang/Documents/ATOMFLOW/sorting-organized-main/src/sortLatticeByRow.cpp:1833]   --->   Operation 30 'partselect' 'tmp_2' <Predicate = (!icmp_ln780 & icmp_ln780_1)> <Delay = 0.00>
ST_2 : Operation 31 [1/1] (0.00ns)   --->   "%or_ln5 = bitconcatenate i16 @_ssdm_op_BitConcatenate.i16.i15.i1, i15 %tmp_2, i1 1" [/home/xiaorang/Documents/ATOMFLOW/sorting-organized-main/src/sortLatticeByRow.cpp:786->/home/xiaorang/Documents/ATOMFLOW/sorting-organized-main/src/sortLatticeByRow.cpp:1833]   --->   Operation 31 'bitconcatenate' 'or_ln5' <Predicate = (!icmp_ln780 & icmp_ln780_1)> <Delay = 0.00>
ST_2 : Operation 32 [1/1] (0.85ns)   --->   "%add_ln786_2 = add i16 %or_ln5, i16 %tmp" [/home/xiaorang/Documents/ATOMFLOW/sorting-organized-main/src/sortLatticeByRow.cpp:786->/home/xiaorang/Documents/ATOMFLOW/sorting-organized-main/src/sortLatticeByRow.cpp:1833]   --->   Operation 32 'add' 'add_ln786_2' <Predicate = (!icmp_ln780 & icmp_ln780_1)> <Delay = 0.85> <CoreInst = "Adder">   --->   Core 1 'Adder' <Latency = 0> <II = 1> <Delay = 0.85> <FuncUnit> <Opcode : 'add' 'sub'> <InPorts = 2> <OutPorts = 1>
ST_2 : Operation 33 [1/1] (0.76ns)   --->   "%end_colSelectionCount_5 = add i8 %end_colSelectionCount_3, i8 2" [/home/xiaorang/Documents/ATOMFLOW/sorting-organized-main/src/sortLatticeByRow.cpp:786->/home/xiaorang/Documents/ATOMFLOW/sorting-organized-main/src/sortLatticeByRow.cpp:1833]   --->   Operation 33 'add' 'end_colSelectionCount_5' <Predicate = (!icmp_ln780 & icmp_ln780_1)> <Delay = 0.76> <CoreInst = "Adder">   --->   Core 1 'Adder' <Latency = 0> <II = 1> <Delay = 0.76> <FuncUnit> <Opcode : 'add' 'sub'> <InPorts = 2> <OutPorts = 1>
ST_2 : Operation 34 [1/1] (0.00ns)   --->   "%zext_ln786_1 = zext i8 %end_colSelectionCount_4" [/home/xiaorang/Documents/ATOMFLOW/sorting-organized-main/src/sortLatticeByRow.cpp:786->/home/xiaorang/Documents/ATOMFLOW/sorting-organized-main/src/sortLatticeByRow.cpp:1833]   --->   Operation 34 'zext' 'zext_ln786_1' <Predicate = (!icmp_ln780 & icmp_ln780_1)> <Delay = 0.00>
ST_2 : Operation 35 [1/1] (0.00ns)   --->   "%end_colSelection_addr_1 = getelementptr i16 %end_colSelection, i64 0, i64 %zext_ln786_1" [/home/xiaorang/Documents/ATOMFLOW/sorting-organized-main/src/sortLatticeByRow.cpp:786->/home/xiaorang/Documents/ATOMFLOW/sorting-organized-main/src/sortLatticeByRow.cpp:1833]   --->   Operation 35 'getelementptr' 'end_colSelection_addr_1' <Predicate = (!icmp_ln780 & icmp_ln780_1)> <Delay = 0.00>
ST_2 : Operation 36 [1/1] ( I:0.67ns O:0.67ns )   --->   "%store_ln786 = store i16 %add_ln786_2, i4 %end_colSelection_addr_1" [/home/xiaorang/Documents/ATOMFLOW/sorting-organized-main/src/sortLatticeByRow.cpp:786->/home/xiaorang/Documents/ATOMFLOW/sorting-organized-main/src/sortLatticeByRow.cpp:1833]   --->   Operation 36 'store' 'store_ln786' <Predicate = (!icmp_ln780 & icmp_ln780_1)> <Delay = 0.67> <CoreInst = "RAM">   --->   Core 82 'RAM' <Latency = 1> <II = 1> <Delay = 0.67> <Storage> <Opcode : 'load' 'store'> <Ports = 2> <Width = 16> <Depth = 16> <RAM>
ST_2 : Operation 37 [1/1] (1.01ns)   --->   "%i_3 = add i32 %i_1, i32 2" [/home/xiaorang/Documents/ATOMFLOW/sorting-organized-main/src/sortLatticeByRow.cpp:780->/home/xiaorang/Documents/ATOMFLOW/sorting-organized-main/src/sortLatticeByRow.cpp:1833]   --->   Operation 37 'add' 'i_3' <Predicate = (!icmp_ln780 & icmp_ln780_1)> <Delay = 1.01> <CoreInst = "Adder">   --->   Core 1 'Adder' <Latency = 0> <II = 1> <Delay = 1.01> <FuncUnit> <Opcode : 'add' 'sub'> <InPorts = 2> <OutPorts = 1>
ST_2 : Operation 38 [1/1] (0.42ns)   --->   "%store_ln694 = store i8 %end_colSelectionCount_5, i8 %end_colSelectionCount" [/home/xiaorang/Documents/ATOMFLOW/sorting-organized-main/src/sortLatticeByRow.cpp:694->/home/xiaorang/Documents/ATOMFLOW/sorting-organized-main/src/sortLatticeByRow.cpp:1833]   --->   Operation 38 'store' 'store_ln694' <Predicate = (!icmp_ln780 & icmp_ln780_1)> <Delay = 0.42>
ST_2 : Operation 39 [1/1] (0.42ns)   --->   "%store_ln780 = store i32 %i_3, i32 %i" [/home/xiaorang/Documents/ATOMFLOW/sorting-organized-main/src/sortLatticeByRow.cpp:780->/home/xiaorang/Documents/ATOMFLOW/sorting-organized-main/src/sortLatticeByRow.cpp:1833]   --->   Operation 39 'store' 'store_ln780' <Predicate = (!icmp_ln780 & icmp_ln780_1)> <Delay = 0.42>
ST_2 : Operation 40 [1/1] (0.00ns)   --->   "%br_ln780 = br void %for.inc415.0.i" [/home/xiaorang/Documents/ATOMFLOW/sorting-organized-main/src/sortLatticeByRow.cpp:780->/home/xiaorang/Documents/ATOMFLOW/sorting-organized-main/src/sortLatticeByRow.cpp:1833]   --->   Operation 40 'br' 'br_ln780' <Predicate = (!icmp_ln780 & icmp_ln780_1)> <Delay = 0.00>
ST_2 : Operation 41 [1/1] (0.00ns)   --->   "%end_colSelectionCount_1_lcssa_i_ph_ce = phi i8 %end_colSelectionCount_3, void %for.inc415.0.i, i8 %end_colSelectionCount_4, void %for.inc415.0.i.split"   --->   Operation 41 'phi' 'end_colSelectionCount_1_lcssa_i_ph_ce' <Predicate = (!icmp_ln780_1) | (icmp_ln780)> <Delay = 0.00>
ST_2 : Operation 42 [1/1] (0.00ns)   --->   "%write_ln786 = write void @_ssdm_op_Write.ap_auto.i8P0A, i8 %end_colSelectionCount_1_lcssa_i_ph_ce_out, i8 %end_colSelectionCount_1_lcssa_i_ph_ce" [/home/xiaorang/Documents/ATOMFLOW/sorting-organized-main/src/sortLatticeByRow.cpp:786->/home/xiaorang/Documents/ATOMFLOW/sorting-organized-main/src/sortLatticeByRow.cpp:1833]   --->   Operation 42 'write' 'write_ln786' <Predicate = (!icmp_ln780_1) | (icmp_ln780)> <Delay = 0.00>
ST_2 : Operation 43 [1/1] (0.42ns)   --->   "%ret_ln0 = ret"   --->   Operation 43 'ret' 'ret_ln0' <Predicate = (!icmp_ln780_1) | (icmp_ln780)> <Delay = 0.42>


============================================================
+ Verbose Summary: Binding
============================================================
STG Binding: 
---------------- STG Properties BEGIN ----------------
- Is combinational: 0
- Is one-state seq: 0
- Is datapath-only: 0
- Is pipelined: 0
- Is top level: 0
Port [ Return ] is wired: 1; IO mode=ap_ctrl_hs:ce=0
Port [ end_colSelectionCount_6_ph]:  wired=1; compound=0; hidden=0; nouse=0; global=0; static=0; extern=0; dir=0; type=0; pingpong=0; private_global=0; IO mode=ap_none:ce=0
Port [ empty_103]:  wired=1; compound=0; hidden=0; nouse=0; global=0; static=0; extern=0; dir=0; type=0; pingpong=0; private_global=0; IO mode=ap_none:ce=0
Port [ empty]:  wired=1; compound=0; hidden=0; nouse=0; global=0; static=0; extern=0; dir=0; type=0; pingpong=0; private_global=0; IO mode=ap_none:ce=0
Port [ end_colSelection]:  wired=1; compound=1; hidden=0; nouse=0; global=0; static=0; extern=0; dir=1; type=1; pingpong=0; private_global=0; MemPort=[00]; IO mode=ap_memory:ce=0
Port [ indicesHigherMiddle_reload]:  wired=1; compound=0; hidden=0; nouse=0; global=0; static=0; extern=0; dir=0; type=0; pingpong=0; private_global=0; IO mode=ap_none:ce=0
Port [ end_colSelectionCount_1_lcssa_i_ph_ce_out]:  wired=1; compound=0; hidden=0; nouse=0; global=0; static=0; extern=0; dir=1; type=0; pingpong=0; private_global=0; IO mode=ap_vld:ce=0
---------------- STG Properties END ------------------

---------------- Datapath Model BEGIN ----------------

<LifeTime>
<method=bitvector/>
i                                     (alloca           ) [ 011]
end_colSelectionCount                 (alloca           ) [ 011]
indicesHigherMiddle_reload_read       (read             ) [ 011]
tmp                                   (read             ) [ 011]
tmp_1                                 (read             ) [ 011]
end_colSelectionCount_6_ph_read       (read             ) [ 000]
store_ln694                           (store            ) [ 000]
store_ln780                           (store            ) [ 000]
br_ln0                                (br               ) [ 000]
i_1                                   (load             ) [ 000]
end_colSelectionCount_3               (load             ) [ 000]
icmp_ln780                            (icmp             ) [ 011]
br_ln780                              (br               ) [ 000]
specpipeline_ln694                    (specpipeline     ) [ 000]
speclooptripcount_ln784               (speclooptripcount) [ 000]
specloopname_ln780                    (specloopname     ) [ 000]
trunc_ln786                           (trunc            ) [ 000]
add_ln786                             (add              ) [ 000]
end_colSelectionCount_4               (add              ) [ 000]
zext_ln786                            (zext             ) [ 000]
end_colSelection_addr                 (getelementptr    ) [ 000]
store_ln786                           (store            ) [ 000]
tmp_s                                 (partselect       ) [ 000]
i_2                                   (bitconcatenate   ) [ 000]
icmp_ln780_1                          (icmp             ) [ 011]
br_ln780                              (br               ) [ 000]
tmp_2                                 (partselect       ) [ 000]
or_ln5                                (bitconcatenate   ) [ 000]
add_ln786_2                           (add              ) [ 000]
end_colSelectionCount_5               (add              ) [ 000]
zext_ln786_1                          (zext             ) [ 000]
end_colSelection_addr_1               (getelementptr    ) [ 000]
store_ln786                           (store            ) [ 000]
i_3                                   (add              ) [ 000]
store_ln694                           (store            ) [ 000]
store_ln780                           (store            ) [ 000]
br_ln780                              (br               ) [ 000]
end_colSelectionCount_1_lcssa_i_ph_ce (phi              ) [ 000]
write_ln786                           (write            ) [ 000]
ret_ln0                               (ret              ) [ 000]
</LifeTime>

<model>

<comp_list>
<comp id="0" class="1000" name="end_colSelectionCount_6_ph">
<pin_list>
<pin id="1" dir="1" index="0" bw="1" slack="0"/>
</pin_list>
<bind>
<StgValue><ssdm name="end_colSelectionCount_6_ph"/></StgValue>
</bind>
</comp>

<comp id="2" class="1000" name="empty_103">
<pin_list>
<pin id="3" dir="1" index="0" bw="1" slack="0"/>
</pin_list>
<bind>
<StgValue><ssdm name="empty_103"/></StgValue>
</bind>
</comp>

<comp id="4" class="1000" name="empty">
<pin_list>
<pin id="5" dir="1" index="0" bw="1" slack="0"/>
</pin_list>
<bind>
<StgValue><ssdm name="empty"/></StgValue>
</bind>
</comp>

<comp id="6" class="1000" name="end_colSelection">
<pin_list>
<pin id="7" dir="1" index="0" bw="1" slack="0"/>
</pin_list>
<bind>
<StgValue><ssdm name="end_colSelection"/><MemPortTyVec>0 0 </MemPortTyVec>
</StgValue>
</bind>
</comp>

<comp id="8" class="1000" name="indicesHigherMiddle_reload">
<pin_list>
<pin id="9" dir="1" index="0" bw="1" slack="0"/>
</pin_list>
<bind>
<StgValue><ssdm name="indicesHigherMiddle_reload"/></StgValue>
</bind>
</comp>

<comp id="10" class="1000" name="end_colSelectionCount_1_lcssa_i_ph_ce_out">
<pin_list>
<pin id="11" dir="1" index="0" bw="1" slack="0"/>
</pin_list>
<bind>
<StgValue><ssdm name="end_colSelectionCount_1_lcssa_i_ph_ce_out"/></StgValue>
</bind>
</comp>

<comp id="12" class="1001" name="const_12">
<pin_list>
<pin id="13" dir="1" index="0" bw="1" slack="0"/>
</pin_list>
<bind>
<StgValue><ssdm name=""/></StgValue>
</bind>
</comp>

<comp id="14" class="1001" name="const_14">
<pin_list>
<pin id="15" dir="1" index="0" bw="1" slack="0"/>
</pin_list>
<bind>
<StgValue><ssdm name="_ssdm_op_Read.ap_auto.i32"/></StgValue>
</bind>
</comp>

<comp id="16" class="1001" name="const_16">
<pin_list>
<pin id="17" dir="1" index="0" bw="1" slack="0"/>
</pin_list>
<bind>
<StgValue><ssdm name="_ssdm_op_Read.ap_auto.i16"/></StgValue>
</bind>
</comp>

<comp id="18" class="1001" name="const_18">
<pin_list>
<pin id="19" dir="1" index="0" bw="1" slack="0"/>
</pin_list>
<bind>
<StgValue><ssdm name="_ssdm_op_Read.ap_auto.i8"/></StgValue>
</bind>
</comp>

<comp id="20" class="1001" name="const_20">
<pin_list>
<pin id="21" dir="1" index="0" bw="1" slack="0"/>
</pin_list>
<bind>
<StgValue><ssdm name=""/></StgValue>
</bind>
</comp>

<comp id="22" class="1001" name="const_22">
<pin_list>
<pin id="23" dir="1" index="0" bw="1" slack="2147483647"/>
</pin_list>
<bind>
<StgValue><ssdm name="_ssdm_op_SpecPipeline"/></StgValue>
</bind>
</comp>

<comp id="24" class="1001" name="const_24">
<pin_list>
<pin id="25" dir="1" index="0" bw="1" slack="2147483647"/>
</pin_list>
<bind>
<StgValue><ssdm name=""/></StgValue>
</bind>
</comp>

<comp id="26" class="1001" name="const_26">
<pin_list>
<pin id="27" dir="1" index="0" bw="1" slack="2147483647"/>
</pin_list>
<bind>
<StgValue><ssdm name="empty_18"/></StgValue>
</bind>
</comp>

<comp id="28" class="1001" name="const_28">
<pin_list>
<pin id="29" dir="1" index="0" bw="1" slack="2147483647"/>
</pin_list>
<bind>
<StgValue><ssdm name="_ssdm_op_SpecLoopTripCount"/></StgValue>
</bind>
</comp>

<comp id="30" class="1001" name="const_30">
<pin_list>
<pin id="31" dir="1" index="0" bw="1" slack="2147483647"/>
</pin_list>
<bind>
<StgValue><ssdm name=""/></StgValue>
</bind>
</comp>

<comp id="32" class="1001" name="const_32">
<pin_list>
<pin id="33" dir="1" index="0" bw="1" slack="2147483647"/>
</pin_list>
<bind>
<StgValue><ssdm name=""/></StgValue>
</bind>
</comp>

<comp id="34" class="1001" name="const_34">
<pin_list>
<pin id="35" dir="1" index="0" bw="1" slack="2147483647"/>
</pin_list>
<bind>
<StgValue><ssdm name=""/></StgValue>
</bind>
</comp>

<comp id="36" class="1001" name="const_36">
<pin_list>
<pin id="37" dir="1" index="0" bw="1" slack="2147483647"/>
</pin_list>
<bind>
<StgValue><ssdm name="_ssdm_op_SpecLoopName"/></StgValue>
</bind>
</comp>

<comp id="38" class="1001" name="const_38">
<pin_list>
<pin id="39" dir="1" index="0" bw="1" slack="2147483647"/>
</pin_list>
<bind>
<StgValue><ssdm name="empty_47"/></StgValue>
</bind>
</comp>

<comp id="40" class="1001" name="const_40">
<pin_list>
<pin id="41" dir="1" index="0" bw="1" slack="0"/>
</pin_list>
<bind>
<StgValue><ssdm name=""/></StgValue>
</bind>
</comp>

<comp id="42" class="1001" name="const_42">
<pin_list>
<pin id="43" dir="1" index="0" bw="1" slack="0"/>
</pin_list>
<bind>
<StgValue><ssdm name=""/></StgValue>
</bind>
</comp>

<comp id="44" class="1001" name="const_44">
<pin_list>
<pin id="45" dir="1" index="0" bw="1" slack="0"/>
</pin_list>
<bind>
<StgValue><ssdm name="_ssdm_op_PartSelect.i31.i32.i32.i32"/></StgValue>
</bind>
</comp>

<comp id="46" class="1001" name="const_46">
<pin_list>
<pin id="47" dir="1" index="0" bw="1" slack="0"/>
</pin_list>
<bind>
<StgValue><ssdm name=""/></StgValue>
</bind>
</comp>

<comp id="48" class="1001" name="const_48">
<pin_list>
<pin id="49" dir="1" index="0" bw="1" slack="0"/>
</pin_list>
<bind>
<StgValue><ssdm name="_ssdm_op_BitConcatenate.i32.i31.i1"/></StgValue>
</bind>
</comp>

<comp id="50" class="1001" name="const_50">
<pin_list>
<pin id="51" dir="1" index="0" bw="1" slack="0"/>
</pin_list>
<bind>
<StgValue><ssdm name=""/></StgValue>
</bind>
</comp>

<comp id="52" class="1001" name="const_52">
<pin_list>
<pin id="53" dir="1" index="0" bw="1" slack="0"/>
</pin_list>
<bind>
<StgValue><ssdm name="_ssdm_op_PartSelect.i15.i32.i32.i32"/></StgValue>
</bind>
</comp>

<comp id="54" class="1001" name="const_54">
<pin_list>
<pin id="55" dir="1" index="0" bw="1" slack="0"/>
</pin_list>
<bind>
<StgValue><ssdm name=""/></StgValue>
</bind>
</comp>

<comp id="56" class="1001" name="const_56">
<pin_list>
<pin id="57" dir="1" index="0" bw="1" slack="0"/>
</pin_list>
<bind>
<StgValue><ssdm name="_ssdm_op_BitConcatenate.i16.i15.i1"/></StgValue>
</bind>
</comp>

<comp id="58" class="1001" name="const_58">
<pin_list>
<pin id="59" dir="1" index="0" bw="1" slack="0"/>
</pin_list>
<bind>
<StgValue><ssdm name=""/></StgValue>
</bind>
</comp>

<comp id="60" class="1001" name="const_60">
<pin_list>
<pin id="61" dir="1" index="0" bw="1" slack="0"/>
</pin_list>
<bind>
<StgValue><ssdm name=""/></StgValue>
</bind>
</comp>

<comp id="62" class="1001" name="const_62">
<pin_list>
<pin id="63" dir="1" index="0" bw="1" slack="0"/>
</pin_list>
<bind>
<StgValue><ssdm name="_ssdm_op_Write.ap_auto.i8P0A"/></StgValue>
</bind>
</comp>

<comp id="64" class="1004" name="i_fu_64">
<pin_list>
<pin id="65" dir="0" index="0" bw="1" slack="0"/>
<pin id="66" dir="1" index="1" bw="32" slack="0"/>
</pin_list>
<bind>
<opcode="alloca(26) " fcode="alloca"/>
<opset="i/1 "/>
</bind>
</comp>

<comp id="68" class="1004" name="end_colSelectionCount_fu_68">
<pin_list>
<pin id="69" dir="0" index="0" bw="1" slack="0"/>
<pin id="70" dir="1" index="1" bw="8" slack="0"/>
</pin_list>
<bind>
<opcode="alloca(26) " fcode="alloca"/>
<opset="end_colSelectionCount/1 "/>
</bind>
</comp>

<comp id="72" class="1004" name="indicesHigherMiddle_reload_read_read_fu_72">
<pin_list>
<pin id="73" dir="0" index="0" bw="32" slack="0"/>
<pin id="74" dir="0" index="1" bw="32" slack="0"/>
<pin id="75" dir="1" index="2" bw="32" slack="1"/>
</pin_list>
<bind>
<opcode="read(1150) " fcode="read"/>
<opset="indicesHigherMiddle_reload_read/1 "/>
</bind>
</comp>

<comp id="78" class="1004" name="tmp_read_fu_78">
<pin_list>
<pin id="79" dir="0" index="0" bw="16" slack="0"/>
<pin id="80" dir="0" index="1" bw="16" slack="0"/>
<pin id="81" dir="1" index="2" bw="16" slack="1"/>
</pin_list>
<bind>
<opcode="read(1150) " fcode="read"/>
<opset="tmp/1 "/>
</bind>
</comp>

<comp id="84" class="1004" name="tmp_1_read_fu_84">
<pin_list>
<pin id="85" dir="0" index="0" bw="32" slack="0"/>
<pin id="86" dir="0" index="1" bw="32" slack="0"/>
<pin id="87" dir="1" index="2" bw="32" slack="1"/>
</pin_list>
<bind>
<opcode="read(1150) " fcode="read"/>
<opset="tmp_1/1 "/>
</bind>
</comp>

<comp id="90" class="1004" name="end_colSelectionCount_6_ph_read_read_fu_90">
<pin_list>
<pin id="91" dir="0" index="0" bw="8" slack="0"/>
<pin id="92" dir="0" index="1" bw="8" slack="0"/>
<pin id="93" dir="1" index="2" bw="8" slack="0"/>
</pin_list>
<bind>
<opcode="read(1150) " fcode="read"/>
<opset="end_colSelectionCount_6_ph_read/1 "/>
</bind>
</comp>

<comp id="96" class="1004" name="write_ln786_write_fu_96">
<pin_list>
<pin id="97" dir="0" index="0" bw="0" slack="0"/>
<pin id="98" dir="0" index="1" bw="8" slack="0"/>
<pin id="99" dir="0" index="2" bw="8" slack="0"/>
<pin id="100" dir="1" index="3" bw="0" slack="2147483647"/>
</pin_list>
<bind>
<opcode="write(1151) " fcode="write"/>
<opset="write_ln786/2 "/>
</bind>
</comp>

<comp id="103" class="1004" name="end_colSelection_addr_gep_fu_103">
<pin_list>
<pin id="104" dir="0" index="0" bw="16" slack="0"/>
<pin id="105" dir="0" index="1" bw="1" slack="0"/>
<pin id="106" dir="0" index="2" bw="8" slack="0"/>
<pin id="107" dir="1" index="3" bw="4" slack="0"/>
</pin_list>
<bind>
<opcode="getelementptr(29) " fcode="getelementptr"/>
<opset="end_colSelection_addr/2 "/>
</bind>
</comp>

<comp id="110" class="1004" name="grp_access_fu_110">
<pin_list>
<pin id="111" dir="0" index="0" bw="4" slack="0"/>
<pin id="112" dir="0" index="1" bw="16" slack="0"/>
<pin id="113" dir="0" index="2" bw="0" slack="0"/>
<pin id="115" dir="0" index="4" bw="4" slack="0"/>
<pin id="116" dir="0" index="5" bw="16" slack="2147483647"/>
<pin id="117" dir="0" index="6" bw="0" slack="2147483647"/>
<pin id="114" dir="1" index="3" bw="16" slack="2147483647"/>
<pin id="118" dir="1" index="7" bw="16" slack="2147483647"/>
</pin_list>
<bind>
<opcode="store(28) " fcode="store"/>
<opset="store_ln786/2 store_ln786/2 "/>
</bind>
</comp>

<comp id="120" class="1004" name="end_colSelection_addr_1_gep_fu_120">
<pin_list>
<pin id="121" dir="0" index="0" bw="16" slack="0"/>
<pin id="122" dir="0" index="1" bw="1" slack="0"/>
<pin id="123" dir="0" index="2" bw="8" slack="0"/>
<pin id="124" dir="1" index="3" bw="4" slack="0"/>
</pin_list>
<bind>
<opcode="getelementptr(29) " fcode="getelementptr"/>
<opset="end_colSelection_addr_1/2 "/>
</bind>
</comp>

<comp id="128" class="1005" name="end_colSelectionCount_1_lcssa_i_ph_ce_reg_128">
<pin_list>
<pin id="129" dir="0" index="0" bw="8" slack="2147483647"/>
<pin id="130" dir="1" index="1" bw="8" slack="2147483647"/>
</pin_list>
<bind>
<opset="end_colSelectionCount_1_lcssa_i_ph_ce (phireg) "/>
</bind>
</comp>

<comp id="131" class="1004" name="end_colSelectionCount_1_lcssa_i_ph_ce_phi_fu_131">
<pin_list>
<pin id="132" dir="0" index="0" bw="8" slack="0"/>
<pin id="133" dir="0" index="1" bw="0" slack="2147483647"/>
<pin id="134" dir="0" index="2" bw="8" slack="0"/>
<pin id="135" dir="0" index="3" bw="0" slack="2147483647"/>
<pin id="136" dir="1" index="4" bw="8" slack="0"/>
</pin_list>
<bind>
<opcode="phi(47) " fcode="phi"/>
<opset="end_colSelectionCount_1_lcssa_i_ph_ce/2 "/>
</bind>
</comp>

<comp id="138" class="1004" name="store_ln694_store_fu_138">
<pin_list>
<pin id="139" dir="0" index="0" bw="8" slack="0"/>
<pin id="140" dir="0" index="1" bw="8" slack="0"/>
<pin id="141" dir="1" index="2" bw="0" slack="2147483647"/>
</pin_list>
<bind>
<opcode="store(28) " fcode="store"/>
<opset="store_ln694/1 "/>
</bind>
</comp>

<comp id="143" class="1004" name="store_ln780_store_fu_143">
<pin_list>
<pin id="144" dir="0" index="0" bw="1" slack="0"/>
<pin id="145" dir="0" index="1" bw="32" slack="0"/>
<pin id="146" dir="1" index="2" bw="0" slack="2147483647"/>
</pin_list>
<bind>
<opcode="store(28) " fcode="store"/>
<opset="store_ln780/1 "/>
</bind>
</comp>

<comp id="148" class="1004" name="i_1_load_fu_148">
<pin_list>
<pin id="149" dir="0" index="0" bw="32" slack="1"/>
<pin id="150" dir="1" index="1" bw="32" slack="0"/>
</pin_list>
<bind>
<opcode="load(27) " fcode="load"/>
<opset="i_1/2 "/>
</bind>
</comp>

<comp id="151" class="1004" name="end_colSelectionCount_3_load_fu_151">
<pin_list>
<pin id="152" dir="0" index="0" bw="8" slack="1"/>
<pin id="153" dir="1" index="1" bw="8" slack="0"/>
</pin_list>
<bind>
<opcode="load(27) " fcode="load"/>
<opset="end_colSelectionCount_3/2 "/>
</bind>
</comp>

<comp id="155" class="1004" name="icmp_ln780_fu_155">
<pin_list>
<pin id="156" dir="0" index="0" bw="32" slack="0"/>
<pin id="157" dir="0" index="1" bw="32" slack="1"/>
<pin id="158" dir="1" index="2" bw="1" slack="2147483647"/>
</pin_list>
<bind>
<opcode="icmp(45) " fcode="icmp"/>
<opset="icmp_ln780/2 "/>
</bind>
</comp>

<comp id="160" class="1004" name="trunc_ln786_fu_160">
<pin_list>
<pin id="161" dir="0" index="0" bw="32" slack="0"/>
<pin id="162" dir="1" index="1" bw="16" slack="0"/>
</pin_list>
<bind>
<opcode="trunc(33) " fcode="trunc"/>
<opset="trunc_ln786/2 "/>
</bind>
</comp>

<comp id="164" class="1004" name="add_ln786_fu_164">
<pin_list>
<pin id="165" dir="0" index="0" bw="16" slack="0"/>
<pin id="166" dir="0" index="1" bw="16" slack="1"/>
<pin id="167" dir="1" index="2" bw="16" slack="0"/>
</pin_list>
<bind>
<opcode="add(8) " fcode="add"/>
<opset="add_ln786/2 "/>
</bind>
</comp>

<comp id="170" class="1004" name="end_colSelectionCount_4_fu_170">
<pin_list>
<pin id="171" dir="0" index="0" bw="8" slack="0"/>
<pin id="172" dir="0" index="1" bw="1" slack="0"/>
<pin id="173" dir="1" index="2" bw="8" slack="0"/>
</pin_list>
<bind>
<opcode="add(8) " fcode="add"/>
<opset="end_colSelectionCount_4/2 "/>
</bind>
</comp>

<comp id="177" class="1004" name="zext_ln786_fu_177">
<pin_list>
<pin id="178" dir="0" index="0" bw="8" slack="0"/>
<pin id="179" dir="1" index="1" bw="64" slack="0"/>
</pin_list>
<bind>
<opcode="zext(34) " fcode="zext"/>
<opset="zext_ln786/2 "/>
</bind>
</comp>

<comp id="182" class="1004" name="tmp_s_fu_182">
<pin_list>
<pin id="183" dir="0" index="0" bw="31" slack="0"/>
<pin id="184" dir="0" index="1" bw="32" slack="0"/>
<pin id="185" dir="0" index="2" bw="1" slack="0"/>
<pin id="186" dir="0" index="3" bw="6" slack="0"/>
<pin id="187" dir="1" index="4" bw="31" slack="0"/>
</pin_list>
<bind>
<opcode="partselect(1002) " fcode="partselect"/>
<opset="tmp_s/2 "/>
</bind>
</comp>

<comp id="192" class="1004" name="i_2_fu_192">
<pin_list>
<pin id="193" dir="0" index="0" bw="32" slack="0"/>
<pin id="194" dir="0" index="1" bw="31" slack="0"/>
<pin id="195" dir="0" index="2" bw="1" slack="0"/>
<pin id="196" dir="1" index="3" bw="32" slack="0"/>
</pin_list>
<bind>
<opcode="bitconcatenate(1004) " fcode="bitconcatenate"/>
<opset="i_2/2 "/>
</bind>
</comp>

<comp id="200" class="1004" name="icmp_ln780_1_fu_200">
<pin_list>
<pin id="201" dir="0" index="0" bw="32" slack="0"/>
<pin id="202" dir="0" index="1" bw="32" slack="1"/>
<pin id="203" dir="1" index="2" bw="1" slack="2147483647"/>
</pin_list>
<bind>
<opcode="icmp(45) " fcode="icmp"/>
<opset="icmp_ln780_1/2 "/>
</bind>
</comp>

<comp id="205" class="1004" name="tmp_2_fu_205">
<pin_list>
<pin id="206" dir="0" index="0" bw="15" slack="0"/>
<pin id="207" dir="0" index="1" bw="32" slack="0"/>
<pin id="208" dir="0" index="2" bw="1" slack="0"/>
<pin id="209" dir="0" index="3" bw="5" slack="0"/>
<pin id="210" dir="1" index="4" bw="15" slack="0"/>
</pin_list>
<bind>
<opcode="partselect(1002) " fcode="partselect"/>
<opset="tmp_2/2 "/>
</bind>
</comp>

<comp id="215" class="1004" name="or_ln5_fu_215">
<pin_list>
<pin id="216" dir="0" index="0" bw="16" slack="0"/>
<pin id="217" dir="0" index="1" bw="15" slack="0"/>
<pin id="218" dir="0" index="2" bw="1" slack="0"/>
<pin id="219" dir="1" index="3" bw="16" slack="0"/>
</pin_list>
<bind>
<opcode="bitconcatenate(1004) " fcode="bitconcatenate"/>
<opset="or_ln5/2 "/>
</bind>
</comp>

<comp id="223" class="1004" name="add_ln786_2_fu_223">
<pin_list>
<pin id="224" dir="0" index="0" bw="16" slack="0"/>
<pin id="225" dir="0" index="1" bw="16" slack="1"/>
<pin id="226" dir="1" index="2" bw="16" slack="0"/>
</pin_list>
<bind>
<opcode="add(8) " fcode="add"/>
<opset="add_ln786_2/2 "/>
</bind>
</comp>

<comp id="229" class="1004" name="end_colSelectionCount_5_fu_229">
<pin_list>
<pin id="230" dir="0" index="0" bw="8" slack="0"/>
<pin id="231" dir="0" index="1" bw="3" slack="0"/>
<pin id="232" dir="1" index="2" bw="8" slack="0"/>
</pin_list>
<bind>
<opcode="add(8) " fcode="add"/>
<opset="end_colSelectionCount_5/2 "/>
</bind>
</comp>

<comp id="235" class="1004" name="zext_ln786_1_fu_235">
<pin_list>
<pin id="236" dir="0" index="0" bw="8" slack="0"/>
<pin id="237" dir="1" index="1" bw="64" slack="0"/>
</pin_list>
<bind>
<opcode="zext(34) " fcode="zext"/>
<opset="zext_ln786_1/2 "/>
</bind>
</comp>

<comp id="240" class="1004" name="i_3_fu_240">
<pin_list>
<pin id="241" dir="0" index="0" bw="32" slack="0"/>
<pin id="242" dir="0" index="1" bw="3" slack="0"/>
<pin id="243" dir="1" index="2" bw="32" slack="0"/>
</pin_list>
<bind>
<opcode="add(8) " fcode="add"/>
<opset="i_3/2 "/>
</bind>
</comp>

<comp id="246" class="1004" name="store_ln694_store_fu_246">
<pin_list>
<pin id="247" dir="0" index="0" bw="8" slack="0"/>
<pin id="248" dir="0" index="1" bw="8" slack="1"/>
<pin id="249" dir="1" index="2" bw="0" slack="2147483647"/>
</pin_list>
<bind>
<opcode="store(28) " fcode="store"/>
<opset="store_ln694/2 "/>
</bind>
</comp>

<comp id="251" class="1004" name="store_ln780_store_fu_251">
<pin_list>
<pin id="252" dir="0" index="0" bw="32" slack="0"/>
<pin id="253" dir="0" index="1" bw="32" slack="1"/>
<pin id="254" dir="1" index="2" bw="0" slack="2147483647"/>
</pin_list>
<bind>
<opcode="store(28) " fcode="store"/>
<opset="store_ln780/2 "/>
</bind>
</comp>

<comp id="256" class="1005" name="i_reg_256">
<pin_list>
<pin id="257" dir="0" index="0" bw="32" slack="0"/>
<pin id="258" dir="1" index="1" bw="32" slack="0"/>
</pin_list>
<bind>
<opset="i "/>
</bind>
</comp>

<comp id="263" class="1005" name="end_colSelectionCount_reg_263">
<pin_list>
<pin id="264" dir="0" index="0" bw="8" slack="0"/>
<pin id="265" dir="1" index="1" bw="8" slack="0"/>
</pin_list>
<bind>
<opset="end_colSelectionCount "/>
</bind>
</comp>

<comp id="270" class="1005" name="indicesHigherMiddle_reload_read_reg_270">
<pin_list>
<pin id="271" dir="0" index="0" bw="32" slack="1"/>
<pin id="272" dir="1" index="1" bw="32" slack="1"/>
</pin_list>
<bind>
<opset="indicesHigherMiddle_reload_read "/>
</bind>
</comp>

<comp id="275" class="1005" name="tmp_reg_275">
<pin_list>
<pin id="276" dir="0" index="0" bw="16" slack="1"/>
<pin id="277" dir="1" index="1" bw="16" slack="1"/>
</pin_list>
<bind>
<opset="tmp "/>
</bind>
</comp>

<comp id="281" class="1005" name="tmp_1_reg_281">
<pin_list>
<pin id="282" dir="0" index="0" bw="32" slack="1"/>
<pin id="283" dir="1" index="1" bw="32" slack="1"/>
</pin_list>
<bind>
<opset="tmp_1 "/>
</bind>
</comp>

</comp_list>

<net_list>
<net id="67"><net_src comp="12" pin="0"/><net_sink comp="64" pin=0"/></net>

<net id="71"><net_src comp="12" pin="0"/><net_sink comp="68" pin=0"/></net>

<net id="76"><net_src comp="14" pin="0"/><net_sink comp="72" pin=0"/></net>

<net id="77"><net_src comp="8" pin="0"/><net_sink comp="72" pin=1"/></net>

<net id="82"><net_src comp="16" pin="0"/><net_sink comp="78" pin=0"/></net>

<net id="83"><net_src comp="4" pin="0"/><net_sink comp="78" pin=1"/></net>

<net id="88"><net_src comp="14" pin="0"/><net_sink comp="84" pin=0"/></net>

<net id="89"><net_src comp="2" pin="0"/><net_sink comp="84" pin=1"/></net>

<net id="94"><net_src comp="18" pin="0"/><net_sink comp="90" pin=0"/></net>

<net id="95"><net_src comp="0" pin="0"/><net_sink comp="90" pin=1"/></net>

<net id="101"><net_src comp="62" pin="0"/><net_sink comp="96" pin=0"/></net>

<net id="102"><net_src comp="10" pin="0"/><net_sink comp="96" pin=1"/></net>

<net id="108"><net_src comp="6" pin="0"/><net_sink comp="103" pin=0"/></net>

<net id="109"><net_src comp="42" pin="0"/><net_sink comp="103" pin=1"/></net>

<net id="119"><net_src comp="103" pin="3"/><net_sink comp="110" pin=2"/></net>

<net id="125"><net_src comp="6" pin="0"/><net_sink comp="120" pin=0"/></net>

<net id="126"><net_src comp="42" pin="0"/><net_sink comp="120" pin=1"/></net>

<net id="127"><net_src comp="120" pin="3"/><net_sink comp="110" pin=0"/></net>

<net id="137"><net_src comp="131" pin="4"/><net_sink comp="96" pin=2"/></net>

<net id="142"><net_src comp="90" pin="2"/><net_sink comp="138" pin=0"/></net>

<net id="147"><net_src comp="20" pin="0"/><net_sink comp="143" pin=0"/></net>

<net id="154"><net_src comp="151" pin="1"/><net_sink comp="131" pin=0"/></net>

<net id="159"><net_src comp="148" pin="1"/><net_sink comp="155" pin=0"/></net>

<net id="163"><net_src comp="148" pin="1"/><net_sink comp="160" pin=0"/></net>

<net id="168"><net_src comp="160" pin="1"/><net_sink comp="164" pin=0"/></net>

<net id="169"><net_src comp="164" pin="2"/><net_sink comp="110" pin=4"/></net>

<net id="174"><net_src comp="151" pin="1"/><net_sink comp="170" pin=0"/></net>

<net id="175"><net_src comp="40" pin="0"/><net_sink comp="170" pin=1"/></net>

<net id="176"><net_src comp="170" pin="2"/><net_sink comp="131" pin=2"/></net>

<net id="180"><net_src comp="151" pin="1"/><net_sink comp="177" pin=0"/></net>

<net id="181"><net_src comp="177" pin="1"/><net_sink comp="103" pin=2"/></net>

<net id="188"><net_src comp="44" pin="0"/><net_sink comp="182" pin=0"/></net>

<net id="189"><net_src comp="148" pin="1"/><net_sink comp="182" pin=1"/></net>

<net id="190"><net_src comp="12" pin="0"/><net_sink comp="182" pin=2"/></net>

<net id="191"><net_src comp="46" pin="0"/><net_sink comp="182" pin=3"/></net>

<net id="197"><net_src comp="48" pin="0"/><net_sink comp="192" pin=0"/></net>

<net id="198"><net_src comp="182" pin="4"/><net_sink comp="192" pin=1"/></net>

<net id="199"><net_src comp="50" pin="0"/><net_sink comp="192" pin=2"/></net>

<net id="204"><net_src comp="192" pin="3"/><net_sink comp="200" pin=0"/></net>

<net id="211"><net_src comp="52" pin="0"/><net_sink comp="205" pin=0"/></net>

<net id="212"><net_src comp="148" pin="1"/><net_sink comp="205" pin=1"/></net>

<net id="213"><net_src comp="12" pin="0"/><net_sink comp="205" pin=2"/></net>

<net id="214"><net_src comp="54" pin="0"/><net_sink comp="205" pin=3"/></net>

<net id="220"><net_src comp="56" pin="0"/><net_sink comp="215" pin=0"/></net>

<net id="221"><net_src comp="205" pin="4"/><net_sink comp="215" pin=1"/></net>

<net id="222"><net_src comp="50" pin="0"/><net_sink comp="215" pin=2"/></net>

<net id="227"><net_src comp="215" pin="3"/><net_sink comp="223" pin=0"/></net>

<net id="228"><net_src comp="223" pin="2"/><net_sink comp="110" pin=1"/></net>

<net id="233"><net_src comp="151" pin="1"/><net_sink comp="229" pin=0"/></net>

<net id="234"><net_src comp="58" pin="0"/><net_sink comp="229" pin=1"/></net>

<net id="238"><net_src comp="170" pin="2"/><net_sink comp="235" pin=0"/></net>

<net id="239"><net_src comp="235" pin="1"/><net_sink comp="120" pin=2"/></net>

<net id="244"><net_src comp="148" pin="1"/><net_sink comp="240" pin=0"/></net>

<net id="245"><net_src comp="60" pin="0"/><net_sink comp="240" pin=1"/></net>

<net id="250"><net_src comp="229" pin="2"/><net_sink comp="246" pin=0"/></net>

<net id="255"><net_src comp="240" pin="2"/><net_sink comp="251" pin=0"/></net>

<net id="259"><net_src comp="64" pin="1"/><net_sink comp="256" pin=0"/></net>

<net id="260"><net_src comp="256" pin="1"/><net_sink comp="143" pin=1"/></net>

<net id="261"><net_src comp="256" pin="1"/><net_sink comp="148" pin=0"/></net>

<net id="262"><net_src comp="256" pin="1"/><net_sink comp="251" pin=1"/></net>

<net id="266"><net_src comp="68" pin="1"/><net_sink comp="263" pin=0"/></net>

<net id="267"><net_src comp="263" pin="1"/><net_sink comp="138" pin=1"/></net>

<net id="268"><net_src comp="263" pin="1"/><net_sink comp="151" pin=0"/></net>

<net id="269"><net_src comp="263" pin="1"/><net_sink comp="246" pin=1"/></net>

<net id="273"><net_src comp="72" pin="2"/><net_sink comp="270" pin=0"/></net>

<net id="274"><net_src comp="270" pin="1"/><net_sink comp="200" pin=1"/></net>

<net id="278"><net_src comp="78" pin="2"/><net_sink comp="275" pin=0"/></net>

<net id="279"><net_src comp="275" pin="1"/><net_sink comp="164" pin=1"/></net>

<net id="280"><net_src comp="275" pin="1"/><net_sink comp="223" pin=1"/></net>

<net id="284"><net_src comp="84" pin="2"/><net_sink comp="281" pin=0"/></net>

<net id="285"><net_src comp="281" pin="1"/><net_sink comp="155" pin=1"/></net>

</net_list>

</model> 
---------------- Datapath Model END ------------------

* FSMD analyzer results:
  - Output states:
	Port: end_colSelection | {2 }
	Port: end_colSelectionCount_1_lcssa_i_ph_ce_out | {2 }
 - Input state : 
	Port: sortRemainingRowsOrCols<HLSMoveStream>_Pipeline_VITIS_LOOP_780_15 : end_colSelectionCount_6_ph | {1 }
	Port: sortRemainingRowsOrCols<HLSMoveStream>_Pipeline_VITIS_LOOP_780_15 : empty_103 | {1 }
	Port: sortRemainingRowsOrCols<HLSMoveStream>_Pipeline_VITIS_LOOP_780_15 : empty | {1 }
	Port: sortRemainingRowsOrCols<HLSMoveStream>_Pipeline_VITIS_LOOP_780_15 : indicesHigherMiddle_reload | {1 }
  - Chain level:
	State 1
		store_ln780 : 1
	State 2
		icmp_ln780 : 1
		br_ln780 : 2
		trunc_ln786 : 1
		add_ln786 : 2
		end_colSelectionCount_4 : 1
		zext_ln786 : 1
		end_colSelection_addr : 2
		store_ln786 : 3
		tmp_s : 1
		i_2 : 2
		icmp_ln780_1 : 3
		br_ln780 : 4
		tmp_2 : 1
		or_ln5 : 2
		add_ln786_2 : 3
		end_colSelectionCount_5 : 1
		zext_ln786_1 : 2
		end_colSelection_addr_1 : 3
		store_ln786 : 4
		i_3 : 1
		store_ln694 : 2
		store_ln780 : 2
		end_colSelectionCount_1_lcssa_i_ph_ce : 5
		write_ln786 : 6


============================================================
+ Verbose Summary: Datapath Resource usage 
============================================================

* Functional unit list:
|----------|--------------------------------------------|---------|---------|
| Operation|               Functional Unit              |    FF   |   LUT   |
|----------|--------------------------------------------|---------|---------|
|          |              add_ln786_fu_164              |    0    |    23   |
|          |       end_colSelectionCount_4_fu_170       |    0    |    15   |
|    add   |             add_ln786_2_fu_223             |    0    |    23   |
|          |       end_colSelectionCount_5_fu_229       |    0    |    15   |
|          |                 i_3_fu_240                 |    0    |    39   |
|----------|--------------------------------------------|---------|---------|
|   icmp   |              icmp_ln780_fu_155             |    0    |    39   |
|          |             icmp_ln780_1_fu_200            |    0    |    39   |
|----------|--------------------------------------------|---------|---------|
|          | indicesHigherMiddle_reload_read_read_fu_72 |    0    |    0    |
|   read   |               tmp_read_fu_78               |    0    |    0    |
|          |              tmp_1_read_fu_84              |    0    |    0    |
|          | end_colSelectionCount_6_ph_read_read_fu_90 |    0    |    0    |
|----------|--------------------------------------------|---------|---------|
|   write  |           write_ln786_write_fu_96          |    0    |    0    |
|----------|--------------------------------------------|---------|---------|
|   trunc  |             trunc_ln786_fu_160             |    0    |    0    |
|----------|--------------------------------------------|---------|---------|
|   zext   |              zext_ln786_fu_177             |    0    |    0    |
|          |             zext_ln786_1_fu_235            |    0    |    0    |
|----------|--------------------------------------------|---------|---------|
|partselect|                tmp_s_fu_182                |    0    |    0    |
|          |                tmp_2_fu_205                |    0    |    0    |
|----------|--------------------------------------------|---------|---------|
|bitconcatenate|                 i_2_fu_192                 |    0    |    0    |
|          |                or_ln5_fu_215               |    0    |    0    |
|----------|--------------------------------------------|---------|---------|
|   Total  |                                            |    0    |   193   |
|----------|--------------------------------------------|---------|---------|

Memories:
N/A

* Register list:
+---------------------------------------------+--------+
|                                             |   FF   |
+---------------------------------------------+--------+
|end_colSelectionCount_1_lcssa_i_ph_ce_reg_128|    8   |
|        end_colSelectionCount_reg_263        |    8   |
|                  i_reg_256                  |   32   |
|   indicesHigherMiddle_reload_read_reg_270   |   32   |
|                tmp_1_reg_281                |   32   |
|                 tmp_reg_275                 |   16   |
+---------------------------------------------+--------+
|                    Total                    |   128  |
+---------------------------------------------+--------+

* Multiplexer (MUX) list: 
|--------|------|------|------|--------|
|  Comp  |  Pin | Size |  BW  | S x BW |
|--------|------|------|------|--------|
|  Total |      |      |      |    0   |
|--------|------|------|------|--------|



* Summary:
+-----------+--------+--------+
|           |   FF   |   LUT  |
+-----------+--------+--------+
|  Function |    0   |   193  |
|   Memory  |    -   |    -   |
|Multiplexer|    -   |    -   |
|  Register |   128  |    -   |
+-----------+--------+--------+
|   Total   |   128  |   193  |
+-----------+--------+--------+
