

================================================================
== Vitis HLS Report for 'sortRemainingRowsOrCols_HLSMoveStream_Pipeline_VITIS_LOOP_1085_33'
================================================================
* Date:           Thu Mar 26 11:03:33 2026

* Version:        2024.2 (Build 5238294 on Nov  8 2024)
* Project:        atomflow_controller_2024_2
* Solution:       hls (Vivado IP Flow Target)
* Product family: zynquplusRFSOC
* Target device:  xczu49dr-ffvf1760-2-e


================================================================
== Performance Estimates
================================================================
+ Timing: 
    * Summary: 
    +--------+----------+----------+------------+
    |  Clock |  Target  | Estimated| Uncertainty|
    +--------+----------+----------+------------+
    |ap_clk  |  10.00 ns|  1.914 ns|     2.70 ns|
    +--------+----------+----------+------------+

+ Latency: 
    * Summary: 
    +---------+---------+-----------+----------+-----+-----+------------------------------------------------+
    |  Latency (cycles) |  Latency (absolute)  |  Interval |                    Pipeline                    |
    |   min   |   max   |    min    |    max   | min | max |                      Type                      |
    +---------+---------+-----------+----------+-----+-----+------------------------------------------------+
    |        2|       18|  20.000 ns|  0.180 us|    1|   17|  loop auto-rewind stp (delay=0 clock cycles(s))|
    +---------+---------+-----------+----------+-----+-----+------------------------------------------------+

    + Detail: 
        * Instance: 
        N/A

        * Loop: 
        +----------------------+---------+---------+----------+-----------+-----------+--------+----------+
        |                      |  Latency (cycles) | Iteration|  Initiation Interval  |  Trip  |          |
        |       Loop Name      |   min   |   max   |  Latency |  achieved |   target  |  Count | Pipelined|
        +----------------------+---------+---------+----------+-----------+-----------+--------+----------+
        |- VITIS_LOOP_1085_33  |        0|       16|         2|          1|          1|  0 ~ 16|       yes|
        +----------------------+---------+---------+----------+-----------+-----------+--------+----------+



================================================================
== Utilization Estimates
================================================================
* Summary: 
+-----------------+---------+------+--------+--------+-----+
|       Name      | BRAM_18K|  DSP |   FF   |   LUT  | URAM|
+-----------------+---------+------+--------+--------+-----+
|DSP              |        -|     -|       -|       -|    -|
|Expression       |        -|     -|       0|      26|    -|
|FIFO             |        -|     -|       -|       -|    -|
|Instance         |        -|     -|       -|       -|    -|
|Memory           |        -|     -|       -|       -|    -|
|Multiplexer      |        -|     -|       0|      36|    -|
|Register         |        -|     -|      13|       -|    -|
+-----------------+---------+------+--------+--------+-----+
|Total            |        0|     0|      13|      62|    0|
+-----------------+---------+------+--------+--------+-----+
|Available        |     2160|  4272|  850560|  425280|   80|
+-----------------+---------+------+--------+--------+-----+
|Utilization (%)  |        0|     0|      ~0|      ~0|    0|
+-----------------+---------+------+--------+--------+-----+

+ Detail: 
    * Instance: 
    N/A

    * DSP: 
    N/A

    * Memory: 
    N/A

    * FIFO: 
    N/A

    * Expression: 
    +----------------------+----------+----+---+----+------------+------------+
    |     Variable Name    | Operation| DSP| FF| LUT| Bitwidth P0| Bitwidth P1|
    +----------------------+----------+----+---+----+------------+------------+
    |i_40_fu_105_p2        |         +|   0|  0|  12|           5|           1|
    |icmp_ln1085_fu_99_p2  |      icmp|   0|  0|  12|           5|           5|
    |ap_enable_pp0         |       xor|   0|  0|   2|           1|           2|
    +----------------------+----------+----+---+----+------------+------------+
    |Total                 |          |   0|  0|  26|          11|           8|
    +----------------------+----------+----+---+----+------------+------------+

    * Multiplexer: 
    +-------------------------+----+-----------+-----+-----------+
    |           Name          | LUT| Input Size| Bits| Total Bits|
    +-------------------------+----+-----------+-----+-----------+
    |ap_done_int              |   9|          2|    1|          2|
    |ap_enable_reg_pp0_iter1  |   9|          2|    1|          2|
    |ap_sig_allocacmp_i_39    |   9|          2|    5|         10|
    |i_fu_48                  |   9|          2|    5|         10|
    +-------------------------+----+-----------+-----+-----------+
    |Total                    |  36|          8|   12|         24|
    +-------------------------+----+-----------+-----+-----------+

    * Register: 
    +-------------------------+---+----+-----+-----------+
    |           Name          | FF| LUT| Bits| Const Bits|
    +-------------------------+---+----+-----+-----------+
    |ap_CS_fsm                |  1|   0|    1|          0|
    |ap_done_reg              |  1|   0|    1|          0|
    |ap_enable_reg_pp0_iter1  |  1|   0|    1|          0|
    |i_39_reg_142             |  5|   0|    5|          0|
    |i_fu_48                  |  5|   0|    5|          0|
    +-------------------------+---+----+-----+-----------+
    |Total                    | 13|   0|   13|          0|
    +-------------------------+---+----+-----+-----------+



================================================================
== Interface
================================================================
* Summary: 
+----------------------------------------+-----+-----+------------+--------------------------------------------------------------------+--------------+
|                RTL Ports               | Dir | Bits|  Protocol  |                            Source Object                           |    C Type    |
+----------------------------------------+-----+-----+------------+--------------------------------------------------------------------+--------------+
|ap_clk                                  |   in|    1|  ap_ctrl_hs|  sortRemainingRowsOrCols<HLSMoveStream>_Pipeline_VITIS_LOOP_1085_33|  return value|
|ap_rst                                  |   in|    1|  ap_ctrl_hs|  sortRemainingRowsOrCols<HLSMoveStream>_Pipeline_VITIS_LOOP_1085_33|  return value|
|ap_start                                |   in|    1|  ap_ctrl_hs|  sortRemainingRowsOrCols<HLSMoveStream>_Pipeline_VITIS_LOOP_1085_33|  return value|
|ap_done                                 |  out|    1|  ap_ctrl_hs|  sortRemainingRowsOrCols<HLSMoveStream>_Pipeline_VITIS_LOOP_1085_33|  return value|
|ap_idle                                 |  out|    1|  ap_ctrl_hs|  sortRemainingRowsOrCols<HLSMoveStream>_Pipeline_VITIS_LOOP_1085_33|  return value|
|ap_ready                                |  out|    1|  ap_ctrl_hs|  sortRemainingRowsOrCols<HLSMoveStream>_Pipeline_VITIS_LOOP_1085_33|  return value|
|prefetchCountUsable                     |   in|    5|     ap_none|                                                 prefetchCountUsable|        scalar|
|indexXC                                 |   in|    8|     ap_none|                                                             indexXC|        scalar|
|unusableInfo_usableAtoms_data_address0  |  out|   16|   ap_memory|                                       unusableInfo_usableAtoms_data|         array|
|unusableInfo_usableAtoms_data_ce0       |  out|    1|   ap_memory|                                       unusableInfo_usableAtoms_data|         array|
|unusableInfo_usableAtoms_data_q0        |   in|   32|   ap_memory|                                       unusableInfo_usableAtoms_data|         array|
|usableFrontBuf_address0                 |  out|    4|   ap_memory|                                                      usableFrontBuf|         array|
|usableFrontBuf_ce0                      |  out|    1|   ap_memory|                                                      usableFrontBuf|         array|
|usableFrontBuf_we0                      |  out|    1|   ap_memory|                                                      usableFrontBuf|         array|
|usableFrontBuf_d0                       |  out|   32|   ap_memory|                                                      usableFrontBuf|         array|
+----------------------------------------+-----+-----+------------+--------------------------------------------------------------------+--------------+

============================================================
+ Verbose Summary: Synthesis Manager
============================================================
InlineROM: 1
ExposeGlobal: 0
============================================================
+ Verbose Summary: CDFG Model
============================================================
IsTopModel: 0
ResetActiveHigh: 1
IsCombinational: 2
IsDatapathOnly: 2
HasWiredReturn: 1
HasMFsm: 2
HasVarLatency: 1
IsPipeline: 0
IsRtlPipelined: 0
IsInstanceOverlapped: 0
IsDontTouch: 0
HasImplIP: 0
IsGatedGlobalClock: 0

+ Individual pipeline summary: 
  * Pipeline-0: initiation interval (II) = 1, depth = 2


============================================================
+ Verbose Summary: Schedule
============================================================
* Number of FSM states : 2
* Pipeline : 1
  Pipeline-0 : II = 1, D = 2, States = { 1 2 }
* Dataflow Pipeline: 0

* FSM state transitions: 
1 --> 2 
2 --> 

* FSM state operations: 

State 1 <SV = 0> <Delay = 1.66>
ST_1 : Operation 5 [1/1] (0.00ns)   --->   "%i = alloca i32 1" [/home/xiaorang/Documents/ATOMFLOW/sorting-organized-main/src/sortLatticeByRow.cpp:1085->/home/xiaorang/Documents/ATOMFLOW/sorting-organized-main/src/sortLatticeByRow.cpp:1833]   --->   Operation 5 'alloca' 'i' <Predicate = true> <Delay = 0.00>
ST_1 : Operation 6 [1/1] (0.00ns)   --->   "%specmemcore_ln0 = specmemcore void @_ssdm_op_SpecMemCore, i32 %unusableInfo_usableAtoms_data, i64 666, i64 22, i64 18446744073709551615"   --->   Operation 6 'specmemcore' 'specmemcore_ln0' <Predicate = true> <Delay = 0.00>
ST_1 : Operation 7 [1/1] (0.00ns)   --->   "%indexXC_read = read i8 @_ssdm_op_Read.ap_auto.i8, i8 %indexXC"   --->   Operation 7 'read' 'indexXC_read' <Predicate = true> <Delay = 0.00>
ST_1 : Operation 8 [1/1] (0.00ns)   --->   "%prefetchCountUsable_read = read i5 @_ssdm_op_Read.ap_auto.i5, i5 %prefetchCountUsable"   --->   Operation 8 'read' 'prefetchCountUsable_read' <Predicate = true> <Delay = 0.00>
ST_1 : Operation 9 [1/1] (0.42ns)   --->   "%store_ln1085 = store i5 0, i5 %i" [/home/xiaorang/Documents/ATOMFLOW/sorting-organized-main/src/sortLatticeByRow.cpp:1085->/home/xiaorang/Documents/ATOMFLOW/sorting-organized-main/src/sortLatticeByRow.cpp:1833]   --->   Operation 9 'store' 'store_ln1085' <Predicate = true> <Delay = 0.42>
ST_1 : Operation 10 [1/1] (0.00ns)   --->   "%br_ln0 = br void %for.inc1000.i"   --->   Operation 10 'br' 'br_ln0' <Predicate = true> <Delay = 0.00>
ST_1 : Operation 11 [1/1] (0.00ns)   --->   "%i_39 = load i5 %i" [/home/xiaorang/Documents/ATOMFLOW/sorting-organized-main/src/sortLatticeByRow.cpp:1085->/home/xiaorang/Documents/ATOMFLOW/sorting-organized-main/src/sortLatticeByRow.cpp:1833]   --->   Operation 11 'load' 'i_39' <Predicate = true> <Delay = 0.00>
ST_1 : Operation 12 [1/1] (0.78ns)   --->   "%icmp_ln1085 = icmp_eq  i5 %i_39, i5 %prefetchCountUsable_read" [/home/xiaorang/Documents/ATOMFLOW/sorting-organized-main/src/sortLatticeByRow.cpp:1085->/home/xiaorang/Documents/ATOMFLOW/sorting-organized-main/src/sortLatticeByRow.cpp:1833]   --->   Operation 12 'icmp' 'icmp_ln1085' <Predicate = true> <Delay = 0.78> <CoreInst = "Cmp">   --->   Core 9 'Cmp' <Latency = 0> <II = 1> <Delay = 0.78> <FuncUnit> <Opcode : 'seteq' 'setne' 'setle' 'setge' 'setlt' 'setgt'> <InPorts = 2> <OutPorts = 1>
ST_1 : Operation 13 [1/1] (0.78ns)   --->   "%i_40 = add i5 %i_39, i5 1" [/home/xiaorang/Documents/ATOMFLOW/sorting-organized-main/src/sortLatticeByRow.cpp:1085->/home/xiaorang/Documents/ATOMFLOW/sorting-organized-main/src/sortLatticeByRow.cpp:1833]   --->   Operation 13 'add' 'i_40' <Predicate = true> <Delay = 0.78> <CoreInst = "Adder">   --->   Core 1 'Adder' <Latency = 0> <II = 1> <Delay = 0.78> <FuncUnit> <Opcode : 'add' 'sub'> <InPorts = 2> <OutPorts = 1>
ST_1 : Operation 14 [1/1] (0.00ns)   --->   "%br_ln1085 = br i1 %icmp_ln1085, void %for.inc1000.i.split, void %VITIS_LOOP_1092_34.i.loopexit.exitStub" [/home/xiaorang/Documents/ATOMFLOW/sorting-organized-main/src/sortLatticeByRow.cpp:1085->/home/xiaorang/Documents/ATOMFLOW/sorting-organized-main/src/sortLatticeByRow.cpp:1833]   --->   Operation 14 'br' 'br_ln1085' <Predicate = true> <Delay = 0.00>
ST_1 : Operation 15 [1/1] (0.00ns)   --->   "%tmp_s = bitconcatenate i16 @_ssdm_op_BitConcatenate.i16.i8.i3.i5, i8 %indexXC_read, i3 0, i5 %i_39" [/home/xiaorang/Documents/ATOMFLOW/sorting-organized-main/src/sortLatticeByRow.cpp:1090->/home/xiaorang/Documents/ATOMFLOW/sorting-organized-main/src/sortLatticeByRow.cpp:1833]   --->   Operation 15 'bitconcatenate' 'tmp_s' <Predicate = (!icmp_ln1085)> <Delay = 0.00>
ST_1 : Operation 16 [1/1] (0.00ns)   --->   "%zext_ln1090 = zext i16 %tmp_s" [/home/xiaorang/Documents/ATOMFLOW/sorting-organized-main/src/sortLatticeByRow.cpp:1090->/home/xiaorang/Documents/ATOMFLOW/sorting-organized-main/src/sortLatticeByRow.cpp:1833]   --->   Operation 16 'zext' 'zext_ln1090' <Predicate = (!icmp_ln1085)> <Delay = 0.00>
ST_1 : Operation 17 [1/1] (0.00ns)   --->   "%unusableInfo_usableAtoms_data_addr = getelementptr i32 %unusableInfo_usableAtoms_data, i64 0, i64 %zext_ln1090" [/home/xiaorang/Documents/ATOMFLOW/sorting-organized-main/src/sortLatticeByRow.cpp:1090->/home/xiaorang/Documents/ATOMFLOW/sorting-organized-main/src/sortLatticeByRow.cpp:1833]   --->   Operation 17 'getelementptr' 'unusableInfo_usableAtoms_data_addr' <Predicate = (!icmp_ln1085)> <Delay = 0.00>
ST_1 : Operation 18 [2/2] (1.23ns)   --->   "%unusableInfo_usableAtoms_data_load = load i16 %unusableInfo_usableAtoms_data_addr" [/home/xiaorang/Documents/ATOMFLOW/sorting-organized-main/src/sortLatticeByRow.cpp:1090->/home/xiaorang/Documents/ATOMFLOW/sorting-organized-main/src/sortLatticeByRow.cpp:1833]   --->   Operation 18 'load' 'unusableInfo_usableAtoms_data_load' <Predicate = (!icmp_ln1085)> <Delay = 1.23> <CoreInst = "RAM_2P_BRAM">   --->   Core 93 'RAM_2P_BRAM' <Latency = 1> <II = 1> <Delay = 1.23> <Storage> <Opcode : 'load' 'store'> <Ports = 2> <Width = 32> <Depth = 65536> <RAM>
ST_1 : Operation 19 [1/1] (0.42ns)   --->   "%store_ln1085 = store i5 %i_40, i5 %i" [/home/xiaorang/Documents/ATOMFLOW/sorting-organized-main/src/sortLatticeByRow.cpp:1085->/home/xiaorang/Documents/ATOMFLOW/sorting-organized-main/src/sortLatticeByRow.cpp:1833]   --->   Operation 19 'store' 'store_ln1085' <Predicate = (!icmp_ln1085)> <Delay = 0.42>
ST_1 : Operation 28 [1/1] (0.42ns)   --->   "%ret_ln0 = ret"   --->   Operation 28 'ret' 'ret_ln0' <Predicate = (icmp_ln1085)> <Delay = 0.42>

State 2 <SV = 1> <Delay = 1.91>
ST_2 : Operation 20 [1/1] (0.00ns)   --->   "%zext_ln1085 = zext i5 %i_39" [/home/xiaorang/Documents/ATOMFLOW/sorting-organized-main/src/sortLatticeByRow.cpp:1085->/home/xiaorang/Documents/ATOMFLOW/sorting-organized-main/src/sortLatticeByRow.cpp:1833]   --->   Operation 20 'zext' 'zext_ln1085' <Predicate = true> <Delay = 0.00>
ST_2 : Operation 21 [1/1] (0.00ns)   --->   "%specpipeline_ln1087 = specpipeline void @_ssdm_op_SpecPipeline, i32 1, i32 0, i32 0, i32 0, void @empty_18" [/home/xiaorang/Documents/ATOMFLOW/sorting-organized-main/src/sortLatticeByRow.cpp:1087->/home/xiaorang/Documents/ATOMFLOW/sorting-organized-main/src/sortLatticeByRow.cpp:1833]   --->   Operation 21 'specpipeline' 'specpipeline_ln1087' <Predicate = true> <Delay = 0.00>
ST_2 : Operation 22 [1/1] (0.00ns)   --->   "%speclooptripcount_ln1088 = speclooptripcount void @_ssdm_op_SpecLoopTripCount, i64 0, i64 16, i64 8" [/home/xiaorang/Documents/ATOMFLOW/sorting-organized-main/src/sortLatticeByRow.cpp:1088->/home/xiaorang/Documents/ATOMFLOW/sorting-organized-main/src/sortLatticeByRow.cpp:1833]   --->   Operation 22 'speclooptripcount' 'speclooptripcount_ln1088' <Predicate = true> <Delay = 0.00>
ST_2 : Operation 23 [1/1] (0.00ns)   --->   "%specloopname_ln1085 = specloopname void @_ssdm_op_SpecLoopName, void @empty_49" [/home/xiaorang/Documents/ATOMFLOW/sorting-organized-main/src/sortLatticeByRow.cpp:1085->/home/xiaorang/Documents/ATOMFLOW/sorting-organized-main/src/sortLatticeByRow.cpp:1833]   --->   Operation 23 'specloopname' 'specloopname_ln1085' <Predicate = true> <Delay = 0.00>
ST_2 : Operation 24 [1/2] ( I:1.23ns O:1.23ns )   --->   "%unusableInfo_usableAtoms_data_load = load i16 %unusableInfo_usableAtoms_data_addr" [/home/xiaorang/Documents/ATOMFLOW/sorting-organized-main/src/sortLatticeByRow.cpp:1090->/home/xiaorang/Documents/ATOMFLOW/sorting-organized-main/src/sortLatticeByRow.cpp:1833]   --->   Operation 24 'load' 'unusableInfo_usableAtoms_data_load' <Predicate = true> <Delay = 1.23> <CoreInst = "RAM_2P_BRAM">   --->   Core 93 'RAM_2P_BRAM' <Latency = 1> <II = 1> <Delay = 1.23> <Storage> <Opcode : 'load' 'store'> <Ports = 2> <Width = 32> <Depth = 65536> <RAM>
ST_2 : Operation 25 [1/1] (0.00ns)   --->   "%usableFrontBuf_addr = getelementptr i32 %usableFrontBuf, i64 0, i64 %zext_ln1085" [/home/xiaorang/Documents/ATOMFLOW/sorting-organized-main/src/sortLatticeByRow.cpp:1090->/home/xiaorang/Documents/ATOMFLOW/sorting-organized-main/src/sortLatticeByRow.cpp:1833]   --->   Operation 25 'getelementptr' 'usableFrontBuf_addr' <Predicate = true> <Delay = 0.00>
ST_2 : Operation 26 [1/1] ( I:0.67ns O:0.67ns )   --->   "%store_ln1090 = store i32 %unusableInfo_usableAtoms_data_load, i4 %usableFrontBuf_addr" [/home/xiaorang/Documents/ATOMFLOW/sorting-organized-main/src/sortLatticeByRow.cpp:1090->/home/xiaorang/Documents/ATOMFLOW/sorting-organized-main/src/sortLatticeByRow.cpp:1833]   --->   Operation 26 'store' 'store_ln1090' <Predicate = true> <Delay = 0.67> <CoreInst = "RAM">   --->   Core 82 'RAM' <Latency = 1> <II = 1> <Delay = 0.67> <Storage> <Opcode : 'load' 'store'> <Ports = 2> <Width = 32> <Depth = 16> <RAM>
ST_2 : Operation 27 [1/1] (0.00ns)   --->   "%br_ln1085 = br void %for.inc1000.i" [/home/xiaorang/Documents/ATOMFLOW/sorting-organized-main/src/sortLatticeByRow.cpp:1085->/home/xiaorang/Documents/ATOMFLOW/sorting-organized-main/src/sortLatticeByRow.cpp:1833]   --->   Operation 27 'br' 'br_ln1085' <Predicate = true> <Delay = 0.00>


============================================================
+ Verbose Summary: Binding
============================================================
STG Binding: 
---------------- STG Properties BEGIN ----------------
- Is combinational: 0
- Is one-state seq: 0
- Is datapath-only: 0
- Is pipelined: 0
- Is top level: 0
Port [ Return ] is wired: 1; IO mode=ap_ctrl_hs:ce=0
Port [ prefetchCountUsable]:  wired=1; compound=0; hidden=0; nouse=0; global=0; static=0; extern=0; dir=0; type=0; pingpong=0; private_global=0; IO mode=ap_none:ce=0
Port [ indexXC]:  wired=1; compound=0; hidden=0; nouse=0; global=0; static=0; extern=0; dir=0; type=0; pingpong=0; private_global=0; IO mode=ap_none:ce=0
Port [ unusableInfo_usableAtoms_data]:  wired=1; compound=1; hidden=0; nouse=0; global=0; static=0; extern=0; dir=0; type=1; pingpong=0; private_global=0; MemPort=[13]; IO mode=ap_memory:ce=0
Port [ usableFrontBuf]:  wired=1; compound=1; hidden=0; nouse=0; global=0; static=0; extern=0; dir=1; type=1; pingpong=0; private_global=0; MemPort=[03]; IO mode=ap_memory:ce=0
---------------- STG Properties END ------------------

---------------- Datapath Model BEGIN ----------------

<LifeTime>
<method=bitvector/>
i                                  (alloca           ) [ 010]
specmemcore_ln0                    (specmemcore      ) [ 000]
indexXC_read                       (read             ) [ 000]
prefetchCountUsable_read           (read             ) [ 000]
store_ln1085                       (store            ) [ 000]
br_ln0                             (br               ) [ 000]
i_39                               (load             ) [ 011]
icmp_ln1085                        (icmp             ) [ 010]
i_40                               (add              ) [ 000]
br_ln1085                          (br               ) [ 000]
tmp_s                              (bitconcatenate   ) [ 000]
zext_ln1090                        (zext             ) [ 000]
unusableInfo_usableAtoms_data_addr (getelementptr    ) [ 011]
store_ln1085                       (store            ) [ 000]
zext_ln1085                        (zext             ) [ 000]
specpipeline_ln1087                (specpipeline     ) [ 000]
speclooptripcount_ln1088           (speclooptripcount) [ 000]
specloopname_ln1085                (specloopname     ) [ 000]
unusableInfo_usableAtoms_data_load (load             ) [ 000]
usableFrontBuf_addr                (getelementptr    ) [ 000]
store_ln1090                       (store            ) [ 000]
br_ln1085                          (br               ) [ 000]
ret_ln0                            (ret              ) [ 000]
</LifeTime>

<model>

<comp_list>
<comp id="0" class="1000" name="prefetchCountUsable">
<pin_list>
<pin id="1" dir="1" index="0" bw="1" slack="0"/>
</pin_list>
<bind>
<StgValue><ssdm name="prefetchCountUsable"/></StgValue>
</bind>
</comp>

<comp id="2" class="1000" name="indexXC">
<pin_list>
<pin id="3" dir="1" index="0" bw="1" slack="0"/>
</pin_list>
<bind>
<StgValue><ssdm name="indexXC"/></StgValue>
</bind>
</comp>

<comp id="4" class="1000" name="unusableInfo_usableAtoms_data">
<pin_list>
<pin id="5" dir="1" index="0" bw="1" slack="0"/>
</pin_list>
<bind>
<StgValue><ssdm name="unusableInfo_usableAtoms_data"/><MemPortTyVec>1 3 </MemPortTyVec>
</StgValue>
</bind>
</comp>

<comp id="6" class="1000" name="usableFrontBuf">
<pin_list>
<pin id="7" dir="1" index="0" bw="1" slack="0"/>
</pin_list>
<bind>
<StgValue><ssdm name="usableFrontBuf"/><MemPortTyVec>0 3 </MemPortTyVec>
</StgValue>
</bind>
</comp>

<comp id="8" class="1001" name="const_8">
<pin_list>
<pin id="9" dir="1" index="0" bw="1" slack="0"/>
</pin_list>
<bind>
<StgValue><ssdm name=""/></StgValue>
</bind>
</comp>

<comp id="10" class="1001" name="const_10">
<pin_list>
<pin id="11" dir="1" index="0" bw="1" slack="2147483647"/>
</pin_list>
<bind>
<StgValue><ssdm name="_ssdm_op_SpecMemCore"/></StgValue>
</bind>
</comp>

<comp id="12" class="1001" name="const_12">
<pin_list>
<pin id="13" dir="1" index="0" bw="1" slack="2147483647"/>
</pin_list>
<bind>
<StgValue><ssdm name=""/></StgValue>
</bind>
</comp>

<comp id="14" class="1001" name="const_14">
<pin_list>
<pin id="15" dir="1" index="0" bw="1" slack="2147483647"/>
</pin_list>
<bind>
<StgValue><ssdm name=""/></StgValue>
</bind>
</comp>

<comp id="16" class="1001" name="const_16">
<pin_list>
<pin id="17" dir="1" index="0" bw="1" slack="2147483647"/>
</pin_list>
<bind>
<StgValue><ssdm name=""/></StgValue>
</bind>
</comp>

<comp id="18" class="1001" name="const_18">
<pin_list>
<pin id="19" dir="1" index="0" bw="1" slack="0"/>
</pin_list>
<bind>
<StgValue><ssdm name="_ssdm_op_Read.ap_auto.i8"/></StgValue>
</bind>
</comp>

<comp id="20" class="1001" name="const_20">
<pin_list>
<pin id="21" dir="1" index="0" bw="1" slack="0"/>
</pin_list>
<bind>
<StgValue><ssdm name="_ssdm_op_Read.ap_auto.i5"/></StgValue>
</bind>
</comp>

<comp id="22" class="1001" name="const_22">
<pin_list>
<pin id="23" dir="1" index="0" bw="1" slack="0"/>
</pin_list>
<bind>
<StgValue><ssdm name=""/></StgValue>
</bind>
</comp>

<comp id="24" class="1001" name="const_24">
<pin_list>
<pin id="25" dir="1" index="0" bw="1" slack="0"/>
</pin_list>
<bind>
<StgValue><ssdm name=""/></StgValue>
</bind>
</comp>

<comp id="26" class="1001" name="const_26">
<pin_list>
<pin id="27" dir="1" index="0" bw="1" slack="0"/>
</pin_list>
<bind>
<StgValue><ssdm name="_ssdm_op_BitConcatenate.i16.i8.i3.i5"/></StgValue>
</bind>
</comp>

<comp id="28" class="1001" name="const_28">
<pin_list>
<pin id="29" dir="1" index="0" bw="1" slack="0"/>
</pin_list>
<bind>
<StgValue><ssdm name=""/></StgValue>
</bind>
</comp>

<comp id="30" class="1001" name="const_30">
<pin_list>
<pin id="31" dir="1" index="0" bw="1" slack="0"/>
</pin_list>
<bind>
<StgValue><ssdm name=""/></StgValue>
</bind>
</comp>

<comp id="32" class="1001" name="const_32">
<pin_list>
<pin id="33" dir="1" index="0" bw="1" slack="2147483647"/>
</pin_list>
<bind>
<StgValue><ssdm name="_ssdm_op_SpecPipeline"/></StgValue>
</bind>
</comp>

<comp id="34" class="1001" name="const_34">
<pin_list>
<pin id="35" dir="1" index="0" bw="1" slack="2147483647"/>
</pin_list>
<bind>
<StgValue><ssdm name=""/></StgValue>
</bind>
</comp>

<comp id="36" class="1001" name="const_36">
<pin_list>
<pin id="37" dir="1" index="0" bw="1" slack="2147483647"/>
</pin_list>
<bind>
<StgValue><ssdm name="empty_18"/></StgValue>
</bind>
</comp>

<comp id="38" class="1001" name="const_38">
<pin_list>
<pin id="39" dir="1" index="0" bw="1" slack="2147483647"/>
</pin_list>
<bind>
<StgValue><ssdm name="_ssdm_op_SpecLoopTripCount"/></StgValue>
</bind>
</comp>

<comp id="40" class="1001" name="const_40">
<pin_list>
<pin id="41" dir="1" index="0" bw="1" slack="2147483647"/>
</pin_list>
<bind>
<StgValue><ssdm name=""/></StgValue>
</bind>
</comp>

<comp id="42" class="1001" name="const_42">
<pin_list>
<pin id="43" dir="1" index="0" bw="1" slack="2147483647"/>
</pin_list>
<bind>
<StgValue><ssdm name=""/></StgValue>
</bind>
</comp>

<comp id="44" class="1001" name="const_44">
<pin_list>
<pin id="45" dir="1" index="0" bw="1" slack="2147483647"/>
</pin_list>
<bind>
<StgValue><ssdm name="_ssdm_op_SpecLoopName"/></StgValue>
</bind>
</comp>

<comp id="46" class="1001" name="const_46">
<pin_list>
<pin id="47" dir="1" index="0" bw="1" slack="2147483647"/>
</pin_list>
<bind>
<StgValue><ssdm name="empty_49"/></StgValue>
</bind>
</comp>

<comp id="48" class="1004" name="i_fu_48">
<pin_list>
<pin id="49" dir="0" index="0" bw="1" slack="0"/>
<pin id="50" dir="1" index="1" bw="5" slack="0"/>
</pin_list>
<bind>
<opcode="alloca(26) " fcode="alloca"/>
<opset="i/1 "/>
</bind>
</comp>

<comp id="52" class="1004" name="indexXC_read_read_fu_52">
<pin_list>
<pin id="53" dir="0" index="0" bw="8" slack="0"/>
<pin id="54" dir="0" index="1" bw="8" slack="0"/>
<pin id="55" dir="1" index="2" bw="8" slack="0"/>
</pin_list>
<bind>
<opcode="read(1150) " fcode="read"/>
<opset="indexXC_read/1 "/>
</bind>
</comp>

<comp id="58" class="1004" name="prefetchCountUsable_read_read_fu_58">
<pin_list>
<pin id="59" dir="0" index="0" bw="5" slack="0"/>
<pin id="60" dir="0" index="1" bw="5" slack="0"/>
<pin id="61" dir="1" index="2" bw="5" slack="0"/>
</pin_list>
<bind>
<opcode="read(1150) " fcode="read"/>
<opset="prefetchCountUsable_read/1 "/>
</bind>
</comp>

<comp id="64" class="1004" name="unusableInfo_usableAtoms_data_addr_gep_fu_64">
<pin_list>
<pin id="65" dir="0" index="0" bw="32" slack="0"/>
<pin id="66" dir="0" index="1" bw="1" slack="0"/>
<pin id="67" dir="0" index="2" bw="16" slack="0"/>
<pin id="68" dir="1" index="3" bw="16" slack="0"/>
</pin_list>
<bind>
<opcode="getelementptr(29) " fcode="getelementptr"/>
<opset="unusableInfo_usableAtoms_data_addr/1 "/>
</bind>
</comp>

<comp id="71" class="1004" name="grp_access_fu_71">
<pin_list>
<pin id="72" dir="0" index="0" bw="16" slack="0"/>
<pin id="73" dir="0" index="1" bw="32" slack="2147483647"/>
<pin id="74" dir="0" index="2" bw="0" slack="2147483647"/>
<pin id="75" dir="1" index="3" bw="32" slack="0"/>
</pin_list>
<bind>
<opcode="load(27) " fcode="load"/>
<opset="unusableInfo_usableAtoms_data_load/1 "/>
</bind>
</comp>

<comp id="77" class="1004" name="usableFrontBuf_addr_gep_fu_77">
<pin_list>
<pin id="78" dir="0" index="0" bw="32" slack="0"/>
<pin id="79" dir="0" index="1" bw="1" slack="0"/>
<pin id="80" dir="0" index="2" bw="5" slack="0"/>
<pin id="81" dir="1" index="3" bw="4" slack="0"/>
</pin_list>
<bind>
<opcode="getelementptr(29) " fcode="getelementptr"/>
<opset="usableFrontBuf_addr/2 "/>
</bind>
</comp>

<comp id="84" class="1004" name="store_ln1090_access_fu_84">
<pin_list>
<pin id="85" dir="0" index="0" bw="4" slack="0"/>
<pin id="86" dir="0" index="1" bw="32" slack="0"/>
<pin id="87" dir="0" index="2" bw="0" slack="2147483647"/>
<pin id="88" dir="1" index="3" bw="32" slack="2147483647"/>
</pin_list>
<bind>
<opcode="store(28) " fcode="store"/>
<opset="store_ln1090/2 "/>
</bind>
</comp>

<comp id="91" class="1004" name="store_ln1085_store_fu_91">
<pin_list>
<pin id="92" dir="0" index="0" bw="1" slack="0"/>
<pin id="93" dir="0" index="1" bw="5" slack="0"/>
<pin id="94" dir="1" index="2" bw="0" slack="2147483647"/>
</pin_list>
<bind>
<opcode="store(28) " fcode="store"/>
<opset="store_ln1085/1 "/>
</bind>
</comp>

<comp id="96" class="1004" name="i_39_load_fu_96">
<pin_list>
<pin id="97" dir="0" index="0" bw="5" slack="0"/>
<pin id="98" dir="1" index="1" bw="5" slack="0"/>
</pin_list>
<bind>
<opcode="load(27) " fcode="load"/>
<opset="i_39/1 "/>
</bind>
</comp>

<comp id="99" class="1004" name="icmp_ln1085_fu_99">
<pin_list>
<pin id="100" dir="0" index="0" bw="5" slack="0"/>
<pin id="101" dir="0" index="1" bw="5" slack="0"/>
<pin id="102" dir="1" index="2" bw="1" slack="2147483647"/>
</pin_list>
<bind>
<opcode="icmp(45) " fcode="icmp"/>
<opset="icmp_ln1085/1 "/>
</bind>
</comp>

<comp id="105" class="1004" name="i_40_fu_105">
<pin_list>
<pin id="106" dir="0" index="0" bw="5" slack="0"/>
<pin id="107" dir="0" index="1" bw="1" slack="0"/>
<pin id="108" dir="1" index="2" bw="5" slack="0"/>
</pin_list>
<bind>
<opcode="add(8) " fcode="add"/>
<opset="i_40/1 "/>
</bind>
</comp>

<comp id="111" class="1004" name="tmp_s_fu_111">
<pin_list>
<pin id="112" dir="0" index="0" bw="16" slack="0"/>
<pin id="113" dir="0" index="1" bw="8" slack="0"/>
<pin id="114" dir="0" index="2" bw="1" slack="0"/>
<pin id="115" dir="0" index="3" bw="5" slack="0"/>
<pin id="116" dir="1" index="4" bw="16" slack="0"/>
</pin_list>
<bind>
<opcode="bitconcatenate(1004) " fcode="bitconcatenate"/>
<opset="tmp_s/1 "/>
</bind>
</comp>

<comp id="121" class="1004" name="zext_ln1090_fu_121">
<pin_list>
<pin id="122" dir="0" index="0" bw="16" slack="0"/>
<pin id="123" dir="1" index="1" bw="64" slack="0"/>
</pin_list>
<bind>
<opcode="zext(34) " fcode="zext"/>
<opset="zext_ln1090/1 "/>
</bind>
</comp>

<comp id="126" class="1004" name="store_ln1085_store_fu_126">
<pin_list>
<pin id="127" dir="0" index="0" bw="5" slack="0"/>
<pin id="128" dir="0" index="1" bw="5" slack="0"/>
<pin id="129" dir="1" index="2" bw="0" slack="2147483647"/>
</pin_list>
<bind>
<opcode="store(28) " fcode="store"/>
<opset="store_ln1085/1 "/>
</bind>
</comp>

<comp id="131" class="1004" name="zext_ln1085_fu_131">
<pin_list>
<pin id="132" dir="0" index="0" bw="5" slack="1"/>
<pin id="133" dir="1" index="1" bw="64" slack="0"/>
</pin_list>
<bind>
<opcode="zext(34) " fcode="zext"/>
<opset="zext_ln1085/2 "/>
</bind>
</comp>

<comp id="135" class="1005" name="i_reg_135">
<pin_list>
<pin id="136" dir="0" index="0" bw="5" slack="0"/>
<pin id="137" dir="1" index="1" bw="5" slack="0"/>
</pin_list>
<bind>
<opset="i "/>
</bind>
</comp>

<comp id="142" class="1005" name="i_39_reg_142">
<pin_list>
<pin id="143" dir="0" index="0" bw="5" slack="1"/>
<pin id="144" dir="1" index="1" bw="5" slack="1"/>
</pin_list>
<bind>
<opset="i_39 "/>
</bind>
</comp>

<comp id="150" class="1005" name="unusableInfo_usableAtoms_data_addr_reg_150">
<pin_list>
<pin id="151" dir="0" index="0" bw="16" slack="1"/>
<pin id="152" dir="1" index="1" bw="16" slack="1"/>
</pin_list>
<bind>
<opset="unusableInfo_usableAtoms_data_addr "/>
</bind>
</comp>

</comp_list>

<net_list>
<net id="51"><net_src comp="8" pin="0"/><net_sink comp="48" pin=0"/></net>

<net id="56"><net_src comp="18" pin="0"/><net_sink comp="52" pin=0"/></net>

<net id="57"><net_src comp="2" pin="0"/><net_sink comp="52" pin=1"/></net>

<net id="62"><net_src comp="20" pin="0"/><net_sink comp="58" pin=0"/></net>

<net id="63"><net_src comp="0" pin="0"/><net_sink comp="58" pin=1"/></net>

<net id="69"><net_src comp="4" pin="0"/><net_sink comp="64" pin=0"/></net>

<net id="70"><net_src comp="30" pin="0"/><net_sink comp="64" pin=1"/></net>

<net id="76"><net_src comp="64" pin="3"/><net_sink comp="71" pin=0"/></net>

<net id="82"><net_src comp="6" pin="0"/><net_sink comp="77" pin=0"/></net>

<net id="83"><net_src comp="30" pin="0"/><net_sink comp="77" pin=1"/></net>

<net id="89"><net_src comp="71" pin="3"/><net_sink comp="84" pin=1"/></net>

<net id="90"><net_src comp="77" pin="3"/><net_sink comp="84" pin=0"/></net>

<net id="95"><net_src comp="22" pin="0"/><net_sink comp="91" pin=0"/></net>

<net id="103"><net_src comp="96" pin="1"/><net_sink comp="99" pin=0"/></net>

<net id="104"><net_src comp="58" pin="2"/><net_sink comp="99" pin=1"/></net>

<net id="109"><net_src comp="96" pin="1"/><net_sink comp="105" pin=0"/></net>

<net id="110"><net_src comp="24" pin="0"/><net_sink comp="105" pin=1"/></net>

<net id="117"><net_src comp="26" pin="0"/><net_sink comp="111" pin=0"/></net>

<net id="118"><net_src comp="52" pin="2"/><net_sink comp="111" pin=1"/></net>

<net id="119"><net_src comp="28" pin="0"/><net_sink comp="111" pin=2"/></net>

<net id="120"><net_src comp="96" pin="1"/><net_sink comp="111" pin=3"/></net>

<net id="124"><net_src comp="111" pin="4"/><net_sink comp="121" pin=0"/></net>

<net id="125"><net_src comp="121" pin="1"/><net_sink comp="64" pin=2"/></net>

<net id="130"><net_src comp="105" pin="2"/><net_sink comp="126" pin=0"/></net>

<net id="134"><net_src comp="131" pin="1"/><net_sink comp="77" pin=2"/></net>

<net id="138"><net_src comp="48" pin="1"/><net_sink comp="135" pin=0"/></net>

<net id="139"><net_src comp="135" pin="1"/><net_sink comp="91" pin=1"/></net>

<net id="140"><net_src comp="135" pin="1"/><net_sink comp="96" pin=0"/></net>

<net id="141"><net_src comp="135" pin="1"/><net_sink comp="126" pin=1"/></net>

<net id="145"><net_src comp="96" pin="1"/><net_sink comp="142" pin=0"/></net>

<net id="146"><net_src comp="142" pin="1"/><net_sink comp="131" pin=0"/></net>

<net id="153"><net_src comp="64" pin="3"/><net_sink comp="150" pin=0"/></net>

<net id="154"><net_src comp="150" pin="1"/><net_sink comp="71" pin=0"/></net>

</net_list>

</model> 
---------------- Datapath Model END ------------------

* FSMD analyzer results:
  - Output states:
	Port: unusableInfo_usableAtoms_data | {}
	Port: usableFrontBuf | {2 }
 - Input state : 
	Port: sortRemainingRowsOrCols<HLSMoveStream>_Pipeline_VITIS_LOOP_1085_33 : prefetchCountUsable | {1 }
	Port: sortRemainingRowsOrCols<HLSMoveStream>_Pipeline_VITIS_LOOP_1085_33 : indexXC | {1 }
	Port: sortRemainingRowsOrCols<HLSMoveStream>_Pipeline_VITIS_LOOP_1085_33 : unusableInfo_usableAtoms_data | {1 2 }
  - Chain level:
	State 1
		store_ln1085 : 1
		i_39 : 1
		icmp_ln1085 : 2
		i_40 : 2
		br_ln1085 : 3
		tmp_s : 2
		zext_ln1090 : 3
		unusableInfo_usableAtoms_data_addr : 4
		unusableInfo_usableAtoms_data_load : 5
		store_ln1085 : 3
	State 2
		usableFrontBuf_addr : 1
		store_ln1090 : 2


============================================================
+ Verbose Summary: Datapath Resource usage 
============================================================

* Functional unit list:
|----------|-------------------------------------|---------|---------|
| Operation|           Functional Unit           |    FF   |   LUT   |
|----------|-------------------------------------|---------|---------|
|   icmp   |          icmp_ln1085_fu_99          |    0    |    12   |
|----------|-------------------------------------|---------|---------|
|    add   |             i_40_fu_105             |    0    |    12   |
|----------|-------------------------------------|---------|---------|
|   read   |       indexXC_read_read_fu_52       |    0    |    0    |
|          | prefetchCountUsable_read_read_fu_58 |    0    |    0    |
|----------|-------------------------------------|---------|---------|
|bitconcatenate|             tmp_s_fu_111            |    0    |    0    |
|----------|-------------------------------------|---------|---------|
|   zext   |          zext_ln1090_fu_121         |    0    |    0    |
|          |          zext_ln1085_fu_131         |    0    |    0    |
|----------|-------------------------------------|---------|---------|
|   Total  |                                     |    0    |    24   |
|----------|-------------------------------------|---------|---------|

Memories:
N/A

* Register list:
+------------------------------------------+--------+
|                                          |   FF   |
+------------------------------------------+--------+
|               i_39_reg_142               |    5   |
|                 i_reg_135                |    5   |
|unusableInfo_usableAtoms_data_addr_reg_150|   16   |
+------------------------------------------+--------+
|                   Total                  |   26   |
+------------------------------------------+--------+

* Multiplexer (MUX) list: 
|------------------|------|------|------|--------||---------||---------||---------|
|       Comp       |  Pin | Size |  BW  | S x BW ||  Delay  ||    FF   ||   LUT   |
|------------------|------|------|------|--------||---------||---------||---------|
| grp_access_fu_71 |  p0  |   2  |  16  |   32   ||    0    ||    9    |
|------------------|------|------|------|--------||---------||---------||---------|
|       Total      |      |      |      |   32   ||  0.427  ||    0    ||    9    |
|------------------|------|------|------|--------||---------||---------||---------|



* Summary:
+-----------+--------+--------+--------+
|           |  Delay |   FF   |   LUT  |
+-----------+--------+--------+--------+
|  Function |    -   |    0   |   24   |
|   Memory  |    -   |    -   |    -   |
|Multiplexer|    0   |    0   |    9   |
|  Register |    -   |   26   |    -   |
+-----------+--------+--------+--------+
|   Total   |    0   |   26   |   33   |
+-----------+--------+--------+--------+
