

================================================================
== Vitis HLS Report for 'sortRemainingRowsOrCols_HLSMoveStream_Pipeline_VITIS_LOOP_206_1'
================================================================
* Date:           Thu Mar 26 11:03:34 2026

* Version:        2024.2 (Build 5238294 on Nov  8 2024)
* Project:        atomflow_controller_2024_2
* Solution:       hls (Vivado IP Flow Target)
* Product family: zynquplusRFSOC
* Target device:  xczu49dr-ffvf1760-2-e


================================================================
== Performance Estimates
================================================================
+ Timing: 
    * Summary: 
    +--------+----------+----------+------------+
    |  Clock |  Target  | Estimated| Uncertainty|
    +--------+----------+----------+------------+
    |ap_clk  |  10.00 ns|  2.923 ns|     2.70 ns|
    +--------+----------+----------+------------+

+ Latency: 
    * Summary: 
    +---------+---------+-----------+----------+-----+-----+------------------------------------------------+
    |  Latency (cycles) |  Latency (absolute)  |  Interval |                    Pipeline                    |
    |   min   |   max   |    min    |    max   | min | max |                      Type                      |
    +---------+---------+-----------+----------+-----+-----+------------------------------------------------+
    |        4|      202|  40.000 ns|  2.020 us|    3|  201|  loop auto-rewind stp (delay=0 clock cycles(s))|
    +---------+---------+-----------+----------+-----+-----+------------------------------------------------+

    + Detail: 
        * Instance: 
        N/A

        * Loop: 
        +--------------------+---------+---------+----------+-----------+-----------+---------+----------+
        |                    |  Latency (cycles) | Iteration|  Initiation Interval  |   Trip  |          |
        |      Loop Name     |   min   |   max   |  Latency |  achieved |   target  |  Count  | Pipelined|
        +--------------------+---------+---------+----------+-----------+-----------+---------+----------+
        |- VITIS_LOOP_206_1  |        2|      200|         2|          2|          2|  1 ~ 100|       yes|
        +--------------------+---------+---------+----------+-----------+-----------+---------+----------+



================================================================
== Utilization Estimates
================================================================
* Summary: 
+-----------------+---------+------+--------+--------+-----+
|       Name      | BRAM_18K|  DSP |   FF   |   LUT  | URAM|
+-----------------+---------+------+--------+--------+-----+
|DSP              |        -|     -|       -|       -|    -|
|Expression       |        -|     -|       0|     209|    -|
|FIFO             |        -|     -|       -|       -|    -|
|Instance         |        -|     -|       -|       -|    -|
|Memory           |        -|     -|       -|       -|    -|
|Multiplexer      |        -|     -|       0|      68|    -|
|Register         |        -|     -|     135|       -|    -|
+-----------------+---------+------+--------+--------+-----+
|Total            |        0|     0|     135|     277|    0|
+-----------------+---------+------+--------+--------+-----+
|Available        |     2160|  4272|  850560|  425280|   80|
+-----------------+---------+------+--------+--------+-----+
|Utilization (%)  |        0|     0|      ~0|      ~0|    0|
+-----------------+---------+------+--------+--------+-----+

+ Detail: 
    * Instance: 
    N/A

    * DSP: 
    N/A

    * Memory: 
    N/A

    * FIFO: 
    N/A

    * Expression: 
    +------------------------+----------+----+---+----+------------+------------+
    |      Variable Name     | Operation| DSP| FF| LUT| Bitwidth P0| Bitwidth P1|
    +------------------------+----------+----+---+----+------------+------------+
    |add_ln211_2_fu_146_p2   |         +|   0|  0|  23|          16|          16|
    |add_ln211_3_fu_155_p2   |         +|   0|  0|  16|          16|          16|
    |add_ln211_fu_151_p2     |         +|   0|  0|  16|          16|          16|
    |i_16_fu_175_p2          |         +|   0|  0|  24|          17|           1|
    |addr_cmp_fu_169_p2      |      icmp|   0|  0|  71|          64|          64|
    |icmp_ln206_fu_137_p2    |      icmp|   0|  0|  25|          18|          18|
    |reuse_select_fu_193_p3  |    select|   0|  0|  32|           1|          32|
    |ap_enable_pp0           |       xor|   0|  0|   2|           1|           2|
    +------------------------+----------+----+---+----+------------+------------+
    |Total                   |          |   0|  0| 209|         149|         165|
    +------------------------+----------+----+---+----+------------+------------+

    * Multiplexer: 
    +-------------------------+----+-----------+-----+-----------+
    |           Name          | LUT| Input Size| Bits| Total Bits|
    +-------------------------+----+-----------+-----+-----------+
    |ap_NS_fsm                |  14|          3|    1|          3|
    |ap_done_int              |   9|          2|    1|          2|
    |ap_enable_reg_pp0_iter0  |   9|          2|    1|          2|
    |ap_enable_reg_pp0_iter1  |   9|          2|    1|          2|
    |i_fu_58                  |   9|          2|   17|         34|
    |reuse_addr_reg_fu_50     |   9|          2|   64|        128|
    |reuse_reg_fu_54          |   9|          2|   32|         64|
    +-------------------------+----+-----------+-----+-----------+
    |Total                    |  68|         15|  117|        235|
    +-------------------------+----+-----------+-----+-----------+

    * Register: 
    +-----------------------------+----+----+-----+-----------+
    |             Name            | FF | LUT| Bits| Const Bits|
    +-----------------------------+----+----+-----+-----------+
    |add_ln211_2_reg_251          |  16|   0|   16|          0|
    |addr_cmp_reg_261             |   1|   0|    1|          0|
    |ap_CS_fsm                    |   2|   0|    2|          0|
    |ap_done_reg                  |   1|   0|    1|          0|
    |ap_enable_reg_pp0_iter0_reg  |   1|   0|    1|          0|
    |ap_enable_reg_pp0_iter1      |   1|   0|    1|          0|
    |i_fu_58                      |  17|   0|   17|          0|
    |reuse_addr_reg_fu_50         |  64|   0|   64|          0|
    |reuse_reg_fu_54              |  32|   0|   32|          0|
    +-----------------------------+----+----+-----+-----------+
    |Total                        | 135|   0|  135|          0|
    +-----------------------------+----+----+-----+-----------+



================================================================
== Interface
================================================================
* Summary: 
+----------------------------------------+-----+-----+------------+------------------------------------------------------------------+--------------+
|                RTL Ports               | Dir | Bits|  Protocol  |                           Source Object                          |    C Type    |
+----------------------------------------+-----+-----+------------+------------------------------------------------------------------+--------------+
|ap_clk                                  |   in|    1|  ap_ctrl_hs|  sortRemainingRowsOrCols<HLSMoveStream>_Pipeline_VITIS_LOOP_206_1|  return value|
|ap_rst                                  |   in|    1|  ap_ctrl_hs|  sortRemainingRowsOrCols<HLSMoveStream>_Pipeline_VITIS_LOOP_206_1|  return value|
|ap_start                                |   in|    1|  ap_ctrl_hs|  sortRemainingRowsOrCols<HLSMoveStream>_Pipeline_VITIS_LOOP_206_1|  return value|
|ap_done                                 |  out|    1|  ap_ctrl_hs|  sortRemainingRowsOrCols<HLSMoveStream>_Pipeline_VITIS_LOOP_206_1|  return value|
|ap_idle                                 |  out|    1|  ap_ctrl_hs|  sortRemainingRowsOrCols<HLSMoveStream>_Pipeline_VITIS_LOOP_206_1|  return value|
|ap_ready                                |  out|    1|  ap_ctrl_hs|  sortRemainingRowsOrCols<HLSMoveStream>_Pipeline_VITIS_LOOP_206_1|  return value|
|sext_ln1270                             |   in|   15|     ap_none|                                                       sext_ln1270|        scalar|
|shift_end                               |   in|   18|     ap_none|                                                         shift_end|        scalar|
|zext_ln620_1                            |   in|   16|     ap_none|                                                      zext_ln620_1|        scalar|
|unusableInfo_usableAtoms_data_address0  |  out|   16|   ap_memory|                                     unusableInfo_usableAtoms_data|         array|
|unusableInfo_usableAtoms_data_ce0       |  out|    1|   ap_memory|                                     unusableInfo_usableAtoms_data|         array|
|unusableInfo_usableAtoms_data_q0        |   in|   32|   ap_memory|                                     unusableInfo_usableAtoms_data|         array|
|unusableInfo_usableAtoms_data_address1  |  out|   16|   ap_memory|                                     unusableInfo_usableAtoms_data|         array|
|unusableInfo_usableAtoms_data_ce1       |  out|    1|   ap_memory|                                     unusableInfo_usableAtoms_data|         array|
|unusableInfo_usableAtoms_data_we1       |  out|    1|   ap_memory|                                     unusableInfo_usableAtoms_data|         array|
|unusableInfo_usableAtoms_data_d1        |  out|   32|   ap_memory|                                     unusableInfo_usableAtoms_data|         array|
|empty                                   |   in|   16|     ap_none|                                                             empty|        scalar|
+----------------------------------------+-----+-----+------------+------------------------------------------------------------------+--------------+

============================================================
+ Verbose Summary: Synthesis Manager
============================================================
InlineROM: 1
ExposeGlobal: 0
============================================================
+ Verbose Summary: CDFG Model
============================================================
IsTopModel: 0
ResetActiveHigh: 1
IsCombinational: 2
IsDatapathOnly: 2
HasWiredReturn: 1
HasMFsm: 2
HasVarLatency: 1
IsPipeline: 0
IsRtlPipelined: 0
IsInstanceOverlapped: 0
IsDontTouch: 0
HasImplIP: 0
IsGatedGlobalClock: 0

+ Individual pipeline summary: 
  * Pipeline-0: initiation interval (II) = 2, depth = 3


============================================================
+ Verbose Summary: Schedule
============================================================
* Number of FSM states : 3
* Pipeline : 1
  Pipeline-0 : II = 2, D = 3, States = { 1 2 3 }
* Dataflow Pipeline: 0

* FSM state transitions: 
1 --> 2 
2 --> 3 
3 --> 

* FSM state operations: 

State 1 <SV = 0> <Delay = 0.42>
ST_1 : Operation 5 [1/1] (0.00ns)   --->   "%reuse_addr_reg = alloca i32 1"   --->   Operation 5 'alloca' 'reuse_addr_reg' <Predicate = true> <Delay = 0.00>
ST_1 : Operation 6 [1/1] (0.00ns)   --->   "%reuse_reg = alloca i32 1"   --->   Operation 6 'alloca' 'reuse_reg' <Predicate = true> <Delay = 0.00>
ST_1 : Operation 7 [1/1] (0.00ns)   --->   "%i = alloca i32 1" [/home/xiaorang/Documents/ATOMFLOW/sorting-organized-main/src/sortLatticeByRow.cpp:206->/home/xiaorang/Documents/ATOMFLOW/sorting-organized-main/src/sortLatticeByRow.cpp:1271->/home/xiaorang/Documents/ATOMFLOW/sorting-organized-main/src/sortLatticeByRow.cpp:1833]   --->   Operation 7 'alloca' 'i' <Predicate = true> <Delay = 0.00>
ST_1 : Operation 8 [1/1] (0.00ns)   --->   "%tmp = read i16 @_ssdm_op_Read.ap_auto.i16, i16 %empty"   --->   Operation 8 'read' 'tmp' <Predicate = true> <Delay = 0.00>
ST_1 : Operation 9 [1/1] (0.00ns)   --->   "%zext_ln620_1_read = read i16 @_ssdm_op_Read.ap_auto.i16, i16 %zext_ln620_1"   --->   Operation 9 'read' 'zext_ln620_1_read' <Predicate = true> <Delay = 0.00>
ST_1 : Operation 10 [1/1] (0.00ns)   --->   "%shift_end_read = read i18 @_ssdm_op_Read.ap_auto.i18, i18 %shift_end"   --->   Operation 10 'read' 'shift_end_read' <Predicate = true> <Delay = 0.00>
ST_1 : Operation 11 [1/1] (0.00ns)   --->   "%sext_ln1270_read = read i15 @_ssdm_op_Read.ap_auto.i15, i15 %sext_ln1270"   --->   Operation 11 'read' 'sext_ln1270_read' <Predicate = true> <Delay = 0.00>
ST_1 : Operation 12 [1/1] (0.00ns)   --->   "%sext_ln1270_cast = zext i15 %sext_ln1270_read"   --->   Operation 12 'zext' 'sext_ln1270_cast' <Predicate = true> <Delay = 0.00>
ST_1 : Operation 13 [1/1] (0.00ns)   --->   "%specmemcore_ln0 = specmemcore void @_ssdm_op_SpecMemCore, i32 %unusableInfo_usableAtoms_data, i64 666, i64 22, i64 18446744073709551615"   --->   Operation 13 'specmemcore' 'specmemcore_ln0' <Predicate = true> <Delay = 0.00>
ST_1 : Operation 14 [1/1] (0.42ns)   --->   "%store_ln206 = store i17 %sext_ln1270_cast, i17 %i" [/home/xiaorang/Documents/ATOMFLOW/sorting-organized-main/src/sortLatticeByRow.cpp:206->/home/xiaorang/Documents/ATOMFLOW/sorting-organized-main/src/sortLatticeByRow.cpp:1271->/home/xiaorang/Documents/ATOMFLOW/sorting-organized-main/src/sortLatticeByRow.cpp:1833]   --->   Operation 14 'store' 'store_ln206' <Predicate = true> <Delay = 0.42>
ST_1 : Operation 15 [1/1] (0.42ns)   --->   "%store_ln0 = store i32 0, i32 %reuse_reg"   --->   Operation 15 'store' 'store_ln0' <Predicate = true> <Delay = 0.42>
ST_1 : Operation 16 [1/1] (0.42ns)   --->   "%store_ln0 = store i64 18446744073709551615, i64 %reuse_addr_reg"   --->   Operation 16 'store' 'store_ln0' <Predicate = true> <Delay = 0.42>
ST_1 : Operation 17 [1/1] (0.00ns)   --->   "%br_ln0 = br void %for.body.i317.i"   --->   Operation 17 'br' 'br_ln0' <Predicate = true> <Delay = 0.00>

State 2 <SV = 1> <Delay = 1.92>
ST_2 : Operation 18 [1/1] (0.00ns)   --->   "%i_15 = load i17 %i" [/home/xiaorang/Documents/ATOMFLOW/sorting-organized-main/src/sortLatticeByRow.cpp:211->/home/xiaorang/Documents/ATOMFLOW/sorting-organized-main/src/sortLatticeByRow.cpp:1271->/home/xiaorang/Documents/ATOMFLOW/sorting-organized-main/src/sortLatticeByRow.cpp:1833]   --->   Operation 18 'load' 'i_15' <Predicate = true> <Delay = 0.00>
ST_2 : Operation 19 [1/1] (0.00ns)   --->   "%zext_ln206 = zext i17 %i_15" [/home/xiaorang/Documents/ATOMFLOW/sorting-organized-main/src/sortLatticeByRow.cpp:206->/home/xiaorang/Documents/ATOMFLOW/sorting-organized-main/src/sortLatticeByRow.cpp:1271->/home/xiaorang/Documents/ATOMFLOW/sorting-organized-main/src/sortLatticeByRow.cpp:1833]   --->   Operation 19 'zext' 'zext_ln206' <Predicate = true> <Delay = 0.00>
ST_2 : Operation 20 [1/1] (0.87ns)   --->   "%icmp_ln206 = icmp_ult  i18 %zext_ln206, i18 %shift_end_read" [/home/xiaorang/Documents/ATOMFLOW/sorting-organized-main/src/sortLatticeByRow.cpp:206->/home/xiaorang/Documents/ATOMFLOW/sorting-organized-main/src/sortLatticeByRow.cpp:1271->/home/xiaorang/Documents/ATOMFLOW/sorting-organized-main/src/sortLatticeByRow.cpp:1833]   --->   Operation 20 'icmp' 'icmp_ln206' <Predicate = true> <Delay = 0.87> <CoreInst = "Cmp">   --->   Core 9 'Cmp' <Latency = 0> <II = 1> <Delay = 0.87> <FuncUnit> <Opcode : 'seteq' 'setne' 'setle' 'setge' 'setlt' 'setgt'> <InPorts = 2> <OutPorts = 1>
ST_2 : Operation 21 [1/1] (0.00ns)   --->   "%br_ln206 = br i1 %icmp_ln206, void %for.cond.cleanup.i313.i.loopexit.exitStub, void %for.body.i317.i.split" [/home/xiaorang/Documents/ATOMFLOW/sorting-organized-main/src/sortLatticeByRow.cpp:206->/home/xiaorang/Documents/ATOMFLOW/sorting-organized-main/src/sortLatticeByRow.cpp:1271->/home/xiaorang/Documents/ATOMFLOW/sorting-organized-main/src/sortLatticeByRow.cpp:1833]   --->   Operation 21 'br' 'br_ln206' <Predicate = true> <Delay = 0.00>
ST_2 : Operation 22 [1/1] (0.00ns)   --->   "%trunc_ln211 = trunc i17 %i_15" [/home/xiaorang/Documents/ATOMFLOW/sorting-organized-main/src/sortLatticeByRow.cpp:211->/home/xiaorang/Documents/ATOMFLOW/sorting-organized-main/src/sortLatticeByRow.cpp:1271->/home/xiaorang/Documents/ATOMFLOW/sorting-organized-main/src/sortLatticeByRow.cpp:1833]   --->   Operation 22 'trunc' 'trunc_ln211' <Predicate = (icmp_ln206)> <Delay = 0.00>
ST_2 : Operation 23 [1/1] (0.85ns)   --->   "%add_ln211_2 = add i16 %zext_ln620_1_read, i16 %trunc_ln211" [/home/xiaorang/Documents/ATOMFLOW/sorting-organized-main/src/sortLatticeByRow.cpp:211->/home/xiaorang/Documents/ATOMFLOW/sorting-organized-main/src/sortLatticeByRow.cpp:1271->/home/xiaorang/Documents/ATOMFLOW/sorting-organized-main/src/sortLatticeByRow.cpp:1833]   --->   Operation 23 'add' 'add_ln211_2' <Predicate = (icmp_ln206)> <Delay = 0.85> <CoreInst = "Adder">   --->   Core 1 'Adder' <Latency = 0> <II = 1> <Delay = 0.85> <FuncUnit> <Opcode : 'add' 'sub'> <InPorts = 2> <OutPorts = 1>
ST_2 : Operation 24 [1/1] (0.00ns) (grouped into TernaryAdder)   --->   "%add_ln211 = add i16 %zext_ln620_1_read, i16 %tmp" [/home/xiaorang/Documents/ATOMFLOW/sorting-organized-main/src/sortLatticeByRow.cpp:211->/home/xiaorang/Documents/ATOMFLOW/sorting-organized-main/src/sortLatticeByRow.cpp:1271->/home/xiaorang/Documents/ATOMFLOW/sorting-organized-main/src/sortLatticeByRow.cpp:1833]   --->   Operation 24 'add' 'add_ln211' <Predicate = (icmp_ln206)> <Delay = 0.00> <CoreInst = "TAddSub">   --->   Core 10 'TAddSub' <Latency = 0> <II = 1> <Delay = 0.34> <IPBlock> <Opcode : '' 'add' 'sub'> <InPorts = 3> <OutPorts = 1> <Sync> <CReg>
ST_2 : Operation 25 [1/1] (0.68ns) (root node of TernaryAdder)   --->   "%add_ln211_3 = add i16 %add_ln211, i16 %trunc_ln211" [/home/xiaorang/Documents/ATOMFLOW/sorting-organized-main/src/sortLatticeByRow.cpp:211->/home/xiaorang/Documents/ATOMFLOW/sorting-organized-main/src/sortLatticeByRow.cpp:1271->/home/xiaorang/Documents/ATOMFLOW/sorting-organized-main/src/sortLatticeByRow.cpp:1833]   --->   Operation 25 'add' 'add_ln211_3' <Predicate = (icmp_ln206)> <Delay = 0.68> <CoreInst = "TAddSub">   --->   Core 10 'TAddSub' <Latency = 0> <II = 1> <Delay = 0.34> <IPBlock> <Opcode : '' 'add' 'sub'> <InPorts = 3> <OutPorts = 1> <Sync> <CReg>
ST_2 : Operation 26 [1/1] (0.00ns)   --->   "%zext_ln211_2 = zext i16 %add_ln211_3" [/home/xiaorang/Documents/ATOMFLOW/sorting-organized-main/src/sortLatticeByRow.cpp:211->/home/xiaorang/Documents/ATOMFLOW/sorting-organized-main/src/sortLatticeByRow.cpp:1271->/home/xiaorang/Documents/ATOMFLOW/sorting-organized-main/src/sortLatticeByRow.cpp:1833]   --->   Operation 26 'zext' 'zext_ln211_2' <Predicate = (icmp_ln206)> <Delay = 0.00>
ST_2 : Operation 27 [1/1] (0.00ns)   --->   "%unusableInfo_usableAtoms_data_addr_2 = getelementptr i32 %unusableInfo_usableAtoms_data, i64 0, i64 %zext_ln211_2" [/home/xiaorang/Documents/ATOMFLOW/sorting-organized-main/src/sortLatticeByRow.cpp:211->/home/xiaorang/Documents/ATOMFLOW/sorting-organized-main/src/sortLatticeByRow.cpp:1271->/home/xiaorang/Documents/ATOMFLOW/sorting-organized-main/src/sortLatticeByRow.cpp:1833]   --->   Operation 27 'getelementptr' 'unusableInfo_usableAtoms_data_addr_2' <Predicate = (icmp_ln206)> <Delay = 0.00>
ST_2 : Operation 28 [1/1] (0.00ns)   --->   "%reuse_addr_reg_load = load i64 %reuse_addr_reg"   --->   Operation 28 'load' 'reuse_addr_reg_load' <Predicate = (icmp_ln206)> <Delay = 0.00>
ST_2 : Operation 29 [2/2] (1.23ns)   --->   "%unusableInfo_usableAtoms_data_load = load i16 %unusableInfo_usableAtoms_data_addr_2" [/home/xiaorang/Documents/ATOMFLOW/sorting-organized-main/src/sortLatticeByRow.cpp:211->/home/xiaorang/Documents/ATOMFLOW/sorting-organized-main/src/sortLatticeByRow.cpp:1271->/home/xiaorang/Documents/ATOMFLOW/sorting-organized-main/src/sortLatticeByRow.cpp:1833]   --->   Operation 29 'load' 'unusableInfo_usableAtoms_data_load' <Predicate = (icmp_ln206)> <Delay = 1.23> <CoreInst = "RAM_2P_BRAM">   --->   Core 93 'RAM_2P_BRAM' <Latency = 1> <II = 1> <Delay = 1.23> <Storage> <Opcode : 'load' 'store'> <Ports = 2> <Width = 32> <Depth = 65536> <RAM>
ST_2 : Operation 30 [1/1] (1.08ns)   --->   "%addr_cmp = icmp_eq  i64 %reuse_addr_reg_load, i64 %zext_ln211_2" [/home/xiaorang/Documents/ATOMFLOW/sorting-organized-main/src/sortLatticeByRow.cpp:211->/home/xiaorang/Documents/ATOMFLOW/sorting-organized-main/src/sortLatticeByRow.cpp:1271->/home/xiaorang/Documents/ATOMFLOW/sorting-organized-main/src/sortLatticeByRow.cpp:1833]   --->   Operation 30 'icmp' 'addr_cmp' <Predicate = (icmp_ln206)> <Delay = 1.08> <CoreInst = "Cmp">   --->   Core 9 'Cmp' <Latency = 0> <II = 1> <Delay = 1.08> <FuncUnit> <Opcode : 'seteq' 'setne' 'setle' 'setge' 'setlt' 'setgt'> <InPorts = 2> <OutPorts = 1>
ST_2 : Operation 31 [1/1] (0.86ns)   --->   "%i_16 = add i17 %i_15, i17 1" [/home/xiaorang/Documents/ATOMFLOW/sorting-organized-main/src/sortLatticeByRow.cpp:206->/home/xiaorang/Documents/ATOMFLOW/sorting-organized-main/src/sortLatticeByRow.cpp:1271->/home/xiaorang/Documents/ATOMFLOW/sorting-organized-main/src/sortLatticeByRow.cpp:1833]   --->   Operation 31 'add' 'i_16' <Predicate = (icmp_ln206)> <Delay = 0.86> <CoreInst = "Adder">   --->   Core 1 'Adder' <Latency = 0> <II = 1> <Delay = 0.86> <FuncUnit> <Opcode : 'add' 'sub'> <InPorts = 2> <OutPorts = 1>
ST_2 : Operation 32 [1/1] (0.42ns)   --->   "%store_ln206 = store i17 %i_16, i17 %i" [/home/xiaorang/Documents/ATOMFLOW/sorting-organized-main/src/sortLatticeByRow.cpp:206->/home/xiaorang/Documents/ATOMFLOW/sorting-organized-main/src/sortLatticeByRow.cpp:1271->/home/xiaorang/Documents/ATOMFLOW/sorting-organized-main/src/sortLatticeByRow.cpp:1833]   --->   Operation 32 'store' 'store_ln206' <Predicate = (icmp_ln206)> <Delay = 0.42>
ST_2 : Operation 45 [1/1] (0.42ns)   --->   "%ret_ln0 = ret"   --->   Operation 45 'ret' 'ret_ln0' <Predicate = (!icmp_ln206)> <Delay = 0.42>

State 3 <SV = 2> <Delay = 2.92>
ST_3 : Operation 33 [1/1] (0.00ns)   --->   "%zext_ln211 = zext i16 %add_ln211_2" [/home/xiaorang/Documents/ATOMFLOW/sorting-organized-main/src/sortLatticeByRow.cpp:211->/home/xiaorang/Documents/ATOMFLOW/sorting-organized-main/src/sortLatticeByRow.cpp:1271->/home/xiaorang/Documents/ATOMFLOW/sorting-organized-main/src/sortLatticeByRow.cpp:1833]   --->   Operation 33 'zext' 'zext_ln211' <Predicate = true> <Delay = 0.00>
ST_3 : Operation 34 [1/1] (0.00ns)   --->   "%unusableInfo_usableAtoms_data_addr = getelementptr i32 %unusableInfo_usableAtoms_data, i64 0, i64 %zext_ln211" [/home/xiaorang/Documents/ATOMFLOW/sorting-organized-main/src/sortLatticeByRow.cpp:211->/home/xiaorang/Documents/ATOMFLOW/sorting-organized-main/src/sortLatticeByRow.cpp:1271->/home/xiaorang/Documents/ATOMFLOW/sorting-organized-main/src/sortLatticeByRow.cpp:1833]   --->   Operation 34 'getelementptr' 'unusableInfo_usableAtoms_data_addr' <Predicate = true> <Delay = 0.00>
ST_3 : Operation 35 [1/1] (0.00ns)   --->   "%specpipeline_ln208 = specpipeline void @_ssdm_op_SpecPipeline, i32 2, i32 0, i32 0, i32 0, void @empty_18" [/home/xiaorang/Documents/ATOMFLOW/sorting-organized-main/src/sortLatticeByRow.cpp:208->/home/xiaorang/Documents/ATOMFLOW/sorting-organized-main/src/sortLatticeByRow.cpp:1271->/home/xiaorang/Documents/ATOMFLOW/sorting-organized-main/src/sortLatticeByRow.cpp:1833]   --->   Operation 35 'specpipeline' 'specpipeline_ln208' <Predicate = true> <Delay = 0.00>
ST_3 : Operation 36 [1/1] (0.00ns)   --->   "%speclooptripcount_ln209 = speclooptripcount void @_ssdm_op_SpecLoopTripCount, i64 1, i64 100, i64 50" [/home/xiaorang/Documents/ATOMFLOW/sorting-organized-main/src/sortLatticeByRow.cpp:209->/home/xiaorang/Documents/ATOMFLOW/sorting-organized-main/src/sortLatticeByRow.cpp:1271->/home/xiaorang/Documents/ATOMFLOW/sorting-organized-main/src/sortLatticeByRow.cpp:1833]   --->   Operation 36 'speclooptripcount' 'speclooptripcount_ln209' <Predicate = true> <Delay = 0.00>
ST_3 : Operation 37 [1/1] (0.00ns)   --->   "%specloopname_ln206 = specloopname void @_ssdm_op_SpecLoopName, void @empty_48" [/home/xiaorang/Documents/ATOMFLOW/sorting-organized-main/src/sortLatticeByRow.cpp:206->/home/xiaorang/Documents/ATOMFLOW/sorting-organized-main/src/sortLatticeByRow.cpp:1271->/home/xiaorang/Documents/ATOMFLOW/sorting-organized-main/src/sortLatticeByRow.cpp:1833]   --->   Operation 37 'specloopname' 'specloopname_ln206' <Predicate = true> <Delay = 0.00>
ST_3 : Operation 38 [1/1] (0.00ns)   --->   "%reuse_reg_load = load i32 %reuse_reg"   --->   Operation 38 'load' 'reuse_reg_load' <Predicate = (addr_cmp)> <Delay = 0.00>
ST_3 : Operation 39 [1/2] ( I:1.23ns O:1.23ns )   --->   "%unusableInfo_usableAtoms_data_load = load i16 %unusableInfo_usableAtoms_data_addr_2" [/home/xiaorang/Documents/ATOMFLOW/sorting-organized-main/src/sortLatticeByRow.cpp:211->/home/xiaorang/Documents/ATOMFLOW/sorting-organized-main/src/sortLatticeByRow.cpp:1271->/home/xiaorang/Documents/ATOMFLOW/sorting-organized-main/src/sortLatticeByRow.cpp:1833]   --->   Operation 39 'load' 'unusableInfo_usableAtoms_data_load' <Predicate = true> <Delay = 1.23> <CoreInst = "RAM_2P_BRAM">   --->   Core 93 'RAM_2P_BRAM' <Latency = 1> <II = 1> <Delay = 1.23> <Storage> <Opcode : 'load' 'store'> <Ports = 2> <Width = 32> <Depth = 65536> <RAM>
ST_3 : Operation 40 [1/1] (0.44ns)   --->   "%reuse_select = select i1 %addr_cmp, i32 %reuse_reg_load, i32 %unusableInfo_usableAtoms_data_load" [/home/xiaorang/Documents/ATOMFLOW/sorting-organized-main/src/sortLatticeByRow.cpp:211->/home/xiaorang/Documents/ATOMFLOW/sorting-organized-main/src/sortLatticeByRow.cpp:1271->/home/xiaorang/Documents/ATOMFLOW/sorting-organized-main/src/sortLatticeByRow.cpp:1833]   --->   Operation 40 'select' 'reuse_select' <Predicate = true> <Delay = 0.44> <CoreInst = "Sel">   --->   Core 73 'Sel' <Latency = 0> <II = 1> <Delay = 0.44> <FuncUnit> <Opcode : 'select'> <InPorts = 3> <OutPorts = 1>
ST_3 : Operation 41 [1/1] ( I:1.23ns O:1.23ns )   --->   "%store_ln211 = store i32 %reuse_select, i16 %unusableInfo_usableAtoms_data_addr" [/home/xiaorang/Documents/ATOMFLOW/sorting-organized-main/src/sortLatticeByRow.cpp:211->/home/xiaorang/Documents/ATOMFLOW/sorting-organized-main/src/sortLatticeByRow.cpp:1271->/home/xiaorang/Documents/ATOMFLOW/sorting-organized-main/src/sortLatticeByRow.cpp:1833]   --->   Operation 41 'store' 'store_ln211' <Predicate = true> <Delay = 1.23> <CoreInst = "RAM_2P_BRAM">   --->   Core 93 'RAM_2P_BRAM' <Latency = 1> <II = 1> <Delay = 1.23> <Storage> <Opcode : 'load' 'store'> <Ports = 2> <Width = 32> <Depth = 65536> <RAM>
ST_3 : Operation 42 [1/1] (0.42ns)   --->   "%store_ln211 = store i32 %reuse_select, i32 %reuse_reg" [/home/xiaorang/Documents/ATOMFLOW/sorting-organized-main/src/sortLatticeByRow.cpp:211->/home/xiaorang/Documents/ATOMFLOW/sorting-organized-main/src/sortLatticeByRow.cpp:1271->/home/xiaorang/Documents/ATOMFLOW/sorting-organized-main/src/sortLatticeByRow.cpp:1833]   --->   Operation 42 'store' 'store_ln211' <Predicate = true> <Delay = 0.42>
ST_3 : Operation 43 [1/1] (0.42ns)   --->   "%store_ln211 = store i64 %zext_ln211, i64 %reuse_addr_reg" [/home/xiaorang/Documents/ATOMFLOW/sorting-organized-main/src/sortLatticeByRow.cpp:211->/home/xiaorang/Documents/ATOMFLOW/sorting-organized-main/src/sortLatticeByRow.cpp:1271->/home/xiaorang/Documents/ATOMFLOW/sorting-organized-main/src/sortLatticeByRow.cpp:1833]   --->   Operation 43 'store' 'store_ln211' <Predicate = true> <Delay = 0.42>
ST_3 : Operation 44 [1/1] (0.00ns)   --->   "%br_ln206 = br void %for.body.i317.i" [/home/xiaorang/Documents/ATOMFLOW/sorting-organized-main/src/sortLatticeByRow.cpp:206->/home/xiaorang/Documents/ATOMFLOW/sorting-organized-main/src/sortLatticeByRow.cpp:1271->/home/xiaorang/Documents/ATOMFLOW/sorting-organized-main/src/sortLatticeByRow.cpp:1833]   --->   Operation 44 'br' 'br_ln206' <Predicate = true> <Delay = 0.00>


============================================================
+ Verbose Summary: Binding
============================================================
STG Binding: 
---------------- STG Properties BEGIN ----------------
- Is combinational: 0
- Is one-state seq: 0
- Is datapath-only: 0
- Is pipelined: 0
- Is top level: 0
Port [ Return ] is wired: 1; IO mode=ap_ctrl_hs:ce=0
Port [ sext_ln1270]:  wired=1; compound=0; hidden=0; nouse=0; global=0; static=0; extern=0; dir=0; type=0; pingpong=0; private_global=0; IO mode=ap_none:ce=0
Port [ shift_end]:  wired=1; compound=0; hidden=0; nouse=0; global=0; static=0; extern=0; dir=0; type=0; pingpong=0; private_global=0; IO mode=ap_none:ce=0
Port [ zext_ln620_1]:  wired=1; compound=0; hidden=0; nouse=0; global=0; static=0; extern=0; dir=0; type=0; pingpong=0; private_global=0; IO mode=ap_none:ce=0
Port [ unusableInfo_usableAtoms_data]:  wired=1; compound=1; hidden=0; nouse=0; global=0; static=0; extern=0; dir=2; type=1; pingpong=0; private_global=0; MemPort=[10]; IO mode=ap_memory:ce=0
Port [ empty]:  wired=1; compound=0; hidden=0; nouse=0; global=0; static=0; extern=0; dir=0; type=0; pingpong=0; private_global=0; IO mode=ap_none:ce=0
---------------- STG Properties END ------------------

---------------- Datapath Model BEGIN ----------------

<LifeTime>
<method=bitvector/>
reuse_addr_reg                       (alloca           ) [ 0111]
reuse_reg                            (alloca           ) [ 0111]
i                                    (alloca           ) [ 0110]
tmp                                  (read             ) [ 0010]
zext_ln620_1_read                    (read             ) [ 0010]
shift_end_read                       (read             ) [ 0010]
sext_ln1270_read                     (read             ) [ 0000]
sext_ln1270_cast                     (zext             ) [ 0000]
specmemcore_ln0                      (specmemcore      ) [ 0000]
store_ln206                          (store            ) [ 0000]
store_ln0                            (store            ) [ 0000]
store_ln0                            (store            ) [ 0000]
br_ln0                               (br               ) [ 0000]
i_15                                 (load             ) [ 0000]
zext_ln206                           (zext             ) [ 0000]
icmp_ln206                           (icmp             ) [ 0010]
br_ln206                             (br               ) [ 0000]
trunc_ln211                          (trunc            ) [ 0000]
add_ln211_2                          (add              ) [ 0101]
add_ln211                            (add              ) [ 0000]
add_ln211_3                          (add              ) [ 0000]
zext_ln211_2                         (zext             ) [ 0000]
unusableInfo_usableAtoms_data_addr_2 (getelementptr    ) [ 0101]
reuse_addr_reg_load                  (load             ) [ 0000]
addr_cmp                             (icmp             ) [ 0101]
i_16                                 (add              ) [ 0000]
store_ln206                          (store            ) [ 0000]
zext_ln211                           (zext             ) [ 0000]
unusableInfo_usableAtoms_data_addr   (getelementptr    ) [ 0000]
specpipeline_ln208                   (specpipeline     ) [ 0000]
speclooptripcount_ln209              (speclooptripcount) [ 0000]
specloopname_ln206                   (specloopname     ) [ 0000]
reuse_reg_load                       (load             ) [ 0000]
unusableInfo_usableAtoms_data_load   (load             ) [ 0000]
reuse_select                         (select           ) [ 0000]
store_ln211                          (store            ) [ 0000]
store_ln211                          (store            ) [ 0000]
store_ln211                          (store            ) [ 0000]
br_ln206                             (br               ) [ 0000]
ret_ln0                              (ret              ) [ 0000]
</LifeTime>

<model>

<comp_list>
<comp id="0" class="1000" name="sext_ln1270">
<pin_list>
<pin id="1" dir="1" index="0" bw="1" slack="0"/>
</pin_list>
<bind>
<StgValue><ssdm name="sext_ln1270"/></StgValue>
</bind>
</comp>

<comp id="2" class="1000" name="shift_end">
<pin_list>
<pin id="3" dir="1" index="0" bw="1" slack="0"/>
</pin_list>
<bind>
<StgValue><ssdm name="shift_end"/></StgValue>
</bind>
</comp>

<comp id="4" class="1000" name="zext_ln620_1">
<pin_list>
<pin id="5" dir="1" index="0" bw="1" slack="0"/>
</pin_list>
<bind>
<StgValue><ssdm name="zext_ln620_1"/></StgValue>
</bind>
</comp>

<comp id="6" class="1000" name="unusableInfo_usableAtoms_data">
<pin_list>
<pin id="7" dir="1" index="0" bw="1" slack="0"/>
</pin_list>
<bind>
<StgValue><ssdm name="unusableInfo_usableAtoms_data"/><MemPortTyVec>1 0 </MemPortTyVec>
</StgValue>
</bind>
</comp>

<comp id="8" class="1000" name="empty">
<pin_list>
<pin id="9" dir="1" index="0" bw="1" slack="0"/>
</pin_list>
<bind>
<StgValue><ssdm name="empty"/></StgValue>
</bind>
</comp>

<comp id="10" class="1001" name="const_10">
<pin_list>
<pin id="11" dir="1" index="0" bw="1" slack="0"/>
</pin_list>
<bind>
<StgValue><ssdm name=""/></StgValue>
</bind>
</comp>

<comp id="12" class="1001" name="const_12">
<pin_list>
<pin id="13" dir="1" index="0" bw="1" slack="0"/>
</pin_list>
<bind>
<StgValue><ssdm name="_ssdm_op_Read.ap_auto.i16"/></StgValue>
</bind>
</comp>

<comp id="14" class="1001" name="const_14">
<pin_list>
<pin id="15" dir="1" index="0" bw="1" slack="0"/>
</pin_list>
<bind>
<StgValue><ssdm name="_ssdm_op_Read.ap_auto.i18"/></StgValue>
</bind>
</comp>

<comp id="16" class="1001" name="const_16">
<pin_list>
<pin id="17" dir="1" index="0" bw="1" slack="0"/>
</pin_list>
<bind>
<StgValue><ssdm name="_ssdm_op_Read.ap_auto.i15"/></StgValue>
</bind>
</comp>

<comp id="18" class="1001" name="const_18">
<pin_list>
<pin id="19" dir="1" index="0" bw="1" slack="2147483647"/>
</pin_list>
<bind>
<StgValue><ssdm name="_ssdm_op_SpecMemCore"/></StgValue>
</bind>
</comp>

<comp id="20" class="1001" name="const_20">
<pin_list>
<pin id="21" dir="1" index="0" bw="1" slack="2147483647"/>
</pin_list>
<bind>
<StgValue><ssdm name=""/></StgValue>
</bind>
</comp>

<comp id="22" class="1001" name="const_22">
<pin_list>
<pin id="23" dir="1" index="0" bw="1" slack="2147483647"/>
</pin_list>
<bind>
<StgValue><ssdm name=""/></StgValue>
</bind>
</comp>

<comp id="24" class="1001" name="const_24">
<pin_list>
<pin id="25" dir="1" index="0" bw="1" slack="0"/>
</pin_list>
<bind>
<StgValue><ssdm name=""/></StgValue>
</bind>
</comp>

<comp id="26" class="1001" name="const_26">
<pin_list>
<pin id="27" dir="1" index="0" bw="1" slack="0"/>
</pin_list>
<bind>
<StgValue><ssdm name=""/></StgValue>
</bind>
</comp>

<comp id="28" class="1001" name="const_28">
<pin_list>
<pin id="29" dir="1" index="0" bw="1" slack="0"/>
</pin_list>
<bind>
<StgValue><ssdm name=""/></StgValue>
</bind>
</comp>

<comp id="30" class="1001" name="const_30">
<pin_list>
<pin id="31" dir="1" index="0" bw="1" slack="0"/>
</pin_list>
<bind>
<StgValue><ssdm name=""/></StgValue>
</bind>
</comp>

<comp id="32" class="1001" name="const_32">
<pin_list>
<pin id="33" dir="1" index="0" bw="1" slack="2147483647"/>
</pin_list>
<bind>
<StgValue><ssdm name="_ssdm_op_SpecPipeline"/></StgValue>
</bind>
</comp>

<comp id="34" class="1001" name="const_34">
<pin_list>
<pin id="35" dir="1" index="0" bw="1" slack="2147483647"/>
</pin_list>
<bind>
<StgValue><ssdm name=""/></StgValue>
</bind>
</comp>

<comp id="36" class="1001" name="const_36">
<pin_list>
<pin id="37" dir="1" index="0" bw="1" slack="2147483647"/>
</pin_list>
<bind>
<StgValue><ssdm name="empty_18"/></StgValue>
</bind>
</comp>

<comp id="38" class="1001" name="const_38">
<pin_list>
<pin id="39" dir="1" index="0" bw="1" slack="2147483647"/>
</pin_list>
<bind>
<StgValue><ssdm name="_ssdm_op_SpecLoopTripCount"/></StgValue>
</bind>
</comp>

<comp id="40" class="1001" name="const_40">
<pin_list>
<pin id="41" dir="1" index="0" bw="1" slack="2147483647"/>
</pin_list>
<bind>
<StgValue><ssdm name=""/></StgValue>
</bind>
</comp>

<comp id="42" class="1001" name="const_42">
<pin_list>
<pin id="43" dir="1" index="0" bw="1" slack="2147483647"/>
</pin_list>
<bind>
<StgValue><ssdm name=""/></StgValue>
</bind>
</comp>

<comp id="44" class="1001" name="const_44">
<pin_list>
<pin id="45" dir="1" index="0" bw="1" slack="2147483647"/>
</pin_list>
<bind>
<StgValue><ssdm name=""/></StgValue>
</bind>
</comp>

<comp id="46" class="1001" name="const_46">
<pin_list>
<pin id="47" dir="1" index="0" bw="1" slack="2147483647"/>
</pin_list>
<bind>
<StgValue><ssdm name="_ssdm_op_SpecLoopName"/></StgValue>
</bind>
</comp>

<comp id="48" class="1001" name="const_48">
<pin_list>
<pin id="49" dir="1" index="0" bw="1" slack="2147483647"/>
</pin_list>
<bind>
<StgValue><ssdm name="empty_48"/></StgValue>
</bind>
</comp>

<comp id="50" class="1004" name="reuse_addr_reg_fu_50">
<pin_list>
<pin id="51" dir="0" index="0" bw="1" slack="0"/>
<pin id="52" dir="1" index="1" bw="64" slack="0"/>
</pin_list>
<bind>
<opcode="alloca(26) " fcode="alloca"/>
<opset="reuse_addr_reg/1 "/>
</bind>
</comp>

<comp id="54" class="1004" name="reuse_reg_fu_54">
<pin_list>
<pin id="55" dir="0" index="0" bw="1" slack="0"/>
<pin id="56" dir="1" index="1" bw="32" slack="0"/>
</pin_list>
<bind>
<opcode="alloca(26) " fcode="alloca"/>
<opset="reuse_reg/1 "/>
</bind>
</comp>

<comp id="58" class="1004" name="i_fu_58">
<pin_list>
<pin id="59" dir="0" index="0" bw="1" slack="0"/>
<pin id="60" dir="1" index="1" bw="17" slack="0"/>
</pin_list>
<bind>
<opcode="alloca(26) " fcode="alloca"/>
<opset="i/1 "/>
</bind>
</comp>

<comp id="62" class="1004" name="tmp_read_fu_62">
<pin_list>
<pin id="63" dir="0" index="0" bw="16" slack="0"/>
<pin id="64" dir="0" index="1" bw="16" slack="0"/>
<pin id="65" dir="1" index="2" bw="16" slack="1"/>
</pin_list>
<bind>
<opcode="read(1150) " fcode="read"/>
<opset="tmp/1 "/>
</bind>
</comp>

<comp id="68" class="1004" name="zext_ln620_1_read_read_fu_68">
<pin_list>
<pin id="69" dir="0" index="0" bw="16" slack="0"/>
<pin id="70" dir="0" index="1" bw="16" slack="0"/>
<pin id="71" dir="1" index="2" bw="16" slack="1"/>
</pin_list>
<bind>
<opcode="read(1150) " fcode="read"/>
<opset="zext_ln620_1_read/1 "/>
</bind>
</comp>

<comp id="74" class="1004" name="shift_end_read_read_fu_74">
<pin_list>
<pin id="75" dir="0" index="0" bw="18" slack="0"/>
<pin id="76" dir="0" index="1" bw="18" slack="0"/>
<pin id="77" dir="1" index="2" bw="18" slack="1"/>
</pin_list>
<bind>
<opcode="read(1150) " fcode="read"/>
<opset="shift_end_read/1 "/>
</bind>
</comp>

<comp id="80" class="1004" name="sext_ln1270_read_read_fu_80">
<pin_list>
<pin id="81" dir="0" index="0" bw="15" slack="0"/>
<pin id="82" dir="0" index="1" bw="15" slack="0"/>
<pin id="83" dir="1" index="2" bw="15" slack="0"/>
</pin_list>
<bind>
<opcode="read(1150) " fcode="read"/>
<opset="sext_ln1270_read/1 "/>
</bind>
</comp>

<comp id="86" class="1004" name="unusableInfo_usableAtoms_data_addr_2_gep_fu_86">
<pin_list>
<pin id="87" dir="0" index="0" bw="32" slack="0"/>
<pin id="88" dir="0" index="1" bw="1" slack="0"/>
<pin id="89" dir="0" index="2" bw="16" slack="0"/>
<pin id="90" dir="1" index="3" bw="16" slack="0"/>
</pin_list>
<bind>
<opcode="getelementptr(29) " fcode="getelementptr"/>
<opset="unusableInfo_usableAtoms_data_addr_2/2 "/>
</bind>
</comp>

<comp id="93" class="1004" name="grp_access_fu_93">
<pin_list>
<pin id="94" dir="0" index="0" bw="16" slack="0"/>
<pin id="95" dir="0" index="1" bw="32" slack="2147483647"/>
<pin id="96" dir="0" index="2" bw="0" slack="0"/>
<pin id="106" dir="0" index="4" bw="16" slack="0"/>
<pin id="107" dir="0" index="5" bw="32" slack="2147483647"/>
<pin id="108" dir="0" index="6" bw="0" slack="2147483647"/>
<pin id="97" dir="1" index="3" bw="32" slack="0"/>
<pin id="109" dir="1" index="7" bw="32" slack="2147483647"/>
</pin_list>
<bind>
<opcode="load(27) store(28) " fcode="store"/>
<opset="unusableInfo_usableAtoms_data_load/2 store_ln211/3 "/>
</bind>
</comp>

<comp id="99" class="1004" name="unusableInfo_usableAtoms_data_addr_gep_fu_99">
<pin_list>
<pin id="100" dir="0" index="0" bw="32" slack="0"/>
<pin id="101" dir="0" index="1" bw="1" slack="0"/>
<pin id="102" dir="0" index="2" bw="16" slack="0"/>
<pin id="103" dir="1" index="3" bw="16" slack="0"/>
</pin_list>
<bind>
<opcode="getelementptr(29) " fcode="getelementptr"/>
<opset="unusableInfo_usableAtoms_data_addr/3 "/>
</bind>
</comp>

<comp id="111" class="1004" name="sext_ln1270_cast_fu_111">
<pin_list>
<pin id="112" dir="0" index="0" bw="15" slack="0"/>
<pin id="113" dir="1" index="1" bw="17" slack="0"/>
</pin_list>
<bind>
<opcode="zext(34) " fcode="zext"/>
<opset="sext_ln1270_cast/1 "/>
</bind>
</comp>

<comp id="115" class="1004" name="store_ln206_store_fu_115">
<pin_list>
<pin id="116" dir="0" index="0" bw="15" slack="0"/>
<pin id="117" dir="0" index="1" bw="17" slack="0"/>
<pin id="118" dir="1" index="2" bw="0" slack="2147483647"/>
</pin_list>
<bind>
<opcode="store(28) " fcode="store"/>
<opset="store_ln206/1 "/>
</bind>
</comp>

<comp id="120" class="1004" name="store_ln0_store_fu_120">
<pin_list>
<pin id="121" dir="0" index="0" bw="1" slack="0"/>
<pin id="122" dir="0" index="1" bw="32" slack="0"/>
<pin id="123" dir="1" index="2" bw="0" slack="2147483647"/>
</pin_list>
<bind>
<opcode="store(28) " fcode="store"/>
<opset="store_ln0/1 "/>
</bind>
</comp>

<comp id="125" class="1004" name="store_ln0_store_fu_125">
<pin_list>
<pin id="126" dir="0" index="0" bw="1" slack="0"/>
<pin id="127" dir="0" index="1" bw="64" slack="0"/>
<pin id="128" dir="1" index="2" bw="0" slack="2147483647"/>
</pin_list>
<bind>
<opcode="store(28) " fcode="store"/>
<opset="store_ln0/1 "/>
</bind>
</comp>

<comp id="130" class="1004" name="i_15_load_fu_130">
<pin_list>
<pin id="131" dir="0" index="0" bw="17" slack="1"/>
<pin id="132" dir="1" index="1" bw="17" slack="0"/>
</pin_list>
<bind>
<opcode="load(27) " fcode="load"/>
<opset="i_15/2 "/>
</bind>
</comp>

<comp id="133" class="1004" name="zext_ln206_fu_133">
<pin_list>
<pin id="134" dir="0" index="0" bw="17" slack="0"/>
<pin id="135" dir="1" index="1" bw="18" slack="0"/>
</pin_list>
<bind>
<opcode="zext(34) " fcode="zext"/>
<opset="zext_ln206/2 "/>
</bind>
</comp>

<comp id="137" class="1004" name="icmp_ln206_fu_137">
<pin_list>
<pin id="138" dir="0" index="0" bw="18" slack="0"/>
<pin id="139" dir="0" index="1" bw="18" slack="1"/>
<pin id="140" dir="1" index="2" bw="1" slack="2147483647"/>
</pin_list>
<bind>
<opcode="icmp(45) " fcode="icmp"/>
<opset="icmp_ln206/2 "/>
</bind>
</comp>

<comp id="142" class="1004" name="trunc_ln211_fu_142">
<pin_list>
<pin id="143" dir="0" index="0" bw="17" slack="0"/>
<pin id="144" dir="1" index="1" bw="16" slack="0"/>
</pin_list>
<bind>
<opcode="trunc(33) " fcode="trunc"/>
<opset="trunc_ln211/2 "/>
</bind>
</comp>

<comp id="146" class="1004" name="add_ln211_2_fu_146">
<pin_list>
<pin id="147" dir="0" index="0" bw="16" slack="1"/>
<pin id="148" dir="0" index="1" bw="16" slack="0"/>
<pin id="149" dir="1" index="2" bw="16" slack="1"/>
</pin_list>
<bind>
<opcode="add(8) " fcode="add"/>
<opset="add_ln211_2/2 "/>
</bind>
</comp>

<comp id="151" class="1004" name="add_ln211_fu_151">
<pin_list>
<pin id="152" dir="0" index="0" bw="16" slack="1"/>
<pin id="153" dir="0" index="1" bw="16" slack="1"/>
<pin id="154" dir="1" index="2" bw="16" slack="0"/>
</pin_list>
<bind>
<opcode="add(8) " fcode="add"/>
<opset="add_ln211/2 "/>
</bind>
</comp>

<comp id="155" class="1004" name="add_ln211_3_fu_155">
<pin_list>
<pin id="156" dir="0" index="0" bw="16" slack="0"/>
<pin id="157" dir="0" index="1" bw="16" slack="0"/>
<pin id="158" dir="1" index="2" bw="16" slack="0"/>
</pin_list>
<bind>
<opcode="add(8) " fcode="add"/>
<opset="add_ln211_3/2 "/>
</bind>
</comp>

<comp id="161" class="1004" name="zext_ln211_2_fu_161">
<pin_list>
<pin id="162" dir="0" index="0" bw="16" slack="0"/>
<pin id="163" dir="1" index="1" bw="64" slack="0"/>
</pin_list>
<bind>
<opcode="zext(34) " fcode="zext"/>
<opset="zext_ln211_2/2 "/>
</bind>
</comp>

<comp id="166" class="1004" name="reuse_addr_reg_load_load_fu_166">
<pin_list>
<pin id="167" dir="0" index="0" bw="64" slack="1"/>
<pin id="168" dir="1" index="1" bw="64" slack="0"/>
</pin_list>
<bind>
<opcode="load(27) " fcode="load"/>
<opset="reuse_addr_reg_load/2 "/>
</bind>
</comp>

<comp id="169" class="1004" name="addr_cmp_fu_169">
<pin_list>
<pin id="170" dir="0" index="0" bw="64" slack="0"/>
<pin id="171" dir="0" index="1" bw="64" slack="0"/>
<pin id="172" dir="1" index="2" bw="1" slack="1"/>
</pin_list>
<bind>
<opcode="icmp(45) " fcode="icmp"/>
<opset="addr_cmp/2 "/>
</bind>
</comp>

<comp id="175" class="1004" name="i_16_fu_175">
<pin_list>
<pin id="176" dir="0" index="0" bw="17" slack="0"/>
<pin id="177" dir="0" index="1" bw="1" slack="0"/>
<pin id="178" dir="1" index="2" bw="17" slack="0"/>
</pin_list>
<bind>
<opcode="add(8) " fcode="add"/>
<opset="i_16/2 "/>
</bind>
</comp>

<comp id="181" class="1004" name="store_ln206_store_fu_181">
<pin_list>
<pin id="182" dir="0" index="0" bw="17" slack="0"/>
<pin id="183" dir="0" index="1" bw="17" slack="1"/>
<pin id="184" dir="1" index="2" bw="0" slack="2147483647"/>
</pin_list>
<bind>
<opcode="store(28) " fcode="store"/>
<opset="store_ln206/2 "/>
</bind>
</comp>

<comp id="186" class="1004" name="zext_ln211_fu_186">
<pin_list>
<pin id="187" dir="0" index="0" bw="16" slack="1"/>
<pin id="188" dir="1" index="1" bw="64" slack="0"/>
</pin_list>
<bind>
<opcode="zext(34) " fcode="zext"/>
<opset="zext_ln211/3 "/>
</bind>
</comp>

<comp id="190" class="1004" name="reuse_reg_load_load_fu_190">
<pin_list>
<pin id="191" dir="0" index="0" bw="32" slack="2"/>
<pin id="192" dir="1" index="1" bw="32" slack="0"/>
</pin_list>
<bind>
<opcode="load(27) " fcode="load"/>
<opset="reuse_reg_load/3 "/>
</bind>
</comp>

<comp id="193" class="1004" name="reuse_select_fu_193">
<pin_list>
<pin id="194" dir="0" index="0" bw="1" slack="1"/>
<pin id="195" dir="0" index="1" bw="32" slack="0"/>
<pin id="196" dir="0" index="2" bw="32" slack="0"/>
<pin id="197" dir="1" index="3" bw="32" slack="0"/>
</pin_list>
<bind>
<opcode="select(49) " fcode="select"/>
<opset="reuse_select/3 "/>
</bind>
</comp>

<comp id="201" class="1004" name="store_ln211_store_fu_201">
<pin_list>
<pin id="202" dir="0" index="0" bw="32" slack="0"/>
<pin id="203" dir="0" index="1" bw="32" slack="2"/>
<pin id="204" dir="1" index="2" bw="0" slack="2147483647"/>
</pin_list>
<bind>
<opcode="store(28) " fcode="store"/>
<opset="store_ln211/3 "/>
</bind>
</comp>

<comp id="206" class="1004" name="store_ln211_store_fu_206">
<pin_list>
<pin id="207" dir="0" index="0" bw="16" slack="0"/>
<pin id="208" dir="0" index="1" bw="64" slack="2"/>
<pin id="209" dir="1" index="2" bw="0" slack="2147483647"/>
</pin_list>
<bind>
<opcode="store(28) " fcode="store"/>
<opset="store_ln211/3 "/>
</bind>
</comp>

<comp id="211" class="1005" name="reuse_addr_reg_reg_211">
<pin_list>
<pin id="212" dir="0" index="0" bw="64" slack="0"/>
<pin id="213" dir="1" index="1" bw="64" slack="0"/>
</pin_list>
<bind>
<opset="reuse_addr_reg "/>
</bind>
</comp>

<comp id="218" class="1005" name="reuse_reg_reg_218">
<pin_list>
<pin id="219" dir="0" index="0" bw="32" slack="0"/>
<pin id="220" dir="1" index="1" bw="32" slack="0"/>
</pin_list>
<bind>
<opset="reuse_reg "/>
</bind>
</comp>

<comp id="225" class="1005" name="i_reg_225">
<pin_list>
<pin id="226" dir="0" index="0" bw="17" slack="0"/>
<pin id="227" dir="1" index="1" bw="17" slack="0"/>
</pin_list>
<bind>
<opset="i "/>
</bind>
</comp>

<comp id="232" class="1005" name="tmp_reg_232">
<pin_list>
<pin id="233" dir="0" index="0" bw="16" slack="1"/>
<pin id="234" dir="1" index="1" bw="16" slack="1"/>
</pin_list>
<bind>
<opset="tmp "/>
</bind>
</comp>

<comp id="237" class="1005" name="zext_ln620_1_read_reg_237">
<pin_list>
<pin id="238" dir="0" index="0" bw="16" slack="1"/>
<pin id="239" dir="1" index="1" bw="16" slack="1"/>
</pin_list>
<bind>
<opset="zext_ln620_1_read "/>
</bind>
</comp>

<comp id="243" class="1005" name="shift_end_read_reg_243">
<pin_list>
<pin id="244" dir="0" index="0" bw="18" slack="1"/>
<pin id="245" dir="1" index="1" bw="18" slack="1"/>
</pin_list>
<bind>
<opset="shift_end_read "/>
</bind>
</comp>

<comp id="251" class="1005" name="add_ln211_2_reg_251">
<pin_list>
<pin id="252" dir="0" index="0" bw="16" slack="1"/>
<pin id="253" dir="1" index="1" bw="16" slack="1"/>
</pin_list>
<bind>
<opset="add_ln211_2 "/>
</bind>
</comp>

<comp id="256" class="1005" name="unusableInfo_usableAtoms_data_addr_2_reg_256">
<pin_list>
<pin id="257" dir="0" index="0" bw="16" slack="1"/>
<pin id="258" dir="1" index="1" bw="16" slack="1"/>
</pin_list>
<bind>
<opset="unusableInfo_usableAtoms_data_addr_2 "/>
</bind>
</comp>

<comp id="261" class="1005" name="addr_cmp_reg_261">
<pin_list>
<pin id="262" dir="0" index="0" bw="1" slack="1"/>
<pin id="263" dir="1" index="1" bw="1" slack="1"/>
</pin_list>
<bind>
<opset="addr_cmp "/>
</bind>
</comp>

</comp_list>

<net_list>
<net id="53"><net_src comp="10" pin="0"/><net_sink comp="50" pin=0"/></net>

<net id="57"><net_src comp="10" pin="0"/><net_sink comp="54" pin=0"/></net>

<net id="61"><net_src comp="10" pin="0"/><net_sink comp="58" pin=0"/></net>

<net id="66"><net_src comp="12" pin="0"/><net_sink comp="62" pin=0"/></net>

<net id="67"><net_src comp="8" pin="0"/><net_sink comp="62" pin=1"/></net>

<net id="72"><net_src comp="12" pin="0"/><net_sink comp="68" pin=0"/></net>

<net id="73"><net_src comp="4" pin="0"/><net_sink comp="68" pin=1"/></net>

<net id="78"><net_src comp="14" pin="0"/><net_sink comp="74" pin=0"/></net>

<net id="79"><net_src comp="2" pin="0"/><net_sink comp="74" pin=1"/></net>

<net id="84"><net_src comp="16" pin="0"/><net_sink comp="80" pin=0"/></net>

<net id="85"><net_src comp="0" pin="0"/><net_sink comp="80" pin=1"/></net>

<net id="91"><net_src comp="6" pin="0"/><net_sink comp="86" pin=0"/></net>

<net id="92"><net_src comp="28" pin="0"/><net_sink comp="86" pin=1"/></net>

<net id="98"><net_src comp="86" pin="3"/><net_sink comp="93" pin=0"/></net>

<net id="104"><net_src comp="6" pin="0"/><net_sink comp="99" pin=0"/></net>

<net id="105"><net_src comp="28" pin="0"/><net_sink comp="99" pin=1"/></net>

<net id="110"><net_src comp="99" pin="3"/><net_sink comp="93" pin=2"/></net>

<net id="114"><net_src comp="80" pin="2"/><net_sink comp="111" pin=0"/></net>

<net id="119"><net_src comp="111" pin="1"/><net_sink comp="115" pin=0"/></net>

<net id="124"><net_src comp="26" pin="0"/><net_sink comp="120" pin=0"/></net>

<net id="129"><net_src comp="24" pin="0"/><net_sink comp="125" pin=0"/></net>

<net id="136"><net_src comp="130" pin="1"/><net_sink comp="133" pin=0"/></net>

<net id="141"><net_src comp="133" pin="1"/><net_sink comp="137" pin=0"/></net>

<net id="145"><net_src comp="130" pin="1"/><net_sink comp="142" pin=0"/></net>

<net id="150"><net_src comp="142" pin="1"/><net_sink comp="146" pin=1"/></net>

<net id="159"><net_src comp="151" pin="2"/><net_sink comp="155" pin=0"/></net>

<net id="160"><net_src comp="142" pin="1"/><net_sink comp="155" pin=1"/></net>

<net id="164"><net_src comp="155" pin="2"/><net_sink comp="161" pin=0"/></net>

<net id="165"><net_src comp="161" pin="1"/><net_sink comp="86" pin=2"/></net>

<net id="173"><net_src comp="166" pin="1"/><net_sink comp="169" pin=0"/></net>

<net id="174"><net_src comp="161" pin="1"/><net_sink comp="169" pin=1"/></net>

<net id="179"><net_src comp="130" pin="1"/><net_sink comp="175" pin=0"/></net>

<net id="180"><net_src comp="30" pin="0"/><net_sink comp="175" pin=1"/></net>

<net id="185"><net_src comp="175" pin="2"/><net_sink comp="181" pin=0"/></net>

<net id="189"><net_src comp="186" pin="1"/><net_sink comp="99" pin=2"/></net>

<net id="198"><net_src comp="190" pin="1"/><net_sink comp="193" pin=1"/></net>

<net id="199"><net_src comp="93" pin="3"/><net_sink comp="193" pin=2"/></net>

<net id="200"><net_src comp="193" pin="3"/><net_sink comp="93" pin=4"/></net>

<net id="205"><net_src comp="193" pin="3"/><net_sink comp="201" pin=0"/></net>

<net id="210"><net_src comp="186" pin="1"/><net_sink comp="206" pin=0"/></net>

<net id="214"><net_src comp="50" pin="1"/><net_sink comp="211" pin=0"/></net>

<net id="215"><net_src comp="211" pin="1"/><net_sink comp="125" pin=1"/></net>

<net id="216"><net_src comp="211" pin="1"/><net_sink comp="166" pin=0"/></net>

<net id="217"><net_src comp="211" pin="1"/><net_sink comp="206" pin=1"/></net>

<net id="221"><net_src comp="54" pin="1"/><net_sink comp="218" pin=0"/></net>

<net id="222"><net_src comp="218" pin="1"/><net_sink comp="120" pin=1"/></net>

<net id="223"><net_src comp="218" pin="1"/><net_sink comp="190" pin=0"/></net>

<net id="224"><net_src comp="218" pin="1"/><net_sink comp="201" pin=1"/></net>

<net id="228"><net_src comp="58" pin="1"/><net_sink comp="225" pin=0"/></net>

<net id="229"><net_src comp="225" pin="1"/><net_sink comp="115" pin=1"/></net>

<net id="230"><net_src comp="225" pin="1"/><net_sink comp="130" pin=0"/></net>

<net id="231"><net_src comp="225" pin="1"/><net_sink comp="181" pin=1"/></net>

<net id="235"><net_src comp="62" pin="2"/><net_sink comp="232" pin=0"/></net>

<net id="236"><net_src comp="232" pin="1"/><net_sink comp="151" pin=1"/></net>

<net id="240"><net_src comp="68" pin="2"/><net_sink comp="237" pin=0"/></net>

<net id="241"><net_src comp="237" pin="1"/><net_sink comp="146" pin=0"/></net>

<net id="242"><net_src comp="237" pin="1"/><net_sink comp="151" pin=0"/></net>

<net id="246"><net_src comp="74" pin="2"/><net_sink comp="243" pin=0"/></net>

<net id="247"><net_src comp="243" pin="1"/><net_sink comp="137" pin=1"/></net>

<net id="254"><net_src comp="146" pin="2"/><net_sink comp="251" pin=0"/></net>

<net id="255"><net_src comp="251" pin="1"/><net_sink comp="186" pin=0"/></net>

<net id="259"><net_src comp="86" pin="3"/><net_sink comp="256" pin=0"/></net>

<net id="260"><net_src comp="256" pin="1"/><net_sink comp="93" pin=0"/></net>

<net id="264"><net_src comp="169" pin="2"/><net_sink comp="261" pin=0"/></net>

<net id="265"><net_src comp="261" pin="1"/><net_sink comp="193" pin=0"/></net>

</net_list>

</model> 
---------------- Datapath Model END ------------------

* FSMD analyzer results:
  - Output states:
	Port: unusableInfo_usableAtoms_data | {3 }
 - Input state : 
	Port: sortRemainingRowsOrCols<HLSMoveStream>_Pipeline_VITIS_LOOP_206_1 : sext_ln1270 | {1 }
	Port: sortRemainingRowsOrCols<HLSMoveStream>_Pipeline_VITIS_LOOP_206_1 : shift_end | {1 }
	Port: sortRemainingRowsOrCols<HLSMoveStream>_Pipeline_VITIS_LOOP_206_1 : zext_ln620_1 | {1 }
	Port: sortRemainingRowsOrCols<HLSMoveStream>_Pipeline_VITIS_LOOP_206_1 : unusableInfo_usableAtoms_data | {2 3 }
	Port: sortRemainingRowsOrCols<HLSMoveStream>_Pipeline_VITIS_LOOP_206_1 : empty | {1 }
  - Chain level:
	State 1
		store_ln206 : 1
		store_ln0 : 1
		store_ln0 : 1
	State 2
		zext_ln206 : 1
		icmp_ln206 : 2
		br_ln206 : 3
		trunc_ln211 : 1
		add_ln211_2 : 2
		add_ln211_3 : 2
		zext_ln211_2 : 3
		unusableInfo_usableAtoms_data_addr_2 : 4
		unusableInfo_usableAtoms_data_load : 5
		addr_cmp : 4
		i_16 : 1
		store_ln206 : 2
	State 3
		unusableInfo_usableAtoms_data_addr : 1
		reuse_select : 1
		store_ln211 : 2
		store_ln211 : 2
		store_ln211 : 1


============================================================
+ Verbose Summary: Datapath Resource usage 
============================================================

* Functional unit list:
|----------|------------------------------|---------|---------|
| Operation|        Functional Unit       |    FF   |   LUT   |
|----------|------------------------------|---------|---------|
|   icmp   |       icmp_ln206_fu_137      |    0    |    25   |
|          |        addr_cmp_fu_169       |    0    |    71   |
|----------|------------------------------|---------|---------|
|          |      add_ln211_2_fu_146      |    0    |    23   |
|    add   |       add_ln211_fu_151       |    0    |    16   |
|          |      add_ln211_3_fu_155      |    0    |    16   |
|          |          i_16_fu_175         |    0    |    24   |
|----------|------------------------------|---------|---------|
|  select  |      reuse_select_fu_193     |    0    |    32   |
|----------|------------------------------|---------|---------|
|          |        tmp_read_fu_62        |    0    |    0    |
|   read   | zext_ln620_1_read_read_fu_68 |    0    |    0    |
|          |   shift_end_read_read_fu_74  |    0    |    0    |
|          |  sext_ln1270_read_read_fu_80 |    0    |    0    |
|----------|------------------------------|---------|---------|
|          |    sext_ln1270_cast_fu_111   |    0    |    0    |
|   zext   |       zext_ln206_fu_133      |    0    |    0    |
|          |      zext_ln211_2_fu_161     |    0    |    0    |
|          |       zext_ln211_fu_186      |    0    |    0    |
|----------|------------------------------|---------|---------|
|   trunc  |      trunc_ln211_fu_142      |    0    |    0    |
|----------|------------------------------|---------|---------|
|   Total  |                              |    0    |   207   |
|----------|------------------------------|---------|---------|

Memories:
N/A

* Register list:
+--------------------------------------------+--------+
|                                            |   FF   |
+--------------------------------------------+--------+
|             add_ln211_2_reg_251            |   16   |
|              addr_cmp_reg_261              |    1   |
|                  i_reg_225                 |   17   |
|           reuse_addr_reg_reg_211           |   64   |
|              reuse_reg_reg_218             |   32   |
|           shift_end_read_reg_243           |   18   |
|                 tmp_reg_232                |   16   |
|unusableInfo_usableAtoms_data_addr_2_reg_256|   16   |
|          zext_ln620_1_read_reg_237         |   16   |
+--------------------------------------------+--------+
|                    Total                   |   196  |
+--------------------------------------------+--------+

* Multiplexer (MUX) list: 
|------------------|------|------|------|--------||---------||---------||---------|
|       Comp       |  Pin | Size |  BW  | S x BW ||  Delay  ||    FF   ||   LUT   |
|------------------|------|------|------|--------||---------||---------||---------|
| grp_access_fu_93 |  p0  |   2  |  16  |   32   ||    0    ||    9    |
|------------------|------|------|------|--------||---------||---------||---------|
|       Total      |      |      |      |   32   ||  0.427  ||    0    ||    9    |
|------------------|------|------|------|--------||---------||---------||---------|



* Summary:
+-----------+--------+--------+--------+
|           |  Delay |   FF   |   LUT  |
+-----------+--------+--------+--------+
|  Function |    -   |    0   |   207  |
|   Memory  |    -   |    -   |    -   |
|Multiplexer|    0   |    0   |    9   |
|  Register |    -   |   196  |    -   |
+-----------+--------+--------+--------+
|   Total   |    0   |   196  |   216  |
+-----------+--------+--------+--------+
