

================================================================
== Vitis HLS Report for 'sortRemainingRowsOrCols_HLSMoveStream_Pipeline_VITIS_LOOP_1213_43'
================================================================
* Date:           Thu Mar 26 11:03:34 2026

* Version:        2024.2 (Build 5238294 on Nov  8 2024)
* Project:        atomflow_controller_2024_2
* Solution:       hls (Vivado IP Flow Target)
* Product family: zynquplusRFSOC
* Target device:  xczu49dr-ffvf1760-2-e


================================================================
== Performance Estimates
================================================================
+ Timing: 
    * Summary: 
    +--------+----------+----------+------------+
    |  Clock |  Target  | Estimated| Uncertainty|
    +--------+----------+----------+------------+
    |ap_clk  |  10.00 ns|  1.643 ns|     2.70 ns|
    +--------+----------+----------+------------+

+ Latency: 
    * Summary: 
    +---------+---------+-----------+----------+-----+-----+------------------------------------------------+
    |  Latency (cycles) |  Latency (absolute)  |  Interval |                    Pipeline                    |
    |   min   |   max   |    min    |    max   | min | max |                      Type                      |
    +---------+---------+-----------+----------+-----+-----+------------------------------------------------+
    |        3|       18|  30.000 ns|  0.180 us|    2|   17|  loop auto-rewind stp (delay=0 clock cycles(s))|
    +---------+---------+-----------+----------+-----+-----+------------------------------------------------+

    + Detail: 
        * Instance: 
        N/A

        * Loop: 
        +----------------------+---------+---------+----------+-----------+-----------+--------+----------+
        |                      |  Latency (cycles) | Iteration|  Initiation Interval  |  Trip  |          |
        |       Loop Name      |   min   |   max   |  Latency |  achieved |   target  |  Count | Pipelined|
        +----------------------+---------+---------+----------+-----------+-----------+--------+----------+
        |- VITIS_LOOP_1213_43  |        1|       16|         2|          1|          1|  1 ~ 16|       yes|
        +----------------------+---------+---------+----------+-----------+-----------+--------+----------+



================================================================
== Utilization Estimates
================================================================
* Summary: 
+-----------------+---------+------+--------+--------+-----+
|       Name      | BRAM_18K|  DSP |   FF   |   LUT  | URAM|
+-----------------+---------+------+--------+--------+-----+
|DSP              |        -|     -|       -|       -|    -|
|Expression       |        -|     -|       0|      26|    -|
|FIFO             |        -|     -|       -|       -|    -|
|Instance         |        -|     -|       -|       -|    -|
|Memory           |        -|     -|       -|       -|    -|
|Multiplexer      |        -|     -|       0|      36|    -|
|Register         |        -|     -|      13|       -|    -|
+-----------------+---------+------+--------+--------+-----+
|Total            |        0|     0|      13|      62|    0|
+-----------------+---------+------+--------+--------+-----+
|Available        |     2160|  4272|  850560|  425280|   80|
+-----------------+---------+------+--------+--------+-----+
|Utilization (%)  |        0|     0|      ~0|      ~0|    0|
+-----------------+---------+------+--------+--------+-----+

+ Detail: 
    * Instance: 
    N/A

    * DSP: 
    N/A

    * Memory: 
    N/A

    * FIFO: 
    N/A

    * Expression: 
    +----------------------+----------+----+---+----+------------+------------+
    |     Variable Name    | Operation| DSP| FF| LUT| Bitwidth P0| Bitwidth P1|
    +----------------------+----------+----+---+----+------------+------------+
    |i_26_fu_85_p2         |         +|   0|  0|  12|           5|           1|
    |icmp_ln1213_fu_79_p2  |      icmp|   0|  0|  12|           5|           5|
    |ap_enable_pp0         |       xor|   0|  0|   2|           1|           2|
    +----------------------+----------+----+---+----+------------+------------+
    |Total                 |          |   0|  0|  26|          11|           8|
    +----------------------+----------+----+---+----+------------+------------+

    * Multiplexer: 
    +-------------------------------------------+----+-----------+-----+-----------+
    |                    Name                   | LUT| Input Size| Bits| Total Bits|
    +-------------------------------------------+----+-----------+-----+-----------+
    |ap_done_int                                |   9|          2|    1|          2|
    |ap_enable_reg_pp0_iter1                    |   9|          2|    1|          2|
    |ap_sig_allocacmp_elbow1_colSelectionCount  |   9|          2|    5|         10|
    |i_fu_34                                    |   9|          2|    5|         10|
    +-------------------------------------------+----+-----------+-----+-----------+
    |Total                                      |  36|          8|   12|         24|
    +-------------------------------------------+----+-----------+-----+-----------+

    * Register: 
    +-------------------------+---+----+-----+-----------+
    |           Name          | FF| LUT| Bits| Const Bits|
    +-------------------------+---+----+-----+-----------+
    |ap_CS_fsm                |  1|   0|    1|          0|
    |ap_done_reg              |  1|   0|    1|          0|
    |ap_enable_reg_pp0_iter1  |  1|   0|    1|          0|
    |i_fu_34                  |  5|   0|    5|          0|
    |zext_ln1213_reg_111      |  5|   0|   64|         59|
    +-------------------------+---+----+-----+-----------+
    |Total                    | 13|   0|   72|         59|
    +-------------------------+---+----+-----+-----------+



================================================================
== Interface
================================================================
* Summary: 
+-------------------------------+-----+-----+------------+--------------------------------------------------------------------+--------------+
|           RTL Ports           | Dir | Bits|  Protocol  |                            Source Object                           |    C Type    |
+-------------------------------+-----+-----+------------+--------------------------------------------------------------------+--------------+
|ap_clk                         |   in|    1|  ap_ctrl_hs|  sortRemainingRowsOrCols<HLSMoveStream>_Pipeline_VITIS_LOOP_1213_43|  return value|
|ap_rst                         |   in|    1|  ap_ctrl_hs|  sortRemainingRowsOrCols<HLSMoveStream>_Pipeline_VITIS_LOOP_1213_43|  return value|
|ap_start                       |   in|    1|  ap_ctrl_hs|  sortRemainingRowsOrCols<HLSMoveStream>_Pipeline_VITIS_LOOP_1213_43|  return value|
|ap_done                        |  out|    1|  ap_ctrl_hs|  sortRemainingRowsOrCols<HLSMoveStream>_Pipeline_VITIS_LOOP_1213_43|  return value|
|ap_idle                        |  out|    1|  ap_ctrl_hs|  sortRemainingRowsOrCols<HLSMoveStream>_Pipeline_VITIS_LOOP_1213_43|  return value|
|ap_ready                       |  out|    1|  ap_ctrl_hs|  sortRemainingRowsOrCols<HLSMoveStream>_Pipeline_VITIS_LOOP_1213_43|  return value|
|iter_1_reload                  |   in|    5|     ap_none|                                                       iter_1_reload|        scalar|
|start_colSelection_2_address0  |  out|    4|   ap_memory|                                                start_colSelection_2|         array|
|start_colSelection_2_ce0       |  out|    1|   ap_memory|                                                start_colSelection_2|         array|
|start_colSelection_2_q0        |   in|   16|   ap_memory|                                                start_colSelection_2|         array|
|elbow1_colSelection_address0   |  out|    4|   ap_memory|                                                 elbow1_colSelection|         array|
|elbow1_colSelection_ce0        |  out|    1|   ap_memory|                                                 elbow1_colSelection|         array|
|elbow1_colSelection_we0        |  out|    1|   ap_memory|                                                 elbow1_colSelection|         array|
|elbow1_colSelection_d0         |  out|   16|   ap_memory|                                                 elbow1_colSelection|         array|
+-------------------------------+-----+-----+------------+--------------------------------------------------------------------+--------------+

============================================================
+ Verbose Summary: Synthesis Manager
============================================================
InlineROM: 1
ExposeGlobal: 0
============================================================
+ Verbose Summary: CDFG Model
============================================================
IsTopModel: 0
ResetActiveHigh: 1
IsCombinational: 2
IsDatapathOnly: 2
HasWiredReturn: 1
HasMFsm: 2
HasVarLatency: 1
IsPipeline: 0
IsRtlPipelined: 0
IsInstanceOverlapped: 0
IsDontTouch: 0
HasImplIP: 0
IsGatedGlobalClock: 0

+ Individual pipeline summary: 
  * Pipeline-0: initiation interval (II) = 1, depth = 2


============================================================
+ Verbose Summary: Schedule
============================================================
* Number of FSM states : 2
* Pipeline : 1
  Pipeline-0 : II = 1, D = 2, States = { 1 2 }
* Dataflow Pipeline: 0

* FSM state transitions: 
1 --> 2 
2 --> 

* FSM state operations: 

State 1 <SV = 0> <Delay = 1.64>
ST_1 : Operation 5 [1/1] (0.00ns)   --->   "%i = alloca i32 1" [/home/xiaorang/Documents/ATOMFLOW/sorting-organized-main/src/sortLatticeByRow.cpp:1213->/home/xiaorang/Documents/ATOMFLOW/sorting-organized-main/src/sortLatticeByRow.cpp:1833]   --->   Operation 5 'alloca' 'i' <Predicate = true> <Delay = 0.00>
ST_1 : Operation 6 [1/1] (0.00ns)   --->   "%iter_1_reload_read = read i5 @_ssdm_op_Read.ap_auto.i5, i5 %iter_1_reload"   --->   Operation 6 'read' 'iter_1_reload_read' <Predicate = true> <Delay = 0.00>
ST_1 : Operation 7 [1/1] (0.42ns)   --->   "%store_ln1213 = store i5 0, i5 %i" [/home/xiaorang/Documents/ATOMFLOW/sorting-organized-main/src/sortLatticeByRow.cpp:1213->/home/xiaorang/Documents/ATOMFLOW/sorting-organized-main/src/sortLatticeByRow.cpp:1833]   --->   Operation 7 'store' 'store_ln1213' <Predicate = true> <Delay = 0.42>
ST_1 : Operation 8 [1/1] (0.00ns)   --->   "%br_ln0 = br void %for.inc1282.i"   --->   Operation 8 'br' 'br_ln0' <Predicate = true> <Delay = 0.00>
ST_1 : Operation 9 [1/1] (0.00ns)   --->   "%elbow1_colSelectionCount = load i5 %i" [/home/xiaorang/Documents/ATOMFLOW/sorting-organized-main/src/sortLatticeByRow.cpp:1218->/home/xiaorang/Documents/ATOMFLOW/sorting-organized-main/src/sortLatticeByRow.cpp:1833]   --->   Operation 9 'load' 'elbow1_colSelectionCount' <Predicate = true> <Delay = 0.00>
ST_1 : Operation 10 [1/1] (0.78ns)   --->   "%icmp_ln1213 = icmp_eq  i5 %elbow1_colSelectionCount, i5 %iter_1_reload_read" [/home/xiaorang/Documents/ATOMFLOW/sorting-organized-main/src/sortLatticeByRow.cpp:1213->/home/xiaorang/Documents/ATOMFLOW/sorting-organized-main/src/sortLatticeByRow.cpp:1833]   --->   Operation 10 'icmp' 'icmp_ln1213' <Predicate = true> <Delay = 0.78> <CoreInst = "Cmp">   --->   Core 9 'Cmp' <Latency = 0> <II = 1> <Delay = 0.78> <FuncUnit> <Opcode : 'seteq' 'setne' 'setle' 'setge' 'setlt' 'setgt'> <InPorts = 2> <OutPorts = 1>
ST_1 : Operation 11 [1/1] (0.78ns)   --->   "%i_26 = add i5 %elbow1_colSelectionCount, i5 1" [/home/xiaorang/Documents/ATOMFLOW/sorting-organized-main/src/sortLatticeByRow.cpp:1218->/home/xiaorang/Documents/ATOMFLOW/sorting-organized-main/src/sortLatticeByRow.cpp:1833]   --->   Operation 11 'add' 'i_26' <Predicate = true> <Delay = 0.78> <CoreInst = "Adder">   --->   Core 1 'Adder' <Latency = 0> <II = 1> <Delay = 0.78> <FuncUnit> <Opcode : 'add' 'sub'> <InPorts = 2> <OutPorts = 1>
ST_1 : Operation 12 [1/1] (0.00ns)   --->   "%br_ln1213 = br i1 %icmp_ln1213, void %for.inc1282.i.split, void %for.inc1300.i.preheader.exitStub" [/home/xiaorang/Documents/ATOMFLOW/sorting-organized-main/src/sortLatticeByRow.cpp:1213->/home/xiaorang/Documents/ATOMFLOW/sorting-organized-main/src/sortLatticeByRow.cpp:1833]   --->   Operation 12 'br' 'br_ln1213' <Predicate = true> <Delay = 0.00>
ST_1 : Operation 13 [1/1] (0.00ns)   --->   "%zext_ln1213 = zext i5 %elbow1_colSelectionCount" [/home/xiaorang/Documents/ATOMFLOW/sorting-organized-main/src/sortLatticeByRow.cpp:1213->/home/xiaorang/Documents/ATOMFLOW/sorting-organized-main/src/sortLatticeByRow.cpp:1833]   --->   Operation 13 'zext' 'zext_ln1213' <Predicate = (!icmp_ln1213)> <Delay = 0.00>
ST_1 : Operation 14 [1/1] (0.00ns)   --->   "%start_colSelection_2_addr = getelementptr i16 %start_colSelection_2, i64 0, i64 %zext_ln1213" [/home/xiaorang/Documents/ATOMFLOW/sorting-organized-main/src/sortLatticeByRow.cpp:1218->/home/xiaorang/Documents/ATOMFLOW/sorting-organized-main/src/sortLatticeByRow.cpp:1833]   --->   Operation 14 'getelementptr' 'start_colSelection_2_addr' <Predicate = (!icmp_ln1213)> <Delay = 0.00>
ST_1 : Operation 15 [2/2] (0.67ns)   --->   "%start_colSelection_2_load = load i4 %start_colSelection_2_addr" [/home/xiaorang/Documents/ATOMFLOW/sorting-organized-main/src/sortLatticeByRow.cpp:1218->/home/xiaorang/Documents/ATOMFLOW/sorting-organized-main/src/sortLatticeByRow.cpp:1833]   --->   Operation 15 'load' 'start_colSelection_2_load' <Predicate = (!icmp_ln1213)> <Delay = 0.67> <CoreInst = "RAM">   --->   Core 82 'RAM' <Latency = 1> <II = 1> <Delay = 0.67> <Storage> <Opcode : 'load' 'store'> <Ports = 2> <Width = 16> <Depth = 16> <RAM>
ST_1 : Operation 16 [1/1] (0.42ns)   --->   "%store_ln1213 = store i5 %i_26, i5 %i" [/home/xiaorang/Documents/ATOMFLOW/sorting-organized-main/src/sortLatticeByRow.cpp:1213->/home/xiaorang/Documents/ATOMFLOW/sorting-organized-main/src/sortLatticeByRow.cpp:1833]   --->   Operation 16 'store' 'store_ln1213' <Predicate = (!icmp_ln1213)> <Delay = 0.42>
ST_1 : Operation 24 [1/1] (0.42ns)   --->   "%ret_ln0 = ret"   --->   Operation 24 'ret' 'ret_ln0' <Predicate = (icmp_ln1213)> <Delay = 0.42>

State 2 <SV = 1> <Delay = 1.35>
ST_2 : Operation 17 [1/1] (0.00ns)   --->   "%specpipeline_ln1215 = specpipeline void @_ssdm_op_SpecPipeline, i32 1, i32 0, i32 0, i32 0, void @empty_18" [/home/xiaorang/Documents/ATOMFLOW/sorting-organized-main/src/sortLatticeByRow.cpp:1215->/home/xiaorang/Documents/ATOMFLOW/sorting-organized-main/src/sortLatticeByRow.cpp:1833]   --->   Operation 17 'specpipeline' 'specpipeline_ln1215' <Predicate = true> <Delay = 0.00>
ST_2 : Operation 18 [1/1] (0.00ns)   --->   "%speclooptripcount_ln1216 = speclooptripcount void @_ssdm_op_SpecLoopTripCount, i64 1, i64 16, i64 8" [/home/xiaorang/Documents/ATOMFLOW/sorting-organized-main/src/sortLatticeByRow.cpp:1216->/home/xiaorang/Documents/ATOMFLOW/sorting-organized-main/src/sortLatticeByRow.cpp:1833]   --->   Operation 18 'speclooptripcount' 'speclooptripcount_ln1216' <Predicate = true> <Delay = 0.00>
ST_2 : Operation 19 [1/1] (0.00ns)   --->   "%specloopname_ln1213 = specloopname void @_ssdm_op_SpecLoopName, void @empty_76" [/home/xiaorang/Documents/ATOMFLOW/sorting-organized-main/src/sortLatticeByRow.cpp:1213->/home/xiaorang/Documents/ATOMFLOW/sorting-organized-main/src/sortLatticeByRow.cpp:1833]   --->   Operation 19 'specloopname' 'specloopname_ln1213' <Predicate = true> <Delay = 0.00>
ST_2 : Operation 20 [1/2] ( I:0.67ns O:0.67ns )   --->   "%start_colSelection_2_load = load i4 %start_colSelection_2_addr" [/home/xiaorang/Documents/ATOMFLOW/sorting-organized-main/src/sortLatticeByRow.cpp:1218->/home/xiaorang/Documents/ATOMFLOW/sorting-organized-main/src/sortLatticeByRow.cpp:1833]   --->   Operation 20 'load' 'start_colSelection_2_load' <Predicate = true> <Delay = 0.67> <CoreInst = "RAM">   --->   Core 82 'RAM' <Latency = 1> <II = 1> <Delay = 0.67> <Storage> <Opcode : 'load' 'store'> <Ports = 2> <Width = 16> <Depth = 16> <RAM>
ST_2 : Operation 21 [1/1] (0.00ns)   --->   "%elbow1_colSelection_addr = getelementptr i16 %elbow1_colSelection, i64 0, i64 %zext_ln1213" [/home/xiaorang/Documents/ATOMFLOW/sorting-organized-main/src/sortLatticeByRow.cpp:1218->/home/xiaorang/Documents/ATOMFLOW/sorting-organized-main/src/sortLatticeByRow.cpp:1833]   --->   Operation 21 'getelementptr' 'elbow1_colSelection_addr' <Predicate = true> <Delay = 0.00>
ST_2 : Operation 22 [1/1] ( I:0.67ns O:0.67ns )   --->   "%store_ln1218 = store i16 %start_colSelection_2_load, i4 %elbow1_colSelection_addr" [/home/xiaorang/Documents/ATOMFLOW/sorting-organized-main/src/sortLatticeByRow.cpp:1218->/home/xiaorang/Documents/ATOMFLOW/sorting-organized-main/src/sortLatticeByRow.cpp:1833]   --->   Operation 22 'store' 'store_ln1218' <Predicate = true> <Delay = 0.67> <CoreInst = "RAM">   --->   Core 82 'RAM' <Latency = 1> <II = 1> <Delay = 0.67> <Storage> <Opcode : 'load' 'store'> <Ports = 2> <Width = 16> <Depth = 16> <RAM>
ST_2 : Operation 23 [1/1] (0.00ns)   --->   "%br_ln1213 = br void %for.inc1282.i" [/home/xiaorang/Documents/ATOMFLOW/sorting-organized-main/src/sortLatticeByRow.cpp:1213->/home/xiaorang/Documents/ATOMFLOW/sorting-organized-main/src/sortLatticeByRow.cpp:1833]   --->   Operation 23 'br' 'br_ln1213' <Predicate = true> <Delay = 0.00>


============================================================
+ Verbose Summary: Binding
============================================================
STG Binding: 
---------------- STG Properties BEGIN ----------------
- Is combinational: 0
- Is one-state seq: 0
- Is datapath-only: 0
- Is pipelined: 0
- Is top level: 0
Port [ Return ] is wired: 1; IO mode=ap_ctrl_hs:ce=0
Port [ iter_1_reload]:  wired=1; compound=0; hidden=0; nouse=0; global=0; static=0; extern=0; dir=0; type=0; pingpong=0; private_global=0; IO mode=ap_none:ce=0
Port [ start_colSelection_2]:  wired=1; compound=1; hidden=0; nouse=0; global=0; static=0; extern=0; dir=0; type=1; pingpong=0; private_global=0; MemPort=[13]; IO mode=ap_memory:ce=0
Port [ elbow1_colSelection]:  wired=1; compound=1; hidden=0; nouse=0; global=0; static=0; extern=0; dir=1; type=1; pingpong=0; private_global=0; MemPort=[03]; IO mode=ap_memory:ce=0
---------------- STG Properties END ------------------

---------------- Datapath Model BEGIN ----------------

<LifeTime>
<method=bitvector/>
i                         (alloca           ) [ 010]
iter_1_reload_read        (read             ) [ 000]
store_ln1213              (store            ) [ 000]
br_ln0                    (br               ) [ 000]
elbow1_colSelectionCount  (load             ) [ 000]
icmp_ln1213               (icmp             ) [ 010]
i_26                      (add              ) [ 000]
br_ln1213                 (br               ) [ 000]
zext_ln1213               (zext             ) [ 011]
start_colSelection_2_addr (getelementptr    ) [ 011]
store_ln1213              (store            ) [ 000]
specpipeline_ln1215       (specpipeline     ) [ 000]
speclooptripcount_ln1216  (speclooptripcount) [ 000]
specloopname_ln1213       (specloopname     ) [ 000]
start_colSelection_2_load (load             ) [ 000]
elbow1_colSelection_addr  (getelementptr    ) [ 000]
store_ln1218              (store            ) [ 000]
br_ln1213                 (br               ) [ 000]
ret_ln0                   (ret              ) [ 000]
</LifeTime>

<model>

<comp_list>
<comp id="0" class="1000" name="iter_1_reload">
<pin_list>
<pin id="1" dir="1" index="0" bw="1" slack="0"/>
</pin_list>
<bind>
<StgValue><ssdm name="iter_1_reload"/></StgValue>
</bind>
</comp>

<comp id="2" class="1000" name="start_colSelection_2">
<pin_list>
<pin id="3" dir="1" index="0" bw="1" slack="0"/>
</pin_list>
<bind>
<StgValue><ssdm name="start_colSelection_2"/><MemPortTyVec>1 3 </MemPortTyVec>
</StgValue>
</bind>
</comp>

<comp id="4" class="1000" name="elbow1_colSelection">
<pin_list>
<pin id="5" dir="1" index="0" bw="1" slack="0"/>
</pin_list>
<bind>
<StgValue><ssdm name="elbow1_colSelection"/><MemPortTyVec>0 3 </MemPortTyVec>
</StgValue>
</bind>
</comp>

<comp id="6" class="1001" name="const_6">
<pin_list>
<pin id="7" dir="1" index="0" bw="1" slack="0"/>
</pin_list>
<bind>
<StgValue><ssdm name=""/></StgValue>
</bind>
</comp>

<comp id="8" class="1001" name="const_8">
<pin_list>
<pin id="9" dir="1" index="0" bw="1" slack="0"/>
</pin_list>
<bind>
<StgValue><ssdm name="_ssdm_op_Read.ap_auto.i5"/></StgValue>
</bind>
</comp>

<comp id="10" class="1001" name="const_10">
<pin_list>
<pin id="11" dir="1" index="0" bw="1" slack="0"/>
</pin_list>
<bind>
<StgValue><ssdm name=""/></StgValue>
</bind>
</comp>

<comp id="12" class="1001" name="const_12">
<pin_list>
<pin id="13" dir="1" index="0" bw="1" slack="0"/>
</pin_list>
<bind>
<StgValue><ssdm name=""/></StgValue>
</bind>
</comp>

<comp id="14" class="1001" name="const_14">
<pin_list>
<pin id="15" dir="1" index="0" bw="1" slack="0"/>
</pin_list>
<bind>
<StgValue><ssdm name=""/></StgValue>
</bind>
</comp>

<comp id="16" class="1001" name="const_16">
<pin_list>
<pin id="17" dir="1" index="0" bw="1" slack="2147483647"/>
</pin_list>
<bind>
<StgValue><ssdm name="_ssdm_op_SpecPipeline"/></StgValue>
</bind>
</comp>

<comp id="18" class="1001" name="const_18">
<pin_list>
<pin id="19" dir="1" index="0" bw="1" slack="2147483647"/>
</pin_list>
<bind>
<StgValue><ssdm name=""/></StgValue>
</bind>
</comp>

<comp id="20" class="1001" name="const_20">
<pin_list>
<pin id="21" dir="1" index="0" bw="1" slack="2147483647"/>
</pin_list>
<bind>
<StgValue><ssdm name="empty_18"/></StgValue>
</bind>
</comp>

<comp id="22" class="1001" name="const_22">
<pin_list>
<pin id="23" dir="1" index="0" bw="1" slack="2147483647"/>
</pin_list>
<bind>
<StgValue><ssdm name="_ssdm_op_SpecLoopTripCount"/></StgValue>
</bind>
</comp>

<comp id="24" class="1001" name="const_24">
<pin_list>
<pin id="25" dir="1" index="0" bw="1" slack="2147483647"/>
</pin_list>
<bind>
<StgValue><ssdm name=""/></StgValue>
</bind>
</comp>

<comp id="26" class="1001" name="const_26">
<pin_list>
<pin id="27" dir="1" index="0" bw="1" slack="2147483647"/>
</pin_list>
<bind>
<StgValue><ssdm name=""/></StgValue>
</bind>
</comp>

<comp id="28" class="1001" name="const_28">
<pin_list>
<pin id="29" dir="1" index="0" bw="1" slack="2147483647"/>
</pin_list>
<bind>
<StgValue><ssdm name=""/></StgValue>
</bind>
</comp>

<comp id="30" class="1001" name="const_30">
<pin_list>
<pin id="31" dir="1" index="0" bw="1" slack="2147483647"/>
</pin_list>
<bind>
<StgValue><ssdm name="_ssdm_op_SpecLoopName"/></StgValue>
</bind>
</comp>

<comp id="32" class="1001" name="const_32">
<pin_list>
<pin id="33" dir="1" index="0" bw="1" slack="2147483647"/>
</pin_list>
<bind>
<StgValue><ssdm name="empty_76"/></StgValue>
</bind>
</comp>

<comp id="34" class="1004" name="i_fu_34">
<pin_list>
<pin id="35" dir="0" index="0" bw="1" slack="0"/>
<pin id="36" dir="1" index="1" bw="5" slack="0"/>
</pin_list>
<bind>
<opcode="alloca(26) " fcode="alloca"/>
<opset="i/1 "/>
</bind>
</comp>

<comp id="38" class="1004" name="iter_1_reload_read_read_fu_38">
<pin_list>
<pin id="39" dir="0" index="0" bw="5" slack="0"/>
<pin id="40" dir="0" index="1" bw="5" slack="0"/>
<pin id="41" dir="1" index="2" bw="5" slack="0"/>
</pin_list>
<bind>
<opcode="read(1150) " fcode="read"/>
<opset="iter_1_reload_read/1 "/>
</bind>
</comp>

<comp id="44" class="1004" name="start_colSelection_2_addr_gep_fu_44">
<pin_list>
<pin id="45" dir="0" index="0" bw="16" slack="0"/>
<pin id="46" dir="0" index="1" bw="1" slack="0"/>
<pin id="47" dir="0" index="2" bw="5" slack="0"/>
<pin id="48" dir="1" index="3" bw="4" slack="0"/>
</pin_list>
<bind>
<opcode="getelementptr(29) " fcode="getelementptr"/>
<opset="start_colSelection_2_addr/1 "/>
</bind>
</comp>

<comp id="51" class="1004" name="grp_access_fu_51">
<pin_list>
<pin id="52" dir="0" index="0" bw="4" slack="0"/>
<pin id="53" dir="0" index="1" bw="16" slack="2147483647"/>
<pin id="54" dir="0" index="2" bw="0" slack="2147483647"/>
<pin id="55" dir="1" index="3" bw="16" slack="0"/>
</pin_list>
<bind>
<opcode="load(27) " fcode="load"/>
<opset="start_colSelection_2_load/1 "/>
</bind>
</comp>

<comp id="57" class="1004" name="elbow1_colSelection_addr_gep_fu_57">
<pin_list>
<pin id="58" dir="0" index="0" bw="16" slack="0"/>
<pin id="59" dir="0" index="1" bw="1" slack="0"/>
<pin id="60" dir="0" index="2" bw="5" slack="1"/>
<pin id="61" dir="1" index="3" bw="4" slack="0"/>
</pin_list>
<bind>
<opcode="getelementptr(29) " fcode="getelementptr"/>
<opset="elbow1_colSelection_addr/2 "/>
</bind>
</comp>

<comp id="64" class="1004" name="store_ln1218_access_fu_64">
<pin_list>
<pin id="65" dir="0" index="0" bw="4" slack="0"/>
<pin id="66" dir="0" index="1" bw="16" slack="0"/>
<pin id="67" dir="0" index="2" bw="0" slack="2147483647"/>
<pin id="68" dir="1" index="3" bw="16" slack="2147483647"/>
</pin_list>
<bind>
<opcode="store(28) " fcode="store"/>
<opset="store_ln1218/2 "/>
</bind>
</comp>

<comp id="71" class="1004" name="store_ln1213_store_fu_71">
<pin_list>
<pin id="72" dir="0" index="0" bw="1" slack="0"/>
<pin id="73" dir="0" index="1" bw="5" slack="0"/>
<pin id="74" dir="1" index="2" bw="0" slack="2147483647"/>
</pin_list>
<bind>
<opcode="store(28) " fcode="store"/>
<opset="store_ln1213/1 "/>
</bind>
</comp>

<comp id="76" class="1004" name="elbow1_colSelectionCount_load_fu_76">
<pin_list>
<pin id="77" dir="0" index="0" bw="5" slack="0"/>
<pin id="78" dir="1" index="1" bw="5" slack="0"/>
</pin_list>
<bind>
<opcode="load(27) " fcode="load"/>
<opset="elbow1_colSelectionCount/1 "/>
</bind>
</comp>

<comp id="79" class="1004" name="icmp_ln1213_fu_79">
<pin_list>
<pin id="80" dir="0" index="0" bw="5" slack="0"/>
<pin id="81" dir="0" index="1" bw="5" slack="0"/>
<pin id="82" dir="1" index="2" bw="1" slack="2147483647"/>
</pin_list>
<bind>
<opcode="icmp(45) " fcode="icmp"/>
<opset="icmp_ln1213/1 "/>
</bind>
</comp>

<comp id="85" class="1004" name="i_26_fu_85">
<pin_list>
<pin id="86" dir="0" index="0" bw="5" slack="0"/>
<pin id="87" dir="0" index="1" bw="1" slack="0"/>
<pin id="88" dir="1" index="2" bw="5" slack="0"/>
</pin_list>
<bind>
<opcode="add(8) " fcode="add"/>
<opset="i_26/1 "/>
</bind>
</comp>

<comp id="91" class="1004" name="zext_ln1213_fu_91">
<pin_list>
<pin id="92" dir="0" index="0" bw="5" slack="0"/>
<pin id="93" dir="1" index="1" bw="64" slack="0"/>
</pin_list>
<bind>
<opcode="zext(34) " fcode="zext"/>
<opset="zext_ln1213/1 "/>
</bind>
</comp>

<comp id="96" class="1004" name="store_ln1213_store_fu_96">
<pin_list>
<pin id="97" dir="0" index="0" bw="5" slack="0"/>
<pin id="98" dir="0" index="1" bw="5" slack="0"/>
<pin id="99" dir="1" index="2" bw="0" slack="2147483647"/>
</pin_list>
<bind>
<opcode="store(28) " fcode="store"/>
<opset="store_ln1213/1 "/>
</bind>
</comp>

<comp id="101" class="1005" name="i_reg_101">
<pin_list>
<pin id="102" dir="0" index="0" bw="5" slack="0"/>
<pin id="103" dir="1" index="1" bw="5" slack="0"/>
</pin_list>
<bind>
<opset="i "/>
</bind>
</comp>

<comp id="111" class="1005" name="zext_ln1213_reg_111">
<pin_list>
<pin id="112" dir="0" index="0" bw="64" slack="1"/>
<pin id="113" dir="1" index="1" bw="64" slack="1"/>
</pin_list>
<bind>
<opset="zext_ln1213 "/>
</bind>
</comp>

<comp id="116" class="1005" name="start_colSelection_2_addr_reg_116">
<pin_list>
<pin id="117" dir="0" index="0" bw="4" slack="1"/>
<pin id="118" dir="1" index="1" bw="4" slack="1"/>
</pin_list>
<bind>
<opset="start_colSelection_2_addr "/>
</bind>
</comp>

</comp_list>

<net_list>
<net id="37"><net_src comp="6" pin="0"/><net_sink comp="34" pin=0"/></net>

<net id="42"><net_src comp="8" pin="0"/><net_sink comp="38" pin=0"/></net>

<net id="43"><net_src comp="0" pin="0"/><net_sink comp="38" pin=1"/></net>

<net id="49"><net_src comp="2" pin="0"/><net_sink comp="44" pin=0"/></net>

<net id="50"><net_src comp="14" pin="0"/><net_sink comp="44" pin=1"/></net>

<net id="56"><net_src comp="44" pin="3"/><net_sink comp="51" pin=0"/></net>

<net id="62"><net_src comp="4" pin="0"/><net_sink comp="57" pin=0"/></net>

<net id="63"><net_src comp="14" pin="0"/><net_sink comp="57" pin=1"/></net>

<net id="69"><net_src comp="51" pin="3"/><net_sink comp="64" pin=1"/></net>

<net id="70"><net_src comp="57" pin="3"/><net_sink comp="64" pin=0"/></net>

<net id="75"><net_src comp="10" pin="0"/><net_sink comp="71" pin=0"/></net>

<net id="83"><net_src comp="76" pin="1"/><net_sink comp="79" pin=0"/></net>

<net id="84"><net_src comp="38" pin="2"/><net_sink comp="79" pin=1"/></net>

<net id="89"><net_src comp="76" pin="1"/><net_sink comp="85" pin=0"/></net>

<net id="90"><net_src comp="12" pin="0"/><net_sink comp="85" pin=1"/></net>

<net id="94"><net_src comp="76" pin="1"/><net_sink comp="91" pin=0"/></net>

<net id="95"><net_src comp="91" pin="1"/><net_sink comp="44" pin=2"/></net>

<net id="100"><net_src comp="85" pin="2"/><net_sink comp="96" pin=0"/></net>

<net id="104"><net_src comp="34" pin="1"/><net_sink comp="101" pin=0"/></net>

<net id="105"><net_src comp="101" pin="1"/><net_sink comp="71" pin=1"/></net>

<net id="106"><net_src comp="101" pin="1"/><net_sink comp="76" pin=0"/></net>

<net id="107"><net_src comp="101" pin="1"/><net_sink comp="96" pin=1"/></net>

<net id="114"><net_src comp="91" pin="1"/><net_sink comp="111" pin=0"/></net>

<net id="115"><net_src comp="111" pin="1"/><net_sink comp="57" pin=2"/></net>

<net id="119"><net_src comp="44" pin="3"/><net_sink comp="116" pin=0"/></net>

<net id="120"><net_src comp="116" pin="1"/><net_sink comp="51" pin=0"/></net>

</net_list>

</model> 
---------------- Datapath Model END ------------------

* FSMD analyzer results:
  - Output states:
	Port: elbow1_colSelection | {2 }
 - Input state : 
	Port: sortRemainingRowsOrCols<HLSMoveStream>_Pipeline_VITIS_LOOP_1213_43 : iter_1_reload | {1 }
	Port: sortRemainingRowsOrCols<HLSMoveStream>_Pipeline_VITIS_LOOP_1213_43 : start_colSelection_2 | {1 2 }
  - Chain level:
	State 1
		store_ln1213 : 1
		elbow1_colSelectionCount : 1
		icmp_ln1213 : 2
		i_26 : 2
		br_ln1213 : 3
		zext_ln1213 : 2
		start_colSelection_2_addr : 3
		start_colSelection_2_load : 4
		store_ln1213 : 3
	State 2
		store_ln1218 : 1


============================================================
+ Verbose Summary: Datapath Resource usage 
============================================================

* Functional unit list:
|----------|-------------------------------|---------|---------|
| Operation|        Functional Unit        |    FF   |   LUT   |
|----------|-------------------------------|---------|---------|
|   icmp   |       icmp_ln1213_fu_79       |    0    |    12   |
|----------|-------------------------------|---------|---------|
|    add   |           i_26_fu_85          |    0    |    12   |
|----------|-------------------------------|---------|---------|
|   read   | iter_1_reload_read_read_fu_38 |    0    |    0    |
|----------|-------------------------------|---------|---------|
|   zext   |       zext_ln1213_fu_91       |    0    |    0    |
|----------|-------------------------------|---------|---------|
|   Total  |                               |    0    |    24   |
|----------|-------------------------------|---------|---------|

Memories:
N/A

* Register list:
+---------------------------------+--------+
|                                 |   FF   |
+---------------------------------+--------+
|            i_reg_101            |    5   |
|start_colSelection_2_addr_reg_116|    4   |
|       zext_ln1213_reg_111       |   64   |
+---------------------------------+--------+
|              Total              |   73   |
+---------------------------------+--------+

* Multiplexer (MUX) list: 
|------------------|------|------|------|--------||---------||---------||---------|
|       Comp       |  Pin | Size |  BW  | S x BW ||  Delay  ||    FF   ||   LUT   |
|------------------|------|------|------|--------||---------||---------||---------|
| grp_access_fu_51 |  p0  |   2  |   4  |    8   ||    0    ||    9    |
|------------------|------|------|------|--------||---------||---------||---------|
|       Total      |      |      |      |    8   ||  0.427  ||    0    ||    9    |
|------------------|------|------|------|--------||---------||---------||---------|



* Summary:
+-----------+--------+--------+--------+
|           |  Delay |   FF   |   LUT  |
+-----------+--------+--------+--------+
|  Function |    -   |    0   |   24   |
|   Memory  |    -   |    -   |    -   |
|Multiplexer|    0   |    0   |    9   |
|  Register |    -   |   73   |    -   |
+-----------+--------+--------+--------+
|   Total   |    0   |   73   |   33   |
+-----------+--------+--------+--------+
