

================================================================
== Vitis HLS Report for 'sortRemainingRowsOrCols_HLSMoveStream_Pipeline_VITIS_LOOP_206_15'
================================================================
* Date:           Thu Mar 26 11:03:34 2026

* Version:        2024.2 (Build 5238294 on Nov  8 2024)
* Project:        atomflow_controller_2024_2
* Solution:       hls (Vivado IP Flow Target)
* Product family: zynquplusRFSOC
* Target device:  xczu49dr-ffvf1760-2-e


================================================================
== Performance Estimates
================================================================
+ Timing: 
    * Summary: 
    +--------+----------+----------+------------+
    |  Clock |  Target  | Estimated| Uncertainty|
    +--------+----------+----------+------------+
    |ap_clk  |  10.00 ns|  2.867 ns|     2.70 ns|
    +--------+----------+----------+------------+

+ Latency: 
    * Summary: 
    +---------+---------+-----------+----------+-----+-----+------------------------------------------------+
    |  Latency (cycles) |  Latency (absolute)  |  Interval |                    Pipeline                    |
    |   min   |   max   |    min    |    max   | min | max |                      Type                      |
    +---------+---------+-----------+----------+-----+-----+------------------------------------------------+
    |        4|      202|  40.000 ns|  2.020 us|    3|  201|  loop auto-rewind stp (delay=0 clock cycles(s))|
    +---------+---------+-----------+----------+-----+-----+------------------------------------------------+

    + Detail: 
        * Instance: 
        N/A

        * Loop: 
        +--------------------+---------+---------+----------+-----------+-----------+---------+----------+
        |                    |  Latency (cycles) | Iteration|  Initiation Interval  |   Trip  |          |
        |      Loop Name     |   min   |   max   |  Latency |  achieved |   target  |  Count  | Pipelined|
        +--------------------+---------+---------+----------+-----------+-----------+---------+----------+
        |- VITIS_LOOP_206_1  |        2|      200|         2|          2|          2|  1 ~ 100|       yes|
        +--------------------+---------+---------+----------+-----------+-----------+---------+----------+



================================================================
== Utilization Estimates
================================================================
* Summary: 
+-----------------+---------+------+--------+--------+-----+
|       Name      | BRAM_18K|  DSP |   FF   |   LUT  | URAM|
+-----------------+---------+------+--------+--------+-----+
|DSP              |        -|     -|       -|       -|    -|
|Expression       |        -|     -|       0|     185|    -|
|FIFO             |        -|     -|       -|       -|    -|
|Instance         |        -|     -|       -|       -|    -|
|Memory           |        -|     -|       -|       -|    -|
|Multiplexer      |        -|     -|       0|      68|    -|
|Register         |        -|     -|     111|       -|    -|
+-----------------+---------+------+--------+--------+-----+
|Total            |        0|     0|     111|     253|    0|
+-----------------+---------+------+--------+--------+-----+
|Available        |     2160|  4272|  850560|  425280|   80|
+-----------------+---------+------+--------+--------+-----+
|Utilization (%)  |        0|     0|      ~0|      ~0|    0|
+-----------------+---------+------+--------+--------+-----+

+ Detail: 
    * Instance: 
    N/A

    * DSP: 
    N/A

    * Memory: 
    N/A

    * FIFO: 
    N/A

    * Expression: 
    +------------------------+----------+----+---+----+------------+------------+
    |      Variable Name     | Operation| DSP| FF| LUT| Bitwidth P0| Bitwidth P1|
    +------------------------+----------+----+---+----+------------+------------+
    |add_ln211_1_fu_153_p2   |         +|   0|  0|  16|          16|          16|
    |add_ln211_2_fu_157_p2   |         +|   0|  0|  16|          16|          16|
    |add_ln211_fu_148_p2     |         +|   0|  0|  23|          16|          16|
    |i_14_fu_177_p2          |         +|   0|  0|  24|          17|           1|
    |addr_cmp_fu_171_p2      |      icmp|   0|  0|  71|          64|          64|
    |icmp_ln206_fu_139_p2    |      icmp|   0|  0|  25|          18|          18|
    |reuse_select_fu_195_p3  |    select|   0|  0|   8|           1|           8|
    |ap_enable_pp0           |       xor|   0|  0|   2|           1|           2|
    +------------------------+----------+----+---+----+------------+------------+
    |Total                   |          |   0|  0| 185|         149|         141|
    +------------------------+----------+----+---+----+------------+------------+

    * Multiplexer: 
    +-------------------------+----+-----------+-----+-----------+
    |           Name          | LUT| Input Size| Bits| Total Bits|
    +-------------------------+----+-----------+-----+-----------+
    |ap_NS_fsm                |  14|          3|    1|          3|
    |ap_done_int              |   9|          2|    1|          2|
    |ap_enable_reg_pp0_iter0  |   9|          2|    1|          2|
    |ap_enable_reg_pp0_iter1  |   9|          2|    1|          2|
    |i_fu_60                  |   9|          2|   17|         34|
    |reuse_addr_reg_fu_52     |   9|          2|   64|        128|
    |reuse_reg_fu_56          |   9|          2|    8|         16|
    +-------------------------+----+-----------+-----+-----------+
    |Total                    |  68|         15|   93|        187|
    +-------------------------+----+-----------+-----+-----------+

    * Register: 
    +-----------------------------+----+----+-----+-----------+
    |             Name            | FF | LUT| Bits| Const Bits|
    +-----------------------------+----+----+-----+-----------+
    |add_ln211_reg_253            |  16|   0|   16|          0|
    |addr_cmp_reg_263             |   1|   0|    1|          0|
    |ap_CS_fsm                    |   2|   0|    2|          0|
    |ap_done_reg                  |   1|   0|    1|          0|
    |ap_enable_reg_pp0_iter0_reg  |   1|   0|    1|          0|
    |ap_enable_reg_pp0_iter1      |   1|   0|    1|          0|
    |i_fu_60                      |  17|   0|   17|          0|
    |reuse_addr_reg_fu_52         |  64|   0|   64|          0|
    |reuse_reg_fu_56              |   8|   0|    8|          0|
    +-----------------------------+----+----+-----+-----------+
    |Total                        | 111|   0|  111|          0|
    +-----------------------------+----+----+-----+-----------+



================================================================
== Interface
================================================================
* Summary: 
+----------------------------------------+-----+-----+------------+-------------------------------------------------------------------+--------------+
|                RTL Ports               | Dir | Bits|  Protocol  |                           Source Object                           |    C Type    |
+----------------------------------------+-----+-----+------------+-------------------------------------------------------------------+--------------+
|ap_clk                                  |   in|    1|  ap_ctrl_hs|  sortRemainingRowsOrCols<HLSMoveStream>_Pipeline_VITIS_LOOP_206_15|  return value|
|ap_rst                                  |   in|    1|  ap_ctrl_hs|  sortRemainingRowsOrCols<HLSMoveStream>_Pipeline_VITIS_LOOP_206_15|  return value|
|ap_start                                |   in|    1|  ap_ctrl_hs|  sortRemainingRowsOrCols<HLSMoveStream>_Pipeline_VITIS_LOOP_206_15|  return value|
|ap_done                                 |  out|    1|  ap_ctrl_hs|  sortRemainingRowsOrCols<HLSMoveStream>_Pipeline_VITIS_LOOP_206_15|  return value|
|ap_idle                                 |  out|    1|  ap_ctrl_hs|  sortRemainingRowsOrCols<HLSMoveStream>_Pipeline_VITIS_LOOP_206_15|  return value|
|ap_ready                                |  out|    1|  ap_ctrl_hs|  sortRemainingRowsOrCols<HLSMoveStream>_Pipeline_VITIS_LOOP_206_15|  return value|
|sext_ln1275                             |   in|   15|     ap_none|                                                        sext_ln1275|        scalar|
|shift_end_1                             |   in|   18|     ap_none|                                                        shift_end_1|        scalar|
|empty_105                               |   in|   16|     ap_none|                                                          empty_105|        scalar|
|unusableInfo_targetSites_data_address0  |  out|   16|   ap_memory|                                      unusableInfo_targetSites_data|         array|
|unusableInfo_targetSites_data_ce0       |  out|    1|   ap_memory|                                      unusableInfo_targetSites_data|         array|
|unusableInfo_targetSites_data_q0        |   in|    8|   ap_memory|                                      unusableInfo_targetSites_data|         array|
|unusableInfo_targetSites_data_address1  |  out|   16|   ap_memory|                                      unusableInfo_targetSites_data|         array|
|unusableInfo_targetSites_data_ce1       |  out|    1|   ap_memory|                                      unusableInfo_targetSites_data|         array|
|unusableInfo_targetSites_data_we1       |  out|    1|   ap_memory|                                      unusableInfo_targetSites_data|         array|
|unusableInfo_targetSites_data_d1        |  out|    8|   ap_memory|                                      unusableInfo_targetSites_data|         array|
|empty                                   |   in|   16|     ap_none|                                                              empty|        scalar|
+----------------------------------------+-----+-----+------------+-------------------------------------------------------------------+--------------+

============================================================
+ Verbose Summary: Synthesis Manager
============================================================
InlineROM: 1
ExposeGlobal: 0
============================================================
+ Verbose Summary: CDFG Model
============================================================
IsTopModel: 0
ResetActiveHigh: 1
IsCombinational: 2
IsDatapathOnly: 2
HasWiredReturn: 1
HasMFsm: 2
HasVarLatency: 1
IsPipeline: 0
IsRtlPipelined: 0
IsInstanceOverlapped: 0
IsDontTouch: 0
HasImplIP: 0
IsGatedGlobalClock: 0

+ Individual pipeline summary: 
  * Pipeline-0: initiation interval (II) = 2, depth = 3


============================================================
+ Verbose Summary: Schedule
============================================================
* Number of FSM states : 3
* Pipeline : 1
  Pipeline-0 : II = 2, D = 3, States = { 1 2 3 }
* Dataflow Pipeline: 0

* FSM state transitions: 
1 --> 2 
2 --> 3 
3 --> 

* FSM state operations: 

State 1 <SV = 0> <Delay = 0.42>
ST_1 : Operation 5 [1/1] (0.00ns)   --->   "%reuse_addr_reg = alloca i32 1"   --->   Operation 5 'alloca' 'reuse_addr_reg' <Predicate = true> <Delay = 0.00>
ST_1 : Operation 6 [1/1] (0.00ns)   --->   "%reuse_reg = alloca i32 1"   --->   Operation 6 'alloca' 'reuse_reg' <Predicate = true> <Delay = 0.00>
ST_1 : Operation 7 [1/1] (0.00ns)   --->   "%i = alloca i32 1" [/home/xiaorang/Documents/ATOMFLOW/sorting-organized-main/src/sortLatticeByRow.cpp:206->/home/xiaorang/Documents/ATOMFLOW/sorting-organized-main/src/sortLatticeByRow.cpp:1276->/home/xiaorang/Documents/ATOMFLOW/sorting-organized-main/src/sortLatticeByRow.cpp:1833]   --->   Operation 7 'alloca' 'i' <Predicate = true> <Delay = 0.00>
ST_1 : Operation 8 [1/1] (0.00ns)   --->   "%tmp = read i16 @_ssdm_op_Read.ap_auto.i16, i16 %empty"   --->   Operation 8 'read' 'tmp' <Predicate = true> <Delay = 0.00>
ST_1 : Operation 9 [1/1] (0.00ns)   --->   "%tmp_4 = read i16 @_ssdm_op_Read.ap_auto.i16, i16 %empty_105"   --->   Operation 9 'read' 'tmp_4' <Predicate = true> <Delay = 0.00>
ST_1 : Operation 10 [1/1] (0.00ns)   --->   "%shift_end_1_read = read i18 @_ssdm_op_Read.ap_auto.i18, i18 %shift_end_1"   --->   Operation 10 'read' 'shift_end_1_read' <Predicate = true> <Delay = 0.00>
ST_1 : Operation 11 [1/1] (0.00ns)   --->   "%sext_ln1275_read = read i15 @_ssdm_op_Read.ap_auto.i15, i15 %sext_ln1275"   --->   Operation 11 'read' 'sext_ln1275_read' <Predicate = true> <Delay = 0.00>
ST_1 : Operation 12 [1/1] (0.00ns)   --->   "%sext_ln1275_cast = zext i15 %sext_ln1275_read"   --->   Operation 12 'zext' 'sext_ln1275_cast' <Predicate = true> <Delay = 0.00>
ST_1 : Operation 13 [1/1] (0.00ns)   --->   "%specmemcore_ln0 = specmemcore void @_ssdm_op_SpecMemCore, i8 %unusableInfo_targetSites_data, i64 666, i64 22, i64 18446744073709551615"   --->   Operation 13 'specmemcore' 'specmemcore_ln0' <Predicate = true> <Delay = 0.00>
ST_1 : Operation 14 [1/1] (0.42ns)   --->   "%store_ln206 = store i17 %sext_ln1275_cast, i17 %i" [/home/xiaorang/Documents/ATOMFLOW/sorting-organized-main/src/sortLatticeByRow.cpp:206->/home/xiaorang/Documents/ATOMFLOW/sorting-organized-main/src/sortLatticeByRow.cpp:1276->/home/xiaorang/Documents/ATOMFLOW/sorting-organized-main/src/sortLatticeByRow.cpp:1833]   --->   Operation 14 'store' 'store_ln206' <Predicate = true> <Delay = 0.42>
ST_1 : Operation 15 [1/1] (0.42ns)   --->   "%store_ln0 = store i8 0, i8 %reuse_reg"   --->   Operation 15 'store' 'store_ln0' <Predicate = true> <Delay = 0.42>
ST_1 : Operation 16 [1/1] (0.42ns)   --->   "%store_ln0 = store i64 18446744073709551615, i64 %reuse_addr_reg"   --->   Operation 16 'store' 'store_ln0' <Predicate = true> <Delay = 0.42>
ST_1 : Operation 17 [1/1] (0.00ns)   --->   "%br_ln0 = br void %for.body.i264.i"   --->   Operation 17 'br' 'br_ln0' <Predicate = true> <Delay = 0.00>

State 2 <SV = 1> <Delay = 1.92>
ST_2 : Operation 18 [1/1] (0.00ns)   --->   "%i_13 = load i17 %i" [/home/xiaorang/Documents/ATOMFLOW/sorting-organized-main/src/sortLatticeByRow.cpp:211->/home/xiaorang/Documents/ATOMFLOW/sorting-organized-main/src/sortLatticeByRow.cpp:1276->/home/xiaorang/Documents/ATOMFLOW/sorting-organized-main/src/sortLatticeByRow.cpp:1833]   --->   Operation 18 'load' 'i_13' <Predicate = true> <Delay = 0.00>
ST_2 : Operation 19 [1/1] (0.00ns)   --->   "%zext_ln206 = zext i17 %i_13" [/home/xiaorang/Documents/ATOMFLOW/sorting-organized-main/src/sortLatticeByRow.cpp:206->/home/xiaorang/Documents/ATOMFLOW/sorting-organized-main/src/sortLatticeByRow.cpp:1276->/home/xiaorang/Documents/ATOMFLOW/sorting-organized-main/src/sortLatticeByRow.cpp:1833]   --->   Operation 19 'zext' 'zext_ln206' <Predicate = true> <Delay = 0.00>
ST_2 : Operation 20 [1/1] (0.87ns)   --->   "%icmp_ln206 = icmp_ult  i18 %zext_ln206, i18 %shift_end_1_read" [/home/xiaorang/Documents/ATOMFLOW/sorting-organized-main/src/sortLatticeByRow.cpp:206->/home/xiaorang/Documents/ATOMFLOW/sorting-organized-main/src/sortLatticeByRow.cpp:1276->/home/xiaorang/Documents/ATOMFLOW/sorting-organized-main/src/sortLatticeByRow.cpp:1833]   --->   Operation 20 'icmp' 'icmp_ln206' <Predicate = true> <Delay = 0.87> <CoreInst = "Cmp">   --->   Core 9 'Cmp' <Latency = 0> <II = 1> <Delay = 0.87> <FuncUnit> <Opcode : 'seteq' 'setne' 'setle' 'setge' 'setlt' 'setgt'> <InPorts = 2> <OutPorts = 1>
ST_2 : Operation 21 [1/1] (0.00ns)   --->   "%br_ln206 = br i1 %icmp_ln206, void %for.cond.cleanup.i.i.loopexit.exitStub, void %for.body.i264.i.split" [/home/xiaorang/Documents/ATOMFLOW/sorting-organized-main/src/sortLatticeByRow.cpp:206->/home/xiaorang/Documents/ATOMFLOW/sorting-organized-main/src/sortLatticeByRow.cpp:1276->/home/xiaorang/Documents/ATOMFLOW/sorting-organized-main/src/sortLatticeByRow.cpp:1833]   --->   Operation 21 'br' 'br_ln206' <Predicate = true> <Delay = 0.00>
ST_2 : Operation 22 [1/1] (0.00ns)   --->   "%trunc_ln211 = trunc i17 %i_13" [/home/xiaorang/Documents/ATOMFLOW/sorting-organized-main/src/sortLatticeByRow.cpp:211->/home/xiaorang/Documents/ATOMFLOW/sorting-organized-main/src/sortLatticeByRow.cpp:1276->/home/xiaorang/Documents/ATOMFLOW/sorting-organized-main/src/sortLatticeByRow.cpp:1833]   --->   Operation 22 'trunc' 'trunc_ln211' <Predicate = (icmp_ln206)> <Delay = 0.00>
ST_2 : Operation 23 [1/1] (0.85ns)   --->   "%add_ln211 = add i16 %tmp_4, i16 %trunc_ln211" [/home/xiaorang/Documents/ATOMFLOW/sorting-organized-main/src/sortLatticeByRow.cpp:211->/home/xiaorang/Documents/ATOMFLOW/sorting-organized-main/src/sortLatticeByRow.cpp:1276->/home/xiaorang/Documents/ATOMFLOW/sorting-organized-main/src/sortLatticeByRow.cpp:1833]   --->   Operation 23 'add' 'add_ln211' <Predicate = (icmp_ln206)> <Delay = 0.85> <CoreInst = "Adder">   --->   Core 1 'Adder' <Latency = 0> <II = 1> <Delay = 0.85> <FuncUnit> <Opcode : 'add' 'sub'> <InPorts = 2> <OutPorts = 1>
ST_2 : Operation 24 [1/1] (0.00ns) (grouped into TernaryAdder)   --->   "%add_ln211_1 = add i16 %tmp_4, i16 %tmp" [/home/xiaorang/Documents/ATOMFLOW/sorting-organized-main/src/sortLatticeByRow.cpp:211->/home/xiaorang/Documents/ATOMFLOW/sorting-organized-main/src/sortLatticeByRow.cpp:1276->/home/xiaorang/Documents/ATOMFLOW/sorting-organized-main/src/sortLatticeByRow.cpp:1833]   --->   Operation 24 'add' 'add_ln211_1' <Predicate = (icmp_ln206)> <Delay = 0.00> <CoreInst = "TAddSub">   --->   Core 10 'TAddSub' <Latency = 0> <II = 1> <Delay = 0.34> <IPBlock> <Opcode : '' 'add' 'sub'> <InPorts = 3> <OutPorts = 1> <Sync> <CReg>
ST_2 : Operation 25 [1/1] (0.68ns) (root node of TernaryAdder)   --->   "%add_ln211_2 = add i16 %add_ln211_1, i16 %trunc_ln211" [/home/xiaorang/Documents/ATOMFLOW/sorting-organized-main/src/sortLatticeByRow.cpp:211->/home/xiaorang/Documents/ATOMFLOW/sorting-organized-main/src/sortLatticeByRow.cpp:1276->/home/xiaorang/Documents/ATOMFLOW/sorting-organized-main/src/sortLatticeByRow.cpp:1833]   --->   Operation 25 'add' 'add_ln211_2' <Predicate = (icmp_ln206)> <Delay = 0.68> <CoreInst = "TAddSub">   --->   Core 10 'TAddSub' <Latency = 0> <II = 1> <Delay = 0.34> <IPBlock> <Opcode : '' 'add' 'sub'> <InPorts = 3> <OutPorts = 1> <Sync> <CReg>
ST_2 : Operation 26 [1/1] (0.00ns)   --->   "%zext_ln211_1 = zext i16 %add_ln211_2" [/home/xiaorang/Documents/ATOMFLOW/sorting-organized-main/src/sortLatticeByRow.cpp:211->/home/xiaorang/Documents/ATOMFLOW/sorting-organized-main/src/sortLatticeByRow.cpp:1276->/home/xiaorang/Documents/ATOMFLOW/sorting-organized-main/src/sortLatticeByRow.cpp:1833]   --->   Operation 26 'zext' 'zext_ln211_1' <Predicate = (icmp_ln206)> <Delay = 0.00>
ST_2 : Operation 27 [1/1] (0.00ns)   --->   "%unusableInfo_targetSites_data_addr_1 = getelementptr i8 %unusableInfo_targetSites_data, i64 0, i64 %zext_ln211_1" [/home/xiaorang/Documents/ATOMFLOW/sorting-organized-main/src/sortLatticeByRow.cpp:211->/home/xiaorang/Documents/ATOMFLOW/sorting-organized-main/src/sortLatticeByRow.cpp:1276->/home/xiaorang/Documents/ATOMFLOW/sorting-organized-main/src/sortLatticeByRow.cpp:1833]   --->   Operation 27 'getelementptr' 'unusableInfo_targetSites_data_addr_1' <Predicate = (icmp_ln206)> <Delay = 0.00>
ST_2 : Operation 28 [1/1] (0.00ns)   --->   "%reuse_addr_reg_load = load i64 %reuse_addr_reg"   --->   Operation 28 'load' 'reuse_addr_reg_load' <Predicate = (icmp_ln206)> <Delay = 0.00>
ST_2 : Operation 29 [2/2] (1.23ns)   --->   "%unusableInfo_targetSites_data_load = load i16 %unusableInfo_targetSites_data_addr_1" [/home/xiaorang/Documents/ATOMFLOW/sorting-organized-main/src/sortLatticeByRow.cpp:211->/home/xiaorang/Documents/ATOMFLOW/sorting-organized-main/src/sortLatticeByRow.cpp:1276->/home/xiaorang/Documents/ATOMFLOW/sorting-organized-main/src/sortLatticeByRow.cpp:1833]   --->   Operation 29 'load' 'unusableInfo_targetSites_data_load' <Predicate = (icmp_ln206)> <Delay = 1.23> <CoreInst = "RAM_2P_BRAM">   --->   Core 93 'RAM_2P_BRAM' <Latency = 1> <II = 1> <Delay = 1.23> <Storage> <Opcode : 'load' 'store'> <Ports = 2> <Width = 8> <Depth = 65536> <RAM>
ST_2 : Operation 30 [1/1] (1.08ns)   --->   "%addr_cmp = icmp_eq  i64 %reuse_addr_reg_load, i64 %zext_ln211_1" [/home/xiaorang/Documents/ATOMFLOW/sorting-organized-main/src/sortLatticeByRow.cpp:211->/home/xiaorang/Documents/ATOMFLOW/sorting-organized-main/src/sortLatticeByRow.cpp:1276->/home/xiaorang/Documents/ATOMFLOW/sorting-organized-main/src/sortLatticeByRow.cpp:1833]   --->   Operation 30 'icmp' 'addr_cmp' <Predicate = (icmp_ln206)> <Delay = 1.08> <CoreInst = "Cmp">   --->   Core 9 'Cmp' <Latency = 0> <II = 1> <Delay = 1.08> <FuncUnit> <Opcode : 'seteq' 'setne' 'setle' 'setge' 'setlt' 'setgt'> <InPorts = 2> <OutPorts = 1>
ST_2 : Operation 31 [1/1] (0.86ns)   --->   "%i_14 = add i17 %i_13, i17 1" [/home/xiaorang/Documents/ATOMFLOW/sorting-organized-main/src/sortLatticeByRow.cpp:206->/home/xiaorang/Documents/ATOMFLOW/sorting-organized-main/src/sortLatticeByRow.cpp:1276->/home/xiaorang/Documents/ATOMFLOW/sorting-organized-main/src/sortLatticeByRow.cpp:1833]   --->   Operation 31 'add' 'i_14' <Predicate = (icmp_ln206)> <Delay = 0.86> <CoreInst = "Adder">   --->   Core 1 'Adder' <Latency = 0> <II = 1> <Delay = 0.86> <FuncUnit> <Opcode : 'add' 'sub'> <InPorts = 2> <OutPorts = 1>
ST_2 : Operation 32 [1/1] (0.42ns)   --->   "%store_ln206 = store i17 %i_14, i17 %i" [/home/xiaorang/Documents/ATOMFLOW/sorting-organized-main/src/sortLatticeByRow.cpp:206->/home/xiaorang/Documents/ATOMFLOW/sorting-organized-main/src/sortLatticeByRow.cpp:1276->/home/xiaorang/Documents/ATOMFLOW/sorting-organized-main/src/sortLatticeByRow.cpp:1833]   --->   Operation 32 'store' 'store_ln206' <Predicate = (icmp_ln206)> <Delay = 0.42>
ST_2 : Operation 45 [1/1] (0.42ns)   --->   "%ret_ln0 = ret"   --->   Operation 45 'ret' 'ret_ln0' <Predicate = (!icmp_ln206)> <Delay = 0.42>

State 3 <SV = 2> <Delay = 2.86>
ST_3 : Operation 33 [1/1] (0.00ns)   --->   "%zext_ln211 = zext i16 %add_ln211" [/home/xiaorang/Documents/ATOMFLOW/sorting-organized-main/src/sortLatticeByRow.cpp:211->/home/xiaorang/Documents/ATOMFLOW/sorting-organized-main/src/sortLatticeByRow.cpp:1276->/home/xiaorang/Documents/ATOMFLOW/sorting-organized-main/src/sortLatticeByRow.cpp:1833]   --->   Operation 33 'zext' 'zext_ln211' <Predicate = true> <Delay = 0.00>
ST_3 : Operation 34 [1/1] (0.00ns)   --->   "%unusableInfo_targetSites_data_addr = getelementptr i8 %unusableInfo_targetSites_data, i64 0, i64 %zext_ln211" [/home/xiaorang/Documents/ATOMFLOW/sorting-organized-main/src/sortLatticeByRow.cpp:211->/home/xiaorang/Documents/ATOMFLOW/sorting-organized-main/src/sortLatticeByRow.cpp:1276->/home/xiaorang/Documents/ATOMFLOW/sorting-organized-main/src/sortLatticeByRow.cpp:1833]   --->   Operation 34 'getelementptr' 'unusableInfo_targetSites_data_addr' <Predicate = true> <Delay = 0.00>
ST_3 : Operation 35 [1/1] (0.00ns)   --->   "%specpipeline_ln208 = specpipeline void @_ssdm_op_SpecPipeline, i32 2, i32 0, i32 0, i32 0, void @empty_18" [/home/xiaorang/Documents/ATOMFLOW/sorting-organized-main/src/sortLatticeByRow.cpp:208->/home/xiaorang/Documents/ATOMFLOW/sorting-organized-main/src/sortLatticeByRow.cpp:1276->/home/xiaorang/Documents/ATOMFLOW/sorting-organized-main/src/sortLatticeByRow.cpp:1833]   --->   Operation 35 'specpipeline' 'specpipeline_ln208' <Predicate = true> <Delay = 0.00>
ST_3 : Operation 36 [1/1] (0.00ns)   --->   "%speclooptripcount_ln209 = speclooptripcount void @_ssdm_op_SpecLoopTripCount, i64 1, i64 100, i64 50" [/home/xiaorang/Documents/ATOMFLOW/sorting-organized-main/src/sortLatticeByRow.cpp:209->/home/xiaorang/Documents/ATOMFLOW/sorting-organized-main/src/sortLatticeByRow.cpp:1276->/home/xiaorang/Documents/ATOMFLOW/sorting-organized-main/src/sortLatticeByRow.cpp:1833]   --->   Operation 36 'speclooptripcount' 'speclooptripcount_ln209' <Predicate = true> <Delay = 0.00>
ST_3 : Operation 37 [1/1] (0.00ns)   --->   "%specloopname_ln206 = specloopname void @_ssdm_op_SpecLoopName, void @empty_48" [/home/xiaorang/Documents/ATOMFLOW/sorting-organized-main/src/sortLatticeByRow.cpp:206->/home/xiaorang/Documents/ATOMFLOW/sorting-organized-main/src/sortLatticeByRow.cpp:1276->/home/xiaorang/Documents/ATOMFLOW/sorting-organized-main/src/sortLatticeByRow.cpp:1833]   --->   Operation 37 'specloopname' 'specloopname_ln206' <Predicate = true> <Delay = 0.00>
ST_3 : Operation 38 [1/1] (0.00ns)   --->   "%reuse_reg_load = load i8 %reuse_reg"   --->   Operation 38 'load' 'reuse_reg_load' <Predicate = (addr_cmp)> <Delay = 0.00>
ST_3 : Operation 39 [1/2] ( I:1.23ns O:1.23ns )   --->   "%unusableInfo_targetSites_data_load = load i16 %unusableInfo_targetSites_data_addr_1" [/home/xiaorang/Documents/ATOMFLOW/sorting-organized-main/src/sortLatticeByRow.cpp:211->/home/xiaorang/Documents/ATOMFLOW/sorting-organized-main/src/sortLatticeByRow.cpp:1276->/home/xiaorang/Documents/ATOMFLOW/sorting-organized-main/src/sortLatticeByRow.cpp:1833]   --->   Operation 39 'load' 'unusableInfo_targetSites_data_load' <Predicate = true> <Delay = 1.23> <CoreInst = "RAM_2P_BRAM">   --->   Core 93 'RAM_2P_BRAM' <Latency = 1> <II = 1> <Delay = 1.23> <Storage> <Opcode : 'load' 'store'> <Ports = 2> <Width = 8> <Depth = 65536> <RAM>
ST_3 : Operation 40 [1/1] (0.39ns)   --->   "%reuse_select = select i1 %addr_cmp, i8 %reuse_reg_load, i8 %unusableInfo_targetSites_data_load" [/home/xiaorang/Documents/ATOMFLOW/sorting-organized-main/src/sortLatticeByRow.cpp:211->/home/xiaorang/Documents/ATOMFLOW/sorting-organized-main/src/sortLatticeByRow.cpp:1276->/home/xiaorang/Documents/ATOMFLOW/sorting-organized-main/src/sortLatticeByRow.cpp:1833]   --->   Operation 40 'select' 'reuse_select' <Predicate = true> <Delay = 0.39> <CoreInst = "Sel">   --->   Core 73 'Sel' <Latency = 0> <II = 1> <Delay = 0.39> <FuncUnit> <Opcode : 'select'> <InPorts = 3> <OutPorts = 1>
ST_3 : Operation 41 [1/1] ( I:1.23ns O:1.23ns )   --->   "%store_ln211 = store i8 %reuse_select, i16 %unusableInfo_targetSites_data_addr" [/home/xiaorang/Documents/ATOMFLOW/sorting-organized-main/src/sortLatticeByRow.cpp:211->/home/xiaorang/Documents/ATOMFLOW/sorting-organized-main/src/sortLatticeByRow.cpp:1276->/home/xiaorang/Documents/ATOMFLOW/sorting-organized-main/src/sortLatticeByRow.cpp:1833]   --->   Operation 41 'store' 'store_ln211' <Predicate = true> <Delay = 1.23> <CoreInst = "RAM_2P_BRAM">   --->   Core 93 'RAM_2P_BRAM' <Latency = 1> <II = 1> <Delay = 1.23> <Storage> <Opcode : 'load' 'store'> <Ports = 2> <Width = 8> <Depth = 65536> <RAM>
ST_3 : Operation 42 [1/1] (0.42ns)   --->   "%store_ln211 = store i8 %reuse_select, i8 %reuse_reg" [/home/xiaorang/Documents/ATOMFLOW/sorting-organized-main/src/sortLatticeByRow.cpp:211->/home/xiaorang/Documents/ATOMFLOW/sorting-organized-main/src/sortLatticeByRow.cpp:1276->/home/xiaorang/Documents/ATOMFLOW/sorting-organized-main/src/sortLatticeByRow.cpp:1833]   --->   Operation 42 'store' 'store_ln211' <Predicate = true> <Delay = 0.42>
ST_3 : Operation 43 [1/1] (0.42ns)   --->   "%store_ln211 = store i64 %zext_ln211, i64 %reuse_addr_reg" [/home/xiaorang/Documents/ATOMFLOW/sorting-organized-main/src/sortLatticeByRow.cpp:211->/home/xiaorang/Documents/ATOMFLOW/sorting-organized-main/src/sortLatticeByRow.cpp:1276->/home/xiaorang/Documents/ATOMFLOW/sorting-organized-main/src/sortLatticeByRow.cpp:1833]   --->   Operation 43 'store' 'store_ln211' <Predicate = true> <Delay = 0.42>
ST_3 : Operation 44 [1/1] (0.00ns)   --->   "%br_ln206 = br void %for.body.i264.i" [/home/xiaorang/Documents/ATOMFLOW/sorting-organized-main/src/sortLatticeByRow.cpp:206->/home/xiaorang/Documents/ATOMFLOW/sorting-organized-main/src/sortLatticeByRow.cpp:1276->/home/xiaorang/Documents/ATOMFLOW/sorting-organized-main/src/sortLatticeByRow.cpp:1833]   --->   Operation 44 'br' 'br_ln206' <Predicate = true> <Delay = 0.00>


============================================================
+ Verbose Summary: Binding
============================================================
STG Binding: 
---------------- STG Properties BEGIN ----------------
- Is combinational: 0
- Is one-state seq: 0
- Is datapath-only: 0
- Is pipelined: 0
- Is top level: 0
Port [ Return ] is wired: 1; IO mode=ap_ctrl_hs:ce=0
Port [ sext_ln1275]:  wired=1; compound=0; hidden=0; nouse=0; global=0; static=0; extern=0; dir=0; type=0; pingpong=0; private_global=0; IO mode=ap_none:ce=0
Port [ shift_end_1]:  wired=1; compound=0; hidden=0; nouse=0; global=0; static=0; extern=0; dir=0; type=0; pingpong=0; private_global=0; IO mode=ap_none:ce=0
Port [ empty_105]:  wired=1; compound=0; hidden=0; nouse=0; global=0; static=0; extern=0; dir=0; type=0; pingpong=0; private_global=0; IO mode=ap_none:ce=0
Port [ unusableInfo_targetSites_data]:  wired=1; compound=1; hidden=0; nouse=0; global=0; static=0; extern=0; dir=2; type=1; pingpong=0; private_global=0; MemPort=[10]; IO mode=ap_memory:ce=0
Port [ empty]:  wired=1; compound=0; hidden=0; nouse=0; global=0; static=0; extern=0; dir=0; type=0; pingpong=0; private_global=0; IO mode=ap_none:ce=0
---------------- STG Properties END ------------------

---------------- Datapath Model BEGIN ----------------

<LifeTime>
<method=bitvector/>
reuse_addr_reg                       (alloca           ) [ 0111]
reuse_reg                            (alloca           ) [ 0111]
i                                    (alloca           ) [ 0110]
tmp                                  (read             ) [ 0010]
tmp_4                                (read             ) [ 0010]
shift_end_1_read                     (read             ) [ 0010]
sext_ln1275_read                     (read             ) [ 0000]
sext_ln1275_cast                     (zext             ) [ 0000]
specmemcore_ln0                      (specmemcore      ) [ 0000]
store_ln206                          (store            ) [ 0000]
store_ln0                            (store            ) [ 0000]
store_ln0                            (store            ) [ 0000]
br_ln0                               (br               ) [ 0000]
i_13                                 (load             ) [ 0000]
zext_ln206                           (zext             ) [ 0000]
icmp_ln206                           (icmp             ) [ 0010]
br_ln206                             (br               ) [ 0000]
trunc_ln211                          (trunc            ) [ 0000]
add_ln211                            (add              ) [ 0101]
add_ln211_1                          (add              ) [ 0000]
add_ln211_2                          (add              ) [ 0000]
zext_ln211_1                         (zext             ) [ 0000]
unusableInfo_targetSites_data_addr_1 (getelementptr    ) [ 0101]
reuse_addr_reg_load                  (load             ) [ 0000]
addr_cmp                             (icmp             ) [ 0101]
i_14                                 (add              ) [ 0000]
store_ln206                          (store            ) [ 0000]
zext_ln211                           (zext             ) [ 0000]
unusableInfo_targetSites_data_addr   (getelementptr    ) [ 0000]
specpipeline_ln208                   (specpipeline     ) [ 0000]
speclooptripcount_ln209              (speclooptripcount) [ 0000]
specloopname_ln206                   (specloopname     ) [ 0000]
reuse_reg_load                       (load             ) [ 0000]
unusableInfo_targetSites_data_load   (load             ) [ 0000]
reuse_select                         (select           ) [ 0000]
store_ln211                          (store            ) [ 0000]
store_ln211                          (store            ) [ 0000]
store_ln211                          (store            ) [ 0000]
br_ln206                             (br               ) [ 0000]
ret_ln0                              (ret              ) [ 0000]
</LifeTime>

<model>

<comp_list>
<comp id="0" class="1000" name="sext_ln1275">
<pin_list>
<pin id="1" dir="1" index="0" bw="1" slack="0"/>
</pin_list>
<bind>
<StgValue><ssdm name="sext_ln1275"/></StgValue>
</bind>
</comp>

<comp id="2" class="1000" name="shift_end_1">
<pin_list>
<pin id="3" dir="1" index="0" bw="1" slack="0"/>
</pin_list>
<bind>
<StgValue><ssdm name="shift_end_1"/></StgValue>
</bind>
</comp>

<comp id="4" class="1000" name="empty_105">
<pin_list>
<pin id="5" dir="1" index="0" bw="1" slack="0"/>
</pin_list>
<bind>
<StgValue><ssdm name="empty_105"/></StgValue>
</bind>
</comp>

<comp id="6" class="1000" name="unusableInfo_targetSites_data">
<pin_list>
<pin id="7" dir="1" index="0" bw="1" slack="0"/>
</pin_list>
<bind>
<StgValue><ssdm name="unusableInfo_targetSites_data"/><MemPortTyVec>1 0 </MemPortTyVec>
</StgValue>
</bind>
</comp>

<comp id="8" class="1000" name="empty">
<pin_list>
<pin id="9" dir="1" index="0" bw="1" slack="0"/>
</pin_list>
<bind>
<StgValue><ssdm name="empty"/></StgValue>
</bind>
</comp>

<comp id="10" class="1001" name="const_10">
<pin_list>
<pin id="11" dir="1" index="0" bw="1" slack="0"/>
</pin_list>
<bind>
<StgValue><ssdm name=""/></StgValue>
</bind>
</comp>

<comp id="12" class="1001" name="const_12">
<pin_list>
<pin id="13" dir="1" index="0" bw="1" slack="0"/>
</pin_list>
<bind>
<StgValue><ssdm name="_ssdm_op_Read.ap_auto.i16"/></StgValue>
</bind>
</comp>

<comp id="14" class="1001" name="const_14">
<pin_list>
<pin id="15" dir="1" index="0" bw="1" slack="0"/>
</pin_list>
<bind>
<StgValue><ssdm name="_ssdm_op_Read.ap_auto.i18"/></StgValue>
</bind>
</comp>

<comp id="16" class="1001" name="const_16">
<pin_list>
<pin id="17" dir="1" index="0" bw="1" slack="0"/>
</pin_list>
<bind>
<StgValue><ssdm name="_ssdm_op_Read.ap_auto.i15"/></StgValue>
</bind>
</comp>

<comp id="18" class="1001" name="const_18">
<pin_list>
<pin id="19" dir="1" index="0" bw="1" slack="2147483647"/>
</pin_list>
<bind>
<StgValue><ssdm name="_ssdm_op_SpecMemCore"/></StgValue>
</bind>
</comp>

<comp id="20" class="1001" name="const_20">
<pin_list>
<pin id="21" dir="1" index="0" bw="1" slack="2147483647"/>
</pin_list>
<bind>
<StgValue><ssdm name=""/></StgValue>
</bind>
</comp>

<comp id="22" class="1001" name="const_22">
<pin_list>
<pin id="23" dir="1" index="0" bw="1" slack="2147483647"/>
</pin_list>
<bind>
<StgValue><ssdm name=""/></StgValue>
</bind>
</comp>

<comp id="24" class="1001" name="const_24">
<pin_list>
<pin id="25" dir="1" index="0" bw="1" slack="0"/>
</pin_list>
<bind>
<StgValue><ssdm name=""/></StgValue>
</bind>
</comp>

<comp id="26" class="1001" name="const_26">
<pin_list>
<pin id="27" dir="1" index="0" bw="1" slack="0"/>
</pin_list>
<bind>
<StgValue><ssdm name=""/></StgValue>
</bind>
</comp>

<comp id="28" class="1001" name="const_28">
<pin_list>
<pin id="29" dir="1" index="0" bw="1" slack="0"/>
</pin_list>
<bind>
<StgValue><ssdm name=""/></StgValue>
</bind>
</comp>

<comp id="30" class="1001" name="const_30">
<pin_list>
<pin id="31" dir="1" index="0" bw="1" slack="0"/>
</pin_list>
<bind>
<StgValue><ssdm name=""/></StgValue>
</bind>
</comp>

<comp id="32" class="1001" name="const_32">
<pin_list>
<pin id="33" dir="1" index="0" bw="1" slack="2147483647"/>
</pin_list>
<bind>
<StgValue><ssdm name="_ssdm_op_SpecPipeline"/></StgValue>
</bind>
</comp>

<comp id="34" class="1001" name="const_34">
<pin_list>
<pin id="35" dir="1" index="0" bw="1" slack="2147483647"/>
</pin_list>
<bind>
<StgValue><ssdm name=""/></StgValue>
</bind>
</comp>

<comp id="36" class="1001" name="const_36">
<pin_list>
<pin id="37" dir="1" index="0" bw="1" slack="2147483647"/>
</pin_list>
<bind>
<StgValue><ssdm name=""/></StgValue>
</bind>
</comp>

<comp id="38" class="1001" name="const_38">
<pin_list>
<pin id="39" dir="1" index="0" bw="1" slack="2147483647"/>
</pin_list>
<bind>
<StgValue><ssdm name="empty_18"/></StgValue>
</bind>
</comp>

<comp id="40" class="1001" name="const_40">
<pin_list>
<pin id="41" dir="1" index="0" bw="1" slack="2147483647"/>
</pin_list>
<bind>
<StgValue><ssdm name="_ssdm_op_SpecLoopTripCount"/></StgValue>
</bind>
</comp>

<comp id="42" class="1001" name="const_42">
<pin_list>
<pin id="43" dir="1" index="0" bw="1" slack="2147483647"/>
</pin_list>
<bind>
<StgValue><ssdm name=""/></StgValue>
</bind>
</comp>

<comp id="44" class="1001" name="const_44">
<pin_list>
<pin id="45" dir="1" index="0" bw="1" slack="2147483647"/>
</pin_list>
<bind>
<StgValue><ssdm name=""/></StgValue>
</bind>
</comp>

<comp id="46" class="1001" name="const_46">
<pin_list>
<pin id="47" dir="1" index="0" bw="1" slack="2147483647"/>
</pin_list>
<bind>
<StgValue><ssdm name=""/></StgValue>
</bind>
</comp>

<comp id="48" class="1001" name="const_48">
<pin_list>
<pin id="49" dir="1" index="0" bw="1" slack="2147483647"/>
</pin_list>
<bind>
<StgValue><ssdm name="_ssdm_op_SpecLoopName"/></StgValue>
</bind>
</comp>

<comp id="50" class="1001" name="const_50">
<pin_list>
<pin id="51" dir="1" index="0" bw="1" slack="2147483647"/>
</pin_list>
<bind>
<StgValue><ssdm name="empty_48"/></StgValue>
</bind>
</comp>

<comp id="52" class="1004" name="reuse_addr_reg_fu_52">
<pin_list>
<pin id="53" dir="0" index="0" bw="1" slack="0"/>
<pin id="54" dir="1" index="1" bw="64" slack="0"/>
</pin_list>
<bind>
<opcode="alloca(26) " fcode="alloca"/>
<opset="reuse_addr_reg/1 "/>
</bind>
</comp>

<comp id="56" class="1004" name="reuse_reg_fu_56">
<pin_list>
<pin id="57" dir="0" index="0" bw="1" slack="0"/>
<pin id="58" dir="1" index="1" bw="8" slack="0"/>
</pin_list>
<bind>
<opcode="alloca(26) " fcode="alloca"/>
<opset="reuse_reg/1 "/>
</bind>
</comp>

<comp id="60" class="1004" name="i_fu_60">
<pin_list>
<pin id="61" dir="0" index="0" bw="1" slack="0"/>
<pin id="62" dir="1" index="1" bw="17" slack="0"/>
</pin_list>
<bind>
<opcode="alloca(26) " fcode="alloca"/>
<opset="i/1 "/>
</bind>
</comp>

<comp id="64" class="1004" name="tmp_read_fu_64">
<pin_list>
<pin id="65" dir="0" index="0" bw="16" slack="0"/>
<pin id="66" dir="0" index="1" bw="16" slack="0"/>
<pin id="67" dir="1" index="2" bw="16" slack="1"/>
</pin_list>
<bind>
<opcode="read(1150) " fcode="read"/>
<opset="tmp/1 "/>
</bind>
</comp>

<comp id="70" class="1004" name="tmp_4_read_fu_70">
<pin_list>
<pin id="71" dir="0" index="0" bw="16" slack="0"/>
<pin id="72" dir="0" index="1" bw="16" slack="0"/>
<pin id="73" dir="1" index="2" bw="16" slack="1"/>
</pin_list>
<bind>
<opcode="read(1150) " fcode="read"/>
<opset="tmp_4/1 "/>
</bind>
</comp>

<comp id="76" class="1004" name="shift_end_1_read_read_fu_76">
<pin_list>
<pin id="77" dir="0" index="0" bw="18" slack="0"/>
<pin id="78" dir="0" index="1" bw="18" slack="0"/>
<pin id="79" dir="1" index="2" bw="18" slack="1"/>
</pin_list>
<bind>
<opcode="read(1150) " fcode="read"/>
<opset="shift_end_1_read/1 "/>
</bind>
</comp>

<comp id="82" class="1004" name="sext_ln1275_read_read_fu_82">
<pin_list>
<pin id="83" dir="0" index="0" bw="15" slack="0"/>
<pin id="84" dir="0" index="1" bw="15" slack="0"/>
<pin id="85" dir="1" index="2" bw="15" slack="0"/>
</pin_list>
<bind>
<opcode="read(1150) " fcode="read"/>
<opset="sext_ln1275_read/1 "/>
</bind>
</comp>

<comp id="88" class="1004" name="unusableInfo_targetSites_data_addr_1_gep_fu_88">
<pin_list>
<pin id="89" dir="0" index="0" bw="8" slack="0"/>
<pin id="90" dir="0" index="1" bw="1" slack="0"/>
<pin id="91" dir="0" index="2" bw="16" slack="0"/>
<pin id="92" dir="1" index="3" bw="16" slack="0"/>
</pin_list>
<bind>
<opcode="getelementptr(29) " fcode="getelementptr"/>
<opset="unusableInfo_targetSites_data_addr_1/2 "/>
</bind>
</comp>

<comp id="95" class="1004" name="grp_access_fu_95">
<pin_list>
<pin id="96" dir="0" index="0" bw="16" slack="0"/>
<pin id="97" dir="0" index="1" bw="8" slack="2147483647"/>
<pin id="98" dir="0" index="2" bw="0" slack="0"/>
<pin id="108" dir="0" index="4" bw="16" slack="0"/>
<pin id="109" dir="0" index="5" bw="8" slack="2147483647"/>
<pin id="110" dir="0" index="6" bw="0" slack="2147483647"/>
<pin id="99" dir="1" index="3" bw="8" slack="0"/>
<pin id="111" dir="1" index="7" bw="8" slack="2147483647"/>
</pin_list>
<bind>
<opcode="load(27) store(28) " fcode="store"/>
<opset="unusableInfo_targetSites_data_load/2 store_ln211/3 "/>
</bind>
</comp>

<comp id="101" class="1004" name="unusableInfo_targetSites_data_addr_gep_fu_101">
<pin_list>
<pin id="102" dir="0" index="0" bw="8" slack="0"/>
<pin id="103" dir="0" index="1" bw="1" slack="0"/>
<pin id="104" dir="0" index="2" bw="16" slack="0"/>
<pin id="105" dir="1" index="3" bw="16" slack="0"/>
</pin_list>
<bind>
<opcode="getelementptr(29) " fcode="getelementptr"/>
<opset="unusableInfo_targetSites_data_addr/3 "/>
</bind>
</comp>

<comp id="113" class="1004" name="sext_ln1275_cast_fu_113">
<pin_list>
<pin id="114" dir="0" index="0" bw="15" slack="0"/>
<pin id="115" dir="1" index="1" bw="17" slack="0"/>
</pin_list>
<bind>
<opcode="zext(34) " fcode="zext"/>
<opset="sext_ln1275_cast/1 "/>
</bind>
</comp>

<comp id="117" class="1004" name="store_ln206_store_fu_117">
<pin_list>
<pin id="118" dir="0" index="0" bw="15" slack="0"/>
<pin id="119" dir="0" index="1" bw="17" slack="0"/>
<pin id="120" dir="1" index="2" bw="0" slack="2147483647"/>
</pin_list>
<bind>
<opcode="store(28) " fcode="store"/>
<opset="store_ln206/1 "/>
</bind>
</comp>

<comp id="122" class="1004" name="store_ln0_store_fu_122">
<pin_list>
<pin id="123" dir="0" index="0" bw="1" slack="0"/>
<pin id="124" dir="0" index="1" bw="8" slack="0"/>
<pin id="125" dir="1" index="2" bw="0" slack="2147483647"/>
</pin_list>
<bind>
<opcode="store(28) " fcode="store"/>
<opset="store_ln0/1 "/>
</bind>
</comp>

<comp id="127" class="1004" name="store_ln0_store_fu_127">
<pin_list>
<pin id="128" dir="0" index="0" bw="1" slack="0"/>
<pin id="129" dir="0" index="1" bw="64" slack="0"/>
<pin id="130" dir="1" index="2" bw="0" slack="2147483647"/>
</pin_list>
<bind>
<opcode="store(28) " fcode="store"/>
<opset="store_ln0/1 "/>
</bind>
</comp>

<comp id="132" class="1004" name="i_13_load_fu_132">
<pin_list>
<pin id="133" dir="0" index="0" bw="17" slack="1"/>
<pin id="134" dir="1" index="1" bw="17" slack="0"/>
</pin_list>
<bind>
<opcode="load(27) " fcode="load"/>
<opset="i_13/2 "/>
</bind>
</comp>

<comp id="135" class="1004" name="zext_ln206_fu_135">
<pin_list>
<pin id="136" dir="0" index="0" bw="17" slack="0"/>
<pin id="137" dir="1" index="1" bw="18" slack="0"/>
</pin_list>
<bind>
<opcode="zext(34) " fcode="zext"/>
<opset="zext_ln206/2 "/>
</bind>
</comp>

<comp id="139" class="1004" name="icmp_ln206_fu_139">
<pin_list>
<pin id="140" dir="0" index="0" bw="18" slack="0"/>
<pin id="141" dir="0" index="1" bw="18" slack="1"/>
<pin id="142" dir="1" index="2" bw="1" slack="2147483647"/>
</pin_list>
<bind>
<opcode="icmp(45) " fcode="icmp"/>
<opset="icmp_ln206/2 "/>
</bind>
</comp>

<comp id="144" class="1004" name="trunc_ln211_fu_144">
<pin_list>
<pin id="145" dir="0" index="0" bw="17" slack="0"/>
<pin id="146" dir="1" index="1" bw="16" slack="0"/>
</pin_list>
<bind>
<opcode="trunc(33) " fcode="trunc"/>
<opset="trunc_ln211/2 "/>
</bind>
</comp>

<comp id="148" class="1004" name="add_ln211_fu_148">
<pin_list>
<pin id="149" dir="0" index="0" bw="16" slack="1"/>
<pin id="150" dir="0" index="1" bw="16" slack="0"/>
<pin id="151" dir="1" index="2" bw="16" slack="1"/>
</pin_list>
<bind>
<opcode="add(8) " fcode="add"/>
<opset="add_ln211/2 "/>
</bind>
</comp>

<comp id="153" class="1004" name="add_ln211_1_fu_153">
<pin_list>
<pin id="154" dir="0" index="0" bw="16" slack="1"/>
<pin id="155" dir="0" index="1" bw="16" slack="1"/>
<pin id="156" dir="1" index="2" bw="16" slack="0"/>
</pin_list>
<bind>
<opcode="add(8) " fcode="add"/>
<opset="add_ln211_1/2 "/>
</bind>
</comp>

<comp id="157" class="1004" name="add_ln211_2_fu_157">
<pin_list>
<pin id="158" dir="0" index="0" bw="16" slack="0"/>
<pin id="159" dir="0" index="1" bw="16" slack="0"/>
<pin id="160" dir="1" index="2" bw="16" slack="0"/>
</pin_list>
<bind>
<opcode="add(8) " fcode="add"/>
<opset="add_ln211_2/2 "/>
</bind>
</comp>

<comp id="163" class="1004" name="zext_ln211_1_fu_163">
<pin_list>
<pin id="164" dir="0" index="0" bw="16" slack="0"/>
<pin id="165" dir="1" index="1" bw="64" slack="0"/>
</pin_list>
<bind>
<opcode="zext(34) " fcode="zext"/>
<opset="zext_ln211_1/2 "/>
</bind>
</comp>

<comp id="168" class="1004" name="reuse_addr_reg_load_load_fu_168">
<pin_list>
<pin id="169" dir="0" index="0" bw="64" slack="1"/>
<pin id="170" dir="1" index="1" bw="64" slack="0"/>
</pin_list>
<bind>
<opcode="load(27) " fcode="load"/>
<opset="reuse_addr_reg_load/2 "/>
</bind>
</comp>

<comp id="171" class="1004" name="addr_cmp_fu_171">
<pin_list>
<pin id="172" dir="0" index="0" bw="64" slack="0"/>
<pin id="173" dir="0" index="1" bw="64" slack="0"/>
<pin id="174" dir="1" index="2" bw="1" slack="1"/>
</pin_list>
<bind>
<opcode="icmp(45) " fcode="icmp"/>
<opset="addr_cmp/2 "/>
</bind>
</comp>

<comp id="177" class="1004" name="i_14_fu_177">
<pin_list>
<pin id="178" dir="0" index="0" bw="17" slack="0"/>
<pin id="179" dir="0" index="1" bw="1" slack="0"/>
<pin id="180" dir="1" index="2" bw="17" slack="0"/>
</pin_list>
<bind>
<opcode="add(8) " fcode="add"/>
<opset="i_14/2 "/>
</bind>
</comp>

<comp id="183" class="1004" name="store_ln206_store_fu_183">
<pin_list>
<pin id="184" dir="0" index="0" bw="17" slack="0"/>
<pin id="185" dir="0" index="1" bw="17" slack="1"/>
<pin id="186" dir="1" index="2" bw="0" slack="2147483647"/>
</pin_list>
<bind>
<opcode="store(28) " fcode="store"/>
<opset="store_ln206/2 "/>
</bind>
</comp>

<comp id="188" class="1004" name="zext_ln211_fu_188">
<pin_list>
<pin id="189" dir="0" index="0" bw="16" slack="1"/>
<pin id="190" dir="1" index="1" bw="64" slack="0"/>
</pin_list>
<bind>
<opcode="zext(34) " fcode="zext"/>
<opset="zext_ln211/3 "/>
</bind>
</comp>

<comp id="192" class="1004" name="reuse_reg_load_load_fu_192">
<pin_list>
<pin id="193" dir="0" index="0" bw="8" slack="2"/>
<pin id="194" dir="1" index="1" bw="8" slack="0"/>
</pin_list>
<bind>
<opcode="load(27) " fcode="load"/>
<opset="reuse_reg_load/3 "/>
</bind>
</comp>

<comp id="195" class="1004" name="reuse_select_fu_195">
<pin_list>
<pin id="196" dir="0" index="0" bw="1" slack="1"/>
<pin id="197" dir="0" index="1" bw="8" slack="0"/>
<pin id="198" dir="0" index="2" bw="8" slack="0"/>
<pin id="199" dir="1" index="3" bw="8" slack="0"/>
</pin_list>
<bind>
<opcode="select(49) " fcode="select"/>
<opset="reuse_select/3 "/>
</bind>
</comp>

<comp id="203" class="1004" name="store_ln211_store_fu_203">
<pin_list>
<pin id="204" dir="0" index="0" bw="8" slack="0"/>
<pin id="205" dir="0" index="1" bw="8" slack="2"/>
<pin id="206" dir="1" index="2" bw="0" slack="2147483647"/>
</pin_list>
<bind>
<opcode="store(28) " fcode="store"/>
<opset="store_ln211/3 "/>
</bind>
</comp>

<comp id="208" class="1004" name="store_ln211_store_fu_208">
<pin_list>
<pin id="209" dir="0" index="0" bw="16" slack="0"/>
<pin id="210" dir="0" index="1" bw="64" slack="2"/>
<pin id="211" dir="1" index="2" bw="0" slack="2147483647"/>
</pin_list>
<bind>
<opcode="store(28) " fcode="store"/>
<opset="store_ln211/3 "/>
</bind>
</comp>

<comp id="213" class="1005" name="reuse_addr_reg_reg_213">
<pin_list>
<pin id="214" dir="0" index="0" bw="64" slack="0"/>
<pin id="215" dir="1" index="1" bw="64" slack="0"/>
</pin_list>
<bind>
<opset="reuse_addr_reg "/>
</bind>
</comp>

<comp id="220" class="1005" name="reuse_reg_reg_220">
<pin_list>
<pin id="221" dir="0" index="0" bw="8" slack="0"/>
<pin id="222" dir="1" index="1" bw="8" slack="0"/>
</pin_list>
<bind>
<opset="reuse_reg "/>
</bind>
</comp>

<comp id="227" class="1005" name="i_reg_227">
<pin_list>
<pin id="228" dir="0" index="0" bw="17" slack="0"/>
<pin id="229" dir="1" index="1" bw="17" slack="0"/>
</pin_list>
<bind>
<opset="i "/>
</bind>
</comp>

<comp id="234" class="1005" name="tmp_reg_234">
<pin_list>
<pin id="235" dir="0" index="0" bw="16" slack="1"/>
<pin id="236" dir="1" index="1" bw="16" slack="1"/>
</pin_list>
<bind>
<opset="tmp "/>
</bind>
</comp>

<comp id="239" class="1005" name="tmp_4_reg_239">
<pin_list>
<pin id="240" dir="0" index="0" bw="16" slack="1"/>
<pin id="241" dir="1" index="1" bw="16" slack="1"/>
</pin_list>
<bind>
<opset="tmp_4 "/>
</bind>
</comp>

<comp id="245" class="1005" name="shift_end_1_read_reg_245">
<pin_list>
<pin id="246" dir="0" index="0" bw="18" slack="1"/>
<pin id="247" dir="1" index="1" bw="18" slack="1"/>
</pin_list>
<bind>
<opset="shift_end_1_read "/>
</bind>
</comp>

<comp id="253" class="1005" name="add_ln211_reg_253">
<pin_list>
<pin id="254" dir="0" index="0" bw="16" slack="1"/>
<pin id="255" dir="1" index="1" bw="16" slack="1"/>
</pin_list>
<bind>
<opset="add_ln211 "/>
</bind>
</comp>

<comp id="258" class="1005" name="unusableInfo_targetSites_data_addr_1_reg_258">
<pin_list>
<pin id="259" dir="0" index="0" bw="16" slack="1"/>
<pin id="260" dir="1" index="1" bw="16" slack="1"/>
</pin_list>
<bind>
<opset="unusableInfo_targetSites_data_addr_1 "/>
</bind>
</comp>

<comp id="263" class="1005" name="addr_cmp_reg_263">
<pin_list>
<pin id="264" dir="0" index="0" bw="1" slack="1"/>
<pin id="265" dir="1" index="1" bw="1" slack="1"/>
</pin_list>
<bind>
<opset="addr_cmp "/>
</bind>
</comp>

</comp_list>

<net_list>
<net id="55"><net_src comp="10" pin="0"/><net_sink comp="52" pin=0"/></net>

<net id="59"><net_src comp="10" pin="0"/><net_sink comp="56" pin=0"/></net>

<net id="63"><net_src comp="10" pin="0"/><net_sink comp="60" pin=0"/></net>

<net id="68"><net_src comp="12" pin="0"/><net_sink comp="64" pin=0"/></net>

<net id="69"><net_src comp="8" pin="0"/><net_sink comp="64" pin=1"/></net>

<net id="74"><net_src comp="12" pin="0"/><net_sink comp="70" pin=0"/></net>

<net id="75"><net_src comp="4" pin="0"/><net_sink comp="70" pin=1"/></net>

<net id="80"><net_src comp="14" pin="0"/><net_sink comp="76" pin=0"/></net>

<net id="81"><net_src comp="2" pin="0"/><net_sink comp="76" pin=1"/></net>

<net id="86"><net_src comp="16" pin="0"/><net_sink comp="82" pin=0"/></net>

<net id="87"><net_src comp="0" pin="0"/><net_sink comp="82" pin=1"/></net>

<net id="93"><net_src comp="6" pin="0"/><net_sink comp="88" pin=0"/></net>

<net id="94"><net_src comp="28" pin="0"/><net_sink comp="88" pin=1"/></net>

<net id="100"><net_src comp="88" pin="3"/><net_sink comp="95" pin=0"/></net>

<net id="106"><net_src comp="6" pin="0"/><net_sink comp="101" pin=0"/></net>

<net id="107"><net_src comp="28" pin="0"/><net_sink comp="101" pin=1"/></net>

<net id="112"><net_src comp="101" pin="3"/><net_sink comp="95" pin=2"/></net>

<net id="116"><net_src comp="82" pin="2"/><net_sink comp="113" pin=0"/></net>

<net id="121"><net_src comp="113" pin="1"/><net_sink comp="117" pin=0"/></net>

<net id="126"><net_src comp="26" pin="0"/><net_sink comp="122" pin=0"/></net>

<net id="131"><net_src comp="24" pin="0"/><net_sink comp="127" pin=0"/></net>

<net id="138"><net_src comp="132" pin="1"/><net_sink comp="135" pin=0"/></net>

<net id="143"><net_src comp="135" pin="1"/><net_sink comp="139" pin=0"/></net>

<net id="147"><net_src comp="132" pin="1"/><net_sink comp="144" pin=0"/></net>

<net id="152"><net_src comp="144" pin="1"/><net_sink comp="148" pin=1"/></net>

<net id="161"><net_src comp="153" pin="2"/><net_sink comp="157" pin=0"/></net>

<net id="162"><net_src comp="144" pin="1"/><net_sink comp="157" pin=1"/></net>

<net id="166"><net_src comp="157" pin="2"/><net_sink comp="163" pin=0"/></net>

<net id="167"><net_src comp="163" pin="1"/><net_sink comp="88" pin=2"/></net>

<net id="175"><net_src comp="168" pin="1"/><net_sink comp="171" pin=0"/></net>

<net id="176"><net_src comp="163" pin="1"/><net_sink comp="171" pin=1"/></net>

<net id="181"><net_src comp="132" pin="1"/><net_sink comp="177" pin=0"/></net>

<net id="182"><net_src comp="30" pin="0"/><net_sink comp="177" pin=1"/></net>

<net id="187"><net_src comp="177" pin="2"/><net_sink comp="183" pin=0"/></net>

<net id="191"><net_src comp="188" pin="1"/><net_sink comp="101" pin=2"/></net>

<net id="200"><net_src comp="192" pin="1"/><net_sink comp="195" pin=1"/></net>

<net id="201"><net_src comp="95" pin="3"/><net_sink comp="195" pin=2"/></net>

<net id="202"><net_src comp="195" pin="3"/><net_sink comp="95" pin=4"/></net>

<net id="207"><net_src comp="195" pin="3"/><net_sink comp="203" pin=0"/></net>

<net id="212"><net_src comp="188" pin="1"/><net_sink comp="208" pin=0"/></net>

<net id="216"><net_src comp="52" pin="1"/><net_sink comp="213" pin=0"/></net>

<net id="217"><net_src comp="213" pin="1"/><net_sink comp="127" pin=1"/></net>

<net id="218"><net_src comp="213" pin="1"/><net_sink comp="168" pin=0"/></net>

<net id="219"><net_src comp="213" pin="1"/><net_sink comp="208" pin=1"/></net>

<net id="223"><net_src comp="56" pin="1"/><net_sink comp="220" pin=0"/></net>

<net id="224"><net_src comp="220" pin="1"/><net_sink comp="122" pin=1"/></net>

<net id="225"><net_src comp="220" pin="1"/><net_sink comp="192" pin=0"/></net>

<net id="226"><net_src comp="220" pin="1"/><net_sink comp="203" pin=1"/></net>

<net id="230"><net_src comp="60" pin="1"/><net_sink comp="227" pin=0"/></net>

<net id="231"><net_src comp="227" pin="1"/><net_sink comp="117" pin=1"/></net>

<net id="232"><net_src comp="227" pin="1"/><net_sink comp="132" pin=0"/></net>

<net id="233"><net_src comp="227" pin="1"/><net_sink comp="183" pin=1"/></net>

<net id="237"><net_src comp="64" pin="2"/><net_sink comp="234" pin=0"/></net>

<net id="238"><net_src comp="234" pin="1"/><net_sink comp="153" pin=1"/></net>

<net id="242"><net_src comp="70" pin="2"/><net_sink comp="239" pin=0"/></net>

<net id="243"><net_src comp="239" pin="1"/><net_sink comp="148" pin=0"/></net>

<net id="244"><net_src comp="239" pin="1"/><net_sink comp="153" pin=0"/></net>

<net id="248"><net_src comp="76" pin="2"/><net_sink comp="245" pin=0"/></net>

<net id="249"><net_src comp="245" pin="1"/><net_sink comp="139" pin=1"/></net>

<net id="256"><net_src comp="148" pin="2"/><net_sink comp="253" pin=0"/></net>

<net id="257"><net_src comp="253" pin="1"/><net_sink comp="188" pin=0"/></net>

<net id="261"><net_src comp="88" pin="3"/><net_sink comp="258" pin=0"/></net>

<net id="262"><net_src comp="258" pin="1"/><net_sink comp="95" pin=0"/></net>

<net id="266"><net_src comp="171" pin="2"/><net_sink comp="263" pin=0"/></net>

<net id="267"><net_src comp="263" pin="1"/><net_sink comp="195" pin=0"/></net>

</net_list>

</model> 
---------------- Datapath Model END ------------------

* FSMD analyzer results:
  - Output states:
	Port: unusableInfo_targetSites_data | {3 }
 - Input state : 
	Port: sortRemainingRowsOrCols<HLSMoveStream>_Pipeline_VITIS_LOOP_206_15 : sext_ln1275 | {1 }
	Port: sortRemainingRowsOrCols<HLSMoveStream>_Pipeline_VITIS_LOOP_206_15 : shift_end_1 | {1 }
	Port: sortRemainingRowsOrCols<HLSMoveStream>_Pipeline_VITIS_LOOP_206_15 : empty_105 | {1 }
	Port: sortRemainingRowsOrCols<HLSMoveStream>_Pipeline_VITIS_LOOP_206_15 : unusableInfo_targetSites_data | {2 3 }
	Port: sortRemainingRowsOrCols<HLSMoveStream>_Pipeline_VITIS_LOOP_206_15 : empty | {1 }
  - Chain level:
	State 1
		store_ln206 : 1
		store_ln0 : 1
		store_ln0 : 1
	State 2
		zext_ln206 : 1
		icmp_ln206 : 2
		br_ln206 : 3
		trunc_ln211 : 1
		add_ln211 : 2
		add_ln211_2 : 2
		zext_ln211_1 : 3
		unusableInfo_targetSites_data_addr_1 : 4
		unusableInfo_targetSites_data_load : 5
		addr_cmp : 4
		i_14 : 1
		store_ln206 : 2
	State 3
		unusableInfo_targetSites_data_addr : 1
		reuse_select : 1
		store_ln211 : 2
		store_ln211 : 2
		store_ln211 : 1


============================================================
+ Verbose Summary: Datapath Resource usage 
============================================================

* Functional unit list:
|----------|-----------------------------|---------|---------|
| Operation|       Functional Unit       |    FF   |   LUT   |
|----------|-----------------------------|---------|---------|
|   icmp   |      icmp_ln206_fu_139      |    0    |    25   |
|          |       addr_cmp_fu_171       |    0    |    71   |
|----------|-----------------------------|---------|---------|
|          |       add_ln211_fu_148      |    0    |    23   |
|    add   |      add_ln211_1_fu_153     |    0    |    16   |
|          |      add_ln211_2_fu_157     |    0    |    16   |
|          |         i_14_fu_177         |    0    |    24   |
|----------|-----------------------------|---------|---------|
|  select  |     reuse_select_fu_195     |    0    |    8    |
|----------|-----------------------------|---------|---------|
|          |        tmp_read_fu_64       |    0    |    0    |
|   read   |       tmp_4_read_fu_70      |    0    |    0    |
|          | shift_end_1_read_read_fu_76 |    0    |    0    |
|          | sext_ln1275_read_read_fu_82 |    0    |    0    |
|----------|-----------------------------|---------|---------|
|          |   sext_ln1275_cast_fu_113   |    0    |    0    |
|   zext   |      zext_ln206_fu_135      |    0    |    0    |
|          |     zext_ln211_1_fu_163     |    0    |    0    |
|          |      zext_ln211_fu_188      |    0    |    0    |
|----------|-----------------------------|---------|---------|
|   trunc  |      trunc_ln211_fu_144     |    0    |    0    |
|----------|-----------------------------|---------|---------|
|   Total  |                             |    0    |   183   |
|----------|-----------------------------|---------|---------|

Memories:
N/A

* Register list:
+--------------------------------------------+--------+
|                                            |   FF   |
+--------------------------------------------+--------+
|              add_ln211_reg_253             |   16   |
|              addr_cmp_reg_263              |    1   |
|                  i_reg_227                 |   17   |
|           reuse_addr_reg_reg_213           |   64   |
|              reuse_reg_reg_220             |    8   |
|          shift_end_1_read_reg_245          |   18   |
|                tmp_4_reg_239               |   16   |
|                 tmp_reg_234                |   16   |
|unusableInfo_targetSites_data_addr_1_reg_258|   16   |
+--------------------------------------------+--------+
|                    Total                   |   172  |
+--------------------------------------------+--------+

* Multiplexer (MUX) list: 
|------------------|------|------|------|--------||---------||---------||---------|
|       Comp       |  Pin | Size |  BW  | S x BW ||  Delay  ||    FF   ||   LUT   |
|------------------|------|------|------|--------||---------||---------||---------|
| grp_access_fu_95 |  p0  |   2  |  16  |   32   ||    0    ||    9    |
|------------------|------|------|------|--------||---------||---------||---------|
|       Total      |      |      |      |   32   ||  0.427  ||    0    ||    9    |
|------------------|------|------|------|--------||---------||---------||---------|



* Summary:
+-----------+--------+--------+--------+
|           |  Delay |   FF   |   LUT  |
+-----------+--------+--------+--------+
|  Function |    -   |    0   |   183  |
|   Memory  |    -   |    -   |    -   |
|Multiplexer|    0   |    0   |    9   |
|  Register |    -   |   172  |    -   |
+-----------+--------+--------+--------+
|   Total   |    0   |   172  |   192  |
+-----------+--------+--------+--------+
