

================================================================
== Vitis HLS Report for 'sortRemainingRowsOrCols_HLSMoveStream_Pipeline_VITIS_LOOP_772_14'
================================================================
* Date:           Thu Mar 26 11:03:17 2026

* Version:        2024.2 (Build 5238294 on Nov  8 2024)
* Project:        atomflow_controller_2024_2
* Solution:       hls (Vivado IP Flow Target)
* Product family: zynquplusRFSOC
* Target device:  xczu49dr-ffvf1760-2-e


================================================================
== Performance Estimates
================================================================
+ Timing: 
    * Summary: 
    +--------+----------+----------+------------+
    |  Clock |  Target  | Estimated| Uncertainty|
    +--------+----------+----------+------------+
    |ap_clk  |  10.00 ns|  1.693 ns|     2.70 ns|
    +--------+----------+----------+------------+

+ Latency: 
    * Summary: 
    +---------+---------+-----------+----------+-----+-----+------------------------------------------------+
    |  Latency (cycles) |  Latency (absolute)  |  Interval |                    Pipeline                    |
    |   min   |   max   |    min    |    max   | min | max |                      Type                      |
    +---------+---------+-----------+----------+-----+-----+------------------------------------------------+
    |        3|       10|  30.000 ns|  0.100 us|    2|    9|  loop auto-rewind stp (delay=0 clock cycles(s))|
    +---------+---------+-----------+----------+-----+-----+------------------------------------------------+

    + Detail: 
        * Instance: 
        N/A

        * Loop: 
        +---------------------+---------+---------+----------+-----------+-----------+-------+----------+
        |                     |  Latency (cycles) | Iteration|  Initiation Interval  |  Trip |          |
        |      Loop Name      |   min   |   max   |  Latency |  achieved |   target  | Count | Pipelined|
        +---------------------+---------+---------+----------+-----------+-----------+-------+----------+
        |- VITIS_LOOP_772_14  |        1|        8|         1|          1|          1|  1 ~ 8|       yes|
        +---------------------+---------+---------+----------+-----------+-----------+-------+----------+

============================================================
+ Verbose Summary: Synthesis Manager
============================================================
InlineROM: 1
ExposeGlobal: 0
============================================================
+ Verbose Summary: CDFG Model
============================================================
IsTopModel: 0
ResetActiveHigh: 1
IsCombinational: 0
IsDatapathOnly: 0
HasWiredReturn: 1
HasMFsm: 2
HasVarLatency: 1
IsPipeline: 0
IsRtlPipelined: 0
IsInstanceOverlapped: 0
IsDontTouch: 0
HasImplIP: 0
IsGatedGlobalClock: 0

+ Individual pipeline summary: 
  * Pipeline-0: initiation interval (II) = 1, depth = 2


============================================================
+ Verbose Summary: Schedule
============================================================
* Number of FSM states : 2
* Pipeline : 1
  Pipeline-0 : II = 1, D = 2, States = { 1 2 }
* Dataflow Pipeline: 0

* FSM state transitions: 
1 --> 2 
2 --> 

* FSM state operations: 

State 1 <SV = 0> <Delay = 0.42>
ST_1 : Operation 4 [1/1] (0.00ns)   --->   "%i = alloca i32 1" [/home/xiaorang/Documents/ATOMFLOW/sorting-organized-main/src/sortLatticeByRow.cpp:772->/home/xiaorang/Documents/ATOMFLOW/sorting-organized-main/src/sortLatticeByRow.cpp:1833]   --->   Operation 4 'alloca' 'i' <Predicate = true> <Delay = 0.00>
ST_1 : Operation 5 [1/1] (0.00ns)   --->   "%end_colSelectionCount_3 = alloca i32 1" [/home/xiaorang/Documents/ATOMFLOW/sorting-organized-main/src/sortLatticeByRow.cpp:694->/home/xiaorang/Documents/ATOMFLOW/sorting-organized-main/src/sortLatticeByRow.cpp:1833]   --->   Operation 5 'alloca' 'end_colSelectionCount_3' <Predicate = true> <Delay = 0.00>
ST_1 : Operation 6 [1/1] (0.00ns)   --->   "%indicesLowerOrEqualMiddle_reload_read = read i32 @_ssdm_op_Read.ap_auto.i32, i32 %indicesLowerOrEqualMiddle_reload"   --->   Operation 6 'read' 'indicesLowerOrEqualMiddle_reload_read' <Predicate = true> <Delay = 0.00>
ST_1 : Operation 7 [1/1] (0.00ns)   --->   "%tmp = read i16 @_ssdm_op_Read.ap_auto.i16, i16 %empty"   --->   Operation 7 'read' 'tmp' <Predicate = true> <Delay = 0.00>
ST_1 : Operation 8 [1/1] (0.00ns)   --->   "%tmp_2 = read i32 @_ssdm_op_Read.ap_auto.i32, i32 %empty_104"   --->   Operation 8 'read' 'tmp_2' <Predicate = true> <Delay = 0.00>
ST_1 : Operation 9 [1/1] (0.42ns)   --->   "%store_ln694 = store i8 0, i8 %end_colSelectionCount_3" [/home/xiaorang/Documents/ATOMFLOW/sorting-organized-main/src/sortLatticeByRow.cpp:694->/home/xiaorang/Documents/ATOMFLOW/sorting-organized-main/src/sortLatticeByRow.cpp:1833]   --->   Operation 9 'store' 'store_ln694' <Predicate = true> <Delay = 0.42>
ST_1 : Operation 10 [1/1] (0.42ns)   --->   "%store_ln772 = store i32 0, i32 %i" [/home/xiaorang/Documents/ATOMFLOW/sorting-organized-main/src/sortLatticeByRow.cpp:772->/home/xiaorang/Documents/ATOMFLOW/sorting-organized-main/src/sortLatticeByRow.cpp:1833]   --->   Operation 10 'store' 'store_ln772' <Predicate = true> <Delay = 0.42>
ST_1 : Operation 11 [1/1] (0.00ns)   --->   "%br_ln0 = br void %for.inc397.0.i"   --->   Operation 11 'br' 'br_ln0' <Predicate = true> <Delay = 0.00>

State 2 <SV = 1> <Delay = 1.69>
ST_2 : Operation 12 [1/1] (0.00ns)   --->   "%i_4 = load i32 %i" [/home/xiaorang/Documents/ATOMFLOW/sorting-organized-main/src/sortLatticeByRow.cpp:772->/home/xiaorang/Documents/ATOMFLOW/sorting-organized-main/src/sortLatticeByRow.cpp:1833]   --->   Operation 12 'load' 'i_4' <Predicate = true> <Delay = 0.00>
ST_2 : Operation 13 [1/1] (0.00ns)   --->   "%end_colSelectionCount = load i8 %end_colSelectionCount_3" [/home/xiaorang/Documents/ATOMFLOW/sorting-organized-main/src/sortLatticeByRow.cpp:778->/home/xiaorang/Documents/ATOMFLOW/sorting-organized-main/src/sortLatticeByRow.cpp:1833]   --->   Operation 13 'load' 'end_colSelectionCount' <Predicate = true> <Delay = 0.00>
ST_2 : Operation 14 [1/1] (1.01ns)   --->   "%icmp_ln772 = icmp_eq  i32 %i_4, i32 %tmp_2" [/home/xiaorang/Documents/ATOMFLOW/sorting-organized-main/src/sortLatticeByRow.cpp:772->/home/xiaorang/Documents/ATOMFLOW/sorting-organized-main/src/sortLatticeByRow.cpp:1833]   --->   Operation 14 'icmp' 'icmp_ln772' <Predicate = true> <Delay = 1.01> <CoreInst = "Cmp">   --->   Core 9 'Cmp' <Latency = 0> <II = 1> <Delay = 1.01> <FuncUnit> <Opcode : 'seteq' 'setne' 'setle' 'setge' 'setlt' 'setgt'> <InPorts = 2> <OutPorts = 1>
ST_2 : Operation 15 [1/1] (0.42ns)   --->   "%br_ln772 = br i1 %icmp_ln772, void %for.inc397.0.i.split, void %for.inc415.0.i.preheader.split" [/home/xiaorang/Documents/ATOMFLOW/sorting-organized-main/src/sortLatticeByRow.cpp:772->/home/xiaorang/Documents/ATOMFLOW/sorting-organized-main/src/sortLatticeByRow.cpp:1833]   --->   Operation 15 'br' 'br_ln772' <Predicate = true> <Delay = 0.42>
ST_2 : Operation 16 [1/1] (0.00ns)   --->   "%trunc_ln772 = trunc i32 %i_4" [/home/xiaorang/Documents/ATOMFLOW/sorting-organized-main/src/sortLatticeByRow.cpp:772->/home/xiaorang/Documents/ATOMFLOW/sorting-organized-main/src/sortLatticeByRow.cpp:1833]   --->   Operation 16 'trunc' 'trunc_ln772' <Predicate = (!icmp_ln772)> <Delay = 0.00>
ST_2 : Operation 17 [1/1] (0.00ns)   --->   "%specpipeline_ln694 = specpipeline void @_ssdm_op_SpecPipeline, i32 4294967295, i32 0, i32 0, i32 0, void @empty_18" [/home/xiaorang/Documents/ATOMFLOW/sorting-organized-main/src/sortLatticeByRow.cpp:694->/home/xiaorang/Documents/ATOMFLOW/sorting-organized-main/src/sortLatticeByRow.cpp:1833]   --->   Operation 17 'specpipeline' 'specpipeline_ln694' <Predicate = (!icmp_ln772)> <Delay = 0.00>
ST_2 : Operation 18 [1/1] (0.00ns)   --->   "%speclooptripcount_ln776 = speclooptripcount void @_ssdm_op_SpecLoopTripCount, i64 1, i64 8, i64 4" [/home/xiaorang/Documents/ATOMFLOW/sorting-organized-main/src/sortLatticeByRow.cpp:776->/home/xiaorang/Documents/ATOMFLOW/sorting-organized-main/src/sortLatticeByRow.cpp:1833]   --->   Operation 18 'speclooptripcount' 'speclooptripcount_ln776' <Predicate = (!icmp_ln772)> <Delay = 0.00>
ST_2 : Operation 19 [1/1] (0.00ns)   --->   "%specloopname_ln772 = specloopname void @_ssdm_op_SpecLoopName, void @empty_88" [/home/xiaorang/Documents/ATOMFLOW/sorting-organized-main/src/sortLatticeByRow.cpp:772->/home/xiaorang/Documents/ATOMFLOW/sorting-organized-main/src/sortLatticeByRow.cpp:1833]   --->   Operation 19 'specloopname' 'specloopname_ln772' <Predicate = (!icmp_ln772)> <Delay = 0.00>
ST_2 : Operation 20 [1/1] (0.85ns)   --->   "%sub_ln778 = sub i16 %trunc_ln772, i16 %tmp" [/home/xiaorang/Documents/ATOMFLOW/sorting-organized-main/src/sortLatticeByRow.cpp:778->/home/xiaorang/Documents/ATOMFLOW/sorting-organized-main/src/sortLatticeByRow.cpp:1833]   --->   Operation 20 'sub' 'sub_ln778' <Predicate = (!icmp_ln772)> <Delay = 0.85> <CoreInst = "Adder">   --->   Core 1 'Adder' <Latency = 0> <II = 1> <Delay = 0.85> <FuncUnit> <Opcode : 'add' 'sub'> <InPorts = 2> <OutPorts = 1>
ST_2 : Operation 21 [1/1] (0.00ns)   --->   "%tmp_s = partselect i7 @_ssdm_op_PartSelect.i7.i8.i32.i32, i8 %end_colSelectionCount, i32 1, i32 7" [/home/xiaorang/Documents/ATOMFLOW/sorting-organized-main/src/sortLatticeByRow.cpp:778->/home/xiaorang/Documents/ATOMFLOW/sorting-organized-main/src/sortLatticeByRow.cpp:1833]   --->   Operation 21 'partselect' 'tmp_s' <Predicate = (!icmp_ln772)> <Delay = 0.00>
ST_2 : Operation 22 [1/1] (0.00ns)   --->   "%end_colSelectionCount_4 = bitconcatenate i8 @_ssdm_op_BitConcatenate.i8.i7.i1, i7 %tmp_s, i1 1" [/home/xiaorang/Documents/ATOMFLOW/sorting-organized-main/src/sortLatticeByRow.cpp:778->/home/xiaorang/Documents/ATOMFLOW/sorting-organized-main/src/sortLatticeByRow.cpp:1833]   --->   Operation 22 'bitconcatenate' 'end_colSelectionCount_4' <Predicate = (!icmp_ln772)> <Delay = 0.00>
ST_2 : Operation 23 [1/1] (0.00ns)   --->   "%zext_ln778 = zext i8 %end_colSelectionCount" [/home/xiaorang/Documents/ATOMFLOW/sorting-organized-main/src/sortLatticeByRow.cpp:778->/home/xiaorang/Documents/ATOMFLOW/sorting-organized-main/src/sortLatticeByRow.cpp:1833]   --->   Operation 23 'zext' 'zext_ln778' <Predicate = (!icmp_ln772)> <Delay = 0.00>
ST_2 : Operation 24 [1/1] (0.00ns)   --->   "%end_colSelection_addr = getelementptr i16 %end_colSelection, i64 0, i64 %zext_ln778" [/home/xiaorang/Documents/ATOMFLOW/sorting-organized-main/src/sortLatticeByRow.cpp:778->/home/xiaorang/Documents/ATOMFLOW/sorting-organized-main/src/sortLatticeByRow.cpp:1833]   --->   Operation 24 'getelementptr' 'end_colSelection_addr' <Predicate = (!icmp_ln772)> <Delay = 0.00>
ST_2 : Operation 25 [1/1] ( I:0.67ns O:0.67ns )   --->   "%store_ln778 = store i16 %sub_ln778, i4 %end_colSelection_addr" [/home/xiaorang/Documents/ATOMFLOW/sorting-organized-main/src/sortLatticeByRow.cpp:778->/home/xiaorang/Documents/ATOMFLOW/sorting-organized-main/src/sortLatticeByRow.cpp:1833]   --->   Operation 25 'store' 'store_ln778' <Predicate = (!icmp_ln772)> <Delay = 0.67> <CoreInst = "RAM">   --->   Core 82 'RAM' <Latency = 1> <II = 1> <Delay = 0.67> <Storage> <Opcode : 'load' 'store'> <Ports = 2> <Width = 16> <Depth = 16> <RAM>
ST_2 : Operation 26 [1/1] (0.00ns)   --->   "%tmp_3 = partselect i31 @_ssdm_op_PartSelect.i31.i32.i32.i32, i32 %i_4, i32 1, i32 31" [/home/xiaorang/Documents/ATOMFLOW/sorting-organized-main/src/sortLatticeByRow.cpp:772->/home/xiaorang/Documents/ATOMFLOW/sorting-organized-main/src/sortLatticeByRow.cpp:1833]   --->   Operation 26 'partselect' 'tmp_3' <Predicate = (!icmp_ln772)> <Delay = 0.00>
ST_2 : Operation 27 [1/1] (0.00ns)   --->   "%i_5 = bitconcatenate i32 @_ssdm_op_BitConcatenate.i32.i31.i1, i31 %tmp_3, i1 1" [/home/xiaorang/Documents/ATOMFLOW/sorting-organized-main/src/sortLatticeByRow.cpp:772->/home/xiaorang/Documents/ATOMFLOW/sorting-organized-main/src/sortLatticeByRow.cpp:1833]   --->   Operation 27 'bitconcatenate' 'i_5' <Predicate = (!icmp_ln772)> <Delay = 0.00>
ST_2 : Operation 28 [1/1] (0.00ns)   --->   "%tmp_4 = partselect i15 @_ssdm_op_PartSelect.i15.i32.i32.i32, i32 %i_4, i32 1, i32 15" [/home/xiaorang/Documents/ATOMFLOW/sorting-organized-main/src/sortLatticeByRow.cpp:694->/home/xiaorang/Documents/ATOMFLOW/sorting-organized-main/src/sortLatticeByRow.cpp:1833]   --->   Operation 28 'partselect' 'tmp_4' <Predicate = (!icmp_ln772)> <Delay = 0.00>
ST_2 : Operation 29 [1/1] (0.00ns)   --->   "%or_ln2 = bitconcatenate i16 @_ssdm_op_BitConcatenate.i16.i15.i1, i15 %tmp_4, i1 1" [/home/xiaorang/Documents/ATOMFLOW/sorting-organized-main/src/sortLatticeByRow.cpp:694->/home/xiaorang/Documents/ATOMFLOW/sorting-organized-main/src/sortLatticeByRow.cpp:1833]   --->   Operation 29 'bitconcatenate' 'or_ln2' <Predicate = (!icmp_ln772)> <Delay = 0.00>
ST_2 : Operation 30 [1/1] (1.01ns)   --->   "%icmp_ln772_1 = icmp_slt  i32 %i_5, i32 %indicesLowerOrEqualMiddle_reload_read" [/home/xiaorang/Documents/ATOMFLOW/sorting-organized-main/src/sortLatticeByRow.cpp:772->/home/xiaorang/Documents/ATOMFLOW/sorting-organized-main/src/sortLatticeByRow.cpp:1833]   --->   Operation 30 'icmp' 'icmp_ln772_1' <Predicate = (!icmp_ln772)> <Delay = 1.01> <CoreInst = "Cmp">   --->   Core 9 'Cmp' <Latency = 0> <II = 1> <Delay = 1.01> <FuncUnit> <Opcode : 'seteq' 'setne' 'setle' 'setge' 'setlt' 'setgt'> <InPorts = 2> <OutPorts = 1>
ST_2 : Operation 31 [1/1] (0.42ns)   --->   "%br_ln772 = br i1 %icmp_ln772_1, void %for.inc415.0.i.preheader.split, void %for.inc397.1.i" [/home/xiaorang/Documents/ATOMFLOW/sorting-organized-main/src/sortLatticeByRow.cpp:772->/home/xiaorang/Documents/ATOMFLOW/sorting-organized-main/src/sortLatticeByRow.cpp:1833]   --->   Operation 31 'br' 'br_ln772' <Predicate = (!icmp_ln772)> <Delay = 0.42>
ST_2 : Operation 32 [1/1] (0.85ns)   --->   "%sub_ln778_1 = sub i16 %or_ln2, i16 %tmp" [/home/xiaorang/Documents/ATOMFLOW/sorting-organized-main/src/sortLatticeByRow.cpp:778->/home/xiaorang/Documents/ATOMFLOW/sorting-organized-main/src/sortLatticeByRow.cpp:1833]   --->   Operation 32 'sub' 'sub_ln778_1' <Predicate = (!icmp_ln772 & icmp_ln772_1)> <Delay = 0.85> <CoreInst = "Adder">   --->   Core 1 'Adder' <Latency = 0> <II = 1> <Delay = 0.85> <FuncUnit> <Opcode : 'add' 'sub'> <InPorts = 2> <OutPorts = 1>
ST_2 : Operation 33 [1/1] (0.76ns)   --->   "%end_colSelectionCount_6 = add i8 %end_colSelectionCount, i8 2" [/home/xiaorang/Documents/ATOMFLOW/sorting-organized-main/src/sortLatticeByRow.cpp:778->/home/xiaorang/Documents/ATOMFLOW/sorting-organized-main/src/sortLatticeByRow.cpp:1833]   --->   Operation 33 'add' 'end_colSelectionCount_6' <Predicate = (!icmp_ln772 & icmp_ln772_1)> <Delay = 0.76> <CoreInst = "Adder">   --->   Core 1 'Adder' <Latency = 0> <II = 1> <Delay = 0.76> <FuncUnit> <Opcode : 'add' 'sub'> <InPorts = 2> <OutPorts = 1>
ST_2 : Operation 34 [1/1] (0.00ns)   --->   "%zext_ln778_1 = zext i8 %end_colSelectionCount_4" [/home/xiaorang/Documents/ATOMFLOW/sorting-organized-main/src/sortLatticeByRow.cpp:778->/home/xiaorang/Documents/ATOMFLOW/sorting-organized-main/src/sortLatticeByRow.cpp:1833]   --->   Operation 34 'zext' 'zext_ln778_1' <Predicate = (!icmp_ln772 & icmp_ln772_1)> <Delay = 0.00>
ST_2 : Operation 35 [1/1] (0.00ns)   --->   "%end_colSelection_addr_2 = getelementptr i16 %end_colSelection, i64 0, i64 %zext_ln778_1" [/home/xiaorang/Documents/ATOMFLOW/sorting-organized-main/src/sortLatticeByRow.cpp:778->/home/xiaorang/Documents/ATOMFLOW/sorting-organized-main/src/sortLatticeByRow.cpp:1833]   --->   Operation 35 'getelementptr' 'end_colSelection_addr_2' <Predicate = (!icmp_ln772 & icmp_ln772_1)> <Delay = 0.00>
ST_2 : Operation 36 [1/1] ( I:0.67ns O:0.67ns )   --->   "%store_ln778 = store i16 %sub_ln778_1, i4 %end_colSelection_addr_2" [/home/xiaorang/Documents/ATOMFLOW/sorting-organized-main/src/sortLatticeByRow.cpp:778->/home/xiaorang/Documents/ATOMFLOW/sorting-organized-main/src/sortLatticeByRow.cpp:1833]   --->   Operation 36 'store' 'store_ln778' <Predicate = (!icmp_ln772 & icmp_ln772_1)> <Delay = 0.67> <CoreInst = "RAM">   --->   Core 82 'RAM' <Latency = 1> <II = 1> <Delay = 0.67> <Storage> <Opcode : 'load' 'store'> <Ports = 2> <Width = 16> <Depth = 16> <RAM>
ST_2 : Operation 37 [1/1] (1.01ns)   --->   "%i_6 = add i32 %i_4, i32 2" [/home/xiaorang/Documents/ATOMFLOW/sorting-organized-main/src/sortLatticeByRow.cpp:772->/home/xiaorang/Documents/ATOMFLOW/sorting-organized-main/src/sortLatticeByRow.cpp:1833]   --->   Operation 37 'add' 'i_6' <Predicate = (!icmp_ln772 & icmp_ln772_1)> <Delay = 1.01> <CoreInst = "Adder">   --->   Core 1 'Adder' <Latency = 0> <II = 1> <Delay = 1.01> <FuncUnit> <Opcode : 'add' 'sub'> <InPorts = 2> <OutPorts = 1>
ST_2 : Operation 38 [1/1] (0.42ns)   --->   "%store_ln694 = store i8 %end_colSelectionCount_6, i8 %end_colSelectionCount_3" [/home/xiaorang/Documents/ATOMFLOW/sorting-organized-main/src/sortLatticeByRow.cpp:694->/home/xiaorang/Documents/ATOMFLOW/sorting-organized-main/src/sortLatticeByRow.cpp:1833]   --->   Operation 38 'store' 'store_ln694' <Predicate = (!icmp_ln772 & icmp_ln772_1)> <Delay = 0.42>
ST_2 : Operation 39 [1/1] (0.42ns)   --->   "%store_ln772 = store i32 %i_6, i32 %i" [/home/xiaorang/Documents/ATOMFLOW/sorting-organized-main/src/sortLatticeByRow.cpp:772->/home/xiaorang/Documents/ATOMFLOW/sorting-organized-main/src/sortLatticeByRow.cpp:1833]   --->   Operation 39 'store' 'store_ln772' <Predicate = (!icmp_ln772 & icmp_ln772_1)> <Delay = 0.42>
ST_2 : Operation 40 [1/1] (0.00ns)   --->   "%br_ln772 = br void %for.inc397.0.i" [/home/xiaorang/Documents/ATOMFLOW/sorting-organized-main/src/sortLatticeByRow.cpp:772->/home/xiaorang/Documents/ATOMFLOW/sorting-organized-main/src/sortLatticeByRow.cpp:1833]   --->   Operation 40 'br' 'br_ln772' <Predicate = (!icmp_ln772 & icmp_ln772_1)> <Delay = 0.00>
ST_2 : Operation 41 [1/1] (0.00ns)   --->   "%end_colSelectionCount_6_ph_ce = phi i8 %end_colSelectionCount, void %for.inc397.0.i, i8 %end_colSelectionCount_4, void %for.inc397.0.i.split"   --->   Operation 41 'phi' 'end_colSelectionCount_6_ph_ce' <Predicate = (!icmp_ln772_1) | (icmp_ln772)> <Delay = 0.00>
ST_2 : Operation 42 [1/1] (0.00ns)   --->   "%write_ln778 = write void @_ssdm_op_Write.ap_auto.i8P0A, i8 %end_colSelectionCount_6_ph_ce_out, i8 %end_colSelectionCount_6_ph_ce" [/home/xiaorang/Documents/ATOMFLOW/sorting-organized-main/src/sortLatticeByRow.cpp:778->/home/xiaorang/Documents/ATOMFLOW/sorting-organized-main/src/sortLatticeByRow.cpp:1833]   --->   Operation 42 'write' 'write_ln778' <Predicate = (!icmp_ln772_1) | (icmp_ln772)> <Delay = 0.00>
ST_2 : Operation 43 [1/1] (0.42ns)   --->   "%ret_ln0 = ret"   --->   Operation 43 'ret' 'ret_ln0' <Predicate = (!icmp_ln772_1) | (icmp_ln772)> <Delay = 0.42>


============================================================
+ Verbose Summary: Binding
============================================================
STG Binding: 
---------------- STG Properties BEGIN ----------------
- Is combinational: 0
- Is one-state seq: 0
- Is datapath-only: 0
- Is pipelined: 0
- Is top level: 0
Port [ Return ] is wired: 1; IO mode=ap_ctrl_hs:ce=0
Port [ empty_104]:  wired=1; compound=0; hidden=0; nouse=0; global=0; static=0; extern=0; dir=0; type=0; pingpong=0; private_global=0; IO mode=ap_none:ce=0
Port [ empty]:  wired=1; compound=0; hidden=0; nouse=0; global=0; static=0; extern=0; dir=0; type=0; pingpong=0; private_global=0; IO mode=ap_none:ce=0
Port [ end_colSelection]:  wired=1; compound=1; hidden=0; nouse=0; global=0; static=0; extern=0; dir=1; type=1; pingpong=0; private_global=0; MemPort=[00]; IO mode=ap_memory:ce=0
Port [ indicesLowerOrEqualMiddle_reload]:  wired=1; compound=0; hidden=0; nouse=0; global=0; static=0; extern=0; dir=0; type=0; pingpong=0; private_global=0; IO mode=ap_none:ce=0
Port [ end_colSelectionCount_6_ph_ce_out]:  wired=1; compound=0; hidden=0; nouse=0; global=0; static=0; extern=0; dir=1; type=0; pingpong=0; private_global=0; IO mode=ap_vld:ce=0
---------------- STG Properties END ------------------

---------------- Datapath Model BEGIN ----------------

<LifeTime>
<method=bitvector/>
i                                     (alloca           ) [ 011]
end_colSelectionCount_3               (alloca           ) [ 011]
indicesLowerOrEqualMiddle_reload_read (read             ) [ 011]
tmp                                   (read             ) [ 011]
tmp_2                                 (read             ) [ 011]
store_ln694                           (store            ) [ 000]
store_ln772                           (store            ) [ 000]
br_ln0                                (br               ) [ 000]
i_4                                   (load             ) [ 000]
end_colSelectionCount                 (load             ) [ 000]
icmp_ln772                            (icmp             ) [ 011]
br_ln772                              (br               ) [ 000]
trunc_ln772                           (trunc            ) [ 000]
specpipeline_ln694                    (specpipeline     ) [ 000]
speclooptripcount_ln776               (speclooptripcount) [ 000]
specloopname_ln772                    (specloopname     ) [ 000]
sub_ln778                             (sub              ) [ 000]
tmp_s                                 (partselect       ) [ 000]
end_colSelectionCount_4               (bitconcatenate   ) [ 000]
zext_ln778                            (zext             ) [ 000]
end_colSelection_addr                 (getelementptr    ) [ 000]
store_ln778                           (store            ) [ 000]
tmp_3                                 (partselect       ) [ 000]
i_5                                   (bitconcatenate   ) [ 000]
tmp_4                                 (partselect       ) [ 000]
or_ln2                                (bitconcatenate   ) [ 000]
icmp_ln772_1                          (icmp             ) [ 011]
br_ln772                              (br               ) [ 000]
sub_ln778_1                           (sub              ) [ 000]
end_colSelectionCount_6               (add              ) [ 000]
zext_ln778_1                          (zext             ) [ 000]
end_colSelection_addr_2               (getelementptr    ) [ 000]
store_ln778                           (store            ) [ 000]
i_6                                   (add              ) [ 000]
store_ln694                           (store            ) [ 000]
store_ln772                           (store            ) [ 000]
br_ln772                              (br               ) [ 000]
end_colSelectionCount_6_ph_ce         (phi              ) [ 000]
write_ln778                           (write            ) [ 000]
ret_ln0                               (ret              ) [ 000]
</LifeTime>

<model>

<comp_list>
<comp id="0" class="1000" name="empty_104">
<pin_list>
<pin id="1" dir="1" index="0" bw="1" slack="0"/>
</pin_list>
<bind>
<StgValue><ssdm name="empty_104"/></StgValue>
</bind>
</comp>

<comp id="2" class="1000" name="empty">
<pin_list>
<pin id="3" dir="1" index="0" bw="1" slack="0"/>
</pin_list>
<bind>
<StgValue><ssdm name="empty"/></StgValue>
</bind>
</comp>

<comp id="4" class="1000" name="end_colSelection">
<pin_list>
<pin id="5" dir="1" index="0" bw="1" slack="0"/>
</pin_list>
<bind>
<StgValue><ssdm name="end_colSelection"/><MemPortTyVec>0 0 </MemPortTyVec>
</StgValue>
</bind>
</comp>

<comp id="6" class="1000" name="indicesLowerOrEqualMiddle_reload">
<pin_list>
<pin id="7" dir="1" index="0" bw="1" slack="0"/>
</pin_list>
<bind>
<StgValue><ssdm name="indicesLowerOrEqualMiddle_reload"/></StgValue>
</bind>
</comp>

<comp id="8" class="1000" name="end_colSelectionCount_6_ph_ce_out">
<pin_list>
<pin id="9" dir="1" index="0" bw="1" slack="0"/>
</pin_list>
<bind>
<StgValue><ssdm name="end_colSelectionCount_6_ph_ce_out"/></StgValue>
</bind>
</comp>

<comp id="10" class="1001" name="const_10">
<pin_list>
<pin id="11" dir="1" index="0" bw="1" slack="0"/>
</pin_list>
<bind>
<StgValue><ssdm name=""/></StgValue>
</bind>
</comp>

<comp id="12" class="1001" name="const_12">
<pin_list>
<pin id="13" dir="1" index="0" bw="1" slack="0"/>
</pin_list>
<bind>
<StgValue><ssdm name="_ssdm_op_Read.ap_auto.i32"/></StgValue>
</bind>
</comp>

<comp id="14" class="1001" name="const_14">
<pin_list>
<pin id="15" dir="1" index="0" bw="1" slack="0"/>
</pin_list>
<bind>
<StgValue><ssdm name="_ssdm_op_Read.ap_auto.i16"/></StgValue>
</bind>
</comp>

<comp id="16" class="1001" name="const_16">
<pin_list>
<pin id="17" dir="1" index="0" bw="1" slack="0"/>
</pin_list>
<bind>
<StgValue><ssdm name=""/></StgValue>
</bind>
</comp>

<comp id="18" class="1001" name="const_18">
<pin_list>
<pin id="19" dir="1" index="0" bw="1" slack="0"/>
</pin_list>
<bind>
<StgValue><ssdm name=""/></StgValue>
</bind>
</comp>

<comp id="20" class="1001" name="const_20">
<pin_list>
<pin id="21" dir="1" index="0" bw="1" slack="2147483647"/>
</pin_list>
<bind>
<StgValue><ssdm name="_ssdm_op_SpecPipeline"/></StgValue>
</bind>
</comp>

<comp id="22" class="1001" name="const_22">
<pin_list>
<pin id="23" dir="1" index="0" bw="1" slack="2147483647"/>
</pin_list>
<bind>
<StgValue><ssdm name=""/></StgValue>
</bind>
</comp>

<comp id="24" class="1001" name="const_24">
<pin_list>
<pin id="25" dir="1" index="0" bw="1" slack="2147483647"/>
</pin_list>
<bind>
<StgValue><ssdm name="empty_18"/></StgValue>
</bind>
</comp>

<comp id="26" class="1001" name="const_26">
<pin_list>
<pin id="27" dir="1" index="0" bw="1" slack="2147483647"/>
</pin_list>
<bind>
<StgValue><ssdm name="_ssdm_op_SpecLoopTripCount"/></StgValue>
</bind>
</comp>

<comp id="28" class="1001" name="const_28">
<pin_list>
<pin id="29" dir="1" index="0" bw="1" slack="2147483647"/>
</pin_list>
<bind>
<StgValue><ssdm name=""/></StgValue>
</bind>
</comp>

<comp id="30" class="1001" name="const_30">
<pin_list>
<pin id="31" dir="1" index="0" bw="1" slack="2147483647"/>
</pin_list>
<bind>
<StgValue><ssdm name=""/></StgValue>
</bind>
</comp>

<comp id="32" class="1001" name="const_32">
<pin_list>
<pin id="33" dir="1" index="0" bw="1" slack="2147483647"/>
</pin_list>
<bind>
<StgValue><ssdm name=""/></StgValue>
</bind>
</comp>

<comp id="34" class="1001" name="const_34">
<pin_list>
<pin id="35" dir="1" index="0" bw="1" slack="2147483647"/>
</pin_list>
<bind>
<StgValue><ssdm name="_ssdm_op_SpecLoopName"/></StgValue>
</bind>
</comp>

<comp id="36" class="1001" name="const_36">
<pin_list>
<pin id="37" dir="1" index="0" bw="1" slack="2147483647"/>
</pin_list>
<bind>
<StgValue><ssdm name="empty_88"/></StgValue>
</bind>
</comp>

<comp id="38" class="1001" name="const_38">
<pin_list>
<pin id="39" dir="1" index="0" bw="1" slack="0"/>
</pin_list>
<bind>
<StgValue><ssdm name="_ssdm_op_PartSelect.i7.i8.i32.i32"/></StgValue>
</bind>
</comp>

<comp id="40" class="1001" name="const_40">
<pin_list>
<pin id="41" dir="1" index="0" bw="1" slack="0"/>
</pin_list>
<bind>
<StgValue><ssdm name=""/></StgValue>
</bind>
</comp>

<comp id="42" class="1001" name="const_42">
<pin_list>
<pin id="43" dir="1" index="0" bw="1" slack="0"/>
</pin_list>
<bind>
<StgValue><ssdm name="_ssdm_op_BitConcatenate.i8.i7.i1"/></StgValue>
</bind>
</comp>

<comp id="44" class="1001" name="const_44">
<pin_list>
<pin id="45" dir="1" index="0" bw="1" slack="0"/>
</pin_list>
<bind>
<StgValue><ssdm name=""/></StgValue>
</bind>
</comp>

<comp id="46" class="1001" name="const_46">
<pin_list>
<pin id="47" dir="1" index="0" bw="1" slack="0"/>
</pin_list>
<bind>
<StgValue><ssdm name=""/></StgValue>
</bind>
</comp>

<comp id="48" class="1001" name="const_48">
<pin_list>
<pin id="49" dir="1" index="0" bw="1" slack="0"/>
</pin_list>
<bind>
<StgValue><ssdm name="_ssdm_op_PartSelect.i31.i32.i32.i32"/></StgValue>
</bind>
</comp>

<comp id="50" class="1001" name="const_50">
<pin_list>
<pin id="51" dir="1" index="0" bw="1" slack="0"/>
</pin_list>
<bind>
<StgValue><ssdm name=""/></StgValue>
</bind>
</comp>

<comp id="52" class="1001" name="const_52">
<pin_list>
<pin id="53" dir="1" index="0" bw="1" slack="0"/>
</pin_list>
<bind>
<StgValue><ssdm name="_ssdm_op_BitConcatenate.i32.i31.i1"/></StgValue>
</bind>
</comp>

<comp id="54" class="1001" name="const_54">
<pin_list>
<pin id="55" dir="1" index="0" bw="1" slack="0"/>
</pin_list>
<bind>
<StgValue><ssdm name="_ssdm_op_PartSelect.i15.i32.i32.i32"/></StgValue>
</bind>
</comp>

<comp id="56" class="1001" name="const_56">
<pin_list>
<pin id="57" dir="1" index="0" bw="1" slack="0"/>
</pin_list>
<bind>
<StgValue><ssdm name=""/></StgValue>
</bind>
</comp>

<comp id="58" class="1001" name="const_58">
<pin_list>
<pin id="59" dir="1" index="0" bw="1" slack="0"/>
</pin_list>
<bind>
<StgValue><ssdm name="_ssdm_op_BitConcatenate.i16.i15.i1"/></StgValue>
</bind>
</comp>

<comp id="60" class="1001" name="const_60">
<pin_list>
<pin id="61" dir="1" index="0" bw="1" slack="0"/>
</pin_list>
<bind>
<StgValue><ssdm name=""/></StgValue>
</bind>
</comp>

<comp id="62" class="1001" name="const_62">
<pin_list>
<pin id="63" dir="1" index="0" bw="1" slack="0"/>
</pin_list>
<bind>
<StgValue><ssdm name=""/></StgValue>
</bind>
</comp>

<comp id="64" class="1001" name="const_64">
<pin_list>
<pin id="65" dir="1" index="0" bw="1" slack="0"/>
</pin_list>
<bind>
<StgValue><ssdm name="_ssdm_op_Write.ap_auto.i8P0A"/></StgValue>
</bind>
</comp>

<comp id="66" class="1004" name="i_fu_66">
<pin_list>
<pin id="67" dir="0" index="0" bw="1" slack="0"/>
<pin id="68" dir="1" index="1" bw="32" slack="0"/>
</pin_list>
<bind>
<opcode="alloca(26) " fcode="alloca"/>
<opset="i/1 "/>
</bind>
</comp>

<comp id="70" class="1004" name="end_colSelectionCount_3_fu_70">
<pin_list>
<pin id="71" dir="0" index="0" bw="1" slack="0"/>
<pin id="72" dir="1" index="1" bw="8" slack="0"/>
</pin_list>
<bind>
<opcode="alloca(26) " fcode="alloca"/>
<opset="end_colSelectionCount_3/1 "/>
</bind>
</comp>

<comp id="74" class="1004" name="indicesLowerOrEqualMiddle_reload_read_read_fu_74">
<pin_list>
<pin id="75" dir="0" index="0" bw="32" slack="0"/>
<pin id="76" dir="0" index="1" bw="32" slack="0"/>
<pin id="77" dir="1" index="2" bw="32" slack="1"/>
</pin_list>
<bind>
<opcode="read(1150) " fcode="read"/>
<opset="indicesLowerOrEqualMiddle_reload_read/1 "/>
</bind>
</comp>

<comp id="80" class="1004" name="tmp_read_fu_80">
<pin_list>
<pin id="81" dir="0" index="0" bw="16" slack="0"/>
<pin id="82" dir="0" index="1" bw="16" slack="0"/>
<pin id="83" dir="1" index="2" bw="16" slack="1"/>
</pin_list>
<bind>
<opcode="read(1150) " fcode="read"/>
<opset="tmp/1 "/>
</bind>
</comp>

<comp id="86" class="1004" name="tmp_2_read_fu_86">
<pin_list>
<pin id="87" dir="0" index="0" bw="32" slack="0"/>
<pin id="88" dir="0" index="1" bw="32" slack="0"/>
<pin id="89" dir="1" index="2" bw="32" slack="1"/>
</pin_list>
<bind>
<opcode="read(1150) " fcode="read"/>
<opset="tmp_2/1 "/>
</bind>
</comp>

<comp id="92" class="1004" name="write_ln778_write_fu_92">
<pin_list>
<pin id="93" dir="0" index="0" bw="0" slack="0"/>
<pin id="94" dir="0" index="1" bw="8" slack="0"/>
<pin id="95" dir="0" index="2" bw="8" slack="0"/>
<pin id="96" dir="1" index="3" bw="0" slack="2147483647"/>
</pin_list>
<bind>
<opcode="write(1151) " fcode="write"/>
<opset="write_ln778/2 "/>
</bind>
</comp>

<comp id="99" class="1004" name="end_colSelection_addr_gep_fu_99">
<pin_list>
<pin id="100" dir="0" index="0" bw="16" slack="0"/>
<pin id="101" dir="0" index="1" bw="1" slack="0"/>
<pin id="102" dir="0" index="2" bw="8" slack="0"/>
<pin id="103" dir="1" index="3" bw="4" slack="0"/>
</pin_list>
<bind>
<opcode="getelementptr(29) " fcode="getelementptr"/>
<opset="end_colSelection_addr/2 "/>
</bind>
</comp>

<comp id="106" class="1004" name="grp_access_fu_106">
<pin_list>
<pin id="107" dir="0" index="0" bw="4" slack="0"/>
<pin id="108" dir="0" index="1" bw="16" slack="0"/>
<pin id="109" dir="0" index="2" bw="0" slack="0"/>
<pin id="111" dir="0" index="4" bw="4" slack="0"/>
<pin id="112" dir="0" index="5" bw="16" slack="2147483647"/>
<pin id="113" dir="0" index="6" bw="0" slack="2147483647"/>
<pin id="110" dir="1" index="3" bw="16" slack="2147483647"/>
<pin id="114" dir="1" index="7" bw="16" slack="2147483647"/>
</pin_list>
<bind>
<opcode="store(28) " fcode="store"/>
<opset="store_ln778/2 store_ln778/2 "/>
</bind>
</comp>

<comp id="116" class="1004" name="end_colSelection_addr_2_gep_fu_116">
<pin_list>
<pin id="117" dir="0" index="0" bw="16" slack="0"/>
<pin id="118" dir="0" index="1" bw="1" slack="0"/>
<pin id="119" dir="0" index="2" bw="8" slack="0"/>
<pin id="120" dir="1" index="3" bw="4" slack="0"/>
</pin_list>
<bind>
<opcode="getelementptr(29) " fcode="getelementptr"/>
<opset="end_colSelection_addr_2/2 "/>
</bind>
</comp>

<comp id="124" class="1005" name="end_colSelectionCount_6_ph_ce_reg_124">
<pin_list>
<pin id="125" dir="0" index="0" bw="8" slack="2147483647"/>
<pin id="126" dir="1" index="1" bw="8" slack="2147483647"/>
</pin_list>
<bind>
<opset="end_colSelectionCount_6_ph_ce (phireg) "/>
</bind>
</comp>

<comp id="127" class="1004" name="end_colSelectionCount_6_ph_ce_phi_fu_127">
<pin_list>
<pin id="128" dir="0" index="0" bw="8" slack="0"/>
<pin id="129" dir="0" index="1" bw="0" slack="2147483647"/>
<pin id="130" dir="0" index="2" bw="8" slack="0"/>
<pin id="131" dir="0" index="3" bw="0" slack="2147483647"/>
<pin id="132" dir="1" index="4" bw="8" slack="0"/>
</pin_list>
<bind>
<opcode="phi(47) " fcode="phi"/>
<opset="end_colSelectionCount_6_ph_ce/2 "/>
</bind>
</comp>

<comp id="134" class="1004" name="store_ln694_store_fu_134">
<pin_list>
<pin id="135" dir="0" index="0" bw="1" slack="0"/>
<pin id="136" dir="0" index="1" bw="8" slack="0"/>
<pin id="137" dir="1" index="2" bw="0" slack="2147483647"/>
</pin_list>
<bind>
<opcode="store(28) " fcode="store"/>
<opset="store_ln694/1 "/>
</bind>
</comp>

<comp id="139" class="1004" name="store_ln772_store_fu_139">
<pin_list>
<pin id="140" dir="0" index="0" bw="1" slack="0"/>
<pin id="141" dir="0" index="1" bw="32" slack="0"/>
<pin id="142" dir="1" index="2" bw="0" slack="2147483647"/>
</pin_list>
<bind>
<opcode="store(28) " fcode="store"/>
<opset="store_ln772/1 "/>
</bind>
</comp>

<comp id="144" class="1004" name="i_4_load_fu_144">
<pin_list>
<pin id="145" dir="0" index="0" bw="32" slack="1"/>
<pin id="146" dir="1" index="1" bw="32" slack="0"/>
</pin_list>
<bind>
<opcode="load(27) " fcode="load"/>
<opset="i_4/2 "/>
</bind>
</comp>

<comp id="147" class="1004" name="end_colSelectionCount_load_fu_147">
<pin_list>
<pin id="148" dir="0" index="0" bw="8" slack="1"/>
<pin id="149" dir="1" index="1" bw="8" slack="0"/>
</pin_list>
<bind>
<opcode="load(27) " fcode="load"/>
<opset="end_colSelectionCount/2 "/>
</bind>
</comp>

<comp id="151" class="1004" name="icmp_ln772_fu_151">
<pin_list>
<pin id="152" dir="0" index="0" bw="32" slack="0"/>
<pin id="153" dir="0" index="1" bw="32" slack="1"/>
<pin id="154" dir="1" index="2" bw="1" slack="2147483647"/>
</pin_list>
<bind>
<opcode="icmp(45) " fcode="icmp"/>
<opset="icmp_ln772/2 "/>
</bind>
</comp>

<comp id="156" class="1004" name="trunc_ln772_fu_156">
<pin_list>
<pin id="157" dir="0" index="0" bw="32" slack="0"/>
<pin id="158" dir="1" index="1" bw="16" slack="0"/>
</pin_list>
<bind>
<opcode="trunc(33) " fcode="trunc"/>
<opset="trunc_ln772/2 "/>
</bind>
</comp>

<comp id="160" class="1004" name="sub_ln778_fu_160">
<pin_list>
<pin id="161" dir="0" index="0" bw="16" slack="0"/>
<pin id="162" dir="0" index="1" bw="16" slack="1"/>
<pin id="163" dir="1" index="2" bw="16" slack="0"/>
</pin_list>
<bind>
<opcode="sub(10) " fcode="sub"/>
<opset="sub_ln778/2 "/>
</bind>
</comp>

<comp id="166" class="1004" name="tmp_s_fu_166">
<pin_list>
<pin id="167" dir="0" index="0" bw="7" slack="0"/>
<pin id="168" dir="0" index="1" bw="8" slack="0"/>
<pin id="169" dir="0" index="2" bw="1" slack="0"/>
<pin id="170" dir="0" index="3" bw="4" slack="0"/>
<pin id="171" dir="1" index="4" bw="7" slack="0"/>
</pin_list>
<bind>
<opcode="partselect(1002) " fcode="partselect"/>
<opset="tmp_s/2 "/>
</bind>
</comp>

<comp id="176" class="1004" name="end_colSelectionCount_4_fu_176">
<pin_list>
<pin id="177" dir="0" index="0" bw="8" slack="0"/>
<pin id="178" dir="0" index="1" bw="7" slack="0"/>
<pin id="179" dir="0" index="2" bw="1" slack="0"/>
<pin id="180" dir="1" index="3" bw="8" slack="0"/>
</pin_list>
<bind>
<opcode="bitconcatenate(1004) " fcode="bitconcatenate"/>
<opset="end_colSelectionCount_4/2 "/>
</bind>
</comp>

<comp id="185" class="1004" name="zext_ln778_fu_185">
<pin_list>
<pin id="186" dir="0" index="0" bw="8" slack="0"/>
<pin id="187" dir="1" index="1" bw="64" slack="0"/>
</pin_list>
<bind>
<opcode="zext(34) " fcode="zext"/>
<opset="zext_ln778/2 "/>
</bind>
</comp>

<comp id="190" class="1004" name="tmp_3_fu_190">
<pin_list>
<pin id="191" dir="0" index="0" bw="31" slack="0"/>
<pin id="192" dir="0" index="1" bw="32" slack="0"/>
<pin id="193" dir="0" index="2" bw="1" slack="0"/>
<pin id="194" dir="0" index="3" bw="6" slack="0"/>
<pin id="195" dir="1" index="4" bw="31" slack="0"/>
</pin_list>
<bind>
<opcode="partselect(1002) " fcode="partselect"/>
<opset="tmp_3/2 "/>
</bind>
</comp>

<comp id="200" class="1004" name="i_5_fu_200">
<pin_list>
<pin id="201" dir="0" index="0" bw="32" slack="0"/>
<pin id="202" dir="0" index="1" bw="31" slack="0"/>
<pin id="203" dir="0" index="2" bw="1" slack="0"/>
<pin id="204" dir="1" index="3" bw="32" slack="0"/>
</pin_list>
<bind>
<opcode="bitconcatenate(1004) " fcode="bitconcatenate"/>
<opset="i_5/2 "/>
</bind>
</comp>

<comp id="208" class="1004" name="tmp_4_fu_208">
<pin_list>
<pin id="209" dir="0" index="0" bw="15" slack="0"/>
<pin id="210" dir="0" index="1" bw="32" slack="0"/>
<pin id="211" dir="0" index="2" bw="1" slack="0"/>
<pin id="212" dir="0" index="3" bw="5" slack="0"/>
<pin id="213" dir="1" index="4" bw="15" slack="0"/>
</pin_list>
<bind>
<opcode="partselect(1002) " fcode="partselect"/>
<opset="tmp_4/2 "/>
</bind>
</comp>

<comp id="218" class="1004" name="or_ln2_fu_218">
<pin_list>
<pin id="219" dir="0" index="0" bw="16" slack="0"/>
<pin id="220" dir="0" index="1" bw="15" slack="0"/>
<pin id="221" dir="0" index="2" bw="1" slack="0"/>
<pin id="222" dir="1" index="3" bw="16" slack="0"/>
</pin_list>
<bind>
<opcode="bitconcatenate(1004) " fcode="bitconcatenate"/>
<opset="or_ln2/2 "/>
</bind>
</comp>

<comp id="226" class="1004" name="icmp_ln772_1_fu_226">
<pin_list>
<pin id="227" dir="0" index="0" bw="32" slack="0"/>
<pin id="228" dir="0" index="1" bw="32" slack="1"/>
<pin id="229" dir="1" index="2" bw="1" slack="2147483647"/>
</pin_list>
<bind>
<opcode="icmp(45) " fcode="icmp"/>
<opset="icmp_ln772_1/2 "/>
</bind>
</comp>

<comp id="231" class="1004" name="sub_ln778_1_fu_231">
<pin_list>
<pin id="232" dir="0" index="0" bw="16" slack="0"/>
<pin id="233" dir="0" index="1" bw="16" slack="1"/>
<pin id="234" dir="1" index="2" bw="16" slack="0"/>
</pin_list>
<bind>
<opcode="sub(10) " fcode="sub"/>
<opset="sub_ln778_1/2 "/>
</bind>
</comp>

<comp id="237" class="1004" name="end_colSelectionCount_6_fu_237">
<pin_list>
<pin id="238" dir="0" index="0" bw="8" slack="0"/>
<pin id="239" dir="0" index="1" bw="3" slack="0"/>
<pin id="240" dir="1" index="2" bw="8" slack="0"/>
</pin_list>
<bind>
<opcode="add(8) " fcode="add"/>
<opset="end_colSelectionCount_6/2 "/>
</bind>
</comp>

<comp id="243" class="1004" name="zext_ln778_1_fu_243">
<pin_list>
<pin id="244" dir="0" index="0" bw="8" slack="0"/>
<pin id="245" dir="1" index="1" bw="64" slack="0"/>
</pin_list>
<bind>
<opcode="zext(34) " fcode="zext"/>
<opset="zext_ln778_1/2 "/>
</bind>
</comp>

<comp id="248" class="1004" name="i_6_fu_248">
<pin_list>
<pin id="249" dir="0" index="0" bw="32" slack="0"/>
<pin id="250" dir="0" index="1" bw="3" slack="0"/>
<pin id="251" dir="1" index="2" bw="32" slack="0"/>
</pin_list>
<bind>
<opcode="add(8) " fcode="add"/>
<opset="i_6/2 "/>
</bind>
</comp>

<comp id="254" class="1004" name="store_ln694_store_fu_254">
<pin_list>
<pin id="255" dir="0" index="0" bw="8" slack="0"/>
<pin id="256" dir="0" index="1" bw="8" slack="1"/>
<pin id="257" dir="1" index="2" bw="0" slack="2147483647"/>
</pin_list>
<bind>
<opcode="store(28) " fcode="store"/>
<opset="store_ln694/2 "/>
</bind>
</comp>

<comp id="259" class="1004" name="store_ln772_store_fu_259">
<pin_list>
<pin id="260" dir="0" index="0" bw="32" slack="0"/>
<pin id="261" dir="0" index="1" bw="32" slack="1"/>
<pin id="262" dir="1" index="2" bw="0" slack="2147483647"/>
</pin_list>
<bind>
<opcode="store(28) " fcode="store"/>
<opset="store_ln772/2 "/>
</bind>
</comp>

<comp id="264" class="1005" name="i_reg_264">
<pin_list>
<pin id="265" dir="0" index="0" bw="32" slack="0"/>
<pin id="266" dir="1" index="1" bw="32" slack="0"/>
</pin_list>
<bind>
<opset="i "/>
</bind>
</comp>

<comp id="271" class="1005" name="end_colSelectionCount_3_reg_271">
<pin_list>
<pin id="272" dir="0" index="0" bw="8" slack="0"/>
<pin id="273" dir="1" index="1" bw="8" slack="0"/>
</pin_list>
<bind>
<opset="end_colSelectionCount_3 "/>
</bind>
</comp>

<comp id="278" class="1005" name="indicesLowerOrEqualMiddle_reload_read_reg_278">
<pin_list>
<pin id="279" dir="0" index="0" bw="32" slack="1"/>
<pin id="280" dir="1" index="1" bw="32" slack="1"/>
</pin_list>
<bind>
<opset="indicesLowerOrEqualMiddle_reload_read "/>
</bind>
</comp>

<comp id="283" class="1005" name="tmp_reg_283">
<pin_list>
<pin id="284" dir="0" index="0" bw="16" slack="1"/>
<pin id="285" dir="1" index="1" bw="16" slack="1"/>
</pin_list>
<bind>
<opset="tmp "/>
</bind>
</comp>

<comp id="289" class="1005" name="tmp_2_reg_289">
<pin_list>
<pin id="290" dir="0" index="0" bw="32" slack="1"/>
<pin id="291" dir="1" index="1" bw="32" slack="1"/>
</pin_list>
<bind>
<opset="tmp_2 "/>
</bind>
</comp>

</comp_list>

<net_list>
<net id="69"><net_src comp="10" pin="0"/><net_sink comp="66" pin=0"/></net>

<net id="73"><net_src comp="10" pin="0"/><net_sink comp="70" pin=0"/></net>

<net id="78"><net_src comp="12" pin="0"/><net_sink comp="74" pin=0"/></net>

<net id="79"><net_src comp="6" pin="0"/><net_sink comp="74" pin=1"/></net>

<net id="84"><net_src comp="14" pin="0"/><net_sink comp="80" pin=0"/></net>

<net id="85"><net_src comp="2" pin="0"/><net_sink comp="80" pin=1"/></net>

<net id="90"><net_src comp="12" pin="0"/><net_sink comp="86" pin=0"/></net>

<net id="91"><net_src comp="0" pin="0"/><net_sink comp="86" pin=1"/></net>

<net id="97"><net_src comp="64" pin="0"/><net_sink comp="92" pin=0"/></net>

<net id="98"><net_src comp="8" pin="0"/><net_sink comp="92" pin=1"/></net>

<net id="104"><net_src comp="4" pin="0"/><net_sink comp="99" pin=0"/></net>

<net id="105"><net_src comp="46" pin="0"/><net_sink comp="99" pin=1"/></net>

<net id="115"><net_src comp="99" pin="3"/><net_sink comp="106" pin=2"/></net>

<net id="121"><net_src comp="4" pin="0"/><net_sink comp="116" pin=0"/></net>

<net id="122"><net_src comp="46" pin="0"/><net_sink comp="116" pin=1"/></net>

<net id="123"><net_src comp="116" pin="3"/><net_sink comp="106" pin=0"/></net>

<net id="133"><net_src comp="127" pin="4"/><net_sink comp="92" pin=2"/></net>

<net id="138"><net_src comp="16" pin="0"/><net_sink comp="134" pin=0"/></net>

<net id="143"><net_src comp="18" pin="0"/><net_sink comp="139" pin=0"/></net>

<net id="150"><net_src comp="147" pin="1"/><net_sink comp="127" pin=0"/></net>

<net id="155"><net_src comp="144" pin="1"/><net_sink comp="151" pin=0"/></net>

<net id="159"><net_src comp="144" pin="1"/><net_sink comp="156" pin=0"/></net>

<net id="164"><net_src comp="156" pin="1"/><net_sink comp="160" pin=0"/></net>

<net id="165"><net_src comp="160" pin="2"/><net_sink comp="106" pin=4"/></net>

<net id="172"><net_src comp="38" pin="0"/><net_sink comp="166" pin=0"/></net>

<net id="173"><net_src comp="147" pin="1"/><net_sink comp="166" pin=1"/></net>

<net id="174"><net_src comp="10" pin="0"/><net_sink comp="166" pin=2"/></net>

<net id="175"><net_src comp="40" pin="0"/><net_sink comp="166" pin=3"/></net>

<net id="181"><net_src comp="42" pin="0"/><net_sink comp="176" pin=0"/></net>

<net id="182"><net_src comp="166" pin="4"/><net_sink comp="176" pin=1"/></net>

<net id="183"><net_src comp="44" pin="0"/><net_sink comp="176" pin=2"/></net>

<net id="184"><net_src comp="176" pin="3"/><net_sink comp="127" pin=2"/></net>

<net id="188"><net_src comp="147" pin="1"/><net_sink comp="185" pin=0"/></net>

<net id="189"><net_src comp="185" pin="1"/><net_sink comp="99" pin=2"/></net>

<net id="196"><net_src comp="48" pin="0"/><net_sink comp="190" pin=0"/></net>

<net id="197"><net_src comp="144" pin="1"/><net_sink comp="190" pin=1"/></net>

<net id="198"><net_src comp="10" pin="0"/><net_sink comp="190" pin=2"/></net>

<net id="199"><net_src comp="50" pin="0"/><net_sink comp="190" pin=3"/></net>

<net id="205"><net_src comp="52" pin="0"/><net_sink comp="200" pin=0"/></net>

<net id="206"><net_src comp="190" pin="4"/><net_sink comp="200" pin=1"/></net>

<net id="207"><net_src comp="44" pin="0"/><net_sink comp="200" pin=2"/></net>

<net id="214"><net_src comp="54" pin="0"/><net_sink comp="208" pin=0"/></net>

<net id="215"><net_src comp="144" pin="1"/><net_sink comp="208" pin=1"/></net>

<net id="216"><net_src comp="10" pin="0"/><net_sink comp="208" pin=2"/></net>

<net id="217"><net_src comp="56" pin="0"/><net_sink comp="208" pin=3"/></net>

<net id="223"><net_src comp="58" pin="0"/><net_sink comp="218" pin=0"/></net>

<net id="224"><net_src comp="208" pin="4"/><net_sink comp="218" pin=1"/></net>

<net id="225"><net_src comp="44" pin="0"/><net_sink comp="218" pin=2"/></net>

<net id="230"><net_src comp="200" pin="3"/><net_sink comp="226" pin=0"/></net>

<net id="235"><net_src comp="218" pin="3"/><net_sink comp="231" pin=0"/></net>

<net id="236"><net_src comp="231" pin="2"/><net_sink comp="106" pin=1"/></net>

<net id="241"><net_src comp="147" pin="1"/><net_sink comp="237" pin=0"/></net>

<net id="242"><net_src comp="60" pin="0"/><net_sink comp="237" pin=1"/></net>

<net id="246"><net_src comp="176" pin="3"/><net_sink comp="243" pin=0"/></net>

<net id="247"><net_src comp="243" pin="1"/><net_sink comp="116" pin=2"/></net>

<net id="252"><net_src comp="144" pin="1"/><net_sink comp="248" pin=0"/></net>

<net id="253"><net_src comp="62" pin="0"/><net_sink comp="248" pin=1"/></net>

<net id="258"><net_src comp="237" pin="2"/><net_sink comp="254" pin=0"/></net>

<net id="263"><net_src comp="248" pin="2"/><net_sink comp="259" pin=0"/></net>

<net id="267"><net_src comp="66" pin="1"/><net_sink comp="264" pin=0"/></net>

<net id="268"><net_src comp="264" pin="1"/><net_sink comp="139" pin=1"/></net>

<net id="269"><net_src comp="264" pin="1"/><net_sink comp="144" pin=0"/></net>

<net id="270"><net_src comp="264" pin="1"/><net_sink comp="259" pin=1"/></net>

<net id="274"><net_src comp="70" pin="1"/><net_sink comp="271" pin=0"/></net>

<net id="275"><net_src comp="271" pin="1"/><net_sink comp="134" pin=1"/></net>

<net id="276"><net_src comp="271" pin="1"/><net_sink comp="147" pin=0"/></net>

<net id="277"><net_src comp="271" pin="1"/><net_sink comp="254" pin=1"/></net>

<net id="281"><net_src comp="74" pin="2"/><net_sink comp="278" pin=0"/></net>

<net id="282"><net_src comp="278" pin="1"/><net_sink comp="226" pin=1"/></net>

<net id="286"><net_src comp="80" pin="2"/><net_sink comp="283" pin=0"/></net>

<net id="287"><net_src comp="283" pin="1"/><net_sink comp="160" pin=1"/></net>

<net id="288"><net_src comp="283" pin="1"/><net_sink comp="231" pin=1"/></net>

<net id="292"><net_src comp="86" pin="2"/><net_sink comp="289" pin=0"/></net>

<net id="293"><net_src comp="289" pin="1"/><net_sink comp="151" pin=1"/></net>

</net_list>

</model> 
---------------- Datapath Model END ------------------

* FSMD analyzer results:
  - Output states:
	Port: end_colSelection | {2 }
	Port: end_colSelectionCount_6_ph_ce_out | {2 }
 - Input state : 
	Port: sortRemainingRowsOrCols<HLSMoveStream>_Pipeline_VITIS_LOOP_772_14 : empty_104 | {1 }
	Port: sortRemainingRowsOrCols<HLSMoveStream>_Pipeline_VITIS_LOOP_772_14 : empty | {1 }
	Port: sortRemainingRowsOrCols<HLSMoveStream>_Pipeline_VITIS_LOOP_772_14 : indicesLowerOrEqualMiddle_reload | {1 }
  - Chain level:
	State 1
		store_ln694 : 1
		store_ln772 : 1
	State 2
		icmp_ln772 : 1
		br_ln772 : 2
		trunc_ln772 : 1
		sub_ln778 : 2
		tmp_s : 1
		end_colSelectionCount_4 : 2
		zext_ln778 : 1
		end_colSelection_addr : 2
		store_ln778 : 3
		tmp_3 : 1
		i_5 : 2
		tmp_4 : 1
		or_ln2 : 2
		icmp_ln772_1 : 3
		br_ln772 : 4
		sub_ln778_1 : 3
		end_colSelectionCount_6 : 1
		zext_ln778_1 : 3
		end_colSelection_addr_2 : 4
		store_ln778 : 5
		i_6 : 1
		store_ln694 : 2
		store_ln772 : 2
		end_colSelectionCount_6_ph_ce : 5
		write_ln778 : 6


============================================================
+ Verbose Summary: Datapath Resource usage 
============================================================

* Functional unit list:
|----------|--------------------------------------------------|---------|---------|
| Operation|                  Functional Unit                 |    FF   |   LUT   |
|----------|--------------------------------------------------|---------|---------|
|   icmp   |                 icmp_ln772_fu_151                |    0    |    39   |
|          |                icmp_ln772_1_fu_226               |    0    |    39   |
|----------|--------------------------------------------------|---------|---------|
|    add   |          end_colSelectionCount_6_fu_237          |    0    |    15   |
|          |                    i_6_fu_248                    |    0    |    39   |
|----------|--------------------------------------------------|---------|---------|
|    sub   |                 sub_ln778_fu_160                 |    0    |    23   |
|          |                sub_ln778_1_fu_231                |    0    |    23   |
|----------|--------------------------------------------------|---------|---------|
|          | indicesLowerOrEqualMiddle_reload_read_read_fu_74 |    0    |    0    |
|   read   |                  tmp_read_fu_80                  |    0    |    0    |
|          |                 tmp_2_read_fu_86                 |    0    |    0    |
|----------|--------------------------------------------------|---------|---------|
|   write  |              write_ln778_write_fu_92             |    0    |    0    |
|----------|--------------------------------------------------|---------|---------|
|   trunc  |                trunc_ln772_fu_156                |    0    |    0    |
|----------|--------------------------------------------------|---------|---------|
|          |                   tmp_s_fu_166                   |    0    |    0    |
|partselect|                   tmp_3_fu_190                   |    0    |    0    |
|          |                   tmp_4_fu_208                   |    0    |    0    |
|----------|--------------------------------------------------|---------|---------|
|          |          end_colSelectionCount_4_fu_176          |    0    |    0    |
|bitconcatenate|                    i_5_fu_200                    |    0    |    0    |
|          |                   or_ln2_fu_218                  |    0    |    0    |
|----------|--------------------------------------------------|---------|---------|
|   zext   |                 zext_ln778_fu_185                |    0    |    0    |
|          |                zext_ln778_1_fu_243               |    0    |    0    |
|----------|--------------------------------------------------|---------|---------|
|   Total  |                                                  |    0    |   178   |
|----------|--------------------------------------------------|---------|---------|

Memories:
N/A

* Register list:
+---------------------------------------------+--------+
|                                             |   FF   |
+---------------------------------------------+--------+
|       end_colSelectionCount_3_reg_271       |    8   |
|    end_colSelectionCount_6_ph_ce_reg_124    |    8   |
|                  i_reg_264                  |   32   |
|indicesLowerOrEqualMiddle_reload_read_reg_278|   32   |
|                tmp_2_reg_289                |   32   |
|                 tmp_reg_283                 |   16   |
+---------------------------------------------+--------+
|                    Total                    |   128  |
+---------------------------------------------+--------+

* Multiplexer (MUX) list: 
|--------|------|------|------|--------|
|  Comp  |  Pin | Size |  BW  | S x BW |
|--------|------|------|------|--------|
|  Total |      |      |      |    0   |
|--------|------|------|------|--------|



* Summary:
+-----------+--------+--------+
|           |   FF   |   LUT  |
+-----------+--------+--------+
|  Function |    0   |   178  |
|   Memory  |    -   |    -   |
|Multiplexer|    -   |    -   |
|  Register |   128  |    -   |
+-----------+--------+--------+
|   Total   |   128  |   178  |
+-----------+--------+--------+
