# 
# Steps log generated by v++
# This log file contains a collection of steps that describe the kernel compilation flow
# Note: Some steps are tagged as internal, these steps are for debugging purposes and 
#       are not expected to be able to run independently.
# 

# The following environment variables are set when running vitis-run
Environment variables :
------------------------------------------
SHELL=/usr/bin/zsh
LSCOLORS=Gxfxcxdxbxegedabagacad
SESSION_MANAGER=local/xiaorang-MSI:@/tmp/.ICE-unix/1615,unix/xiaorang-MSI:/tmp/.ICE-unix/1615
QT_ACCESSIBILITY=1
COLORTERM=truecolor
XDG_CONFIG_DIRS=/etc/xdg/xdg-ubuntu:/etc/xdg
SSH_AGENT_LAUNCHER=gnome-keyring
LESS=-R
XDG_MENU_PREFIX=gnome-
GTK_IM_MODULE=ibus
RDI_APPROOT=/tools/Xilinx/Vitis/2024.2
RDI_JAVA_PLATFORM=
TK_LIBRARY=/tools/Xilinx/Vitis/2024.2/tps/tk/tk8.5
LANGUAGE=en_US:en
_P9K_TTY=/dev/pts/3
FREETYPE_PROPERTIES=truetype:interpreter-version=35
XIL_SUPPRESS_OVERRIDE_WARNINGS=1
RDI_BINROOT=/tools/Xilinx/Vitis/2024.2/bin
LC_ADDRESS=de_DE.UTF-8
XILINX_VIVADO=/tools/Xilinx/Vivado/2024.2
JAVA_HOME=/tools/Xilinx/Vitis/2024.2/tps/lnx64/jre11.0.16_1/
GNOME_SHELL_SESSION_MODE=ubuntu
LC_NAME=de_DE.UTF-8
SSH_AUTH_SOCK=/run/user/1000/keyring/ssh
RDI_OPT_EXT=.o
RDI_INSTALLVER=2024.2
RDI_INSTALLROOT=/tools/Xilinx
P9K_TTY=old
XMODIFIERS=@im=ibus
RDI_PATCHROOT=
DESKTOP_SESSION=ubuntu
LC_MONETARY=de_DE.UTF-8
GTK_MODULES=gail:atk-bridge
XIL_NO_OVERRIDE=0
RDI_LIBDIR=/tools/Xilinx/Vitis/2024.2/lib/lnx64.o/Ubuntu/22:/tools/Xilinx/Vitis/2024.2/lib/lnx64.o/Ubuntu:/tools/Xilinx/Vitis/2024.2/lib/lnx64.o
PWD=/home/xiaorang/Documents/ATOMFLOW/atomflow_controller/.vitis_ws_atomflow_mpl4mjhg/atomflow_controller_2024_2
XDG_SESSION_DESKTOP=ubuntu
LOGNAME=xiaorang
XDG_SESSION_TYPE=x11
_RDI_DONT_SET_XILINX_AS_PATH=True
GPG_AGENT_INFO=/run/user/1000/gnupg/S.gpg-agent:0:1
SYSTEMD_EXEC_PID=1642
VALIDATE_ARGS=True
XAUTHORITY=/run/user/1000/gdm/Xauthority
RDI_PREPEND_PATH=/tools/Xilinx/Vitis/2024.2/bin
XILINX_DSP=
WINDOWPATH=2
HOME=/home/xiaorang
USERNAME=xiaorang
SYNTH_COMMON=/tools/Xilinx/Vitis/2024.2/scripts/rt/data
LANG=en_US.UTF-8
LC_PAPER=de_DE.UTF-8
LS_COLORS=ow=01;94;40:fi=00:di=01;96:ln=01;95:pi=33:so=01;35:bd=01;33:cd=01;33:or=01;31:mi=01;31:ex=01;92:*.c=01;34:*.h=01;34:*.cpp=01;34
XDG_CURRENT_DESKTOP=ubuntu:GNOME
VTE_VERSION=6800
XILINX_HLS=/tools/Xilinx/Vitis/2024.2
RDI_BUILD=yes
GNOME_TERMINAL_SCREEN=/org/gnome/Terminal/screen/0dfe9850_e4e1_4510_b5c1_1aec808c8fc1
RDI_PROG=/tools/Xilinx/Vitis/2024.2/bin/unwrapped/lnx64.o/vitis-run
RDI_SESSION_INFO=/home/xiaorang/Documents/ATOMFLOW/atomflow_controller:xiaorang-MSI_1774519324_48353
RT_TCL_PATH=/tools/Xilinx/Vitis/2024.2/scripts/rt/base_tcl/tcl
XILINX_SDK=/tools/Xilinx/Vitis/2024.2
RDI_SHARED_DATA=/tools/Xilinx/SharedData/2024.2/data
XDG_SESSION_CLASS=user
PYTHONPATH=/tools/Xilinx/Vitis/2024.2/cli/:/tools/Xilinx/Vitis/2024.2/cli/python-packages/site-packages:/tools/Xilinx/Vitis/2024.2/cli/proto:/tools/Xilinx/Vitis/2024.2/tps/lnx64/python-3.8.3/lib/python3.8/lib-dynload/:/tools/Xilinx/Vitis/2024.2/tps/lnx64/python-3.8.3/lib/python3.8/:/tools/Xilinx/Vitis/2024.2/vfs/python:/tools/Xilinx/Vitis/2024.2/vfs/python:/tools/Xilinx/Vitis/2024.2/vfs/python:/tools/Xilinx/Vivado/2024.2/tps/lnx64/python-3.8.3/lib/python3.8/lib-dynload/:/tools/Xilinx/Vivado/2024.2/tps/lnx64/python-3.8.3/lib/python3.8:/tools/Xilinx/Vitis/2024.2/cli/:/tools/Xilinx/Vitis/2024.2/cli/python-packages/site-packages:/tools/Xilinx/Vitis/2024.2/cli/python-packages/lnx64:/tools/Xilinx/Vitis/2024.2/cli/proto:/tools/Xilinx/Vitis/2024.2/scripts/python_pkg
LC_IDENTIFICATION=de_DE.UTF-8
TERM=xterm-256color
ZSH=/home/xiaorang/.oh-my-zsh
PYTHONHOME=/tools/Xilinx/Vitis/2024.2/tps/lnx64/python-3.8.3/
USER=xiaorang
XILINX_PLANAHEAD=/tools/Xilinx/Vitis/2024.2
PATCH_INFO=
GNOME_TERMINAL_SERVICE=:1.224
RDI_BASEROOT=/tools/Xilinx/Vitis
LOPPER_DTC_FLAGS=-b 0 -@
RDI_TPS_ROOT=/tools/Xilinx/Vivado/2024.2/tps/lnx64
RDI_JAVA_VERSION=11.0.16_1
IDE_SKIP_SERVER_LICENSE=1
RDI_DATADIR=/tools/Xilinx/Vitis/2024.2/data
DISPLAY=:1
SHLVL=5
XILINX_VITIS_HLS_ENCAPSULATED=1
PAGER=less
LC_TELEPHONE=de_DE.UTF-8
RDI_USE_JDK11=1
QT_IM_MODULE=ibus
LC_MEASUREMENT=de_DE.UTF-8
_P9K_SSH_TTY=/dev/pts/3
XILINX_VIVADO_HLS=/tools/Xilinx/Vivado/2024.2
XIL_CHECK_TCL_DEBUG=False
PAPERSIZE=a4
LD_LIBRARY_PATH=/tools/Xilinx/Vitis/2024.2/tps/lnx64/javafx-sdk-11.0.2/lib:/tools/Xilinx/Vitis/2024.2/lib/lnx64.o/Ubuntu/22:/tools/Xilinx/Vitis/2024.2/lib/lnx64.o/Ubuntu:/tools/Xilinx/Vitis/2024.2/lib/lnx64.o:/tools/Xilinx/Vitis/2024.2/tps/lnx64/jre11.0.16_1/lib/:/tools/Xilinx/Vitis/2024.2/tps/lnx64/jre11.0.16_1/lib//server:/tools/Xilinx/Vitis/2024.2/lib/lnx64.o/Ubuntu/22:/tools/Xilinx/Vitis/2024.2/lib/lnx64.o/Ubuntu:/tools/Xilinx/Vitis/2024.2/lib/lnx64.o:/tools/Xilinx/Vitis/2024.2/tps/lnx64/cmake-3.24.2/libs/Ubuntu/22:/tools/Xilinx/Vitis/2024.2/tps/lnx64/cmake-3.24.2/libs/Ubuntu:/tools/Xilinx/Vitis/2024.2/tps/lnx64/cmake-3.24.2/libs:/tools/Xilinx/Vitis/2024.2/lib/lnx64.o/Ubuntu/22:/tools/Xilinx/Vitis/2024.2/lib/lnx64.o/Ubuntu:/tools/Xilinx/Vitis/2024.2/lib/lnx64.o:/tools/Xilinx/Vitis/2024.2/tps/lnx64/python-3.8.3/lib:/tools/Xilinx/Vivado/2024.2/tps/lnx64/cmake-3.24.2/libs/Ubuntu/22:/tools/Xilinx/Vivado/2024.2/tps/lnx64/cmake-3.24.2/libs/Ubuntu:/tools/Xilinx/Vivado/2024.2/tps/lnx64/cmake-3.24.2/libs:/tools/Xilinx/Vitis/2024.2/lib/lnx64.o:/tools/Xilinx/Vitis/2024.2/lib/lnx64.o/Ubuntu/22:/tools/Xilinx/Vitis/2024.2/lib/lnx64.o/Ubuntu:/tools/Xilinx/Vitis/2024.2/lib/lnx64.o:/tools/Xilinx/Vivado/2024.2/tps/lnx64/python-3.8.3/lib
HDIPRELDPATH=/tools/Xilinx/Vitis/2024.2/lib/lnx64.o/Ubuntu/22:/tools/Xilinx/Vitis/2024.2/lib/lnx64.o/Ubuntu:/tools/Xilinx/Vitis/2024.2/lib/lnx64.o:/tools/Xilinx/Vitis/2024.2/tps/lnx64/cmake-3.24.2/libs/Ubuntu/22:/tools/Xilinx/Vitis/2024.2/tps/lnx64/cmake-3.24.2/libs/Ubuntu:/tools/Xilinx/Vitis/2024.2/tps/lnx64/cmake-3.24.2/libs:/tools/Xilinx/Vitis/2024.2/lib/lnx64.o/Ubuntu/22:/tools/Xilinx/Vitis/2024.2/lib/lnx64.o/Ubuntu:/tools/Xilinx/Vitis/2024.2/lib/lnx64.o:/tools/Xilinx/Vitis/2024.2/tps/lnx64/python-3.8.3/lib:/tools/Xilinx/Vivado/2024.2/tps/lnx64/cmake-3.24.2/libs/Ubuntu/22:/tools/Xilinx/Vivado/2024.2/tps/lnx64/cmake-3.24.2/libs/Ubuntu:/tools/Xilinx/Vivado/2024.2/tps/lnx64/cmake-3.24.2/libs:/tools/Xilinx/Vitis/2024.2/lib/lnx64.o:/tools/Xilinx/Vitis/2024.2/lib/lnx64.o/Ubuntu/22:/tools/Xilinx/Vitis/2024.2/lib/lnx64.o/Ubuntu:/tools/Xilinx/Vitis/2024.2/lib/lnx64.o:/tools/Xilinx/Vivado/2024.2/tps/lnx64/python-3.8.3/lib
XDG_RUNTIME_DIR=/run/user/1000
TCMALLOC_LARGE_ALLOC_REPORT_THRESHOLD=4294967296
LC_TIME=de_DE.UTF-8
TCL_LIBRARY=/tools/Xilinx/Vitis/2024.2/tps/tcl/tcl8.6
P9K_SSH=0
LC_ALL=en_US.UTF-8
XDG_DATA_DIRS=/usr/share/ubuntu:/usr/share/gnome:/usr/local/share:/usr/share:/var/lib/snapd/desktop
XILINX_VITIS_GIT=/tools/Xilinx/Vivado/2024.2/tps/lnx64/git-2.45.0/bin
PATH=/tools/Xilinx/Vivado/2024.2/tps/lnx64/binutils-2.26/bin:/tools/Xilinx/Vitis/2024.2/bin/../gnu/aarch64/lin/aarch64-linux/bin:/tools/Xilinx/Vitis/2024.2/bin/../gnu/ppc64le/4.9.3/lnx64/bin:/tools/Xilinx/Vitis/2024.2/bin/../gnu/aarch32/lin/gcc-arm-linux-gnueabi/bin:/tools/Xilinx/Vivado/2024.2/tps/lnx64/gcc-8.3.0/bin:/tools/Xilinx/Vivado/2024.2/gnu/microblaze/lin/bin:/tools/Xilinx/Vitis/2024.2/bin:/tools/Xilinx/Vitis/2024.2/tps/lnx64/jre11.0.16_1/bin:/tools/Xilinx/Vitis/2024.2/gnu/microblaze/lin/bin:/tools/Xilinx/Vitis/2024.2/gnu/arm/lin/bin:/tools/Xilinx/Vitis/2024.2/gnu/microblaze/linux_toolchain/nt64_be/bin:/tools/Xilinx/Vitis/2024.2/gnu/microblaze/linux_toolchain/nt64_le/bin:/tools/Xilinx/Vitis/2024.2/gnu/aarch32/lin/gcc-arm-linux-gnueabi/bin:/tools/Xilinx/Vitis/2024.2/gnu/aarch32/lin/gcc-arm-none-eabi/bin:/tools/Xilinx/Vitis/2024.2/gnu/aarch64/lin/aarch64-linux/bin:/tools/Xilinx/Vitis/2024.2/gnu/aarch64/lin/aarch64-none/bin:/tools/Xilinx/Vitis/2024.2/gnu/armr5/lin/gcc-arm-none-eabi/bin:/tools/Xilinx/Vitis/2024.2/tps/lnx64/cmake-3.24.2/bin:/tools/Xilinx/Vitis/2024.2/lnx64/tools/clang/bin:/tools/Xilinx/Vitis/2024.2/tps/lnx64/python-3.8.3//bin:/tools/Xilinx/Vitis/2024.2/tps/lnx64/jre11.0.16_1//bin:/bin:/tools/Xilinx/Vivado/2024.2/bin:/tools/Xilinx/Vivado/2024.2/tps/lnx64/git-2.45.0/bin:/tools/Xilinx/Vivado/2024.2/tps/lnx64/cmake-3.24.2/bin:/tools/Xilinx/Vivado/2024.2/tps/lnx64/python-3.8.3/bin:/tools/Xilinx/Vitis/2024.2/gnu/riscv/lin/riscv64-unknown-elf/bin:/tools/Xilinx/Vitis_HLS/2024.2/bin:/tools/Xilinx/Model_Composer/2024.2/bin:/tools/Xilinx/Vitis/2024.2/gnu/microblaze/linux_toolchain/lin64_le/bin:/tools/Xilinx/Vitis/2024.2/aietools/bin:/tools/Xilinx/DocNav:/home/xiaorang/.local/bin:/usr/local/sbin:/usr/local/bin:/usr/sbin:/usr/bin:/sbin:/usr/games:/usr/local/games:/snap/bin
RT_LIBPATH=/tools/Xilinx/Vitis/2024.2/scripts/rt/data
GDMSESSION=ubuntu
HDI_APPROOT=/tools/Xilinx/Vitis/2024.2
DBUS_SESSION_BUS_ADDRESS=unix:path=/run/user/1000/bus
RDI_PLATFORM=lnx64
MYVIVADO=
BUILDINFO=SW Build 5238363 on 2024-11-08-17:54:51
ISL_IOSTREAMS_RSA=/tools/Xilinx/Vitis/2024.2/tps/isl
LC_NUMERIC=de_DE.UTF-8
XILINX_VITIS=/tools/Xilinx/Vitis/2024.2
OLDPWD=/tools/Xilinx/Vitis/2024.2/bin
XILINX_VCXX=/tools/Xilinx/Vitis/2024.2/vcxx
_=/tools/Xilinx/Vitis/2024.2/bin/unwrapped/lnx64.o/vitis-run
XILINX_CD_CONNECT_ID=39313
XILINX_CD_SESSION=aead84a5-4d29-454e-a753-fa4581a55a29


VITIS-RUN command line:
------------------------------------------
/tools/Xilinx/Vitis/2024.2/bin/unwrapped/lnx64.o/vitis-run --mode hls --csim --config /home/xiaorang/Documents/ATOMFLOW/atomflow_controller/.vitis_ws_atomflow_mpl4mjhg/atomflow_controller_2024_2/../../hls_config_atomflow.cfg --work_dir atomflow_controller_2024_2 

FINAL PROGRAM OPTIONS
--config /home/xiaorang/Documents/ATOMFLOW/atomflow_controller/.vitis_ws_atomflow_mpl4mjhg/atomflow_controller_2024_2/../../hls_config_atomflow.cfg
--csim
--hls.clock 10ns
--hls.flow_target vivado
--hls.package.output.format ip_catalog
--hls.package.output.syn false
--hls.syn.cflags -std=c++14 -I/home/xiaorang/Documents/ATOMFLOW/atomflow_controller/src -I/home/xiaorang/Documents/ATOMFLOW/atomflow_controller/../Image_analysis/src -I/home/xiaorang/Documents/ATOMFLOW/atomflow_controller/../sorting-organized-main/src
--hls.syn.csimflags -std=c++14 -I/home/xiaorang/Documents/ATOMFLOW/atomflow_controller/src -I/home/xiaorang/Documents/ATOMFLOW/atomflow_controller/../Image_analysis/src -I/home/xiaorang/Documents/ATOMFLOW/atomflow_controller/../sorting-organized-main/src
--hls.syn.file /home/xiaorang/Documents/ATOMFLOW/atomflow_controller/atomflow_controller.cpp
--hls.syn.file /home/xiaorang/Documents/ATOMFLOW/atomflow_controller/../Image_analysis/src/image_analysis.cpp
--hls.syn.file /home/xiaorang/Documents/ATOMFLOW/atomflow_controller/../sorting-organized-main/src/sortLatticeByRow.cpp
--hls.syn.top atomflow_controller
--hls.tb.cflags -std=c++14 -I/home/xiaorang/Documents/ATOMFLOW/atomflow_controller/src -I/home/xiaorang/Documents/ATOMFLOW/atomflow_controller/../Image_analysis/src -I/home/xiaorang/Documents/ATOMFLOW/atomflow_controller/../sorting-organized-main/src
--hls.tb.file /home/xiaorang/Documents/ATOMFLOW/atomflow_controller/src/tb_atomflow_controller.cpp
--mode hls
--part xczu49dr-ffvf1760-2-e
--work_dir atomflow_controller_2024_2

PARSED COMMAND LINE OPTIONS
--mode hls 
--csim 
--config /home/xiaorang/Documents/ATOMFLOW/atomflow_controller/.vitis_ws_atomflow_mpl4mjhg/atomflow_controller_2024_2/../../hls_config_atomflow.cfg 
--work_dir atomflow_controller_2024_2 

PARSED CONFIG FILE (1) OPTIONS
file: /home/xiaorang/Documents/ATOMFLOW/atomflow_controller/.vitis_ws_atomflow_mpl4mjhg/atomflow_controller_2024_2/../../hls_config_atomflow.cfg
part xczu49dr-ffvf1760-2-e 
hls.flow_target vivado 
hls.package.output.format ip_catalog 
hls.package.output.syn false 
hls.syn.top atomflow_controller 
hls.syn.file /home/xiaorang/Documents/ATOMFLOW/atomflow_controller/atomflow_controller.cpp 
hls.syn.file /home/xiaorang/Documents/ATOMFLOW/atomflow_controller/../Image_analysis/src/image_analysis.cpp 
hls.syn.file /home/xiaorang/Documents/ATOMFLOW/atomflow_controller/../sorting-organized-main/src/sortLatticeByRow.cpp 
hls.syn.cflags -std=c++14 -I/home/xiaorang/Documents/ATOMFLOW/atomflow_controller/src -I/home/xiaorang/Documents/ATOMFLOW/atomflow_controller/../Image_analysis/src -I/home/xiaorang/Documents/ATOMFLOW/atomflow_controller/../sorting-organized-main/src 
hls.syn.csimflags -std=c++14 -I/home/xiaorang/Documents/ATOMFLOW/atomflow_controller/src -I/home/xiaorang/Documents/ATOMFLOW/atomflow_controller/../Image_analysis/src -I/home/xiaorang/Documents/ATOMFLOW/atomflow_controller/../sorting-organized-main/src 
hls.tb.file /home/xiaorang/Documents/ATOMFLOW/atomflow_controller/src/tb_atomflow_controller.cpp 
hls.tb.cflags -std=c++14 -I/home/xiaorang/Documents/ATOMFLOW/atomflow_controller/src -I/home/xiaorang/Documents/ATOMFLOW/atomflow_controller/../Image_analysis/src -I/home/xiaorang/Documents/ATOMFLOW/atomflow_controller/../sorting-organized-main/src 
hls.clock 10ns 


==========================================
new:  steps log generated by v++ for new launch 
timestamp: 26 Mar 2026 11:02:12

------------------------------------------
V++ command line :
------------------------------------------
/tools/Xilinx/Vitis/2024.2/bin/unwrapped/lnx64.o/v++ -c --mode hls --config /home/xiaorang/Documents/ATOMFLOW/atomflow_controller/.vitis_ws_atomflow_mpl4mjhg/atomflow_controller_2024_2/../../hls_config_atomflow.cfg --work_dir atomflow_controller_2024_2 
  Options from -O    : 
  Options from *.ini : 
  Options from Hw Platform : 

==========================================
new:  steps log generated by v++ for new launch 
timestamp: 26 Mar 2026 11:02:24

------------------------------------------
VITIS-RUN command line :
------------------------------------------
/tools/Xilinx/Vitis/2024.2/bin/unwrapped/lnx64.o/vitis-run --mode hls --package --config /home/xiaorang/Documents/ATOMFLOW/atomflow_controller/.vitis_ws_atomflow_mpl4mjhg/atomflow_controller_2024_2/../../hls_config_atomflow.cfg --work_dir atomflow_controller_2024_2 
  Options from -O    : 
  Options from *.ini : 
  Options from Hw Platform : 

==========================================
new:  steps log generated by v++ for new launch 
timestamp: 26 Mar 2026 11:03:49
